<?xml version="1.0" encoding="utf-8"?>
<TestRun id="3b850b87-1857-4e43-9290-5a4ed4a75883" name="nicho@DESKTOP-HE04GST 2023-04-30 09:40:42" runUser="DESKTOP-HE04GST\nicho" xmlns="http://microsoft.com/schemas/VisualStudio/TeamTest/2010">
  <Times creation="2023-04-30T09:40:42.2962988-04:00" queuing="2023-04-30T09:40:42.2962993-04:00" start="2023-04-30T09:40:39.4178538-04:00" finish="2023-04-30T09:40:42.8891698-04:00" />
  <TestSettings name="default" id="6ce18d92-c85f-4dd3-b08e-3888eb5dcea2">
    <Deployment runDeploymentRoot="nicho_DESKTOP-HE04GST_2023-04-30_09_40_42" />
  </TestSettings>
  <Results>
    <UnitTestResult executionId="225b3ecc-4b66-4a16-8549-74826b5f313e" testId="aa57a9f5-bc65-b287-a5c7-b36d21c6642f" testName="Carlton.Base.Components.Test.TabComponentTests.Tab_WithOutParent_ThrowsArgumentNullException" computerName="DESKTOP-HE04GST" duration="00:00:00.0197081" startTime="2023-04-30T09:40:42.5056359-04:00" endTime="2023-04-30T09:40:42.5056362-04:00" testType="13cdc9d9-ddb5-4fa4-a97d-d965ccfc6d4b" outcome="Passed" testListId="8c84fa94-04c1-424b-9868-57a2d4851a1d" relativeResultsDirectory="225b3ecc-4b66-4a16-8549-74826b5f313e" />
    <UnitTestResult executionId="2002be92-9036-4c31-96d3-e40f9dab7a5e" testId="7f9ad7c1-2677-a538-72d9-c606ba0c8487" testName="Carlton.Base.Components.Test.TableHeaderComponentTests.TableHeader_OrderColumnParam_And_OrderDirectionParam_RendersCorrectly(columnName: &quot;CreatedDate&quot;, columnIndex: 2, orderAscending: True)" computerName="DESKTOP-HE04GST" duration="00:00:00.0021715" startTime="2023-04-30T09:40:42.4843533-04:00" endTime="2023-04-30T09:40:42.4843535-04:00" testType="13cdc9d9-ddb5-4fa4-a97d-d965ccfc6d4b" outcome="Passed" testListId="8c84fa94-04c1-424b-9868-57a2d4851a1d" relativeResultsDirectory="2002be92-9036-4c31-96d3-e40f9dab7a5e" />
    <UnitTestResult executionId="341bbacf-7420-4bdf-8a59-b6f7b194551a" testId="2ede1c93-1a23-c618-a45a-75a973ec060c" testName="Carlton.Base.Components.Test.TableComponentTests.Table_RowsPerPageOptsParam_RendersCorrectly(rowsPerPageOpts: [1, 3, 5])" computerName="DESKTOP-HE04GST" duration="00:00:00.0055099" startTime="2023-04-30T09:40:42.7552819-04:00" endTime="2023-04-30T09:40:42.7552821-04:00" testType="13cdc9d9-ddb5-4fa4-a97d-d965ccfc6d4b" outcome="Passed" testListId="8c84fa94-04c1-424b-9868-57a2d4851a1d" relativeResultsDirectory="341bbacf-7420-4bdf-8a59-b6f7b194551a" />
    <UnitTestResult executionId="ae4dc9e0-e6c7-4917-bd31-861c7c387a01" testId="7b453ea3-7024-aa7e-6d3c-770aa31365af" testName="Carlton.Base.Components.Test.AccordionSelectGroupComponentTests.AccordionSelectGroup_ClickEvent_RendersCorrectly(groupIndex: 0, itemIndex: 1, expectedValue: 2)" computerName="DESKTOP-HE04GST" duration="00:00:00.0041836" startTime="2023-04-30T09:40:42.3992575-04:00" endTime="2023-04-30T09:40:42.3992577-04:00" testType="13cdc9d9-ddb5-4fa4-a97d-d965ccfc6d4b" outcome="Passed" testListId="8c84fa94-04c1-424b-9868-57a2d4851a1d" relativeResultsDirectory="ae4dc9e0-e6c7-4917-bd31-861c7c387a01" />
    <UnitTestResult executionId="7bb0c165-f440-4320-8fc4-58d2605d4727" testId="9e67d4f4-b484-92be-3e40-b0308bf16bd7" testName="Carlton.Base.Components.Test.TableHeaderComponentTests.TableHeader_ClickHeadersOnce_EventFires(columnIndex: 0, expectedColumnName: &quot;ID&quot;)" computerName="DESKTOP-HE04GST" duration="00:00:00.0118356" startTime="2023-04-30T09:40:42.5839838-04:00" endTime="2023-04-30T09:40:42.5839839-04:00" testType="13cdc9d9-ddb5-4fa4-a97d-d965ccfc6d4b" outcome="Passed" testListId="8c84fa94-04c1-424b-9868-57a2d4851a1d" relativeResultsDirectory="7bb0c165-f440-4320-8fc4-58d2605d4727" />
    <UnitTestResult executionId="25b05180-32f4-499f-9428-8332a367a4f6" testId="dfe9ce7a-0bc1-eeb7-3cba-161664fa3ef5" testName="Carlton.Base.Components.Test.TableHeaderComponentTests.TableHeader_OrderColumnParam_And_OrderDirectionParam_RendersCorrectly(columnName: &quot;DisplayName&quot;, columnIndex: 1, orderAscending: True)" computerName="DESKTOP-HE04GST" duration="00:00:00.0019106" startTime="2023-04-30T09:40:42.4863570-04:00" endTime="2023-04-30T09:40:42.4863572-04:00" testType="13cdc9d9-ddb5-4fa4-a97d-d965ccfc6d4b" outcome="Passed" testListId="8c84fa94-04c1-424b-9868-57a2d4851a1d" relativeResultsDirectory="25b05180-32f4-499f-9428-8332a367a4f6" />
    <UnitTestResult executionId="9e342871-201c-4e58-b57b-ae2bfab2eabf" testId="0fb68c2a-bd7a-d55c-90e4-2e456030a380" testName="Carlton.Base.Components.Test.BaseNotificationComponentTests.BaseNotification_IconClassParameter_RendersCorrectly(expectedIconClass: &quot;icon-class-test-3&quot;)" computerName="DESKTOP-HE04GST" duration="00:00:00.0033412" startTime="2023-04-30T09:40:42.5825904-04:00" endTime="2023-04-30T09:40:42.5825904-04:00" testType="13cdc9d9-ddb5-4fa4-a97d-d965ccfc6d4b" outcome="Passed" testListId="8c84fa94-04c1-424b-9868-57a2d4851a1d" relativeResultsDirectory="9e342871-201c-4e58-b57b-ae2bfab2eabf" />
    <UnitTestResult executionId="2dbeb806-ec19-4585-bcd2-b38e4679732d" testId="41b926d3-3d70-b9d0-fd5a-db49635794a4" testName="Carlton.Base.Components.Test.NotificationBarComponentTests.NotificationBar_TopRightParams_RendersCorrectly(top: 7, right: 7, expectedResult: &quot;top:7px;right:7px;&quot;)" computerName="DESKTOP-HE04GST" duration="00:00:00.0030579" startTime="2023-04-30T09:40:42.4229121-04:00" endTime="2023-04-30T09:40:42.4229123-04:00" testType="13cdc9d9-ddb5-4fa4-a97d-d965ccfc6d4b" outcome="Passed" testListId="8c84fa94-04c1-424b-9868-57a2d4851a1d" relativeResultsDirectory="2dbeb806-ec19-4585-bcd2-b38e4679732d" />
    <UnitTestResult executionId="6d8d9104-664e-4a22-ae70-983938080816" testId="0be2e34f-6619-8975-afab-64437187ca4d" testName="Carlton.Base.Components.Test.TableHeaderComponentTests.TableHeader_HeadingsParam_RendersCorrectly(headings: [TableHeadingItem { DisplayName = ID, OrderColumn = ID }, TableHeadingItem { DisplayName = DisplayName, OrderColumn = DisplayName }, TableHeadingItem { DisplayName = CreatedDate, OrderColumn = CreatedDate }])" computerName="DESKTOP-HE04GST" duration="00:00:00.0020490" startTime="2023-04-30T09:40:42.6575442-04:00" endTime="2023-04-30T09:40:42.6575442-04:00" testType="13cdc9d9-ddb5-4fa4-a97d-d965ccfc6d4b" outcome="Passed" testListId="8c84fa94-04c1-424b-9868-57a2d4851a1d" relativeResultsDirectory="6d8d9104-664e-4a22-ae70-983938080816" />
    <UnitTestResult executionId="7eb914f0-e9e5-40b1-8c32-a0235cede157" testId="f1d4fcef-c0b2-1a2b-4443-9a6196e09556" testName="Carlton.Base.Components.Test.ListCardComponentTests.ListCard_HeaderContentChildParam_RendersCorrectly(expectedHeaderContent: &quot;&lt;span&gt;More Header Testing Content&lt;/span&gt;&quot;)" computerName="DESKTOP-HE04GST" duration="00:00:00.0022730" startTime="2023-04-30T09:40:42.4616708-04:00" endTime="2023-04-30T09:40:42.4616709-04:00" testType="13cdc9d9-ddb5-4fa4-a97d-d965ccfc6d4b" outcome="Passed" testListId="8c84fa94-04c1-424b-9868-57a2d4851a1d" relativeResultsDirectory="7eb914f0-e9e5-40b1-8c32-a0235cede157" />
    <UnitTestResult executionId="d52c5985-a896-487b-95c5-a6d4cdb88e08" testId="69a8af49-3dfe-560f-907d-c6f19402dc4c" testName="Carlton.Base.Components.Test.MobileTabBarComponentTests.MobileTabBar_DefaultActiveTab_RendersCorrectly" computerName="DESKTOP-HE04GST" duration="00:00:00.0129810" startTime="2023-04-30T09:40:42.6014502-04:00" endTime="2023-04-30T09:40:42.6014505-04:00" testType="13cdc9d9-ddb5-4fa4-a97d-d965ccfc6d4b" outcome="Passed" testListId="8c84fa94-04c1-424b-9868-57a2d4851a1d" relativeResultsDirectory="d52c5985-a896-487b-95c5-a6d4cdb88e08" />
    <UnitTestResult executionId="a7b1b25f-591a-418b-8f1c-4f2be97d82ad" testId="9ead1186-c628-8ae9-fc32-0c702d45e94a" testName="Carlton.Base.Components.Test.DropDownMenuElementComponentTests.DropDownMenuElement_MenuItemValueParam_RendersCorrectly(value: 10)" computerName="DESKTOP-HE04GST" duration="00:00:00.0097828" startTime="2023-04-30T09:40:42.2719223-04:00" endTime="2023-04-30T09:40:42.2719224-04:00" testType="13cdc9d9-ddb5-4fa4-a97d-d965ccfc6d4b" outcome="Passed" testListId="8c84fa94-04c1-424b-9868-57a2d4851a1d" relativeResultsDirectory="a7b1b25f-591a-418b-8f1c-4f2be97d82ad" />
    <UnitTestResult executionId="721ac459-61ae-468b-bd19-c14d573edd96" testId="4c797b3a-2efa-30be-bb00-1dc3fd87ea84" testName="Carlton.Base.Components.Test.SlideTabComponentTests.SlideTab_TitleParam_RendersCorrectly(expectedTitle: &quot;Another Test Title&quot;)" computerName="DESKTOP-HE04GST" duration="00:00:00.0024378" startTime="2023-04-30T09:40:42.2729903-04:00" endTime="2023-04-30T09:40:42.2729904-04:00" testType="13cdc9d9-ddb5-4fa4-a97d-d965ccfc6d4b" outcome="Passed" testListId="8c84fa94-04c1-424b-9868-57a2d4851a1d" relativeResultsDirectory="721ac459-61ae-468b-bd19-c14d573edd96" />
    <UnitTestResult executionId="c3ed02d5-cc83-4905-8669-4bf391a7eba0" testId="5c88af88-27e1-5531-551d-d096b081bbbb" testName="Carlton.Base.Components.Test.NotificationBarComponentTests.NotificationBar_ClickEventRepeatedly_RendersCorrectly(clickCounts: [1, 2, 3, 4])" computerName="DESKTOP-HE04GST" duration="00:00:00.0221489" startTime="2023-04-30T09:40:42.3400882-04:00" endTime="2023-04-30T09:40:42.3400885-04:00" testType="13cdc9d9-ddb5-4fa4-a97d-d965ccfc6d4b" outcome="Passed" testListId="8c84fa94-04c1-424b-9868-57a2d4851a1d" relativeResultsDirectory="c3ed02d5-cc83-4905-8669-4bf391a7eba0" />
    <UnitTestResult executionId="3fe428ec-63a0-4927-8d6b-c5a745179b28" testId="012e8c6f-7d14-d9e7-6248-1a51abfc0934" testName="Carlton.Base.Components.Test.SlideTabComponentTests.SlideTab_IsExpandedParam_RendersCorrectly(expectedIsExpanded: False)" computerName="DESKTOP-HE04GST" duration="00:00:00.0021798" startTime="2023-04-30T09:40:42.2653623-04:00" endTime="2023-04-30T09:40:42.2653625-04:00" testType="13cdc9d9-ddb5-4fa4-a97d-d965ccfc6d4b" outcome="Passed" testListId="8c84fa94-04c1-424b-9868-57a2d4851a1d" relativeResultsDirectory="3fe428ec-63a0-4927-8d6b-c5a745179b28" />
    <UnitTestResult executionId="a94578e8-675f-4779-8a8f-c16b3d0ae82e" testId="6c84f820-8c77-3950-e7b5-4b415ef42446" testName="Carlton.Base.Components.Test.AccordionSelectComponentTests.AccordionSelect_MarkupWithItems_RendersCorrectly" computerName="DESKTOP-HE04GST" duration="00:00:00.0049882" startTime="2023-04-30T09:40:42.5885467-04:00" endTime="2023-04-30T09:40:42.5885469-04:00" testType="13cdc9d9-ddb5-4fa4-a97d-d965ccfc6d4b" outcome="Passed" testListId="8c84fa94-04c1-424b-9868-57a2d4851a1d" relativeResultsDirectory="a94578e8-675f-4779-8a8f-c16b3d0ae82e" />
    <UnitTestResult executionId="505ccd2a-9543-47c4-9428-b21e697974fd" testId="486e9ba1-e753-20ca-0c09-62b671e1cc0c" testName="Carlton.Base.Components.Test.CountCardComponentTests.CountCard_Markup_RendersCorrectly" computerName="DESKTOP-HE04GST" duration="00:00:00.0039882" startTime="2023-04-30T09:40:42.4011564-04:00" endTime="2023-04-30T09:40:42.4011566-04:00" testType="13cdc9d9-ddb5-4fa4-a97d-d965ccfc6d4b" outcome="Passed" testListId="8c84fa94-04c1-424b-9868-57a2d4851a1d" relativeResultsDirectory="505ccd2a-9543-47c4-9428-b21e697974fd" />
    <UnitTestResult executionId="2ff78acc-6aba-40c6-83bd-b8a3c3f00b19" testId="edcac07c-0187-8feb-c533-c6a6f3a28b60" testName="Carlton.Base.Components.Test.ConsoleComponentTests.Console_ReadOnlyParam_RendersCorrectly(isReadOnly: False)" computerName="DESKTOP-HE04GST" duration="00:00:00.0052230" startTime="2023-04-30T09:40:42.2640917-04:00" endTime="2023-04-30T09:40:42.2640918-04:00" testType="13cdc9d9-ddb5-4fa4-a97d-d965ccfc6d4b" outcome="Passed" testListId="8c84fa94-04c1-424b-9868-57a2d4851a1d" relativeResultsDirectory="2ff78acc-6aba-40c6-83bd-b8a3c3f00b19" />
    <UnitTestResult executionId="e114a609-f995-4b13-82ec-0e6cc702092a" testId="8af30576-a2b6-df1c-49fa-2acbc5c464dc" testName="Carlton.Base.Components.Test.NotificationBarComponentTests.NotificationBar_ClickEvent_RendersCorrectly(btnClass: &quot;warning-btn&quot;, expectedType: typeof(Carlton.Base.Components.WarningNotification))" computerName="DESKTOP-HE04GST" duration="00:00:00.0026899" startTime="2023-04-30T09:40:42.4049739-04:00" endTime="2023-04-30T09:40:42.4049741-04:00" testType="13cdc9d9-ddb5-4fa4-a97d-d965ccfc6d4b" outcome="Passed" testListId="8c84fa94-04c1-424b-9868-57a2d4851a1d" relativeResultsDirectory="e114a609-f995-4b13-82ec-0e6cc702092a" />
    <UnitTestResult executionId="1c445055-71ea-4c90-adda-e7e21f29840d" testId="dd37b1b9-4c67-5b2f-d5d5-ea991ef86fd8" testName="Carlton.Base.Components.Test.BreadCrumbsComponentTests.BreadCrumbs_SeparatorParam_RendersCorrectly(expectedSeparator: &quot;/&quot;)" computerName="DESKTOP-HE04GST" duration="00:00:00.0015530" startTime="2023-04-30T09:40:42.4024765-04:00" endTime="2023-04-30T09:40:42.4024767-04:00" testType="13cdc9d9-ddb5-4fa4-a97d-d965ccfc6d4b" outcome="Passed" testListId="8c84fa94-04c1-424b-9868-57a2d4851a1d" relativeResultsDirectory="1c445055-71ea-4c90-adda-e7e21f29840d" />
    <UnitTestResult executionId="2fcc8665-0c58-4a2c-a4e0-56dc90545ee8" testId="a41dcb24-b89d-3f22-c149-d98a0341724c" testName="Carlton.Base.Components.Test.TableComponentTests.Table_HeadingsParam_RendersCorrectly(headings: [TableHeadingItem { DisplayName = ID, OrderColumn = ID }])" computerName="DESKTOP-HE04GST" duration="00:00:00.0060179" startTime="2023-04-30T09:40:42.6392605-04:00" endTime="2023-04-30T09:40:42.6392608-04:00" testType="13cdc9d9-ddb5-4fa4-a97d-d965ccfc6d4b" outcome="Passed" testListId="8c84fa94-04c1-424b-9868-57a2d4851a1d" relativeResultsDirectory="2fcc8665-0c58-4a2c-a4e0-56dc90545ee8" />
    <UnitTestResult executionId="f773a52b-b959-452a-a6d6-1a78cee00189" testId="bbe27599-2aa3-47df-83f1-62c6f6c60de1" testName="Carlton.Base.Components.Test.AccordionSelectComponentTests.AccordionSelect_ItemClick_RendersCorrectly(selectedIndex: 0, expectedValue: 1)" computerName="DESKTOP-HE04GST" duration="00:00:00.0105006" startTime="2023-04-30T09:40:42.5158370-04:00" endTime="2023-04-30T09:40:42.5158372-04:00" testType="13cdc9d9-ddb5-4fa4-a97d-d965ccfc6d4b" outcome="Passed" testListId="8c84fa94-04c1-424b-9868-57a2d4851a1d" relativeResultsDirectory="f773a52b-b959-452a-a6d6-1a78cee00189" />
    <UnitTestResult executionId="7deb2fab-b66b-4310-956d-0d4a7a2ff8f0" testId="0e3f6730-de0b-7a62-477b-e1da6a491a3d" testName="Carlton.Base.Components.Test.TableComponentTests.Table_ItemsChangedCallback_FiresEvent(currentPage: 2, optIndex: 2, expectedSkip: 0, expectedTake: 15)" computerName="DESKTOP-HE04GST" duration="00:00:00.0221898" startTime="2023-04-30T09:40:42.4044772-04:00" endTime="2023-04-30T09:40:42.4044772-04:00" testType="13cdc9d9-ddb5-4fa4-a97d-d965ccfc6d4b" outcome="Passed" testListId="8c84fa94-04c1-424b-9868-57a2d4851a1d" relativeResultsDirectory="7deb2fab-b66b-4310-956d-0d4a7a2ff8f0" />
    <UnitTestResult executionId="73a86595-93f0-4fef-91c8-07275582f446" testId="470612f3-9e40-7de7-9e4d-fde6f04f5483" testName="Carlton.Base.Components.Test.TableHeaderComponentTests.TableHeader_OnClick_SelectedClass_RendersCorrectly(selectedIndex: 0)" computerName="DESKTOP-HE04GST" duration="00:00:00.0105861" startTime="2023-04-30T09:40:42.5993397-04:00" endTime="2023-04-30T09:40:42.5993399-04:00" testType="13cdc9d9-ddb5-4fa4-a97d-d965ccfc6d4b" outcome="Passed" testListId="8c84fa94-04c1-424b-9868-57a2d4851a1d" relativeResultsDirectory="73a86595-93f0-4fef-91c8-07275582f446" />
    <UnitTestResult executionId="274b5120-9d8b-4f24-8d7a-fab086878481" testId="5c88af88-27e1-5531-551d-d096b081bbbb" testName="Carlton.Base.Components.Test.NotificationBarComponentTests.NotificationBar_ClickEventRepeatedly_RendersCorrectly(clickCounts: [0, 1, 3, 0])" computerName="DESKTOP-HE04GST" duration="00:00:00.0135602" startTime="2023-04-30T09:40:42.3537819-04:00" endTime="2023-04-30T09:40:42.3537821-04:00" testType="13cdc9d9-ddb5-4fa4-a97d-d965ccfc6d4b" outcome="Passed" testListId="8c84fa94-04c1-424b-9868-57a2d4851a1d" relativeResultsDirectory="274b5120-9d8b-4f24-8d7a-fab086878481" />
    <UnitTestResult executionId="909cc254-8e72-45c3-a330-32281b738732" testId="a6e31a15-2ab4-d1b4-8fe0-f6f10e1ab1ac" testName="Carlton.Base.Components.Test.ListCardComponentTests.ListCard_CardSubTitleParam_RendersCorrectly(subtitle: &quot;Test Subtitle 1&quot;)" computerName="DESKTOP-HE04GST" duration="00:00:00.0124320" startTime="2023-04-30T09:40:42.3736834-04:00" endTime="2023-04-30T09:40:42.3736835-04:00" testType="13cdc9d9-ddb5-4fa4-a97d-d965ccfc6d4b" outcome="Passed" testListId="8c84fa94-04c1-424b-9868-57a2d4851a1d" relativeResultsDirectory="909cc254-8e72-45c3-a330-32281b738732" />
    <UnitTestResult executionId="cab659b3-7017-4d25-a755-933c7779a900" testId="50c93238-4012-6df7-32db-f969a8a7c6b3" testName="Carlton.Base.Components.Test.CountCardComponentTests.CountCard_MessageTemplateParam_RendersCorrectly(messageTemplate: &quot;More Items Tracked by this component&quot;)" computerName="DESKTOP-HE04GST" duration="00:00:00.0069792" startTime="2023-04-30T09:40:42.3807619-04:00" endTime="2023-04-30T09:40:42.3807620-04:00" testType="13cdc9d9-ddb5-4fa4-a97d-d965ccfc6d4b" outcome="Passed" testListId="8c84fa94-04c1-424b-9868-57a2d4851a1d" relativeResultsDirectory="cab659b3-7017-4d25-a755-933c7779a900" />
    <UnitTestResult executionId="475964b1-f85b-4fb3-9bec-fc10745ceece" testId="57da913c-5bb2-4d04-fc29-2d9bd99b6d41" testName="Carlton.Base.Components.Test.ListCardComponentTests.ListCard_CardTitleParam_RendersCorrectly(title: &quot;Test Title 2&quot;)" computerName="DESKTOP-HE04GST" duration="00:00:00.0037302" startTime="2023-04-30T09:40:42.4235867-04:00" endTime="2023-04-30T09:40:42.4235870-04:00" testType="13cdc9d9-ddb5-4fa4-a97d-d965ccfc6d4b" outcome="Passed" testListId="8c84fa94-04c1-424b-9868-57a2d4851a1d" relativeResultsDirectory="475964b1-f85b-4fb3-9bec-fc10745ceece" />
    <UnitTestResult executionId="64b9fa72-76c1-443e-85ea-9aa631b7fa0d" testId="0c9c72b4-1b61-9132-5c94-274f763c3a1f" testName="Carlton.Base.Components.Test.BaseNotificationComponentTests.BaseNotification_OnDismissParameter_RendersCorrectly" computerName="DESKTOP-HE04GST" duration="00:00:00.0843369" startTime="2023-04-30T09:40:42.5816972-04:00" endTime="2023-04-30T09:40:42.5816973-04:00" testType="13cdc9d9-ddb5-4fa4-a97d-d965ccfc6d4b" outcome="Passed" testListId="8c84fa94-04c1-424b-9868-57a2d4851a1d" relativeResultsDirectory="64b9fa72-76c1-443e-85ea-9aa631b7fa0d" />
    <UnitTestResult executionId="d05b06fe-a084-4eff-a106-dd9d80a7ee90" testId="03aa21a3-5e37-91dc-e5c6-7f98978fd03c" testName="Carlton.Base.Components.Test.SelectComponentTests.Select_DisabledParam_RendersCorrectly(isDisabled: False)" computerName="DESKTOP-HE04GST" duration="00:00:00.0040830" startTime="2023-04-30T09:40:42.2640224-04:00" endTime="2023-04-30T09:40:42.2640225-04:00" testType="13cdc9d9-ddb5-4fa4-a97d-d965ccfc6d4b" outcome="Passed" testListId="8c84fa94-04c1-424b-9868-57a2d4851a1d" relativeResultsDirectory="d05b06fe-a084-4eff-a106-dd9d80a7ee90" />
    <UnitTestResult executionId="c85e801d-d3e1-47f4-a9bd-0bbe927225c8" testId="417482e4-dea2-eab8-b41a-116fcc91a67d" testName="Carlton.Base.Components.Test.NotificationBarComponentTests.NotificationBar_TopRightParams_RendersCorrectly(top: 5, right: 10, expectedResult: &quot;top:5px;right:10px;&quot;)" computerName="DESKTOP-HE04GST" duration="00:00:00.0019135" startTime="2023-04-30T09:40:42.4385803-04:00" endTime="2023-04-30T09:40:42.4385803-04:00" testType="13cdc9d9-ddb5-4fa4-a97d-d965ccfc6d4b" outcome="Passed" testListId="8c84fa94-04c1-424b-9868-57a2d4851a1d" relativeResultsDirectory="c85e801d-d3e1-47f4-a9bd-0bbe927225c8" />
    <UnitTestResult executionId="c3c41b08-ecdd-44db-b539-6b3fa2645d9b" testId="3f3f7bde-292c-12e4-5ac8-b27eaef55d68" testName="Carlton.Base.Components.Test.CardComponentTests.Card_ActionBarContentChildParam_RendersCorrectly(expectedActionBarContent: &quot;ActionBar Testing Content 3&quot;)" computerName="DESKTOP-HE04GST" duration="00:00:00.0023080" startTime="2023-04-30T09:40:42.5760063-04:00" endTime="2023-04-30T09:40:42.5760064-04:00" testType="13cdc9d9-ddb5-4fa4-a97d-d965ccfc6d4b" outcome="Passed" testListId="8c84fa94-04c1-424b-9868-57a2d4851a1d" relativeResultsDirectory="c3c41b08-ecdd-44db-b539-6b3fa2645d9b" />
    <UnitTestResult executionId="a3b83644-4e92-40ac-81be-f0bd90b16557" testId="920e4354-fec6-14c2-1380-06b61a0b9ea9" testName="Carlton.Base.Components.Test.SelectComponentTests.Select_ValueChangedCallbackParam_FiresCallback(index: 1)" computerName="DESKTOP-HE04GST" duration="00:00:00.0116154" startTime="2023-04-30T09:40:42.2710530-04:00" endTime="2023-04-30T09:40:42.2710532-04:00" testType="13cdc9d9-ddb5-4fa4-a97d-d965ccfc6d4b" outcome="Passed" testListId="8c84fa94-04c1-424b-9868-57a2d4851a1d" relativeResultsDirectory="a3b83644-4e92-40ac-81be-f0bd90b16557" />
    <UnitTestResult executionId="d2232850-e2f3-43b9-8e65-e4ddeb14b7b9" testId="298fe03e-249b-b13d-a269-1b389ef1a02e" testName="Carlton.Base.Components.Test.SelectComponentTests.Select_LabelParam_RendersCorrectly(labelText: &quot;Test Label&quot;)" computerName="DESKTOP-HE04GST" duration="00:00:00.0021094" startTime="2023-04-30T09:40:42.2654342-04:00" endTime="2023-04-30T09:40:42.2654343-04:00" testType="13cdc9d9-ddb5-4fa4-a97d-d965ccfc6d4b" outcome="Passed" testListId="8c84fa94-04c1-424b-9868-57a2d4851a1d" relativeResultsDirectory="d2232850-e2f3-43b9-8e65-e4ddeb14b7b9" />
    <UnitTestResult executionId="94d5e5bf-7fcf-4468-be1a-aedba0334efe" testId="5145f4af-fec7-c72d-871d-4e76b076e06c" testName="Carlton.Base.Components.Test.DesktopTabBarComponentTests.DesktopTabBar_WithOneTab_RendersCorrectly" computerName="DESKTOP-HE04GST" duration="00:00:00.0028425" startTime="2023-04-30T09:40:42.4843885-04:00" endTime="2023-04-30T09:40:42.4843886-04:00" testType="13cdc9d9-ddb5-4fa4-a97d-d965ccfc6d4b" outcome="Passed" testListId="8c84fa94-04c1-424b-9868-57a2d4851a1d" relativeResultsDirectory="94d5e5bf-7fcf-4468-be1a-aedba0334efe" />
    <UnitTestResult executionId="4b814343-17ff-4c00-be6a-6a2b3b3969a6" testId="8e5dfc12-0ccd-84c7-eae7-7f89e6b43788" testName="Carlton.Base.Components.Test.TablePaginationRowComponentTests.TablePaginationRow_ItemCountLessThanItemsPerPage_RightChevronsDisabled_RendersCorrectly(itemCount: 4)" computerName="DESKTOP-HE04GST" duration="00:00:00.0039010" startTime="2023-04-30T09:40:42.6575753-04:00" endTime="2023-04-30T09:40:42.6575753-04:00" testType="13cdc9d9-ddb5-4fa4-a97d-d965ccfc6d4b" outcome="Passed" testListId="8c84fa94-04c1-424b-9868-57a2d4851a1d" relativeResultsDirectory="4b814343-17ff-4c00-be6a-6a2b3b3969a6" />
    <UnitTestResult executionId="fa5a8dbe-5a2d-43b1-b2e7-c4fbdec46848" testId="a090a5e2-b798-b442-05e1-15c76df7de32" testName="Carlton.Base.Components.Test.TableComponentTests.Table_ItemsChangedCallback_FiresEvent(currentPage: 3, optIndex: 0, expectedSkip: 10, expectedTake: 5)" computerName="DESKTOP-HE04GST" duration="00:00:00.0173939" startTime="2023-04-30T09:40:42.5839069-04:00" endTime="2023-04-30T09:40:42.5839070-04:00" testType="13cdc9d9-ddb5-4fa4-a97d-d965ccfc6d4b" outcome="Passed" testListId="8c84fa94-04c1-424b-9868-57a2d4851a1d" relativeResultsDirectory="fa5a8dbe-5a2d-43b1-b2e7-c4fbdec46848" />
    <UnitTestResult executionId="4819e58d-d2c3-493a-b797-1fec67e44959" testId="2f1882f1-d6f3-7332-d3a2-9e3758b94b59" testName="Carlton.Base.Components.Test.DropDownMenuElementComponentTests.DropDownMenuElement_OnMenuItemSelectedParam_RendersCorrectly(value: 7)" computerName="DESKTOP-HE04GST" duration="00:00:00.0017421" startTime="2023-04-30T09:40:42.2652074-04:00" endTime="2023-04-30T09:40:42.2652075-04:00" testType="13cdc9d9-ddb5-4fa4-a97d-d965ccfc6d4b" outcome="Passed" testListId="8c84fa94-04c1-424b-9868-57a2d4851a1d" relativeResultsDirectory="4819e58d-d2c3-493a-b797-1fec67e44959" />
    <UnitTestResult executionId="bf127f7a-b7e9-4e92-b366-37e8505b67d8" testId="067218af-67a2-68da-98aa-e9243dbda169" testName="Carlton.Base.Components.Test.AccordionSelectComponentTests.AccordionSelect_IsExpandedParam_RendersCorrectly(isExpanded: True, expectedClass: &quot;mdi-minus-box-outline&quot;)" computerName="DESKTOP-HE04GST" duration="00:00:00.0030092" startTime="2023-04-30T09:40:42.4851795-04:00" endTime="2023-04-30T09:40:42.4851796-04:00" testType="13cdc9d9-ddb5-4fa4-a97d-d965ccfc6d4b" outcome="Passed" testListId="8c84fa94-04c1-424b-9868-57a2d4851a1d" relativeResultsDirectory="bf127f7a-b7e9-4e92-b366-37e8505b67d8" />
    <UnitTestResult executionId="9479a5de-9f26-4354-bb80-700c433b36a1" testId="2379e7a0-5ee9-5f99-6a52-0d712fc2e781" testName="Carlton.Base.Components.Test.SelectComponentTests.Select_DisabledParam_RendersCorrectly(isDisabled: True)" computerName="DESKTOP-HE04GST" duration="00:00:00.0117114" startTime="2023-04-30T09:40:42.2642209-04:00" endTime="2023-04-30T09:40:42.2642210-04:00" testType="13cdc9d9-ddb5-4fa4-a97d-d965ccfc6d4b" outcome="Passed" testListId="8c84fa94-04c1-424b-9868-57a2d4851a1d" relativeResultsDirectory="9479a5de-9f26-4354-bb80-700c433b36a1" />
    <UnitTestResult executionId="06a5232e-a833-401f-83a7-06bc3b0fe772" testId="3b7633ea-161f-2116-c52f-52e37a852c76" testName="Carlton.Base.Components.Test.TablePaginationRowComponentTests.TablePaginationRow_PageGreaterThanOne_LeftChevronsEnabled_RendersCorrectly(currentPage: 2)" computerName="DESKTOP-HE04GST" duration="00:00:00.0030480" startTime="2023-04-30T09:40:42.6530333-04:00" endTime="2023-04-30T09:40:42.6530333-04:00" testType="13cdc9d9-ddb5-4fa4-a97d-d965ccfc6d4b" outcome="Passed" testListId="8c84fa94-04c1-424b-9868-57a2d4851a1d" relativeResultsDirectory="06a5232e-a833-401f-83a7-06bc3b0fe772" />
    <UnitTestResult executionId="d01ec00e-e8ca-4e12-8f93-f0ffe928590c" testId="40f397c7-6770-78b5-44ee-bfd175e82413" testName="Carlton.Base.Components.Test.MobileTabBarComponentTests.MobileTabBar_ActiveTab_RendersCorrectly(activeTabIndex: 1, expectedText: &quot;&lt;span&gt;This is the second tab&lt;/span&gt;&quot;)" computerName="DESKTOP-HE04GST" duration="00:00:00.0038913" startTime="2023-04-30T09:40:42.5788276-04:00" endTime="2023-04-30T09:40:42.5788277-04:00" testType="13cdc9d9-ddb5-4fa4-a97d-d965ccfc6d4b" outcome="Passed" testListId="8c84fa94-04c1-424b-9868-57a2d4851a1d" relativeResultsDirectory="d01ec00e-e8ca-4e12-8f93-f0ffe928590c" />
    <UnitTestResult executionId="ea84ee71-5ea4-4cbe-ab99-bec979ee3541" testId="b9366499-2fa9-2b74-777c-bd5ce9b81d50" testName="Carlton.Base.Components.Test.MobileTabBarComponentTests.MobileTabBar_ActiveTabClass_RendersCorrectly(activeTabIndex: 0)" computerName="DESKTOP-HE04GST" duration="00:00:00.0032905" startTime="2023-04-30T09:40:42.5012255-04:00" endTime="2023-04-30T09:40:42.5012257-04:00" testType="13cdc9d9-ddb5-4fa4-a97d-d965ccfc6d4b" outcome="Passed" testListId="8c84fa94-04c1-424b-9868-57a2d4851a1d" relativeResultsDirectory="ea84ee71-5ea4-4cbe-ab99-bec979ee3541" />
    <UnitTestResult executionId="cf068728-eba9-459c-99d3-889a5ed684af" testId="aec7847b-f2dd-7f82-7106-a9f877eba7a8" testName="Carlton.Base.Components.Test.TablePaginationRowComponentTests.TablePaginationRow_ItemCountGreaterThanItemsPerPage_RightChevronsEnabled_RendersCorrectly(itemCount: 10)" computerName="DESKTOP-HE04GST" duration="00:00:00.0016446" startTime="2023-04-30T09:40:42.6756649-04:00" endTime="2023-04-30T09:40:42.6756650-04:00" testType="13cdc9d9-ddb5-4fa4-a97d-d965ccfc6d4b" outcome="Passed" testListId="8c84fa94-04c1-424b-9868-57a2d4851a1d" relativeResultsDirectory="cf068728-eba9-459c-99d3-889a5ed684af" />
    <UnitTestResult executionId="1d743ca2-6ff9-4f34-9bb1-a6750c0e7aa8" testId="1edd2235-9ccb-5a7c-da3c-69852da57d43" testName="Carlton.Base.Components.Test.TableHeaderComponentTests.TableHeader_OrderColumnParam_And_OrderDirectionParam_RendersCorrectly(columnName: &quot;ID&quot;, columnIndex: 0, orderAscending: True)" computerName="DESKTOP-HE04GST" duration="00:00:00.0033898" startTime="2023-04-30T09:40:42.4820611-04:00" endTime="2023-04-30T09:40:42.4820614-04:00" testType="13cdc9d9-ddb5-4fa4-a97d-d965ccfc6d4b" outcome="Passed" testListId="8c84fa94-04c1-424b-9868-57a2d4851a1d" relativeResultsDirectory="1d743ca2-6ff9-4f34-9bb1-a6750c0e7aa8" />
    <UnitTestResult executionId="c5f7fa0c-7409-4f21-b965-55b230031fe1" testId="4c624072-3469-3d06-1b6a-9cf723873fdb" testName="Carlton.Base.Components.Test.AccordionSelectGroupComponentTests.AccordionSelectGroup_GroupsParam_RendersCorrectly(groups: [SelectGroup { Name = Group 1, Index = 0, Items = System.Collections.Generic.List`1[Carlton.Base.Components.SelectItem`1[System.Int32]] }])" computerName="DESKTOP-HE04GST" duration="00:00:00.0040396" startTime="2023-04-30T09:40:42.3555263-04:00" endTime="2023-04-30T09:40:42.3555265-04:00" testType="13cdc9d9-ddb5-4fa4-a97d-d965ccfc6d4b" outcome="Passed" testListId="8c84fa94-04c1-424b-9868-57a2d4851a1d" relativeResultsDirectory="c5f7fa0c-7409-4f21-b965-55b230031fe1" />
    <UnitTestResult executionId="b30a8fea-9d43-4115-bb8b-e728ae45a5d1" testId="55fb0a26-9c99-4be0-982c-ede52667b895" testName="Carlton.Base.Components.Test.TablePaginationRowComponentTests.TablePaginationRow_RowsPerPageOptsParam_RendersCorrectly(opts: [1, 3, 5])" computerName="DESKTOP-HE04GST" duration="00:00:00.0070296" startTime="2023-04-30T09:40:42.6832781-04:00" endTime="2023-04-30T09:40:42.6832783-04:00" testType="13cdc9d9-ddb5-4fa4-a97d-d965ccfc6d4b" outcome="Passed" testListId="8c84fa94-04c1-424b-9868-57a2d4851a1d" relativeResultsDirectory="b30a8fea-9d43-4115-bb8b-e728ae45a5d1" />
    <UnitTestResult executionId="701a9e1c-8723-426d-ab86-de45e7ad745d" testId="e9efa1ee-ef5b-0467-85f1-461dd551b536" testName="Carlton.Base.Components.Test.CardComponentTests.Card_CardTitleParam_RendersCorrectly(expectedTitle: &quot;Test Title 1&quot;)" computerName="DESKTOP-HE04GST" duration="00:00:00.0019330" startTime="2023-04-30T09:40:42.5797239-04:00" endTime="2023-04-30T09:40:42.5797241-04:00" testType="13cdc9d9-ddb5-4fa4-a97d-d965ccfc6d4b" outcome="Passed" testListId="8c84fa94-04c1-424b-9868-57a2d4851a1d" relativeResultsDirectory="701a9e1c-8723-426d-ab86-de45e7ad745d" />
    <UnitTestResult executionId="b82a067d-7fdf-4f6e-ad10-c1c120ab1b0e" testId="55fb0a26-9c99-4be0-982c-ede52667b895" testName="Carlton.Base.Components.Test.TablePaginationRowComponentTests.TablePaginationRow_RowsPerPageOptsParam_RendersCorrectly(opts: [5, 10, 15, 20, 25])" computerName="DESKTOP-HE04GST" duration="00:00:00.0023335" startTime="2023-04-30T09:40:42.6882129-04:00" endTime="2023-04-30T09:40:42.6882131-04:00" testType="13cdc9d9-ddb5-4fa4-a97d-d965ccfc6d4b" outcome="Passed" testListId="8c84fa94-04c1-424b-9868-57a2d4851a1d" relativeResultsDirectory="b82a067d-7fdf-4f6e-ad10-c1c120ab1b0e" />
    <UnitTestResult executionId="ec06d113-e6b5-45fb-aad7-7a08db2845f2" testId="74b96a9d-dba2-ac4b-acb6-2e4a1c7bd4a9" testName="Carlton.Base.Components.Test.NotificationBarComponentTests.NotificationBar_FadeOutEnabledParam_RendersCorrectly(fadeOutEnabled: False, notificationClass: &quot;error-btn&quot;)" computerName="DESKTOP-HE04GST" duration="00:00:00.0023664" startTime="2023-04-30T09:40:42.3866023-04:00" endTime="2023-04-30T09:40:42.3866025-04:00" testType="13cdc9d9-ddb5-4fa4-a97d-d965ccfc6d4b" outcome="Passed" testListId="8c84fa94-04c1-424b-9868-57a2d4851a1d" relativeResultsDirectory="ec06d113-e6b5-45fb-aad7-7a08db2845f2" />
    <UnitTestResult executionId="928ec71e-722d-43b1-a5b0-05b2b61ab225" testId="26905ffd-8188-205e-dfc2-03ba98f0a988" testName="Carlton.Base.Components.Test.TableComponentTests.Table_OnClickTwice_FiltersItemsDesc(expected: (1, System.Collections.ObjectModel.ReadOnlyCollection`1[Carlton.Base.Components.Test.TableTestHelper+TableTestObject]))" computerName="DESKTOP-HE04GST" duration="00:00:00.0079270" startTime="2023-04-30T09:40:42.7430266-04:00" endTime="2023-04-30T09:40:42.7430269-04:00" testType="13cdc9d9-ddb5-4fa4-a97d-d965ccfc6d4b" outcome="Passed" testListId="8c84fa94-04c1-424b-9868-57a2d4851a1d" relativeResultsDirectory="928ec71e-722d-43b1-a5b0-05b2b61ab225" />
    <UnitTestResult executionId="4acd10f8-4518-429f-a046-1dc821b4384b" testId="faf6ac33-173a-dc80-7734-8174ff344fb3" testName="Carlton.Base.Components.Test.SlideTabComponentTests.SlideTab_Markup_RendersCorrectly" computerName="DESKTOP-HE04GST" duration="00:00:00.0798100" startTime="2023-04-30T09:40:42.3474457-04:00" endTime="2023-04-30T09:40:42.3474459-04:00" testType="13cdc9d9-ddb5-4fa4-a97d-d965ccfc6d4b" outcome="Passed" testListId="8c84fa94-04c1-424b-9868-57a2d4851a1d" relativeResultsDirectory="4acd10f8-4518-429f-a046-1dc821b4384b" />
    <UnitTestResult executionId="f0a90044-0b0e-4bc5-920b-dc304e9bb62f" testId="c8c8c482-3662-3a70-a2ff-e4dbea2300e5" testName="Carlton.Base.Components.Test.TableHeaderComponentTests.TableHeader_Markup_RendersCorrectly" computerName="DESKTOP-HE04GST" duration="00:00:00.0271310" startTime="2023-04-30T09:40:42.6525506-04:00" endTime="2023-04-30T09:40:42.6525507-04:00" testType="13cdc9d9-ddb5-4fa4-a97d-d965ccfc6d4b" outcome="Failed" testListId="8c84fa94-04c1-424b-9868-57a2d4851a1d" relativeResultsDirectory="f0a90044-0b0e-4bc5-920b-dc304e9bb62f">
      <Output>
        <ErrorInfo>
          <Message>Bunit.HtmlEqualException : HTML comparison failed. &#xD;
&#xD;
The following errors were found:&#xD;
  1: The values of the attributes at div(0)[class] are different.&#xD;
  2: The value of the attribute div(0) &gt; div(3)[class] and actual attribute div(0) &gt; div(0)[class] are different.&#xD;
  3: The value of the attribute div(0) &gt; div(3) &gt; span(1)[class] and actual attribute div(0) &gt; div(0) &gt; span(0)[class] are different.&#xD;
  4: The element at div(0) &gt; div(3) &gt; span(3) is missing.&#xD;
  5: The element at div(0) &gt; span(1) is missing.&#xD;
  6: The element at div(2) is missing.&#xD;
  7: The element at div(4) is missing.&#xD;
  8: The text at div(0) &gt; div(0) &gt; span(0) &gt; #text(0) was not expected.&#xD;
  9: The element at div(0) &gt; div(0) &gt; div(2) was not expected.&#xD;
  10: The element at div(0) &gt; div(1) was not expected.&#xD;
  11: The element at div(0) &gt; div(2) was not expected.&#xD;
&#xD;
Actual HTML: &#xD;
&lt;div class="table-header-row" &gt;&#xD;
  &lt;div class="header-row-item row-item ascending heading-0"  &gt;&#xD;
    &lt;span class="heading-text" &gt;ID&lt;/span&gt;&#xD;
    &lt;div class="sort-arrows" &gt;&#xD;
      &lt;span class="arrow-ascending mdi mdi-arrow-up" &gt;&lt;/span&gt;&#xD;
      &lt;span class="arrow-descending mdi mdi-arrow-down" &gt;&lt;/span&gt;&#xD;
    &lt;/div&gt;&#xD;
  &lt;/div&gt;&#xD;
  &lt;div class="header-row-item row-item ascending heading-1"  &gt;&#xD;
    &lt;span class="heading-text" &gt;DisplayName&lt;/span&gt;&#xD;
    &lt;div class="sort-arrows" &gt;&#xD;
      &lt;span class="arrow-ascending mdi mdi-arrow-up" &gt;&lt;/span&gt;&#xD;
      &lt;span class="arrow-descending mdi mdi-arrow-down" &gt;&lt;/span&gt;&#xD;
    &lt;/div&gt;&#xD;
  &lt;/div&gt;&#xD;
  &lt;div class="header-row-item row-item ascending heading-2"  &gt;&#xD;
    &lt;span class="heading-text" &gt;CreatedDate&lt;/span&gt;&#xD;
    &lt;div class="sort-arrows" &gt;&#xD;
      &lt;span class="arrow-ascending mdi mdi-arrow-up" &gt;&lt;/span&gt;&#xD;
      &lt;span class="arrow-descending mdi mdi-arrow-down" &gt;&lt;/span&gt;&#xD;
    &lt;/div&gt;&#xD;
  &lt;/div&gt;&#xD;
&lt;/div&gt;&#xD;
&#xD;
Expected HTML: &#xD;
&lt;div class="header-row-item row-item ascending"  &gt;&#xD;
  &lt;span class="heading-text" &gt;ID&lt;/span&gt;&#xD;
  &lt;div class="sort-arrows" &gt;&#xD;
    &lt;span class="arrow-ascending mdi mdi-arrow-up" &gt;&lt;/span&gt;&#xD;
    &lt;span class="arrow-descending mdi mdi-arrow-down" &gt;&lt;/span&gt;&#xD;
  &lt;/div&gt;&#xD;
&lt;/div&gt;&#xD;
&lt;div class="header-row-item row-item ascending"  &gt;&#xD;
  &lt;span class="heading-text" &gt;DisplayName&lt;/span&gt;&#xD;
  &lt;div class="sort-arrows" &gt;&#xD;
    &lt;span class="arrow-ascending mdi mdi-arrow-up" &gt;&lt;/span&gt;&#xD;
    &lt;span class="arrow-descending mdi mdi-arrow-down" &gt;&lt;/span&gt;&#xD;
  &lt;/div&gt;&#xD;
&lt;/div&gt;&#xD;
&lt;div class="header-row-item row-item ascending"  &gt;&#xD;
  &lt;span class="heading-text" &gt;CreatedDate&lt;/span&gt;&#xD;
  &lt;div class="sort-arrows" &gt;&#xD;
    &lt;span class="arrow-ascending mdi mdi-arrow-up" &gt;&lt;/span&gt;&#xD;
    &lt;span class="arrow-descending mdi mdi-arrow-down" &gt;&lt;/span&gt;&#xD;
  &lt;/div&gt;&#xD;
&lt;/div&gt;&#xD;
</Message>
          <StackTrace>   at Bunit.MarkupMatchesAssertExtensions.MarkupMatches(INodeList actual, INodeList expected, String userMessage) in /_/src/bunit.web/Asserting/MarkupMatchesAssertExtensions.cs:line 237&#xD;
   at Bunit.MarkupMatchesAssertExtensions.MarkupMatches(IRenderedFragment actual, String expected, String userMessage) in /_/src/bunit.web/Asserting/MarkupMatchesAssertExtensions.cs:line 113&#xD;
   at Carlton.Base.Components.Test.TableHeaderComponentTests.TableHeader_Markup_RendersCorrectly() in C:\Users\nicho\source\repos\NickGalazzo\Carlton.Base\src\Tests\Carlton.Base.Components.Test\Table\TableHeaderComponentTests.cs:line 16&#xD;
   at System.RuntimeMethodHandle.InvokeMethod(Object target, Void** arguments, Signature sig, Boolean isConstructor)&#xD;
   at System.Reflection.MethodInvoker.Invoke(Object obj, IntPtr* args, BindingFlags invokeAttr)</StackTrace>
        </ErrorInfo>
      </Output>
    </UnitTestResult>
    <UnitTestResult executionId="4785b24b-700a-4091-8873-77822b45074a" testId="171104a2-6a51-5fc9-7ed0-45112a1bc210" testName="Carlton.Base.Components.Test.MobileTabBarComponentTests.MobileTabBar_ActiveTab_RendersCorrectly(activeTabIndex: 2, expectedText: &quot;&lt;span&gt;This is the third tab&lt;/span&gt;&quot;)" computerName="DESKTOP-HE04GST" duration="00:00:00.0107075" startTime="2023-04-30T09:40:42.5780585-04:00" endTime="2023-04-30T09:40:42.5780586-04:00" testType="13cdc9d9-ddb5-4fa4-a97d-d965ccfc6d4b" outcome="Passed" testListId="8c84fa94-04c1-424b-9868-57a2d4851a1d" relativeResultsDirectory="4785b24b-700a-4091-8873-77822b45074a" />
    <UnitTestResult executionId="16c494b9-a420-41bb-ad48-8f7619d0273a" testId="4c3c8efe-8bf5-8a38-a5a0-de9721f93478" testName="Carlton.Base.Components.Test.TableHeaderComponentTests.TableHeader_OnClick_SelectedClass_RendersCorrectly(selectedIndex: 1)" computerName="DESKTOP-HE04GST" duration="00:00:00.0032670" startTime="2023-04-30T09:40:42.5886704-04:00" endTime="2023-04-30T09:40:42.5886705-04:00" testType="13cdc9d9-ddb5-4fa4-a97d-d965ccfc6d4b" outcome="Passed" testListId="8c84fa94-04c1-424b-9868-57a2d4851a1d" relativeResultsDirectory="16c494b9-a420-41bb-ad48-8f7619d0273a" />
    <UnitTestResult executionId="05375b34-c1ff-440b-af7f-ad6ab62842c9" testId="efc4d7a7-1c02-52fb-6651-83720e62b6e4" testName="Carlton.Base.Components.Test.SlideTabComponentTests.SlideTab_ContentParam_RendersCorrectly(expectedContent: &quot;&lt;div class=\&quot;test-content\&quot;&gt;Here is some test cont&quot;...)" computerName="DESKTOP-HE04GST" duration="00:00:00.0115047" startTime="2023-04-30T09:40:42.2707302-04:00" endTime="2023-04-30T09:40:42.2707303-04:00" testType="13cdc9d9-ddb5-4fa4-a97d-d965ccfc6d4b" outcome="Passed" testListId="8c84fa94-04c1-424b-9868-57a2d4851a1d" relativeResultsDirectory="05375b34-c1ff-440b-af7f-ad6ab62842c9" />
    <UnitTestResult executionId="2dbae7c0-7e6e-4c15-b5c0-e2163aa66ae4" testId="04a5b1b1-3a10-f4f6-371a-04cf46ac4cb9" testName="Carlton.Base.Components.Test.TableComponentTests.Table_RowTemplateParam_RendersCorrectly(rowTemplate: &quot;&lt;div class=\&quot;test-row\&quot;&gt;&lt;span&gt;Template {0}{1}{2}&lt;/&quot;...)" computerName="DESKTOP-HE04GST" duration="00:00:00.0054227" startTime="2023-04-30T09:40:42.6816134-04:00" endTime="2023-04-30T09:40:42.6816135-04:00" testType="13cdc9d9-ddb5-4fa4-a97d-d965ccfc6d4b" outcome="Passed" testListId="8c84fa94-04c1-424b-9868-57a2d4851a1d" relativeResultsDirectory="2dbae7c0-7e6e-4c15-b5c0-e2163aa66ae4" />
    <UnitTestResult executionId="6cf69f8d-1c9d-402a-9182-2e6c2f9d1d6c" testId="eb6b2198-722f-088a-171f-b415baf59577" testName="Carlton.Base.Components.Test.CardComponentTests.Card_CardTitleParam_RendersCorrectly(expectedTitle: &quot;Test Title 2&quot;)" computerName="DESKTOP-HE04GST" duration="00:00:00.0037441" startTime="2023-04-30T09:40:42.5788709-04:00" endTime="2023-04-30T09:40:42.5788710-04:00" testType="13cdc9d9-ddb5-4fa4-a97d-d965ccfc6d4b" outcome="Passed" testListId="8c84fa94-04c1-424b-9868-57a2d4851a1d" relativeResultsDirectory="6cf69f8d-1c9d-402a-9182-2e6c2f9d1d6c" />
    <UnitTestResult executionId="da1521ed-7c9e-4ee0-be0e-1d75ac393e25" testId="27c9336c-a4d2-4e4d-c59e-e21a07c10051" testName="Carlton.Base.Components.Test.AccordionSelectComponentTests.AccordionSelect_SelectedValueParam_RendersCorrectly(selectedIndex: 0, selectedValue: 1)" computerName="DESKTOP-HE04GST" duration="00:00:00.0036966" startTime="2023-04-30T09:40:42.5847419-04:00" endTime="2023-04-30T09:40:42.5847420-04:00" testType="13cdc9d9-ddb5-4fa4-a97d-d965ccfc6d4b" outcome="Passed" testListId="8c84fa94-04c1-424b-9868-57a2d4851a1d" relativeResultsDirectory="da1521ed-7c9e-4ee0-be0e-1d75ac393e25" />
    <UnitTestResult executionId="092d61f8-c080-4b26-827c-870f34c8a975" testId="013178ef-4151-7a51-327b-76cb79a76da0" testName="Carlton.Base.Components.Test.MobileTabBarComponentTests.MobileTabBar_ShowDisplayIconParam_RendersCorrectly(showDisplayIcon: True)" computerName="DESKTOP-HE04GST" duration="00:00:00.0035248" startTime="2023-04-30T09:40:42.5799182-04:00" endTime="2023-04-30T09:40:42.5799183-04:00" testType="13cdc9d9-ddb5-4fa4-a97d-d965ccfc6d4b" outcome="Passed" testListId="8c84fa94-04c1-424b-9868-57a2d4851a1d" relativeResultsDirectory="092d61f8-c080-4b26-827c-870f34c8a975" />
    <UnitTestResult executionId="bb0a0a12-bd3c-4efd-87b2-2751e6dbd990" testId="fda40231-7dc9-df35-a4fe-7ec3807fa0c9" testName="Carlton.Base.Components.Test.DropDownMenuComponentTests.DropDownMenuElement_HeaderTemplateParam_RendersCorrectly(headerTemplate: &quot;&lt;span&gt;More Testing Header&lt;/span&gt;&quot;)" computerName="DESKTOP-HE04GST" duration="00:00:00.0040199" startTime="2023-04-30T09:40:42.4216283-04:00" endTime="2023-04-30T09:40:42.4216285-04:00" testType="13cdc9d9-ddb5-4fa4-a97d-d965ccfc6d4b" outcome="Passed" testListId="8c84fa94-04c1-424b-9868-57a2d4851a1d" relativeResultsDirectory="bb0a0a12-bd3c-4efd-87b2-2751e6dbd990" />
    <UnitTestResult executionId="ac150d03-87a4-4adb-8523-6fbf280c93a1" testId="85b3cc95-910c-ccf8-fa6c-207ac76f89b7" testName="Carlton.Base.Components.Test.AccordionSelectComponentTests.AccordionSelect_SelectedItemChangedParam_FiresCallback(itemIndex: 2, expectedValue: 3)" computerName="DESKTOP-HE04GST" duration="00:00:00.0182263" startTime="2023-04-30T09:40:42.5837743-04:00" endTime="2023-04-30T09:40:42.5837744-04:00" testType="13cdc9d9-ddb5-4fa4-a97d-d965ccfc6d4b" outcome="Passed" testListId="8c84fa94-04c1-424b-9868-57a2d4851a1d" relativeResultsDirectory="ac150d03-87a4-4adb-8523-6fbf280c93a1" />
    <UnitTestResult executionId="a767fd38-dae6-439d-bb83-a143fd65fce7" testId="14a241c6-a958-4260-ba4e-654c705d25f8" testName="Carlton.Base.Components.Test.CardComponentTests.Card_CardTitleParam_RendersCorrectly(expectedTitle: &quot;Test Title 3&quot;)" computerName="DESKTOP-HE04GST" duration="00:00:00.0016223" startTime="2023-04-30T09:40:42.5799784-04:00" endTime="2023-04-30T09:40:42.5799784-04:00" testType="13cdc9d9-ddb5-4fa4-a97d-d965ccfc6d4b" outcome="Passed" testListId="8c84fa94-04c1-424b-9868-57a2d4851a1d" relativeResultsDirectory="a767fd38-dae6-439d-bb83-a143fd65fce7" />
    <UnitTestResult executionId="020c6368-3834-4d35-847a-dbb03f520953" testId="cb827e29-70c8-5330-47ce-9981d0ba2876" testName="Carlton.Base.Components.Test.DropDownMenuComponentTests.DropDownMenuElement_HeaderTemplateParam_RendersCorrectly(headerTemplate: &quot;&lt;span&gt;Event Testing Header&lt;/span&gt;&quot;)" computerName="DESKTOP-HE04GST" duration="00:00:00.0022729" startTime="2023-04-30T09:40:42.4316541-04:00" endTime="2023-04-30T09:40:42.4316546-04:00" testType="13cdc9d9-ddb5-4fa4-a97d-d965ccfc6d4b" outcome="Passed" testListId="8c84fa94-04c1-424b-9868-57a2d4851a1d" relativeResultsDirectory="020c6368-3834-4d35-847a-dbb03f520953" />
    <UnitTestResult executionId="ca64a840-47be-4b36-84d8-de27acf3519c" testId="5c0ec28d-c5d9-3f0b-b666-ef73fc816bf9" testName="Carlton.Base.Components.Test.SelectComponentTests.Select_SelectedValueParam_RendersCorrectly(selectedValue: 3, expectedLabel: &quot;Option 3&quot;)" computerName="DESKTOP-HE04GST" duration="00:00:00.0035030" startTime="2023-04-30T09:40:42.2752293-04:00" endTime="2023-04-30T09:40:42.2752294-04:00" testType="13cdc9d9-ddb5-4fa4-a97d-d965ccfc6d4b" outcome="Passed" testListId="8c84fa94-04c1-424b-9868-57a2d4851a1d" relativeResultsDirectory="ca64a840-47be-4b36-84d8-de27acf3519c" />
    <UnitTestResult executionId="5781d3c3-1ca2-499b-a9d2-9a8c3b88db58" testId="925a0f7a-d69c-5d5e-e82e-3f410ec45cc2" testName="Carlton.Base.Components.Test.AccordionSelectGroupComponentTests.AccordionSelectGroup_SelectedItemParam_shouldRenderCorrectly(groupIndex: 0, itemIndex: 1, itemValue: 2)" computerName="DESKTOP-HE04GST" duration="00:00:00.0021354" startTime="2023-04-30T09:40:42.4387444-04:00" endTime="2023-04-30T09:40:42.4387446-04:00" testType="13cdc9d9-ddb5-4fa4-a97d-d965ccfc6d4b" outcome="Passed" testListId="8c84fa94-04c1-424b-9868-57a2d4851a1d" relativeResultsDirectory="5781d3c3-1ca2-499b-a9d2-9a8c3b88db58" />
    <UnitTestResult executionId="7e16dd1c-6134-4acd-828e-6347baaed459" testId="691771b2-9881-2584-0382-8b2d381324cf" testName="Carlton.Base.Components.Test.NotificationBarComponentTests.NotificationBar_FadeOutEnabledParam_RendersCorrectly(fadeOutEnabled: True, notificationClass: &quot;error-btn&quot;)" computerName="DESKTOP-HE04GST" duration="00:00:00.0020678" startTime="2023-04-30T09:40:42.3745061-04:00" endTime="2023-04-30T09:40:42.3745062-04:00" testType="13cdc9d9-ddb5-4fa4-a97d-d965ccfc6d4b" outcome="Passed" testListId="8c84fa94-04c1-424b-9868-57a2d4851a1d" relativeResultsDirectory="7e16dd1c-6134-4acd-828e-6347baaed459" />
    <UnitTestResult executionId="a4c7f755-5703-4680-97ae-2327e1a86e89" testId="801f7583-d760-3b33-e730-154e30024100" testName="Carlton.Base.Components.Test.DropDownMenuElementComponentTests.DropDownMenuElement_MenuItemIconParam_RendersCorrectly(icon: &quot;icon-1&quot;)" computerName="DESKTOP-HE04GST" duration="00:00:00.0017182" startTime="2023-04-30T09:40:42.2667953-04:00" endTime="2023-04-30T09:40:42.2667955-04:00" testType="13cdc9d9-ddb5-4fa4-a97d-d965ccfc6d4b" outcome="Passed" testListId="8c84fa94-04c1-424b-9868-57a2d4851a1d" relativeResultsDirectory="a4c7f755-5703-4680-97ae-2327e1a86e89" />
    <UnitTestResult executionId="71861e16-7f98-48b6-832a-105683d6e2a7" testId="36dc42a7-cee0-b1cc-d552-729ae37edab5" testName="Carlton.Base.Components.Test.DropDownMenuComponentTests.DropDownMenuElement_HeaderTemplateParam_RendersCorrectly(headerTemplate: &quot;&lt;span&gt;Testing Header&lt;/span&gt;&quot;)" computerName="DESKTOP-HE04GST" duration="00:00:00.0089334" startTime="2023-04-30T09:40:42.4376752-04:00" endTime="2023-04-30T09:40:42.4376753-04:00" testType="13cdc9d9-ddb5-4fa4-a97d-d965ccfc6d4b" outcome="Passed" testListId="8c84fa94-04c1-424b-9868-57a2d4851a1d" relativeResultsDirectory="71861e16-7f98-48b6-832a-105683d6e2a7" />
    <UnitTestResult executionId="9ffbfefe-289e-411a-bcea-d5751a3e2dbf" testId="07a792cc-4abe-5fd5-bf96-777500667402" testName="Carlton.Base.Components.Test.TableComponentTests.Table_RowTemplateParam_RendersCorrectly(rowTemplate: &quot;&lt;div class=\&quot;test-row\&quot;&gt;{0}&lt;span class=\&quot;test\&quot;&gt;{1&quot;...)" computerName="DESKTOP-HE04GST" duration="00:00:00.0039733" startTime="2023-04-30T09:40:42.6735496-04:00" endTime="2023-04-30T09:40:42.6735498-04:00" testType="13cdc9d9-ddb5-4fa4-a97d-d965ccfc6d4b" outcome="Passed" testListId="8c84fa94-04c1-424b-9868-57a2d4851a1d" relativeResultsDirectory="9ffbfefe-289e-411a-bcea-d5751a3e2dbf" />
    <UnitTestResult executionId="cea9f284-9bac-4da1-a621-2b6e04494001" testId="70fae74a-dc94-7381-efaa-28b4f51bb46e" testName="Carlton.Base.Components.Test.TablePaginationRowComponentTests.TablePaginationRow_PaginationLabel_RendersCorrectly(currentPage: 3, currentRowsPerPage: 15, expectedText: &quot;1-15 of 15&quot;)" computerName="DESKTOP-HE04GST" duration="00:00:00.0096339" startTime="2023-04-30T09:40:42.5886165-04:00" endTime="2023-04-30T09:40:42.5886166-04:00" testType="13cdc9d9-ddb5-4fa4-a97d-d965ccfc6d4b" outcome="Passed" testListId="8c84fa94-04c1-424b-9868-57a2d4851a1d" relativeResultsDirectory="cea9f284-9bac-4da1-a621-2b6e04494001" />
    <UnitTestResult executionId="482dc1be-c136-4e76-a265-2fbd1db37336" testId="e9940cc3-2ba9-f6c1-ba65-5ffd51114364" testName="Carlton.Base.Components.Test.AccordionSelectComponentTests.AccordionSelect_TitleParam_RendersCorrectly(expectedTitle: &quot;Test 2&quot;)" computerName="DESKTOP-HE04GST" duration="00:00:00.0122621" startTime="2023-04-30T09:40:42.4777739-04:00" endTime="2023-04-30T09:40:42.4777741-04:00" testType="13cdc9d9-ddb5-4fa4-a97d-d965ccfc6d4b" outcome="Passed" testListId="8c84fa94-04c1-424b-9868-57a2d4851a1d" relativeResultsDirectory="482dc1be-c136-4e76-a265-2fbd1db37336" />
    <UnitTestResult executionId="60cadfbb-340f-49ad-977f-a299a5c07138" testId="203ed372-9fa6-a5f4-352d-85cf0a8f907a" testName="Carlton.Base.Components.Test.DropDownMenuElementComponentTests.DropDownMenuElement_MenuItemValueParam_RendersCorrectly(value: 12)" computerName="DESKTOP-HE04GST" duration="00:00:00.0013877" startTime="2023-04-30T09:40:42.2721119-04:00" endTime="2023-04-30T09:40:42.2721120-04:00" testType="13cdc9d9-ddb5-4fa4-a97d-d965ccfc6d4b" outcome="Passed" testListId="8c84fa94-04c1-424b-9868-57a2d4851a1d" relativeResultsDirectory="60cadfbb-340f-49ad-977f-a299a5c07138" />
    <UnitTestResult executionId="997f2e9d-692c-40f8-9c6c-2cc30631a087" testId="732f3f80-7856-cc06-369f-c64790e08623" testName="Carlton.Base.Components.Test.DesktopTabBarComponentTests.DesktopTabBar_ChildDisplayTextParam_RendersCorrectly(displayText: &quot;Display Test One Final Time&quot;)" computerName="DESKTOP-HE04GST" duration="00:00:00.0329931" startTime="2023-04-30T09:40:42.3823760-04:00" endTime="2023-04-30T09:40:42.3823763-04:00" testType="13cdc9d9-ddb5-4fa4-a97d-d965ccfc6d4b" outcome="Passed" testListId="8c84fa94-04c1-424b-9868-57a2d4851a1d" relativeResultsDirectory="997f2e9d-692c-40f8-9c6c-2cc30631a087" />
    <UnitTestResult executionId="5a03c983-3b5d-4cb3-8475-e671619d0c7b" testId="9af5ba7b-1b74-a10f-e959-9d59535dc4af" testName="Carlton.Base.Components.Test.ConsoleComponentTests.Console_OnChangeCallbackParam_FiresCallback(expectedText: &quot;new text&quot;)" computerName="DESKTOP-HE04GST" duration="00:00:00.0016482" startTime="2023-04-30T09:40:42.2694928-04:00" endTime="2023-04-30T09:40:42.2694930-04:00" testType="13cdc9d9-ddb5-4fa4-a97d-d965ccfc6d4b" outcome="Passed" testListId="8c84fa94-04c1-424b-9868-57a2d4851a1d" relativeResultsDirectory="5a03c983-3b5d-4cb3-8475-e671619d0c7b" />
    <UnitTestResult executionId="14acd71e-bdfc-40bd-b52b-8b9cef0e1cef" testId="ff0bfe74-b31b-0e59-a674-0e59b86a9932" testName="Carlton.Base.Components.Test.TableComponentTests.Table_OnClickOnce_FiltersItemsAsc(expected: (0, System.Collections.ObjectModel.ReadOnlyCollection`1[Carlton.Base.Components.Test.TableTestHelper+TableTestObject]))" computerName="DESKTOP-HE04GST" duration="00:00:00.7371664" startTime="2023-04-30T09:40:42.3386027-04:00" endTime="2023-04-30T09:40:42.3386030-04:00" testType="13cdc9d9-ddb5-4fa4-a97d-d965ccfc6d4b" outcome="Passed" testListId="8c84fa94-04c1-424b-9868-57a2d4851a1d" relativeResultsDirectory="14acd71e-bdfc-40bd-b52b-8b9cef0e1cef" />
    <UnitTestResult executionId="80c61262-4316-447e-9681-f9ad861e8c1e" testId="fc7b79c7-3523-04fd-60af-a22152a3cdb2" testName="Carlton.Base.Components.Test.SelectComponentTests.Select_OptionsParam_OptsCount_RendersCorrectly(opts: [[&quot;Item 1&quot;] = 1])" computerName="DESKTOP-HE04GST" duration="00:00:00.6029672" startTime="2023-04-30T09:40:42.2183205-04:00" endTime="2023-04-30T09:40:42.2183207-04:00" testType="13cdc9d9-ddb5-4fa4-a97d-d965ccfc6d4b" outcome="Passed" testListId="8c84fa94-04c1-424b-9868-57a2d4851a1d" relativeResultsDirectory="80c61262-4316-447e-9681-f9ad861e8c1e" />
    <UnitTestResult executionId="473f375a-fa9d-41aa-a39b-dfa59ea2ff73" testId="17a39795-eace-ebc5-37db-b025bf49f2f8" testName="Carlton.Base.Components.Test.SelectComponentTests.Select_SelectedValueParam_RendersCorrectly(selectedValue: 2, expectedLabel: &quot;Option 2&quot;)" computerName="DESKTOP-HE04GST" duration="00:00:00.0202217" startTime="2023-04-30T09:40:42.2956010-04:00" endTime="2023-04-30T09:40:42.2956014-04:00" testType="13cdc9d9-ddb5-4fa4-a97d-d965ccfc6d4b" outcome="Passed" testListId="8c84fa94-04c1-424b-9868-57a2d4851a1d" relativeResultsDirectory="473f375a-fa9d-41aa-a39b-dfa59ea2ff73" />
    <UnitTestResult executionId="91fb8cc9-61b1-4b5a-9d01-ff541c73ce50" testId="4c624072-3469-3d06-1b6a-9cf723873fdb" testName="Carlton.Base.Components.Test.AccordionSelectGroupComponentTests.AccordionSelectGroup_GroupsParam_RendersCorrectly(groups: [SelectGroup { Name = Group 1, Index = 0, Items = System.Collections.Generic.List`1[Carlton.Base.Components.SelectItem`1[System.Int32]] }, SelectGroup { Name = Group 2, Index = 1, Items = System.Collections.Generic.List`1[Carlton.Base.Components.SelectItem`1[System.Int32]] }, SelectGroup { Name = Group 3, Index = 2, Items = System.Collections.Generic.List`1[Carlton.Base.Components.SelectItem`1[System.Int32]] }])" computerName="DESKTOP-HE04GST" duration="00:00:00.0132006" startTime="2023-04-30T09:40:42.3714024-04:00" endTime="2023-04-30T09:40:42.3714026-04:00" testType="13cdc9d9-ddb5-4fa4-a97d-d965ccfc6d4b" outcome="Passed" testListId="8c84fa94-04c1-424b-9868-57a2d4851a1d" relativeResultsDirectory="91fb8cc9-61b1-4b5a-9d01-ff541c73ce50" />
    <UnitTestResult executionId="1ec8919f-bd29-4c5e-9234-59e65874d376" testId="499a4bba-291d-374f-711c-1097a1a52e0f" testName="Carlton.Base.Components.Test.AccordionSelectComponentTests.AccordionSelect_ItemsParams_RendersCorrectly(items: [SelectItem { Name = Item 1, Index = 0, Value = 1 }, SelectItem { Name = Item 2, Index = 1, Value = 2 }, SelectItem { Name = Item 3, Index = 2, Value = 3 }])" computerName="DESKTOP-HE04GST" duration="00:00:00.0027125" startTime="2023-04-30T09:40:42.6059679-04:00" endTime="2023-04-30T09:40:42.6059681-04:00" testType="13cdc9d9-ddb5-4fa4-a97d-d965ccfc6d4b" outcome="Passed" testListId="8c84fa94-04c1-424b-9868-57a2d4851a1d" relativeResultsDirectory="1ec8919f-bd29-4c5e-9234-59e65874d376" />
    <UnitTestResult executionId="0b4993fa-0055-484e-b0d3-9c57a5c16764" testId="ea8df251-c950-3cc7-7913-16d1bb48ae44" testName="Carlton.Base.Components.Test.TablePaginationRowComponentTests.TablePaginationRow_OnPaginationChangedCallback_FiresEvent(selectedPage: 3, selectedRowsPerPage: 10, expectedPage: 2)" computerName="DESKTOP-HE04GST" duration="00:00:00.0125862" startTime="2023-04-30T09:40:42.5846581-04:00" endTime="2023-04-30T09:40:42.5846583-04:00" testType="13cdc9d9-ddb5-4fa4-a97d-d965ccfc6d4b" outcome="Passed" testListId="8c84fa94-04c1-424b-9868-57a2d4851a1d" relativeResultsDirectory="0b4993fa-0055-484e-b0d3-9c57a5c16764" />
    <UnitTestResult executionId="6618496b-1898-4431-8757-0f5648fd5527" testId="e0fdcb3f-6425-8c09-96d8-e66744e0ac09" testName="Carlton.Base.Components.Test.SlideTabComponentTests.SlideTab_TitleParam_RendersCorrectly(expectedTitle: &quot;One Final Test Title&quot;)" computerName="DESKTOP-HE04GST" duration="00:00:00.0030626" startTime="2023-04-30T09:40:42.2728464-04:00" endTime="2023-04-30T09:40:42.2728466-04:00" testType="13cdc9d9-ddb5-4fa4-a97d-d965ccfc6d4b" outcome="Passed" testListId="8c84fa94-04c1-424b-9868-57a2d4851a1d" relativeResultsDirectory="6618496b-1898-4431-8757-0f5648fd5527" />
    <UnitTestResult executionId="c1a91939-e940-4261-b900-d0485e42f95c" testId="6adfb11f-b707-1c16-4f78-f05186887b40" testName="Carlton.Base.Components.Test.ConsoleComponentTests.Console_IsValidParam_RendersCorrectly(expectedIsValid: False)" computerName="DESKTOP-HE04GST" duration="00:00:00.0078111" startTime="2023-04-30T09:40:42.2613725-04:00" endTime="2023-04-30T09:40:42.2613726-04:00" testType="13cdc9d9-ddb5-4fa4-a97d-d965ccfc6d4b" outcome="Passed" testListId="8c84fa94-04c1-424b-9868-57a2d4851a1d" relativeResultsDirectory="c1a91939-e940-4261-b900-d0485e42f95c" />
    <UnitTestResult executionId="d5a1b85a-45be-4c4a-a312-803c78cc781f" testId="4f8bba3f-ea59-4891-a117-39ddd264c169" testName="Carlton.Base.Components.Test.MobileTabBarComponentTests.MobileTabBar_ShowDisplayTextParam_RendersCorrectly(showDisplayText: False)" computerName="DESKTOP-HE04GST" duration="00:00:00.0151030" startTime="2023-04-30T09:40:42.5627577-04:00" endTime="2023-04-30T09:40:42.5627580-04:00" testType="13cdc9d9-ddb5-4fa4-a97d-d965ccfc6d4b" outcome="Passed" testListId="8c84fa94-04c1-424b-9868-57a2d4851a1d" relativeResultsDirectory="d5a1b85a-45be-4c4a-a312-803c78cc781f" />
    <UnitTestResult executionId="b66e4c43-d421-4165-b550-45b282502a88" testId="674e55d2-559b-2a72-32e8-b5e3b33d3bc0" testName="Carlton.Base.Components.Test.CardComponentTests.Card_HeaderContentChildParam_RendersCorrectly(expectedHeaderContent: &quot;&lt;span&gt;Header Testing Content 1&lt;/span&gt;&quot;)" computerName="DESKTOP-HE04GST" duration="00:00:00.0029260" startTime="2023-04-30T09:40:42.5771060-04:00" endTime="2023-04-30T09:40:42.5771061-04:00" testType="13cdc9d9-ddb5-4fa4-a97d-d965ccfc6d4b" outcome="Passed" testListId="8c84fa94-04c1-424b-9868-57a2d4851a1d" relativeResultsDirectory="b66e4c43-d421-4165-b550-45b282502a88" />
    <UnitTestResult executionId="77e54f3e-510a-4d5e-8887-0392f80da382" testId="eb2000eb-be48-b645-012d-23b04fb855fa" testName="Carlton.Base.Components.Test.SelectComponentTests.Select_SelectedValueParam_RendersCorrectly(selectedValue: 1, expectedLabel: &quot;Option 1&quot;)" computerName="DESKTOP-HE04GST" duration="00:00:00.0020379" startTime="2023-04-30T09:40:42.2978317-04:00" endTime="2023-04-30T09:40:42.2978318-04:00" testType="13cdc9d9-ddb5-4fa4-a97d-d965ccfc6d4b" outcome="Passed" testListId="8c84fa94-04c1-424b-9868-57a2d4851a1d" relativeResultsDirectory="77e54f3e-510a-4d5e-8887-0392f80da382" />
    <UnitTestResult executionId="93fa2c57-fec4-4075-abb8-a833591a5358" testId="a49a766e-c0a2-a4b7-2f15-d1dcccd58d2a" testName="Carlton.Base.Components.Test.ListCardComponentTests.ListCard_HeaderContentChildParam_RendersCorrectly(expectedHeaderContent: &quot;&lt;span&gt;Event More Header Testing Content&lt;/span&gt;&quot;)" computerName="DESKTOP-HE04GST" duration="00:00:00.0025347" startTime="2023-04-30T09:40:42.4573025-04:00" endTime="2023-04-30T09:40:42.4573026-04:00" testType="13cdc9d9-ddb5-4fa4-a97d-d965ccfc6d4b" outcome="Passed" testListId="8c84fa94-04c1-424b-9868-57a2d4851a1d" relativeResultsDirectory="93fa2c57-fec4-4075-abb8-a833591a5358" />
    <UnitTestResult executionId="362981a1-8fc5-4982-a525-985bbd31dd68" testId="d8f0c920-c22a-d3bb-c6d9-8857d2f2f6e8" testName="Carlton.Base.Components.Test.DropDownMenuElementComponentTests.DropDownMenuElement_OnMenuItemSelectedParam_RendersCorrectly(value: 1)" computerName="DESKTOP-HE04GST" duration="00:00:00.0114944" startTime="2023-04-30T09:40:42.2650753-04:00" endTime="2023-04-30T09:40:42.2650755-04:00" testType="13cdc9d9-ddb5-4fa4-a97d-d965ccfc6d4b" outcome="Passed" testListId="8c84fa94-04c1-424b-9868-57a2d4851a1d" relativeResultsDirectory="362981a1-8fc5-4982-a525-985bbd31dd68" />
    <UnitTestResult executionId="baebed57-3f89-4863-9f15-23d944cbf711" testId="7f6a9984-6418-1329-1ddd-ff46325f35f0" testName="Carlton.Base.Components.Test.DesktopTabBarComponentTests.DesktopTabBar_ActiveTabClass_RendersCorrectly(activeTabIndex: 1)" computerName="DESKTOP-HE04GST" duration="00:00:00.0063963" startTime="2023-04-30T09:40:42.4398963-04:00" endTime="2023-04-30T09:40:42.4398965-04:00" testType="13cdc9d9-ddb5-4fa4-a97d-d965ccfc6d4b" outcome="Passed" testListId="8c84fa94-04c1-424b-9868-57a2d4851a1d" relativeResultsDirectory="baebed57-3f89-4863-9f15-23d944cbf711" />
    <UnitTestResult executionId="b3b53bcd-b114-4a6c-a676-0897a163b624" testId="4dface37-f7d5-e179-cda3-11b6fc0ed259" testName="Carlton.Base.Components.Test.NotificationBarComponentTests.NotificationBar_FadeOutEnabledParam_RendersCorrectly(fadeOutEnabled: False, notificationClass: &quot;info-btn&quot;)" computerName="DESKTOP-HE04GST" duration="00:00:00.0100170" startTime="2023-04-30T09:40:42.3716314-04:00" endTime="2023-04-30T09:40:42.3716317-04:00" testType="13cdc9d9-ddb5-4fa4-a97d-d965ccfc6d4b" outcome="Passed" testListId="8c84fa94-04c1-424b-9868-57a2d4851a1d" relativeResultsDirectory="b3b53bcd-b114-4a6c-a676-0897a163b624" />
    <UnitTestResult executionId="f7f1b88d-d2bf-472f-87c6-194fb7453a73" testId="0b97f27c-fe86-c1fc-4ad3-df5b339bb0c0" testName="Carlton.Base.Components.Test.MobileTabBarComponentTests.MobileTabBar_WithThreeTabs_RendersCorrectly" computerName="DESKTOP-HE04GST" duration="00:00:00.0061608" startTime="2023-04-30T09:40:42.5883368-04:00" endTime="2023-04-30T09:40:42.5883371-04:00" testType="13cdc9d9-ddb5-4fa4-a97d-d965ccfc6d4b" outcome="Passed" testListId="8c84fa94-04c1-424b-9868-57a2d4851a1d" relativeResultsDirectory="f7f1b88d-d2bf-472f-87c6-194fb7453a73" />
    <UnitTestResult executionId="df5053ff-8608-43c5-8053-9e7e7832f849" testId="c1fd8e65-8e01-0474-0fff-7d2af4135b46" testName="Carlton.Base.Components.Test.TableComponentTests.Table_ItemsChangedCallback_FiresEvent(currentPage: 2, optIndex: 1, expectedSkip: 10, expectedTake: 10)" computerName="DESKTOP-HE04GST" duration="00:00:00.0146718" startTime="2023-04-30T09:40:42.5780026-04:00" endTime="2023-04-30T09:40:42.5780026-04:00" testType="13cdc9d9-ddb5-4fa4-a97d-d965ccfc6d4b" outcome="Passed" testListId="8c84fa94-04c1-424b-9868-57a2d4851a1d" relativeResultsDirectory="df5053ff-8608-43c5-8053-9e7e7832f849" />
    <UnitTestResult executionId="1e863aa5-9f64-4e6e-9c7c-b9d630487ab1" testId="684d119b-bf29-0359-d6c0-2d83b20138f4" testName="Carlton.Base.Components.Test.TableHeaderComponentTests.TableHeader_OnClick_DescendingClass_RendersCorrectly(selectedIndex: 1)" computerName="DESKTOP-HE04GST" duration="00:00:00.0046664" startTime="2023-04-30T09:40:42.5760698-04:00" endTime="2023-04-30T09:40:42.5760698-04:00" testType="13cdc9d9-ddb5-4fa4-a97d-d965ccfc6d4b" outcome="Passed" testListId="8c84fa94-04c1-424b-9868-57a2d4851a1d" relativeResultsDirectory="1e863aa5-9f64-4e6e-9c7c-b9d630487ab1" />
    <UnitTestResult executionId="d6337143-2ff9-4c94-ac04-ba79e4342335" testId="61e1b106-29d8-ebe9-5280-29055e086c8a" testName="Carlton.Base.Components.Test.TablePaginationRowComponentTests.TablePaginationRow_ItemCountLessThanItemsPerPage_RightChevronsDisabled_RendersCorrectly(itemCount: 2)" computerName="DESKTOP-HE04GST" duration="00:00:00.0059854" startTime="2023-04-30T09:40:42.6583874-04:00" endTime="2023-04-30T09:40:42.6583876-04:00" testType="13cdc9d9-ddb5-4fa4-a97d-d965ccfc6d4b" outcome="Passed" testListId="8c84fa94-04c1-424b-9868-57a2d4851a1d" relativeResultsDirectory="d6337143-2ff9-4c94-ac04-ba79e4342335" />
    <UnitTestResult executionId="3eaefcca-071f-4eb0-b40c-2721222d6918" testId="a32d1ab1-d7c5-d068-d255-020c3716ee13" testName="Carlton.Base.Components.Test.DesktopTabBarComponentTests.DesktopTabBar_ActiveTab_RendersCorrectly(activeTabIndex: 2, expectedText: &quot;&lt;span&gt;This is the third tab&lt;/span&gt;&quot;)" computerName="DESKTOP-HE04GST" duration="00:00:00.0070770" startTime="2023-04-30T09:40:42.4224867-04:00" endTime="2023-04-30T09:40:42.4224868-04:00" testType="13cdc9d9-ddb5-4fa4-a97d-d965ccfc6d4b" outcome="Passed" testListId="8c84fa94-04c1-424b-9868-57a2d4851a1d" relativeResultsDirectory="3eaefcca-071f-4eb0-b40c-2721222d6918" />
    <UnitTestResult executionId="45db20aa-4189-4350-92d8-c282f5e06e11" testId="afc67675-4ede-eedc-88e8-752665cb23e0" testName="Carlton.Base.Components.Test.NotificationBarComponentTests.NotificationBar_Markup_RendersCorrectly" computerName="DESKTOP-HE04GST" duration="00:00:00.0042863" startTime="2023-04-30T09:40:42.4400214-04:00" endTime="2023-04-30T09:40:42.4400216-04:00" testType="13cdc9d9-ddb5-4fa4-a97d-d965ccfc6d4b" outcome="Passed" testListId="8c84fa94-04c1-424b-9868-57a2d4851a1d" relativeResultsDirectory="45db20aa-4189-4350-92d8-c282f5e06e11" />
    <UnitTestResult executionId="52ca7c45-ce40-40e3-9506-ce5d2bd1f99a" testId="d9e12bf2-ab5b-0ec6-1214-606db4380b58" testName="Carlton.Base.Components.Test.TableHeaderComponentTests.TableHeader_ClickHeadersOnceTwice_EventFires(columnIndex: 1, expectedColumnName: &quot;DisplayName&quot;)" computerName="DESKTOP-HE04GST" duration="00:00:00.0031210" startTime="2023-04-30T09:40:42.4785472-04:00" endTime="2023-04-30T09:40:42.4785475-04:00" testType="13cdc9d9-ddb5-4fa4-a97d-d965ccfc6d4b" outcome="Passed" testListId="8c84fa94-04c1-424b-9868-57a2d4851a1d" relativeResultsDirectory="52ca7c45-ce40-40e3-9506-ce5d2bd1f99a" />
    <UnitTestResult executionId="54250054-e357-487e-920c-68c4e9ac17b5" testId="d2c9aff5-47d5-b79a-c0eb-4e831caf7a21" testName="Carlton.Base.Components.Test.TablePaginationRowComponentTests.TablePaginationRow_ItemCountGreaterThanItemsPerPage_RightChevronsEnabled_RendersCorrectly(itemCount: 50)" computerName="DESKTOP-HE04GST" duration="00:00:00.0016562" startTime="2023-04-30T09:40:42.6739191-04:00" endTime="2023-04-30T09:40:42.6739193-04:00" testType="13cdc9d9-ddb5-4fa4-a97d-d965ccfc6d4b" outcome="Passed" testListId="8c84fa94-04c1-424b-9868-57a2d4851a1d" relativeResultsDirectory="54250054-e357-487e-920c-68c4e9ac17b5" />
    <UnitTestResult executionId="4d1d2184-f8ac-42ea-8bc9-bb5abbb117b9" testId="91cab3e6-f6e6-ffd2-a883-2556c43bc8c0" testName="Carlton.Base.Components.Test.NotificationBarComponentTests.NotificationBar_ClickEvent_RendersCorrectly(btnClass: &quot;success-btn&quot;, expectedType: typeof(Carlton.Base.Components.SuccessNotification))" computerName="DESKTOP-HE04GST" duration="00:00:00.0040193" startTime="2023-04-30T09:40:42.4021929-04:00" endTime="2023-04-30T09:40:42.4021932-04:00" testType="13cdc9d9-ddb5-4fa4-a97d-d965ccfc6d4b" outcome="Passed" testListId="8c84fa94-04c1-424b-9868-57a2d4851a1d" relativeResultsDirectory="4d1d2184-f8ac-42ea-8bc9-bb5abbb117b9" />
    <UnitTestResult executionId="08dde473-7d12-4d20-8380-21bcf85a1bfb" testId="e1b6bec7-160e-aa54-3156-206a80de3487" testName="Carlton.Base.Components.Test.BreadCrumbsComponentTests.BreadCrumbs_TitleParam_RendersCorrectly(expectedTitle: &quot;Yet Another Test Title&quot;)" computerName="DESKTOP-HE04GST" duration="00:00:00.0016771" startTime="2023-04-30T09:40:42.3508145-04:00" endTime="2023-04-30T09:40:42.3508146-04:00" testType="13cdc9d9-ddb5-4fa4-a97d-d965ccfc6d4b" outcome="Passed" testListId="8c84fa94-04c1-424b-9868-57a2d4851a1d" relativeResultsDirectory="08dde473-7d12-4d20-8380-21bcf85a1bfb" />
    <UnitTestResult executionId="522264d0-c643-4700-a5d3-9d92b91725fb" testId="fcd25c10-c16d-6e3a-163b-5f53194e3189" testName="Carlton.Base.Components.Test.AccordionSelectComponentTests.AccordionSelect_SelectedValueParam_RendersCorrectly(selectedIndex: 1, selectedValue: 2)" computerName="DESKTOP-HE04GST" duration="00:00:00.0018815" startTime="2023-04-30T09:40:42.5850258-04:00" endTime="2023-04-30T09:40:42.5850259-04:00" testType="13cdc9d9-ddb5-4fa4-a97d-d965ccfc6d4b" outcome="Passed" testListId="8c84fa94-04c1-424b-9868-57a2d4851a1d" relativeResultsDirectory="522264d0-c643-4700-a5d3-9d92b91725fb" />
    <UnitTestResult executionId="08d5fa80-54ff-47bf-8dc8-c8798909f34a" testId="07e3bbd6-7365-4e2d-bb09-fdfd715d2865" testName="Carlton.Base.Components.Test.AccordionSelectComponentTests.AccordionSelect_SelectedValueParamDoesNotExist_RendersCorrectly" computerName="DESKTOP-HE04GST" duration="00:00:00.0113858" startTime="2023-04-30T09:40:42.4981418-04:00" endTime="2023-04-30T09:40:42.4981420-04:00" testType="13cdc9d9-ddb5-4fa4-a97d-d965ccfc6d4b" outcome="Passed" testListId="8c84fa94-04c1-424b-9868-57a2d4851a1d" relativeResultsDirectory="08d5fa80-54ff-47bf-8dc8-c8798909f34a" />
    <UnitTestResult executionId="806aa653-7a26-4a22-bf5e-b3c8b9412418" testId="b076ac6c-261b-164f-31f2-2b1cbc6f2155" testName="Carlton.Base.Components.Test.ListCardComponentTests.ListCard_HeaderContentChildParam_RendersCorrectly(expectedHeaderContent: &quot;&lt;span&gt;Header Testing Content&lt;/span&gt;&quot;)" computerName="DESKTOP-HE04GST" duration="00:00:00.0189132" startTime="2023-04-30T09:40:42.4551420-04:00" endTime="2023-04-30T09:40:42.4551421-04:00" testType="13cdc9d9-ddb5-4fa4-a97d-d965ccfc6d4b" outcome="Passed" testListId="8c84fa94-04c1-424b-9868-57a2d4851a1d" relativeResultsDirectory="806aa653-7a26-4a22-bf5e-b3c8b9412418" />
    <UnitTestResult executionId="b2d3b311-b6ae-44b3-b41f-995c7dc3840a" testId="fc7b79c7-3523-04fd-60af-a22152a3cdb2" testName="Carlton.Base.Components.Test.SelectComponentTests.Select_OptionsParam_OptsCount_RendersCorrectly(opts: [[&quot;Item 1&quot;] = 1, [&quot;Item 2&quot;] = 2])" computerName="DESKTOP-HE04GST" duration="00:00:00.0065224" startTime="2023-04-30T09:40:42.2612308-04:00" endTime="2023-04-30T09:40:42.2612309-04:00" testType="13cdc9d9-ddb5-4fa4-a97d-d965ccfc6d4b" outcome="Passed" testListId="8c84fa94-04c1-424b-9868-57a2d4851a1d" relativeResultsDirectory="b2d3b311-b6ae-44b3-b41f-995c7dc3840a" />
    <UnitTestResult executionId="4facc2ba-2390-49b9-8dd0-9c786b5c820e" testId="73754bc2-b000-9e2a-28d6-b696512a0fa5" testName="Carlton.Base.Components.Test.TablePaginationRowComponentTests.TablePaginationRow_ItemCountLessThanItemsPerPage_RightChevronsDisabled_RendersCorrectly(itemCount: 3)" computerName="DESKTOP-HE04GST" duration="00:00:00.0022887" startTime="2023-04-30T09:40:42.6576082-04:00" endTime="2023-04-30T09:40:42.6576083-04:00" testType="13cdc9d9-ddb5-4fa4-a97d-d965ccfc6d4b" outcome="Passed" testListId="8c84fa94-04c1-424b-9868-57a2d4851a1d" relativeResultsDirectory="4facc2ba-2390-49b9-8dd0-9c786b5c820e" />
    <UnitTestResult executionId="fcfb3760-f550-4aa8-9f21-3c99f46e955c" testId="e0cddd5e-2a45-1288-289d-9ff1fd5e0351" testName="Carlton.Base.Components.Test.DropDownMenuComponentTests.DropDownMenuElement_MenuItemsParams_RendersCorrectly(items: [DropdownMenuItem { MenuItemName = Item 1, Value = 1, MenuIcon = icon-1, AccentColorIndex = 1 }, DropdownMenuItem { MenuItemName = Item 2, Value = 2, MenuIcon = icon-2, AccentColorIndex = 2 }, DropdownMenuItem { MenuItemName = Item 3, Value = 3, MenuIcon = icon-3, AccentColorIndex = 3 }])" computerName="DESKTOP-HE04GST" duration="00:00:00.0021077" startTime="2023-04-30T09:40:42.4174781-04:00" endTime="2023-04-30T09:40:42.4174783-04:00" testType="13cdc9d9-ddb5-4fa4-a97d-d965ccfc6d4b" outcome="Passed" testListId="8c84fa94-04c1-424b-9868-57a2d4851a1d" relativeResultsDirectory="fcfb3760-f550-4aa8-9f21-3c99f46e955c" />
    <UnitTestResult executionId="c5336b91-d07a-4ade-89cb-f08641ed5d9e" testId="1c0c0ede-94cf-1f31-cf90-2475a239bc38" testName="Carlton.Base.Components.Test.TablePaginationRowComponentTests.TablePaginationRow_OnPaginationChangedCallback_FiresEvent(selectedPage: 1, selectedRowsPerPage: 5, expectedPage: 1)" computerName="DESKTOP-HE04GST" duration="00:00:00.0025419" startTime="2023-04-30T09:40:42.5797941-04:00" endTime="2023-04-30T09:40:42.5797942-04:00" testType="13cdc9d9-ddb5-4fa4-a97d-d965ccfc6d4b" outcome="Passed" testListId="8c84fa94-04c1-424b-9868-57a2d4851a1d" relativeResultsDirectory="c5336b91-d07a-4ade-89cb-f08641ed5d9e" />
    <UnitTestResult executionId="33985aa6-5d3b-4a98-8508-48645c8f1710" testId="18569e55-01d3-2cbe-9a47-b7a6b6af48bd" testName="Carlton.Base.Components.Test.ListCardComponentTests.ListCard_ItemsParam_RendersCorrectly(expectedItems: [7])" computerName="DESKTOP-HE04GST" duration="00:00:00.0020958" startTime="2023-04-30T09:40:42.4197904-04:00" endTime="2023-04-30T09:40:42.4197905-04:00" testType="13cdc9d9-ddb5-4fa4-a97d-d965ccfc6d4b" outcome="Passed" testListId="8c84fa94-04c1-424b-9868-57a2d4851a1d" relativeResultsDirectory="33985aa6-5d3b-4a98-8508-48645c8f1710" />
    <UnitTestResult executionId="1c0ca9de-a5d0-495a-b609-618fe578c018" testId="f8e87052-3c31-7772-0006-d96208939871" testName="Carlton.Base.Components.Test.CountCardComponentTests.CountCard_CountParam_RendersCorrectly(count: 30)" computerName="DESKTOP-HE04GST" duration="00:00:00.0096221" startTime="2023-04-30T09:40:42.3576905-04:00" endTime="2023-04-30T09:40:42.3576907-04:00" testType="13cdc9d9-ddb5-4fa4-a97d-d965ccfc6d4b" outcome="Passed" testListId="8c84fa94-04c1-424b-9868-57a2d4851a1d" relativeResultsDirectory="1c0ca9de-a5d0-495a-b609-618fe578c018" />
    <UnitTestResult executionId="c33fe701-a732-4ffb-bee1-cddd7915750f" testId="6c359ed0-fe50-b1fc-9e35-70ec37981b43" testName="Carlton.Base.Components.Test.AccordionSelectComponentTests.AccordionSelect_SelectedValueParam_RendersCorrectly(selectedIndex: 2, selectedValue: 3)" computerName="DESKTOP-HE04GST" duration="00:00:00.0021496" startTime="2023-04-30T09:40:42.5848865-04:00" endTime="2023-04-30T09:40:42.5848866-04:00" testType="13cdc9d9-ddb5-4fa4-a97d-d965ccfc6d4b" outcome="Passed" testListId="8c84fa94-04c1-424b-9868-57a2d4851a1d" relativeResultsDirectory="c33fe701-a732-4ffb-bee1-cddd7915750f" />
    <UnitTestResult executionId="756a27a6-5780-4e2d-bd7b-b2d3179018b9" testId="0afa6e93-21df-6485-679f-9075d24581f2" testName="Carlton.Base.Components.Test.DropDownMenuElementComponentTests.DropDownMenuElement_MenuItemAccentColorIndexParam_RendersCorrectly(accentColorIndex: 2, expectedValue: &quot;accent-color-2&quot;)" computerName="DESKTOP-HE04GST" duration="00:00:00.5994260" startTime="2023-04-30T09:40:42.2183491-04:00" endTime="2023-04-30T09:40:42.2183492-04:00" testType="13cdc9d9-ddb5-4fa4-a97d-d965ccfc6d4b" outcome="Passed" testListId="8c84fa94-04c1-424b-9868-57a2d4851a1d" relativeResultsDirectory="756a27a6-5780-4e2d-bd7b-b2d3179018b9" />
    <UnitTestResult executionId="f2d03bc7-4473-48fa-9c3d-b1c7a69cf2cb" testId="ecc30bc4-46be-bc3d-f1cf-7cf78fe8f2ab" testName="Carlton.Base.Components.Test.TablePaginationRowComponentTests.TablePaginationRow_PaginationLabel_RendersCorrectly(currentPage: 1, currentRowsPerPage: 15, expectedText: &quot;1-15 of 15&quot;)" computerName="DESKTOP-HE04GST" duration="00:00:00.0030228" startTime="2023-04-30T09:40:42.6030088-04:00" endTime="2023-04-30T09:40:42.6030090-04:00" testType="13cdc9d9-ddb5-4fa4-a97d-d965ccfc6d4b" outcome="Passed" testListId="8c84fa94-04c1-424b-9868-57a2d4851a1d" relativeResultsDirectory="f2d03bc7-4473-48fa-9c3d-b1c7a69cf2cb" />
    <UnitTestResult executionId="3e27886b-414a-40c5-b52c-fc2ba147cd67" testId="e012fd6d-d5f7-c5d4-58d5-2f3f9b3d5de3" testName="Carlton.Base.Components.Test.MobileTabBarComponentTests.MobileTabBar_Markup_RendersCorrectly" computerName="DESKTOP-HE04GST" duration="00:00:00.0168222" startTime="2023-04-30T09:40:42.5849511-04:00" endTime="2023-04-30T09:40:42.5849512-04:00" testType="13cdc9d9-ddb5-4fa4-a97d-d965ccfc6d4b" outcome="Passed" testListId="8c84fa94-04c1-424b-9868-57a2d4851a1d" relativeResultsDirectory="3e27886b-414a-40c5-b52c-fc2ba147cd67" />
    <UnitTestResult executionId="ef91cbc3-132d-4629-a0b7-ec994be9d39d" testId="38f24bd1-c5d2-b046-3be4-29128b1c3535" testName="Carlton.Base.Components.Test.ListCardComponentTests.ListCard_CardSubTitleParam_RendersCorrectly(subtitle: &quot;Test Subtitle 3&quot;)" computerName="DESKTOP-HE04GST" duration="00:00:00.0305323" startTime="2023-04-30T09:40:42.3611266-04:00" endTime="2023-04-30T09:40:42.3611267-04:00" testType="13cdc9d9-ddb5-4fa4-a97d-d965ccfc6d4b" outcome="Passed" testListId="8c84fa94-04c1-424b-9868-57a2d4851a1d" relativeResultsDirectory="ef91cbc3-132d-4629-a0b7-ec994be9d39d" />
    <UnitTestResult executionId="d9be6036-d22a-4c7a-a1f8-d53ecb71b116" testId="4ead736c-1e06-7828-c8d6-26a8e046cf24" testName="Carlton.Base.Components.Test.NotificationBarComponentTests.NotificationBar_FadeOutEnabledParam_RendersCorrectly(fadeOutEnabled: True, notificationClass: &quot;info-btn&quot;)" computerName="DESKTOP-HE04GST" duration="00:00:00.0056497" startTime="2023-04-30T09:40:42.3799094-04:00" endTime="2023-04-30T09:40:42.3799095-04:00" testType="13cdc9d9-ddb5-4fa4-a97d-d965ccfc6d4b" outcome="Passed" testListId="8c84fa94-04c1-424b-9868-57a2d4851a1d" relativeResultsDirectory="d9be6036-d22a-4c7a-a1f8-d53ecb71b116" />
    <UnitTestResult executionId="d8756e6e-7ac2-4976-b344-15df13ed3c13" testId="11467e6d-1446-1c33-4c35-953b21f647c3" testName="Carlton.Base.Components.Test.TableHeaderComponentTests.TableHeader_InvalidOrderColumnParam_RendersCorrectly(columnName: &quot;Also Wrong&quot;)" computerName="DESKTOP-HE04GST" duration="00:00:00.0027969" startTime="2023-04-30T09:40:42.5787582-04:00" endTime="2023-04-30T09:40:42.5787582-04:00" testType="13cdc9d9-ddb5-4fa4-a97d-d965ccfc6d4b" outcome="Passed" testListId="8c84fa94-04c1-424b-9868-57a2d4851a1d" relativeResultsDirectory="d8756e6e-7ac2-4976-b344-15df13ed3c13" />
    <UnitTestResult executionId="cbb19351-553f-4a57-99da-7e34d80bcf47" testId="e89c759a-07b6-738f-393f-29d4295989c6" testName="Carlton.Base.Components.Test.AccordionSelectComponentTests.AccordionSelect_TitleParam_RendersCorrectly(expectedTitle: &quot;Test 3&quot;)" computerName="DESKTOP-HE04GST" duration="00:00:00.0020111" startTime="2023-04-30T09:40:42.4798942-04:00" endTime="2023-04-30T09:40:42.4798944-04:00" testType="13cdc9d9-ddb5-4fa4-a97d-d965ccfc6d4b" outcome="Passed" testListId="8c84fa94-04c1-424b-9868-57a2d4851a1d" relativeResultsDirectory="cbb19351-553f-4a57-99da-7e34d80bcf47" />
    <UnitTestResult executionId="2390a22d-bb56-4d46-a6b8-40f737897770" testId="57d71933-573e-2980-1c8e-daf760c7914e" testName="Carlton.Base.Components.Test.DesktopTabBarComponentTests.DesktopTabBar_ChildDisplayTextParam_RendersCorrectly(displayText: &quot;Display Test Again&quot;)" computerName="DESKTOP-HE04GST" duration="00:00:00.0023222" startTime="2023-04-30T09:40:42.3847814-04:00" endTime="2023-04-30T09:40:42.3847816-04:00" testType="13cdc9d9-ddb5-4fa4-a97d-d965ccfc6d4b" outcome="Passed" testListId="8c84fa94-04c1-424b-9868-57a2d4851a1d" relativeResultsDirectory="2390a22d-bb56-4d46-a6b8-40f737897770" />
    <UnitTestResult executionId="3ac99ad3-549f-4f2c-90cc-60b8611861de" testId="1ff3aeae-7a63-fbe9-58e8-019dae187cfb" testName="Carlton.Base.Components.Test.AccordionSelectComponentTests.AccordionSelect_SelectedItemChangedParam_FiresCallback(itemIndex: 1, expectedValue: 2)" computerName="DESKTOP-HE04GST" duration="00:00:00.0195634" startTime="2023-04-30T09:40:42.5798566-04:00" endTime="2023-04-30T09:40:42.5798567-04:00" testType="13cdc9d9-ddb5-4fa4-a97d-d965ccfc6d4b" outcome="Passed" testListId="8c84fa94-04c1-424b-9868-57a2d4851a1d" relativeResultsDirectory="3ac99ad3-549f-4f2c-90cc-60b8611861de" />
    <UnitTestResult executionId="816bdd07-ab9c-4957-8f65-e60da981878e" testId="414a0397-f54b-8531-79ed-4155a6e28bf0" testName="Carlton.Base.Components.Test.DesktopTabBarComponentTests.DesktopTabBar_WithTwoTabs_RendersCorrectly" computerName="DESKTOP-HE04GST" duration="00:00:00.0055738" startTime="2023-04-30T09:40:42.4813946-04:00" endTime="2023-04-30T09:40:42.4813948-04:00" testType="13cdc9d9-ddb5-4fa4-a97d-d965ccfc6d4b" outcome="Passed" testListId="8c84fa94-04c1-424b-9868-57a2d4851a1d" relativeResultsDirectory="816bdd07-ab9c-4957-8f65-e60da981878e" />
    <UnitTestResult executionId="ce516ebc-4c10-4e83-83c2-927d2667bb91" testId="8e78724c-63f5-ec91-5670-cd3a85e04fc8" testName="Carlton.Base.Components.Test.TableHeaderComponentTests.TableHeader_OrderColumnParam_And_OrderDirectionParam_RendersCorrectly(columnName: &quot;DisplayName&quot;, columnIndex: 1, orderAscending: False)" computerName="DESKTOP-HE04GST" duration="00:00:00.0030855" startTime="2023-04-30T09:40:42.4993270-04:00" endTime="2023-04-30T09:40:42.4993272-04:00" testType="13cdc9d9-ddb5-4fa4-a97d-d965ccfc6d4b" outcome="Passed" testListId="8c84fa94-04c1-424b-9868-57a2d4851a1d" relativeResultsDirectory="ce516ebc-4c10-4e83-83c2-927d2667bb91" />
    <UnitTestResult executionId="2f4c8d80-8e17-4335-94b8-2c92f18bcef9" testId="7017f552-29c1-e84c-7d16-ba9bc8601904" testName="Carlton.Base.Components.Test.TableComponentTests.Table_ItemsChangedCallback_FiresEvent(currentPage: 3, optIndex: 1, expectedSkip: 10, expectedTake: 5)" computerName="DESKTOP-HE04GST" duration="00:00:00.0543114" startTime="2023-04-30T09:40:42.4589012-04:00" endTime="2023-04-30T09:40:42.4589015-04:00" testType="13cdc9d9-ddb5-4fa4-a97d-d965ccfc6d4b" outcome="Passed" testListId="8c84fa94-04c1-424b-9868-57a2d4851a1d" relativeResultsDirectory="2f4c8d80-8e17-4335-94b8-2c92f18bcef9" />
    <UnitTestResult executionId="49cb2cf8-7631-4e56-81cf-ace13538753e" testId="17369e9f-e0bd-1c7b-7945-dea8f9bd2825" testName="Carlton.Base.Components.Test.TableHeaderComponentTests.TableHeader_OrderColumnParam_And_OrderDirectionParam_RendersCorrectly(columnName: &quot;CreatedDate&quot;, columnIndex: 2, orderAscending: False)" computerName="DESKTOP-HE04GST" duration="00:00:00.0026601" startTime="2023-04-30T09:40:42.5020957-04:00" endTime="2023-04-30T09:40:42.5020959-04:00" testType="13cdc9d9-ddb5-4fa4-a97d-d965ccfc6d4b" outcome="Passed" testListId="8c84fa94-04c1-424b-9868-57a2d4851a1d" relativeResultsDirectory="49cb2cf8-7631-4e56-81cf-ace13538753e" />
    <UnitTestResult executionId="c7a0d541-debf-49d7-ace1-61481aad523b" testId="f5ae9156-697c-b89e-f27a-a4bad46350cf" testName="Carlton.Base.Components.Test.TablePaginationRowComponentTests.TablePaginationRow_PaginationLabel_RendersCorrectly(currentPage: 1, currentRowsPerPage: 10, expectedText: &quot;1-10 of 15&quot;)" computerName="DESKTOP-HE04GST" duration="00:00:00.0025597" startTime="2023-04-30T09:40:42.6358966-04:00" endTime="2023-04-30T09:40:42.6358968-04:00" testType="13cdc9d9-ddb5-4fa4-a97d-d965ccfc6d4b" outcome="Passed" testListId="8c84fa94-04c1-424b-9868-57a2d4851a1d" relativeResultsDirectory="c7a0d541-debf-49d7-ace1-61481aad523b" />
    <UnitTestResult executionId="3b764d2e-6adf-443b-891d-7d21bc55dd3d" testId="b71d196b-5d7d-7218-f948-d0c24d038ef9" testName="Carlton.Base.Components.Test.DropDownMenuComponentTests.DropDownMenuElement_MenuItemTemplateParam_RendersCorrectly" computerName="DESKTOP-HE04GST" duration="00:00:00.0099106" startTime="2023-04-30T09:40:42.3932176-04:00" endTime="2023-04-30T09:40:42.3932179-04:00" testType="13cdc9d9-ddb5-4fa4-a97d-d965ccfc6d4b" outcome="Passed" testListId="8c84fa94-04c1-424b-9868-57a2d4851a1d" relativeResultsDirectory="3b764d2e-6adf-443b-891d-7d21bc55dd3d" />
    <UnitTestResult executionId="c97aa289-d0ee-446f-a004-ffbb57d89a41" testId="a41dcb24-b89d-3f22-c149-d98a0341724c" testName="Carlton.Base.Components.Test.TableComponentTests.Table_HeadingsParam_RendersCorrectly(headings: [TableHeadingItem { DisplayName = ID, OrderColumn = ID }, TableHeadingItem { DisplayName = DisplayName, OrderColumn = DisplayName }])" computerName="DESKTOP-HE04GST" duration="00:00:00.0031346" startTime="2023-04-30T09:40:42.6530044-04:00" endTime="2023-04-30T09:40:42.6530045-04:00" testType="13cdc9d9-ddb5-4fa4-a97d-d965ccfc6d4b" outcome="Passed" testListId="8c84fa94-04c1-424b-9868-57a2d4851a1d" relativeResultsDirectory="c97aa289-d0ee-446f-a004-ffbb57d89a41" />
    <UnitTestResult executionId="9ffd16b0-3df0-4956-94e6-7f661b2e9704" testId="dd897532-7f0f-72fe-4d53-800a9279ec29" testName="Carlton.Base.Components.Test.TablePaginationRowComponentTests.TablePaginationRow_PaginationLabel_ItemCountLessThanItemsPerPage_RendersCorrectly(optIndex: 0)" computerName="DESKTOP-HE04GST" duration="00:00:00.0036692" startTime="2023-04-30T09:40:42.5016085-04:00" endTime="2023-04-30T09:40:42.5016086-04:00" testType="13cdc9d9-ddb5-4fa4-a97d-d965ccfc6d4b" outcome="Passed" testListId="8c84fa94-04c1-424b-9868-57a2d4851a1d" relativeResultsDirectory="9ffd16b0-3df0-4956-94e6-7f661b2e9704" />
    <UnitTestResult executionId="d5850ea8-b624-4560-96f7-21345359a5bc" testId="c4fb013e-c3fa-3f7e-a20f-093fae04a3ce" testName="Carlton.Base.Components.Test.DropDownMenuComponentTests.DropDownMenuElement_StyleParam_RendersCorrectly" computerName="DESKTOP-HE04GST" duration="00:00:00.0180332" startTime="2023-04-30T09:40:42.3793060-04:00" endTime="2023-04-30T09:40:42.3793063-04:00" testType="13cdc9d9-ddb5-4fa4-a97d-d965ccfc6d4b" outcome="Passed" testListId="8c84fa94-04c1-424b-9868-57a2d4851a1d" relativeResultsDirectory="d5850ea8-b624-4560-96f7-21345359a5bc" />
    <UnitTestResult executionId="6e96456a-f6e3-49d2-ad67-055e1977f6d3" testId="9321447f-d766-9024-4984-1ceaf0b5819f" testName="Carlton.Base.Components.Test.AccordionSelectComponentTests.AccordionSelect_MarkupWithNoItems_RendersCorrectly" computerName="DESKTOP-HE04GST" duration="00:00:00.0053616" startTime="2023-04-30T09:40:42.5769734-04:00" endTime="2023-04-30T09:40:42.5769735-04:00" testType="13cdc9d9-ddb5-4fa4-a97d-d965ccfc6d4b" outcome="Passed" testListId="8c84fa94-04c1-424b-9868-57a2d4851a1d" relativeResultsDirectory="6e96456a-f6e3-49d2-ad67-055e1977f6d3" />
    <UnitTestResult executionId="0787a8ac-28f5-4854-a7b9-f85f468103c4" testId="9c40f4b2-e395-94c9-2055-b3813cd48484" testName="Carlton.Base.Components.Test.TablePaginationRowComponentTests.TablePaginationRow_PageGreaterThanOne_LeftChevronsEnabled_RendersCorrectly(currentPage: 3)" computerName="DESKTOP-HE04GST" duration="00:00:00.0030467" startTime="2023-04-30T09:40:42.6574997-04:00" endTime="2023-04-30T09:40:42.6574998-04:00" testType="13cdc9d9-ddb5-4fa4-a97d-d965ccfc6d4b" outcome="Passed" testListId="8c84fa94-04c1-424b-9868-57a2d4851a1d" relativeResultsDirectory="0787a8ac-28f5-4854-a7b9-f85f468103c4" />
    <UnitTestResult executionId="b6ccdacb-22d9-4133-bf54-254e2a1bbbb5" testId="6fd5bb32-f1e4-ed32-b396-0c120007ecc3" testName="Carlton.Base.Components.Test.BreadCrumbsComponentTests.BreadCrumbs_TitleParam_RendersCorrectly(expectedTitle: &quot;Test Title&quot;)" computerName="DESKTOP-HE04GST" duration="00:00:00.0086664" startTime="2023-04-30T09:40:42.3498162-04:00" endTime="2023-04-30T09:40:42.3498164-04:00" testType="13cdc9d9-ddb5-4fa4-a97d-d965ccfc6d4b" outcome="Passed" testListId="8c84fa94-04c1-424b-9868-57a2d4851a1d" relativeResultsDirectory="b6ccdacb-22d9-4133-bf54-254e2a1bbbb5" />
    <UnitTestResult executionId="5e2eca28-ec0a-4a3e-b216-a7773329a1b2" testId="7f0cfee7-83d2-7302-01d8-22231e7281e5" testName="Carlton.Base.Components.Test.DropDownMenuElementComponentTests.DropDownMenuElement_OnMenuItemSelectedParam_RendersCorrectly(value: 8)" computerName="DESKTOP-HE04GST" duration="00:00:00.0074452" startTime="2023-04-30T09:40:42.2641587-04:00" endTime="2023-04-30T09:40:42.2641588-04:00" testType="13cdc9d9-ddb5-4fa4-a97d-d965ccfc6d4b" outcome="Passed" testListId="8c84fa94-04c1-424b-9868-57a2d4851a1d" relativeResultsDirectory="5e2eca28-ec0a-4a3e-b216-a7773329a1b2" />
    <UnitTestResult executionId="64651b6c-f5d7-4ddb-89fb-c0876a158b53" testId="99fe2d9f-2eb0-853a-b738-215cc0d01990" testName="Carlton.Base.Components.Test.TableComponentTests.Table_HeaderItemOnClick_AscendingClass_RendersCorrectly(selectedIndex: 2)" computerName="DESKTOP-HE04GST" duration="00:00:00.0042341" startTime="2023-04-30T09:40:42.6923921-04:00" endTime="2023-04-30T09:40:42.6923924-04:00" testType="13cdc9d9-ddb5-4fa4-a97d-d965ccfc6d4b" outcome="Passed" testListId="8c84fa94-04c1-424b-9868-57a2d4851a1d" relativeResultsDirectory="64651b6c-f5d7-4ddb-89fb-c0876a158b53" />
    <UnitTestResult executionId="a0e10a9d-ae2a-4b58-ba0b-9d947020cf9a" testId="3e551b4b-b7c6-e1c4-c73d-ec6688824e8f" testName="Carlton.Base.Components.Test.SlideTabComponentTests.SlideTab_IsExpandedParam_RendersCorrectly(expectedIsExpanded: True)" computerName="DESKTOP-HE04GST" duration="00:00:00.0164931" startTime="2023-04-30T09:40:42.2651426-04:00" endTime="2023-04-30T09:40:42.2651428-04:00" testType="13cdc9d9-ddb5-4fa4-a97d-d965ccfc6d4b" outcome="Passed" testListId="8c84fa94-04c1-424b-9868-57a2d4851a1d" relativeResultsDirectory="a0e10a9d-ae2a-4b58-ba0b-9d947020cf9a" />
    <UnitTestResult executionId="7c690b33-6142-4043-946d-e0a55736de53" testId="45878f2f-0e73-97ca-b181-7f95ac5a8418" testName="Carlton.Base.Components.Test.TableComponentTests.Table_HeaderItemOnClick_AscendingClass_RendersCorrectly(selectedIndex: 0)" computerName="DESKTOP-HE04GST" duration="00:00:00.0067281" startTime="2023-04-30T09:40:42.6992659-04:00" endTime="2023-04-30T09:40:42.6992661-04:00" testType="13cdc9d9-ddb5-4fa4-a97d-d965ccfc6d4b" outcome="Passed" testListId="8c84fa94-04c1-424b-9868-57a2d4851a1d" relativeResultsDirectory="7c690b33-6142-4043-946d-e0a55736de53" />
    <UnitTestResult executionId="5a15e409-ada3-425d-bec8-5157f9a5357c" testId="0be2e34f-6619-8975-afab-64437187ca4d" testName="Carlton.Base.Components.Test.TableHeaderComponentTests.TableHeader_HeadingsParam_RendersCorrectly(headings: [TableHeadingItem { DisplayName = ID, OrderColumn = ID }, TableHeadingItem { DisplayName = DisplayName, OrderColumn = DisplayName }])" computerName="DESKTOP-HE04GST" duration="00:00:00.0015136" startTime="2023-04-30T09:40:42.6530913-04:00" endTime="2023-04-30T09:40:42.6530913-04:00" testType="13cdc9d9-ddb5-4fa4-a97d-d965ccfc6d4b" outcome="Passed" testListId="8c84fa94-04c1-424b-9868-57a2d4851a1d" relativeResultsDirectory="5a15e409-ada3-425d-bec8-5157f9a5357c" />
    <UnitTestResult executionId="9c1a05c7-393a-4b11-8e21-7997de425311" testId="06c68ee5-4115-5846-7fc3-9d60a4e87d30" testName="Carlton.Base.Components.Test.MobileTabBarComponentTests.MobileTabBar_ShowDisplayIconParam_RendersCorrectly(showDisplayIcon: False)" computerName="DESKTOP-HE04GST" duration="00:00:00.0127120" startTime="2023-04-30T09:40:42.5807277-04:00" endTime="2023-04-30T09:40:42.5807278-04:00" testType="13cdc9d9-ddb5-4fa4-a97d-d965ccfc6d4b" outcome="Passed" testListId="8c84fa94-04c1-424b-9868-57a2d4851a1d" relativeResultsDirectory="9c1a05c7-393a-4b11-8e21-7997de425311" />
    <UnitTestResult executionId="a44c54d5-4293-4882-9ff2-d1cbe00eff45" testId="b32e12fa-2bf4-acc1-061b-74ff1b512708" testName="Carlton.Base.Components.Test.AccordionSelectGroupComponentTests.AccordionSelectGroup_ClickEvent_RendersCorrectly(groupIndex: 1, itemIndex: 2, expectedValue: 3)" computerName="DESKTOP-HE04GST" duration="00:00:00.0162339" startTime="2023-04-30T09:40:42.4157965-04:00" endTime="2023-04-30T09:40:42.4157966-04:00" testType="13cdc9d9-ddb5-4fa4-a97d-d965ccfc6d4b" outcome="Passed" testListId="8c84fa94-04c1-424b-9868-57a2d4851a1d" relativeResultsDirectory="a44c54d5-4293-4882-9ff2-d1cbe00eff45" />
    <UnitTestResult executionId="490a1d7d-2f2b-4994-8d6e-f82a415222bb" testId="2ede1c93-1a23-c618-a45a-75a973ec060c" testName="Carlton.Base.Components.Test.TableComponentTests.Table_RowsPerPageOptsParam_RendersCorrectly(rowsPerPageOpts: [5, 10, 15, 20, 25])" computerName="DESKTOP-HE04GST" duration="00:00:00.0034986" startTime="2023-04-30T09:40:42.7633946-04:00" endTime="2023-04-30T09:40:42.7633948-04:00" testType="13cdc9d9-ddb5-4fa4-a97d-d965ccfc6d4b" outcome="Passed" testListId="8c84fa94-04c1-424b-9868-57a2d4851a1d" relativeResultsDirectory="490a1d7d-2f2b-4994-8d6e-f82a415222bb" />
    <UnitTestResult executionId="325cee8d-6807-4612-8694-51f4acbb3a26" testId="1e71a163-7cc6-73ff-f5a1-2c06a14b2998" testName="Carlton.Base.Components.Test.CountCardComponentTests.CountCard_ThemeParam_RendersCorrectly(theme: Purple)" computerName="DESKTOP-HE04GST" duration="00:00:00.0016743" startTime="2023-04-30T09:40:42.3920197-04:00" endTime="2023-04-30T09:40:42.3920199-04:00" testType="13cdc9d9-ddb5-4fa4-a97d-d965ccfc6d4b" outcome="Passed" testListId="8c84fa94-04c1-424b-9868-57a2d4851a1d" relativeResultsDirectory="325cee8d-6807-4612-8694-51f4acbb3a26" />
    <UnitTestResult executionId="025231dd-2add-439a-b1ea-9f36e57912ee" testId="efd330db-dae5-4a51-bc85-a809a15f1466" testName="Carlton.Base.Components.Test.CountCardComponentTests.CountCard_MessageTemplateParam_RendersCorrectly(messageTemplate: &quot;Items Tracked by this component&quot;)" computerName="DESKTOP-HE04GST" duration="00:00:00.0111765" startTime="2023-04-30T09:40:42.3728137-04:00" endTime="2023-04-30T09:40:42.3728139-04:00" testType="13cdc9d9-ddb5-4fa4-a97d-d965ccfc6d4b" outcome="Passed" testListId="8c84fa94-04c1-424b-9868-57a2d4851a1d" relativeResultsDirectory="025231dd-2add-439a-b1ea-9f36e57912ee" />
    <UnitTestResult executionId="3006bbf8-173c-4543-8876-adf57ffaa7ea" testId="4c624072-3469-3d06-1b6a-9cf723873fdb" testName="Carlton.Base.Components.Test.AccordionSelectGroupComponentTests.AccordionSelectGroup_GroupsParam_RendersCorrectly(groups: [SelectGroup { Name = Group 1, Index = 0, Items = System.Collections.Generic.List`1[Carlton.Base.Components.SelectItem`1[System.Int32]] }, SelectGroup { Name = Group 2, Index = 1, Items = System.Collections.Generic.List`1[Carlton.Base.Components.SelectItem`1[System.Int32]] }])" computerName="DESKTOP-HE04GST" duration="00:00:00.0025453" startTime="2023-04-30T09:40:42.3588138-04:00" endTime="2023-04-30T09:40:42.3588141-04:00" testType="13cdc9d9-ddb5-4fa4-a97d-d965ccfc6d4b" outcome="Passed" testListId="8c84fa94-04c1-424b-9868-57a2d4851a1d" relativeResultsDirectory="3006bbf8-173c-4543-8876-adf57ffaa7ea" />
    <UnitTestResult executionId="fcc25173-aaa1-4fb3-83da-46a05f3e65ef" testId="19699ab8-56b4-61b7-0754-1ac8ee2c3788" testName="Carlton.Base.Components.Test.TableComponentTests.Table_ItemsParam_RendersCorrectly(expected: (System.Collections.ObjectModel.ReadOnlyCollection`1[Carlton.Base.Components.Test.TableTestHelper+TableTestObject], System.Collections.ObjectModel.ReadOnlyCollection`1[System.String]))" computerName="DESKTOP-HE04GST" duration="00:00:00.0065232" startTime="2023-04-30T09:40:42.7284404-04:00" endTime="2023-04-30T09:40:42.7284405-04:00" testType="13cdc9d9-ddb5-4fa4-a97d-d965ccfc6d4b" outcome="Passed" testListId="8c84fa94-04c1-424b-9868-57a2d4851a1d" relativeResultsDirectory="fcc25173-aaa1-4fb3-83da-46a05f3e65ef" />
    <UnitTestResult executionId="7827fe84-b47e-4746-8808-20979aa2116f" testId="2eb286f0-704e-1041-cbe7-249a3f01188e" testName="Carlton.Base.Components.Test.TablePaginationRowComponentTests.TablePaginationRow_OnPaginationChangedCallback_FiresEvent(selectedPage: 1, selectedRowsPerPage: 10, expectedPage: 1)" computerName="DESKTOP-HE04GST" duration="00:00:00.0049414" startTime="2023-04-30T09:40:42.5789553-04:00" endTime="2023-04-30T09:40:42.5789554-04:00" testType="13cdc9d9-ddb5-4fa4-a97d-d965ccfc6d4b" outcome="Passed" testListId="8c84fa94-04c1-424b-9868-57a2d4851a1d" relativeResultsDirectory="7827fe84-b47e-4746-8808-20979aa2116f" />
    <UnitTestResult executionId="ab465178-7537-4634-ba7d-3a6658c855a1" testId="cfdc707a-ae9b-f825-18a1-f453709bdde0" testName="Carlton.Base.Components.Test.MobileTabBarComponentTests.MobileTabBar_ActiveTabClass_RendersCorrectly(activeTabIndex: 2)" computerName="DESKTOP-HE04GST" duration="00:00:00.0107397" startTime="2023-04-30T09:40:42.4978398-04:00" endTime="2023-04-30T09:40:42.4978400-04:00" testType="13cdc9d9-ddb5-4fa4-a97d-d965ccfc6d4b" outcome="Passed" testListId="8c84fa94-04c1-424b-9868-57a2d4851a1d" relativeResultsDirectory="ab465178-7537-4634-ba7d-3a6658c855a1" />
    <UnitTestResult executionId="dfdbce81-19aa-4ba7-87e7-7263f6e9bdea" testId="4408a461-87db-3cee-31e3-ef22beacc86a" testName="Carlton.Base.Components.Test.NotificationBarComponentTests.NotificationBar_TopRightParams_RendersCorrectly(top: 10, right: 5, expectedResult: &quot;top:10px;right:5px;&quot;)" computerName="DESKTOP-HE04GST" duration="00:00:00.0093246" startTime="2023-04-30T09:40:42.4375325-04:00" endTime="2023-04-30T09:40:42.4375326-04:00" testType="13cdc9d9-ddb5-4fa4-a97d-d965ccfc6d4b" outcome="Passed" testListId="8c84fa94-04c1-424b-9868-57a2d4851a1d" relativeResultsDirectory="dfdbce81-19aa-4ba7-87e7-7263f6e9bdea" />
    <UnitTestResult executionId="47372a87-5666-4e62-b3a5-4a1e87bed05b" testId="8bd8f64f-5b3a-ce8b-2a95-38deb100db6e" testName="Carlton.Base.Components.Test.BaseNotificationComponentTests.BaseNotification_Markup_RendersCorrectly" computerName="DESKTOP-HE04GST" duration="00:00:00.0156906" startTime="2023-04-30T09:40:42.4375990-04:00" endTime="2023-04-30T09:40:42.4375992-04:00" testType="13cdc9d9-ddb5-4fa4-a97d-d965ccfc6d4b" outcome="Passed" testListId="8c84fa94-04c1-424b-9868-57a2d4851a1d" relativeResultsDirectory="47372a87-5666-4e62-b3a5-4a1e87bed05b" />
    <UnitTestResult executionId="09e6b1db-9392-4b19-a745-ff4f88056a27" testId="8126e01a-cdcc-e7f3-dd05-3d0d1e78a7c8" testName="Carlton.Base.Components.Test.CardComponentTests.Card_ActionBarContentChildParam_RendersCorrectly(expectedActionBarContent: &quot;ActionBar Testing Content 1&quot;)" computerName="DESKTOP-HE04GST" duration="00:00:00.0017628" startTime="2023-04-30T09:40:42.5762069-04:00" endTime="2023-04-30T09:40:42.5762070-04:00" testType="13cdc9d9-ddb5-4fa4-a97d-d965ccfc6d4b" outcome="Passed" testListId="8c84fa94-04c1-424b-9868-57a2d4851a1d" relativeResultsDirectory="09e6b1db-9392-4b19-a745-ff4f88056a27" />
    <UnitTestResult executionId="d205f95a-59e6-4556-9d1f-032f757115b7" testId="d880a4e2-5397-c2b9-229a-5b82b9fa1cdf" testName="Carlton.Base.Components.Test.AccordionSelectComponentTests.AccordionSelect_ItemClick_RendersCorrectly(selectedIndex: 2, expectedValue: 3)" computerName="DESKTOP-HE04GST" duration="00:00:00.0065179" startTime="2023-04-30T09:40:42.5050013-04:00" endTime="2023-04-30T09:40:42.5050014-04:00" testType="13cdc9d9-ddb5-4fa4-a97d-d965ccfc6d4b" outcome="Passed" testListId="8c84fa94-04c1-424b-9868-57a2d4851a1d" relativeResultsDirectory="d205f95a-59e6-4556-9d1f-032f757115b7" />
    <UnitTestResult executionId="15671fd0-f68c-4496-bb4b-7abcfeb89d82" testId="af23e599-62ff-bbe1-7224-29d5ec4e87a0" testName="Carlton.Base.Components.Test.TablePaginationRowComponentTests.TablePaginationRow_RowsPerPageOptsParam_DefaultsToFirstOption_RendersCorrectly(opts: [5, 10, 15, 20, 25])" computerName="DESKTOP-HE04GST" duration="00:00:00.0013044" startTime="2023-04-30T09:40:42.6689265-04:00" endTime="2023-04-30T09:40:42.6689267-04:00" testType="13cdc9d9-ddb5-4fa4-a97d-d965ccfc6d4b" outcome="Passed" testListId="8c84fa94-04c1-424b-9868-57a2d4851a1d" relativeResultsDirectory="15671fd0-f68c-4496-bb4b-7abcfeb89d82" />
    <UnitTestResult executionId="703c155e-1ee0-4c9c-8870-2aabd167670a" testId="e3d58337-cca2-5278-f8eb-4611788d2b5a" testName="Carlton.Base.Components.Test.TabComponentTests.Tab_Parent_ActiveParam_False_RendersCorrectly" computerName="DESKTOP-HE04GST" duration="00:00:00.0028485" startTime="2023-04-30T09:40:42.4828700-04:00" endTime="2023-04-30T09:40:42.4828701-04:00" testType="13cdc9d9-ddb5-4fa4-a97d-d965ccfc6d4b" outcome="Passed" testListId="8c84fa94-04c1-424b-9868-57a2d4851a1d" relativeResultsDirectory="703c155e-1ee0-4c9c-8870-2aabd167670a" />
    <UnitTestResult executionId="1ed126a6-1262-4d09-8275-ae9fe367dbe5" testId="8604c345-8857-b944-5bd1-a96a9a067ba4" testName="Carlton.Base.Components.Test.AccordionSelectComponentTests.AccordionSelect_IsExpandedParam_RendersCorrectly(isExpanded: False, expectedClass: &quot;mdi-plus-box-outline&quot;)" computerName="DESKTOP-HE04GST" duration="00:00:00.0018502" startTime="2023-04-30T09:40:42.4866398-04:00" endTime="2023-04-30T09:40:42.4866399-04:00" testType="13cdc9d9-ddb5-4fa4-a97d-d965ccfc6d4b" outcome="Passed" testListId="8c84fa94-04c1-424b-9868-57a2d4851a1d" relativeResultsDirectory="1ed126a6-1262-4d09-8275-ae9fe367dbe5" />
    <UnitTestResult executionId="cb5ab17e-376f-450e-a08a-928dda1e616c" testId="526c9bb8-1995-0684-2f22-aa3400de016f" testName="Carlton.Base.Components.Test.TablePaginationRowComponentTests.TablePaginationRow_OnPaginationChangedCallback_FiresEvent(selectedPage: 2, selectedRowsPerPage: 5, expectedPage: 2)" computerName="DESKTOP-HE04GST" duration="00:00:00.0050201" startTime="2023-04-30T09:40:42.5769041-04:00" endTime="2023-04-30T09:40:42.5769042-04:00" testType="13cdc9d9-ddb5-4fa4-a97d-d965ccfc6d4b" outcome="Passed" testListId="8c84fa94-04c1-424b-9868-57a2d4851a1d" relativeResultsDirectory="cb5ab17e-376f-450e-a08a-928dda1e616c" />
    <UnitTestResult executionId="3324cedb-185c-48f3-87e8-83ced479d838" testId="5ae8450b-6671-8b60-6bf9-6010dc1e24d9" testName="Carlton.Base.Components.Test.TablePaginationRowComponentTests.TablePaginationRow_PaginationLabel_RendersCorrectly(currentPage: 2, currentRowsPerPage: 15, expectedText: &quot;1-15 of 15&quot;)" computerName="DESKTOP-HE04GST" duration="00:00:00.0040970" startTime="2023-04-30T09:40:42.6164761-04:00" endTime="2023-04-30T09:40:42.6164763-04:00" testType="13cdc9d9-ddb5-4fa4-a97d-d965ccfc6d4b" outcome="Passed" testListId="8c84fa94-04c1-424b-9868-57a2d4851a1d" relativeResultsDirectory="3324cedb-185c-48f3-87e8-83ced479d838" />
    <UnitTestResult executionId="bcd588b1-2ba4-4c22-afa4-c0cb1fb6610c" testId="50865f7a-d1cf-32ac-c5cb-a183385e8eca" testName="Carlton.Base.Components.Test.TableComponentTests.Table_ItemsChangedCallback_FiresEvent(currentPage: 2, optIndex: 0, expectedSkip: 5, expectedTake: 5)" computerName="DESKTOP-HE04GST" duration="00:00:00.0167759" startTime="2023-04-30T09:40:42.4757967-04:00" endTime="2023-04-30T09:40:42.4757968-04:00" testType="13cdc9d9-ddb5-4fa4-a97d-d965ccfc6d4b" outcome="Passed" testListId="8c84fa94-04c1-424b-9868-57a2d4851a1d" relativeResultsDirectory="bcd588b1-2ba4-4c22-afa4-c0cb1fb6610c" />
    <UnitTestResult executionId="f5a0a7ee-f6b3-4ddc-bca0-80c17d92edd7" testId="7878d288-15ad-26de-21f0-8826c4067c26" testName="Carlton.Base.Components.Test.TablePaginationRowComponentTests.TablePaginationRow_OnPaginationChangedCallback_FiresEvent(selectedPage: 3, selectedRowsPerPage: 15, expectedPage: 1)" computerName="DESKTOP-HE04GST" duration="00:00:00.0117570" startTime="2023-04-30T09:40:42.5778760-04:00" endTime="2023-04-30T09:40:42.5778761-04:00" testType="13cdc9d9-ddb5-4fa4-a97d-d965ccfc6d4b" outcome="Passed" testListId="8c84fa94-04c1-424b-9868-57a2d4851a1d" relativeResultsDirectory="f5a0a7ee-f6b3-4ddc-bca0-80c17d92edd7" />
    <UnitTestResult executionId="434e61ee-d968-475c-b286-c3bdd72c04e2" testId="1d780e53-4d1b-27c4-bd74-c65d8cf44778" testName="Carlton.Base.Components.Test.AccordionSelectComponentTests.AccordionSelect_ItemClick_RendersCorrectly(selectedIndex: 1, expectedValue: 2)" computerName="DESKTOP-HE04GST" duration="00:00:00.0026249" startTime="2023-04-30T09:40:42.5749461-04:00" endTime="2023-04-30T09:40:42.5749462-04:00" testType="13cdc9d9-ddb5-4fa4-a97d-d965ccfc6d4b" outcome="Passed" testListId="8c84fa94-04c1-424b-9868-57a2d4851a1d" relativeResultsDirectory="434e61ee-d968-475c-b286-c3bdd72c04e2" />
    <UnitTestResult executionId="5233a00e-05a7-4feb-847f-8e7c78bc8e6d" testId="84b23f90-69f9-f433-d7fd-f1242ca93715" testName="Carlton.Base.Components.Test.TableHeaderComponentTests.TableHeader_OrderColumnParam_And_OrderDirectionParam_RendersCorrectly(columnName: &quot;ID&quot;, columnIndex: 0, orderAscending: False)" computerName="DESKTOP-HE04GST" duration="00:00:00.0096474" startTime="2023-04-30T09:40:42.4961274-04:00" endTime="2023-04-30T09:40:42.4961278-04:00" testType="13cdc9d9-ddb5-4fa4-a97d-d965ccfc6d4b" outcome="Passed" testListId="8c84fa94-04c1-424b-9868-57a2d4851a1d" relativeResultsDirectory="5233a00e-05a7-4feb-847f-8e7c78bc8e6d" />
    <UnitTestResult executionId="5bb2990e-dba9-45fb-a2f6-f4e90fac1325" testId="65837e06-a6c7-53d1-fc95-f36b7233b4f8" testName="Carlton.Base.Components.Test.TablePaginationRowComponentTests.TablePaginationRow_Markup_RendersCorrectly" computerName="DESKTOP-HE04GST" duration="00:00:00.0047604" startTime="2023-04-30T09:40:42.6932142-04:00" endTime="2023-04-30T09:40:42.6932146-04:00" testType="13cdc9d9-ddb5-4fa4-a97d-d965ccfc6d4b" outcome="Passed" testListId="8c84fa94-04c1-424b-9868-57a2d4851a1d" relativeResultsDirectory="5bb2990e-dba9-45fb-a2f6-f4e90fac1325" />
    <UnitTestResult executionId="4a78266e-7584-493e-85b4-6e4560ea9e99" testId="4abc7ea4-adf7-cb95-e891-e2b782813e5f" testName="Carlton.Base.Components.Test.AccordionSelectGroupComponentTests.AccordionSelectGroup_Markup_RendersCorrectly" computerName="DESKTOP-HE04GST" duration="00:00:00.1358579" startTime="2023-04-30T09:40:42.3499613-04:00" endTime="2023-04-30T09:40:42.3499614-04:00" testType="13cdc9d9-ddb5-4fa4-a97d-d965ccfc6d4b" outcome="Passed" testListId="8c84fa94-04c1-424b-9868-57a2d4851a1d" relativeResultsDirectory="4a78266e-7584-493e-85b4-6e4560ea9e99" />
    <UnitTestResult executionId="543beab8-0238-4977-bafd-c636c7fd9b9e" testId="dd6cf3e8-1aaf-8f04-58a5-b14cae718ff7" testName="Carlton.Base.Components.Test.HamburgerCollapserComponentTests.HamburgerCollapser_ClickEvent_ShouldRenderCorrectly(isCollapsed: True)" computerName="DESKTOP-HE04GST" duration="00:00:00.0031213" startTime="2023-04-30T09:40:42.5006328-04:00" endTime="2023-04-30T09:40:42.5006330-04:00" testType="13cdc9d9-ddb5-4fa4-a97d-d965ccfc6d4b" outcome="Passed" testListId="8c84fa94-04c1-424b-9868-57a2d4851a1d" relativeResultsDirectory="543beab8-0238-4977-bafd-c636c7fd9b9e" />
    <UnitTestResult executionId="e37183ec-5cf6-496a-a7a5-98ab3e1ada38" testId="26c4603d-2ecb-30d4-f06b-7570582ea7ac" testName="Carlton.Base.Components.Test.TablePaginationRowComponentTests.TablePaginationRow_PageOne_LeftChevronsDisabled_RendersCorrectly" computerName="DESKTOP-HE04GST" duration="00:00:00.0034689" startTime="2023-04-30T09:40:42.6620359-04:00" endTime="2023-04-30T09:40:42.6620361-04:00" testType="13cdc9d9-ddb5-4fa4-a97d-d965ccfc6d4b" outcome="Passed" testListId="8c84fa94-04c1-424b-9868-57a2d4851a1d" relativeResultsDirectory="e37183ec-5cf6-496a-a7a5-98ab3e1ada38" />
    <UnitTestResult executionId="b584fc29-3e5f-4cc7-91c9-2ed554a950a0" testId="87459f94-70c7-009f-5808-19f809ff7867" testName="Carlton.Base.Components.Test.MobileTabBarComponentTests.MobileTabBar_ChildIconParam_RendersCorrectly(icon: &quot;Icon-Still-Testing&quot;)" computerName="DESKTOP-HE04GST" duration="00:00:00.0020374" startTime="2023-04-30T09:40:42.5825263-04:00" endTime="2023-04-30T09:40:42.5825264-04:00" testType="13cdc9d9-ddb5-4fa4-a97d-d965ccfc6d4b" outcome="Passed" testListId="8c84fa94-04c1-424b-9868-57a2d4851a1d" relativeResultsDirectory="b584fc29-3e5f-4cc7-91c9-2ed554a950a0" />
    <UnitTestResult executionId="bdaf979e-4ac0-405c-8c45-0d8662ac5fa6" testId="e0cddd5e-2a45-1288-289d-9ff1fd5e0351" testName="Carlton.Base.Components.Test.DropDownMenuComponentTests.DropDownMenuElement_MenuItemsParams_RendersCorrectly(items: [DropdownMenuItem { MenuItemName = Item 1, Value = 1, MenuIcon = icon-1, AccentColorIndex = 1 }, DropdownMenuItem { MenuItemName = Item 2, Value = 2, MenuIcon = icon-2, AccentColorIndex = 2 }])" computerName="DESKTOP-HE04GST" duration="00:00:00.0125601" startTime="2023-04-30T09:40:42.4157444-04:00" endTime="2023-04-30T09:40:42.4157446-04:00" testType="13cdc9d9-ddb5-4fa4-a97d-d965ccfc6d4b" outcome="Passed" testListId="8c84fa94-04c1-424b-9868-57a2d4851a1d" relativeResultsDirectory="bdaf979e-4ac0-405c-8c45-0d8662ac5fa6" />
    <UnitTestResult executionId="a34a4edc-18ba-49ee-8231-2c6537cb1517" testId="fd6e953f-5dd0-0abb-0784-55a54af88074" testName="Carlton.Base.Components.Test.TablePaginationRowComponentTests.TablePaginationRow_PaginationLabel_ItemCountLessThanItemsPerPage_RendersCorrectly(optIndex: 1)" computerName="DESKTOP-HE04GST" duration="00:00:00.0201185" startTime="2023-04-30T09:40:42.4978745-04:00" endTime="2023-04-30T09:40:42.4978745-04:00" testType="13cdc9d9-ddb5-4fa4-a97d-d965ccfc6d4b" outcome="Passed" testListId="8c84fa94-04c1-424b-9868-57a2d4851a1d" relativeResultsDirectory="a34a4edc-18ba-49ee-8231-2c6537cb1517" />
    <UnitTestResult executionId="6bfcea0b-b37e-4ada-8d04-b997046d3fac" testId="a2fb627a-8896-3ed7-7259-cdb7853adfe6" testName="Carlton.Base.Components.Test.ConsoleComponentTests.Console_TextParam_RendersCorrectly(expectedText: &quot;here is event more super special test text&quot;)" computerName="DESKTOP-HE04GST" duration="00:00:00.0018698" startTime="2023-04-30T09:40:42.2709726-04:00" endTime="2023-04-30T09:40:42.2709727-04:00" testType="13cdc9d9-ddb5-4fa4-a97d-d965ccfc6d4b" outcome="Passed" testListId="8c84fa94-04c1-424b-9868-57a2d4851a1d" relativeResultsDirectory="6bfcea0b-b37e-4ada-8d04-b997046d3fac" />
    <UnitTestResult executionId="78d52478-4be4-46bf-80f8-871547add71d" testId="d8c8392b-547d-6757-25b2-7211cb87e121" testName="Carlton.Base.Components.Test.TablePaginationRowComponentTests.TablePaginationRow_PaginationLabel_RendersCorrectly(currentPage: 1, currentRowsPerPage: 5, expectedText: &quot;1-5 of 15&quot;)" computerName="DESKTOP-HE04GST" duration="00:00:00.0041186" startTime="2023-04-30T09:40:42.6072502-04:00" endTime="2023-04-30T09:40:42.6072504-04:00" testType="13cdc9d9-ddb5-4fa4-a97d-d965ccfc6d4b" outcome="Passed" testListId="8c84fa94-04c1-424b-9868-57a2d4851a1d" relativeResultsDirectory="78d52478-4be4-46bf-80f8-871547add71d" />
    <UnitTestResult executionId="36ae5d9f-4383-40a9-aa1d-0f33a47fd2f6" testId="017dd787-7959-4118-62cf-60ee3ad1f244" testName="Carlton.Base.Components.Test.SelectComponentTests.Select_OptionsParam_RendersCorrectly" computerName="DESKTOP-HE04GST" duration="00:00:00.0040942" startTime="2023-04-30T09:40:42.3020783-04:00" endTime="2023-04-30T09:40:42.3020785-04:00" testType="13cdc9d9-ddb5-4fa4-a97d-d965ccfc6d4b" outcome="Passed" testListId="8c84fa94-04c1-424b-9868-57a2d4851a1d" relativeResultsDirectory="36ae5d9f-4383-40a9-aa1d-0f33a47fd2f6" />
    <UnitTestResult executionId="df343062-d67b-457c-95cc-4044789c4c46" testId="2dd119ab-590e-b66e-b5c2-d9a3d024a064" testName="Carlton.Base.Components.Test.CountCardComponentTests.CountCard_ThemeParam_RendersCorrectly(theme: Green)" computerName="DESKTOP-HE04GST" duration="00:00:00.0022126" startTime="2023-04-30T09:40:42.3970533-04:00" endTime="2023-04-30T09:40:42.3970535-04:00" testType="13cdc9d9-ddb5-4fa4-a97d-d965ccfc6d4b" outcome="Passed" testListId="8c84fa94-04c1-424b-9868-57a2d4851a1d" relativeResultsDirectory="df343062-d67b-457c-95cc-4044789c4c46" />
    <UnitTestResult executionId="9ea3e261-2256-4234-8d81-d981db43468a" testId="97987535-2968-7f77-7024-d278c34b0d82" testName="Carlton.Base.Components.Test.BaseNotificationComponentTests.BaseNotification_IconClassParameter_RendersCorrectly(expectedIconClass: &quot;icon-class-test-2&quot;)" computerName="DESKTOP-HE04GST" duration="00:00:00.0018371" startTime="2023-04-30T09:40:42.5827681-04:00" endTime="2023-04-30T09:40:42.5827682-04:00" testType="13cdc9d9-ddb5-4fa4-a97d-d965ccfc6d4b" outcome="Passed" testListId="8c84fa94-04c1-424b-9868-57a2d4851a1d" relativeResultsDirectory="9ea3e261-2256-4234-8d81-d981db43468a" />
    <UnitTestResult executionId="1ed71a0e-51dc-4e5c-965f-4a0bb752f510" testId="52a34d31-6d81-2e53-0b6b-87f2b9dedb35" testName="Carlton.Base.Components.Test.CardComponentTests.Card_HeaderContentChildParam_RendersCorrectly(expectedHeaderContent: &quot;&lt;span&gt;Header Testing Content 2&lt;/span&gt;&quot;)" computerName="DESKTOP-HE04GST" duration="00:00:00.0017318" startTime="2023-04-30T09:40:42.5786773-04:00" endTime="2023-04-30T09:40:42.5786775-04:00" testType="13cdc9d9-ddb5-4fa4-a97d-d965ccfc6d4b" outcome="Passed" testListId="8c84fa94-04c1-424b-9868-57a2d4851a1d" relativeResultsDirectory="1ed71a0e-51dc-4e5c-965f-4a0bb752f510" />
    <UnitTestResult executionId="bec9bd84-9825-4d9a-9ab5-511d2781d381" testId="8164a338-b915-cb83-85f2-4104847fbb1a" testName="Carlton.Base.Components.Test.TableComponentTests.Table_HeaderItemOnClick_DescendingClass_RendersCorrectly(selectedIndex: 2)" computerName="DESKTOP-HE04GST" duration="00:00:00.0161472" startTime="2023-04-30T09:40:42.6131454-04:00" endTime="2023-04-30T09:40:42.6131456-04:00" testType="13cdc9d9-ddb5-4fa4-a97d-d965ccfc6d4b" outcome="Passed" testListId="8c84fa94-04c1-424b-9868-57a2d4851a1d" relativeResultsDirectory="bec9bd84-9825-4d9a-9ab5-511d2781d381" />
    <UnitTestResult executionId="f32c47e3-36a1-41f2-b6e5-042971cea38e" testId="7ad3de30-3ed1-60e8-cd6f-96cecd09cd80" testName="Carlton.Base.Components.Test.BaseNotificationComponentTests.BaseNotification_IconClassParameter_RendersCorrectly(expectedIconClass: &quot;icon-class-test-1&quot;)" computerName="DESKTOP-HE04GST" duration="00:00:00.0016285" startTime="2023-04-30T09:40:42.5837133-04:00" endTime="2023-04-30T09:40:42.5837133-04:00" testType="13cdc9d9-ddb5-4fa4-a97d-d965ccfc6d4b" outcome="Passed" testListId="8c84fa94-04c1-424b-9868-57a2d4851a1d" relativeResultsDirectory="f32c47e3-36a1-41f2-b6e5-042971cea38e" />
    <UnitTestResult executionId="98e83d35-c387-4bb1-a8e5-537d4c8d17e2" testId="285dd188-0677-95b9-bdc8-5f4be2504763" testName="Carlton.Base.Components.Test.CardComponentTests.Card_Markup_RendersCorrectly" computerName="DESKTOP-HE04GST" duration="00:00:00.0149337" startTime="2023-04-30T09:40:42.5809467-04:00" endTime="2023-04-30T09:40:42.5809468-04:00" testType="13cdc9d9-ddb5-4fa4-a97d-d965ccfc6d4b" outcome="Passed" testListId="8c84fa94-04c1-424b-9868-57a2d4851a1d" relativeResultsDirectory="98e83d35-c387-4bb1-a8e5-537d4c8d17e2" />
    <UnitTestResult executionId="b19d8566-4dbd-4595-bf88-ec6c18fa126c" testId="b47fdb9b-41a3-4beb-8213-e51c7f90bfa2" testName="Carlton.Base.Components.Test.DropDownMenuElementComponentTests.DropDownMenuElement_MenuItemAccentColorIndexParam_RendersCorrectly(accentColorIndex: 1, expectedValue: &quot;accent-color-1&quot;)" computerName="DESKTOP-HE04GST" duration="00:00:00.0018940" startTime="2023-04-30T09:40:42.2612856-04:00" endTime="2023-04-30T09:40:42.2612857-04:00" testType="13cdc9d9-ddb5-4fa4-a97d-d965ccfc6d4b" outcome="Passed" testListId="8c84fa94-04c1-424b-9868-57a2d4851a1d" relativeResultsDirectory="b19d8566-4dbd-4595-bf88-ec6c18fa126c" />
    <UnitTestResult executionId="fbe854eb-fc91-4081-945d-e5147806c31b" testId="37edd2ee-f80c-098c-cce6-2592ce58d6a6" testName="Carlton.Base.Components.Test.SelectComponentTests.Select_ValueChangedCallbackParam_FiresCallback(index: 0)" computerName="DESKTOP-HE04GST" duration="00:00:00.0120908" startTime="2023-04-30T09:40:42.2730750-04:00" endTime="2023-04-30T09:40:42.2730751-04:00" testType="13cdc9d9-ddb5-4fa4-a97d-d965ccfc6d4b" outcome="Passed" testListId="8c84fa94-04c1-424b-9868-57a2d4851a1d" relativeResultsDirectory="fbe854eb-fc91-4081-945d-e5147806c31b" />
    <UnitTestResult executionId="48f4787e-bf97-476f-8bfa-e924c1e2bc2b" testId="2d168e72-b1c4-0b57-fd31-afcc70bd9911" testName="Carlton.Base.Components.Test.ListCardComponentTests.ListCard_Markup_RendersCorrectly" computerName="DESKTOP-HE04GST" duration="00:00:00.0056621" startTime="2023-04-30T09:40:42.4650544-04:00" endTime="2023-04-30T09:40:42.4650546-04:00" testType="13cdc9d9-ddb5-4fa4-a97d-d965ccfc6d4b" outcome="Passed" testListId="8c84fa94-04c1-424b-9868-57a2d4851a1d" relativeResultsDirectory="48f4787e-bf97-476f-8bfa-e924c1e2bc2b" />
    <UnitTestResult executionId="084049d2-2757-4ba8-98b1-2b2d65544be6" testId="10e3d357-1906-14db-33eb-5f09e282e5ed" testName="Carlton.Base.Components.Test.AccordionSelectGroupComponentTests.AccordionSelectGroup_SelectedItemParam_shouldRenderCorrectly(groupIndex: 0, itemIndex: 0, itemValue: 1)" computerName="DESKTOP-HE04GST" duration="00:00:00.0046832" startTime="2023-04-30T09:40:42.4239014-04:00" endTime="2023-04-30T09:40:42.4239016-04:00" testType="13cdc9d9-ddb5-4fa4-a97d-d965ccfc6d4b" outcome="Passed" testListId="8c84fa94-04c1-424b-9868-57a2d4851a1d" relativeResultsDirectory="084049d2-2757-4ba8-98b1-2b2d65544be6" />
    <UnitTestResult executionId="c60ab652-f61c-451b-a7d5-2b403bb5dfd9" testId="499a4bba-291d-374f-711c-1097a1a52e0f" testName="Carlton.Base.Components.Test.AccordionSelectComponentTests.AccordionSelect_ItemsParams_RendersCorrectly(items: [SelectItem { Name = Item 1, Index = 0, Value = 1 }])" computerName="DESKTOP-HE04GST" duration="00:00:00.0041221" startTime="2023-04-30T09:40:42.6009985-04:00" endTime="2023-04-30T09:40:42.6009987-04:00" testType="13cdc9d9-ddb5-4fa4-a97d-d965ccfc6d4b" outcome="Passed" testListId="8c84fa94-04c1-424b-9868-57a2d4851a1d" relativeResultsDirectory="c60ab652-f61c-451b-a7d5-2b403bb5dfd9" />
    <UnitTestResult executionId="199f2c72-07f8-4e8c-ab65-d0fb4a8bb7d6" testId="707e1374-0d9b-937d-a234-1835e7eaa177" testName="Carlton.Base.Components.Test.MobileTabBarComponentTests.MobileTabBar_ChildIconParam_RendersCorrectly(icon: &quot;Icon-Test&quot;)" computerName="DESKTOP-HE04GST" duration="00:00:00.0041521" startTime="2023-04-30T09:40:42.5818337-04:00" endTime="2023-04-30T09:40:42.5818338-04:00" testType="13cdc9d9-ddb5-4fa4-a97d-d965ccfc6d4b" outcome="Passed" testListId="8c84fa94-04c1-424b-9868-57a2d4851a1d" relativeResultsDirectory="199f2c72-07f8-4e8c-ab65-d0fb4a8bb7d6" />
    <UnitTestResult executionId="b6aba043-65ec-45e9-a695-25d526f524d8" testId="af23e599-62ff-bbe1-7224-29d5ec4e87a0" testName="Carlton.Base.Components.Test.TablePaginationRowComponentTests.TablePaginationRow_RowsPerPageOptsParam_DefaultsToFirstOption_RendersCorrectly(opts: [2])" computerName="DESKTOP-HE04GST" duration="00:00:00.0015537" startTime="2023-04-30T09:40:42.6675643-04:00" endTime="2023-04-30T09:40:42.6675646-04:00" testType="13cdc9d9-ddb5-4fa4-a97d-d965ccfc6d4b" outcome="Passed" testListId="8c84fa94-04c1-424b-9868-57a2d4851a1d" relativeResultsDirectory="b6aba043-65ec-45e9-a695-25d526f524d8" />
    <UnitTestResult executionId="3e9e7d85-e7b6-4d8d-bd58-24d89532c37b" testId="228c60cf-8687-f056-2056-b4e1f563875c" testName="Carlton.Base.Components.Test.TableHeaderComponentTests.TableHeader_OnClick_SelectedClass_RendersCorrectly(selectedIndex: 2)" computerName="DESKTOP-HE04GST" duration="00:00:00.0048079" startTime="2023-04-30T09:40:42.5856592-04:00" endTime="2023-04-30T09:40:42.5856594-04:00" testType="13cdc9d9-ddb5-4fa4-a97d-d965ccfc6d4b" outcome="Passed" testListId="8c84fa94-04c1-424b-9868-57a2d4851a1d" relativeResultsDirectory="3e9e7d85-e7b6-4d8d-bd58-24d89532c37b" />
    <UnitTestResult executionId="11eb585e-1060-4348-9b1a-c9d24916303a" testId="69ace1c6-c612-557f-909a-e7c5ca3bad22" testName="Carlton.Base.Components.Test.NotificationBarComponentTests.NotificationBar_FadeOutEnabledParam_RendersCorrectly(fadeOutEnabled: True, notificationClass: &quot;success-btn&quot;)" computerName="DESKTOP-HE04GST" duration="00:00:00.0023927" startTime="2023-04-30T09:40:42.3616697-04:00" endTime="2023-04-30T09:40:42.3616699-04:00" testType="13cdc9d9-ddb5-4fa4-a97d-d965ccfc6d4b" outcome="Passed" testListId="8c84fa94-04c1-424b-9868-57a2d4851a1d" relativeResultsDirectory="11eb585e-1060-4348-9b1a-c9d24916303a" />
    <UnitTestResult executionId="b0729144-6876-421a-96ad-02606ee65841" testId="ea3f11fa-1b3e-de93-fdcb-d0070e98f88c" testName="Carlton.Base.Components.Test.TableComponentTests.Table_ShowPaginationRow_RendersCorrectly(showPaginationRow: True)" computerName="DESKTOP-HE04GST" duration="00:00:00.0174660" startTime="2023-04-30T09:40:42.3799863-04:00" endTime="2023-04-30T09:40:42.3799864-04:00" testType="13cdc9d9-ddb5-4fa4-a97d-d965ccfc6d4b" outcome="Passed" testListId="8c84fa94-04c1-424b-9868-57a2d4851a1d" relativeResultsDirectory="b0729144-6876-421a-96ad-02606ee65841" />
    <UnitTestResult executionId="e17f5d34-e413-4eaa-b8c6-27dd7cf0bf83" testId="839fa1cf-1eeb-14aa-5afb-0b73ace77a29" testName="Carlton.Base.Components.Test.SlideTabComponentTests.SlideTab_TitleParam_RendersCorrectly(expectedTitle: &quot;Test Title&quot;)" computerName="DESKTOP-HE04GST" duration="00:00:00.0023427" startTime="2023-04-30T09:40:42.2729131-04:00" endTime="2023-04-30T09:40:42.2729132-04:00" testType="13cdc9d9-ddb5-4fa4-a97d-d965ccfc6d4b" outcome="Passed" testListId="8c84fa94-04c1-424b-9868-57a2d4851a1d" relativeResultsDirectory="e17f5d34-e413-4eaa-b8c6-27dd7cf0bf83" />
    <UnitTestResult executionId="12c3266f-7bdd-4cc9-8e46-3694fb32420d" testId="e2777af6-89da-bcc7-1e5f-dbae0243e789" testName="Carlton.Base.Components.Test.NotificationBarComponentTests.NotificationBar_FadeOutEnabledParam_RendersCorrectly(fadeOutEnabled: False, notificationClass: &quot;success-btn&quot;)" computerName="DESKTOP-HE04GST" duration="00:00:00.0022375" startTime="2023-04-30T09:40:42.3818757-04:00" endTime="2023-04-30T09:40:42.3818758-04:00" testType="13cdc9d9-ddb5-4fa4-a97d-d965ccfc6d4b" outcome="Passed" testListId="8c84fa94-04c1-424b-9868-57a2d4851a1d" relativeResultsDirectory="12c3266f-7bdd-4cc9-8e46-3694fb32420d" />
    <UnitTestResult executionId="0126e0fd-a860-4ef2-b137-39d8c1576280" testId="fd513a31-56bd-5d39-eca2-0c4821ffb0ec" testName="Carlton.Base.Components.Test.BreadCrumbsComponentTests.BreadCrumbs_BreadCrumbItemsParam_RendersCorrectly(expected: (System.Collections.Generic.List`1[System.String], Home Page))" computerName="DESKTOP-HE04GST" duration="00:00:00.0186729" startTime="2023-04-30T09:40:42.3710245-04:00" endTime="2023-04-30T09:40:42.3710249-04:00" testType="13cdc9d9-ddb5-4fa4-a97d-d965ccfc6d4b" outcome="Passed" testListId="8c84fa94-04c1-424b-9868-57a2d4851a1d" relativeResultsDirectory="0126e0fd-a860-4ef2-b137-39d8c1576280" />
    <UnitTestResult executionId="d23b5b7b-4246-4817-b36d-65d60a507d5b" testId="96dcda85-2436-d344-d080-d012760267de" testName="Carlton.Base.Components.Test.TableHeaderComponentTests.TableHeader_OnClick_DescendingClass_RendersCorrectly(selectedIndex: 0)" computerName="DESKTOP-HE04GST" duration="00:00:00.0143445" startTime="2023-04-30T09:40:42.5628718-04:00" endTime="2023-04-30T09:40:42.5628720-04:00" testType="13cdc9d9-ddb5-4fa4-a97d-d965ccfc6d4b" outcome="Passed" testListId="8c84fa94-04c1-424b-9868-57a2d4851a1d" relativeResultsDirectory="d23b5b7b-4246-4817-b36d-65d60a507d5b" />
    <UnitTestResult executionId="812baa5e-904e-4048-ade2-13fbe7c4addd" testId="ce09e5ad-ead2-a4f9-ac20-3523122167a5" testName="Carlton.Base.Components.Test.TableHeaderComponentTests.TableHeader_OnClick_DescendingClass_RendersCorrectly(selectedIndex: 2)" computerName="DESKTOP-HE04GST" duration="00:00:00.0039174" startTime="2023-04-30T09:40:42.5770492-04:00" endTime="2023-04-30T09:40:42.5770493-04:00" testType="13cdc9d9-ddb5-4fa4-a97d-d965ccfc6d4b" outcome="Passed" testListId="8c84fa94-04c1-424b-9868-57a2d4851a1d" relativeResultsDirectory="812baa5e-904e-4048-ade2-13fbe7c4addd" />
    <UnitTestResult executionId="5ce154b5-6f02-40a3-9249-68f825687d20" testId="58fcf6c5-7948-ccaf-aeab-2b9508acda13" testName="Carlton.Base.Components.Test.TabComponentTests.Tab_Parent_ActiveParam_True_RendersCorrectly" computerName="DESKTOP-HE04GST" duration="00:00:00.0412172" startTime="2023-04-30T09:40:42.4799311-04:00" endTime="2023-04-30T09:40:42.4799312-04:00" testType="13cdc9d9-ddb5-4fa4-a97d-d965ccfc6d4b" outcome="Passed" testListId="8c84fa94-04c1-424b-9868-57a2d4851a1d" relativeResultsDirectory="5ce154b5-6f02-40a3-9249-68f825687d20" />
    <UnitTestResult executionId="eb1d9f31-2c18-4611-88d3-42073e367b94" testId="d5ebd779-0db5-d487-ac59-a2968e29cda7" testName="Carlton.Base.Components.Test.BreadCrumbsComponentTests.BreadCrumbs_SeparatorParam_RendersCorrectly(expectedSeparator: &quot;&gt;&quot;)" computerName="DESKTOP-HE04GST" duration="00:00:00.0029835" startTime="2023-04-30T09:40:42.4008020-04:00" endTime="2023-04-30T09:40:42.4008022-04:00" testType="13cdc9d9-ddb5-4fa4-a97d-d965ccfc6d4b" outcome="Passed" testListId="8c84fa94-04c1-424b-9868-57a2d4851a1d" relativeResultsDirectory="eb1d9f31-2c18-4611-88d3-42073e367b94" />
    <UnitTestResult executionId="9aafad58-a6a3-4bb0-876a-b0e82c1d0159" testId="b2c7375c-ef0b-de75-a0bd-b6e7dea52a65" testName="Carlton.Base.Components.Test.DropDownMenuElementComponentTests.DropDownMenuElement_MenuItemNameParam_RendersCorrectly(menuItemName: &quot;Test Menu Items Yet Another Time&quot;)" computerName="DESKTOP-HE04GST" duration="00:00:00.0016205" startTime="2023-04-30T09:40:42.2708902-04:00" endTime="2023-04-30T09:40:42.2708903-04:00" testType="13cdc9d9-ddb5-4fa4-a97d-d965ccfc6d4b" outcome="Passed" testListId="8c84fa94-04c1-424b-9868-57a2d4851a1d" relativeResultsDirectory="9aafad58-a6a3-4bb0-876a-b0e82c1d0159" />
    <UnitTestResult executionId="db9350eb-60fa-45f6-a06d-dc7db27e6c81" testId="ed45e4eb-b6ad-88dd-d7a4-f45adb748cda" testName="Carlton.Base.Components.Test.CardComponentTests.Card_PrimaryContentChildParam_RendersCorrectly(expectedPrimaryCardContent: &quot;&lt;span&gt;Primary Testing Content 2&lt;/span&gt;&quot;)" computerName="DESKTOP-HE04GST" duration="00:00:00.0030474" startTime="2023-04-30T09:40:42.5824585-04:00" endTime="2023-04-30T09:40:42.5824586-04:00" testType="13cdc9d9-ddb5-4fa4-a97d-d965ccfc6d4b" outcome="Passed" testListId="8c84fa94-04c1-424b-9868-57a2d4851a1d" relativeResultsDirectory="db9350eb-60fa-45f6-a06d-dc7db27e6c81" />
    <UnitTestResult executionId="a384f5c2-e38c-41b9-b533-78a478988bec" testId="7162dc71-0713-ba09-c292-fa119bc36516" testName="Carlton.Base.Components.Test.TableComponentTests.Table_ItemsChangedCallback_FiresEvent(currentPage: 1, optIndex: 1, expectedSkip: 0, expectedTake: 10)" computerName="DESKTOP-HE04GST" duration="00:00:00.0235048" startTime="2023-04-30T09:40:42.5816324-04:00" endTime="2023-04-30T09:40:42.5816325-04:00" testType="13cdc9d9-ddb5-4fa4-a97d-d965ccfc6d4b" outcome="Passed" testListId="8c84fa94-04c1-424b-9868-57a2d4851a1d" relativeResultsDirectory="a384f5c2-e38c-41b9-b533-78a478988bec" />
    <UnitTestResult executionId="3ddc8e3d-6e69-4712-957c-bf5a25ca1f45" testId="0be2e34f-6619-8975-afab-64437187ca4d" testName="Carlton.Base.Components.Test.TableHeaderComponentTests.TableHeader_HeadingsParam_RendersCorrectly(headings: [TableHeadingItem { DisplayName = ID, OrderColumn = ID }])" computerName="DESKTOP-HE04GST" duration="00:00:00.0023509" startTime="2023-04-30T09:40:42.6530676-04:00" endTime="2023-04-30T09:40:42.6530677-04:00" testType="13cdc9d9-ddb5-4fa4-a97d-d965ccfc6d4b" outcome="Passed" testListId="8c84fa94-04c1-424b-9868-57a2d4851a1d" relativeResultsDirectory="3ddc8e3d-6e69-4712-957c-bf5a25ca1f45" />
    <UnitTestResult executionId="7429ad0a-3d66-4901-b341-82244c1f2e60" testId="00925146-e6ae-6796-a2a6-310a670c5040" testName="Carlton.Base.Components.Test.TableHeaderComponentTests.TableHeader_OnClick_AscendingClass_RendersCorrectly(selectedIndex: 1)" computerName="DESKTOP-HE04GST" duration="00:00:00.0026059" startTime="2023-04-30T09:40:42.5818885-04:00" endTime="2023-04-30T09:40:42.5818886-04:00" testType="13cdc9d9-ddb5-4fa4-a97d-d965ccfc6d4b" outcome="Passed" testListId="8c84fa94-04c1-424b-9868-57a2d4851a1d" relativeResultsDirectory="7429ad0a-3d66-4901-b341-82244c1f2e60" />
    <UnitTestResult executionId="51d55046-8201-419b-8fa3-bc8cde768620" testId="abac6730-0dfa-768f-44d6-3d8c55284461" testName="Carlton.Base.Components.Test.TableComponentTests.Table_ItemsChangedCallback_FiresEvent(currentPage: 3, optIndex: 2, expectedSkip: 0, expectedTake: 15)" computerName="DESKTOP-HE04GST" duration="00:00:00.0263172" startTime="2023-04-30T09:40:42.5021907-04:00" endTime="2023-04-30T09:40:42.5021909-04:00" testType="13cdc9d9-ddb5-4fa4-a97d-d965ccfc6d4b" outcome="Passed" testListId="8c84fa94-04c1-424b-9868-57a2d4851a1d" relativeResultsDirectory="51d55046-8201-419b-8fa3-bc8cde768620" />
    <UnitTestResult executionId="a99eba9c-69f1-4251-82bc-f3c0c530788d" testId="723957d6-8abc-9be3-77c2-e323767653a8" testName="Carlton.Base.Components.Test.TablePaginationRowComponentTests.TablePaginationRow_OnPaginationChangedCallback_FiresEvent(selectedPage: 1, selectedRowsPerPage: 15, expectedPage: 1)" computerName="DESKTOP-HE04GST" duration="00:00:00.0024180" startTime="2023-04-30T09:40:42.5817728-04:00" endTime="2023-04-30T09:40:42.5817729-04:00" testType="13cdc9d9-ddb5-4fa4-a97d-d965ccfc6d4b" outcome="Passed" testListId="8c84fa94-04c1-424b-9868-57a2d4851a1d" relativeResultsDirectory="a99eba9c-69f1-4251-82bc-f3c0c530788d" />
    <UnitTestResult executionId="f23c6080-667b-4bb5-8460-6947f7edfeaa" testId="d6ebcc12-cfb0-53aa-98c4-6cc50d60c9db" testName="Carlton.Base.Components.Test.ListCardComponentTests.ListCard_CardTitleParam_RendersCorrectly(title: &quot;Test Title 3&quot;)" computerName="DESKTOP-HE04GST" duration="00:00:00.0094512" startTime="2023-04-30T09:40:42.4377485-04:00" endTime="2023-04-30T09:40:42.4377486-04:00" testType="13cdc9d9-ddb5-4fa4-a97d-d965ccfc6d4b" outcome="Passed" testListId="8c84fa94-04c1-424b-9868-57a2d4851a1d" relativeResultsDirectory="f23c6080-667b-4bb5-8460-6947f7edfeaa" />
    <UnitTestResult executionId="4c5a3a25-f54a-490f-ad13-bd51549eb499" testId="0346a494-c9f4-094c-b758-2e44f1b83219" testName="Carlton.Base.Components.Test.TablePaginationRowComponentTests.TablePaginationRow_PaginationLabel_ItemCountLessThanItemsPerPage_RendersCorrectly(optIndex: 2)" computerName="DESKTOP-HE04GST" duration="00:00:00.0031032" startTime="2023-04-30T09:40:42.5048149-04:00" endTime="2023-04-30T09:40:42.5048151-04:00" testType="13cdc9d9-ddb5-4fa4-a97d-d965ccfc6d4b" outcome="Passed" testListId="8c84fa94-04c1-424b-9868-57a2d4851a1d" relativeResultsDirectory="4c5a3a25-f54a-490f-ad13-bd51549eb499" />
    <UnitTestResult executionId="7ed3f519-bd65-480b-a4c2-a5c406779171" testId="54eed8b1-a365-c9d4-a02c-5452ed1f485d" testName="Carlton.Base.Components.Test.SlideTabComponentTests.SlideTab_ContentParam_RendersCorrectly(expectedContent: &quot;&lt;button class=\&quot;test-content\&quot;&gt;Here is some test c&quot;...)" computerName="DESKTOP-HE04GST" duration="00:00:00.0099135" startTime="2023-04-30T09:40:42.2717783-04:00" endTime="2023-04-30T09:40:42.2717785-04:00" testType="13cdc9d9-ddb5-4fa4-a97d-d965ccfc6d4b" outcome="Passed" testListId="8c84fa94-04c1-424b-9868-57a2d4851a1d" relativeResultsDirectory="7ed3f519-bd65-480b-a4c2-a5c406779171" />
    <UnitTestResult executionId="e0b860da-17e5-4695-bb8b-daee27aab3a5" testId="92f7b709-4d9c-9ab4-3896-cc6a818b2bb8" testName="Carlton.Base.Components.Test.AccordionSelectGroupComponentTests.AccordionSelectGroup_ClickEvent_RendersCorrectly(groupIndex: 1, itemIndex: 3, expectedValue: 4)" computerName="DESKTOP-HE04GST" duration="00:00:00.0033531" startTime="2023-04-30T09:40:42.4190838-04:00" endTime="2023-04-30T09:40:42.4190840-04:00" testType="13cdc9d9-ddb5-4fa4-a97d-d965ccfc6d4b" outcome="Passed" testListId="8c84fa94-04c1-424b-9868-57a2d4851a1d" relativeResultsDirectory="e0b860da-17e5-4695-bb8b-daee27aab3a5" />
    <UnitTestResult executionId="79b86e75-5279-433d-9173-146c9876c687" testId="663d98db-4c1c-7d60-e8fc-b858868a8a67" testName="Carlton.Base.Components.Test.LogoComponentTests.Logo_Markup_RendersCorrectly" computerName="DESKTOP-HE04GST" duration="00:00:00.0349831" startTime="2023-04-30T09:40:42.4767109-04:00" endTime="2023-04-30T09:40:42.4767112-04:00" testType="13cdc9d9-ddb5-4fa4-a97d-d965ccfc6d4b" outcome="Passed" testListId="8c84fa94-04c1-424b-9868-57a2d4851a1d" relativeResultsDirectory="79b86e75-5279-433d-9173-146c9876c687" />
    <UnitTestResult executionId="70b75446-61b5-4906-a745-412b1e193a4d" testId="d1f13926-f0e0-53c6-7c36-40094af4c358" testName="Carlton.Base.Components.Test.CardComponentTests.Card_PrimaryContentChildParam_RendersCorrectly(expectedPrimaryCardContent: &quot;&lt;span&gt;Primary Testing Content 1&lt;/span&gt;&quot;)" computerName="DESKTOP-HE04GST" duration="00:00:00.0093521" startTime="2023-04-30T09:40:42.5838432-04:00" endTime="2023-04-30T09:40:42.5838433-04:00" testType="13cdc9d9-ddb5-4fa4-a97d-d965ccfc6d4b" outcome="Passed" testListId="8c84fa94-04c1-424b-9868-57a2d4851a1d" relativeResultsDirectory="70b75446-61b5-4906-a745-412b1e193a4d" />
    <UnitTestResult executionId="0d65a59d-e4c4-4f2a-b333-05e4df07023a" testId="28e45289-e885-7685-d25c-3d36aa53824f" testName="Carlton.Base.Components.Test.ListCardComponentTests.ListCard_CardSubTitleParam_RendersCorrectly(subtitle: &quot;Test Subtitle 2&quot;)" computerName="DESKTOP-HE04GST" duration="00:00:00.0057047" startTime="2023-04-30T09:40:42.3798444-04:00" endTime="2023-04-30T09:40:42.3798446-04:00" testType="13cdc9d9-ddb5-4fa4-a97d-d965ccfc6d4b" outcome="Passed" testListId="8c84fa94-04c1-424b-9868-57a2d4851a1d" relativeResultsDirectory="0d65a59d-e4c4-4f2a-b333-05e4df07023a" />
    <UnitTestResult executionId="6e9c9e4f-cd06-4b0c-8636-2ba6b2335919" testId="81f56538-53f4-307d-7a3b-029637d6a390" testName="Carlton.Base.Components.Test.DropDownMenuElementComponentTests.DropDownMenuElement_MenuItemIconParam_RendersCorrectly(icon: &quot;icon-2&quot;)" computerName="DESKTOP-HE04GST" duration="00:00:00.0019971" startTime="2023-04-30T09:40:42.2667232-04:00" endTime="2023-04-30T09:40:42.2667233-04:00" testType="13cdc9d9-ddb5-4fa4-a97d-d965ccfc6d4b" outcome="Passed" testListId="8c84fa94-04c1-424b-9868-57a2d4851a1d" relativeResultsDirectory="6e9c9e4f-cd06-4b0c-8636-2ba6b2335919" />
    <UnitTestResult executionId="2f5f55c6-b229-456c-b7a3-4c7c09da227b" testId="ac3d64d6-59fc-428c-aae0-b62e3cf29162" testName="Carlton.Base.Components.Test.ConsoleComponentTests.Console_ReadOnlyParam_RendersCorrectly(isReadOnly: True)" computerName="DESKTOP-HE04GST" duration="00:00:00.0115679" startTime="2023-04-30T09:40:42.2643130-04:00" endTime="2023-04-30T09:40:42.2643131-04:00" testType="13cdc9d9-ddb5-4fa4-a97d-d965ccfc6d4b" outcome="Passed" testListId="8c84fa94-04c1-424b-9868-57a2d4851a1d" relativeResultsDirectory="2f5f55c6-b229-456c-b7a3-4c7c09da227b" />
    <UnitTestResult executionId="67b891d3-20d4-4d25-93e9-090308dfd41e" testId="226d3be9-5998-016f-4009-3b396d1b4e9d" testName="Carlton.Base.Components.Test.CountCardComponentTests.CountCard_MessageTemplateParam_RendersCorrectly(messageTemplate: &quot;Event Items Tracked by this component&quot;)" computerName="DESKTOP-HE04GST" duration="00:00:00.0018350" startTime="2023-04-30T09:40:42.3818172-04:00" endTime="2023-04-30T09:40:42.3818175-04:00" testType="13cdc9d9-ddb5-4fa4-a97d-d965ccfc6d4b" outcome="Passed" testListId="8c84fa94-04c1-424b-9868-57a2d4851a1d" relativeResultsDirectory="67b891d3-20d4-4d25-93e9-090308dfd41e" />
    <UnitTestResult executionId="d6f14dc4-b2ae-4766-b6f4-89ba35fae120" testId="ff0bfe74-b31b-0e59-a674-0e59b86a9932" testName="Carlton.Base.Components.Test.TableComponentTests.Table_OnClickOnce_FiltersItemsAsc(expected: (2, System.Collections.ObjectModel.ReadOnlyCollection`1[Carlton.Base.Components.Test.TableTestHelper+TableTestObject]))" computerName="DESKTOP-HE04GST" duration="00:00:00.0078627" startTime="2023-04-30T09:40:42.3625200-04:00" endTime="2023-04-30T09:40:42.3625201-04:00" testType="13cdc9d9-ddb5-4fa4-a97d-d965ccfc6d4b" outcome="Passed" testListId="8c84fa94-04c1-424b-9868-57a2d4851a1d" relativeResultsDirectory="d6f14dc4-b2ae-4766-b6f4-89ba35fae120" />
    <UnitTestResult executionId="43917f57-0609-41c9-8d41-48685b3cd39c" testId="bea3b166-3bab-7652-299c-ec207b224b47" testName="Carlton.Base.Components.Test.TableComponentTests.Table_ShowPaginationRow_RendersCorrectly(showPaginationRow: False)" computerName="DESKTOP-HE04GST" duration="00:00:00.0021946" startTime="2023-04-30T09:40:42.3821431-04:00" endTime="2023-04-30T09:40:42.3821432-04:00" testType="13cdc9d9-ddb5-4fa4-a97d-d965ccfc6d4b" outcome="Passed" testListId="8c84fa94-04c1-424b-9868-57a2d4851a1d" relativeResultsDirectory="43917f57-0609-41c9-8d41-48685b3cd39c" />
    <UnitTestResult executionId="c14d0faa-68c4-4cfe-b441-24395ac85b74" testId="af23e599-62ff-bbe1-7224-29d5ec4e87a0" testName="Carlton.Base.Components.Test.TablePaginationRowComponentTests.TablePaginationRow_RowsPerPageOptsParam_DefaultsToFirstOption_RendersCorrectly(opts: [1, 3, 5])" computerName="DESKTOP-HE04GST" duration="00:00:00.0032400" startTime="2023-04-30T09:40:42.6659145-04:00" endTime="2023-04-30T09:40:42.6659149-04:00" testType="13cdc9d9-ddb5-4fa4-a97d-d965ccfc6d4b" outcome="Passed" testListId="8c84fa94-04c1-424b-9868-57a2d4851a1d" relativeResultsDirectory="c14d0faa-68c4-4cfe-b441-24395ac85b74" />
    <UnitTestResult executionId="1b5ee5f4-afae-4cfb-8d48-aed0782c8c14" testId="c5977101-a367-5ad0-8a4d-4b7905bf170b" testName="Carlton.Base.Components.Test.DropDownMenuElementComponentTests.DropDownMenuElement_MenuItemValueParam_RendersCorrectly(value: 5)" computerName="DESKTOP-HE04GST" duration="00:00:00.0115558" startTime="2023-04-30T09:40:42.2731380-04:00" endTime="2023-04-30T09:40:42.2731381-04:00" testType="13cdc9d9-ddb5-4fa4-a97d-d965ccfc6d4b" outcome="Passed" testListId="8c84fa94-04c1-424b-9868-57a2d4851a1d" relativeResultsDirectory="1b5ee5f4-afae-4cfb-8d48-aed0782c8c14" />
    <UnitTestResult executionId="290e59db-972c-4798-bac8-87fd2f1d3bc6" testId="fd513a31-56bd-5d39-eca2-0c4821ffb0ec" testName="Carlton.Base.Components.Test.BreadCrumbsComponentTests.BreadCrumbs_BreadCrumbItemsParam_RendersCorrectly(expected: (System.Collections.Generic.List`1[System.String], Home Page &gt; Test Page))" computerName="DESKTOP-HE04GST" duration="00:00:00.0026085" startTime="2023-04-30T09:40:42.3744278-04:00" endTime="2023-04-30T09:40:42.3744279-04:00" testType="13cdc9d9-ddb5-4fa4-a97d-d965ccfc6d4b" outcome="Passed" testListId="8c84fa94-04c1-424b-9868-57a2d4851a1d" relativeResultsDirectory="290e59db-972c-4798-bac8-87fd2f1d3bc6" />
    <UnitTestResult executionId="bd215ed7-380b-4d7d-b6e4-242dc4f4443f" testId="721c0a35-2fdd-0dac-ca44-4ff0d0a712e9" testName="Carlton.Base.Components.Test.TableHeaderComponentTests.TableHeader_ClickHeadersOnce_EventFires(columnIndex: 2, expectedColumnName: &quot;CreatedDate&quot;)" computerName="DESKTOP-HE04GST" duration="00:00:00.0039826" startTime="2023-04-30T09:40:42.5828812-04:00" endTime="2023-04-30T09:40:42.5828813-04:00" testType="13cdc9d9-ddb5-4fa4-a97d-d965ccfc6d4b" outcome="Passed" testListId="8c84fa94-04c1-424b-9868-57a2d4851a1d" relativeResultsDirectory="bd215ed7-380b-4d7d-b6e4-242dc4f4443f" />
    <UnitTestResult executionId="c2e5373b-af4b-4b3d-8447-c9ff08af0e9f" testId="7cfa6867-ebb1-e0dd-508a-8497d7fa54a0" testName="Carlton.Base.Components.Test.MobileTabBarComponentTests.MobileTabBar_ActiveTab_RendersCorrectly(activeTabIndex: 0, expectedText: &quot;&lt;span&gt;This is the first tab&lt;/span&gt;&quot;)" computerName="DESKTOP-HE04GST" duration="00:00:00.0063628" startTime="2023-04-30T09:40:42.5771818-04:00" endTime="2023-04-30T09:40:42.5771819-04:00" testType="13cdc9d9-ddb5-4fa4-a97d-d965ccfc6d4b" outcome="Passed" testListId="8c84fa94-04c1-424b-9868-57a2d4851a1d" relativeResultsDirectory="c2e5373b-af4b-4b3d-8447-c9ff08af0e9f" />
    <UnitTestResult executionId="c6aa86a8-9d1d-4f03-a02f-3e6628bbca88" testId="f53e06b6-7175-ade3-7410-8fb2fdd5371a" testName="Carlton.Base.Components.Test.BaseNotificationComponentTests.BaseNotification_MessageParam_RendersCorrectly(expectedMessage: &quot;Notification Message Test 2&quot;)" computerName="DESKTOP-HE04GST" duration="00:00:00.0030293" startTime="2023-04-30T09:40:42.4388032-04:00" endTime="2023-04-30T09:40:42.4388033-04:00" testType="13cdc9d9-ddb5-4fa4-a97d-d965ccfc6d4b" outcome="Passed" testListId="8c84fa94-04c1-424b-9868-57a2d4851a1d" relativeResultsDirectory="c6aa86a8-9d1d-4f03-a02f-3e6628bbca88" />
    <UnitTestResult executionId="16806e7f-125f-4028-80ba-8434ef60c0c6" testId="1bcd7891-9ead-1691-023a-1f3f8a8b4b07" testName="Carlton.Base.Components.Test.DesktopTabBarComponentTests.DesktopTabBar_ChildDisplayTextParam_RendersCorrectly(displayText: &quot;Display Test 1&quot;)" computerName="DESKTOP-HE04GST" duration="00:00:00.0017255" startTime="2023-04-30T09:40:42.3866345-04:00" endTime="2023-04-30T09:40:42.3866346-04:00" testType="13cdc9d9-ddb5-4fa4-a97d-d965ccfc6d4b" outcome="Passed" testListId="8c84fa94-04c1-424b-9868-57a2d4851a1d" relativeResultsDirectory="16806e7f-125f-4028-80ba-8434ef60c0c6" />
    <UnitTestResult executionId="f8722bda-f48d-4e9f-a5eb-b2744c3f6561" testId="7183fcb2-96ea-e60f-6a0d-221a2ec30690" testName="Carlton.Base.Components.Test.AccordionSelectGroupComponentTests.AccordionSelectGroup_OnSelectedItemChangedParam_FiresCallback" computerName="DESKTOP-HE04GST" duration="00:00:00.6102001" startTime="2023-04-30T09:40:42.2610170-04:00" endTime="2023-04-30T09:40:42.2610173-04:00" testType="13cdc9d9-ddb5-4fa4-a97d-d965ccfc6d4b" outcome="Passed" testListId="8c84fa94-04c1-424b-9868-57a2d4851a1d" relativeResultsDirectory="f8722bda-f48d-4e9f-a5eb-b2744c3f6561" />
    <UnitTestResult executionId="fc1fac48-4bbf-4739-9dee-d40a2bcfd086" testId="c85d0da6-be6a-5a9a-569e-4867226fc3d6" testName="Carlton.Base.Components.Test.NotificationBarComponentTests.NotificationBar_ClickEvent_RendersCorrectly(btnClass: &quot;error-btn&quot;, expectedType: typeof(Carlton.Base.Components.ErrorNotification))" computerName="DESKTOP-HE04GST" duration="00:00:00.0122729" startTime="2023-04-30T09:40:42.4173532-04:00" endTime="2023-04-30T09:40:42.4173535-04:00" testType="13cdc9d9-ddb5-4fa4-a97d-d965ccfc6d4b" outcome="Passed" testListId="8c84fa94-04c1-424b-9868-57a2d4851a1d" relativeResultsDirectory="fc1fac48-4bbf-4739-9dee-d40a2bcfd086" />
    <UnitTestResult executionId="98ca3893-34e1-4b2d-84fa-8d8c2f45e292" testId="14b71093-01d3-79b3-699f-161f58724b21" testName="Carlton.Base.Components.Test.TablePaginationRowComponentTests.TablePaginationRow_OnPaginationChangedCallback_FiresEvent(selectedPage: 2, selectedRowsPerPage: 10, expectedPage: 2)" computerName="DESKTOP-HE04GST" duration="00:00:00.0139920" startTime="2023-04-30T09:40:42.5808795-04:00" endTime="2023-04-30T09:40:42.5808795-04:00" testType="13cdc9d9-ddb5-4fa4-a97d-d965ccfc6d4b" outcome="Passed" testListId="8c84fa94-04c1-424b-9868-57a2d4851a1d" relativeResultsDirectory="98ca3893-34e1-4b2d-84fa-8d8c2f45e292" />
    <UnitTestResult executionId="07c93fda-8987-4190-ab91-7daecf24aa28" testId="1972b45b-ed98-2287-19fe-826d48d6295b" testName="Carlton.Base.Components.Test.TableComponentTests.Table_ItemsChangedCallback_FiresEvent(currentPage: 1, optIndex: 2, expectedSkip: 0, expectedTake: 15)" computerName="DESKTOP-HE04GST" duration="00:00:00.0141797" startTime="2023-04-30T09:40:42.5164480-04:00" endTime="2023-04-30T09:40:42.5164482-04:00" testType="13cdc9d9-ddb5-4fa4-a97d-d965ccfc6d4b" outcome="Passed" testListId="8c84fa94-04c1-424b-9868-57a2d4851a1d" relativeResultsDirectory="07c93fda-8987-4190-ab91-7daecf24aa28" />
    <UnitTestResult executionId="7c7c93a6-e289-4996-a7a1-363f79cf0941" testId="b4a22cc2-d8b9-fe51-d222-23927ecc5b03" testName="Carlton.Base.Components.Test.ConsoleComponentTests.Console_OnChangeCallbackParam_FiresCallback(expectedText: &quot;even more new text&quot;)" computerName="DESKTOP-HE04GST" duration="00:00:00.0078990" startTime="2023-04-30T09:40:42.2666416-04:00" endTime="2023-04-30T09:40:42.2666418-04:00" testType="13cdc9d9-ddb5-4fa4-a97d-d965ccfc6d4b" outcome="Passed" testListId="8c84fa94-04c1-424b-9868-57a2d4851a1d" relativeResultsDirectory="7c7c93a6-e289-4996-a7a1-363f79cf0941" />
    <UnitTestResult executionId="e904800c-254c-4f3d-a51e-41200aef30bb" testId="4292ddf4-274b-19b7-255b-545fc6e6acb2" testName="Carlton.Base.Components.Test.TablePaginationRowComponentTests.TablePaginationRow_ItemCountGreaterThanItemsPerPage_RightChevronsEnabled_RendersCorrectly(itemCount: 100)" computerName="DESKTOP-HE04GST" duration="00:00:00.0030667" startTime="2023-04-30T09:40:42.6721561-04:00" endTime="2023-04-30T09:40:42.6721563-04:00" testType="13cdc9d9-ddb5-4fa4-a97d-d965ccfc6d4b" outcome="Passed" testListId="8c84fa94-04c1-424b-9868-57a2d4851a1d" relativeResultsDirectory="e904800c-254c-4f3d-a51e-41200aef30bb" />
    <UnitTestResult executionId="36f1ef10-5f48-4532-b791-db064d2a04ab" testId="52d24878-db09-1723-cee6-5b4fd5d5342a" testName="Carlton.Base.Components.Test.ConsoleComponentTests.Console_TextParam_RendersCorrectly(expectedText: &quot;here is some more super special test text&quot;)" computerName="DESKTOP-HE04GST" duration="00:00:00.0028777" startTime="2023-04-30T09:40:42.2708148-04:00" endTime="2023-04-30T09:40:42.2708150-04:00" testType="13cdc9d9-ddb5-4fa4-a97d-d965ccfc6d4b" outcome="Passed" testListId="8c84fa94-04c1-424b-9868-57a2d4851a1d" relativeResultsDirectory="36f1ef10-5f48-4532-b791-db064d2a04ab" />
    <UnitTestResult executionId="d42f2cae-a32d-4c3d-aa49-75c03a8a9e2b" testId="aa7e615a-7f15-9843-7c19-46e835d236eb" testName="Carlton.Base.Components.Test.TablePaginationRowComponentTests.TablePaginationRow_OnPaginationChangedCallback_FiresEvent(selectedPage: 2, selectedRowsPerPage: 15, expectedPage: 1)" computerName="DESKTOP-HE04GST" duration="00:00:00.0134662" startTime="2023-04-30T09:40:42.5748506-04:00" endTime="2023-04-30T09:40:42.5748508-04:00" testType="13cdc9d9-ddb5-4fa4-a97d-d965ccfc6d4b" outcome="Passed" testListId="8c84fa94-04c1-424b-9868-57a2d4851a1d" relativeResultsDirectory="d42f2cae-a32d-4c3d-aa49-75c03a8a9e2b" />
    <UnitTestResult executionId="af3d10d2-c715-4197-8c96-3a42680db68f" testId="af848a1f-f111-f492-606c-888928ebb663" testName="Carlton.Base.Components.Test.NotificationBarComponentTests.NotificationBar_IsTestModeFalseParam_RendersCorrectly" computerName="DESKTOP-HE04GST" duration="00:00:00.0047922" startTime="2023-04-30T09:40:42.4550546-04:00" endTime="2023-04-30T09:40:42.4550551-04:00" testType="13cdc9d9-ddb5-4fa4-a97d-d965ccfc6d4b" outcome="Passed" testListId="8c84fa94-04c1-424b-9868-57a2d4851a1d" relativeResultsDirectory="af3d10d2-c715-4197-8c96-3a42680db68f" />
    <UnitTestResult executionId="548cb496-0f0f-43dd-a2e3-bec8186b7aaa" testId="177ef4bf-7531-a779-4b80-032e62efe340" testName="Carlton.Base.Components.Test.DropDownMenuComponentTests.DropDownMenuElement_Markup_RendersCorrectly" computerName="DESKTOP-HE04GST" duration="00:00:00.0049687" startTime="2023-04-30T09:40:42.4397292-04:00" endTime="2023-04-30T09:40:42.4397294-04:00" testType="13cdc9d9-ddb5-4fa4-a97d-d965ccfc6d4b" outcome="Passed" testListId="8c84fa94-04c1-424b-9868-57a2d4851a1d" relativeResultsDirectory="548cb496-0f0f-43dd-a2e3-bec8186b7aaa" />
    <UnitTestResult executionId="905dade4-2093-4338-b75e-58848d9de0a1" testId="ff2833ad-55bf-08c7-90a9-0dcc4a199d2c" testName="Carlton.Base.Components.Test.DesktopTabBarComponentTests.DesktopTabBar_WithThreeTabs_RendersCorrectly" computerName="DESKTOP-HE04GST" duration="00:00:00.0124038" startTime="2023-04-30T09:40:42.4968965-04:00" endTime="2023-04-30T09:40:42.4968967-04:00" testType="13cdc9d9-ddb5-4fa4-a97d-d965ccfc6d4b" outcome="Passed" testListId="8c84fa94-04c1-424b-9868-57a2d4851a1d" relativeResultsDirectory="905dade4-2093-4338-b75e-58848d9de0a1" />
    <UnitTestResult executionId="a3188310-2d59-44e0-ad82-2654c4639da1" testId="b9da235f-445f-e555-2621-e29da2700ddb" testName="Carlton.Base.Components.Test.AccordionSelectComponentTests.AccordionSelect_TitleParam_RendersCorrectly(expectedTitle: &quot;Test 1&quot;)" computerName="DESKTOP-HE04GST" duration="00:00:00.0015969" startTime="2023-04-30T09:40:42.4815802-04:00" endTime="2023-04-30T09:40:42.4815803-04:00" testType="13cdc9d9-ddb5-4fa4-a97d-d965ccfc6d4b" outcome="Passed" testListId="8c84fa94-04c1-424b-9868-57a2d4851a1d" relativeResultsDirectory="a3188310-2d59-44e0-ad82-2654c4639da1" />
    <UnitTestResult executionId="5f0a0dc2-0c64-489e-bc6f-0989e78066c0" testId="abec9a13-deaf-e930-46a3-bb5a190e831a" testName="Carlton.Base.Components.Test.TableComponentTests.Table_ItemsChangedCallback_FiresEvent(currentPage: 1, optIndex: 0, expectedSkip: 0, expectedTake: 5)" computerName="DESKTOP-HE04GST" duration="00:00:00.0050333" startTime="2023-04-30T09:40:42.5761431-04:00" endTime="2023-04-30T09:40:42.5761432-04:00" testType="13cdc9d9-ddb5-4fa4-a97d-d965ccfc6d4b" outcome="Passed" testListId="8c84fa94-04c1-424b-9868-57a2d4851a1d" relativeResultsDirectory="5f0a0dc2-0c64-489e-bc6f-0989e78066c0" />
    <UnitTestResult executionId="1b6f32d4-ab74-4e2f-b7fb-3766597bffc8" testId="5edad639-7772-08f8-4106-625d4c43a8b3" testName="Carlton.Base.Components.Test.BreadCrumbsComponentTests.BreadCrumbs_SeparatorParam_RendersCorrectly(expectedSeparator: &quot;|&quot;)" computerName="DESKTOP-HE04GST" duration="00:00:00.0035474" startTime="2023-04-30T09:40:42.3977190-04:00" endTime="2023-04-30T09:40:42.3977192-04:00" testType="13cdc9d9-ddb5-4fa4-a97d-d965ccfc6d4b" outcome="Passed" testListId="8c84fa94-04c1-424b-9868-57a2d4851a1d" relativeResultsDirectory="1b6f32d4-ab74-4e2f-b7fb-3766597bffc8" />
    <UnitTestResult executionId="d27f583a-c9c6-472a-96b5-2a680af3d584" testId="48670272-3dd1-1148-043b-fca5b5e47e53" testName="Carlton.Base.Components.Test.CheckboxComponentTests.Checkbox_IsCheckedParam_FiresCallback(isChecked: False)" computerName="DESKTOP-HE04GST" duration="00:00:00.6028563" startTime="2023-04-30T09:40:42.2175083-04:00" endTime="2023-04-30T09:40:42.2175102-04:00" testType="13cdc9d9-ddb5-4fa4-a97d-d965ccfc6d4b" outcome="Passed" testListId="8c84fa94-04c1-424b-9868-57a2d4851a1d" relativeResultsDirectory="d27f583a-c9c6-472a-96b5-2a680af3d584" />
    <UnitTestResult executionId="e89da413-727e-4ede-b364-1d22289738af" testId="1d3214d0-58ed-27fe-6283-c0167a9cb4ee" testName="Carlton.Base.Components.Test.ListCardComponentTests.ListCard_CardTitleParam_RendersCorrectly(title: &quot;Test Title 1&quot;)" computerName="DESKTOP-HE04GST" duration="00:00:00.0020298" startTime="2023-04-30T09:40:42.4386566-04:00" endTime="2023-04-30T09:40:42.4386567-04:00" testType="13cdc9d9-ddb5-4fa4-a97d-d965ccfc6d4b" outcome="Passed" testListId="8c84fa94-04c1-424b-9868-57a2d4851a1d" relativeResultsDirectory="e89da413-727e-4ede-b364-1d22289738af" />
    <UnitTestResult executionId="56c12bc1-4966-483e-9522-cf8032ab52aa" testId="e5e3f589-0b7d-a06d-d06c-19426b0e1ca4" testName="Carlton.Base.Components.Test.CountCardComponentTests.CountCard_IconParam_RendersCorrectly(icon: &quot;icon-3&quot;)" computerName="DESKTOP-HE04GST" duration="00:00:00.0030984" startTime="2023-04-30T09:40:42.4044137-04:00" endTime="2023-04-30T09:40:42.4044138-04:00" testType="13cdc9d9-ddb5-4fa4-a97d-d965ccfc6d4b" outcome="Passed" testListId="8c84fa94-04c1-424b-9868-57a2d4851a1d" relativeResultsDirectory="56c12bc1-4966-483e-9522-cf8032ab52aa" />
    <UnitTestResult executionId="8417096b-1517-4705-bcb5-6a019d421b8b" testId="a0d5f268-093a-ce20-e2cc-9639f69015bc" testName="Carlton.Base.Components.Test.CardComponentTests.Card_PrimaryContentChildParam_RendersCorrectly(expectedPrimaryCardContent: &quot;&lt;span&gt;Primary Testing Content 3&lt;/span&gt;&quot;)" computerName="DESKTOP-HE04GST" duration="00:00:00.0036051" startTime="2023-04-30T09:40:42.5828300-04:00" endTime="2023-04-30T09:40:42.5828301-04:00" testType="13cdc9d9-ddb5-4fa4-a97d-d965ccfc6d4b" outcome="Passed" testListId="8c84fa94-04c1-424b-9868-57a2d4851a1d" relativeResultsDirectory="8417096b-1517-4705-bcb5-6a019d421b8b" />
    <UnitTestResult executionId="9ed7a9e4-3498-483e-a8de-6c5dab8cb926" testId="438eed2f-cc94-9f83-f842-f4351edb01f8" testName="Carlton.Base.Components.Test.TableHeaderComponentTests.TableHeader_ClickHeadersOnceTwice_EventFires(columnIndex: 0, expectedColumnName: &quot;ID&quot;)" computerName="DESKTOP-HE04GST" duration="00:00:00.0079159" startTime="2023-04-30T09:40:42.4635325-04:00" endTime="2023-04-30T09:40:42.4635328-04:00" testType="13cdc9d9-ddb5-4fa4-a97d-d965ccfc6d4b" outcome="Passed" testListId="8c84fa94-04c1-424b-9868-57a2d4851a1d" relativeResultsDirectory="9ed7a9e4-3498-483e-a8de-6c5dab8cb926" />
    <UnitTestResult executionId="e9a1c57e-f48f-4e16-8e1e-b3aa8eedec9e" testId="090a8dd5-7432-938f-38c8-3e25de645fe6" testName="Carlton.Base.Components.Test.HamburgerCollapserComponentTests.HamburgerCollapser_ClickEvent_ShouldRenderCorrectly(isCollapsed: False)" computerName="DESKTOP-HE04GST" duration="00:00:00.0018444" startTime="2023-04-30T09:40:42.5029035-04:00" endTime="2023-04-30T09:40:42.5029037-04:00" testType="13cdc9d9-ddb5-4fa4-a97d-d965ccfc6d4b" outcome="Passed" testListId="8c84fa94-04c1-424b-9868-57a2d4851a1d" relativeResultsDirectory="e9a1c57e-f48f-4e16-8e1e-b3aa8eedec9e" />
    <UnitTestResult executionId="41924acf-ba11-4efb-b058-2aa2495ac363" testId="0da18184-c20f-d5ad-bc5e-22dc0f1cb3a7" testName="Carlton.Base.Components.Test.CountCardComponentTests.CountCard_ThemeParam_RendersCorrectly(theme: Red)" computerName="DESKTOP-HE04GST" duration="00:00:00.0029317" startTime="2023-04-30T09:40:42.3848578-04:00" endTime="2023-04-30T09:40:42.3848579-04:00" testType="13cdc9d9-ddb5-4fa4-a97d-d965ccfc6d4b" outcome="Passed" testListId="8c84fa94-04c1-424b-9868-57a2d4851a1d" relativeResultsDirectory="41924acf-ba11-4efb-b058-2aa2495ac363" />
    <UnitTestResult executionId="f29fbe25-f96c-47c8-867f-5c0c796c0566" testId="8f597377-bc86-3011-70c1-8f0f455f5181" testName="Carlton.Base.Components.Test.TableComponentTests.Table_HeaderItemOnClick_DescendingClass_RendersCorrectly(selectedIndex: 0)" computerName="DESKTOP-HE04GST" duration="00:00:00.0192851" startTime="2023-04-30T09:40:42.5968897-04:00" endTime="2023-04-30T09:40:42.5968901-04:00" testType="13cdc9d9-ddb5-4fa4-a97d-d965ccfc6d4b" outcome="Passed" testListId="8c84fa94-04c1-424b-9868-57a2d4851a1d" relativeResultsDirectory="f29fbe25-f96c-47c8-867f-5c0c796c0566" />
    <UnitTestResult executionId="03894ae8-3788-482c-aeda-59083ce64eef" testId="9b5468a2-4813-db67-ef8f-8ee6cb07a98d" testName="Carlton.Base.Components.Test.SelectComponentTests.Select_LabelParam_RendersCorrectly(labelText: &quot;Another Test Label&quot;)" computerName="DESKTOP-HE04GST" duration="00:00:00.0018488" startTime="2023-04-30T09:40:42.2663535-04:00" endTime="2023-04-30T09:40:42.2663537-04:00" testType="13cdc9d9-ddb5-4fa4-a97d-d965ccfc6d4b" outcome="Passed" testListId="8c84fa94-04c1-424b-9868-57a2d4851a1d" relativeResultsDirectory="03894ae8-3788-482c-aeda-59083ce64eef" />
    <UnitTestResult executionId="26bf4051-5e4c-411e-9e71-3c6f7fff158e" testId="6a9bea38-8fd5-7218-ba12-e6943c567071" testName="Carlton.Base.Components.Test.TableComponentTests.Table_HeaderItemOnClick_DescendingClass_RendersCorrectly(selectedIndex: 1)" computerName="DESKTOP-HE04GST" duration="00:00:00.0184883" startTime="2023-04-30T09:40:42.6317548-04:00" endTime="2023-04-30T09:40:42.6317550-04:00" testType="13cdc9d9-ddb5-4fa4-a97d-d965ccfc6d4b" outcome="Passed" testListId="8c84fa94-04c1-424b-9868-57a2d4851a1d" relativeResultsDirectory="26bf4051-5e4c-411e-9e71-3c6f7fff158e" />
    <UnitTestResult executionId="9d680316-0b7e-46a5-b2a5-5b266c144b5a" testId="f12aee75-fa53-4c05-9706-3be9762ccebf" testName="Carlton.Base.Components.Test.CheckboxComponentTests.Checkbox_Markup_RendersCorrectly" computerName="DESKTOP-HE04GST" duration="00:00:00.1134199" startTime="2023-04-30T09:40:42.3256089-04:00" endTime="2023-04-30T09:40:42.3256093-04:00" testType="13cdc9d9-ddb5-4fa4-a97d-d965ccfc6d4b" outcome="Passed" testListId="8c84fa94-04c1-424b-9868-57a2d4851a1d" relativeResultsDirectory="9d680316-0b7e-46a5-b2a5-5b266c144b5a" />
    <UnitTestResult executionId="5da71bd8-37bb-465b-ba76-c236bd051e20" testId="4c0edeb2-cccc-45bf-c1ff-0ee97ac8aab7" testName="Carlton.Base.Components.Test.MobileTabBarComponentTests.MobileTabBar_ActiveTabClass_RendersCorrectly(activeTabIndex: 1)" computerName="DESKTOP-HE04GST" duration="00:00:00.0068972" startTime="2023-04-30T09:40:42.4870146-04:00" endTime="2023-04-30T09:40:42.4870148-04:00" testType="13cdc9d9-ddb5-4fa4-a97d-d965ccfc6d4b" outcome="Passed" testListId="8c84fa94-04c1-424b-9868-57a2d4851a1d" relativeResultsDirectory="5da71bd8-37bb-465b-ba76-c236bd051e20" />
    <UnitTestResult executionId="b320a51d-b925-4f89-8ed2-e661b60ae7da" testId="a2886431-9c55-db6f-26b5-a842c5946b9e" testName="Carlton.Base.Components.Test.MobileTabBarComponentTests.MobileTabBar_ChildIconParam_RendersCorrectly(icon: &quot;Icon-Done-Testing&quot;)" computerName="DESKTOP-HE04GST" duration="00:00:00.0017561" startTime="2023-04-30T09:40:42.5826886-04:00" endTime="2023-04-30T09:40:42.5826888-04:00" testType="13cdc9d9-ddb5-4fa4-a97d-d965ccfc6d4b" outcome="Passed" testListId="8c84fa94-04c1-424b-9868-57a2d4851a1d" relativeResultsDirectory="b320a51d-b925-4f89-8ed2-e661b60ae7da" />
    <UnitTestResult executionId="b4e71b8f-6bc5-45f3-9e55-9df1697cfda3" testId="5f983ffa-b981-0843-1076-3e0c742ab73b" testName="Carlton.Base.Components.Test.BaseNotificationComponentTests.BaseNotification_DisposeComponent_ShouldSucced" computerName="DESKTOP-HE04GST" duration="00:00:00.0195709" startTime="2023-04-30T09:40:42.4617725-04:00" endTime="2023-04-30T09:40:42.4617726-04:00" testType="13cdc9d9-ddb5-4fa4-a97d-d965ccfc6d4b" outcome="Passed" testListId="8c84fa94-04c1-424b-9868-57a2d4851a1d" relativeResultsDirectory="b4e71b8f-6bc5-45f3-9e55-9df1697cfda3" />
    <UnitTestResult executionId="f06c6d57-2fea-4989-af1d-bebabe95f46d" testId="a5583b3d-3f91-3c4f-21d1-42bb4138e6f4" testName="Carlton.Base.Components.Test.BaseNotificationComponentTests.BaseNotification_MessageParam_RendersCorrectly(expectedMessage: &quot;Notification Message Test 1&quot;)" computerName="DESKTOP-HE04GST" duration="00:00:00.0018299" startTime="2023-04-30T09:40:42.4408163-04:00" endTime="2023-04-30T09:40:42.4408164-04:00" testType="13cdc9d9-ddb5-4fa4-a97d-d965ccfc6d4b" outcome="Passed" testListId="8c84fa94-04c1-424b-9868-57a2d4851a1d" relativeResultsDirectory="f06c6d57-2fea-4989-af1d-bebabe95f46d" />
    <UnitTestResult executionId="75a64ddd-1d92-47c9-9048-0f6e712f67d0" testId="88b02857-31c6-c6a5-e9ec-e82f8eaf3750" testName="Carlton.Base.Components.Test.CountCardComponentTests.CountCard_IconParam_RendersCorrectly(icon: &quot;icon-1&quot;)" computerName="DESKTOP-HE04GST" duration="00:00:00.0023311" startTime="2023-04-30T09:40:42.4224097-04:00" endTime="2023-04-30T09:40:42.4224099-04:00" testType="13cdc9d9-ddb5-4fa4-a97d-d965ccfc6d4b" outcome="Passed" testListId="8c84fa94-04c1-424b-9868-57a2d4851a1d" relativeResultsDirectory="75a64ddd-1d92-47c9-9048-0f6e712f67d0" />
    <UnitTestResult executionId="9414eac5-33a9-4547-837d-7b82ab4a7f3a" testId="26905ffd-8188-205e-dfc2-03ba98f0a988" testName="Carlton.Base.Components.Test.TableComponentTests.Table_OnClickTwice_FiltersItemsDesc(expected: (0, System.Collections.ObjectModel.ReadOnlyCollection`1[Carlton.Base.Components.Test.TableTestHelper+TableTestObject]))" computerName="DESKTOP-HE04GST" duration="00:00:00.0101048" startTime="2023-04-30T09:40:42.7349931-04:00" endTime="2023-04-30T09:40:42.7349936-04:00" testType="13cdc9d9-ddb5-4fa4-a97d-d965ccfc6d4b" outcome="Passed" testListId="8c84fa94-04c1-424b-9868-57a2d4851a1d" relativeResultsDirectory="9414eac5-33a9-4547-837d-7b82ab4a7f3a" />
    <UnitTestResult executionId="b3a55d06-a0be-4abe-9d9c-914b52841fbb" testId="e9eb0071-7c11-ea6a-d23e-514dfad8a621" testName="Carlton.Base.Components.Test.DesktopTabBarComponentTests.DesktopTabBar_DefaultActiveTab_RendersCorrectly" computerName="DESKTOP-HE04GST" duration="00:00:00.0050080" startTime="2023-04-30T09:40:42.4626251-04:00" endTime="2023-04-30T09:40:42.4626253-04:00" testType="13cdc9d9-ddb5-4fa4-a97d-d965ccfc6d4b" outcome="Passed" testListId="8c84fa94-04c1-424b-9868-57a2d4851a1d" relativeResultsDirectory="b3a55d06-a0be-4abe-9d9c-914b52841fbb" />
    <UnitTestResult executionId="d62f595d-38ef-437b-9c8e-6b2265dab6c5" testId="01cca043-7422-59f0-8edf-1a356304b220" testName="Carlton.Base.Components.Test.DesktopTabBarComponentTests.DesktopTabBar_ActiveTab_RendersCorrectly(activeTabIndex: 0, expectedText: &quot;&lt;span&gt;This is the first tab&lt;/span&gt;&quot;)" computerName="DESKTOP-HE04GST" duration="00:00:00.0098775" startTime="2023-04-30T09:40:42.4374264-04:00" endTime="2023-04-30T09:40:42.4374270-04:00" testType="13cdc9d9-ddb5-4fa4-a97d-d965ccfc6d4b" outcome="Passed" testListId="8c84fa94-04c1-424b-9868-57a2d4851a1d" relativeResultsDirectory="d62f595d-38ef-437b-9c8e-6b2265dab6c5" />
    <UnitTestResult executionId="fd045952-7cae-4ab2-bf85-55ac205d78b4" testId="dd925c60-da53-25bf-1f76-c292f459c42a" testName="Carlton.Base.Components.Test.SlideTabComponentTests.SlideTab_PositionBottomParam_RendersCorrectly(expectedPositionBottom: 500)" computerName="DESKTOP-HE04GST" duration="00:00:00.5992624" startTime="2023-04-30T09:40:42.2097827-04:00" endTime="2023-04-30T09:40:42.2098328-04:00" testType="13cdc9d9-ddb5-4fa4-a97d-d965ccfc6d4b" outcome="Passed" testListId="8c84fa94-04c1-424b-9868-57a2d4851a1d" relativeResultsDirectory="fd045952-7cae-4ab2-bf85-55ac205d78b4" />
    <UnitTestResult executionId="721e2d48-09bb-414e-af90-72bddbc99deb" testId="10597dda-a407-f9c8-7523-ceedcc006f63" testName="Carlton.Base.Components.Test.TablePaginationRowComponentTests.TablePaginationRow_PaginationLabel_RendersCorrectly(currentPage: 3, currentRowsPerPage: 5, expectedText: &quot;11-15 of 15&quot;)" computerName="DESKTOP-HE04GST" duration="00:00:00.0048254" startTime="2023-04-30T09:40:42.6122432-04:00" endTime="2023-04-30T09:40:42.6122435-04:00" testType="13cdc9d9-ddb5-4fa4-a97d-d965ccfc6d4b" outcome="Passed" testListId="8c84fa94-04c1-424b-9868-57a2d4851a1d" relativeResultsDirectory="721e2d48-09bb-414e-af90-72bddbc99deb" />
    <UnitTestResult executionId="257001ce-4c10-46f4-a62f-9100d622da13" testId="c8e77cac-6f32-7922-908e-be27d6adb862" testName="Carlton.Base.Components.Test.DesktopTabBarComponentTests.DesktopTabBar_ActiveTab_RendersCorrectly(activeTabIndex: 1, expectedText: &quot;&lt;span&gt;This is the second tab&lt;/span&gt;&quot;)" computerName="DESKTOP-HE04GST" duration="00:00:00.0281115" startTime="2023-04-30T09:40:42.4148558-04:00" endTime="2023-04-30T09:40:42.4148563-04:00" testType="13cdc9d9-ddb5-4fa4-a97d-d965ccfc6d4b" outcome="Passed" testListId="8c84fa94-04c1-424b-9868-57a2d4851a1d" relativeResultsDirectory="257001ce-4c10-46f4-a62f-9100d622da13" />
    <UnitTestResult executionId="7b3de689-10fb-4dbb-bc1b-35da9f669ceb" testId="35bf7ad8-b67e-b278-db91-44c6d96aa154" testName="Carlton.Base.Components.Test.DesktopTabBarComponentTests.DesktopTabBar_Markup_RendersCorrectly" computerName="DESKTOP-HE04GST" duration="00:00:00.0147364" startTime="2023-04-30T09:40:42.4757284-04:00" endTime="2023-04-30T09:40:42.4757285-04:00" testType="13cdc9d9-ddb5-4fa4-a97d-d965ccfc6d4b" outcome="Passed" testListId="8c84fa94-04c1-424b-9868-57a2d4851a1d" relativeResultsDirectory="7b3de689-10fb-4dbb-bc1b-35da9f669ceb" />
    <UnitTestResult executionId="59a2a281-84c5-41bc-8022-4a8c26c397b9" testId="040ce82b-4387-06af-eec7-b1df3b7630c0" testName="Carlton.Base.Components.Test.ConsoleComponentTests.Console_Markup_RendersCorrectly" computerName="DESKTOP-HE04GST" duration="00:00:00.0672084" startTime="2023-04-30T09:40:42.3256527-04:00" endTime="2023-04-30T09:40:42.3256528-04:00" testType="13cdc9d9-ddb5-4fa4-a97d-d965ccfc6d4b" outcome="Passed" testListId="8c84fa94-04c1-424b-9868-57a2d4851a1d" relativeResultsDirectory="59a2a281-84c5-41bc-8022-4a8c26c397b9" />
    <UnitTestResult executionId="326605ba-4231-4ab9-8681-9ed1ae3c62b8" testId="6620d40e-d903-83db-0393-7ce4b6d7a8b9" testName="Carlton.Base.Components.Test.DropDownMenuElementComponentTests.DropDownMenuElement_MenuItemIconParam_RendersCorrectly(icon: &quot;icon-3&quot;)" computerName="DESKTOP-HE04GST" duration="00:00:00.0036867" startTime="2023-04-30T09:40:42.2654924-04:00" endTime="2023-04-30T09:40:42.2654925-04:00" testType="13cdc9d9-ddb5-4fa4-a97d-d965ccfc6d4b" outcome="Passed" testListId="8c84fa94-04c1-424b-9868-57a2d4851a1d" relativeResultsDirectory="326605ba-4231-4ab9-8681-9ed1ae3c62b8" />
    <UnitTestResult executionId="6e116f0a-9485-4375-a217-acb102b3c718" testId="1b291c1f-ffae-1d18-e1ca-fc3a05135b41" testName="Carlton.Base.Components.Test.TableHeaderComponentTests.TableHeader_ClickHeadersOnceTwice_EventFires(columnIndex: 2, expectedColumnName: &quot;CreatedDate&quot;)" computerName="DESKTOP-HE04GST" duration="00:00:00.0034975" startTime="2023-04-30T09:40:42.4752856-04:00" endTime="2023-04-30T09:40:42.4752860-04:00" testType="13cdc9d9-ddb5-4fa4-a97d-d965ccfc6d4b" outcome="Passed" testListId="8c84fa94-04c1-424b-9868-57a2d4851a1d" relativeResultsDirectory="6e116f0a-9485-4375-a217-acb102b3c718" />
    <UnitTestResult executionId="4aa1e6bd-0603-4a3a-8fad-3d32200d6f84" testId="0419bf75-fe13-ba31-ce3d-95f4193a989f" testName="Carlton.Base.Components.Test.DropDownMenuElementComponentTests.DropDownMenuElement_Markup_RendersCorrectly" computerName="DESKTOP-HE04GST" duration="00:00:00.0688817" startTime="2023-04-30T09:40:42.3471030-04:00" endTime="2023-04-30T09:40:42.3471036-04:00" testType="13cdc9d9-ddb5-4fa4-a97d-d965ccfc6d4b" outcome="Passed" testListId="8c84fa94-04c1-424b-9868-57a2d4851a1d" relativeResultsDirectory="4aa1e6bd-0603-4a3a-8fad-3d32200d6f84" />
    <UnitTestResult executionId="c4b1093d-68e8-4ce4-92c1-d2c740536e58" testId="55dfd735-8734-de35-834e-08dd21df3135" testName="Carlton.Base.Components.Test.TableHeaderComponentTests.TableHeader_ClickHeadersOnce_EventFires(columnIndex: 1, expectedColumnName: &quot;DisplayName&quot;)" computerName="DESKTOP-HE04GST" duration="00:00:00.0021847" startTime="2023-04-30T09:40:42.5848070-04:00" endTime="2023-04-30T09:40:42.5848071-04:00" testType="13cdc9d9-ddb5-4fa4-a97d-d965ccfc6d4b" outcome="Passed" testListId="8c84fa94-04c1-424b-9868-57a2d4851a1d" relativeResultsDirectory="c4b1093d-68e8-4ce4-92c1-d2c740536e58" />
    <UnitTestResult executionId="adec6bc3-943a-4728-8d63-00f47963627c" testId="e7a23f8f-f15f-1845-f70b-de2f133d8416" testName="Carlton.Base.Components.Test.SelectComponentTests.Select_Markup_RendersCorrectly" computerName="DESKTOP-HE04GST" duration="00:00:00.0412797" startTime="2023-04-30T09:40:42.3475120-04:00" endTime="2023-04-30T09:40:42.3475121-04:00" testType="13cdc9d9-ddb5-4fa4-a97d-d965ccfc6d4b" outcome="Passed" testListId="8c84fa94-04c1-424b-9868-57a2d4851a1d" relativeResultsDirectory="adec6bc3-943a-4728-8d63-00f47963627c" />
    <UnitTestResult executionId="5acb8996-ff05-4c2f-b37d-49a2a8ed7ba4" testId="19699ab8-56b4-61b7-0754-1ac8ee2c3788" testName="Carlton.Base.Components.Test.TableComponentTests.Table_ItemsParam_RendersCorrectly(expected: (System.Collections.ObjectModel.ReadOnlyCollection`1[Carlton.Base.Components.Test.TableTestHelper+TableTestObject], System.Collections.ObjectModel.ReadOnlyCollection`1[System.String]))" computerName="DESKTOP-HE04GST" duration="00:00:00.0050780" startTime="2023-04-30T09:40:42.7283900-04:00" endTime="2023-04-30T09:40:42.7283902-04:00" testType="13cdc9d9-ddb5-4fa4-a97d-d965ccfc6d4b" outcome="Passed" testListId="8c84fa94-04c1-424b-9868-57a2d4851a1d" relativeResultsDirectory="5acb8996-ff05-4c2f-b37d-49a2a8ed7ba4" />
    <UnitTestResult executionId="f9aedfdf-6c92-444f-a405-90583dddd285" testId="575a6c02-c985-735a-d70d-1061600e252c" testName="Carlton.Base.Components.Test.NotificationBarComponentTests.NotificationBar_ClickEvent_RendersCorrectly(btnClass: &quot;info-btn&quot;, expectedType: typeof(Carlton.Base.Components.InfoNotification))" computerName="DESKTOP-HE04GST" duration="00:00:00.0022980" startTime="2023-04-30T09:40:42.4197470-04:00" endTime="2023-04-30T09:40:42.4197473-04:00" testType="13cdc9d9-ddb5-4fa4-a97d-d965ccfc6d4b" outcome="Passed" testListId="8c84fa94-04c1-424b-9868-57a2d4851a1d" relativeResultsDirectory="f9aedfdf-6c92-444f-a405-90583dddd285" />
    <UnitTestResult executionId="1efa8630-1c1b-4863-bf60-3bf0ab977a35" testId="18569e55-01d3-2cbe-9a47-b7a6b6af48bd" testName="Carlton.Base.Components.Test.ListCardComponentTests.ListCard_ItemsParam_RendersCorrectly(expectedItems: [1, 2, 3])" computerName="DESKTOP-HE04GST" duration="00:00:00.0195414" startTime="2023-04-30T09:40:42.4149862-04:00" endTime="2023-04-30T09:40:42.4149864-04:00" testType="13cdc9d9-ddb5-4fa4-a97d-d965ccfc6d4b" outcome="Passed" testListId="8c84fa94-04c1-424b-9868-57a2d4851a1d" relativeResultsDirectory="1efa8630-1c1b-4863-bf60-3bf0ab977a35" />
    <UnitTestResult executionId="b301fc7d-c661-46ee-a39e-3578de957d46" testId="4b6514f5-8258-f539-a400-bc0b147a93fc" testName="Carlton.Base.Components.Test.MobileTabBarComponentTests.MobileTabBar_WithTwoTabs_RendersCorrectly" computerName="DESKTOP-HE04GST" duration="00:00:00.0044912" startTime="2023-04-30T09:40:42.6060534-04:00" endTime="2023-04-30T09:40:42.6060536-04:00" testType="13cdc9d9-ddb5-4fa4-a97d-d965ccfc6d4b" outcome="Passed" testListId="8c84fa94-04c1-424b-9868-57a2d4851a1d" relativeResultsDirectory="b301fc7d-c661-46ee-a39e-3578de957d46" />
    <UnitTestResult executionId="aa803a48-9456-4f4f-95c5-d04bad8878ca" testId="83c26dfc-7c9f-0e03-2375-8e3fadd5c926" testName="Carlton.Base.Components.Test.BreadCrumbsComponentTests.BreadCrumbs_Markup_RendersCorrectly" computerName="DESKTOP-HE04GST" duration="00:00:00.0137793" startTime="2023-04-30T09:40:42.4163681-04:00" endTime="2023-04-30T09:40:42.4163685-04:00" testType="13cdc9d9-ddb5-4fa4-a97d-d965ccfc6d4b" outcome="Passed" testListId="8c84fa94-04c1-424b-9868-57a2d4851a1d" relativeResultsDirectory="aa803a48-9456-4f4f-95c5-d04bad8878ca" />
    <UnitTestResult executionId="c6250963-3540-4a58-b0f4-b5ed07437453" testId="0059705e-91ed-d5f7-24c7-ed5bee8a892f" testName="Carlton.Base.Components.Test.TableComponentTests.Table_RowTemplateParam_RendersCorrectly(rowTemplate: &quot;&lt;div class=\&quot;test-row\&quot;&gt;&lt;span&gt;{0}Test Template {1}&quot;...)" computerName="DESKTOP-HE04GST" duration="00:00:00.0024543" startTime="2023-04-30T09:40:42.6760817-04:00" endTime="2023-04-30T09:40:42.6760819-04:00" testType="13cdc9d9-ddb5-4fa4-a97d-d965ccfc6d4b" outcome="Passed" testListId="8c84fa94-04c1-424b-9868-57a2d4851a1d" relativeResultsDirectory="c6250963-3540-4a58-b0f4-b5ed07437453" />
    <UnitTestResult executionId="1bed0c8e-9526-4200-894b-c2f829702cee" testId="8b53c199-c168-bbf7-eda1-d20e6041e2a6" testName="Carlton.Base.Components.Test.MobileTabBarComponentTests.MobileTabBar_WithOneTab_RendersCorrectly" computerName="DESKTOP-HE04GST" duration="00:00:00.0170278" startTime="2023-04-30T09:40:42.4800315-04:00" endTime="2023-04-30T09:40:42.4800316-04:00" testType="13cdc9d9-ddb5-4fa4-a97d-d965ccfc6d4b" outcome="Passed" testListId="8c84fa94-04c1-424b-9868-57a2d4851a1d" relativeResultsDirectory="1bed0c8e-9526-4200-894b-c2f829702cee" />
    <UnitTestResult executionId="3376ff47-6b30-4a2b-a80a-98b852202e0b" testId="d43bf906-3878-764e-857c-5c92b0d09825" testName="Carlton.Base.Components.Test.BaseNotificationComponentTests.BaseNotification_MessageParam_RendersCorrectly(expectedMessage: &quot;Notification Message Test 3&quot;)" computerName="DESKTOP-HE04GST" duration="00:00:00.0018852" startTime="2023-04-30T09:40:42.4388896-04:00" endTime="2023-04-30T09:40:42.4388897-04:00" testType="13cdc9d9-ddb5-4fa4-a97d-d965ccfc6d4b" outcome="Passed" testListId="8c84fa94-04c1-424b-9868-57a2d4851a1d" relativeResultsDirectory="3376ff47-6b30-4a2b-a80a-98b852202e0b" />
    <UnitTestResult executionId="de91ae2b-ddaa-4d84-adba-e9dfb6c1849e" testId="b46ed5e3-62a7-5d16-9331-11b730151130" testName="Carlton.Base.Components.Test.ConsoleComponentTests.Console_TextParam_RendersCorrectly(expectedText: &quot;here is some super special test text&quot;)" computerName="DESKTOP-HE04GST" duration="00:00:00.0087270" startTime="2023-04-30T09:40:42.2718471-04:00" endTime="2023-04-30T09:40:42.2718472-04:00" testType="13cdc9d9-ddb5-4fa4-a97d-d965ccfc6d4b" outcome="Passed" testListId="8c84fa94-04c1-424b-9868-57a2d4851a1d" relativeResultsDirectory="de91ae2b-ddaa-4d84-adba-e9dfb6c1849e" />
    <UnitTestResult executionId="054d8bf2-41a9-4775-9c40-6dee23633d7e" testId="499a4bba-291d-374f-711c-1097a1a52e0f" testName="Carlton.Base.Components.Test.AccordionSelectComponentTests.AccordionSelect_ItemsParams_RendersCorrectly(items: [SelectItem { Name = Item 1, Index = 0, Value = 1 }, SelectItem { Name = Item 2, Index = 1, Value = 2 }])" computerName="DESKTOP-HE04GST" duration="00:00:00.0021083" startTime="2023-04-30T09:40:42.6031717-04:00" endTime="2023-04-30T09:40:42.6031719-04:00" testType="13cdc9d9-ddb5-4fa4-a97d-d965ccfc6d4b" outcome="Passed" testListId="8c84fa94-04c1-424b-9868-57a2d4851a1d" relativeResultsDirectory="054d8bf2-41a9-4775-9c40-6dee23633d7e" />
    <UnitTestResult executionId="4540fe50-db6f-48b6-a090-1223705d97b4" testId="4fc3bf72-5878-f9f1-8f88-5cc276408beb" testName="Carlton.Base.Components.Test.DesktopTabBarComponentTests.DesktopTabBar_ActiveTabClass_RendersCorrectly(activeTabIndex: 0)" computerName="DESKTOP-HE04GST" duration="00:00:00.0034715" startTime="2023-04-30T09:40:42.4422331-04:00" endTime="2023-04-30T09:40:42.4422332-04:00" testType="13cdc9d9-ddb5-4fa4-a97d-d965ccfc6d4b" outcome="Passed" testListId="8c84fa94-04c1-424b-9868-57a2d4851a1d" relativeResultsDirectory="4540fe50-db6f-48b6-a090-1223705d97b4" />
    <UnitTestResult executionId="b23840e1-b416-4680-9c9d-9aaf9fb33e27" testId="e0cddd5e-2a45-1288-289d-9ff1fd5e0351" testName="Carlton.Base.Components.Test.DropDownMenuComponentTests.DropDownMenuElement_MenuItemsParams_RendersCorrectly(items: [DropdownMenuItem { MenuItemName = Item 1, Value = 1, MenuIcon = icon-1, AccentColorIndex = 1 }])" computerName="DESKTOP-HE04GST" duration="00:00:00.0077431" startTime="2023-04-30T09:40:42.4032781-04:00" endTime="2023-04-30T09:40:42.4032782-04:00" testType="13cdc9d9-ddb5-4fa4-a97d-d965ccfc6d4b" outcome="Passed" testListId="8c84fa94-04c1-424b-9868-57a2d4851a1d" relativeResultsDirectory="b23840e1-b416-4680-9c9d-9aaf9fb33e27" />
    <UnitTestResult executionId="b3b4fb41-4f3a-41a3-ba8e-3b90bfb5f083" testId="2233ccff-1d94-df6b-afa2-1cb6b7d0296b" testName="Carlton.Base.Components.Test.TableHeaderComponentTests.TableHeader_InvalidOrderColumnParam_RendersCorrectly(columnName: &quot;Wrong&quot;)" computerName="DESKTOP-HE04GST" duration="00:00:00.0020926" startTime="2023-04-30T09:40:42.5790148-04:00" endTime="2023-04-30T09:40:42.5790149-04:00" testType="13cdc9d9-ddb5-4fa4-a97d-d965ccfc6d4b" outcome="Passed" testListId="8c84fa94-04c1-424b-9868-57a2d4851a1d" relativeResultsDirectory="b3b4fb41-4f3a-41a3-ba8e-3b90bfb5f083" />
    <UnitTestResult executionId="4a3b6d4b-50cc-4310-a0a0-83a763e6c7ae" testId="71d1b203-03e0-a0bb-47e6-3b7b7064588a" testName="Carlton.Base.Components.Test.TabComponentTests.Tab_Markup_RendersCorrectly" computerName="DESKTOP-HE04GST" duration="00:00:00.0028167" startTime="2023-04-30T09:40:42.4858066-04:00" endTime="2023-04-30T09:40:42.4858068-04:00" testType="13cdc9d9-ddb5-4fa4-a97d-d965ccfc6d4b" outcome="Passed" testListId="8c84fa94-04c1-424b-9868-57a2d4851a1d" relativeResultsDirectory="4a3b6d4b-50cc-4310-a0a0-83a763e6c7ae" />
    <UnitTestResult executionId="35234d1d-a11f-4aa2-b1f7-66b414854241" testId="694c5bd8-5ae5-4f19-c561-d0d00b109883" testName="Carlton.Base.Components.Test.AccordionSelectGroupComponentTests.AccordionSelectGroup_ClickEvent_RendersCorrectly(groupIndex: 0, itemIndex: 0, expectedValue: 1)" computerName="DESKTOP-HE04GST" duration="00:00:00.0234327" startTime="2023-04-30T09:40:42.3949684-04:00" endTime="2023-04-30T09:40:42.3949687-04:00" testType="13cdc9d9-ddb5-4fa4-a97d-d965ccfc6d4b" outcome="Passed" testListId="8c84fa94-04c1-424b-9868-57a2d4851a1d" relativeResultsDirectory="35234d1d-a11f-4aa2-b1f7-66b414854241" />
    <UnitTestResult executionId="cad5690d-1aa2-49a3-bba5-9ce429d36a49" testId="ec6b482c-220d-b4e0-fe3f-b20b1be1b822" testName="Carlton.Base.Components.Test.SlideTabComponentTests.SlideTab_PositionBottomParam_RendersCorrectly(expectedPositionBottom: 50)" computerName="DESKTOP-HE04GST" duration="00:00:00.0080057" startTime="2023-04-30T09:40:42.2614774-04:00" endTime="2023-04-30T09:40:42.2614775-04:00" testType="13cdc9d9-ddb5-4fa4-a97d-d965ccfc6d4b" outcome="Passed" testListId="8c84fa94-04c1-424b-9868-57a2d4851a1d" relativeResultsDirectory="cad5690d-1aa2-49a3-bba5-9ce429d36a49" />
    <UnitTestResult executionId="fbb9b8a2-070e-461e-b4d3-5611bea63a38" testId="911fda85-2a8a-0289-0e5d-1f27e32d0aa6" testName="Carlton.Base.Components.Test.DropDownMenuElementComponentTests.DropDownMenuElement_MenuItemAccentColorIndexParam_RendersCorrectly(accentColorIndex: 3, expectedValue: &quot;accent-color-3&quot;)" computerName="DESKTOP-HE04GST" duration="00:00:00.0042919" startTime="2023-04-30T09:40:42.2317517-04:00" endTime="2023-04-30T09:40:42.2317522-04:00" testType="13cdc9d9-ddb5-4fa4-a97d-d965ccfc6d4b" outcome="Passed" testListId="8c84fa94-04c1-424b-9868-57a2d4851a1d" relativeResultsDirectory="fbb9b8a2-070e-461e-b4d3-5611bea63a38" />
    <UnitTestResult executionId="60e7f685-8fe1-4b3a-9df1-1d0045d50534" testId="a0efe433-7d1f-0632-d7f1-eebd2a3138b2" testName="Carlton.Base.Components.Test.TablePaginationRowComponentTests.TablePaginationRow_PaginationLabel_RendersCorrectly(currentPage: 2, currentRowsPerPage: 5, expectedText: &quot;6-10 of 15&quot;)" computerName="DESKTOP-HE04GST" duration="00:00:00.0114565" startTime="2023-04-30T09:40:42.6281325-04:00" endTime="2023-04-30T09:40:42.6281329-04:00" testType="13cdc9d9-ddb5-4fa4-a97d-d965ccfc6d4b" outcome="Passed" testListId="8c84fa94-04c1-424b-9868-57a2d4851a1d" relativeResultsDirectory="60e7f685-8fe1-4b3a-9df1-1d0045d50534" />
    <UnitTestResult executionId="902201b2-2ef0-4c34-805f-16f3f80b3d5a" testId="6fc37820-e1bc-5001-7cd4-079f33d38a13" testName="Carlton.Base.Components.Test.CountCardComponentTests.CountCard_IconParam_RendersCorrectly(icon: &quot;icon-2&quot;)" computerName="DESKTOP-HE04GST" duration="00:00:00.0148012" startTime="2023-04-30T09:40:42.4193245-04:00" endTime="2023-04-30T09:40:42.4193246-04:00" testType="13cdc9d9-ddb5-4fa4-a97d-d965ccfc6d4b" outcome="Passed" testListId="8c84fa94-04c1-424b-9868-57a2d4851a1d" relativeResultsDirectory="902201b2-2ef0-4c34-805f-16f3f80b3d5a" />
    <UnitTestResult executionId="69711e56-1dd4-4afe-90c7-44300a987b74" testId="015a8ef8-6c0a-305c-c135-1a20935b4ee3" testName="Carlton.Base.Components.Test.TableHeaderComponentTests.TableHeader_InvalidOrderColumnParam_RendersCorrectly(columnName: &quot;Still Wrong&quot;)" computerName="DESKTOP-HE04GST" duration="00:00:00.0106672" startTime="2023-04-30T09:40:42.5779348-04:00" endTime="2023-04-30T09:40:42.5779349-04:00" testType="13cdc9d9-ddb5-4fa4-a97d-d965ccfc6d4b" outcome="Passed" testListId="8c84fa94-04c1-424b-9868-57a2d4851a1d" relativeResultsDirectory="69711e56-1dd4-4afe-90c7-44300a987b74" />
    <UnitTestResult executionId="da584c8e-b6fd-4008-93cb-d59a7d3fb539" testId="cfcd9d72-0e99-fe1a-9d32-327efc2e96dc" testName="Carlton.Base.Components.Test.DropDownMenuComponentTests.DropDownMenuElement_MenuTemplateParam_RendersCorrectly" computerName="DESKTOP-HE04GST" duration="00:00:00.0120962" startTime="2023-04-30T09:40:42.3603823-04:00" endTime="2023-04-30T09:40:42.3603824-04:00" testType="13cdc9d9-ddb5-4fa4-a97d-d965ccfc6d4b" outcome="Passed" testListId="8c84fa94-04c1-424b-9868-57a2d4851a1d" relativeResultsDirectory="da584c8e-b6fd-4008-93cb-d59a7d3fb539" />
    <UnitTestResult executionId="377af18f-e37f-4d27-aa88-50fd5860627a" testId="1b5a6e10-6117-b35a-8490-31620c83610e" testName="Carlton.Base.Components.Test.ConsoleComponentTests.Console_OnChangeCallbackParam_FiresCallback(expectedText: &quot;some more new text&quot;)" computerName="DESKTOP-HE04GST" duration="00:00:00.0032460" startTime="2023-04-30T09:40:42.2693886-04:00" endTime="2023-04-30T09:40:42.2693888-04:00" testType="13cdc9d9-ddb5-4fa4-a97d-d965ccfc6d4b" outcome="Passed" testListId="8c84fa94-04c1-424b-9868-57a2d4851a1d" relativeResultsDirectory="377af18f-e37f-4d27-aa88-50fd5860627a" />
    <UnitTestResult executionId="e81839d8-0e6f-46a6-b6b3-475e5ef8eb40" testId="f89f4f57-eb97-de03-3e41-e90be449e3d8" testName="Carlton.Base.Components.Test.FloatingActionButtonComponentTests.FloatingActionButton_OnClick_RendersCorrectly" computerName="DESKTOP-HE04GST" duration="00:00:00.0203657" startTime="2023-04-30T09:40:42.4615532-04:00" endTime="2023-04-30T09:40:42.4615535-04:00" testType="13cdc9d9-ddb5-4fa4-a97d-d965ccfc6d4b" outcome="Passed" testListId="8c84fa94-04c1-424b-9868-57a2d4851a1d" relativeResultsDirectory="e81839d8-0e6f-46a6-b6b3-475e5ef8eb40" />
    <UnitTestResult executionId="e54b67a9-d2ee-44af-af51-f61023b28435" testId="d861b366-8b7a-507b-a4be-fa0acafd9d18" testName="Carlton.Base.Components.Test.CountCardComponentTests.CountCard_CountParam_RendersCorrectly(count: 10)" computerName="DESKTOP-HE04GST" duration="00:00:00.0016041" startTime="2023-04-30T09:40:42.3617399-04:00" endTime="2023-04-30T09:40:42.3617400-04:00" testType="13cdc9d9-ddb5-4fa4-a97d-d965ccfc6d4b" outcome="Passed" testListId="8c84fa94-04c1-424b-9868-57a2d4851a1d" relativeResultsDirectory="e54b67a9-d2ee-44af-af51-f61023b28435" />
    <UnitTestResult executionId="31240dce-2bc2-49c6-b6f7-ea62633a153d" testId="fd513a31-56bd-5d39-eca2-0c4821ffb0ec" testName="Carlton.Base.Components.Test.BreadCrumbsComponentTests.BreadCrumbs_BreadCrumbItemsParam_RendersCorrectly(expected: (System.Collections.Generic.List`1[System.String], Home Page &gt; Test Page &gt; SubTest Page))" computerName="DESKTOP-HE04GST" duration="00:00:00.0202596" startTime="2023-04-30T09:40:42.3940337-04:00" endTime="2023-04-30T09:40:42.3940339-04:00" testType="13cdc9d9-ddb5-4fa4-a97d-d965ccfc6d4b" outcome="Passed" testListId="8c84fa94-04c1-424b-9868-57a2d4851a1d" relativeResultsDirectory="31240dce-2bc2-49c6-b6f7-ea62633a153d" />
    <UnitTestResult executionId="0175e5d3-d3ac-4f48-b243-01a9e62f47b5" testId="53725233-af41-4972-32ac-000c684e2b98" testName="Carlton.Base.Components.Test.CountCardComponentTests.CountCard_ThemeParam_RendersCorrectly(theme: Blue)" computerName="DESKTOP-HE04GST" duration="00:00:00.0078022" startTime="2023-04-30T09:40:42.3945689-04:00" endTime="2023-04-30T09:40:42.3945690-04:00" testType="13cdc9d9-ddb5-4fa4-a97d-d965ccfc6d4b" outcome="Passed" testListId="8c84fa94-04c1-424b-9868-57a2d4851a1d" relativeResultsDirectory="0175e5d3-d3ac-4f48-b243-01a9e62f47b5" />
    <UnitTestResult executionId="e488783d-2fe0-41f6-bebb-1d61789f6fbf" testId="19699ab8-56b4-61b7-0754-1ac8ee2c3788" testName="Carlton.Base.Components.Test.TableComponentTests.Table_ItemsParam_RendersCorrectly(expected: (System.Collections.ObjectModel.ReadOnlyCollection`1[Carlton.Base.Components.Test.TableTestHelper+TableTestObject], System.Collections.ObjectModel.ReadOnlyCollection`1[System.String]))" computerName="DESKTOP-HE04GST" duration="00:00:00.0043722" startTime="2023-04-30T09:40:42.7284916-04:00" endTime="2023-04-30T09:40:42.7284918-04:00" testType="13cdc9d9-ddb5-4fa4-a97d-d965ccfc6d4b" outcome="Passed" testListId="8c84fa94-04c1-424b-9868-57a2d4851a1d" relativeResultsDirectory="e488783d-2fe0-41f6-bebb-1d61789f6fbf" />
    <UnitTestResult executionId="b0c9178d-06a9-4324-b441-5f927a936253" testId="6ee29016-8a57-9582-6b81-a21d757f27ac" testName="Carlton.Base.Components.Test.TablePaginationRowComponentTests.TablePaginationRow_PaginationLabel_RendersCorrectly(currentPage: 2, currentRowsPerPage: 10, expectedText: &quot;11-15 of 15&quot;)" computerName="DESKTOP-HE04GST" duration="00:00:00.0111518" startTime="2023-04-30T09:40:42.5998630-04:00" endTime="2023-04-30T09:40:42.5998632-04:00" testType="13cdc9d9-ddb5-4fa4-a97d-d965ccfc6d4b" outcome="Passed" testListId="8c84fa94-04c1-424b-9868-57a2d4851a1d" relativeResultsDirectory="b0c9178d-06a9-4324-b441-5f927a936253" />
    <UnitTestResult executionId="4d469ac0-da4d-4fd3-895f-ace0163b5ed2" testId="f1a2ceb7-0522-0474-b149-8b5203dd2635" testName="Carlton.Base.Components.Test.SelectComponentTests.Select_SelectedValueParam_InvalidDefaultValue_RendersCorrectly" computerName="DESKTOP-HE04GST" duration="00:00:00.0038164" startTime="2023-04-30T09:40:42.3060734-04:00" endTime="2023-04-30T09:40:42.3060736-04:00" testType="13cdc9d9-ddb5-4fa4-a97d-d965ccfc6d4b" outcome="Passed" testListId="8c84fa94-04c1-424b-9868-57a2d4851a1d" relativeResultsDirectory="4d469ac0-da4d-4fd3-895f-ace0163b5ed2" />
    <UnitTestResult executionId="4516c92c-4612-46d8-920c-d9b77ac8fea5" testId="a5f37b94-3456-a27f-6809-5d7bb156948a" testName="Carlton.Base.Components.Test.MobileTabBarComponentTests.MobileTabBar_ShowDisplayTextParam_RendersCorrectly(showDisplayText: True)" computerName="DESKTOP-HE04GST" duration="00:00:00.0026131" startTime="2023-04-30T09:40:42.5759227-04:00" endTime="2023-04-30T09:40:42.5759228-04:00" testType="13cdc9d9-ddb5-4fa4-a97d-d965ccfc6d4b" outcome="Passed" testListId="8c84fa94-04c1-424b-9868-57a2d4851a1d" relativeResultsDirectory="4516c92c-4612-46d8-920c-d9b77ac8fea5" />
    <UnitTestResult executionId="3a7490df-89d9-4358-8690-4ccd0d23ab40" testId="9e8ae696-cd2e-28f9-ecb6-2f243725f7fb" testName="Carlton.Base.Components.Test.BreadCrumbsComponentTests.BreadCrumbs_TitleParam_RendersCorrectly(expectedTitle: &quot;Another Test Title&quot;)" computerName="DESKTOP-HE04GST" duration="00:00:00.0083275" startTime="2023-04-30T09:40:42.3394206-04:00" endTime="2023-04-30T09:40:42.3394208-04:00" testType="13cdc9d9-ddb5-4fa4-a97d-d965ccfc6d4b" outcome="Passed" testListId="8c84fa94-04c1-424b-9868-57a2d4851a1d" relativeResultsDirectory="3a7490df-89d9-4358-8690-4ccd0d23ab40" />
    <UnitTestResult executionId="269e74d4-da4e-46a3-bf08-06eede15f678" testId="226ff44c-7eed-908a-393a-428e9c82527f" testName="Carlton.Base.Components.Test.CountCardComponentTests.CountCard_CountParam_RendersCorrectly(count: 15)" computerName="DESKTOP-HE04GST" duration="00:00:00.0020298" startTime="2023-04-30T09:40:42.3599129-04:00" endTime="2023-04-30T09:40:42.3599130-04:00" testType="13cdc9d9-ddb5-4fa4-a97d-d965ccfc6d4b" outcome="Passed" testListId="8c84fa94-04c1-424b-9868-57a2d4851a1d" relativeResultsDirectory="269e74d4-da4e-46a3-bf08-06eede15f678" />
    <UnitTestResult executionId="49ad9817-7fb2-42c1-8903-78306fa671e5" testId="26905ffd-8188-205e-dfc2-03ba98f0a988" testName="Carlton.Base.Components.Test.TableComponentTests.Table_OnClickTwice_FiltersItemsDesc(expected: (2, System.Collections.ObjectModel.ReadOnlyCollection`1[Carlton.Base.Components.Test.TableTestHelper+TableTestObject]))" computerName="DESKTOP-HE04GST" duration="00:00:00.0062768" startTime="2023-04-30T09:40:42.7494131-04:00" endTime="2023-04-30T09:40:42.7494136-04:00" testType="13cdc9d9-ddb5-4fa4-a97d-d965ccfc6d4b" outcome="Passed" testListId="8c84fa94-04c1-424b-9868-57a2d4851a1d" relativeResultsDirectory="49ad9817-7fb2-42c1-8903-78306fa671e5" />
    <UnitTestResult executionId="cd141971-1def-4dc2-86ca-1a489c338959" testId="55fb0a26-9c99-4be0-982c-ede52667b895" testName="Carlton.Base.Components.Test.TablePaginationRowComponentTests.TablePaginationRow_RowsPerPageOptsParam_RendersCorrectly(opts: [2])" computerName="DESKTOP-HE04GST" duration="00:00:00.0024223" startTime="2023-04-30T09:40:42.6858014-04:00" endTime="2023-04-30T09:40:42.6858015-04:00" testType="13cdc9d9-ddb5-4fa4-a97d-d965ccfc6d4b" outcome="Passed" testListId="8c84fa94-04c1-424b-9868-57a2d4851a1d" relativeResultsDirectory="cd141971-1def-4dc2-86ca-1a489c338959" />
    <UnitTestResult executionId="594b0f27-033a-481f-86fb-f272d644b70d" testId="2a24a99d-6f4a-eaa0-d642-ad299b4610a3" testName="Carlton.Base.Components.Test.TableComponentTests.Table_HeaderItemOnClick_SelectedClass_RendersCorrectly(selectedIndex: 2)" computerName="DESKTOP-HE04GST" duration="00:00:00.0064798" startTime="2023-04-30T09:40:42.6635813-04:00" endTime="2023-04-30T09:40:42.6635815-04:00" testType="13cdc9d9-ddb5-4fa4-a97d-d965ccfc6d4b" outcome="Passed" testListId="8c84fa94-04c1-424b-9868-57a2d4851a1d" relativeResultsDirectory="594b0f27-033a-481f-86fb-f272d644b70d" />
    <UnitTestResult executionId="528c4d76-38be-4a60-9bae-f8f08c880fd7" testId="fd3b8fec-8933-ec00-bc37-6da5b1876e88" testName="Carlton.Base.Components.Test.TablePaginationRowComponentTests.TablePaginationRow_PaginationLabel_RendersCorrectly(currentPage: 3, currentRowsPerPage: 10, expectedText: &quot;11-15 of 15&quot;)" computerName="DESKTOP-HE04GST" duration="00:00:00.0049365" startTime="2023-04-30T09:40:42.6331961-04:00" endTime="2023-04-30T09:40:42.6331963-04:00" testType="13cdc9d9-ddb5-4fa4-a97d-d965ccfc6d4b" outcome="Passed" testListId="8c84fa94-04c1-424b-9868-57a2d4851a1d" relativeResultsDirectory="528c4d76-38be-4a60-9bae-f8f08c880fd7" />
    <UnitTestResult executionId="85f4648a-1b23-473e-a266-ca64869634ed" testId="58f6c3ef-e1df-709f-c47d-bb8fe9deb7c8" testName="Carlton.Base.Components.Test.TableComponentTests.Table_HeaderItemOnClick_SelectedClass_RendersCorrectly(selectedIndex: 1)" computerName="DESKTOP-HE04GST" duration="00:00:00.0058039" startTime="2023-04-30T09:40:42.6694871-04:00" endTime="2023-04-30T09:40:42.6694873-04:00" testType="13cdc9d9-ddb5-4fa4-a97d-d965ccfc6d4b" outcome="Passed" testListId="8c84fa94-04c1-424b-9868-57a2d4851a1d" relativeResultsDirectory="85f4648a-1b23-473e-a266-ca64869634ed" />
    <UnitTestResult executionId="87960074-7bfc-4154-8410-7fb3a90ae1d0" testId="9c3c2473-256a-97a6-46f2-1e4c09162e41" testName="Carlton.Base.Components.Test.LogoComponentTests.Logo_IsCollapsedParam_ShouldBeExpanded(isCollapsed: False)" computerName="DESKTOP-HE04GST" duration="00:00:00.0174761" startTime="2023-04-30T09:40:42.4401462-04:00" endTime="2023-04-30T09:40:42.4401464-04:00" testType="13cdc9d9-ddb5-4fa4-a97d-d965ccfc6d4b" outcome="Passed" testListId="8c84fa94-04c1-424b-9868-57a2d4851a1d" relativeResultsDirectory="87960074-7bfc-4154-8410-7fb3a90ae1d0" />
    <UnitTestResult executionId="c1a1f4a5-1294-424f-854f-9adda45e80bc" testId="d1dda812-a522-3dfd-f226-01661877f3cd" testName="Carlton.Base.Components.Test.TablePaginationRowComponentTests.TablePaginationRow_OnPaginationChangedCallback_FiresEvent(selectedPage: 3, selectedRowsPerPage: 5, expectedPage: 3)" computerName="DESKTOP-HE04GST" duration="00:00:00.0058379" startTime="2023-04-30T09:40:42.5836369-04:00" endTime="2023-04-30T09:40:42.5836371-04:00" testType="13cdc9d9-ddb5-4fa4-a97d-d965ccfc6d4b" outcome="Passed" testListId="8c84fa94-04c1-424b-9868-57a2d4851a1d" relativeResultsDirectory="c1a1f4a5-1294-424f-854f-9adda45e80bc" />
    <UnitTestResult executionId="a1062f5c-aefb-4d25-9a91-ac2ea0bb2be0" testId="07ef0f4a-874b-3393-6516-96d459f1f2b1" testName="Carlton.Base.Components.Test.AccordionSelectGroupComponentTests.AccordionSelectGroup_SelectedItemParam_shouldRenderCorrectly(groupIndex: 1, itemIndex: 2, itemValue: 3)" computerName="DESKTOP-HE04GST" duration="00:00:00.0023275" startTime="2023-04-30T09:40:42.4398103-04:00" endTime="2023-04-30T09:40:42.4398104-04:00" testType="13cdc9d9-ddb5-4fa4-a97d-d965ccfc6d4b" outcome="Passed" testListId="8c84fa94-04c1-424b-9868-57a2d4851a1d" relativeResultsDirectory="a1062f5c-aefb-4d25-9a91-ac2ea0bb2be0" />
    <UnitTestResult executionId="b93090c9-3c58-4b6f-9aa1-6da178906d4c" testId="c2d4182e-57b2-d0b4-b48e-a9dee12d38f7" testName="Carlton.Base.Components.Test.AccordionSelectGroupComponentTests.AccordionSelectGroup_SelectedItemParam_shouldRenderCorrectly(groupIndex: 1, itemIndex: 3, itemValue: 4)" computerName="DESKTOP-HE04GST" duration="00:00:00.0096026" startTime="2023-04-30T09:40:42.4385040-04:00" endTime="2023-04-30T09:40:42.4385041-04:00" testType="13cdc9d9-ddb5-4fa4-a97d-d965ccfc6d4b" outcome="Passed" testListId="8c84fa94-04c1-424b-9868-57a2d4851a1d" relativeResultsDirectory="b93090c9-3c58-4b6f-9aa1-6da178906d4c" />
    <UnitTestResult executionId="a515ccfe-6fd3-4657-8668-f9ccb5842676" testId="2ede1c93-1a23-c618-a45a-75a973ec060c" testName="Carlton.Base.Components.Test.TableComponentTests.Table_RowsPerPageOptsParam_RendersCorrectly(rowsPerPageOpts: [2])" computerName="DESKTOP-HE04GST" duration="00:00:00.0044393" startTime="2023-04-30T09:40:42.7598448-04:00" endTime="2023-04-30T09:40:42.7598450-04:00" testType="13cdc9d9-ddb5-4fa4-a97d-d965ccfc6d4b" outcome="Passed" testListId="8c84fa94-04c1-424b-9868-57a2d4851a1d" relativeResultsDirectory="a515ccfe-6fd3-4657-8668-f9ccb5842676" />
    <UnitTestResult executionId="d9d71d10-0a7a-4954-b7a0-2c2636f63ee0" testId="65cbf13a-03de-c808-9ecc-3063a87651fa" testName="Carlton.Base.Components.Test.TableComponentTests.Table_Markup_RendersCorrectly" computerName="DESKTOP-HE04GST" duration="00:00:00.0074505" startTime="2023-04-30T09:40:42.7281960-04:00" endTime="2023-04-30T09:40:42.7281966-04:00" testType="13cdc9d9-ddb5-4fa4-a97d-d965ccfc6d4b" outcome="Failed" testListId="8c84fa94-04c1-424b-9868-57a2d4851a1d" relativeResultsDirectory="d9d71d10-0a7a-4954-b7a0-2c2636f63ee0">
      <Output>
        <ErrorInfo>
          <Message>Bunit.HtmlEqualException : HTML comparison failed. &#xD;
&#xD;
The following errors were found:&#xD;
  1: The value of the attribute div(0) &gt; div(1) &gt; div(1) &gt; div(1)[class] and actual attribute div(0) &gt; div(0) &gt; div(0) &gt; div(0)[class] are different.&#xD;
  2: The value of the attribute div(0) &gt; div(1) &gt; div(1) &gt; div(1) &gt; div(3)[class] and actual attribute div(0) &gt; div(0) &gt; div(0) &gt; div(0) &gt; div(0)[class] are different.&#xD;
  3: The value of the attribute div(0) &gt; div(1) &gt; div(1) &gt; div(1) &gt; div(3) &gt; span(1)[class] and actual attribute div(0) &gt; div(0) &gt; div(0) &gt; div(0) &gt; div(0) &gt; span(0)[class] are different.&#xD;
  4: The element at div(0) &gt; div(1) &gt; div(1) &gt; div(1) &gt; div(3) &gt; span(3) is missing.&#xD;
  5: The element at div(0) &gt; div(1) &gt; div(1) &gt; div(1) &gt; span(1) is missing.&#xD;
  6: The element at div(0) &gt; div(1) &gt; div(1) &gt; div(3) is missing.&#xD;
  7: The element at div(0) &gt; div(1) &gt; div(1) &gt; div(5) is missing.&#xD;
  8: The text at div(0) &gt; div(0) &gt; div(0) &gt; div(0) &gt; div(0) &gt; span(0) &gt; #text(0) was not expected.&#xD;
  9: The element at div(0) &gt; div(0) &gt; div(0) &gt; div(0) &gt; div(0) &gt; div(2) was not expected.&#xD;
  10: The element at div(0) &gt; div(0) &gt; div(0) &gt; div(0) &gt; div(1) was not expected.&#xD;
  11: The element at div(0) &gt; div(0) &gt; div(0) &gt; div(0) &gt; div(2) was not expected.&#xD;
&#xD;
Actual HTML: &#xD;
&lt;div class="main-container" &gt;&#xD;
  &lt;div class="table-container" &gt;&#xD;
    &lt;div class="header-row table-row" &gt;&#xD;
      &lt;div class="table-header-row" &gt;&#xD;
        &lt;div class="header-row-item row-item ascending heading-0"  &gt;&#xD;
          &lt;span class="heading-text" &gt;ID&lt;/span&gt;&#xD;
          &lt;div class="sort-arrows" &gt;&#xD;
            &lt;span class="arrow-ascending mdi mdi-arrow-up" &gt;&lt;/span&gt;&#xD;
            &lt;span class="arrow-descending mdi mdi-arrow-down" &gt;&lt;/span&gt;&#xD;
          &lt;/div&gt;&#xD;
        &lt;/div&gt;&#xD;
        &lt;div class="header-row-item row-item ascending heading-1"  &gt;&#xD;
          &lt;span class="heading-text" &gt;DisplayName&lt;/span&gt;&#xD;
          &lt;div class="sort-arrows" &gt;&#xD;
            &lt;span class="arrow-ascending mdi mdi-arrow-up" &gt;&lt;/span&gt;&#xD;
            &lt;span class="arrow-descending mdi mdi-arrow-down" &gt;&lt;/span&gt;&#xD;
          &lt;/div&gt;&#xD;
        &lt;/div&gt;&#xD;
        &lt;div class="header-row-item row-item ascending heading-2"  &gt;&#xD;
          &lt;span class="heading-text" &gt;CreatedDate&lt;/span&gt;&#xD;
          &lt;div class="sort-arrows" &gt;&#xD;
            &lt;span class="arrow-ascending mdi mdi-arrow-up" &gt;&lt;/span&gt;&#xD;
            &lt;span class="arrow-descending mdi mdi-arrow-down" &gt;&lt;/span&gt;&#xD;
          &lt;/div&gt;&#xD;
        &lt;/div&gt;&#xD;
      &lt;/div&gt;&#xD;
    &lt;/div&gt;&#xD;
    &lt;div class="item-row table-row" &gt;&#xD;
      &lt;div class="test-row"&gt;&#xD;
        &lt;span&gt;ID:1&lt;/span&gt;&#xD;
        &lt;span&gt;Display Name:Item A&lt;/span&gt;&#xD;
        &lt;span&gt;Date:10/9/2023 12:00:00 AM&lt;/span&gt;&#xD;
      &lt;/div&gt;&#xD;
    &lt;/div&gt;&#xD;
    &lt;div class="item-row table-row" &gt;&#xD;
      &lt;div class="test-row"&gt;&#xD;
        &lt;span&gt;ID:2&lt;/span&gt;&#xD;
        &lt;span&gt;Display Name:Item B&lt;/span&gt;&#xD;
        &lt;span&gt;Date:2/3/2022 12:00:00 AM&lt;/span&gt;&#xD;
      &lt;/div&gt;&#xD;
    &lt;/div&gt;&#xD;
    &lt;div class="item-row table-row" &gt;&#xD;
      &lt;div class="test-row"&gt;&#xD;
        &lt;span&gt;ID:3&lt;/span&gt;&#xD;
        &lt;span&gt;Display Name:Item C&lt;/span&gt;&#xD;
        &lt;span&gt;Date:5/19/2021 12:00:00 AM&lt;/span&gt;&#xD;
      &lt;/div&gt;&#xD;
    &lt;/div&gt;&#xD;
    &lt;div class="pagination-row table-row" &gt;&#xD;
      &lt;div class="pagination-row-item" &gt;&#xD;
        &lt;div class="rows-per-page" &gt;&#xD;
          &lt;span class="rows-per-page-label" &gt;Rows Per Page&lt;/span&gt;&#xD;
          &lt;div class="select" &gt;&#xD;
            &lt;input readonly="" placeholder=" " value="5" &gt;&#xD;
            &lt;div class="label" &gt;&lt;/div&gt;&#xD;
            &lt;div class="options" &gt;&#xD;
              &lt;div class="option"  &gt;5&lt;/div&gt;&#xD;
              &lt;div class="option"  &gt;10&lt;/div&gt;&#xD;
              &lt;div class="option"  &gt;15&lt;/div&gt;&#xD;
            &lt;/div&gt;&#xD;
          &lt;/div&gt;&#xD;
        &lt;/div&gt;&#xD;
        &lt;div class="page-number" &gt;&#xD;
          &lt;span class="pagination-label" &gt;1-3 of 3&lt;/span&gt;&#xD;
        &lt;/div&gt;&#xD;
        &lt;div class="page-chevrons" &gt;&#xD;
          &lt;span class="mdi mdi-18px mdi-page-first disabled"  &gt;&lt;/span&gt;&#xD;
          &lt;span class="mdi mdi-18px mdi-chevron-left disabled"  &gt;&lt;/span&gt;&#xD;
          &lt;span class="mdi mdi-18px mdi-chevron-right disabled"  &gt;&lt;/span&gt;&#xD;
          &lt;span class="mdi mdi-18px mdi-page-last disabled"  &gt;&lt;/span&gt;&#xD;
        &lt;/div&gt;&#xD;
      &lt;/div&gt;&#xD;
    &lt;/div&gt;&#xD;
  &lt;/div&gt;&#xD;
&lt;/div&gt;&#xD;
&#xD;
Expected HTML: &#xD;
&lt;div class="main-container" &gt;&#xD;
  &lt;div class="table-container" &gt;&#xD;
    &lt;div class="header-row table-row" &gt;&#xD;
      &lt;div class="header-row-item row-item ascending"  &gt;&#xD;
        &lt;span class="heading-text" &gt;ID&lt;/span&gt;&#xD;
        &lt;div class="sort-arrows" &gt;&#xD;
          &lt;span class="arrow-ascending mdi mdi-arrow-up" &gt;&lt;/span&gt;&#xD;
          &lt;span class="arrow-descending mdi mdi-arrow-down" &gt;&lt;/span&gt;&#xD;
        &lt;/div&gt;&#xD;
      &lt;/div&gt;&#xD;
      &lt;div class="header-row-item row-item ascending"  &gt;&#xD;
        &lt;span class="heading-text" &gt;DisplayName&lt;/span&gt;&#xD;
        &lt;div class="sort-arrows" &gt;&#xD;
          &lt;span class="arrow-ascending mdi mdi-arrow-up" &gt;&lt;/span&gt;&#xD;
          &lt;span class="arrow-descending mdi mdi-arrow-down" &gt;&lt;/span&gt;&#xD;
        &lt;/div&gt;&#xD;
      &lt;/div&gt;&#xD;
      &lt;div class="header-row-item row-item ascending"  &gt;&#xD;
        &lt;span class="heading-text" &gt;CreatedDate&lt;/span&gt;&#xD;
        &lt;div class="sort-arrows" &gt;&#xD;
          &lt;span class="arrow-ascending mdi mdi-arrow-up" &gt;&lt;/span&gt;&#xD;
          &lt;span class="arrow-descending mdi mdi-arrow-down" &gt;&lt;/span&gt;&#xD;
        &lt;/div&gt;&#xD;
      &lt;/div&gt;&#xD;
    &lt;/div&gt;&#xD;
    &lt;div class="item-row table-row" &gt;&#xD;
      &lt;div class="test-row"&gt;&#xD;
        &lt;span&gt;ID:1&lt;/span&gt;&#xD;
        &lt;span&gt;Display Name:Item A&lt;/span&gt;&#xD;
        &lt;span&gt;Date:10/9/2023 12:00:00 AM&lt;/span&gt;&#xD;
      &lt;/div&gt;&#xD;
    &lt;/div&gt;&#xD;
    &lt;div class="item-row table-row" &gt;&#xD;
      &lt;div class="test-row"&gt;&#xD;
        &lt;span&gt;ID:2&lt;/span&gt;&#xD;
        &lt;span&gt;Display Name:Item B&lt;/span&gt;&#xD;
        &lt;span&gt;Date:2/3/2022 12:00:00 AM&lt;/span&gt;&#xD;
      &lt;/div&gt;&#xD;
    &lt;/div&gt;&#xD;
    &lt;div class="item-row table-row" &gt;&#xD;
      &lt;div class="test-row"&gt;&#xD;
        &lt;span&gt;ID:3&lt;/span&gt;&#xD;
        &lt;span&gt;Display Name:Item C&lt;/span&gt;&#xD;
        &lt;span&gt;Date:5/19/2021 12:00:00 AM&lt;/span&gt;&#xD;
      &lt;/div&gt;&#xD;
    &lt;/div&gt;&#xD;
    &lt;div class="pagination-row table-row" &gt;&#xD;
      &lt;div class="pagination-row-item" &gt;&#xD;
        &lt;div class="rows-per-page" &gt;&#xD;
          &lt;span class="rows-per-page-label" &gt;Rows Per Page&lt;/span&gt;&#xD;
          &lt;div class="select" &gt;&#xD;
            &lt;input readonly="" placeholder=" " value="5" &gt;&#xD;
            &lt;div class="label" &gt;&lt;/div&gt;&#xD;
            &lt;div class="options" &gt;&#xD;
              &lt;div class="option"  &gt;5&lt;/div&gt;&#xD;
              &lt;div class="option"  &gt;10&lt;/div&gt;&#xD;
              &lt;div class="option"  &gt;15&lt;/div&gt;&#xD;
            &lt;/div&gt;&#xD;
          &lt;/div&gt;&#xD;
        &lt;/div&gt;&#xD;
        &lt;div class="page-number" &gt;&#xD;
          &lt;span class="pagination-label" &gt;1-3 of 3&lt;/span&gt;&#xD;
        &lt;/div&gt;&#xD;
        &lt;div class="page-chevrons" &gt;&#xD;
          &lt;span class="mdi mdi-18px mdi-page-first disabled"  &gt;&lt;/span&gt;&#xD;
          &lt;span class="mdi mdi-18px mdi-chevron-left disabled"  &gt;&lt;/span&gt;&#xD;
          &lt;span class="mdi mdi-18px mdi-chevron-right disabled"  &gt;&lt;/span&gt;&#xD;
          &lt;span class="mdi mdi-18px mdi-page-last disabled"  &gt;&lt;/span&gt;&#xD;
        &lt;/div&gt;&#xD;
      &lt;/div&gt;&#xD;
    &lt;/div&gt;&#xD;
  &lt;/div&gt;&#xD;
&lt;/div&gt;&#xD;
</Message>
          <StackTrace>   at Bunit.MarkupMatchesAssertExtensions.MarkupMatches(INodeList actual, INodeList expected, String userMessage) in /_/src/bunit.web/Asserting/MarkupMatchesAssertExtensions.cs:line 237&#xD;
   at Bunit.MarkupMatchesAssertExtensions.MarkupMatches(IRenderedFragment actual, String expected, String userMessage) in /_/src/bunit.web/Asserting/MarkupMatchesAssertExtensions.cs:line 113&#xD;
   at Carlton.Base.Components.Test.TableComponentTests.Table_Markup_RendersCorrectly() in C:\Users\nicho\source\repos\NickGalazzo\Carlton.Base\src\Tests\Carlton.Base.Components.Test\Table\TableComponentTests.cs:line 18&#xD;
   at System.RuntimeMethodHandle.InvokeMethod(Object target, Void** arguments, Signature sig, Boolean isConstructor)&#xD;
   at System.Reflection.MethodInvoker.Invoke(Object obj, IntPtr* args, BindingFlags invokeAttr)</StackTrace>
        </ErrorInfo>
      </Output>
    </UnitTestResult>
    <UnitTestResult executionId="f01a348e-c19a-4230-b461-a7180629e897" testId="fc7b79c7-3523-04fd-60af-a22152a3cdb2" testName="Carlton.Base.Components.Test.SelectComponentTests.Select_OptionsParam_OptsCount_RendersCorrectly(opts: [[&quot;Item 1&quot;] = 1, [&quot;Item 2&quot;] = 2, [&quot;Item 3&quot;] = 3])" computerName="DESKTOP-HE04GST" duration="00:00:00.0017179" startTime="2023-04-30T09:40:42.2614406-04:00" endTime="2023-04-30T09:40:42.2614407-04:00" testType="13cdc9d9-ddb5-4fa4-a97d-d965ccfc6d4b" outcome="Passed" testListId="8c84fa94-04c1-424b-9868-57a2d4851a1d" relativeResultsDirectory="f01a348e-c19a-4230-b461-a7180629e897" />
    <UnitTestResult executionId="226d07ff-c0ae-4c4b-8d7f-880e10017381" testId="d9479674-b723-212b-fc32-badb4502af7f" testName="Carlton.Base.Components.Test.BaseNotificationComponentTests.BaseNotification_TitleParam_RendersCorrectly(expectedTitle: &quot;Notification Title Test 2&quot;)" computerName="DESKTOP-HE04GST" duration="00:00:00.0029698" startTime="2023-04-30T09:40:42.4637377-04:00" endTime="2023-04-30T09:40:42.4637378-04:00" testType="13cdc9d9-ddb5-4fa4-a97d-d965ccfc6d4b" outcome="Passed" testListId="8c84fa94-04c1-424b-9868-57a2d4851a1d" relativeResultsDirectory="226d07ff-c0ae-4c4b-8d7f-880e10017381" />
    <UnitTestResult executionId="4c83e276-ce64-472d-a372-be30514407ce" testId="842338a5-fce3-2697-103d-cee95acc7e69" testName="Carlton.Base.Components.Test.NotificationBarComponentTests.NotificationBar_FadeOutEnabledParam_RendersCorrectly(fadeOutEnabled: True, notificationClass: &quot;warning-btn&quot;)" computerName="DESKTOP-HE04GST" duration="00:00:00.0051023" startTime="2023-04-30T09:40:42.3595381-04:00" endTime="2023-04-30T09:40:42.3595382-04:00" testType="13cdc9d9-ddb5-4fa4-a97d-d965ccfc6d4b" outcome="Passed" testListId="8c84fa94-04c1-424b-9868-57a2d4851a1d" relativeResultsDirectory="4c83e276-ce64-472d-a372-be30514407ce" />
    <UnitTestResult executionId="5fbc192b-c648-4e53-ae08-f5c7e2b72c02" testId="63790d28-d6ef-2c4e-d8fa-faa3cb95b277" testName="Carlton.Base.Components.Test.NotificationBarComponentTests.NotificationBar_FadeOutEnabledParam_RendersCorrectly(fadeOutEnabled: False, notificationClass: &quot;warning-btn&quot;)" computerName="DESKTOP-HE04GST" duration="00:00:00.0021961" startTime="2023-04-30T09:40:42.3841420-04:00" endTime="2023-04-30T09:40:42.3841422-04:00" testType="13cdc9d9-ddb5-4fa4-a97d-d965ccfc6d4b" outcome="Passed" testListId="8c84fa94-04c1-424b-9868-57a2d4851a1d" relativeResultsDirectory="5fbc192b-c648-4e53-ae08-f5c7e2b72c02" />
    <UnitTestResult executionId="3873f120-4488-40b1-96dd-b64682e046c2" testId="6a55153b-39b5-d341-62f7-244509958fad" testName="Carlton.Base.Components.Test.DesktopTabBarComponentTests.DesktopTabBar_ActiveTabClass_RendersCorrectly(activeTabIndex: 2)" computerName="DESKTOP-HE04GST" duration="00:00:00.0135536" startTime="2023-04-30T09:40:42.4571866-04:00" endTime="2023-04-30T09:40:42.4571867-04:00" testType="13cdc9d9-ddb5-4fa4-a97d-d965ccfc6d4b" outcome="Passed" testListId="8c84fa94-04c1-424b-9868-57a2d4851a1d" relativeResultsDirectory="3873f120-4488-40b1-96dd-b64682e046c2" />
    <UnitTestResult executionId="039dd518-266a-4396-9b41-ebf3b444aec2" testId="5770f1a8-6ef2-8f70-7afe-af85c0fe7780" testName="Carlton.Base.Components.Test.TableHeaderComponentTests.TableHeader_OnClick_AscendingClass_RendersCorrectly(selectedIndex: 0)" computerName="DESKTOP-HE04GST" duration="00:00:00.0140153" startTime="2023-04-30T09:40:42.5810176-04:00" endTime="2023-04-30T09:40:42.5810177-04:00" testType="13cdc9d9-ddb5-4fa4-a97d-d965ccfc6d4b" outcome="Passed" testListId="8c84fa94-04c1-424b-9868-57a2d4851a1d" relativeResultsDirectory="039dd518-266a-4396-9b41-ebf3b444aec2" />
    <UnitTestResult executionId="2e59f05c-8e43-4d6c-907c-2cc91966bc68" testId="82fdc03c-6a72-dde8-456a-eaf39698c697" testName="Carlton.Base.Components.Test.BaseNotificationComponentTests.BaseNotification_TitleParam_RendersCorrectly(expectedTitle: &quot;Notification Title Test 3&quot;)" computerName="DESKTOP-HE04GST" duration="00:00:00.0098733" startTime="2023-04-30T09:40:42.4755934-04:00" endTime="2023-04-30T09:40:42.4755936-04:00" testType="13cdc9d9-ddb5-4fa4-a97d-d965ccfc6d4b" outcome="Passed" testListId="8c84fa94-04c1-424b-9868-57a2d4851a1d" relativeResultsDirectory="2e59f05c-8e43-4d6c-907c-2cc91966bc68" />
    <UnitTestResult executionId="56701e68-1087-485c-9257-b745c690eff1" testId="8604af9a-6283-f41c-5895-dcded0b19ca9" testName="Carlton.Base.Components.Test.SlideTabComponentTests.SlideTab_ContentParam_RendersCorrectly(expectedContent: &quot;&lt;span class=\&quot;test-content\&quot;&gt;Here is some test con&quot;...)" computerName="DESKTOP-HE04GST" duration="00:00:00.0017135" startTime="2023-04-30T09:40:42.2719803-04:00" endTime="2023-04-30T09:40:42.2719804-04:00" testType="13cdc9d9-ddb5-4fa4-a97d-d965ccfc6d4b" outcome="Passed" testListId="8c84fa94-04c1-424b-9868-57a2d4851a1d" relativeResultsDirectory="56701e68-1087-485c-9257-b745c690eff1" />
    <UnitTestResult executionId="c519fd16-bfe8-4ef2-9a84-db53956a76fc" testId="62f820de-c617-6809-2846-c9e07a96b1bb" testName="Carlton.Base.Components.Test.CheckboxComponentTests.Checkbox_IsCheckedParam_FiresCallback(isChecked: True)" computerName="DESKTOP-HE04GST" duration="00:00:00.0041699" startTime="2023-04-30T09:40:42.2213818-04:00" endTime="2023-04-30T09:40:42.2213820-04:00" testType="13cdc9d9-ddb5-4fa4-a97d-d965ccfc6d4b" outcome="Passed" testListId="8c84fa94-04c1-424b-9868-57a2d4851a1d" relativeResultsDirectory="c519fd16-bfe8-4ef2-9a84-db53956a76fc" />
    <UnitTestResult executionId="43d1df41-1145-4b55-aa6a-cdc7eb8073e4" testId="01312f82-8178-605f-aae1-26970b526840" testName="Carlton.Base.Components.Test.HamburgerCollapserComponentTests.HamburgerCollapser_Markup_RendersCorrectly" computerName="DESKTOP-HE04GST" duration="00:00:00.0027603" startTime="2023-04-30T09:40:42.5054349-04:00" endTime="2023-04-30T09:40:42.5054352-04:00" testType="13cdc9d9-ddb5-4fa4-a97d-d965ccfc6d4b" outcome="Passed" testListId="8c84fa94-04c1-424b-9868-57a2d4851a1d" relativeResultsDirectory="43d1df41-1145-4b55-aa6a-cdc7eb8073e4" />
    <UnitTestResult executionId="d9b1484a-5169-4435-8542-7dba1c9eeb1a" testId="d18b6434-c864-afc2-ce16-b7274bf9826f" testName="Carlton.Base.Components.Test.LogoComponentTests.Logo_IsCollapsedParam_ShouldBeExpanded(isCollapsed: True)" computerName="DESKTOP-HE04GST" duration="00:00:00.0017442" startTime="2023-04-30T09:40:42.4421348-04:00" endTime="2023-04-30T09:40:42.4421350-04:00" testType="13cdc9d9-ddb5-4fa4-a97d-d965ccfc6d4b" outcome="Passed" testListId="8c84fa94-04c1-424b-9868-57a2d4851a1d" relativeResultsDirectory="d9b1484a-5169-4435-8542-7dba1c9eeb1a" />
    <UnitTestResult executionId="00545d7e-c070-4d4b-bab8-80f4c388eab5" testId="6926cdea-c42f-d597-2f5a-a03f871c03af" testName="Carlton.Base.Components.Test.TablePaginationRowComponentTests.TablePaginationRow_PageGreaterThanOne_LeftChevronsEnabled_RendersCorrectly(currentPage: 5)" computerName="DESKTOP-HE04GST" duration="00:00:00.0035712" startTime="2023-04-30T09:40:42.6396059-04:00" endTime="2023-04-30T09:40:42.6396062-04:00" testType="13cdc9d9-ddb5-4fa4-a97d-d965ccfc6d4b" outcome="Passed" testListId="8c84fa94-04c1-424b-9868-57a2d4851a1d" relativeResultsDirectory="00545d7e-c070-4d4b-bab8-80f4c388eab5" />
    <UnitTestResult executionId="d471b4e9-a3dc-4035-9e5f-b7b05dfa90f7" testId="571e52cc-9e6a-e23f-26e7-d7422fa96287" testName="Carlton.Base.Components.Test.DropDownMenuComponentTests.DropDownMenuElement_ClickEvent_RendersCorrectly" computerName="DESKTOP-HE04GST" duration="00:00:00.0047409" startTime="2023-04-30T09:40:42.3832042-04:00" endTime="2023-04-30T09:40:42.3832043-04:00" testType="13cdc9d9-ddb5-4fa4-a97d-d965ccfc6d4b" outcome="Passed" testListId="8c84fa94-04c1-424b-9868-57a2d4851a1d" relativeResultsDirectory="d471b4e9-a3dc-4035-9e5f-b7b05dfa90f7" />
    <UnitTestResult executionId="dab7704e-f7bf-4af5-bfad-15821ec3d26c" testId="9e655c7d-9475-0067-4c9a-5961a0e0aea6" testName="Carlton.Base.Components.Test.TableComponentTests.Table_HeaderItemOnClick_SelectedClass_RendersCorrectly(selectedIndex: 0)" computerName="DESKTOP-HE04GST" duration="00:00:00.0078530" startTime="2023-04-30T09:40:42.6576412-04:00" endTime="2023-04-30T09:40:42.6576413-04:00" testType="13cdc9d9-ddb5-4fa4-a97d-d965ccfc6d4b" outcome="Passed" testListId="8c84fa94-04c1-424b-9868-57a2d4851a1d" relativeResultsDirectory="dab7704e-f7bf-4af5-bfad-15821ec3d26c" />
    <UnitTestResult executionId="b10f8877-8b73-4a92-b3a9-34f4bd41a393" testId="8ea35cbd-e8bd-57df-5fbe-822641e9e234" testName="Carlton.Base.Components.Test.ConsoleComponentTests.Console_IsValidParam_RendersCorrectly(expectedIsValid: True)" computerName="DESKTOP-HE04GST" duration="00:00:00.5995916" startTime="2023-04-30T09:40:42.2183627-04:00" endTime="2023-04-30T09:40:42.2183628-04:00" testType="13cdc9d9-ddb5-4fa4-a97d-d965ccfc6d4b" outcome="Passed" testListId="8c84fa94-04c1-424b-9868-57a2d4851a1d" relativeResultsDirectory="b10f8877-8b73-4a92-b3a9-34f4bd41a393" />
    <UnitTestResult executionId="2773b36a-1822-4259-b60e-c588c1f83c93" testId="41ef5a33-62e1-ee23-395b-9e241d1e28fc" testName="Carlton.Base.Components.Test.SlideTabComponentTests.SlideTab_PositionBottomParam_RendersCorrectly(expectedPositionBottom: 5)" computerName="DESKTOP-HE04GST" duration="00:00:00.0021156" startTime="2023-04-30T09:40:42.2639330-04:00" endTime="2023-04-30T09:40:42.2639331-04:00" testType="13cdc9d9-ddb5-4fa4-a97d-d965ccfc6d4b" outcome="Passed" testListId="8c84fa94-04c1-424b-9868-57a2d4851a1d" relativeResultsDirectory="2773b36a-1822-4259-b60e-c588c1f83c93" />
    <UnitTestResult executionId="bfe31709-6cf8-4d3f-839c-c6829ed2fb1c" testId="ff0bfe74-b31b-0e59-a674-0e59b86a9932" testName="Carlton.Base.Components.Test.TableComponentTests.Table_OnClickOnce_FiltersItemsAsc(expected: (1, System.Collections.ObjectModel.ReadOnlyCollection`1[Carlton.Base.Components.Test.TableTestHelper+TableTestObject]))" computerName="DESKTOP-HE04GST" duration="00:00:00.0157259" startTime="2023-04-30T09:40:42.3547894-04:00" endTime="2023-04-30T09:40:42.3547897-04:00" testType="13cdc9d9-ddb5-4fa4-a97d-d965ccfc6d4b" outcome="Passed" testListId="8c84fa94-04c1-424b-9868-57a2d4851a1d" relativeResultsDirectory="bfe31709-6cf8-4d3f-839c-c6829ed2fb1c" />
    <UnitTestResult executionId="7d5e39fd-484b-43cc-b9c0-97b58e135137" testId="115a5448-e576-bd00-5099-010be9269ce1" testName="Carlton.Base.Components.Test.TableHeaderComponentTests.TableHeader_OnClick_AscendingClass_RendersCorrectly(selectedIndex: 2)" computerName="DESKTOP-HE04GST" duration="00:00:00.0039077" startTime="2023-04-30T09:40:42.5800519-04:00" endTime="2023-04-30T09:40:42.5800520-04:00" testType="13cdc9d9-ddb5-4fa4-a97d-d965ccfc6d4b" outcome="Passed" testListId="8c84fa94-04c1-424b-9868-57a2d4851a1d" relativeResultsDirectory="7d5e39fd-484b-43cc-b9c0-97b58e135137" />
    <UnitTestResult executionId="4e3d6bbd-8280-4706-9523-029b99ccf3c2" testId="1aba4601-c380-c5da-070d-9d8a2cb4ed6d" testName="Carlton.Base.Components.Test.BaseNotificationComponentTests.BaseNotification_TitleParam_RendersCorrectly(expectedTitle: &quot;Notification Title Test 1&quot;)" computerName="DESKTOP-HE04GST" duration="00:00:00.0020184" startTime="2023-04-30T09:40:42.4661560-04:00" endTime="2023-04-30T09:40:42.4661561-04:00" testType="13cdc9d9-ddb5-4fa4-a97d-d965ccfc6d4b" outcome="Passed" testListId="8c84fa94-04c1-424b-9868-57a2d4851a1d" relativeResultsDirectory="4e3d6bbd-8280-4706-9523-029b99ccf3c2" />
    <UnitTestResult executionId="fc5a3ba4-0762-40a0-9cb6-c9f821ebe119" testId="aac20a49-8396-283f-b646-be5402a974aa" testName="Carlton.Base.Components.Test.AccordionSelectComponentTests.AccordionSelect_SelectedItemChangedParam_FiresCallback(itemIndex: 0, expectedValue: 1)" computerName="DESKTOP-HE04GST" duration="00:00:00.0130996" startTime="2023-04-30T09:40:42.5808142-04:00" endTime="2023-04-30T09:40:42.5808143-04:00" testType="13cdc9d9-ddb5-4fa4-a97d-d965ccfc6d4b" outcome="Passed" testListId="8c84fa94-04c1-424b-9868-57a2d4851a1d" relativeResultsDirectory="fc5a3ba4-0762-40a0-9cb6-c9f821ebe119" />
    <UnitTestResult executionId="235ce96f-d977-4350-812b-6decc2b27119" testId="510b24b8-e7ed-d0e5-067c-54701224d287" testName="Carlton.Base.Components.Test.SelectComponentTests.Select_LabelParam_RendersCorrectly(labelText: &quot;Yet Another Label&quot;)" computerName="DESKTOP-HE04GST" duration="00:00:00.0030957" startTime="2023-04-30T09:40:42.2652819-04:00" endTime="2023-04-30T09:40:42.2652820-04:00" testType="13cdc9d9-ddb5-4fa4-a97d-d965ccfc6d4b" outcome="Passed" testListId="8c84fa94-04c1-424b-9868-57a2d4851a1d" relativeResultsDirectory="235ce96f-d977-4350-812b-6decc2b27119" />
    <UnitTestResult executionId="db7c95cb-6c01-41b5-ac1c-3535d70b07b6" testId="5c88af88-27e1-5531-551d-d096b081bbbb" testName="Carlton.Base.Components.Test.NotificationBarComponentTests.NotificationBar_ClickEventRepeatedly_RendersCorrectly(clickCounts: [2, 7, 3, 4])" computerName="DESKTOP-HE04GST" duration="00:00:00.7163658" startTime="2023-04-30T09:40:42.3178657-04:00" endTime="2023-04-30T09:40:42.3178662-04:00" testType="13cdc9d9-ddb5-4fa4-a97d-d965ccfc6d4b" outcome="Passed" testListId="8c84fa94-04c1-424b-9868-57a2d4851a1d" relativeResultsDirectory="db7c95cb-6c01-41b5-ac1c-3535d70b07b6" />
    <UnitTestResult executionId="3be9996b-a65d-46e0-84f1-64a104e233e5" testId="6f8d796c-6ca4-169d-1cc8-af66825f8e0b" testName="Carlton.Base.Components.Test.CardComponentTests.Card_ActionBarContentChildParam_RendersCorrectly(expectedActionBarContent: &quot;ActionBar Testing Content 2&quot;)" computerName="DESKTOP-HE04GST" duration="00:00:00.0121294" startTime="2023-04-30T09:40:42.5629610-04:00" endTime="2023-04-30T09:40:42.5629611-04:00" testType="13cdc9d9-ddb5-4fa4-a97d-d965ccfc6d4b" outcome="Passed" testListId="8c84fa94-04c1-424b-9868-57a2d4851a1d" relativeResultsDirectory="3be9996b-a65d-46e0-84f1-64a104e233e5" />
    <UnitTestResult executionId="e2fe6763-aeb6-4e63-b028-9731a0376252" testId="0e19d662-3eda-75d2-8b4e-f3c96f6d0a88" testName="Carlton.Base.Components.Test.SelectComponentTests.Select_ValueChangedCallbackParam_FiresCallback(index: 2)" computerName="DESKTOP-HE04GST" duration="00:00:00.0091648" startTime="2023-04-30T09:40:42.2720539-04:00" endTime="2023-04-30T09:40:42.2720540-04:00" testType="13cdc9d9-ddb5-4fa4-a97d-d965ccfc6d4b" outcome="Passed" testListId="8c84fa94-04c1-424b-9868-57a2d4851a1d" relativeResultsDirectory="e2fe6763-aeb6-4e63-b028-9731a0376252" />
    <UnitTestResult executionId="7d3b04b0-0e5a-4036-ab2a-4ed7463f4c89" testId="86dcb968-4ef1-cce6-3771-f83a548b7b9b" testName="Carlton.Base.Components.Test.FloatingActionButtonComponentTests.FloatingActionButton_Markup_RendersCorrectly" computerName="DESKTOP-HE04GST" duration="00:00:00.0033474" startTime="2023-04-30T09:40:42.4627251-04:00" endTime="2023-04-30T09:40:42.4627253-04:00" testType="13cdc9d9-ddb5-4fa4-a97d-d965ccfc6d4b" outcome="Passed" testListId="8c84fa94-04c1-424b-9868-57a2d4851a1d" relativeResultsDirectory="7d3b04b0-0e5a-4036-ab2a-4ed7463f4c89" />
    <UnitTestResult executionId="3619e0e9-e00b-4817-8cfd-078c94f69f19" testId="18569e55-01d3-2cbe-9a47-b7a6b6af48bd" testName="Carlton.Base.Components.Test.ListCardComponentTests.ListCard_ItemsParam_RendersCorrectly(expectedItems: [1, 2, 3, 10, 15])" computerName="DESKTOP-HE04GST" duration="00:00:00.0025429" startTime="2023-04-30T09:40:42.4175890-04:00" endTime="2023-04-30T09:40:42.4175891-04:00" testType="13cdc9d9-ddb5-4fa4-a97d-d965ccfc6d4b" outcome="Passed" testListId="8c84fa94-04c1-424b-9868-57a2d4851a1d" relativeResultsDirectory="3619e0e9-e00b-4817-8cfd-078c94f69f19" />
    <UnitTestResult executionId="41a25e7b-c432-48e6-9ff3-c4d3db5f8368" testId="a41dcb24-b89d-3f22-c149-d98a0341724c" testName="Carlton.Base.Components.Test.TableComponentTests.Table_HeadingsParam_RendersCorrectly(headings: [TableHeadingItem { DisplayName = ID, OrderColumn = ID }, TableHeadingItem { DisplayName = DisplayName, OrderColumn = DisplayName }, TableHeadingItem { DisplayName = CreatedDate, OrderColumn = CreatedDate }])" computerName="DESKTOP-HE04GST" duration="00:00:00.0028671" startTime="2023-04-30T09:40:42.6574413-04:00" endTime="2023-04-30T09:40:42.6574414-04:00" testType="13cdc9d9-ddb5-4fa4-a97d-d965ccfc6d4b" outcome="Passed" testListId="8c84fa94-04c1-424b-9868-57a2d4851a1d" relativeResultsDirectory="41a25e7b-c432-48e6-9ff3-c4d3db5f8368" />
    <UnitTestResult executionId="0b83fc5c-4c2e-480f-bd99-69f6435fc9a1" testId="c5354939-c673-43ca-14be-2bd609b6c1da" testName="Carlton.Base.Components.Test.NotificationBarComponentTests.NotificationBar_IsTestModeTrueParam_RendersCorrectly" computerName="DESKTOP-HE04GST" duration="00:00:00.0113186" startTime="2023-04-30T09:40:42.3986553-04:00" endTime="2023-04-30T09:40:42.3986554-04:00" testType="13cdc9d9-ddb5-4fa4-a97d-d965ccfc6d4b" outcome="Passed" testListId="8c84fa94-04c1-424b-9868-57a2d4851a1d" relativeResultsDirectory="0b83fc5c-4c2e-480f-bd99-69f6435fc9a1" />
    <UnitTestResult executionId="ffbad039-c918-41dd-a8dc-bcf62fd0af00" testId="8a6fe78d-1950-ca2c-fcac-76683a017d7a" testName="Carlton.Base.Components.Test.DropDownMenuElementComponentTests.DropDownMenuElement_MenuItemNameParam_RendersCorrectly(menuItemName: &quot;Test Menu Item Again&quot;)" computerName="DESKTOP-HE04GST" duration="00:00:00.0032474" startTime="2023-04-30T09:40:42.2695875-04:00" endTime="2023-04-30T09:40:42.2695876-04:00" testType="13cdc9d9-ddb5-4fa4-a97d-d965ccfc6d4b" outcome="Passed" testListId="8c84fa94-04c1-424b-9868-57a2d4851a1d" relativeResultsDirectory="ffbad039-c918-41dd-a8dc-bcf62fd0af00" />
    <UnitTestResult executionId="ff7fd4f9-84d6-4588-ad23-596312392b20" testId="c1c9e98a-00be-5d46-2e89-b28b2ec9151b" testName="Carlton.Base.Components.Test.TableComponentTests.Table_HeaderItemOnClick_AscendingClass_RendersCorrectly(selectedIndex: 1)" computerName="DESKTOP-HE04GST" duration="00:00:00.0062761" startTime="2023-04-30T09:40:42.6880305-04:00" endTime="2023-04-30T09:40:42.6880307-04:00" testType="13cdc9d9-ddb5-4fa4-a97d-d965ccfc6d4b" outcome="Passed" testListId="8c84fa94-04c1-424b-9868-57a2d4851a1d" relativeResultsDirectory="ff7fd4f9-84d6-4588-ad23-596312392b20" />
    <UnitTestResult executionId="54fcf9dc-dab4-43aa-81d8-30d4ec0c79b8" testId="f8a4fdfd-2ee1-6ccb-9204-9fa723643148" testName="Carlton.Base.Components.Test.DropDownMenuElementComponentTests.DropDownMenuElement_MenuItemNameParam_RendersCorrectly(menuItemName: &quot;Test Menu Item&quot;)" computerName="DESKTOP-HE04GST" duration="00:00:00.0019011" startTime="2023-04-30T09:40:42.2706412-04:00" endTime="2023-04-30T09:40:42.2706415-04:00" testType="13cdc9d9-ddb5-4fa4-a97d-d965ccfc6d4b" outcome="Passed" testListId="8c84fa94-04c1-424b-9868-57a2d4851a1d" relativeResultsDirectory="54fcf9dc-dab4-43aa-81d8-30d4ec0c79b8" />
    <UnitTestResult executionId="f173a1cd-b7ba-494a-9222-591816ec890a" testId="bfc4c269-8ffa-0bf9-9acb-eb4e0e390e83" testName="Carlton.Base.Components.Test.CardComponentTests.Card_HeaderContentChildParam_RendersCorrectly(expectedHeaderContent: &quot;&lt;span&gt;Header Testing Content 3&lt;/span&gt;&quot;)" computerName="DESKTOP-HE04GST" duration="00:00:00.0092719" startTime="2023-04-30T09:40:42.5778085-04:00" endTime="2023-04-30T09:40:42.5778086-04:00" testType="13cdc9d9-ddb5-4fa4-a97d-d965ccfc6d4b" outcome="Passed" testListId="8c84fa94-04c1-424b-9868-57a2d4851a1d" relativeResultsDirectory="f173a1cd-b7ba-494a-9222-591816ec890a" />
  </Results>
  <TestDefinitions>
    <UnitTest name="Carlton.Base.Components.Test.AccordionSelectGroupComponentTests.AccordionSelectGroup_ClickEvent_RendersCorrectly(groupIndex: 0, itemIndex: 0, expectedValue: 1)" storage="c:\users\nicho\source\repos\nickgalazzo\carlton.base\src\tests\carlton.base.components.test\bin\debug\net7.0\carlton.base.components.test.dll" id="694c5bd8-5ae5-4f19-c561-d0d00b109883">
      <Execution id="35234d1d-a11f-4aa2-b1f7-66b414854241" />
      <TestMethod codeBase="C:\Users\nicho\source\repos\NickGalazzo\Carlton.Base\src\Tests\Carlton.Base.Components.Test\bin\Debug\net7.0\Carlton.Base.Components.Test.dll" adapterTypeName="executor://xunit/VsTestRunner2/netcoreapp" className="Carlton.Base.Components.Test.AccordionSelectGroupComponentTests" name="AccordionSelectGroup_ClickEvent_RendersCorrectly" />
    </UnitTest>
    <UnitTest name="Carlton.Base.Components.Test.ConsoleComponentTests.Console_ReadOnlyParam_RendersCorrectly(isReadOnly: False)" storage="c:\users\nicho\source\repos\nickgalazzo\carlton.base\src\tests\carlton.base.components.test\bin\debug\net7.0\carlton.base.components.test.dll" id="edcac07c-0187-8feb-c533-c6a6f3a28b60">
      <Execution id="2ff78acc-6aba-40c6-83bd-b8a3c3f00b19" />
      <TestMethod codeBase="C:\Users\nicho\source\repos\NickGalazzo\Carlton.Base\src\Tests\Carlton.Base.Components.Test\bin\Debug\net7.0\Carlton.Base.Components.Test.dll" adapterTypeName="executor://xunit/VsTestRunner2/netcoreapp" className="Carlton.Base.Components.Test.ConsoleComponentTests" name="Console_ReadOnlyParam_RendersCorrectly" />
    </UnitTest>
    <UnitTest name="Carlton.Base.Components.Test.MobileTabBarComponentTests.MobileTabBar_ActiveTab_RendersCorrectly(activeTabIndex: 2, expectedText: &quot;&lt;span&gt;This is the third tab&lt;/span&gt;&quot;)" storage="c:\users\nicho\source\repos\nickgalazzo\carlton.base\src\tests\carlton.base.components.test\bin\debug\net7.0\carlton.base.components.test.dll" id="171104a2-6a51-5fc9-7ed0-45112a1bc210">
      <Execution id="4785b24b-700a-4091-8873-77822b45074a" />
      <TestMethod codeBase="C:\Users\nicho\source\repos\NickGalazzo\Carlton.Base\src\Tests\Carlton.Base.Components.Test\bin\Debug\net7.0\Carlton.Base.Components.Test.dll" adapterTypeName="executor://xunit/VsTestRunner2/netcoreapp" className="Carlton.Base.Components.Test.MobileTabBarComponentTests" name="MobileTabBar_ActiveTab_RendersCorrectly" />
    </UnitTest>
    <UnitTest name="Carlton.Base.Components.Test.MobileTabBarComponentTests.MobileTabBar_ActiveTab_RendersCorrectly(activeTabIndex: 0, expectedText: &quot;&lt;span&gt;This is the first tab&lt;/span&gt;&quot;)" storage="c:\users\nicho\source\repos\nickgalazzo\carlton.base\src\tests\carlton.base.components.test\bin\debug\net7.0\carlton.base.components.test.dll" id="7cfa6867-ebb1-e0dd-508a-8497d7fa54a0">
      <Execution id="c2e5373b-af4b-4b3d-8447-c9ff08af0e9f" />
      <TestMethod codeBase="C:\Users\nicho\source\repos\NickGalazzo\Carlton.Base\src\Tests\Carlton.Base.Components.Test\bin\Debug\net7.0\Carlton.Base.Components.Test.dll" adapterTypeName="executor://xunit/VsTestRunner2/netcoreapp" className="Carlton.Base.Components.Test.MobileTabBarComponentTests" name="MobileTabBar_ActiveTab_RendersCorrectly" />
    </UnitTest>
    <UnitTest name="Carlton.Base.Components.Test.TableComponentTests.Table_ItemsChangedCallback_FiresEvent(currentPage: 1, optIndex: 1, expectedSkip: 0, expectedTake: 10)" storage="c:\users\nicho\source\repos\nickgalazzo\carlton.base\src\tests\carlton.base.components.test\bin\debug\net7.0\carlton.base.components.test.dll" id="7162dc71-0713-ba09-c292-fa119bc36516">
      <Execution id="a384f5c2-e38c-41b9-b533-78a478988bec" />
      <TestMethod codeBase="C:\Users\nicho\source\repos\NickGalazzo\Carlton.Base\src\Tests\Carlton.Base.Components.Test\bin\Debug\net7.0\Carlton.Base.Components.Test.dll" adapterTypeName="executor://xunit/VsTestRunner2/netcoreapp" className="Carlton.Base.Components.Test.TableComponentTests" name="Table_ItemsChangedCallback_FiresEvent" />
    </UnitTest>
    <UnitTest name="Carlton.Base.Components.Test.TablePaginationRowComponentTests.TablePaginationRow_RowsPerPageOptsParam_DefaultsToFirstOption_RendersCorrectly" storage="c:\users\nicho\source\repos\nickgalazzo\carlton.base\src\tests\carlton.base.components.test\bin\debug\net7.0\carlton.base.components.test.dll" id="af23e599-62ff-bbe1-7224-29d5ec4e87a0">
      <Execution id="c14d0faa-68c4-4cfe-b441-24395ac85b74" />
      <TestMethod codeBase="C:\Users\nicho\source\repos\NickGalazzo\Carlton.Base\src\Tests\Carlton.Base.Components.Test\bin\Debug\net7.0\Carlton.Base.Components.Test.dll" adapterTypeName="executor://xunit/VsTestRunner2/netcoreapp" className="Carlton.Base.Components.Test.TablePaginationRowComponentTests" name="TablePaginationRow_RowsPerPageOptsParam_DefaultsToFirstOption_RendersCorrectly" />
    </UnitTest>
    <UnitTest name="Carlton.Base.Components.Test.TablePaginationRowComponentTests.TablePaginationRow_PageGreaterThanOne_LeftChevronsEnabled_RendersCorrectly(currentPage: 3)" storage="c:\users\nicho\source\repos\nickgalazzo\carlton.base\src\tests\carlton.base.components.test\bin\debug\net7.0\carlton.base.components.test.dll" id="9c40f4b2-e395-94c9-2055-b3813cd48484">
      <Execution id="0787a8ac-28f5-4854-a7b9-f85f468103c4" />
      <TestMethod codeBase="C:\Users\nicho\source\repos\NickGalazzo\Carlton.Base\src\Tests\Carlton.Base.Components.Test\bin\Debug\net7.0\Carlton.Base.Components.Test.dll" adapterTypeName="executor://xunit/VsTestRunner2/netcoreapp" className="Carlton.Base.Components.Test.TablePaginationRowComponentTests" name="TablePaginationRow_PageGreaterThanOne_LeftChevronsEnabled_RendersCorrectly" />
    </UnitTest>
    <UnitTest name="Carlton.Base.Components.Test.AccordionSelectGroupComponentTests.AccordionSelectGroup_SelectedItemParam_shouldRenderCorrectly(groupIndex: 0, itemIndex: 0, itemValue: 1)" storage="c:\users\nicho\source\repos\nickgalazzo\carlton.base\src\tests\carlton.base.components.test\bin\debug\net7.0\carlton.base.components.test.dll" id="10e3d357-1906-14db-33eb-5f09e282e5ed">
      <Execution id="084049d2-2757-4ba8-98b1-2b2d65544be6" />
      <TestMethod codeBase="C:\Users\nicho\source\repos\NickGalazzo\Carlton.Base\src\Tests\Carlton.Base.Components.Test\bin\Debug\net7.0\Carlton.Base.Components.Test.dll" adapterTypeName="executor://xunit/VsTestRunner2/netcoreapp" className="Carlton.Base.Components.Test.AccordionSelectGroupComponentTests" name="AccordionSelectGroup_SelectedItemParam_shouldRenderCorrectly" />
    </UnitTest>
    <UnitTest name="Carlton.Base.Components.Test.AccordionSelectComponentTests.AccordionSelect_SelectedItemChangedParam_FiresCallback(itemIndex: 0, expectedValue: 1)" storage="c:\users\nicho\source\repos\nickgalazzo\carlton.base\src\tests\carlton.base.components.test\bin\debug\net7.0\carlton.base.components.test.dll" id="aac20a49-8396-283f-b646-be5402a974aa">
      <Execution id="fc5a3ba4-0762-40a0-9cb6-c9f821ebe119" />
      <TestMethod codeBase="C:\Users\nicho\source\repos\NickGalazzo\Carlton.Base\src\Tests\Carlton.Base.Components.Test\bin\Debug\net7.0\Carlton.Base.Components.Test.dll" adapterTypeName="executor://xunit/VsTestRunner2/netcoreapp" className="Carlton.Base.Components.Test.AccordionSelectComponentTests" name="AccordionSelect_SelectedItemChangedParam_FiresCallback" />
    </UnitTest>
    <UnitTest name="Carlton.Base.Components.Test.TableHeaderComponentTests.TableHeader_InvalidOrderColumnParam_RendersCorrectly(columnName: &quot;Still Wrong&quot;)" storage="c:\users\nicho\source\repos\nickgalazzo\carlton.base\src\tests\carlton.base.components.test\bin\debug\net7.0\carlton.base.components.test.dll" id="015a8ef8-6c0a-305c-c135-1a20935b4ee3">
      <Execution id="69711e56-1dd4-4afe-90c7-44300a987b74" />
      <TestMethod codeBase="C:\Users\nicho\source\repos\NickGalazzo\Carlton.Base\src\Tests\Carlton.Base.Components.Test\bin\Debug\net7.0\Carlton.Base.Components.Test.dll" adapterTypeName="executor://xunit/VsTestRunner2/netcoreapp" className="Carlton.Base.Components.Test.TableHeaderComponentTests" name="TableHeader_InvalidOrderColumnParam_RendersCorrectly" />
    </UnitTest>
    <UnitTest name="Carlton.Base.Components.Test.BreadCrumbsComponentTests.BreadCrumbs_BreadCrumbItemsParam_RendersCorrectly" storage="c:\users\nicho\source\repos\nickgalazzo\carlton.base\src\tests\carlton.base.components.test\bin\debug\net7.0\carlton.base.components.test.dll" id="fd513a31-56bd-5d39-eca2-0c4821ffb0ec">
      <Execution id="0126e0fd-a860-4ef2-b137-39d8c1576280" />
      <TestMethod codeBase="C:\Users\nicho\source\repos\NickGalazzo\Carlton.Base\src\Tests\Carlton.Base.Components.Test\bin\Debug\net7.0\Carlton.Base.Components.Test.dll" adapterTypeName="executor://xunit/VsTestRunner2/netcoreapp" className="Carlton.Base.Components.Test.BreadCrumbsComponentTests" name="BreadCrumbs_BreadCrumbItemsParam_RendersCorrectly" />
    </UnitTest>
    <UnitTest name="Carlton.Base.Components.Test.TablePaginationRowComponentTests.TablePaginationRow_ItemCountGreaterThanItemsPerPage_RightChevronsEnabled_RendersCorrectly(itemCount: 10)" storage="c:\users\nicho\source\repos\nickgalazzo\carlton.base\src\tests\carlton.base.components.test\bin\debug\net7.0\carlton.base.components.test.dll" id="aec7847b-f2dd-7f82-7106-a9f877eba7a8">
      <Execution id="cf068728-eba9-459c-99d3-889a5ed684af" />
      <TestMethod codeBase="C:\Users\nicho\source\repos\NickGalazzo\Carlton.Base\src\Tests\Carlton.Base.Components.Test\bin\Debug\net7.0\Carlton.Base.Components.Test.dll" adapterTypeName="executor://xunit/VsTestRunner2/netcoreapp" className="Carlton.Base.Components.Test.TablePaginationRowComponentTests" name="TablePaginationRow_ItemCountGreaterThanItemsPerPage_RightChevronsEnabled_RendersCorrectly" />
    </UnitTest>
    <UnitTest name="Carlton.Base.Components.Test.TableHeaderComponentTests.TableHeader_ClickHeadersOnceTwice_EventFires(columnIndex: 2, expectedColumnName: &quot;CreatedDate&quot;)" storage="c:\users\nicho\source\repos\nickgalazzo\carlton.base\src\tests\carlton.base.components.test\bin\debug\net7.0\carlton.base.components.test.dll" id="1b291c1f-ffae-1d18-e1ca-fc3a05135b41">
      <Execution id="6e116f0a-9485-4375-a217-acb102b3c718" />
      <TestMethod codeBase="C:\Users\nicho\source\repos\NickGalazzo\Carlton.Base\src\Tests\Carlton.Base.Components.Test\bin\Debug\net7.0\Carlton.Base.Components.Test.dll" adapterTypeName="executor://xunit/VsTestRunner2/netcoreapp" className="Carlton.Base.Components.Test.TableHeaderComponentTests" name="TableHeader_ClickHeadersOnceTwice_EventFires" />
    </UnitTest>
    <UnitTest name="Carlton.Base.Components.Test.BaseNotificationComponentTests.BaseNotification_MessageParam_RendersCorrectly(expectedMessage: &quot;Notification Message Test 3&quot;)" storage="c:\users\nicho\source\repos\nickgalazzo\carlton.base\src\tests\carlton.base.components.test\bin\debug\net7.0\carlton.base.components.test.dll" id="d43bf906-3878-764e-857c-5c92b0d09825">
      <Execution id="3376ff47-6b30-4a2b-a80a-98b852202e0b" />
      <TestMethod codeBase="C:\Users\nicho\source\repos\NickGalazzo\Carlton.Base\src\Tests\Carlton.Base.Components.Test\bin\Debug\net7.0\Carlton.Base.Components.Test.dll" adapterTypeName="executor://xunit/VsTestRunner2/netcoreapp" className="Carlton.Base.Components.Test.BaseNotificationComponentTests" name="BaseNotification_MessageParam_RendersCorrectly" />
    </UnitTest>
    <UnitTest name="Carlton.Base.Components.Test.TableHeaderComponentTests.TableHeader_OnClick_SelectedClass_RendersCorrectly(selectedIndex: 1)" storage="c:\users\nicho\source\repos\nickgalazzo\carlton.base\src\tests\carlton.base.components.test\bin\debug\net7.0\carlton.base.components.test.dll" id="4c3c8efe-8bf5-8a38-a5a0-de9721f93478">
      <Execution id="16c494b9-a420-41bb-ad48-8f7619d0273a" />
      <TestMethod codeBase="C:\Users\nicho\source\repos\NickGalazzo\Carlton.Base\src\Tests\Carlton.Base.Components.Test\bin\Debug\net7.0\Carlton.Base.Components.Test.dll" adapterTypeName="executor://xunit/VsTestRunner2/netcoreapp" className="Carlton.Base.Components.Test.TableHeaderComponentTests" name="TableHeader_OnClick_SelectedClass_RendersCorrectly" />
    </UnitTest>
    <UnitTest name="Carlton.Base.Components.Test.TablePaginationRowComponentTests.TablePaginationRow_OnPaginationChangedCallback_FiresEvent(selectedPage: 1, selectedRowsPerPage: 5, expectedPage: 1)" storage="c:\users\nicho\source\repos\nickgalazzo\carlton.base\src\tests\carlton.base.components.test\bin\debug\net7.0\carlton.base.components.test.dll" id="1c0c0ede-94cf-1f31-cf90-2475a239bc38">
      <Execution id="c5336b91-d07a-4ade-89cb-f08641ed5d9e" />
      <TestMethod codeBase="C:\Users\nicho\source\repos\NickGalazzo\Carlton.Base\src\Tests\Carlton.Base.Components.Test\bin\Debug\net7.0\Carlton.Base.Components.Test.dll" adapterTypeName="executor://xunit/VsTestRunner2/netcoreapp" className="Carlton.Base.Components.Test.TablePaginationRowComponentTests" name="TablePaginationRow_OnPaginationChangedCallback_FiresEvent" />
    </UnitTest>
    <UnitTest name="Carlton.Base.Components.Test.AccordionSelectGroupComponentTests.AccordionSelectGroup_ClickEvent_RendersCorrectly(groupIndex: 0, itemIndex: 1, expectedValue: 2)" storage="c:\users\nicho\source\repos\nickgalazzo\carlton.base\src\tests\carlton.base.components.test\bin\debug\net7.0\carlton.base.components.test.dll" id="7b453ea3-7024-aa7e-6d3c-770aa31365af">
      <Execution id="ae4dc9e0-e6c7-4917-bd31-861c7c387a01" />
      <TestMethod codeBase="C:\Users\nicho\source\repos\NickGalazzo\Carlton.Base\src\Tests\Carlton.Base.Components.Test\bin\Debug\net7.0\Carlton.Base.Components.Test.dll" adapterTypeName="executor://xunit/VsTestRunner2/netcoreapp" className="Carlton.Base.Components.Test.AccordionSelectGroupComponentTests" name="AccordionSelectGroup_ClickEvent_RendersCorrectly" />
    </UnitTest>
    <UnitTest name="Carlton.Base.Components.Test.AccordionSelectGroupComponentTests.AccordionSelectGroup_Markup_RendersCorrectly" storage="c:\users\nicho\source\repos\nickgalazzo\carlton.base\src\tests\carlton.base.components.test\bin\debug\net7.0\carlton.base.components.test.dll" id="4abc7ea4-adf7-cb95-e891-e2b782813e5f">
      <Execution id="4a78266e-7584-493e-85b4-6e4560ea9e99" />
      <TestMethod codeBase="C:\Users\nicho\source\repos\NickGalazzo\Carlton.Base\src\Tests\Carlton.Base.Components.Test\bin\Debug\net7.0\Carlton.Base.Components.Test.dll" adapterTypeName="executor://xunit/VsTestRunner2/netcoreapp" className="Carlton.Base.Components.Test.AccordionSelectGroupComponentTests" name="AccordionSelectGroup_Markup_RendersCorrectly" />
    </UnitTest>
    <UnitTest name="Carlton.Base.Components.Test.CountCardComponentTests.CountCard_ThemeParam_RendersCorrectly(theme: Red)" storage="c:\users\nicho\source\repos\nickgalazzo\carlton.base\src\tests\carlton.base.components.test\bin\debug\net7.0\carlton.base.components.test.dll" id="0da18184-c20f-d5ad-bc5e-22dc0f1cb3a7">
      <Execution id="41924acf-ba11-4efb-b058-2aa2495ac363" />
      <TestMethod codeBase="C:\Users\nicho\source\repos\NickGalazzo\Carlton.Base\src\Tests\Carlton.Base.Components.Test\bin\Debug\net7.0\Carlton.Base.Components.Test.dll" adapterTypeName="executor://xunit/VsTestRunner2/netcoreapp" className="Carlton.Base.Components.Test.CountCardComponentTests" name="CountCard_ThemeParam_RendersCorrectly" />
    </UnitTest>
    <UnitTest name="Carlton.Base.Components.Test.TableHeaderComponentTests.TableHeader_OrderColumnParam_And_OrderDirectionParam_RendersCorrectly(columnName: &quot;DisplayName&quot;, columnIndex: 1, orderAscending: True)" storage="c:\users\nicho\source\repos\nickgalazzo\carlton.base\src\tests\carlton.base.components.test\bin\debug\net7.0\carlton.base.components.test.dll" id="dfe9ce7a-0bc1-eeb7-3cba-161664fa3ef5">
      <Execution id="25b05180-32f4-499f-9428-8332a367a4f6" />
      <TestMethod codeBase="C:\Users\nicho\source\repos\NickGalazzo\Carlton.Base\src\Tests\Carlton.Base.Components.Test\bin\Debug\net7.0\Carlton.Base.Components.Test.dll" adapterTypeName="executor://xunit/VsTestRunner2/netcoreapp" className="Carlton.Base.Components.Test.TableHeaderComponentTests" name="TableHeader_OrderColumnParam_And_OrderDirectionParam_RendersCorrectly" />
    </UnitTest>
    <UnitTest name="Carlton.Base.Components.Test.CheckboxComponentTests.Checkbox_IsCheckedParam_FiresCallback(isChecked: True)" storage="c:\users\nicho\source\repos\nickgalazzo\carlton.base\src\tests\carlton.base.components.test\bin\debug\net7.0\carlton.base.components.test.dll" id="62f820de-c617-6809-2846-c9e07a96b1bb">
      <Execution id="c519fd16-bfe8-4ef2-9a84-db53956a76fc" />
      <TestMethod codeBase="C:\Users\nicho\source\repos\NickGalazzo\Carlton.Base\src\Tests\Carlton.Base.Components.Test\bin\Debug\net7.0\Carlton.Base.Components.Test.dll" adapterTypeName="executor://xunit/VsTestRunner2/netcoreapp" className="Carlton.Base.Components.Test.CheckboxComponentTests" name="Checkbox_IsCheckedParam_FiresCallback" />
    </UnitTest>
    <UnitTest name="Carlton.Base.Components.Test.TableComponentTests.Table_RowTemplateParam_RendersCorrectly(rowTemplate: &quot;&lt;div class=\&quot;test-row\&quot;&gt;&lt;span&gt;{0}Test Template {1}&quot;...)" storage="c:\users\nicho\source\repos\nickgalazzo\carlton.base\src\tests\carlton.base.components.test\bin\debug\net7.0\carlton.base.components.test.dll" id="0059705e-91ed-d5f7-24c7-ed5bee8a892f">
      <Execution id="c6250963-3540-4a58-b0f4-b5ed07437453" />
      <TestMethod codeBase="C:\Users\nicho\source\repos\NickGalazzo\Carlton.Base\src\Tests\Carlton.Base.Components.Test\bin\Debug\net7.0\Carlton.Base.Components.Test.dll" adapterTypeName="executor://xunit/VsTestRunner2/netcoreapp" className="Carlton.Base.Components.Test.TableComponentTests" name="Table_RowTemplateParam_RendersCorrectly" />
    </UnitTest>
    <UnitTest name="Carlton.Base.Components.Test.TableComponentTests.Table_HeadingsParam_RendersCorrectly" storage="c:\users\nicho\source\repos\nickgalazzo\carlton.base\src\tests\carlton.base.components.test\bin\debug\net7.0\carlton.base.components.test.dll" id="a41dcb24-b89d-3f22-c149-d98a0341724c">
      <Execution id="2fcc8665-0c58-4a2c-a4e0-56dc90545ee8" />
      <TestMethod codeBase="C:\Users\nicho\source\repos\NickGalazzo\Carlton.Base\src\Tests\Carlton.Base.Components.Test\bin\Debug\net7.0\Carlton.Base.Components.Test.dll" adapterTypeName="executor://xunit/VsTestRunner2/netcoreapp" className="Carlton.Base.Components.Test.TableComponentTests" name="Table_HeadingsParam_RendersCorrectly" />
    </UnitTest>
    <UnitTest name="Carlton.Base.Components.Test.CardComponentTests.Card_HeaderContentChildParam_RendersCorrectly(expectedHeaderContent: &quot;&lt;span&gt;Header Testing Content 2&lt;/span&gt;&quot;)" storage="c:\users\nicho\source\repos\nickgalazzo\carlton.base\src\tests\carlton.base.components.test\bin\debug\net7.0\carlton.base.components.test.dll" id="52a34d31-6d81-2e53-0b6b-87f2b9dedb35">
      <Execution id="1ed71a0e-51dc-4e5c-965f-4a0bb752f510" />
      <TestMethod codeBase="C:\Users\nicho\source\repos\NickGalazzo\Carlton.Base\src\Tests\Carlton.Base.Components.Test\bin\Debug\net7.0\Carlton.Base.Components.Test.dll" adapterTypeName="executor://xunit/VsTestRunner2/netcoreapp" className="Carlton.Base.Components.Test.CardComponentTests" name="Card_HeaderContentChildParam_RendersCorrectly" />
    </UnitTest>
    <UnitTest name="Carlton.Base.Components.Test.TableHeaderComponentTests.TableHeader_OnClick_AscendingClass_RendersCorrectly(selectedIndex: 2)" storage="c:\users\nicho\source\repos\nickgalazzo\carlton.base\src\tests\carlton.base.components.test\bin\debug\net7.0\carlton.base.components.test.dll" id="115a5448-e576-bd00-5099-010be9269ce1">
      <Execution id="7d5e39fd-484b-43cc-b9c0-97b58e135137" />
      <TestMethod codeBase="C:\Users\nicho\source\repos\NickGalazzo\Carlton.Base\src\Tests\Carlton.Base.Components.Test\bin\Debug\net7.0\Carlton.Base.Components.Test.dll" adapterTypeName="executor://xunit/VsTestRunner2/netcoreapp" className="Carlton.Base.Components.Test.TableHeaderComponentTests" name="TableHeader_OnClick_AscendingClass_RendersCorrectly" />
    </UnitTest>
    <UnitTest name="Carlton.Base.Components.Test.TableComponentTests.Table_ItemsParam_RendersCorrectly" storage="c:\users\nicho\source\repos\nickgalazzo\carlton.base\src\tests\carlton.base.components.test\bin\debug\net7.0\carlton.base.components.test.dll" id="19699ab8-56b4-61b7-0754-1ac8ee2c3788">
      <Execution id="5acb8996-ff05-4c2f-b37d-49a2a8ed7ba4" />
      <TestMethod codeBase="C:\Users\nicho\source\repos\NickGalazzo\Carlton.Base\src\Tests\Carlton.Base.Components.Test\bin\Debug\net7.0\Carlton.Base.Components.Test.dll" adapterTypeName="executor://xunit/VsTestRunner2/netcoreapp" className="Carlton.Base.Components.Test.TableComponentTests" name="Table_ItemsParam_RendersCorrectly" />
    </UnitTest>
    <UnitTest name="Carlton.Base.Components.Test.CountCardComponentTests.CountCard_CountParam_RendersCorrectly(count: 10)" storage="c:\users\nicho\source\repos\nickgalazzo\carlton.base\src\tests\carlton.base.components.test\bin\debug\net7.0\carlton.base.components.test.dll" id="d861b366-8b7a-507b-a4be-fa0acafd9d18">
      <Execution id="e54b67a9-d2ee-44af-af51-f61023b28435" />
      <TestMethod codeBase="C:\Users\nicho\source\repos\NickGalazzo\Carlton.Base\src\Tests\Carlton.Base.Components.Test\bin\Debug\net7.0\Carlton.Base.Components.Test.dll" adapterTypeName="executor://xunit/VsTestRunner2/netcoreapp" className="Carlton.Base.Components.Test.CountCardComponentTests" name="CountCard_CountParam_RendersCorrectly" />
    </UnitTest>
    <UnitTest name="Carlton.Base.Components.Test.CardComponentTests.Card_PrimaryContentChildParam_RendersCorrectly(expectedPrimaryCardContent: &quot;&lt;span&gt;Primary Testing Content 2&lt;/span&gt;&quot;)" storage="c:\users\nicho\source\repos\nickgalazzo\carlton.base\src\tests\carlton.base.components.test\bin\debug\net7.0\carlton.base.components.test.dll" id="ed45e4eb-b6ad-88dd-d7a4-f45adb748cda">
      <Execution id="db9350eb-60fa-45f6-a06d-dc7db27e6c81" />
      <TestMethod codeBase="C:\Users\nicho\source\repos\NickGalazzo\Carlton.Base\src\Tests\Carlton.Base.Components.Test\bin\Debug\net7.0\Carlton.Base.Components.Test.dll" adapterTypeName="executor://xunit/VsTestRunner2/netcoreapp" className="Carlton.Base.Components.Test.CardComponentTests" name="Card_PrimaryContentChildParam_RendersCorrectly" />
    </UnitTest>
    <UnitTest name="Carlton.Base.Components.Test.DropDownMenuElementComponentTests.DropDownMenuElement_MenuItemIconParam_RendersCorrectly(icon: &quot;icon-3&quot;)" storage="c:\users\nicho\source\repos\nickgalazzo\carlton.base\src\tests\carlton.base.components.test\bin\debug\net7.0\carlton.base.components.test.dll" id="6620d40e-d903-83db-0393-7ce4b6d7a8b9">
      <Execution id="326605ba-4231-4ab9-8681-9ed1ae3c62b8" />
      <TestMethod codeBase="C:\Users\nicho\source\repos\NickGalazzo\Carlton.Base\src\Tests\Carlton.Base.Components.Test\bin\Debug\net7.0\Carlton.Base.Components.Test.dll" adapterTypeName="executor://xunit/VsTestRunner2/netcoreapp" className="Carlton.Base.Components.Test.DropDownMenuElementComponentTests" name="DropDownMenuElement_MenuItemIconParam_RendersCorrectly" />
    </UnitTest>
    <UnitTest name="Carlton.Base.Components.Test.TablePaginationRowComponentTests.TablePaginationRow_PaginationLabel_RendersCorrectly(currentPage: 2, currentRowsPerPage: 15, expectedText: &quot;1-15 of 15&quot;)" storage="c:\users\nicho\source\repos\nickgalazzo\carlton.base\src\tests\carlton.base.components.test\bin\debug\net7.0\carlton.base.components.test.dll" id="5ae8450b-6671-8b60-6bf9-6010dc1e24d9">
      <Execution id="3324cedb-185c-48f3-87e8-83ced479d838" />
      <TestMethod codeBase="C:\Users\nicho\source\repos\NickGalazzo\Carlton.Base\src\Tests\Carlton.Base.Components.Test\bin\Debug\net7.0\Carlton.Base.Components.Test.dll" adapterTypeName="executor://xunit/VsTestRunner2/netcoreapp" className="Carlton.Base.Components.Test.TablePaginationRowComponentTests" name="TablePaginationRow_PaginationLabel_RendersCorrectly" />
    </UnitTest>
    <UnitTest name="Carlton.Base.Components.Test.TablePaginationRowComponentTests.TablePaginationRow_PageGreaterThanOne_LeftChevronsEnabled_RendersCorrectly(currentPage: 5)" storage="c:\users\nicho\source\repos\nickgalazzo\carlton.base\src\tests\carlton.base.components.test\bin\debug\net7.0\carlton.base.components.test.dll" id="6926cdea-c42f-d597-2f5a-a03f871c03af">
      <Execution id="00545d7e-c070-4d4b-bab8-80f4c388eab5" />
      <TestMethod codeBase="C:\Users\nicho\source\repos\NickGalazzo\Carlton.Base\src\Tests\Carlton.Base.Components.Test\bin\Debug\net7.0\Carlton.Base.Components.Test.dll" adapterTypeName="executor://xunit/VsTestRunner2/netcoreapp" className="Carlton.Base.Components.Test.TablePaginationRowComponentTests" name="TablePaginationRow_PageGreaterThanOne_LeftChevronsEnabled_RendersCorrectly" />
    </UnitTest>
    <UnitTest name="Carlton.Base.Components.Test.BreadCrumbsComponentTests.BreadCrumbs_TitleParam_RendersCorrectly(expectedTitle: &quot;Yet Another Test Title&quot;)" storage="c:\users\nicho\source\repos\nickgalazzo\carlton.base\src\tests\carlton.base.components.test\bin\debug\net7.0\carlton.base.components.test.dll" id="e1b6bec7-160e-aa54-3156-206a80de3487">
      <Execution id="08dde473-7d12-4d20-8380-21bcf85a1bfb" />
      <TestMethod codeBase="C:\Users\nicho\source\repos\NickGalazzo\Carlton.Base\src\Tests\Carlton.Base.Components.Test\bin\Debug\net7.0\Carlton.Base.Components.Test.dll" adapterTypeName="executor://xunit/VsTestRunner2/netcoreapp" className="Carlton.Base.Components.Test.BreadCrumbsComponentTests" name="BreadCrumbs_TitleParam_RendersCorrectly" />
    </UnitTest>
    <UnitTest name="Carlton.Base.Components.Test.BaseNotificationComponentTests.BaseNotification_TitleParam_RendersCorrectly(expectedTitle: &quot;Notification Title Test 2&quot;)" storage="c:\users\nicho\source\repos\nickgalazzo\carlton.base\src\tests\carlton.base.components.test\bin\debug\net7.0\carlton.base.components.test.dll" id="d9479674-b723-212b-fc32-badb4502af7f">
      <Execution id="226d07ff-c0ae-4c4b-8d7f-880e10017381" />
      <TestMethod codeBase="C:\Users\nicho\source\repos\NickGalazzo\Carlton.Base\src\Tests\Carlton.Base.Components.Test\bin\Debug\net7.0\Carlton.Base.Components.Test.dll" adapterTypeName="executor://xunit/VsTestRunner2/netcoreapp" className="Carlton.Base.Components.Test.BaseNotificationComponentTests" name="BaseNotification_TitleParam_RendersCorrectly" />
    </UnitTest>
    <UnitTest name="Carlton.Base.Components.Test.TableComponentTests.Table_ItemsChangedCallback_FiresEvent(currentPage: 1, optIndex: 0, expectedSkip: 0, expectedTake: 5)" storage="c:\users\nicho\source\repos\nickgalazzo\carlton.base\src\tests\carlton.base.components.test\bin\debug\net7.0\carlton.base.components.test.dll" id="abec9a13-deaf-e930-46a3-bb5a190e831a">
      <Execution id="5f0a0dc2-0c64-489e-bc6f-0989e78066c0" />
      <TestMethod codeBase="C:\Users\nicho\source\repos\NickGalazzo\Carlton.Base\src\Tests\Carlton.Base.Components.Test\bin\Debug\net7.0\Carlton.Base.Components.Test.dll" adapterTypeName="executor://xunit/VsTestRunner2/netcoreapp" className="Carlton.Base.Components.Test.TableComponentTests" name="Table_ItemsChangedCallback_FiresEvent" />
    </UnitTest>
    <UnitTest name="Carlton.Base.Components.Test.MobileTabBarComponentTests.MobileTabBar_ChildIconParam_RendersCorrectly(icon: &quot;Icon-Done-Testing&quot;)" storage="c:\users\nicho\source\repos\nickgalazzo\carlton.base\src\tests\carlton.base.components.test\bin\debug\net7.0\carlton.base.components.test.dll" id="a2886431-9c55-db6f-26b5-a842c5946b9e">
      <Execution id="b320a51d-b925-4f89-8ed2-e661b60ae7da" />
      <TestMethod codeBase="C:\Users\nicho\source\repos\NickGalazzo\Carlton.Base\src\Tests\Carlton.Base.Components.Test\bin\Debug\net7.0\Carlton.Base.Components.Test.dll" adapterTypeName="executor://xunit/VsTestRunner2/netcoreapp" className="Carlton.Base.Components.Test.MobileTabBarComponentTests" name="MobileTabBar_ChildIconParam_RendersCorrectly" />
    </UnitTest>
    <UnitTest name="Carlton.Base.Components.Test.BaseNotificationComponentTests.BaseNotification_DisposeComponent_ShouldSucced" storage="c:\users\nicho\source\repos\nickgalazzo\carlton.base\src\tests\carlton.base.components.test\bin\debug\net7.0\carlton.base.components.test.dll" id="5f983ffa-b981-0843-1076-3e0c742ab73b">
      <Execution id="b4e71b8f-6bc5-45f3-9e55-9df1697cfda3" />
      <TestMethod codeBase="C:\Users\nicho\source\repos\NickGalazzo\Carlton.Base\src\Tests\Carlton.Base.Components.Test\bin\Debug\net7.0\Carlton.Base.Components.Test.dll" adapterTypeName="executor://xunit/VsTestRunner2/netcoreapp" className="Carlton.Base.Components.Test.BaseNotificationComponentTests" name="BaseNotification_DisposeComponent_ShouldSucced" />
    </UnitTest>
    <UnitTest name="Carlton.Base.Components.Test.TablePaginationRowComponentTests.TablePaginationRow_ItemCountLessThanItemsPerPage_RightChevronsDisabled_RendersCorrectly(itemCount: 4)" storage="c:\users\nicho\source\repos\nickgalazzo\carlton.base\src\tests\carlton.base.components.test\bin\debug\net7.0\carlton.base.components.test.dll" id="8e5dfc12-0ccd-84c7-eae7-7f89e6b43788">
      <Execution id="4b814343-17ff-4c00-be6a-6a2b3b3969a6" />
      <TestMethod codeBase="C:\Users\nicho\source\repos\NickGalazzo\Carlton.Base\src\Tests\Carlton.Base.Components.Test\bin\Debug\net7.0\Carlton.Base.Components.Test.dll" adapterTypeName="executor://xunit/VsTestRunner2/netcoreapp" className="Carlton.Base.Components.Test.TablePaginationRowComponentTests" name="TablePaginationRow_ItemCountLessThanItemsPerPage_RightChevronsDisabled_RendersCorrectly" />
    </UnitTest>
    <UnitTest name="Carlton.Base.Components.Test.MobileTabBarComponentTests.MobileTabBar_Markup_RendersCorrectly" storage="c:\users\nicho\source\repos\nickgalazzo\carlton.base\src\tests\carlton.base.components.test\bin\debug\net7.0\carlton.base.components.test.dll" id="e012fd6d-d5f7-c5d4-58d5-2f3f9b3d5de3">
      <Execution id="3e27886b-414a-40c5-b52c-fc2ba147cd67" />
      <TestMethod codeBase="C:\Users\nicho\source\repos\NickGalazzo\Carlton.Base\src\Tests\Carlton.Base.Components.Test\bin\Debug\net7.0\Carlton.Base.Components.Test.dll" adapterTypeName="executor://xunit/VsTestRunner2/netcoreapp" className="Carlton.Base.Components.Test.MobileTabBarComponentTests" name="MobileTabBar_Markup_RendersCorrectly" />
    </UnitTest>
    <UnitTest name="Carlton.Base.Components.Test.NotificationBarComponentTests.NotificationBar_ClickEvent_RendersCorrectly(btnClass: &quot;warning-btn&quot;, expectedType: typeof(Carlton.Base.Components.WarningNotification))" storage="c:\users\nicho\source\repos\nickgalazzo\carlton.base\src\tests\carlton.base.components.test\bin\debug\net7.0\carlton.base.components.test.dll" id="8af30576-a2b6-df1c-49fa-2acbc5c464dc">
      <Execution id="e114a609-f995-4b13-82ec-0e6cc702092a" />
      <TestMethod codeBase="C:\Users\nicho\source\repos\NickGalazzo\Carlton.Base\src\Tests\Carlton.Base.Components.Test\bin\Debug\net7.0\Carlton.Base.Components.Test.dll" adapterTypeName="executor://xunit/VsTestRunner2/netcoreapp" className="Carlton.Base.Components.Test.NotificationBarComponentTests" name="NotificationBar_ClickEvent_RendersCorrectly" />
    </UnitTest>
    <UnitTest name="Carlton.Base.Components.Test.TablePaginationRowComponentTests.TablePaginationRow_PaginationLabel_ItemCountLessThanItemsPerPage_RendersCorrectly(optIndex: 2)" storage="c:\users\nicho\source\repos\nickgalazzo\carlton.base\src\tests\carlton.base.components.test\bin\debug\net7.0\carlton.base.components.test.dll" id="0346a494-c9f4-094c-b758-2e44f1b83219">
      <Execution id="4c5a3a25-f54a-490f-ad13-bd51549eb499" />
      <TestMethod codeBase="C:\Users\nicho\source\repos\NickGalazzo\Carlton.Base\src\Tests\Carlton.Base.Components.Test\bin\Debug\net7.0\Carlton.Base.Components.Test.dll" adapterTypeName="executor://xunit/VsTestRunner2/netcoreapp" className="Carlton.Base.Components.Test.TablePaginationRowComponentTests" name="TablePaginationRow_PaginationLabel_ItemCountLessThanItemsPerPage_RendersCorrectly" />
    </UnitTest>
    <UnitTest name="Carlton.Base.Components.Test.CheckboxComponentTests.Checkbox_IsCheckedParam_FiresCallback(isChecked: False)" storage="c:\users\nicho\source\repos\nickgalazzo\carlton.base\src\tests\carlton.base.components.test\bin\debug\net7.0\carlton.base.components.test.dll" id="48670272-3dd1-1148-043b-fca5b5e47e53">
      <Execution id="d27f583a-c9c6-472a-96b5-2a680af3d584" />
      <TestMethod codeBase="C:\Users\nicho\source\repos\NickGalazzo\Carlton.Base\src\Tests\Carlton.Base.Components.Test\bin\Debug\net7.0\Carlton.Base.Components.Test.dll" adapterTypeName="executor://xunit/VsTestRunner2/netcoreapp" className="Carlton.Base.Components.Test.CheckboxComponentTests" name="Checkbox_IsCheckedParam_FiresCallback" />
    </UnitTest>
    <UnitTest name="Carlton.Base.Components.Test.TableComponentTests.Table_OnClickOnce_FiltersItemsAsc" storage="c:\users\nicho\source\repos\nickgalazzo\carlton.base\src\tests\carlton.base.components.test\bin\debug\net7.0\carlton.base.components.test.dll" id="ff0bfe74-b31b-0e59-a674-0e59b86a9932">
      <Execution id="14acd71e-bdfc-40bd-b52b-8b9cef0e1cef" />
      <TestMethod codeBase="C:\Users\nicho\source\repos\NickGalazzo\Carlton.Base\src\Tests\Carlton.Base.Components.Test\bin\Debug\net7.0\Carlton.Base.Components.Test.dll" adapterTypeName="executor://xunit/VsTestRunner2/netcoreapp" className="Carlton.Base.Components.Test.TableComponentTests" name="Table_OnClickOnce_FiltersItemsAsc" />
    </UnitTest>
    <UnitTest name="Carlton.Base.Components.Test.BaseNotificationComponentTests.BaseNotification_TitleParam_RendersCorrectly(expectedTitle: &quot;Notification Title Test 3&quot;)" storage="c:\users\nicho\source\repos\nickgalazzo\carlton.base\src\tests\carlton.base.components.test\bin\debug\net7.0\carlton.base.components.test.dll" id="82fdc03c-6a72-dde8-456a-eaf39698c697">
      <Execution id="2e59f05c-8e43-4d6c-907c-2cc91966bc68" />
      <TestMethod codeBase="C:\Users\nicho\source\repos\NickGalazzo\Carlton.Base\src\Tests\Carlton.Base.Components.Test\bin\Debug\net7.0\Carlton.Base.Components.Test.dll" adapterTypeName="executor://xunit/VsTestRunner2/netcoreapp" className="Carlton.Base.Components.Test.BaseNotificationComponentTests" name="BaseNotification_TitleParam_RendersCorrectly" />
    </UnitTest>
    <UnitTest name="Carlton.Base.Components.Test.NotificationBarComponentTests.NotificationBar_ClickEventRepeatedly_RendersCorrectly" storage="c:\users\nicho\source\repos\nickgalazzo\carlton.base\src\tests\carlton.base.components.test\bin\debug\net7.0\carlton.base.components.test.dll" id="5c88af88-27e1-5531-551d-d096b081bbbb">
      <Execution id="db7c95cb-6c01-41b5-ac1c-3535d70b07b6" />
      <TestMethod codeBase="C:\Users\nicho\source\repos\NickGalazzo\Carlton.Base\src\Tests\Carlton.Base.Components.Test\bin\Debug\net7.0\Carlton.Base.Components.Test.dll" adapterTypeName="executor://xunit/VsTestRunner2/netcoreapp" className="Carlton.Base.Components.Test.NotificationBarComponentTests" name="NotificationBar_ClickEventRepeatedly_RendersCorrectly" />
    </UnitTest>
    <UnitTest name="Carlton.Base.Components.Test.CardComponentTests.Card_ActionBarContentChildParam_RendersCorrectly(expectedActionBarContent: &quot;ActionBar Testing Content 3&quot;)" storage="c:\users\nicho\source\repos\nickgalazzo\carlton.base\src\tests\carlton.base.components.test\bin\debug\net7.0\carlton.base.components.test.dll" id="3f3f7bde-292c-12e4-5ac8-b27eaef55d68">
      <Execution id="c3c41b08-ecdd-44db-b539-6b3fa2645d9b" />
      <TestMethod codeBase="C:\Users\nicho\source\repos\NickGalazzo\Carlton.Base\src\Tests\Carlton.Base.Components.Test\bin\Debug\net7.0\Carlton.Base.Components.Test.dll" adapterTypeName="executor://xunit/VsTestRunner2/netcoreapp" className="Carlton.Base.Components.Test.CardComponentTests" name="Card_ActionBarContentChildParam_RendersCorrectly" />
    </UnitTest>
    <UnitTest name="Carlton.Base.Components.Test.TableComponentTests.Table_ItemsChangedCallback_FiresEvent(currentPage: 3, optIndex: 2, expectedSkip: 0, expectedTake: 15)" storage="c:\users\nicho\source\repos\nickgalazzo\carlton.base\src\tests\carlton.base.components.test\bin\debug\net7.0\carlton.base.components.test.dll" id="abac6730-0dfa-768f-44d6-3d8c55284461">
      <Execution id="51d55046-8201-419b-8fa3-bc8cde768620" />
      <TestMethod codeBase="C:\Users\nicho\source\repos\NickGalazzo\Carlton.Base\src\Tests\Carlton.Base.Components.Test\bin\Debug\net7.0\Carlton.Base.Components.Test.dll" adapterTypeName="executor://xunit/VsTestRunner2/netcoreapp" className="Carlton.Base.Components.Test.TableComponentTests" name="Table_ItemsChangedCallback_FiresEvent" />
    </UnitTest>
    <UnitTest name="Carlton.Base.Components.Test.NotificationBarComponentTests.NotificationBar_FadeOutEnabledParam_RendersCorrectly(fadeOutEnabled: True, notificationClass: &quot;info-btn&quot;)" storage="c:\users\nicho\source\repos\nickgalazzo\carlton.base\src\tests\carlton.base.components.test\bin\debug\net7.0\carlton.base.components.test.dll" id="4ead736c-1e06-7828-c8d6-26a8e046cf24">
      <Execution id="d9be6036-d22a-4c7a-a1f8-d53ecb71b116" />
      <TestMethod codeBase="C:\Users\nicho\source\repos\NickGalazzo\Carlton.Base\src\Tests\Carlton.Base.Components.Test\bin\Debug\net7.0\Carlton.Base.Components.Test.dll" adapterTypeName="executor://xunit/VsTestRunner2/netcoreapp" className="Carlton.Base.Components.Test.NotificationBarComponentTests" name="NotificationBar_FadeOutEnabledParam_RendersCorrectly" />
    </UnitTest>
    <UnitTest name="Carlton.Base.Components.Test.DesktopTabBarComponentTests.DesktopTabBar_ActiveTabClass_RendersCorrectly(activeTabIndex: 1)" storage="c:\users\nicho\source\repos\nickgalazzo\carlton.base\src\tests\carlton.base.components.test\bin\debug\net7.0\carlton.base.components.test.dll" id="7f6a9984-6418-1329-1ddd-ff46325f35f0">
      <Execution id="baebed57-3f89-4863-9f15-23d944cbf711" />
      <TestMethod codeBase="C:\Users\nicho\source\repos\NickGalazzo\Carlton.Base\src\Tests\Carlton.Base.Components.Test\bin\Debug\net7.0\Carlton.Base.Components.Test.dll" adapterTypeName="executor://xunit/VsTestRunner2/netcoreapp" className="Carlton.Base.Components.Test.DesktopTabBarComponentTests" name="DesktopTabBar_ActiveTabClass_RendersCorrectly" />
    </UnitTest>
    <UnitTest name="Carlton.Base.Components.Test.CheckboxComponentTests.Checkbox_Markup_RendersCorrectly" storage="c:\users\nicho\source\repos\nickgalazzo\carlton.base\src\tests\carlton.base.components.test\bin\debug\net7.0\carlton.base.components.test.dll" id="f12aee75-fa53-4c05-9706-3be9762ccebf">
      <Execution id="9d680316-0b7e-46a5-b2a5-5b266c144b5a" />
      <TestMethod codeBase="C:\Users\nicho\source\repos\NickGalazzo\Carlton.Base\src\Tests\Carlton.Base.Components.Test\bin\Debug\net7.0\Carlton.Base.Components.Test.dll" adapterTypeName="executor://xunit/VsTestRunner2/netcoreapp" className="Carlton.Base.Components.Test.CheckboxComponentTests" name="Checkbox_Markup_RendersCorrectly" />
    </UnitTest>
    <UnitTest name="Carlton.Base.Components.Test.ConsoleComponentTests.Console_ReadOnlyParam_RendersCorrectly(isReadOnly: True)" storage="c:\users\nicho\source\repos\nickgalazzo\carlton.base\src\tests\carlton.base.components.test\bin\debug\net7.0\carlton.base.components.test.dll" id="ac3d64d6-59fc-428c-aae0-b62e3cf29162">
      <Execution id="2f5f55c6-b229-456c-b7a3-4c7c09da227b" />
      <TestMethod codeBase="C:\Users\nicho\source\repos\NickGalazzo\Carlton.Base\src\Tests\Carlton.Base.Components.Test\bin\Debug\net7.0\Carlton.Base.Components.Test.dll" adapterTypeName="executor://xunit/VsTestRunner2/netcoreapp" className="Carlton.Base.Components.Test.ConsoleComponentTests" name="Console_ReadOnlyParam_RendersCorrectly" />
    </UnitTest>
    <UnitTest name="Carlton.Base.Components.Test.SlideTabComponentTests.SlideTab_IsExpandedParam_RendersCorrectly(expectedIsExpanded: True)" storage="c:\users\nicho\source\repos\nickgalazzo\carlton.base\src\tests\carlton.base.components.test\bin\debug\net7.0\carlton.base.components.test.dll" id="3e551b4b-b7c6-e1c4-c73d-ec6688824e8f">
      <Execution id="a0e10a9d-ae2a-4b58-ba0b-9d947020cf9a" />
      <TestMethod codeBase="C:\Users\nicho\source\repos\NickGalazzo\Carlton.Base\src\Tests\Carlton.Base.Components.Test\bin\Debug\net7.0\Carlton.Base.Components.Test.dll" adapterTypeName="executor://xunit/VsTestRunner2/netcoreapp" className="Carlton.Base.Components.Test.SlideTabComponentTests" name="SlideTab_IsExpandedParam_RendersCorrectly" />
    </UnitTest>
    <UnitTest name="Carlton.Base.Components.Test.TableComponentTests.Table_ItemsChangedCallback_FiresEvent(currentPage: 2, optIndex: 1, expectedSkip: 10, expectedTake: 10)" storage="c:\users\nicho\source\repos\nickgalazzo\carlton.base\src\tests\carlton.base.components.test\bin\debug\net7.0\carlton.base.components.test.dll" id="c1fd8e65-8e01-0474-0fff-7d2af4135b46">
      <Execution id="df5053ff-8608-43c5-8053-9e7e7832f849" />
      <TestMethod codeBase="C:\Users\nicho\source\repos\NickGalazzo\Carlton.Base\src\Tests\Carlton.Base.Components.Test\bin\Debug\net7.0\Carlton.Base.Components.Test.dll" adapterTypeName="executor://xunit/VsTestRunner2/netcoreapp" className="Carlton.Base.Components.Test.TableComponentTests" name="Table_ItemsChangedCallback_FiresEvent" />
    </UnitTest>
    <UnitTest name="Carlton.Base.Components.Test.DropDownMenuElementComponentTests.DropDownMenuElement_MenuItemValueParam_RendersCorrectly(value: 12)" storage="c:\users\nicho\source\repos\nickgalazzo\carlton.base\src\tests\carlton.base.components.test\bin\debug\net7.0\carlton.base.components.test.dll" id="203ed372-9fa6-a5f4-352d-85cf0a8f907a">
      <Execution id="60cadfbb-340f-49ad-977f-a299a5c07138" />
      <TestMethod codeBase="C:\Users\nicho\source\repos\NickGalazzo\Carlton.Base\src\Tests\Carlton.Base.Components.Test\bin\Debug\net7.0\Carlton.Base.Components.Test.dll" adapterTypeName="executor://xunit/VsTestRunner2/netcoreapp" className="Carlton.Base.Components.Test.DropDownMenuElementComponentTests" name="DropDownMenuElement_MenuItemValueParam_RendersCorrectly" />
    </UnitTest>
    <UnitTest name="Carlton.Base.Components.Test.ConsoleComponentTests.Console_OnChangeCallbackParam_FiresCallback(expectedText: &quot;some more new text&quot;)" storage="c:\users\nicho\source\repos\nickgalazzo\carlton.base\src\tests\carlton.base.components.test\bin\debug\net7.0\carlton.base.components.test.dll" id="1b5a6e10-6117-b35a-8490-31620c83610e">
      <Execution id="377af18f-e37f-4d27-aa88-50fd5860627a" />
      <TestMethod codeBase="C:\Users\nicho\source\repos\NickGalazzo\Carlton.Base\src\Tests\Carlton.Base.Components.Test\bin\Debug\net7.0\Carlton.Base.Components.Test.dll" adapterTypeName="executor://xunit/VsTestRunner2/netcoreapp" className="Carlton.Base.Components.Test.ConsoleComponentTests" name="Console_OnChangeCallbackParam_FiresCallback" />
    </UnitTest>
    <UnitTest name="Carlton.Base.Components.Test.ConsoleComponentTests.Console_Markup_RendersCorrectly" storage="c:\users\nicho\source\repos\nickgalazzo\carlton.base\src\tests\carlton.base.components.test\bin\debug\net7.0\carlton.base.components.test.dll" id="040ce82b-4387-06af-eec7-b1df3b7630c0">
      <Execution id="59a2a281-84c5-41bc-8022-4a8c26c397b9" />
      <TestMethod codeBase="C:\Users\nicho\source\repos\NickGalazzo\Carlton.Base\src\Tests\Carlton.Base.Components.Test\bin\Debug\net7.0\Carlton.Base.Components.Test.dll" adapterTypeName="executor://xunit/VsTestRunner2/netcoreapp" className="Carlton.Base.Components.Test.ConsoleComponentTests" name="Console_Markup_RendersCorrectly" />
    </UnitTest>
    <UnitTest name="Carlton.Base.Components.Test.TabComponentTests.Tab_Parent_ActiveParam_False_RendersCorrectly" storage="c:\users\nicho\source\repos\nickgalazzo\carlton.base\src\tests\carlton.base.components.test\bin\debug\net7.0\carlton.base.components.test.dll" id="e3d58337-cca2-5278-f8eb-4611788d2b5a">
      <Execution id="703c155e-1ee0-4c9c-8870-2aabd167670a" />
      <TestMethod codeBase="C:\Users\nicho\source\repos\NickGalazzo\Carlton.Base\src\Tests\Carlton.Base.Components.Test\bin\Debug\net7.0\Carlton.Base.Components.Test.dll" adapterTypeName="executor://xunit/VsTestRunner2/netcoreapp" className="Carlton.Base.Components.Test.TabComponentTests" name="Tab_Parent_ActiveParam_False_RendersCorrectly" />
    </UnitTest>
    <UnitTest name="Carlton.Base.Components.Test.TablePaginationRowComponentTests.TablePaginationRow_OnPaginationChangedCallback_FiresEvent(selectedPage: 3, selectedRowsPerPage: 10, expectedPage: 2)" storage="c:\users\nicho\source\repos\nickgalazzo\carlton.base\src\tests\carlton.base.components.test\bin\debug\net7.0\carlton.base.components.test.dll" id="ea8df251-c950-3cc7-7913-16d1bb48ae44">
      <Execution id="0b4993fa-0055-484e-b0d3-9c57a5c16764" />
      <TestMethod codeBase="C:\Users\nicho\source\repos\NickGalazzo\Carlton.Base\src\Tests\Carlton.Base.Components.Test\bin\Debug\net7.0\Carlton.Base.Components.Test.dll" adapterTypeName="executor://xunit/VsTestRunner2/netcoreapp" className="Carlton.Base.Components.Test.TablePaginationRowComponentTests" name="TablePaginationRow_OnPaginationChangedCallback_FiresEvent" />
    </UnitTest>
    <UnitTest name="Carlton.Base.Components.Test.DesktopTabBarComponentTests.DesktopTabBar_Markup_RendersCorrectly" storage="c:\users\nicho\source\repos\nickgalazzo\carlton.base\src\tests\carlton.base.components.test\bin\debug\net7.0\carlton.base.components.test.dll" id="35bf7ad8-b67e-b278-db91-44c6d96aa154">
      <Execution id="7b3de689-10fb-4dbb-bc1b-35da9f669ceb" />
      <TestMethod codeBase="C:\Users\nicho\source\repos\NickGalazzo\Carlton.Base\src\Tests\Carlton.Base.Components.Test\bin\Debug\net7.0\Carlton.Base.Components.Test.dll" adapterTypeName="executor://xunit/VsTestRunner2/netcoreapp" className="Carlton.Base.Components.Test.DesktopTabBarComponentTests" name="DesktopTabBar_Markup_RendersCorrectly" />
    </UnitTest>
    <UnitTest name="Carlton.Base.Components.Test.TablePaginationRowComponentTests.TablePaginationRow_PageGreaterThanOne_LeftChevronsEnabled_RendersCorrectly(currentPage: 2)" storage="c:\users\nicho\source\repos\nickgalazzo\carlton.base\src\tests\carlton.base.components.test\bin\debug\net7.0\carlton.base.components.test.dll" id="3b7633ea-161f-2116-c52f-52e37a852c76">
      <Execution id="06a5232e-a833-401f-83a7-06bc3b0fe772" />
      <TestMethod codeBase="C:\Users\nicho\source\repos\NickGalazzo\Carlton.Base\src\Tests\Carlton.Base.Components.Test\bin\Debug\net7.0\Carlton.Base.Components.Test.dll" adapterTypeName="executor://xunit/VsTestRunner2/netcoreapp" className="Carlton.Base.Components.Test.TablePaginationRowComponentTests" name="TablePaginationRow_PageGreaterThanOne_LeftChevronsEnabled_RendersCorrectly" />
    </UnitTest>
    <UnitTest name="Carlton.Base.Components.Test.NotificationBarComponentTests.NotificationBar_FadeOutEnabledParam_RendersCorrectly(fadeOutEnabled: True, notificationClass: &quot;error-btn&quot;)" storage="c:\users\nicho\source\repos\nickgalazzo\carlton.base\src\tests\carlton.base.components.test\bin\debug\net7.0\carlton.base.components.test.dll" id="691771b2-9881-2584-0382-8b2d381324cf">
      <Execution id="7e16dd1c-6134-4acd-828e-6347baaed459" />
      <TestMethod codeBase="C:\Users\nicho\source\repos\NickGalazzo\Carlton.Base\src\Tests\Carlton.Base.Components.Test\bin\Debug\net7.0\Carlton.Base.Components.Test.dll" adapterTypeName="executor://xunit/VsTestRunner2/netcoreapp" className="Carlton.Base.Components.Test.NotificationBarComponentTests" name="NotificationBar_FadeOutEnabledParam_RendersCorrectly" />
    </UnitTest>
    <UnitTest name="Carlton.Base.Components.Test.ListCardComponentTests.ListCard_CardTitleParam_RendersCorrectly(title: &quot;Test Title 2&quot;)" storage="c:\users\nicho\source\repos\nickgalazzo\carlton.base\src\tests\carlton.base.components.test\bin\debug\net7.0\carlton.base.components.test.dll" id="57da913c-5bb2-4d04-fc29-2d9bd99b6d41">
      <Execution id="475964b1-f85b-4fb3-9bec-fc10745ceece" />
      <TestMethod codeBase="C:\Users\nicho\source\repos\NickGalazzo\Carlton.Base\src\Tests\Carlton.Base.Components.Test\bin\Debug\net7.0\Carlton.Base.Components.Test.dll" adapterTypeName="executor://xunit/VsTestRunner2/netcoreapp" className="Carlton.Base.Components.Test.ListCardComponentTests" name="ListCard_CardTitleParam_RendersCorrectly" />
    </UnitTest>
    <UnitTest name="Carlton.Base.Components.Test.CountCardComponentTests.CountCard_MessageTemplateParam_RendersCorrectly(messageTemplate: &quot;Event Items Tracked by this component&quot;)" storage="c:\users\nicho\source\repos\nickgalazzo\carlton.base\src\tests\carlton.base.components.test\bin\debug\net7.0\carlton.base.components.test.dll" id="226d3be9-5998-016f-4009-3b396d1b4e9d">
      <Execution id="67b891d3-20d4-4d25-93e9-090308dfd41e" />
      <TestMethod codeBase="C:\Users\nicho\source\repos\NickGalazzo\Carlton.Base\src\Tests\Carlton.Base.Components.Test\bin\Debug\net7.0\Carlton.Base.Components.Test.dll" adapterTypeName="executor://xunit/VsTestRunner2/netcoreapp" className="Carlton.Base.Components.Test.CountCardComponentTests" name="CountCard_MessageTemplateParam_RendersCorrectly" />
    </UnitTest>
    <UnitTest name="Carlton.Base.Components.Test.NotificationBarComponentTests.NotificationBar_ClickEvent_RendersCorrectly(btnClass: &quot;info-btn&quot;, expectedType: typeof(Carlton.Base.Components.InfoNotification))" storage="c:\users\nicho\source\repos\nickgalazzo\carlton.base\src\tests\carlton.base.components.test\bin\debug\net7.0\carlton.base.components.test.dll" id="575a6c02-c985-735a-d70d-1061600e252c">
      <Execution id="f9aedfdf-6c92-444f-a405-90583dddd285" />
      <TestMethod codeBase="C:\Users\nicho\source\repos\NickGalazzo\Carlton.Base\src\Tests\Carlton.Base.Components.Test\bin\Debug\net7.0\Carlton.Base.Components.Test.dll" adapterTypeName="executor://xunit/VsTestRunner2/netcoreapp" className="Carlton.Base.Components.Test.NotificationBarComponentTests" name="NotificationBar_ClickEvent_RendersCorrectly" />
    </UnitTest>
    <UnitTest name="Carlton.Base.Components.Test.DropDownMenuComponentTests.DropDownMenuElement_ClickEvent_RendersCorrectly" storage="c:\users\nicho\source\repos\nickgalazzo\carlton.base\src\tests\carlton.base.components.test\bin\debug\net7.0\carlton.base.components.test.dll" id="571e52cc-9e6a-e23f-26e7-d7422fa96287">
      <Execution id="d471b4e9-a3dc-4035-9e5f-b7b05dfa90f7" />
      <TestMethod codeBase="C:\Users\nicho\source\repos\NickGalazzo\Carlton.Base\src\Tests\Carlton.Base.Components.Test\bin\Debug\net7.0\Carlton.Base.Components.Test.dll" adapterTypeName="executor://xunit/VsTestRunner2/netcoreapp" className="Carlton.Base.Components.Test.DropDownMenuComponentTests" name="DropDownMenuElement_ClickEvent_RendersCorrectly" />
    </UnitTest>
    <UnitTest name="Carlton.Base.Components.Test.TablePaginationRowComponentTests.TablePaginationRow_OnPaginationChangedCallback_FiresEvent(selectedPage: 2, selectedRowsPerPage: 5, expectedPage: 2)" storage="c:\users\nicho\source\repos\nickgalazzo\carlton.base\src\tests\carlton.base.components.test\bin\debug\net7.0\carlton.base.components.test.dll" id="526c9bb8-1995-0684-2f22-aa3400de016f">
      <Execution id="cb5ab17e-376f-450e-a08a-928dda1e616c" />
      <TestMethod codeBase="C:\Users\nicho\source\repos\NickGalazzo\Carlton.Base\src\Tests\Carlton.Base.Components.Test\bin\Debug\net7.0\Carlton.Base.Components.Test.dll" adapterTypeName="executor://xunit/VsTestRunner2/netcoreapp" className="Carlton.Base.Components.Test.TablePaginationRowComponentTests" name="TablePaginationRow_OnPaginationChangedCallback_FiresEvent" />
    </UnitTest>
    <UnitTest name="Carlton.Base.Components.Test.TableHeaderComponentTests.TableHeader_OrderColumnParam_And_OrderDirectionParam_RendersCorrectly(columnName: &quot;DisplayName&quot;, columnIndex: 1, orderAscending: False)" storage="c:\users\nicho\source\repos\nickgalazzo\carlton.base\src\tests\carlton.base.components.test\bin\debug\net7.0\carlton.base.components.test.dll" id="8e78724c-63f5-ec91-5670-cd3a85e04fc8">
      <Execution id="ce516ebc-4c10-4e83-83c2-927d2667bb91" />
      <TestMethod codeBase="C:\Users\nicho\source\repos\NickGalazzo\Carlton.Base\src\Tests\Carlton.Base.Components.Test\bin\Debug\net7.0\Carlton.Base.Components.Test.dll" adapterTypeName="executor://xunit/VsTestRunner2/netcoreapp" className="Carlton.Base.Components.Test.TableHeaderComponentTests" name="TableHeader_OrderColumnParam_And_OrderDirectionParam_RendersCorrectly" />
    </UnitTest>
    <UnitTest name="Carlton.Base.Components.Test.DropDownMenuComponentTests.DropDownMenuElement_HeaderTemplateParam_RendersCorrectly(headerTemplate: &quot;&lt;span&gt;More Testing Header&lt;/span&gt;&quot;)" storage="c:\users\nicho\source\repos\nickgalazzo\carlton.base\src\tests\carlton.base.components.test\bin\debug\net7.0\carlton.base.components.test.dll" id="fda40231-7dc9-df35-a4fe-7ec3807fa0c9">
      <Execution id="bb0a0a12-bd3c-4efd-87b2-2751e6dbd990" />
      <TestMethod codeBase="C:\Users\nicho\source\repos\NickGalazzo\Carlton.Base\src\Tests\Carlton.Base.Components.Test\bin\Debug\net7.0\Carlton.Base.Components.Test.dll" adapterTypeName="executor://xunit/VsTestRunner2/netcoreapp" className="Carlton.Base.Components.Test.DropDownMenuComponentTests" name="DropDownMenuElement_HeaderTemplateParam_RendersCorrectly" />
    </UnitTest>
    <UnitTest name="Carlton.Base.Components.Test.MobileTabBarComponentTests.MobileTabBar_ActiveTabClass_RendersCorrectly(activeTabIndex: 2)" storage="c:\users\nicho\source\repos\nickgalazzo\carlton.base\src\tests\carlton.base.components.test\bin\debug\net7.0\carlton.base.components.test.dll" id="cfdc707a-ae9b-f825-18a1-f453709bdde0">
      <Execution id="ab465178-7537-4634-ba7d-3a6658c855a1" />
      <TestMethod codeBase="C:\Users\nicho\source\repos\NickGalazzo\Carlton.Base\src\Tests\Carlton.Base.Components.Test\bin\Debug\net7.0\Carlton.Base.Components.Test.dll" adapterTypeName="executor://xunit/VsTestRunner2/netcoreapp" className="Carlton.Base.Components.Test.MobileTabBarComponentTests" name="MobileTabBar_ActiveTabClass_RendersCorrectly" />
    </UnitTest>
    <UnitTest name="Carlton.Base.Components.Test.DropDownMenuComponentTests.DropDownMenuElement_HeaderTemplateParam_RendersCorrectly(headerTemplate: &quot;&lt;span&gt;Event Testing Header&lt;/span&gt;&quot;)" storage="c:\users\nicho\source\repos\nickgalazzo\carlton.base\src\tests\carlton.base.components.test\bin\debug\net7.0\carlton.base.components.test.dll" id="cb827e29-70c8-5330-47ce-9981d0ba2876">
      <Execution id="020c6368-3834-4d35-847a-dbb03f520953" />
      <TestMethod codeBase="C:\Users\nicho\source\repos\NickGalazzo\Carlton.Base\src\Tests\Carlton.Base.Components.Test\bin\Debug\net7.0\Carlton.Base.Components.Test.dll" adapterTypeName="executor://xunit/VsTestRunner2/netcoreapp" className="Carlton.Base.Components.Test.DropDownMenuComponentTests" name="DropDownMenuElement_HeaderTemplateParam_RendersCorrectly" />
    </UnitTest>
    <UnitTest name="Carlton.Base.Components.Test.DropDownMenuElementComponentTests.DropDownMenuElement_OnMenuItemSelectedParam_RendersCorrectly(value: 1)" storage="c:\users\nicho\source\repos\nickgalazzo\carlton.base\src\tests\carlton.base.components.test\bin\debug\net7.0\carlton.base.components.test.dll" id="d8f0c920-c22a-d3bb-c6d9-8857d2f2f6e8">
      <Execution id="362981a1-8fc5-4982-a525-985bbd31dd68" />
      <TestMethod codeBase="C:\Users\nicho\source\repos\NickGalazzo\Carlton.Base\src\Tests\Carlton.Base.Components.Test\bin\Debug\net7.0\Carlton.Base.Components.Test.dll" adapterTypeName="executor://xunit/VsTestRunner2/netcoreapp" className="Carlton.Base.Components.Test.DropDownMenuElementComponentTests" name="DropDownMenuElement_OnMenuItemSelectedParam_RendersCorrectly" />
    </UnitTest>
    <UnitTest name="Carlton.Base.Components.Test.NotificationBarComponentTests.NotificationBar_IsTestModeTrueParam_RendersCorrectly" storage="c:\users\nicho\source\repos\nickgalazzo\carlton.base\src\tests\carlton.base.components.test\bin\debug\net7.0\carlton.base.components.test.dll" id="c5354939-c673-43ca-14be-2bd609b6c1da">
      <Execution id="0b83fc5c-4c2e-480f-bd99-69f6435fc9a1" />
      <TestMethod codeBase="C:\Users\nicho\source\repos\NickGalazzo\Carlton.Base\src\Tests\Carlton.Base.Components.Test\bin\Debug\net7.0\Carlton.Base.Components.Test.dll" adapterTypeName="executor://xunit/VsTestRunner2/netcoreapp" className="Carlton.Base.Components.Test.NotificationBarComponentTests" name="NotificationBar_IsTestModeTrueParam_RendersCorrectly" />
    </UnitTest>
    <UnitTest name="Carlton.Base.Components.Test.LogoComponentTests.Logo_Markup_RendersCorrectly" storage="c:\users\nicho\source\repos\nickgalazzo\carlton.base\src\tests\carlton.base.components.test\bin\debug\net7.0\carlton.base.components.test.dll" id="663d98db-4c1c-7d60-e8fc-b858868a8a67">
      <Execution id="79b86e75-5279-433d-9173-146c9876c687" />
      <TestMethod codeBase="C:\Users\nicho\source\repos\NickGalazzo\Carlton.Base\src\Tests\Carlton.Base.Components.Test\bin\Debug\net7.0\Carlton.Base.Components.Test.dll" adapterTypeName="executor://xunit/VsTestRunner2/netcoreapp" className="Carlton.Base.Components.Test.LogoComponentTests" name="Logo_Markup_RendersCorrectly" />
    </UnitTest>
    <UnitTest name="Carlton.Base.Components.Test.CountCardComponentTests.CountCard_ThemeParam_RendersCorrectly(theme: Green)" storage="c:\users\nicho\source\repos\nickgalazzo\carlton.base\src\tests\carlton.base.components.test\bin\debug\net7.0\carlton.base.components.test.dll" id="2dd119ab-590e-b66e-b5c2-d9a3d024a064">
      <Execution id="df343062-d67b-457c-95cc-4044789c4c46" />
      <TestMethod codeBase="C:\Users\nicho\source\repos\NickGalazzo\Carlton.Base\src\Tests\Carlton.Base.Components.Test\bin\Debug\net7.0\Carlton.Base.Components.Test.dll" adapterTypeName="executor://xunit/VsTestRunner2/netcoreapp" className="Carlton.Base.Components.Test.CountCardComponentTests" name="CountCard_ThemeParam_RendersCorrectly" />
    </UnitTest>
    <UnitTest name="Carlton.Base.Components.Test.DesktopTabBarComponentTests.DesktopTabBar_ChildDisplayTextParam_RendersCorrectly(displayText: &quot;Display Test Again&quot;)" storage="c:\users\nicho\source\repos\nickgalazzo\carlton.base\src\tests\carlton.base.components.test\bin\debug\net7.0\carlton.base.components.test.dll" id="57d71933-573e-2980-1c8e-daf760c7914e">
      <Execution id="2390a22d-bb56-4d46-a6b8-40f737897770" />
      <TestMethod codeBase="C:\Users\nicho\source\repos\NickGalazzo\Carlton.Base\src\Tests\Carlton.Base.Components.Test\bin\Debug\net7.0\Carlton.Base.Components.Test.dll" adapterTypeName="executor://xunit/VsTestRunner2/netcoreapp" className="Carlton.Base.Components.Test.DesktopTabBarComponentTests" name="DesktopTabBar_ChildDisplayTextParam_RendersCorrectly" />
    </UnitTest>
    <UnitTest name="Carlton.Base.Components.Test.SlideTabComponentTests.SlideTab_TitleParam_RendersCorrectly(expectedTitle: &quot;Another Test Title&quot;)" storage="c:\users\nicho\source\repos\nickgalazzo\carlton.base\src\tests\carlton.base.components.test\bin\debug\net7.0\carlton.base.components.test.dll" id="4c797b3a-2efa-30be-bb00-1dc3fd87ea84">
      <Execution id="721ac459-61ae-468b-bd19-c14d573edd96" />
      <TestMethod codeBase="C:\Users\nicho\source\repos\NickGalazzo\Carlton.Base\src\Tests\Carlton.Base.Components.Test\bin\Debug\net7.0\Carlton.Base.Components.Test.dll" adapterTypeName="executor://xunit/VsTestRunner2/netcoreapp" className="Carlton.Base.Components.Test.SlideTabComponentTests" name="SlideTab_TitleParam_RendersCorrectly" />
    </UnitTest>
    <UnitTest name="Carlton.Base.Components.Test.TablePaginationRowComponentTests.TablePaginationRow_PaginationLabel_RendersCorrectly(currentPage: 1, currentRowsPerPage: 5, expectedText: &quot;1-5 of 15&quot;)" storage="c:\users\nicho\source\repos\nickgalazzo\carlton.base\src\tests\carlton.base.components.test\bin\debug\net7.0\carlton.base.components.test.dll" id="d8c8392b-547d-6757-25b2-7211cb87e121">
      <Execution id="78d52478-4be4-46bf-80f8-871547add71d" />
      <TestMethod codeBase="C:\Users\nicho\source\repos\NickGalazzo\Carlton.Base\src\Tests\Carlton.Base.Components.Test\bin\Debug\net7.0\Carlton.Base.Components.Test.dll" adapterTypeName="executor://xunit/VsTestRunner2/netcoreapp" className="Carlton.Base.Components.Test.TablePaginationRowComponentTests" name="TablePaginationRow_PaginationLabel_RendersCorrectly" />
    </UnitTest>
    <UnitTest name="Carlton.Base.Components.Test.CardComponentTests.Card_Markup_RendersCorrectly" storage="c:\users\nicho\source\repos\nickgalazzo\carlton.base\src\tests\carlton.base.components.test\bin\debug\net7.0\carlton.base.components.test.dll" id="285dd188-0677-95b9-bdc8-5f4be2504763">
      <Execution id="98e83d35-c387-4bb1-a8e5-537d4c8d17e2" />
      <TestMethod codeBase="C:\Users\nicho\source\repos\NickGalazzo\Carlton.Base\src\Tests\Carlton.Base.Components.Test\bin\Debug\net7.0\Carlton.Base.Components.Test.dll" adapterTypeName="executor://xunit/VsTestRunner2/netcoreapp" className="Carlton.Base.Components.Test.CardComponentTests" name="Card_Markup_RendersCorrectly" />
    </UnitTest>
    <UnitTest name="Carlton.Base.Components.Test.TableHeaderComponentTests.TableHeader_InvalidOrderColumnParam_RendersCorrectly(columnName: &quot;Also Wrong&quot;)" storage="c:\users\nicho\source\repos\nickgalazzo\carlton.base\src\tests\carlton.base.components.test\bin\debug\net7.0\carlton.base.components.test.dll" id="11467e6d-1446-1c33-4c35-953b21f647c3">
      <Execution id="d8756e6e-7ac2-4976-b344-15df13ed3c13" />
      <TestMethod codeBase="C:\Users\nicho\source\repos\NickGalazzo\Carlton.Base\src\Tests\Carlton.Base.Components.Test\bin\Debug\net7.0\Carlton.Base.Components.Test.dll" adapterTypeName="executor://xunit/VsTestRunner2/netcoreapp" className="Carlton.Base.Components.Test.TableHeaderComponentTests" name="TableHeader_InvalidOrderColumnParam_RendersCorrectly" />
    </UnitTest>
    <UnitTest name="Carlton.Base.Components.Test.ListCardComponentTests.ListCard_Markup_RendersCorrectly" storage="c:\users\nicho\source\repos\nickgalazzo\carlton.base\src\tests\carlton.base.components.test\bin\debug\net7.0\carlton.base.components.test.dll" id="2d168e72-b1c4-0b57-fd31-afcc70bd9911">
      <Execution id="48f4787e-bf97-476f-8bfa-e924c1e2bc2b" />
      <TestMethod codeBase="C:\Users\nicho\source\repos\NickGalazzo\Carlton.Base\src\Tests\Carlton.Base.Components.Test\bin\Debug\net7.0\Carlton.Base.Components.Test.dll" adapterTypeName="executor://xunit/VsTestRunner2/netcoreapp" className="Carlton.Base.Components.Test.ListCardComponentTests" name="ListCard_Markup_RendersCorrectly" />
    </UnitTest>
    <UnitTest name="Carlton.Base.Components.Test.SelectComponentTests.Select_SelectedValueParam_RendersCorrectly(selectedValue: 2, expectedLabel: &quot;Option 2&quot;)" storage="c:\users\nicho\source\repos\nickgalazzo\carlton.base\src\tests\carlton.base.components.test\bin\debug\net7.0\carlton.base.components.test.dll" id="17a39795-eace-ebc5-37db-b025bf49f2f8">
      <Execution id="473f375a-fa9d-41aa-a39b-dfa59ea2ff73" />
      <TestMethod codeBase="C:\Users\nicho\source\repos\NickGalazzo\Carlton.Base\src\Tests\Carlton.Base.Components.Test\bin\Debug\net7.0\Carlton.Base.Components.Test.dll" adapterTypeName="executor://xunit/VsTestRunner2/netcoreapp" className="Carlton.Base.Components.Test.SelectComponentTests" name="Select_SelectedValueParam_RendersCorrectly" />
    </UnitTest>
    <UnitTest name="Carlton.Base.Components.Test.TableComponentTests.Table_HeaderItemOnClick_AscendingClass_RendersCorrectly(selectedIndex: 1)" storage="c:\users\nicho\source\repos\nickgalazzo\carlton.base\src\tests\carlton.base.components.test\bin\debug\net7.0\carlton.base.components.test.dll" id="c1c9e98a-00be-5d46-2e89-b28b2ec9151b">
      <Execution id="ff7fd4f9-84d6-4588-ad23-596312392b20" />
      <TestMethod codeBase="C:\Users\nicho\source\repos\NickGalazzo\Carlton.Base\src\Tests\Carlton.Base.Components.Test\bin\Debug\net7.0\Carlton.Base.Components.Test.dll" adapterTypeName="executor://xunit/VsTestRunner2/netcoreapp" className="Carlton.Base.Components.Test.TableComponentTests" name="Table_HeaderItemOnClick_AscendingClass_RendersCorrectly" />
    </UnitTest>
    <UnitTest name="Carlton.Base.Components.Test.TablePaginationRowComponentTests.TablePaginationRow_RowsPerPageOptsParam_RendersCorrectly" storage="c:\users\nicho\source\repos\nickgalazzo\carlton.base\src\tests\carlton.base.components.test\bin\debug\net7.0\carlton.base.components.test.dll" id="55fb0a26-9c99-4be0-982c-ede52667b895">
      <Execution id="b30a8fea-9d43-4115-bb8b-e728ae45a5d1" />
      <TestMethod codeBase="C:\Users\nicho\source\repos\NickGalazzo\Carlton.Base\src\Tests\Carlton.Base.Components.Test\bin\Debug\net7.0\Carlton.Base.Components.Test.dll" adapterTypeName="executor://xunit/VsTestRunner2/netcoreapp" className="Carlton.Base.Components.Test.TablePaginationRowComponentTests" name="TablePaginationRow_RowsPerPageOptsParam_RendersCorrectly" />
    </UnitTest>
    <UnitTest name="Carlton.Base.Components.Test.BaseNotificationComponentTests.BaseNotification_TitleParam_RendersCorrectly(expectedTitle: &quot;Notification Title Test 1&quot;)" storage="c:\users\nicho\source\repos\nickgalazzo\carlton.base\src\tests\carlton.base.components.test\bin\debug\net7.0\carlton.base.components.test.dll" id="1aba4601-c380-c5da-070d-9d8a2cb4ed6d">
      <Execution id="4e3d6bbd-8280-4706-9523-029b99ccf3c2" />
      <TestMethod codeBase="C:\Users\nicho\source\repos\NickGalazzo\Carlton.Base\src\Tests\Carlton.Base.Components.Test\bin\Debug\net7.0\Carlton.Base.Components.Test.dll" adapterTypeName="executor://xunit/VsTestRunner2/netcoreapp" className="Carlton.Base.Components.Test.BaseNotificationComponentTests" name="BaseNotification_TitleParam_RendersCorrectly" />
    </UnitTest>
    <UnitTest name="Carlton.Base.Components.Test.TableComponentTests.Table_ItemsChangedCallback_FiresEvent(currentPage: 3, optIndex: 0, expectedSkip: 10, expectedTake: 5)" storage="c:\users\nicho\source\repos\nickgalazzo\carlton.base\src\tests\carlton.base.components.test\bin\debug\net7.0\carlton.base.components.test.dll" id="a090a5e2-b798-b442-05e1-15c76df7de32">
      <Execution id="fa5a8dbe-5a2d-43b1-b2e7-c4fbdec46848" />
      <TestMethod codeBase="C:\Users\nicho\source\repos\NickGalazzo\Carlton.Base\src\Tests\Carlton.Base.Components.Test\bin\Debug\net7.0\Carlton.Base.Components.Test.dll" adapterTypeName="executor://xunit/VsTestRunner2/netcoreapp" className="Carlton.Base.Components.Test.TableComponentTests" name="Table_ItemsChangedCallback_FiresEvent" />
    </UnitTest>
    <UnitTest name="Carlton.Base.Components.Test.TablePaginationRowComponentTests.TablePaginationRow_OnPaginationChangedCallback_FiresEvent(selectedPage: 1, selectedRowsPerPage: 10, expectedPage: 1)" storage="c:\users\nicho\source\repos\nickgalazzo\carlton.base\src\tests\carlton.base.components.test\bin\debug\net7.0\carlton.base.components.test.dll" id="2eb286f0-704e-1041-cbe7-249a3f01188e">
      <Execution id="7827fe84-b47e-4746-8808-20979aa2116f" />
      <TestMethod codeBase="C:\Users\nicho\source\repos\NickGalazzo\Carlton.Base\src\Tests\Carlton.Base.Components.Test\bin\Debug\net7.0\Carlton.Base.Components.Test.dll" adapterTypeName="executor://xunit/VsTestRunner2/netcoreapp" className="Carlton.Base.Components.Test.TablePaginationRowComponentTests" name="TablePaginationRow_OnPaginationChangedCallback_FiresEvent" />
    </UnitTest>
    <UnitTest name="Carlton.Base.Components.Test.TableHeaderComponentTests.TableHeader_OnClick_SelectedClass_RendersCorrectly(selectedIndex: 0)" storage="c:\users\nicho\source\repos\nickgalazzo\carlton.base\src\tests\carlton.base.components.test\bin\debug\net7.0\carlton.base.components.test.dll" id="470612f3-9e40-7de7-9e4d-fde6f04f5483">
      <Execution id="73a86595-93f0-4fef-91c8-07275582f446" />
      <TestMethod codeBase="C:\Users\nicho\source\repos\NickGalazzo\Carlton.Base\src\Tests\Carlton.Base.Components.Test\bin\Debug\net7.0\Carlton.Base.Components.Test.dll" adapterTypeName="executor://xunit/VsTestRunner2/netcoreapp" className="Carlton.Base.Components.Test.TableHeaderComponentTests" name="TableHeader_OnClick_SelectedClass_RendersCorrectly" />
    </UnitTest>
    <UnitTest name="Carlton.Base.Components.Test.SelectComponentTests.Select_SelectedValueParam_RendersCorrectly(selectedValue: 1, expectedLabel: &quot;Option 1&quot;)" storage="c:\users\nicho\source\repos\nickgalazzo\carlton.base\src\tests\carlton.base.components.test\bin\debug\net7.0\carlton.base.components.test.dll" id="eb2000eb-be48-b645-012d-23b04fb855fa">
      <Execution id="77e54f3e-510a-4d5e-8887-0392f80da382" />
      <TestMethod codeBase="C:\Users\nicho\source\repos\NickGalazzo\Carlton.Base\src\Tests\Carlton.Base.Components.Test\bin\Debug\net7.0\Carlton.Base.Components.Test.dll" adapterTypeName="executor://xunit/VsTestRunner2/netcoreapp" className="Carlton.Base.Components.Test.SelectComponentTests" name="Select_SelectedValueParam_RendersCorrectly" />
    </UnitTest>
    <UnitTest name="Carlton.Base.Components.Test.TablePaginationRowComponentTests.TablePaginationRow_PaginationLabel_RendersCorrectly(currentPage: 3, currentRowsPerPage: 5, expectedText: &quot;11-15 of 15&quot;)" storage="c:\users\nicho\source\repos\nickgalazzo\carlton.base\src\tests\carlton.base.components.test\bin\debug\net7.0\carlton.base.components.test.dll" id="10597dda-a407-f9c8-7523-ceedcc006f63">
      <Execution id="721e2d48-09bb-414e-af90-72bddbc99deb" />
      <TestMethod codeBase="C:\Users\nicho\source\repos\NickGalazzo\Carlton.Base\src\Tests\Carlton.Base.Components.Test\bin\Debug\net7.0\Carlton.Base.Components.Test.dll" adapterTypeName="executor://xunit/VsTestRunner2/netcoreapp" className="Carlton.Base.Components.Test.TablePaginationRowComponentTests" name="TablePaginationRow_PaginationLabel_RendersCorrectly" />
    </UnitTest>
    <UnitTest name="Carlton.Base.Components.Test.DropDownMenuElementComponentTests.DropDownMenuElement_OnMenuItemSelectedParam_RendersCorrectly(value: 8)" storage="c:\users\nicho\source\repos\nickgalazzo\carlton.base\src\tests\carlton.base.components.test\bin\debug\net7.0\carlton.base.components.test.dll" id="7f0cfee7-83d2-7302-01d8-22231e7281e5">
      <Execution id="5e2eca28-ec0a-4a3e-b216-a7773329a1b2" />
      <TestMethod codeBase="C:\Users\nicho\source\repos\NickGalazzo\Carlton.Base\src\Tests\Carlton.Base.Components.Test\bin\Debug\net7.0\Carlton.Base.Components.Test.dll" adapterTypeName="executor://xunit/VsTestRunner2/netcoreapp" className="Carlton.Base.Components.Test.DropDownMenuElementComponentTests" name="DropDownMenuElement_OnMenuItemSelectedParam_RendersCorrectly" />
    </UnitTest>
    <UnitTest name="Carlton.Base.Components.Test.ConsoleComponentTests.Console_TextParam_RendersCorrectly(expectedText: &quot;here is event more super special test text&quot;)" storage="c:\users\nicho\source\repos\nickgalazzo\carlton.base\src\tests\carlton.base.components.test\bin\debug\net7.0\carlton.base.components.test.dll" id="a2fb627a-8896-3ed7-7259-cdb7853adfe6">
      <Execution id="6bfcea0b-b37e-4ada-8d04-b997046d3fac" />
      <TestMethod codeBase="C:\Users\nicho\source\repos\NickGalazzo\Carlton.Base\src\Tests\Carlton.Base.Components.Test\bin\Debug\net7.0\Carlton.Base.Components.Test.dll" adapterTypeName="executor://xunit/VsTestRunner2/netcoreapp" className="Carlton.Base.Components.Test.ConsoleComponentTests" name="Console_TextParam_RendersCorrectly" />
    </UnitTest>
    <UnitTest name="Carlton.Base.Components.Test.SlideTabComponentTests.SlideTab_IsExpandedParam_RendersCorrectly(expectedIsExpanded: False)" storage="c:\users\nicho\source\repos\nickgalazzo\carlton.base\src\tests\carlton.base.components.test\bin\debug\net7.0\carlton.base.components.test.dll" id="012e8c6f-7d14-d9e7-6248-1a51abfc0934">
      <Execution id="3fe428ec-63a0-4927-8d6b-c5a745179b28" />
      <TestMethod codeBase="C:\Users\nicho\source\repos\NickGalazzo\Carlton.Base\src\Tests\Carlton.Base.Components.Test\bin\Debug\net7.0\Carlton.Base.Components.Test.dll" adapterTypeName="executor://xunit/VsTestRunner2/netcoreapp" className="Carlton.Base.Components.Test.SlideTabComponentTests" name="SlideTab_IsExpandedParam_RendersCorrectly" />
    </UnitTest>
    <UnitTest name="Carlton.Base.Components.Test.DesktopTabBarComponentTests.DesktopTabBar_ActiveTabClass_RendersCorrectly(activeTabIndex: 0)" storage="c:\users\nicho\source\repos\nickgalazzo\carlton.base\src\tests\carlton.base.components.test\bin\debug\net7.0\carlton.base.components.test.dll" id="4fc3bf72-5878-f9f1-8f88-5cc276408beb">
      <Execution id="4540fe50-db6f-48b6-a090-1223705d97b4" />
      <TestMethod codeBase="C:\Users\nicho\source\repos\NickGalazzo\Carlton.Base\src\Tests\Carlton.Base.Components.Test\bin\Debug\net7.0\Carlton.Base.Components.Test.dll" adapterTypeName="executor://xunit/VsTestRunner2/netcoreapp" className="Carlton.Base.Components.Test.DesktopTabBarComponentTests" name="DesktopTabBar_ActiveTabClass_RendersCorrectly" />
    </UnitTest>
    <UnitTest name="Carlton.Base.Components.Test.CardComponentTests.Card_PrimaryContentChildParam_RendersCorrectly(expectedPrimaryCardContent: &quot;&lt;span&gt;Primary Testing Content 3&lt;/span&gt;&quot;)" storage="c:\users\nicho\source\repos\nickgalazzo\carlton.base\src\tests\carlton.base.components.test\bin\debug\net7.0\carlton.base.components.test.dll" id="a0d5f268-093a-ce20-e2cc-9639f69015bc">
      <Execution id="8417096b-1517-4705-bcb5-6a019d421b8b" />
      <TestMethod codeBase="C:\Users\nicho\source\repos\NickGalazzo\Carlton.Base\src\Tests\Carlton.Base.Components.Test\bin\Debug\net7.0\Carlton.Base.Components.Test.dll" adapterTypeName="executor://xunit/VsTestRunner2/netcoreapp" className="Carlton.Base.Components.Test.CardComponentTests" name="Card_PrimaryContentChildParam_RendersCorrectly" />
    </UnitTest>
    <UnitTest name="Carlton.Base.Components.Test.SelectComponentTests.Select_Markup_RendersCorrectly" storage="c:\users\nicho\source\repos\nickgalazzo\carlton.base\src\tests\carlton.base.components.test\bin\debug\net7.0\carlton.base.components.test.dll" id="e7a23f8f-f15f-1845-f70b-de2f133d8416">
      <Execution id="adec6bc3-943a-4728-8d63-00f47963627c" />
      <TestMethod codeBase="C:\Users\nicho\source\repos\NickGalazzo\Carlton.Base\src\Tests\Carlton.Base.Components.Test\bin\Debug\net7.0\Carlton.Base.Components.Test.dll" adapterTypeName="executor://xunit/VsTestRunner2/netcoreapp" className="Carlton.Base.Components.Test.SelectComponentTests" name="Select_Markup_RendersCorrectly" />
    </UnitTest>
    <UnitTest name="Carlton.Base.Components.Test.TablePaginationRowComponentTests.TablePaginationRow_ItemCountGreaterThanItemsPerPage_RightChevronsEnabled_RendersCorrectly(itemCount: 100)" storage="c:\users\nicho\source\repos\nickgalazzo\carlton.base\src\tests\carlton.base.components.test\bin\debug\net7.0\carlton.base.components.test.dll" id="4292ddf4-274b-19b7-255b-545fc6e6acb2">
      <Execution id="e904800c-254c-4f3d-a51e-41200aef30bb" />
      <TestMethod codeBase="C:\Users\nicho\source\repos\NickGalazzo\Carlton.Base\src\Tests\Carlton.Base.Components.Test\bin\Debug\net7.0\Carlton.Base.Components.Test.dll" adapterTypeName="executor://xunit/VsTestRunner2/netcoreapp" className="Carlton.Base.Components.Test.TablePaginationRowComponentTests" name="TablePaginationRow_ItemCountGreaterThanItemsPerPage_RightChevronsEnabled_RendersCorrectly" />
    </UnitTest>
    <UnitTest name="Carlton.Base.Components.Test.TablePaginationRowComponentTests.TablePaginationRow_Markup_RendersCorrectly" storage="c:\users\nicho\source\repos\nickgalazzo\carlton.base\src\tests\carlton.base.components.test\bin\debug\net7.0\carlton.base.components.test.dll" id="65837e06-a6c7-53d1-fc95-f36b7233b4f8">
      <Execution id="5bb2990e-dba9-45fb-a2f6-f4e90fac1325" />
      <TestMethod codeBase="C:\Users\nicho\source\repos\NickGalazzo\Carlton.Base\src\Tests\Carlton.Base.Components.Test\bin\Debug\net7.0\Carlton.Base.Components.Test.dll" adapterTypeName="executor://xunit/VsTestRunner2/netcoreapp" className="Carlton.Base.Components.Test.TablePaginationRowComponentTests" name="TablePaginationRow_Markup_RendersCorrectly" />
    </UnitTest>
    <UnitTest name="Carlton.Base.Components.Test.AccordionSelectComponentTests.AccordionSelect_SelectedItemChangedParam_FiresCallback(itemIndex: 1, expectedValue: 2)" storage="c:\users\nicho\source\repos\nickgalazzo\carlton.base\src\tests\carlton.base.components.test\bin\debug\net7.0\carlton.base.components.test.dll" id="1ff3aeae-7a63-fbe9-58e8-019dae187cfb">
      <Execution id="3ac99ad3-549f-4f2c-90cc-60b8611861de" />
      <TestMethod codeBase="C:\Users\nicho\source\repos\NickGalazzo\Carlton.Base\src\Tests\Carlton.Base.Components.Test\bin\Debug\net7.0\Carlton.Base.Components.Test.dll" adapterTypeName="executor://xunit/VsTestRunner2/netcoreapp" className="Carlton.Base.Components.Test.AccordionSelectComponentTests" name="AccordionSelect_SelectedItemChangedParam_FiresCallback" />
    </UnitTest>
    <UnitTest name="Carlton.Base.Components.Test.AccordionSelectGroupComponentTests.AccordionSelectGroup_GroupsParam_RendersCorrectly" storage="c:\users\nicho\source\repos\nickgalazzo\carlton.base\src\tests\carlton.base.components.test\bin\debug\net7.0\carlton.base.components.test.dll" id="4c624072-3469-3d06-1b6a-9cf723873fdb">
      <Execution id="c5f7fa0c-7409-4f21-b965-55b230031fe1" />
      <TestMethod codeBase="C:\Users\nicho\source\repos\NickGalazzo\Carlton.Base\src\Tests\Carlton.Base.Components.Test\bin\Debug\net7.0\Carlton.Base.Components.Test.dll" adapterTypeName="executor://xunit/VsTestRunner2/netcoreapp" className="Carlton.Base.Components.Test.AccordionSelectGroupComponentTests" name="AccordionSelectGroup_GroupsParam_RendersCorrectly" />
    </UnitTest>
    <UnitTest name="Carlton.Base.Components.Test.DropDownMenuElementComponentTests.DropDownMenuElement_MenuItemNameParam_RendersCorrectly(menuItemName: &quot;Test Menu Items Yet Another Time&quot;)" storage="c:\users\nicho\source\repos\nickgalazzo\carlton.base\src\tests\carlton.base.components.test\bin\debug\net7.0\carlton.base.components.test.dll" id="b2c7375c-ef0b-de75-a0bd-b6e7dea52a65">
      <Execution id="9aafad58-a6a3-4bb0-876a-b0e82c1d0159" />
      <TestMethod codeBase="C:\Users\nicho\source\repos\NickGalazzo\Carlton.Base\src\Tests\Carlton.Base.Components.Test\bin\Debug\net7.0\Carlton.Base.Components.Test.dll" adapterTypeName="executor://xunit/VsTestRunner2/netcoreapp" className="Carlton.Base.Components.Test.DropDownMenuElementComponentTests" name="DropDownMenuElement_MenuItemNameParam_RendersCorrectly" />
    </UnitTest>
    <UnitTest name="Carlton.Base.Components.Test.SelectComponentTests.Select_SelectedValueParam_RendersCorrectly(selectedValue: 3, expectedLabel: &quot;Option 3&quot;)" storage="c:\users\nicho\source\repos\nickgalazzo\carlton.base\src\tests\carlton.base.components.test\bin\debug\net7.0\carlton.base.components.test.dll" id="5c0ec28d-c5d9-3f0b-b666-ef73fc816bf9">
      <Execution id="ca64a840-47be-4b36-84d8-de27acf3519c" />
      <TestMethod codeBase="C:\Users\nicho\source\repos\NickGalazzo\Carlton.Base\src\Tests\Carlton.Base.Components.Test\bin\Debug\net7.0\Carlton.Base.Components.Test.dll" adapterTypeName="executor://xunit/VsTestRunner2/netcoreapp" className="Carlton.Base.Components.Test.SelectComponentTests" name="Select_SelectedValueParam_RendersCorrectly" />
    </UnitTest>
    <UnitTest name="Carlton.Base.Components.Test.TableComponentTests.Table_HeaderItemOnClick_DescendingClass_RendersCorrectly(selectedIndex: 2)" storage="c:\users\nicho\source\repos\nickgalazzo\carlton.base\src\tests\carlton.base.components.test\bin\debug\net7.0\carlton.base.components.test.dll" id="8164a338-b915-cb83-85f2-4104847fbb1a">
      <Execution id="bec9bd84-9825-4d9a-9ab5-511d2781d381" />
      <TestMethod codeBase="C:\Users\nicho\source\repos\NickGalazzo\Carlton.Base\src\Tests\Carlton.Base.Components.Test\bin\Debug\net7.0\Carlton.Base.Components.Test.dll" adapterTypeName="executor://xunit/VsTestRunner2/netcoreapp" className="Carlton.Base.Components.Test.TableComponentTests" name="Table_HeaderItemOnClick_DescendingClass_RendersCorrectly" />
    </UnitTest>
    <UnitTest name="Carlton.Base.Components.Test.BreadCrumbsComponentTests.BreadCrumbs_TitleParam_RendersCorrectly(expectedTitle: &quot;Another Test Title&quot;)" storage="c:\users\nicho\source\repos\nickgalazzo\carlton.base\src\tests\carlton.base.components.test\bin\debug\net7.0\carlton.base.components.test.dll" id="9e8ae696-cd2e-28f9-ecb6-2f243725f7fb">
      <Execution id="3a7490df-89d9-4358-8690-4ccd0d23ab40" />
      <TestMethod codeBase="C:\Users\nicho\source\repos\NickGalazzo\Carlton.Base\src\Tests\Carlton.Base.Components.Test\bin\Debug\net7.0\Carlton.Base.Components.Test.dll" adapterTypeName="executor://xunit/VsTestRunner2/netcoreapp" className="Carlton.Base.Components.Test.BreadCrumbsComponentTests" name="BreadCrumbs_TitleParam_RendersCorrectly" />
    </UnitTest>
    <UnitTest name="Carlton.Base.Components.Test.MobileTabBarComponentTests.MobileTabBar_WithOneTab_RendersCorrectly" storage="c:\users\nicho\source\repos\nickgalazzo\carlton.base\src\tests\carlton.base.components.test\bin\debug\net7.0\carlton.base.components.test.dll" id="8b53c199-c168-bbf7-eda1-d20e6041e2a6">
      <Execution id="1bed0c8e-9526-4200-894b-c2f829702cee" />
      <TestMethod codeBase="C:\Users\nicho\source\repos\NickGalazzo\Carlton.Base\src\Tests\Carlton.Base.Components.Test\bin\Debug\net7.0\Carlton.Base.Components.Test.dll" adapterTypeName="executor://xunit/VsTestRunner2/netcoreapp" className="Carlton.Base.Components.Test.MobileTabBarComponentTests" name="MobileTabBar_WithOneTab_RendersCorrectly" />
    </UnitTest>
    <UnitTest name="Carlton.Base.Components.Test.SlideTabComponentTests.SlideTab_TitleParam_RendersCorrectly(expectedTitle: &quot;One Final Test Title&quot;)" storage="c:\users\nicho\source\repos\nickgalazzo\carlton.base\src\tests\carlton.base.components.test\bin\debug\net7.0\carlton.base.components.test.dll" id="e0fdcb3f-6425-8c09-96d8-e66744e0ac09">
      <Execution id="6618496b-1898-4431-8757-0f5648fd5527" />
      <TestMethod codeBase="C:\Users\nicho\source\repos\NickGalazzo\Carlton.Base\src\Tests\Carlton.Base.Components.Test\bin\Debug\net7.0\Carlton.Base.Components.Test.dll" adapterTypeName="executor://xunit/VsTestRunner2/netcoreapp" className="Carlton.Base.Components.Test.SlideTabComponentTests" name="SlideTab_TitleParam_RendersCorrectly" />
    </UnitTest>
    <UnitTest name="Carlton.Base.Components.Test.SlideTabComponentTests.SlideTab_Markup_RendersCorrectly" storage="c:\users\nicho\source\repos\nickgalazzo\carlton.base\src\tests\carlton.base.components.test\bin\debug\net7.0\carlton.base.components.test.dll" id="faf6ac33-173a-dc80-7734-8174ff344fb3">
      <Execution id="4acd10f8-4518-429f-a046-1dc821b4384b" />
      <TestMethod codeBase="C:\Users\nicho\source\repos\NickGalazzo\Carlton.Base\src\Tests\Carlton.Base.Components.Test\bin\Debug\net7.0\Carlton.Base.Components.Test.dll" adapterTypeName="executor://xunit/VsTestRunner2/netcoreapp" className="Carlton.Base.Components.Test.SlideTabComponentTests" name="SlideTab_Markup_RendersCorrectly" />
    </UnitTest>
    <UnitTest name="Carlton.Base.Components.Test.ConsoleComponentTests.Console_TextParam_RendersCorrectly(expectedText: &quot;here is some super special test text&quot;)" storage="c:\users\nicho\source\repos\nickgalazzo\carlton.base\src\tests\carlton.base.components.test\bin\debug\net7.0\carlton.base.components.test.dll" id="b46ed5e3-62a7-5d16-9331-11b730151130">
      <Execution id="de91ae2b-ddaa-4d84-adba-e9dfb6c1849e" />
      <TestMethod codeBase="C:\Users\nicho\source\repos\NickGalazzo\Carlton.Base\src\Tests\Carlton.Base.Components.Test\bin\Debug\net7.0\Carlton.Base.Components.Test.dll" adapterTypeName="executor://xunit/VsTestRunner2/netcoreapp" className="Carlton.Base.Components.Test.ConsoleComponentTests" name="Console_TextParam_RendersCorrectly" />
    </UnitTest>
    <UnitTest name="Carlton.Base.Components.Test.NotificationBarComponentTests.NotificationBar_TopRightParams_RendersCorrectly(top: 10, right: 5, expectedResult: &quot;top:10px;right:5px;&quot;)" storage="c:\users\nicho\source\repos\nickgalazzo\carlton.base\src\tests\carlton.base.components.test\bin\debug\net7.0\carlton.base.components.test.dll" id="4408a461-87db-3cee-31e3-ef22beacc86a">
      <Execution id="dfdbce81-19aa-4ba7-87e7-7263f6e9bdea" />
      <TestMethod codeBase="C:\Users\nicho\source\repos\NickGalazzo\Carlton.Base\src\Tests\Carlton.Base.Components.Test\bin\Debug\net7.0\Carlton.Base.Components.Test.dll" adapterTypeName="executor://xunit/VsTestRunner2/netcoreapp" className="Carlton.Base.Components.Test.NotificationBarComponentTests" name="NotificationBar_TopRightParams_RendersCorrectly" />
    </UnitTest>
    <UnitTest name="Carlton.Base.Components.Test.AccordionSelectComponentTests.AccordionSelect_SelectedValueParam_RendersCorrectly(selectedIndex: 0, selectedValue: 1)" storage="c:\users\nicho\source\repos\nickgalazzo\carlton.base\src\tests\carlton.base.components.test\bin\debug\net7.0\carlton.base.components.test.dll" id="27c9336c-a4d2-4e4d-c59e-e21a07c10051">
      <Execution id="da1521ed-7c9e-4ee0-be0e-1d75ac393e25" />
      <TestMethod codeBase="C:\Users\nicho\source\repos\NickGalazzo\Carlton.Base\src\Tests\Carlton.Base.Components.Test\bin\Debug\net7.0\Carlton.Base.Components.Test.dll" adapterTypeName="executor://xunit/VsTestRunner2/netcoreapp" className="Carlton.Base.Components.Test.AccordionSelectComponentTests" name="AccordionSelect_SelectedValueParam_RendersCorrectly" />
    </UnitTest>
    <UnitTest name="Carlton.Base.Components.Test.HamburgerCollapserComponentTests.HamburgerCollapser_ClickEvent_ShouldRenderCorrectly(isCollapsed: True)" storage="c:\users\nicho\source\repos\nickgalazzo\carlton.base\src\tests\carlton.base.components.test\bin\debug\net7.0\carlton.base.components.test.dll" id="dd6cf3e8-1aaf-8f04-58a5-b14cae718ff7">
      <Execution id="543beab8-0238-4977-bafd-c636c7fd9b9e" />
      <TestMethod codeBase="C:\Users\nicho\source\repos\NickGalazzo\Carlton.Base\src\Tests\Carlton.Base.Components.Test\bin\Debug\net7.0\Carlton.Base.Components.Test.dll" adapterTypeName="executor://xunit/VsTestRunner2/netcoreapp" className="Carlton.Base.Components.Test.HamburgerCollapserComponentTests" name="HamburgerCollapser_ClickEvent_ShouldRenderCorrectly" />
    </UnitTest>
    <UnitTest name="Carlton.Base.Components.Test.TableComponentTests.Table_Markup_RendersCorrectly" storage="c:\users\nicho\source\repos\nickgalazzo\carlton.base\src\tests\carlton.base.components.test\bin\debug\net7.0\carlton.base.components.test.dll" id="65cbf13a-03de-c808-9ecc-3063a87651fa">
      <Execution id="d9d71d10-0a7a-4954-b7a0-2c2636f63ee0" />
      <TestMethod codeBase="C:\Users\nicho\source\repos\NickGalazzo\Carlton.Base\src\Tests\Carlton.Base.Components.Test\bin\Debug\net7.0\Carlton.Base.Components.Test.dll" adapterTypeName="executor://xunit/VsTestRunner2/netcoreapp" className="Carlton.Base.Components.Test.TableComponentTests" name="Table_Markup_RendersCorrectly" />
    </UnitTest>
    <UnitTest name="Carlton.Base.Components.Test.TableComponentTests.Table_RowsPerPageOptsParam_RendersCorrectly" storage="c:\users\nicho\source\repos\nickgalazzo\carlton.base\src\tests\carlton.base.components.test\bin\debug\net7.0\carlton.base.components.test.dll" id="2ede1c93-1a23-c618-a45a-75a973ec060c">
      <Execution id="341bbacf-7420-4bdf-8a59-b6f7b194551a" />
      <TestMethod codeBase="C:\Users\nicho\source\repos\NickGalazzo\Carlton.Base\src\Tests\Carlton.Base.Components.Test\bin\Debug\net7.0\Carlton.Base.Components.Test.dll" adapterTypeName="executor://xunit/VsTestRunner2/netcoreapp" className="Carlton.Base.Components.Test.TableComponentTests" name="Table_RowsPerPageOptsParam_RendersCorrectly" />
    </UnitTest>
    <UnitTest name="Carlton.Base.Components.Test.NotificationBarComponentTests.NotificationBar_ClickEvent_RendersCorrectly(btnClass: &quot;success-btn&quot;, expectedType: typeof(Carlton.Base.Components.SuccessNotification))" storage="c:\users\nicho\source\repos\nickgalazzo\carlton.base\src\tests\carlton.base.components.test\bin\debug\net7.0\carlton.base.components.test.dll" id="91cab3e6-f6e6-ffd2-a883-2556c43bc8c0">
      <Execution id="4d1d2184-f8ac-42ea-8bc9-bb5abbb117b9" />
      <TestMethod codeBase="C:\Users\nicho\source\repos\NickGalazzo\Carlton.Base\src\Tests\Carlton.Base.Components.Test\bin\Debug\net7.0\Carlton.Base.Components.Test.dll" adapterTypeName="executor://xunit/VsTestRunner2/netcoreapp" className="Carlton.Base.Components.Test.NotificationBarComponentTests" name="NotificationBar_ClickEvent_RendersCorrectly" />
    </UnitTest>
    <UnitTest name="Carlton.Base.Components.Test.AccordionSelectComponentTests.AccordionSelect_IsExpandedParam_RendersCorrectly(isExpanded: True, expectedClass: &quot;mdi-minus-box-outline&quot;)" storage="c:\users\nicho\source\repos\nickgalazzo\carlton.base\src\tests\carlton.base.components.test\bin\debug\net7.0\carlton.base.components.test.dll" id="067218af-67a2-68da-98aa-e9243dbda169">
      <Execution id="bf127f7a-b7e9-4e92-b366-37e8505b67d8" />
      <TestMethod codeBase="C:\Users\nicho\source\repos\NickGalazzo\Carlton.Base\src\Tests\Carlton.Base.Components.Test\bin\Debug\net7.0\Carlton.Base.Components.Test.dll" adapterTypeName="executor://xunit/VsTestRunner2/netcoreapp" className="Carlton.Base.Components.Test.AccordionSelectComponentTests" name="AccordionSelect_IsExpandedParam_RendersCorrectly" />
    </UnitTest>
    <UnitTest name="Carlton.Base.Components.Test.FloatingActionButtonComponentTests.FloatingActionButton_OnClick_RendersCorrectly" storage="c:\users\nicho\source\repos\nickgalazzo\carlton.base\src\tests\carlton.base.components.test\bin\debug\net7.0\carlton.base.components.test.dll" id="f89f4f57-eb97-de03-3e41-e90be449e3d8">
      <Execution id="e81839d8-0e6f-46a6-b6b3-475e5ef8eb40" />
      <TestMethod codeBase="C:\Users\nicho\source\repos\NickGalazzo\Carlton.Base\src\Tests\Carlton.Base.Components.Test\bin\Debug\net7.0\Carlton.Base.Components.Test.dll" adapterTypeName="executor://xunit/VsTestRunner2/netcoreapp" className="Carlton.Base.Components.Test.FloatingActionButtonComponentTests" name="FloatingActionButton_OnClick_RendersCorrectly" />
    </UnitTest>
    <UnitTest name="Carlton.Base.Components.Test.DropDownMenuElementComponentTests.DropDownMenuElement_OnMenuItemSelectedParam_RendersCorrectly(value: 7)" storage="c:\users\nicho\source\repos\nickgalazzo\carlton.base\src\tests\carlton.base.components.test\bin\debug\net7.0\carlton.base.components.test.dll" id="2f1882f1-d6f3-7332-d3a2-9e3758b94b59">
      <Execution id="4819e58d-d2c3-493a-b797-1fec67e44959" />
      <TestMethod codeBase="C:\Users\nicho\source\repos\NickGalazzo\Carlton.Base\src\Tests\Carlton.Base.Components.Test\bin\Debug\net7.0\Carlton.Base.Components.Test.dll" adapterTypeName="executor://xunit/VsTestRunner2/netcoreapp" className="Carlton.Base.Components.Test.DropDownMenuElementComponentTests" name="DropDownMenuElement_OnMenuItemSelectedParam_RendersCorrectly" />
    </UnitTest>
    <UnitTest name="Carlton.Base.Components.Test.BaseNotificationComponentTests.BaseNotification_IconClassParameter_RendersCorrectly(expectedIconClass: &quot;icon-class-test-3&quot;)" storage="c:\users\nicho\source\repos\nickgalazzo\carlton.base\src\tests\carlton.base.components.test\bin\debug\net7.0\carlton.base.components.test.dll" id="0fb68c2a-bd7a-d55c-90e4-2e456030a380">
      <Execution id="9e342871-201c-4e58-b57b-ae2bfab2eabf" />
      <TestMethod codeBase="C:\Users\nicho\source\repos\NickGalazzo\Carlton.Base\src\Tests\Carlton.Base.Components.Test\bin\Debug\net7.0\Carlton.Base.Components.Test.dll" adapterTypeName="executor://xunit/VsTestRunner2/netcoreapp" className="Carlton.Base.Components.Test.BaseNotificationComponentTests" name="BaseNotification_IconClassParameter_RendersCorrectly" />
    </UnitTest>
    <UnitTest name="Carlton.Base.Components.Test.TableComponentTests.Table_ItemsChangedCallback_FiresEvent(currentPage: 3, optIndex: 1, expectedSkip: 10, expectedTake: 5)" storage="c:\users\nicho\source\repos\nickgalazzo\carlton.base\src\tests\carlton.base.components.test\bin\debug\net7.0\carlton.base.components.test.dll" id="7017f552-29c1-e84c-7d16-ba9bc8601904">
      <Execution id="2f4c8d80-8e17-4335-94b8-2c92f18bcef9" />
      <TestMethod codeBase="C:\Users\nicho\source\repos\NickGalazzo\Carlton.Base\src\Tests\Carlton.Base.Components.Test\bin\Debug\net7.0\Carlton.Base.Components.Test.dll" adapterTypeName="executor://xunit/VsTestRunner2/netcoreapp" className="Carlton.Base.Components.Test.TableComponentTests" name="Table_ItemsChangedCallback_FiresEvent" />
    </UnitTest>
    <UnitTest name="Carlton.Base.Components.Test.LogoComponentTests.Logo_IsCollapsedParam_ShouldBeExpanded(isCollapsed: True)" storage="c:\users\nicho\source\repos\nickgalazzo\carlton.base\src\tests\carlton.base.components.test\bin\debug\net7.0\carlton.base.components.test.dll" id="d18b6434-c864-afc2-ce16-b7274bf9826f">
      <Execution id="d9b1484a-5169-4435-8542-7dba1c9eeb1a" />
      <TestMethod codeBase="C:\Users\nicho\source\repos\NickGalazzo\Carlton.Base\src\Tests\Carlton.Base.Components.Test\bin\Debug\net7.0\Carlton.Base.Components.Test.dll" adapterTypeName="executor://xunit/VsTestRunner2/netcoreapp" className="Carlton.Base.Components.Test.LogoComponentTests" name="Logo_IsCollapsedParam_ShouldBeExpanded" />
    </UnitTest>
    <UnitTest name="Carlton.Base.Components.Test.CountCardComponentTests.CountCard_ThemeParam_RendersCorrectly(theme: Purple)" storage="c:\users\nicho\source\repos\nickgalazzo\carlton.base\src\tests\carlton.base.components.test\bin\debug\net7.0\carlton.base.components.test.dll" id="1e71a163-7cc6-73ff-f5a1-2c06a14b2998">
      <Execution id="325cee8d-6807-4612-8694-51f4acbb3a26" />
      <TestMethod codeBase="C:\Users\nicho\source\repos\NickGalazzo\Carlton.Base\src\Tests\Carlton.Base.Components.Test\bin\Debug\net7.0\Carlton.Base.Components.Test.dll" adapterTypeName="executor://xunit/VsTestRunner2/netcoreapp" className="Carlton.Base.Components.Test.CountCardComponentTests" name="CountCard_ThemeParam_RendersCorrectly" />
    </UnitTest>
    <UnitTest name="Carlton.Base.Components.Test.SelectComponentTests.Select_SelectedValueParam_InvalidDefaultValue_RendersCorrectly" storage="c:\users\nicho\source\repos\nickgalazzo\carlton.base\src\tests\carlton.base.components.test\bin\debug\net7.0\carlton.base.components.test.dll" id="f1a2ceb7-0522-0474-b149-8b5203dd2635">
      <Execution id="4d469ac0-da4d-4fd3-895f-ace0163b5ed2" />
      <TestMethod codeBase="C:\Users\nicho\source\repos\NickGalazzo\Carlton.Base\src\Tests\Carlton.Base.Components.Test\bin\Debug\net7.0\Carlton.Base.Components.Test.dll" adapterTypeName="executor://xunit/VsTestRunner2/netcoreapp" className="Carlton.Base.Components.Test.SelectComponentTests" name="Select_SelectedValueParam_InvalidDefaultValue_RendersCorrectly" />
    </UnitTest>
    <UnitTest name="Carlton.Base.Components.Test.TableHeaderComponentTests.TableHeader_OnClick_AscendingClass_RendersCorrectly(selectedIndex: 1)" storage="c:\users\nicho\source\repos\nickgalazzo\carlton.base\src\tests\carlton.base.components.test\bin\debug\net7.0\carlton.base.components.test.dll" id="00925146-e6ae-6796-a2a6-310a670c5040">
      <Execution id="7429ad0a-3d66-4901-b341-82244c1f2e60" />
      <TestMethod codeBase="C:\Users\nicho\source\repos\NickGalazzo\Carlton.Base\src\Tests\Carlton.Base.Components.Test\bin\Debug\net7.0\Carlton.Base.Components.Test.dll" adapterTypeName="executor://xunit/VsTestRunner2/netcoreapp" className="Carlton.Base.Components.Test.TableHeaderComponentTests" name="TableHeader_OnClick_AscendingClass_RendersCorrectly" />
    </UnitTest>
    <UnitTest name="Carlton.Base.Components.Test.CountCardComponentTests.CountCard_MessageTemplateParam_RendersCorrectly(messageTemplate: &quot;Items Tracked by this component&quot;)" storage="c:\users\nicho\source\repos\nickgalazzo\carlton.base\src\tests\carlton.base.components.test\bin\debug\net7.0\carlton.base.components.test.dll" id="efd330db-dae5-4a51-bc85-a809a15f1466">
      <Execution id="025231dd-2add-439a-b1ea-9f36e57912ee" />
      <TestMethod codeBase="C:\Users\nicho\source\repos\NickGalazzo\Carlton.Base\src\Tests\Carlton.Base.Components.Test\bin\Debug\net7.0\Carlton.Base.Components.Test.dll" adapterTypeName="executor://xunit/VsTestRunner2/netcoreapp" className="Carlton.Base.Components.Test.CountCardComponentTests" name="CountCard_MessageTemplateParam_RendersCorrectly" />
    </UnitTest>
    <UnitTest name="Carlton.Base.Components.Test.SelectComponentTests.Select_LabelParam_RendersCorrectly(labelText: &quot;Test Label&quot;)" storage="c:\users\nicho\source\repos\nickgalazzo\carlton.base\src\tests\carlton.base.components.test\bin\debug\net7.0\carlton.base.components.test.dll" id="298fe03e-249b-b13d-a269-1b389ef1a02e">
      <Execution id="d2232850-e2f3-43b9-8e65-e4ddeb14b7b9" />
      <TestMethod codeBase="C:\Users\nicho\source\repos\NickGalazzo\Carlton.Base\src\Tests\Carlton.Base.Components.Test\bin\Debug\net7.0\Carlton.Base.Components.Test.dll" adapterTypeName="executor://xunit/VsTestRunner2/netcoreapp" className="Carlton.Base.Components.Test.SelectComponentTests" name="Select_LabelParam_RendersCorrectly" />
    </UnitTest>
    <UnitTest name="Carlton.Base.Components.Test.CountCardComponentTests.CountCard_MessageTemplateParam_RendersCorrectly(messageTemplate: &quot;More Items Tracked by this component&quot;)" storage="c:\users\nicho\source\repos\nickgalazzo\carlton.base\src\tests\carlton.base.components.test\bin\debug\net7.0\carlton.base.components.test.dll" id="50c93238-4012-6df7-32db-f969a8a7c6b3">
      <Execution id="cab659b3-7017-4d25-a755-933c7779a900" />
      <TestMethod codeBase="C:\Users\nicho\source\repos\NickGalazzo\Carlton.Base\src\Tests\Carlton.Base.Components.Test\bin\Debug\net7.0\Carlton.Base.Components.Test.dll" adapterTypeName="executor://xunit/VsTestRunner2/netcoreapp" className="Carlton.Base.Components.Test.CountCardComponentTests" name="CountCard_MessageTemplateParam_RendersCorrectly" />
    </UnitTest>
    <UnitTest name="Carlton.Base.Components.Test.NotificationBarComponentTests.NotificationBar_FadeOutEnabledParam_RendersCorrectly(fadeOutEnabled: False, notificationClass: &quot;error-btn&quot;)" storage="c:\users\nicho\source\repos\nickgalazzo\carlton.base\src\tests\carlton.base.components.test\bin\debug\net7.0\carlton.base.components.test.dll" id="74b96a9d-dba2-ac4b-acb6-2e4a1c7bd4a9">
      <Execution id="ec06d113-e6b5-45fb-aad7-7a08db2845f2" />
      <TestMethod codeBase="C:\Users\nicho\source\repos\NickGalazzo\Carlton.Base\src\Tests\Carlton.Base.Components.Test\bin\Debug\net7.0\Carlton.Base.Components.Test.dll" adapterTypeName="executor://xunit/VsTestRunner2/netcoreapp" className="Carlton.Base.Components.Test.NotificationBarComponentTests" name="NotificationBar_FadeOutEnabledParam_RendersCorrectly" />
    </UnitTest>
    <UnitTest name="Carlton.Base.Components.Test.TablePaginationRowComponentTests.TablePaginationRow_OnPaginationChangedCallback_FiresEvent(selectedPage: 3, selectedRowsPerPage: 15, expectedPage: 1)" storage="c:\users\nicho\source\repos\nickgalazzo\carlton.base\src\tests\carlton.base.components.test\bin\debug\net7.0\carlton.base.components.test.dll" id="7878d288-15ad-26de-21f0-8826c4067c26">
      <Execution id="f5a0a7ee-f6b3-4ddc-bca0-80c17d92edd7" />
      <TestMethod codeBase="C:\Users\nicho\source\repos\NickGalazzo\Carlton.Base\src\Tests\Carlton.Base.Components.Test\bin\Debug\net7.0\Carlton.Base.Components.Test.dll" adapterTypeName="executor://xunit/VsTestRunner2/netcoreapp" className="Carlton.Base.Components.Test.TablePaginationRowComponentTests" name="TablePaginationRow_OnPaginationChangedCallback_FiresEvent" />
    </UnitTest>
    <UnitTest name="Carlton.Base.Components.Test.AccordionSelectComponentTests.AccordionSelect_MarkupWithItems_RendersCorrectly" storage="c:\users\nicho\source\repos\nickgalazzo\carlton.base\src\tests\carlton.base.components.test\bin\debug\net7.0\carlton.base.components.test.dll" id="6c84f820-8c77-3950-e7b5-4b415ef42446">
      <Execution id="a94578e8-675f-4779-8a8f-c16b3d0ae82e" />
      <TestMethod codeBase="C:\Users\nicho\source\repos\NickGalazzo\Carlton.Base\src\Tests\Carlton.Base.Components.Test\bin\Debug\net7.0\Carlton.Base.Components.Test.dll" adapterTypeName="executor://xunit/VsTestRunner2/netcoreapp" className="Carlton.Base.Components.Test.AccordionSelectComponentTests" name="AccordionSelect_MarkupWithItems_RendersCorrectly" />
    </UnitTest>
    <UnitTest name="Carlton.Base.Components.Test.TabComponentTests.Tab_Markup_RendersCorrectly" storage="c:\users\nicho\source\repos\nickgalazzo\carlton.base\src\tests\carlton.base.components.test\bin\debug\net7.0\carlton.base.components.test.dll" id="71d1b203-03e0-a0bb-47e6-3b7b7064588a">
      <Execution id="4a3b6d4b-50cc-4310-a0a0-83a763e6c7ae" />
      <TestMethod codeBase="C:\Users\nicho\source\repos\NickGalazzo\Carlton.Base\src\Tests\Carlton.Base.Components.Test\bin\Debug\net7.0\Carlton.Base.Components.Test.dll" adapterTypeName="executor://xunit/VsTestRunner2/netcoreapp" className="Carlton.Base.Components.Test.TabComponentTests" name="Tab_Markup_RendersCorrectly" />
    </UnitTest>
    <UnitTest name="Carlton.Base.Components.Test.DesktopTabBarComponentTests.DesktopTabBar_ChildDisplayTextParam_RendersCorrectly(displayText: &quot;Display Test 1&quot;)" storage="c:\users\nicho\source\repos\nickgalazzo\carlton.base\src\tests\carlton.base.components.test\bin\debug\net7.0\carlton.base.components.test.dll" id="1bcd7891-9ead-1691-023a-1f3f8a8b4b07">
      <Execution id="16806e7f-125f-4028-80ba-8434ef60c0c6" />
      <TestMethod codeBase="C:\Users\nicho\source\repos\NickGalazzo\Carlton.Base\src\Tests\Carlton.Base.Components.Test\bin\Debug\net7.0\Carlton.Base.Components.Test.dll" adapterTypeName="executor://xunit/VsTestRunner2/netcoreapp" className="Carlton.Base.Components.Test.DesktopTabBarComponentTests" name="DesktopTabBar_ChildDisplayTextParam_RendersCorrectly" />
    </UnitTest>
    <UnitTest name="Carlton.Base.Components.Test.SlideTabComponentTests.SlideTab_PositionBottomParam_RendersCorrectly(expectedPositionBottom: 50)" storage="c:\users\nicho\source\repos\nickgalazzo\carlton.base\src\tests\carlton.base.components.test\bin\debug\net7.0\carlton.base.components.test.dll" id="ec6b482c-220d-b4e0-fe3f-b20b1be1b822">
      <Execution id="cad5690d-1aa2-49a3-bba5-9ce429d36a49" />
      <TestMethod codeBase="C:\Users\nicho\source\repos\NickGalazzo\Carlton.Base\src\Tests\Carlton.Base.Components.Test\bin\Debug\net7.0\Carlton.Base.Components.Test.dll" adapterTypeName="executor://xunit/VsTestRunner2/netcoreapp" className="Carlton.Base.Components.Test.SlideTabComponentTests" name="SlideTab_PositionBottomParam_RendersCorrectly" />
    </UnitTest>
    <UnitTest name="Carlton.Base.Components.Test.TableHeaderComponentTests.TableHeader_ClickHeadersOnce_EventFires(columnIndex: 0, expectedColumnName: &quot;ID&quot;)" storage="c:\users\nicho\source\repos\nickgalazzo\carlton.base\src\tests\carlton.base.components.test\bin\debug\net7.0\carlton.base.components.test.dll" id="9e67d4f4-b484-92be-3e40-b0308bf16bd7">
      <Execution id="7bb0c165-f440-4320-8fc4-58d2605d4727" />
      <TestMethod codeBase="C:\Users\nicho\source\repos\NickGalazzo\Carlton.Base\src\Tests\Carlton.Base.Components.Test\bin\Debug\net7.0\Carlton.Base.Components.Test.dll" adapterTypeName="executor://xunit/VsTestRunner2/netcoreapp" className="Carlton.Base.Components.Test.TableHeaderComponentTests" name="TableHeader_ClickHeadersOnce_EventFires" />
    </UnitTest>
    <UnitTest name="Carlton.Base.Components.Test.NotificationBarComponentTests.NotificationBar_ClickEvent_RendersCorrectly(btnClass: &quot;error-btn&quot;, expectedType: typeof(Carlton.Base.Components.ErrorNotification))" storage="c:\users\nicho\source\repos\nickgalazzo\carlton.base\src\tests\carlton.base.components.test\bin\debug\net7.0\carlton.base.components.test.dll" id="c85d0da6-be6a-5a9a-569e-4867226fc3d6">
      <Execution id="fc1fac48-4bbf-4739-9dee-d40a2bcfd086" />
      <TestMethod codeBase="C:\Users\nicho\source\repos\NickGalazzo\Carlton.Base\src\Tests\Carlton.Base.Components.Test\bin\Debug\net7.0\Carlton.Base.Components.Test.dll" adapterTypeName="executor://xunit/VsTestRunner2/netcoreapp" className="Carlton.Base.Components.Test.NotificationBarComponentTests" name="NotificationBar_ClickEvent_RendersCorrectly" />
    </UnitTest>
    <UnitTest name="Carlton.Base.Components.Test.AccordionSelectGroupComponentTests.AccordionSelectGroup_ClickEvent_RendersCorrectly(groupIndex: 1, itemIndex: 2, expectedValue: 3)" storage="c:\users\nicho\source\repos\nickgalazzo\carlton.base\src\tests\carlton.base.components.test\bin\debug\net7.0\carlton.base.components.test.dll" id="b32e12fa-2bf4-acc1-061b-74ff1b512708">
      <Execution id="a44c54d5-4293-4882-9ff2-d1cbe00eff45" />
      <TestMethod codeBase="C:\Users\nicho\source\repos\NickGalazzo\Carlton.Base\src\Tests\Carlton.Base.Components.Test\bin\Debug\net7.0\Carlton.Base.Components.Test.dll" adapterTypeName="executor://xunit/VsTestRunner2/netcoreapp" className="Carlton.Base.Components.Test.AccordionSelectGroupComponentTests" name="AccordionSelectGroup_ClickEvent_RendersCorrectly" />
    </UnitTest>
    <UnitTest name="Carlton.Base.Components.Test.SelectComponentTests.Select_ValueChangedCallbackParam_FiresCallback(index: 0)" storage="c:\users\nicho\source\repos\nickgalazzo\carlton.base\src\tests\carlton.base.components.test\bin\debug\net7.0\carlton.base.components.test.dll" id="37edd2ee-f80c-098c-cce6-2592ce58d6a6">
      <Execution id="fbe854eb-fc91-4081-945d-e5147806c31b" />
      <TestMethod codeBase="C:\Users\nicho\source\repos\NickGalazzo\Carlton.Base\src\Tests\Carlton.Base.Components.Test\bin\Debug\net7.0\Carlton.Base.Components.Test.dll" adapterTypeName="executor://xunit/VsTestRunner2/netcoreapp" className="Carlton.Base.Components.Test.SelectComponentTests" name="Select_ValueChangedCallbackParam_FiresCallback" />
    </UnitTest>
    <UnitTest name="Carlton.Base.Components.Test.HamburgerCollapserComponentTests.HamburgerCollapser_ClickEvent_ShouldRenderCorrectly(isCollapsed: False)" storage="c:\users\nicho\source\repos\nickgalazzo\carlton.base\src\tests\carlton.base.components.test\bin\debug\net7.0\carlton.base.components.test.dll" id="090a8dd5-7432-938f-38c8-3e25de645fe6">
      <Execution id="e9a1c57e-f48f-4e16-8e1e-b3aa8eedec9e" />
      <TestMethod codeBase="C:\Users\nicho\source\repos\NickGalazzo\Carlton.Base\src\Tests\Carlton.Base.Components.Test\bin\Debug\net7.0\Carlton.Base.Components.Test.dll" adapterTypeName="executor://xunit/VsTestRunner2/netcoreapp" className="Carlton.Base.Components.Test.HamburgerCollapserComponentTests" name="HamburgerCollapser_ClickEvent_ShouldRenderCorrectly" />
    </UnitTest>
    <UnitTest name="Carlton.Base.Components.Test.TablePaginationRowComponentTests.TablePaginationRow_PaginationLabel_RendersCorrectly(currentPage: 1, currentRowsPerPage: 10, expectedText: &quot;1-10 of 15&quot;)" storage="c:\users\nicho\source\repos\nickgalazzo\carlton.base\src\tests\carlton.base.components.test\bin\debug\net7.0\carlton.base.components.test.dll" id="f5ae9156-697c-b89e-f27a-a4bad46350cf">
      <Execution id="c7a0d541-debf-49d7-ace1-61481aad523b" />
      <TestMethod codeBase="C:\Users\nicho\source\repos\NickGalazzo\Carlton.Base\src\Tests\Carlton.Base.Components.Test\bin\Debug\net7.0\Carlton.Base.Components.Test.dll" adapterTypeName="executor://xunit/VsTestRunner2/netcoreapp" className="Carlton.Base.Components.Test.TablePaginationRowComponentTests" name="TablePaginationRow_PaginationLabel_RendersCorrectly" />
    </UnitTest>
    <UnitTest name="Carlton.Base.Components.Test.ListCardComponentTests.ListCard_CardSubTitleParam_RendersCorrectly(subtitle: &quot;Test Subtitle 3&quot;)" storage="c:\users\nicho\source\repos\nickgalazzo\carlton.base\src\tests\carlton.base.components.test\bin\debug\net7.0\carlton.base.components.test.dll" id="38f24bd1-c5d2-b046-3be4-29128b1c3535">
      <Execution id="ef91cbc3-132d-4629-a0b7-ec994be9d39d" />
      <TestMethod codeBase="C:\Users\nicho\source\repos\NickGalazzo\Carlton.Base\src\Tests\Carlton.Base.Components.Test\bin\Debug\net7.0\Carlton.Base.Components.Test.dll" adapterTypeName="executor://xunit/VsTestRunner2/netcoreapp" className="Carlton.Base.Components.Test.ListCardComponentTests" name="ListCard_CardSubTitleParam_RendersCorrectly" />
    </UnitTest>
    <UnitTest name="Carlton.Base.Components.Test.DropDownMenuComponentTests.DropDownMenuElement_HeaderTemplateParam_RendersCorrectly(headerTemplate: &quot;&lt;span&gt;Testing Header&lt;/span&gt;&quot;)" storage="c:\users\nicho\source\repos\nickgalazzo\carlton.base\src\tests\carlton.base.components.test\bin\debug\net7.0\carlton.base.components.test.dll" id="36dc42a7-cee0-b1cc-d552-729ae37edab5">
      <Execution id="71861e16-7f98-48b6-832a-105683d6e2a7" />
      <TestMethod codeBase="C:\Users\nicho\source\repos\NickGalazzo\Carlton.Base\src\Tests\Carlton.Base.Components.Test\bin\Debug\net7.0\Carlton.Base.Components.Test.dll" adapterTypeName="executor://xunit/VsTestRunner2/netcoreapp" className="Carlton.Base.Components.Test.DropDownMenuComponentTests" name="DropDownMenuElement_HeaderTemplateParam_RendersCorrectly" />
    </UnitTest>
    <UnitTest name="Carlton.Base.Components.Test.TablePaginationRowComponentTests.TablePaginationRow_PageOne_LeftChevronsDisabled_RendersCorrectly" storage="c:\users\nicho\source\repos\nickgalazzo\carlton.base\src\tests\carlton.base.components.test\bin\debug\net7.0\carlton.base.components.test.dll" id="26c4603d-2ecb-30d4-f06b-7570582ea7ac">
      <Execution id="e37183ec-5cf6-496a-a7a5-98ab3e1ada38" />
      <TestMethod codeBase="C:\Users\nicho\source\repos\NickGalazzo\Carlton.Base\src\Tests\Carlton.Base.Components.Test\bin\Debug\net7.0\Carlton.Base.Components.Test.dll" adapterTypeName="executor://xunit/VsTestRunner2/netcoreapp" className="Carlton.Base.Components.Test.TablePaginationRowComponentTests" name="TablePaginationRow_PageOne_LeftChevronsDisabled_RendersCorrectly" />
    </UnitTest>
    <UnitTest name="Carlton.Base.Components.Test.ListCardComponentTests.ListCard_CardTitleParam_RendersCorrectly(title: &quot;Test Title 1&quot;)" storage="c:\users\nicho\source\repos\nickgalazzo\carlton.base\src\tests\carlton.base.components.test\bin\debug\net7.0\carlton.base.components.test.dll" id="1d3214d0-58ed-27fe-6283-c0167a9cb4ee">
      <Execution id="e89da413-727e-4ede-b364-1d22289738af" />
      <TestMethod codeBase="C:\Users\nicho\source\repos\NickGalazzo\Carlton.Base\src\Tests\Carlton.Base.Components.Test\bin\Debug\net7.0\Carlton.Base.Components.Test.dll" adapterTypeName="executor://xunit/VsTestRunner2/netcoreapp" className="Carlton.Base.Components.Test.ListCardComponentTests" name="ListCard_CardTitleParam_RendersCorrectly" />
    </UnitTest>
    <UnitTest name="Carlton.Base.Components.Test.TablePaginationRowComponentTests.TablePaginationRow_PaginationLabel_ItemCountLessThanItemsPerPage_RendersCorrectly(optIndex: 0)" storage="c:\users\nicho\source\repos\nickgalazzo\carlton.base\src\tests\carlton.base.components.test\bin\debug\net7.0\carlton.base.components.test.dll" id="dd897532-7f0f-72fe-4d53-800a9279ec29">
      <Execution id="9ffd16b0-3df0-4956-94e6-7f661b2e9704" />
      <TestMethod codeBase="C:\Users\nicho\source\repos\NickGalazzo\Carlton.Base\src\Tests\Carlton.Base.Components.Test\bin\Debug\net7.0\Carlton.Base.Components.Test.dll" adapterTypeName="executor://xunit/VsTestRunner2/netcoreapp" className="Carlton.Base.Components.Test.TablePaginationRowComponentTests" name="TablePaginationRow_PaginationLabel_ItemCountLessThanItemsPerPage_RendersCorrectly" />
    </UnitTest>
    <UnitTest name="Carlton.Base.Components.Test.BreadCrumbsComponentTests.BreadCrumbs_SeparatorParam_RendersCorrectly(expectedSeparator: &quot;/&quot;)" storage="c:\users\nicho\source\repos\nickgalazzo\carlton.base\src\tests\carlton.base.components.test\bin\debug\net7.0\carlton.base.components.test.dll" id="dd37b1b9-4c67-5b2f-d5d5-ea991ef86fd8">
      <Execution id="1c445055-71ea-4c90-adda-e7e21f29840d" />
      <TestMethod codeBase="C:\Users\nicho\source\repos\NickGalazzo\Carlton.Base\src\Tests\Carlton.Base.Components.Test\bin\Debug\net7.0\Carlton.Base.Components.Test.dll" adapterTypeName="executor://xunit/VsTestRunner2/netcoreapp" className="Carlton.Base.Components.Test.BreadCrumbsComponentTests" name="BreadCrumbs_SeparatorParam_RendersCorrectly" />
    </UnitTest>
    <UnitTest name="Carlton.Base.Components.Test.NotificationBarComponentTests.NotificationBar_FadeOutEnabledParam_RendersCorrectly(fadeOutEnabled: False, notificationClass: &quot;warning-btn&quot;)" storage="c:\users\nicho\source\repos\nickgalazzo\carlton.base\src\tests\carlton.base.components.test\bin\debug\net7.0\carlton.base.components.test.dll" id="63790d28-d6ef-2c4e-d8fa-faa3cb95b277">
      <Execution id="5fbc192b-c648-4e53-ae08-f5c7e2b72c02" />
      <TestMethod codeBase="C:\Users\nicho\source\repos\NickGalazzo\Carlton.Base\src\Tests\Carlton.Base.Components.Test\bin\Debug\net7.0\Carlton.Base.Components.Test.dll" adapterTypeName="executor://xunit/VsTestRunner2/netcoreapp" className="Carlton.Base.Components.Test.NotificationBarComponentTests" name="NotificationBar_FadeOutEnabledParam_RendersCorrectly" />
    </UnitTest>
    <UnitTest name="Carlton.Base.Components.Test.TablePaginationRowComponentTests.TablePaginationRow_PaginationLabel_RendersCorrectly(currentPage: 3, currentRowsPerPage: 10, expectedText: &quot;11-15 of 15&quot;)" storage="c:\users\nicho\source\repos\nickgalazzo\carlton.base\src\tests\carlton.base.components.test\bin\debug\net7.0\carlton.base.components.test.dll" id="fd3b8fec-8933-ec00-bc37-6da5b1876e88">
      <Execution id="528c4d76-38be-4a60-9bae-f8f08c880fd7" />
      <TestMethod codeBase="C:\Users\nicho\source\repos\NickGalazzo\Carlton.Base\src\Tests\Carlton.Base.Components.Test\bin\Debug\net7.0\Carlton.Base.Components.Test.dll" adapterTypeName="executor://xunit/VsTestRunner2/netcoreapp" className="Carlton.Base.Components.Test.TablePaginationRowComponentTests" name="TablePaginationRow_PaginationLabel_RendersCorrectly" />
    </UnitTest>
    <UnitTest name="Carlton.Base.Components.Test.ConsoleComponentTests.Console_TextParam_RendersCorrectly(expectedText: &quot;here is some more super special test text&quot;)" storage="c:\users\nicho\source\repos\nickgalazzo\carlton.base\src\tests\carlton.base.components.test\bin\debug\net7.0\carlton.base.components.test.dll" id="52d24878-db09-1723-cee6-5b4fd5d5342a">
      <Execution id="36f1ef10-5f48-4532-b791-db064d2a04ab" />
      <TestMethod codeBase="C:\Users\nicho\source\repos\NickGalazzo\Carlton.Base\src\Tests\Carlton.Base.Components.Test\bin\Debug\net7.0\Carlton.Base.Components.Test.dll" adapterTypeName="executor://xunit/VsTestRunner2/netcoreapp" className="Carlton.Base.Components.Test.ConsoleComponentTests" name="Console_TextParam_RendersCorrectly" />
    </UnitTest>
    <UnitTest name="Carlton.Base.Components.Test.DropDownMenuElementComponentTests.DropDownMenuElement_MenuItemIconParam_RendersCorrectly(icon: &quot;icon-2&quot;)" storage="c:\users\nicho\source\repos\nickgalazzo\carlton.base\src\tests\carlton.base.components.test\bin\debug\net7.0\carlton.base.components.test.dll" id="81f56538-53f4-307d-7a3b-029637d6a390">
      <Execution id="6e9c9e4f-cd06-4b0c-8636-2ba6b2335919" />
      <TestMethod codeBase="C:\Users\nicho\source\repos\NickGalazzo\Carlton.Base\src\Tests\Carlton.Base.Components.Test\bin\Debug\net7.0\Carlton.Base.Components.Test.dll" adapterTypeName="executor://xunit/VsTestRunner2/netcoreapp" className="Carlton.Base.Components.Test.DropDownMenuElementComponentTests" name="DropDownMenuElement_MenuItemIconParam_RendersCorrectly" />
    </UnitTest>
    <UnitTest name="Carlton.Base.Components.Test.HamburgerCollapserComponentTests.HamburgerCollapser_Markup_RendersCorrectly" storage="c:\users\nicho\source\repos\nickgalazzo\carlton.base\src\tests\carlton.base.components.test\bin\debug\net7.0\carlton.base.components.test.dll" id="01312f82-8178-605f-aae1-26970b526840">
      <Execution id="43d1df41-1145-4b55-aa6a-cdc7eb8073e4" />
      <TestMethod codeBase="C:\Users\nicho\source\repos\NickGalazzo\Carlton.Base\src\Tests\Carlton.Base.Components.Test\bin\Debug\net7.0\Carlton.Base.Components.Test.dll" adapterTypeName="executor://xunit/VsTestRunner2/netcoreapp" className="Carlton.Base.Components.Test.HamburgerCollapserComponentTests" name="HamburgerCollapser_Markup_RendersCorrectly" />
    </UnitTest>
    <UnitTest name="Carlton.Base.Components.Test.NotificationBarComponentTests.NotificationBar_TopRightParams_RendersCorrectly(top: 7, right: 7, expectedResult: &quot;top:7px;right:7px;&quot;)" storage="c:\users\nicho\source\repos\nickgalazzo\carlton.base\src\tests\carlton.base.components.test\bin\debug\net7.0\carlton.base.components.test.dll" id="41b926d3-3d70-b9d0-fd5a-db49635794a4">
      <Execution id="2dbeb806-ec19-4585-bcd2-b38e4679732d" />
      <TestMethod codeBase="C:\Users\nicho\source\repos\NickGalazzo\Carlton.Base\src\Tests\Carlton.Base.Components.Test\bin\Debug\net7.0\Carlton.Base.Components.Test.dll" adapterTypeName="executor://xunit/VsTestRunner2/netcoreapp" className="Carlton.Base.Components.Test.NotificationBarComponentTests" name="NotificationBar_TopRightParams_RendersCorrectly" />
    </UnitTest>
    <UnitTest name="Carlton.Base.Components.Test.TableHeaderComponentTests.TableHeader_ClickHeadersOnce_EventFires(columnIndex: 2, expectedColumnName: &quot;CreatedDate&quot;)" storage="c:\users\nicho\source\repos\nickgalazzo\carlton.base\src\tests\carlton.base.components.test\bin\debug\net7.0\carlton.base.components.test.dll" id="721c0a35-2fdd-0dac-ca44-4ff0d0a712e9">
      <Execution id="bd215ed7-380b-4d7d-b6e4-242dc4f4443f" />
      <TestMethod codeBase="C:\Users\nicho\source\repos\NickGalazzo\Carlton.Base\src\Tests\Carlton.Base.Components.Test\bin\Debug\net7.0\Carlton.Base.Components.Test.dll" adapterTypeName="executor://xunit/VsTestRunner2/netcoreapp" className="Carlton.Base.Components.Test.TableHeaderComponentTests" name="TableHeader_ClickHeadersOnce_EventFires" />
    </UnitTest>
    <UnitTest name="Carlton.Base.Components.Test.MobileTabBarComponentTests.MobileTabBar_ChildIconParam_RendersCorrectly(icon: &quot;Icon-Still-Testing&quot;)" storage="c:\users\nicho\source\repos\nickgalazzo\carlton.base\src\tests\carlton.base.components.test\bin\debug\net7.0\carlton.base.components.test.dll" id="87459f94-70c7-009f-5808-19f809ff7867">
      <Execution id="b584fc29-3e5f-4cc7-91c9-2ed554a950a0" />
      <TestMethod codeBase="C:\Users\nicho\source\repos\NickGalazzo\Carlton.Base\src\Tests\Carlton.Base.Components.Test\bin\Debug\net7.0\Carlton.Base.Components.Test.dll" adapterTypeName="executor://xunit/VsTestRunner2/netcoreapp" className="Carlton.Base.Components.Test.MobileTabBarComponentTests" name="MobileTabBar_ChildIconParam_RendersCorrectly" />
    </UnitTest>
    <UnitTest name="Carlton.Base.Components.Test.TablePaginationRowComponentTests.TablePaginationRow_OnPaginationChangedCallback_FiresEvent(selectedPage: 1, selectedRowsPerPage: 15, expectedPage: 1)" storage="c:\users\nicho\source\repos\nickgalazzo\carlton.base\src\tests\carlton.base.components.test\bin\debug\net7.0\carlton.base.components.test.dll" id="723957d6-8abc-9be3-77c2-e323767653a8">
      <Execution id="a99eba9c-69f1-4251-82bc-f3c0c530788d" />
      <TestMethod codeBase="C:\Users\nicho\source\repos\NickGalazzo\Carlton.Base\src\Tests\Carlton.Base.Components.Test\bin\Debug\net7.0\Carlton.Base.Components.Test.dll" adapterTypeName="executor://xunit/VsTestRunner2/netcoreapp" className="Carlton.Base.Components.Test.TablePaginationRowComponentTests" name="TablePaginationRow_OnPaginationChangedCallback_FiresEvent" />
    </UnitTest>
    <UnitTest name="Carlton.Base.Components.Test.AccordionSelectGroupComponentTests.AccordionSelectGroup_SelectedItemParam_shouldRenderCorrectly(groupIndex: 1, itemIndex: 3, itemValue: 4)" storage="c:\users\nicho\source\repos\nickgalazzo\carlton.base\src\tests\carlton.base.components.test\bin\debug\net7.0\carlton.base.components.test.dll" id="c2d4182e-57b2-d0b4-b48e-a9dee12d38f7">
      <Execution id="b93090c9-3c58-4b6f-9aa1-6da178906d4c" />
      <TestMethod codeBase="C:\Users\nicho\source\repos\NickGalazzo\Carlton.Base\src\Tests\Carlton.Base.Components.Test\bin\Debug\net7.0\Carlton.Base.Components.Test.dll" adapterTypeName="executor://xunit/VsTestRunner2/netcoreapp" className="Carlton.Base.Components.Test.AccordionSelectGroupComponentTests" name="AccordionSelectGroup_SelectedItemParam_shouldRenderCorrectly" />
    </UnitTest>
    <UnitTest name="Carlton.Base.Components.Test.DropDownMenuElementComponentTests.DropDownMenuElement_MenuItemAccentColorIndexParam_RendersCorrectly(accentColorIndex: 1, expectedValue: &quot;accent-color-1&quot;)" storage="c:\users\nicho\source\repos\nickgalazzo\carlton.base\src\tests\carlton.base.components.test\bin\debug\net7.0\carlton.base.components.test.dll" id="b47fdb9b-41a3-4beb-8213-e51c7f90bfa2">
      <Execution id="b19d8566-4dbd-4595-bf88-ec6c18fa126c" />
      <TestMethod codeBase="C:\Users\nicho\source\repos\NickGalazzo\Carlton.Base\src\Tests\Carlton.Base.Components.Test\bin\Debug\net7.0\Carlton.Base.Components.Test.dll" adapterTypeName="executor://xunit/VsTestRunner2/netcoreapp" className="Carlton.Base.Components.Test.DropDownMenuElementComponentTests" name="DropDownMenuElement_MenuItemAccentColorIndexParam_RendersCorrectly" />
    </UnitTest>
    <UnitTest name="Carlton.Base.Components.Test.ConsoleComponentTests.Console_IsValidParam_RendersCorrectly(expectedIsValid: False)" storage="c:\users\nicho\source\repos\nickgalazzo\carlton.base\src\tests\carlton.base.components.test\bin\debug\net7.0\carlton.base.components.test.dll" id="6adfb11f-b707-1c16-4f78-f05186887b40">
      <Execution id="c1a91939-e940-4261-b900-d0485e42f95c" />
      <TestMethod codeBase="C:\Users\nicho\source\repos\NickGalazzo\Carlton.Base\src\Tests\Carlton.Base.Components.Test\bin\Debug\net7.0\Carlton.Base.Components.Test.dll" adapterTypeName="executor://xunit/VsTestRunner2/netcoreapp" className="Carlton.Base.Components.Test.ConsoleComponentTests" name="Console_IsValidParam_RendersCorrectly" />
    </UnitTest>
    <UnitTest name="Carlton.Base.Components.Test.CountCardComponentTests.CountCard_IconParam_RendersCorrectly(icon: &quot;icon-3&quot;)" storage="c:\users\nicho\source\repos\nickgalazzo\carlton.base\src\tests\carlton.base.components.test\bin\debug\net7.0\carlton.base.components.test.dll" id="e5e3f589-0b7d-a06d-d06c-19426b0e1ca4">
      <Execution id="56c12bc1-4966-483e-9522-cf8032ab52aa" />
      <TestMethod codeBase="C:\Users\nicho\source\repos\NickGalazzo\Carlton.Base\src\Tests\Carlton.Base.Components.Test\bin\Debug\net7.0\Carlton.Base.Components.Test.dll" adapterTypeName="executor://xunit/VsTestRunner2/netcoreapp" className="Carlton.Base.Components.Test.CountCardComponentTests" name="CountCard_IconParam_RendersCorrectly" />
    </UnitTest>
    <UnitTest name="Carlton.Base.Components.Test.DropDownMenuComponentTests.DropDownMenuElement_StyleParam_RendersCorrectly" storage="c:\users\nicho\source\repos\nickgalazzo\carlton.base\src\tests\carlton.base.components.test\bin\debug\net7.0\carlton.base.components.test.dll" id="c4fb013e-c3fa-3f7e-a20f-093fae04a3ce">
      <Execution id="d5850ea8-b624-4560-96f7-21345359a5bc" />
      <TestMethod codeBase="C:\Users\nicho\source\repos\NickGalazzo\Carlton.Base\src\Tests\Carlton.Base.Components.Test\bin\Debug\net7.0\Carlton.Base.Components.Test.dll" adapterTypeName="executor://xunit/VsTestRunner2/netcoreapp" className="Carlton.Base.Components.Test.DropDownMenuComponentTests" name="DropDownMenuElement_StyleParam_RendersCorrectly" />
    </UnitTest>
    <UnitTest name="Carlton.Base.Components.Test.TablePaginationRowComponentTests.TablePaginationRow_PaginationLabel_RendersCorrectly(currentPage: 3, currentRowsPerPage: 15, expectedText: &quot;1-15 of 15&quot;)" storage="c:\users\nicho\source\repos\nickgalazzo\carlton.base\src\tests\carlton.base.components.test\bin\debug\net7.0\carlton.base.components.test.dll" id="70fae74a-dc94-7381-efaa-28b4f51bb46e">
      <Execution id="cea9f284-9bac-4da1-a621-2b6e04494001" />
      <TestMethod codeBase="C:\Users\nicho\source\repos\NickGalazzo\Carlton.Base\src\Tests\Carlton.Base.Components.Test\bin\Debug\net7.0\Carlton.Base.Components.Test.dll" adapterTypeName="executor://xunit/VsTestRunner2/netcoreapp" className="Carlton.Base.Components.Test.TablePaginationRowComponentTests" name="TablePaginationRow_PaginationLabel_RendersCorrectly" />
    </UnitTest>
    <UnitTest name="Carlton.Base.Components.Test.LogoComponentTests.Logo_IsCollapsedParam_ShouldBeExpanded(isCollapsed: False)" storage="c:\users\nicho\source\repos\nickgalazzo\carlton.base\src\tests\carlton.base.components.test\bin\debug\net7.0\carlton.base.components.test.dll" id="9c3c2473-256a-97a6-46f2-1e4c09162e41">
      <Execution id="87960074-7bfc-4154-8410-7fb3a90ae1d0" />
      <TestMethod codeBase="C:\Users\nicho\source\repos\NickGalazzo\Carlton.Base\src\Tests\Carlton.Base.Components.Test\bin\Debug\net7.0\Carlton.Base.Components.Test.dll" adapterTypeName="executor://xunit/VsTestRunner2/netcoreapp" className="Carlton.Base.Components.Test.LogoComponentTests" name="Logo_IsCollapsedParam_ShouldBeExpanded" />
    </UnitTest>
    <UnitTest name="Carlton.Base.Components.Test.AccordionSelectGroupComponentTests.AccordionSelectGroup_ClickEvent_RendersCorrectly(groupIndex: 1, itemIndex: 3, expectedValue: 4)" storage="c:\users\nicho\source\repos\nickgalazzo\carlton.base\src\tests\carlton.base.components.test\bin\debug\net7.0\carlton.base.components.test.dll" id="92f7b709-4d9c-9ab4-3896-cc6a818b2bb8">
      <Execution id="e0b860da-17e5-4695-bb8b-daee27aab3a5" />
      <TestMethod codeBase="C:\Users\nicho\source\repos\NickGalazzo\Carlton.Base\src\Tests\Carlton.Base.Components.Test\bin\Debug\net7.0\Carlton.Base.Components.Test.dll" adapterTypeName="executor://xunit/VsTestRunner2/netcoreapp" className="Carlton.Base.Components.Test.AccordionSelectGroupComponentTests" name="AccordionSelectGroup_ClickEvent_RendersCorrectly" />
    </UnitTest>
    <UnitTest name="Carlton.Base.Components.Test.TabComponentTests.Tab_Parent_ActiveParam_True_RendersCorrectly" storage="c:\users\nicho\source\repos\nickgalazzo\carlton.base\src\tests\carlton.base.components.test\bin\debug\net7.0\carlton.base.components.test.dll" id="58fcf6c5-7948-ccaf-aeab-2b9508acda13">
      <Execution id="5ce154b5-6f02-40a3-9249-68f825687d20" />
      <TestMethod codeBase="C:\Users\nicho\source\repos\NickGalazzo\Carlton.Base\src\Tests\Carlton.Base.Components.Test\bin\Debug\net7.0\Carlton.Base.Components.Test.dll" adapterTypeName="executor://xunit/VsTestRunner2/netcoreapp" className="Carlton.Base.Components.Test.TabComponentTests" name="Tab_Parent_ActiveParam_True_RendersCorrectly" />
    </UnitTest>
    <UnitTest name="Carlton.Base.Components.Test.BreadCrumbsComponentTests.BreadCrumbs_TitleParam_RendersCorrectly(expectedTitle: &quot;Test Title&quot;)" storage="c:\users\nicho\source\repos\nickgalazzo\carlton.base\src\tests\carlton.base.components.test\bin\debug\net7.0\carlton.base.components.test.dll" id="6fd5bb32-f1e4-ed32-b396-0c120007ecc3">
      <Execution id="b6ccdacb-22d9-4133-bf54-254e2a1bbbb5" />
      <TestMethod codeBase="C:\Users\nicho\source\repos\NickGalazzo\Carlton.Base\src\Tests\Carlton.Base.Components.Test\bin\Debug\net7.0\Carlton.Base.Components.Test.dll" adapterTypeName="executor://xunit/VsTestRunner2/netcoreapp" className="Carlton.Base.Components.Test.BreadCrumbsComponentTests" name="BreadCrumbs_TitleParam_RendersCorrectly" />
    </UnitTest>
    <UnitTest name="Carlton.Base.Components.Test.TableHeaderComponentTests.TableHeader_OnClick_DescendingClass_RendersCorrectly(selectedIndex: 0)" storage="c:\users\nicho\source\repos\nickgalazzo\carlton.base\src\tests\carlton.base.components.test\bin\debug\net7.0\carlton.base.components.test.dll" id="96dcda85-2436-d344-d080-d012760267de">
      <Execution id="d23b5b7b-4246-4817-b36d-65d60a507d5b" />
      <TestMethod codeBase="C:\Users\nicho\source\repos\NickGalazzo\Carlton.Base\src\Tests\Carlton.Base.Components.Test\bin\Debug\net7.0\Carlton.Base.Components.Test.dll" adapterTypeName="executor://xunit/VsTestRunner2/netcoreapp" className="Carlton.Base.Components.Test.TableHeaderComponentTests" name="TableHeader_OnClick_DescendingClass_RendersCorrectly" />
    </UnitTest>
    <UnitTest name="Carlton.Base.Components.Test.SlideTabComponentTests.SlideTab_TitleParam_RendersCorrectly(expectedTitle: &quot;Test Title&quot;)" storage="c:\users\nicho\source\repos\nickgalazzo\carlton.base\src\tests\carlton.base.components.test\bin\debug\net7.0\carlton.base.components.test.dll" id="839fa1cf-1eeb-14aa-5afb-0b73ace77a29">
      <Execution id="e17f5d34-e413-4eaa-b8c6-27dd7cf0bf83" />
      <TestMethod codeBase="C:\Users\nicho\source\repos\NickGalazzo\Carlton.Base\src\Tests\Carlton.Base.Components.Test\bin\Debug\net7.0\Carlton.Base.Components.Test.dll" adapterTypeName="executor://xunit/VsTestRunner2/netcoreapp" className="Carlton.Base.Components.Test.SlideTabComponentTests" name="SlideTab_TitleParam_RendersCorrectly" />
    </UnitTest>
    <UnitTest name="Carlton.Base.Components.Test.BaseNotificationComponentTests.BaseNotification_OnDismissParameter_RendersCorrectly" storage="c:\users\nicho\source\repos\nickgalazzo\carlton.base\src\tests\carlton.base.components.test\bin\debug\net7.0\carlton.base.components.test.dll" id="0c9c72b4-1b61-9132-5c94-274f763c3a1f">
      <Execution id="64b9fa72-76c1-443e-85ea-9aa631b7fa0d" />
      <TestMethod codeBase="C:\Users\nicho\source\repos\NickGalazzo\Carlton.Base\src\Tests\Carlton.Base.Components.Test\bin\Debug\net7.0\Carlton.Base.Components.Test.dll" adapterTypeName="executor://xunit/VsTestRunner2/netcoreapp" className="Carlton.Base.Components.Test.BaseNotificationComponentTests" name="BaseNotification_OnDismissParameter_RendersCorrectly" />
    </UnitTest>
    <UnitTest name="Carlton.Base.Components.Test.NotificationBarComponentTests.NotificationBar_FadeOutEnabledParam_RendersCorrectly(fadeOutEnabled: True, notificationClass: &quot;success-btn&quot;)" storage="c:\users\nicho\source\repos\nickgalazzo\carlton.base\src\tests\carlton.base.components.test\bin\debug\net7.0\carlton.base.components.test.dll" id="69ace1c6-c612-557f-909a-e7c5ca3bad22">
      <Execution id="11eb585e-1060-4348-9b1a-c9d24916303a" />
      <TestMethod codeBase="C:\Users\nicho\source\repos\NickGalazzo\Carlton.Base\src\Tests\Carlton.Base.Components.Test\bin\Debug\net7.0\Carlton.Base.Components.Test.dll" adapterTypeName="executor://xunit/VsTestRunner2/netcoreapp" className="Carlton.Base.Components.Test.NotificationBarComponentTests" name="NotificationBar_FadeOutEnabledParam_RendersCorrectly" />
    </UnitTest>
    <UnitTest name="Carlton.Base.Components.Test.TableComponentTests.Table_HeaderItemOnClick_DescendingClass_RendersCorrectly(selectedIndex: 0)" storage="c:\users\nicho\source\repos\nickgalazzo\carlton.base\src\tests\carlton.base.components.test\bin\debug\net7.0\carlton.base.components.test.dll" id="8f597377-bc86-3011-70c1-8f0f455f5181">
      <Execution id="f29fbe25-f96c-47c8-867f-5c0c796c0566" />
      <TestMethod codeBase="C:\Users\nicho\source\repos\NickGalazzo\Carlton.Base\src\Tests\Carlton.Base.Components.Test\bin\Debug\net7.0\Carlton.Base.Components.Test.dll" adapterTypeName="executor://xunit/VsTestRunner2/netcoreapp" className="Carlton.Base.Components.Test.TableComponentTests" name="Table_HeaderItemOnClick_DescendingClass_RendersCorrectly" />
    </UnitTest>
    <UnitTest name="Carlton.Base.Components.Test.CardComponentTests.Card_CardTitleParam_RendersCorrectly(expectedTitle: &quot;Test Title 1&quot;)" storage="c:\users\nicho\source\repos\nickgalazzo\carlton.base\src\tests\carlton.base.components.test\bin\debug\net7.0\carlton.base.components.test.dll" id="e9efa1ee-ef5b-0467-85f1-461dd551b536">
      <Execution id="701a9e1c-8723-426d-ab86-de45e7ad745d" />
      <TestMethod codeBase="C:\Users\nicho\source\repos\NickGalazzo\Carlton.Base\src\Tests\Carlton.Base.Components.Test\bin\Debug\net7.0\Carlton.Base.Components.Test.dll" adapterTypeName="executor://xunit/VsTestRunner2/netcoreapp" className="Carlton.Base.Components.Test.CardComponentTests" name="Card_CardTitleParam_RendersCorrectly" />
    </UnitTest>
    <UnitTest name="Carlton.Base.Components.Test.BaseNotificationComponentTests.BaseNotification_MessageParam_RendersCorrectly(expectedMessage: &quot;Notification Message Test 2&quot;)" storage="c:\users\nicho\source\repos\nickgalazzo\carlton.base\src\tests\carlton.base.components.test\bin\debug\net7.0\carlton.base.components.test.dll" id="f53e06b6-7175-ade3-7410-8fb2fdd5371a">
      <Execution id="c6aa86a8-9d1d-4f03-a02f-3e6628bbca88" />
      <TestMethod codeBase="C:\Users\nicho\source\repos\NickGalazzo\Carlton.Base\src\Tests\Carlton.Base.Components.Test\bin\Debug\net7.0\Carlton.Base.Components.Test.dll" adapterTypeName="executor://xunit/VsTestRunner2/netcoreapp" className="Carlton.Base.Components.Test.BaseNotificationComponentTests" name="BaseNotification_MessageParam_RendersCorrectly" />
    </UnitTest>
    <UnitTest name="Carlton.Base.Components.Test.CountCardComponentTests.CountCard_ThemeParam_RendersCorrectly(theme: Blue)" storage="c:\users\nicho\source\repos\nickgalazzo\carlton.base\src\tests\carlton.base.components.test\bin\debug\net7.0\carlton.base.components.test.dll" id="53725233-af41-4972-32ac-000c684e2b98">
      <Execution id="0175e5d3-d3ac-4f48-b243-01a9e62f47b5" />
      <TestMethod codeBase="C:\Users\nicho\source\repos\NickGalazzo\Carlton.Base\src\Tests\Carlton.Base.Components.Test\bin\Debug\net7.0\Carlton.Base.Components.Test.dll" adapterTypeName="executor://xunit/VsTestRunner2/netcoreapp" className="Carlton.Base.Components.Test.CountCardComponentTests" name="CountCard_ThemeParam_RendersCorrectly" />
    </UnitTest>
    <UnitTest name="Carlton.Base.Components.Test.AccordionSelectComponentTests.AccordionSelect_SelectedItemChangedParam_FiresCallback(itemIndex: 2, expectedValue: 3)" storage="c:\users\nicho\source\repos\nickgalazzo\carlton.base\src\tests\carlton.base.components.test\bin\debug\net7.0\carlton.base.components.test.dll" id="85b3cc95-910c-ccf8-fa6c-207ac76f89b7">
      <Execution id="ac150d03-87a4-4adb-8523-6fbf280c93a1" />
      <TestMethod codeBase="C:\Users\nicho\source\repos\NickGalazzo\Carlton.Base\src\Tests\Carlton.Base.Components.Test\bin\Debug\net7.0\Carlton.Base.Components.Test.dll" adapterTypeName="executor://xunit/VsTestRunner2/netcoreapp" className="Carlton.Base.Components.Test.AccordionSelectComponentTests" name="AccordionSelect_SelectedItemChangedParam_FiresCallback" />
    </UnitTest>
    <UnitTest name="Carlton.Base.Components.Test.BaseNotificationComponentTests.BaseNotification_Markup_RendersCorrectly" storage="c:\users\nicho\source\repos\nickgalazzo\carlton.base\src\tests\carlton.base.components.test\bin\debug\net7.0\carlton.base.components.test.dll" id="8bd8f64f-5b3a-ce8b-2a95-38deb100db6e">
      <Execution id="47372a87-5666-4e62-b3a5-4a1e87bed05b" />
      <TestMethod codeBase="C:\Users\nicho\source\repos\NickGalazzo\Carlton.Base\src\Tests\Carlton.Base.Components.Test\bin\Debug\net7.0\Carlton.Base.Components.Test.dll" adapterTypeName="executor://xunit/VsTestRunner2/netcoreapp" className="Carlton.Base.Components.Test.BaseNotificationComponentTests" name="BaseNotification_Markup_RendersCorrectly" />
    </UnitTest>
    <UnitTest name="Carlton.Base.Components.Test.CardComponentTests.Card_PrimaryContentChildParam_RendersCorrectly(expectedPrimaryCardContent: &quot;&lt;span&gt;Primary Testing Content 1&lt;/span&gt;&quot;)" storage="c:\users\nicho\source\repos\nickgalazzo\carlton.base\src\tests\carlton.base.components.test\bin\debug\net7.0\carlton.base.components.test.dll" id="d1f13926-f0e0-53c6-7c36-40094af4c358">
      <Execution id="70b75446-61b5-4906-a745-412b1e193a4d" />
      <TestMethod codeBase="C:\Users\nicho\source\repos\NickGalazzo\Carlton.Base\src\Tests\Carlton.Base.Components.Test\bin\Debug\net7.0\Carlton.Base.Components.Test.dll" adapterTypeName="executor://xunit/VsTestRunner2/netcoreapp" className="Carlton.Base.Components.Test.CardComponentTests" name="Card_PrimaryContentChildParam_RendersCorrectly" />
    </UnitTest>
    <UnitTest name="Carlton.Base.Components.Test.TableComponentTests.Table_HeaderItemOnClick_AscendingClass_RendersCorrectly(selectedIndex: 0)" storage="c:\users\nicho\source\repos\nickgalazzo\carlton.base\src\tests\carlton.base.components.test\bin\debug\net7.0\carlton.base.components.test.dll" id="45878f2f-0e73-97ca-b181-7f95ac5a8418">
      <Execution id="7c690b33-6142-4043-946d-e0a55736de53" />
      <TestMethod codeBase="C:\Users\nicho\source\repos\NickGalazzo\Carlton.Base\src\Tests\Carlton.Base.Components.Test\bin\Debug\net7.0\Carlton.Base.Components.Test.dll" adapterTypeName="executor://xunit/VsTestRunner2/netcoreapp" className="Carlton.Base.Components.Test.TableComponentTests" name="Table_HeaderItemOnClick_AscendingClass_RendersCorrectly" />
    </UnitTest>
    <UnitTest name="Carlton.Base.Components.Test.CountCardComponentTests.CountCard_CountParam_RendersCorrectly(count: 30)" storage="c:\users\nicho\source\repos\nickgalazzo\carlton.base\src\tests\carlton.base.components.test\bin\debug\net7.0\carlton.base.components.test.dll" id="f8e87052-3c31-7772-0006-d96208939871">
      <Execution id="1c0ca9de-a5d0-495a-b609-618fe578c018" />
      <TestMethod codeBase="C:\Users\nicho\source\repos\NickGalazzo\Carlton.Base\src\Tests\Carlton.Base.Components.Test\bin\Debug\net7.0\Carlton.Base.Components.Test.dll" adapterTypeName="executor://xunit/VsTestRunner2/netcoreapp" className="Carlton.Base.Components.Test.CountCardComponentTests" name="CountCard_CountParam_RendersCorrectly" />
    </UnitTest>
    <UnitTest name="Carlton.Base.Components.Test.TableComponentTests.Table_ItemsChangedCallback_FiresEvent(currentPage: 2, optIndex: 2, expectedSkip: 0, expectedTake: 15)" storage="c:\users\nicho\source\repos\nickgalazzo\carlton.base\src\tests\carlton.base.components.test\bin\debug\net7.0\carlton.base.components.test.dll" id="0e3f6730-de0b-7a62-477b-e1da6a491a3d">
      <Execution id="7deb2fab-b66b-4310-956d-0d4a7a2ff8f0" />
      <TestMethod codeBase="C:\Users\nicho\source\repos\NickGalazzo\Carlton.Base\src\Tests\Carlton.Base.Components.Test\bin\Debug\net7.0\Carlton.Base.Components.Test.dll" adapterTypeName="executor://xunit/VsTestRunner2/netcoreapp" className="Carlton.Base.Components.Test.TableComponentTests" name="Table_ItemsChangedCallback_FiresEvent" />
    </UnitTest>
    <UnitTest name="Carlton.Base.Components.Test.MobileTabBarComponentTests.MobileTabBar_DefaultActiveTab_RendersCorrectly" storage="c:\users\nicho\source\repos\nickgalazzo\carlton.base\src\tests\carlton.base.components.test\bin\debug\net7.0\carlton.base.components.test.dll" id="69a8af49-3dfe-560f-907d-c6f19402dc4c">
      <Execution id="d52c5985-a896-487b-95c5-a6d4cdb88e08" />
      <TestMethod codeBase="C:\Users\nicho\source\repos\NickGalazzo\Carlton.Base\src\Tests\Carlton.Base.Components.Test\bin\Debug\net7.0\Carlton.Base.Components.Test.dll" adapterTypeName="executor://xunit/VsTestRunner2/netcoreapp" className="Carlton.Base.Components.Test.MobileTabBarComponentTests" name="MobileTabBar_DefaultActiveTab_RendersCorrectly" />
    </UnitTest>
    <UnitTest name="Carlton.Base.Components.Test.MobileTabBarComponentTests.MobileTabBar_ShowDisplayIconParam_RendersCorrectly(showDisplayIcon: True)" storage="c:\users\nicho\source\repos\nickgalazzo\carlton.base\src\tests\carlton.base.components.test\bin\debug\net7.0\carlton.base.components.test.dll" id="013178ef-4151-7a51-327b-76cb79a76da0">
      <Execution id="092d61f8-c080-4b26-827c-870f34c8a975" />
      <TestMethod codeBase="C:\Users\nicho\source\repos\NickGalazzo\Carlton.Base\src\Tests\Carlton.Base.Components.Test\bin\Debug\net7.0\Carlton.Base.Components.Test.dll" adapterTypeName="executor://xunit/VsTestRunner2/netcoreapp" className="Carlton.Base.Components.Test.MobileTabBarComponentTests" name="MobileTabBar_ShowDisplayIconParam_RendersCorrectly" />
    </UnitTest>
    <UnitTest name="Carlton.Base.Components.Test.SelectComponentTests.Select_LabelParam_RendersCorrectly(labelText: &quot;Yet Another Label&quot;)" storage="c:\users\nicho\source\repos\nickgalazzo\carlton.base\src\tests\carlton.base.components.test\bin\debug\net7.0\carlton.base.components.test.dll" id="510b24b8-e7ed-d0e5-067c-54701224d287">
      <Execution id="235ce96f-d977-4350-812b-6decc2b27119" />
      <TestMethod codeBase="C:\Users\nicho\source\repos\NickGalazzo\Carlton.Base\src\Tests\Carlton.Base.Components.Test\bin\Debug\net7.0\Carlton.Base.Components.Test.dll" adapterTypeName="executor://xunit/VsTestRunner2/netcoreapp" className="Carlton.Base.Components.Test.SelectComponentTests" name="Select_LabelParam_RendersCorrectly" />
    </UnitTest>
    <UnitTest name="Carlton.Base.Components.Test.TableHeaderComponentTests.TableHeader_InvalidOrderColumnParam_RendersCorrectly(columnName: &quot;Wrong&quot;)" storage="c:\users\nicho\source\repos\nickgalazzo\carlton.base\src\tests\carlton.base.components.test\bin\debug\net7.0\carlton.base.components.test.dll" id="2233ccff-1d94-df6b-afa2-1cb6b7d0296b">
      <Execution id="b3b4fb41-4f3a-41a3-ba8e-3b90bfb5f083" />
      <TestMethod codeBase="C:\Users\nicho\source\repos\NickGalazzo\Carlton.Base\src\Tests\Carlton.Base.Components.Test\bin\Debug\net7.0\Carlton.Base.Components.Test.dll" adapterTypeName="executor://xunit/VsTestRunner2/netcoreapp" className="Carlton.Base.Components.Test.TableHeaderComponentTests" name="TableHeader_InvalidOrderColumnParam_RendersCorrectly" />
    </UnitTest>
    <UnitTest name="Carlton.Base.Components.Test.TableHeaderComponentTests.TableHeader_OrderColumnParam_And_OrderDirectionParam_RendersCorrectly(columnName: &quot;CreatedDate&quot;, columnIndex: 2, orderAscending: False)" storage="c:\users\nicho\source\repos\nickgalazzo\carlton.base\src\tests\carlton.base.components.test\bin\debug\net7.0\carlton.base.components.test.dll" id="17369e9f-e0bd-1c7b-7945-dea8f9bd2825">
      <Execution id="49cb2cf8-7631-4e56-81cf-ace13538753e" />
      <TestMethod codeBase="C:\Users\nicho\source\repos\NickGalazzo\Carlton.Base\src\Tests\Carlton.Base.Components.Test\bin\Debug\net7.0\Carlton.Base.Components.Test.dll" adapterTypeName="executor://xunit/VsTestRunner2/netcoreapp" className="Carlton.Base.Components.Test.TableHeaderComponentTests" name="TableHeader_OrderColumnParam_And_OrderDirectionParam_RendersCorrectly" />
    </UnitTest>
    <UnitTest name="Carlton.Base.Components.Test.TableComponentTests.Table_OnClickTwice_FiltersItemsDesc" storage="c:\users\nicho\source\repos\nickgalazzo\carlton.base\src\tests\carlton.base.components.test\bin\debug\net7.0\carlton.base.components.test.dll" id="26905ffd-8188-205e-dfc2-03ba98f0a988">
      <Execution id="9414eac5-33a9-4547-837d-7b82ab4a7f3a" />
      <TestMethod codeBase="C:\Users\nicho\source\repos\NickGalazzo\Carlton.Base\src\Tests\Carlton.Base.Components.Test\bin\Debug\net7.0\Carlton.Base.Components.Test.dll" adapterTypeName="executor://xunit/VsTestRunner2/netcoreapp" className="Carlton.Base.Components.Test.TableComponentTests" name="Table_OnClickTwice_FiltersItemsDesc" />
    </UnitTest>
    <UnitTest name="Carlton.Base.Components.Test.AccordionSelectComponentTests.AccordionSelect_MarkupWithNoItems_RendersCorrectly" storage="c:\users\nicho\source\repos\nickgalazzo\carlton.base\src\tests\carlton.base.components.test\bin\debug\net7.0\carlton.base.components.test.dll" id="9321447f-d766-9024-4984-1ceaf0b5819f">
      <Execution id="6e96456a-f6e3-49d2-ad67-055e1977f6d3" />
      <TestMethod codeBase="C:\Users\nicho\source\repos\NickGalazzo\Carlton.Base\src\Tests\Carlton.Base.Components.Test\bin\Debug\net7.0\Carlton.Base.Components.Test.dll" adapterTypeName="executor://xunit/VsTestRunner2/netcoreapp" className="Carlton.Base.Components.Test.AccordionSelectComponentTests" name="AccordionSelect_MarkupWithNoItems_RendersCorrectly" />
    </UnitTest>
    <UnitTest name="Carlton.Base.Components.Test.DesktopTabBarComponentTests.DesktopTabBar_WithTwoTabs_RendersCorrectly" storage="c:\users\nicho\source\repos\nickgalazzo\carlton.base\src\tests\carlton.base.components.test\bin\debug\net7.0\carlton.base.components.test.dll" id="414a0397-f54b-8531-79ed-4155a6e28bf0">
      <Execution id="816bdd07-ab9c-4957-8f65-e60da981878e" />
      <TestMethod codeBase="C:\Users\nicho\source\repos\NickGalazzo\Carlton.Base\src\Tests\Carlton.Base.Components.Test\bin\Debug\net7.0\Carlton.Base.Components.Test.dll" adapterTypeName="executor://xunit/VsTestRunner2/netcoreapp" className="Carlton.Base.Components.Test.DesktopTabBarComponentTests" name="DesktopTabBar_WithTwoTabs_RendersCorrectly" />
    </UnitTest>
    <UnitTest name="Carlton.Base.Components.Test.SelectComponentTests.Select_OptionsParam_OptsCount_RendersCorrectly" storage="c:\users\nicho\source\repos\nickgalazzo\carlton.base\src\tests\carlton.base.components.test\bin\debug\net7.0\carlton.base.components.test.dll" id="fc7b79c7-3523-04fd-60af-a22152a3cdb2">
      <Execution id="80c61262-4316-447e-9681-f9ad861e8c1e" />
      <TestMethod codeBase="C:\Users\nicho\source\repos\NickGalazzo\Carlton.Base\src\Tests\Carlton.Base.Components.Test\bin\Debug\net7.0\Carlton.Base.Components.Test.dll" adapterTypeName="executor://xunit/VsTestRunner2/netcoreapp" className="Carlton.Base.Components.Test.SelectComponentTests" name="Select_OptionsParam_OptsCount_RendersCorrectly" />
    </UnitTest>
    <UnitTest name="Carlton.Base.Components.Test.SelectComponentTests.Select_ValueChangedCallbackParam_FiresCallback(index: 2)" storage="c:\users\nicho\source\repos\nickgalazzo\carlton.base\src\tests\carlton.base.components.test\bin\debug\net7.0\carlton.base.components.test.dll" id="0e19d662-3eda-75d2-8b4e-f3c96f6d0a88">
      <Execution id="e2fe6763-aeb6-4e63-b028-9731a0376252" />
      <TestMethod codeBase="C:\Users\nicho\source\repos\NickGalazzo\Carlton.Base\src\Tests\Carlton.Base.Components.Test\bin\Debug\net7.0\Carlton.Base.Components.Test.dll" adapterTypeName="executor://xunit/VsTestRunner2/netcoreapp" className="Carlton.Base.Components.Test.SelectComponentTests" name="Select_ValueChangedCallbackParam_FiresCallback" />
    </UnitTest>
    <UnitTest name="Carlton.Base.Components.Test.MobileTabBarComponentTests.MobileTabBar_WithTwoTabs_RendersCorrectly" storage="c:\users\nicho\source\repos\nickgalazzo\carlton.base\src\tests\carlton.base.components.test\bin\debug\net7.0\carlton.base.components.test.dll" id="4b6514f5-8258-f539-a400-bc0b147a93fc">
      <Execution id="b301fc7d-c661-46ee-a39e-3578de957d46" />
      <TestMethod codeBase="C:\Users\nicho\source\repos\NickGalazzo\Carlton.Base\src\Tests\Carlton.Base.Components.Test\bin\Debug\net7.0\Carlton.Base.Components.Test.dll" adapterTypeName="executor://xunit/VsTestRunner2/netcoreapp" className="Carlton.Base.Components.Test.MobileTabBarComponentTests" name="MobileTabBar_WithTwoTabs_RendersCorrectly" />
    </UnitTest>
    <UnitTest name="Carlton.Base.Components.Test.MobileTabBarComponentTests.MobileTabBar_ShowDisplayIconParam_RendersCorrectly(showDisplayIcon: False)" storage="c:\users\nicho\source\repos\nickgalazzo\carlton.base\src\tests\carlton.base.components.test\bin\debug\net7.0\carlton.base.components.test.dll" id="06c68ee5-4115-5846-7fc3-9d60a4e87d30">
      <Execution id="9c1a05c7-393a-4b11-8e21-7997de425311" />
      <TestMethod codeBase="C:\Users\nicho\source\repos\NickGalazzo\Carlton.Base\src\Tests\Carlton.Base.Components.Test\bin\Debug\net7.0\Carlton.Base.Components.Test.dll" adapterTypeName="executor://xunit/VsTestRunner2/netcoreapp" className="Carlton.Base.Components.Test.MobileTabBarComponentTests" name="MobileTabBar_ShowDisplayIconParam_RendersCorrectly" />
    </UnitTest>
    <UnitTest name="Carlton.Base.Components.Test.DesktopTabBarComponentTests.DesktopTabBar_DefaultActiveTab_RendersCorrectly" storage="c:\users\nicho\source\repos\nickgalazzo\carlton.base\src\tests\carlton.base.components.test\bin\debug\net7.0\carlton.base.components.test.dll" id="e9eb0071-7c11-ea6a-d23e-514dfad8a621">
      <Execution id="b3a55d06-a0be-4abe-9d9c-914b52841fbb" />
      <TestMethod codeBase="C:\Users\nicho\source\repos\NickGalazzo\Carlton.Base\src\Tests\Carlton.Base.Components.Test\bin\Debug\net7.0\Carlton.Base.Components.Test.dll" adapterTypeName="executor://xunit/VsTestRunner2/netcoreapp" className="Carlton.Base.Components.Test.DesktopTabBarComponentTests" name="DesktopTabBar_DefaultActiveTab_RendersCorrectly" />
    </UnitTest>
    <UnitTest name="Carlton.Base.Components.Test.TabComponentTests.Tab_WithOutParent_ThrowsArgumentNullException" storage="c:\users\nicho\source\repos\nickgalazzo\carlton.base\src\tests\carlton.base.components.test\bin\debug\net7.0\carlton.base.components.test.dll" id="aa57a9f5-bc65-b287-a5c7-b36d21c6642f">
      <Execution id="225b3ecc-4b66-4a16-8549-74826b5f313e" />
      <TestMethod codeBase="C:\Users\nicho\source\repos\NickGalazzo\Carlton.Base\src\Tests\Carlton.Base.Components.Test\bin\Debug\net7.0\Carlton.Base.Components.Test.dll" adapterTypeName="executor://xunit/VsTestRunner2/netcoreapp" className="Carlton.Base.Components.Test.TabComponentTests" name="Tab_WithOutParent_ThrowsArgumentNullException" />
    </UnitTest>
    <UnitTest name="Carlton.Base.Components.Test.SlideTabComponentTests.SlideTab_PositionBottomParam_RendersCorrectly(expectedPositionBottom: 500)" storage="c:\users\nicho\source\repos\nickgalazzo\carlton.base\src\tests\carlton.base.components.test\bin\debug\net7.0\carlton.base.components.test.dll" id="dd925c60-da53-25bf-1f76-c292f459c42a">
      <Execution id="fd045952-7cae-4ab2-bf85-55ac205d78b4" />
      <TestMethod codeBase="C:\Users\nicho\source\repos\NickGalazzo\Carlton.Base\src\Tests\Carlton.Base.Components.Test\bin\Debug\net7.0\Carlton.Base.Components.Test.dll" adapterTypeName="executor://xunit/VsTestRunner2/netcoreapp" className="Carlton.Base.Components.Test.SlideTabComponentTests" name="SlideTab_PositionBottomParam_RendersCorrectly" />
    </UnitTest>
    <UnitTest name="Carlton.Base.Components.Test.MobileTabBarComponentTests.MobileTabBar_ActiveTabClass_RendersCorrectly(activeTabIndex: 0)" storage="c:\users\nicho\source\repos\nickgalazzo\carlton.base\src\tests\carlton.base.components.test\bin\debug\net7.0\carlton.base.components.test.dll" id="b9366499-2fa9-2b74-777c-bd5ce9b81d50">
      <Execution id="ea84ee71-5ea4-4cbe-ab99-bec979ee3541" />
      <TestMethod codeBase="C:\Users\nicho\source\repos\NickGalazzo\Carlton.Base\src\Tests\Carlton.Base.Components.Test\bin\Debug\net7.0\Carlton.Base.Components.Test.dll" adapterTypeName="executor://xunit/VsTestRunner2/netcoreapp" className="Carlton.Base.Components.Test.MobileTabBarComponentTests" name="MobileTabBar_ActiveTabClass_RendersCorrectly" />
    </UnitTest>
    <UnitTest name="Carlton.Base.Components.Test.DropDownMenuComponentTests.DropDownMenuElement_MenuItemsParams_RendersCorrectly" storage="c:\users\nicho\source\repos\nickgalazzo\carlton.base\src\tests\carlton.base.components.test\bin\debug\net7.0\carlton.base.components.test.dll" id="e0cddd5e-2a45-1288-289d-9ff1fd5e0351">
      <Execution id="b23840e1-b416-4680-9c9d-9aaf9fb33e27" />
      <TestMethod codeBase="C:\Users\nicho\source\repos\NickGalazzo\Carlton.Base\src\Tests\Carlton.Base.Components.Test\bin\Debug\net7.0\Carlton.Base.Components.Test.dll" adapterTypeName="executor://xunit/VsTestRunner2/netcoreapp" className="Carlton.Base.Components.Test.DropDownMenuComponentTests" name="DropDownMenuElement_MenuItemsParams_RendersCorrectly" />
    </UnitTest>
    <UnitTest name="Carlton.Base.Components.Test.DropDownMenuComponentTests.DropDownMenuElement_MenuItemTemplateParam_RendersCorrectly" storage="c:\users\nicho\source\repos\nickgalazzo\carlton.base\src\tests\carlton.base.components.test\bin\debug\net7.0\carlton.base.components.test.dll" id="b71d196b-5d7d-7218-f948-d0c24d038ef9">
      <Execution id="3b764d2e-6adf-443b-891d-7d21bc55dd3d" />
      <TestMethod codeBase="C:\Users\nicho\source\repos\NickGalazzo\Carlton.Base\src\Tests\Carlton.Base.Components.Test\bin\Debug\net7.0\Carlton.Base.Components.Test.dll" adapterTypeName="executor://xunit/VsTestRunner2/netcoreapp" className="Carlton.Base.Components.Test.DropDownMenuComponentTests" name="DropDownMenuElement_MenuItemTemplateParam_RendersCorrectly" />
    </UnitTest>
    <UnitTest name="Carlton.Base.Components.Test.SlideTabComponentTests.SlideTab_PositionBottomParam_RendersCorrectly(expectedPositionBottom: 5)" storage="c:\users\nicho\source\repos\nickgalazzo\carlton.base\src\tests\carlton.base.components.test\bin\debug\net7.0\carlton.base.components.test.dll" id="41ef5a33-62e1-ee23-395b-9e241d1e28fc">
      <Execution id="2773b36a-1822-4259-b60e-c588c1f83c93" />
      <TestMethod codeBase="C:\Users\nicho\source\repos\NickGalazzo\Carlton.Base\src\Tests\Carlton.Base.Components.Test\bin\Debug\net7.0\Carlton.Base.Components.Test.dll" adapterTypeName="executor://xunit/VsTestRunner2/netcoreapp" className="Carlton.Base.Components.Test.SlideTabComponentTests" name="SlideTab_PositionBottomParam_RendersCorrectly" />
    </UnitTest>
    <UnitTest name="Carlton.Base.Components.Test.AccordionSelectGroupComponentTests.AccordionSelectGroup_SelectedItemParam_shouldRenderCorrectly(groupIndex: 0, itemIndex: 1, itemValue: 2)" storage="c:\users\nicho\source\repos\nickgalazzo\carlton.base\src\tests\carlton.base.components.test\bin\debug\net7.0\carlton.base.components.test.dll" id="925a0f7a-d69c-5d5e-e82e-3f410ec45cc2">
      <Execution id="5781d3c3-1ca2-499b-a9d2-9a8c3b88db58" />
      <TestMethod codeBase="C:\Users\nicho\source\repos\NickGalazzo\Carlton.Base\src\Tests\Carlton.Base.Components.Test\bin\Debug\net7.0\Carlton.Base.Components.Test.dll" adapterTypeName="executor://xunit/VsTestRunner2/netcoreapp" className="Carlton.Base.Components.Test.AccordionSelectGroupComponentTests" name="AccordionSelectGroup_SelectedItemParam_shouldRenderCorrectly" />
    </UnitTest>
    <UnitTest name="Carlton.Base.Components.Test.TablePaginationRowComponentTests.TablePaginationRow_PaginationLabel_RendersCorrectly(currentPage: 2, currentRowsPerPage: 5, expectedText: &quot;6-10 of 15&quot;)" storage="c:\users\nicho\source\repos\nickgalazzo\carlton.base\src\tests\carlton.base.components.test\bin\debug\net7.0\carlton.base.components.test.dll" id="a0efe433-7d1f-0632-d7f1-eebd2a3138b2">
      <Execution id="60e7f685-8fe1-4b3a-9df1-1d0045d50534" />
      <TestMethod codeBase="C:\Users\nicho\source\repos\NickGalazzo\Carlton.Base\src\Tests\Carlton.Base.Components.Test\bin\Debug\net7.0\Carlton.Base.Components.Test.dll" adapterTypeName="executor://xunit/VsTestRunner2/netcoreapp" className="Carlton.Base.Components.Test.TablePaginationRowComponentTests" name="TablePaginationRow_PaginationLabel_RendersCorrectly" />
    </UnitTest>
    <UnitTest name="Carlton.Base.Components.Test.TableComponentTests.Table_HeaderItemOnClick_AscendingClass_RendersCorrectly(selectedIndex: 2)" storage="c:\users\nicho\source\repos\nickgalazzo\carlton.base\src\tests\carlton.base.components.test\bin\debug\net7.0\carlton.base.components.test.dll" id="99fe2d9f-2eb0-853a-b738-215cc0d01990">
      <Execution id="64651b6c-f5d7-4ddb-89fb-c0876a158b53" />
      <TestMethod codeBase="C:\Users\nicho\source\repos\NickGalazzo\Carlton.Base\src\Tests\Carlton.Base.Components.Test\bin\Debug\net7.0\Carlton.Base.Components.Test.dll" adapterTypeName="executor://xunit/VsTestRunner2/netcoreapp" className="Carlton.Base.Components.Test.TableComponentTests" name="Table_HeaderItemOnClick_AscendingClass_RendersCorrectly" />
    </UnitTest>
    <UnitTest name="Carlton.Base.Components.Test.TableHeaderComponentTests.TableHeader_ClickHeadersOnceTwice_EventFires(columnIndex: 0, expectedColumnName: &quot;ID&quot;)" storage="c:\users\nicho\source\repos\nickgalazzo\carlton.base\src\tests\carlton.base.components.test\bin\debug\net7.0\carlton.base.components.test.dll" id="438eed2f-cc94-9f83-f842-f4351edb01f8">
      <Execution id="9ed7a9e4-3498-483e-a8de-6c5dab8cb926" />
      <TestMethod codeBase="C:\Users\nicho\source\repos\NickGalazzo\Carlton.Base\src\Tests\Carlton.Base.Components.Test\bin\Debug\net7.0\Carlton.Base.Components.Test.dll" adapterTypeName="executor://xunit/VsTestRunner2/netcoreapp" className="Carlton.Base.Components.Test.TableHeaderComponentTests" name="TableHeader_ClickHeadersOnceTwice_EventFires" />
    </UnitTest>
    <UnitTest name="Carlton.Base.Components.Test.AccordionSelectGroupComponentTests.AccordionSelectGroup_SelectedItemParam_shouldRenderCorrectly(groupIndex: 1, itemIndex: 2, itemValue: 3)" storage="c:\users\nicho\source\repos\nickgalazzo\carlton.base\src\tests\carlton.base.components.test\bin\debug\net7.0\carlton.base.components.test.dll" id="07ef0f4a-874b-3393-6516-96d459f1f2b1">
      <Execution id="a1062f5c-aefb-4d25-9a91-ac2ea0bb2be0" />
      <TestMethod codeBase="C:\Users\nicho\source\repos\NickGalazzo\Carlton.Base\src\Tests\Carlton.Base.Components.Test\bin\Debug\net7.0\Carlton.Base.Components.Test.dll" adapterTypeName="executor://xunit/VsTestRunner2/netcoreapp" className="Carlton.Base.Components.Test.AccordionSelectGroupComponentTests" name="AccordionSelectGroup_SelectedItemParam_shouldRenderCorrectly" />
    </UnitTest>
    <UnitTest name="Carlton.Base.Components.Test.TablePaginationRowComponentTests.TablePaginationRow_PaginationLabel_RendersCorrectly(currentPage: 1, currentRowsPerPage: 15, expectedText: &quot;1-15 of 15&quot;)" storage="c:\users\nicho\source\repos\nickgalazzo\carlton.base\src\tests\carlton.base.components.test\bin\debug\net7.0\carlton.base.components.test.dll" id="ecc30bc4-46be-bc3d-f1cf-7cf78fe8f2ab">
      <Execution id="f2d03bc7-4473-48fa-9c3d-b1c7a69cf2cb" />
      <TestMethod codeBase="C:\Users\nicho\source\repos\NickGalazzo\Carlton.Base\src\Tests\Carlton.Base.Components.Test\bin\Debug\net7.0\Carlton.Base.Components.Test.dll" adapterTypeName="executor://xunit/VsTestRunner2/netcoreapp" className="Carlton.Base.Components.Test.TablePaginationRowComponentTests" name="TablePaginationRow_PaginationLabel_RendersCorrectly" />
    </UnitTest>
    <UnitTest name="Carlton.Base.Components.Test.CountCardComponentTests.CountCard_Markup_RendersCorrectly" storage="c:\users\nicho\source\repos\nickgalazzo\carlton.base\src\tests\carlton.base.components.test\bin\debug\net7.0\carlton.base.components.test.dll" id="486e9ba1-e753-20ca-0c09-62b671e1cc0c">
      <Execution id="505ccd2a-9543-47c4-9428-b21e697974fd" />
      <TestMethod codeBase="C:\Users\nicho\source\repos\NickGalazzo\Carlton.Base\src\Tests\Carlton.Base.Components.Test\bin\Debug\net7.0\Carlton.Base.Components.Test.dll" adapterTypeName="executor://xunit/VsTestRunner2/netcoreapp" className="Carlton.Base.Components.Test.CountCardComponentTests" name="CountCard_Markup_RendersCorrectly" />
    </UnitTest>
    <UnitTest name="Carlton.Base.Components.Test.DesktopTabBarComponentTests.DesktopTabBar_ActiveTab_RendersCorrectly(activeTabIndex: 0, expectedText: &quot;&lt;span&gt;This is the first tab&lt;/span&gt;&quot;)" storage="c:\users\nicho\source\repos\nickgalazzo\carlton.base\src\tests\carlton.base.components.test\bin\debug\net7.0\carlton.base.components.test.dll" id="01cca043-7422-59f0-8edf-1a356304b220">
      <Execution id="d62f595d-38ef-437b-9c8e-6b2265dab6c5" />
      <TestMethod codeBase="C:\Users\nicho\source\repos\NickGalazzo\Carlton.Base\src\Tests\Carlton.Base.Components.Test\bin\Debug\net7.0\Carlton.Base.Components.Test.dll" adapterTypeName="executor://xunit/VsTestRunner2/netcoreapp" className="Carlton.Base.Components.Test.DesktopTabBarComponentTests" name="DesktopTabBar_ActiveTab_RendersCorrectly" />
    </UnitTest>
    <UnitTest name="Carlton.Base.Components.Test.DesktopTabBarComponentTests.DesktopTabBar_ActiveTab_RendersCorrectly(activeTabIndex: 1, expectedText: &quot;&lt;span&gt;This is the second tab&lt;/span&gt;&quot;)" storage="c:\users\nicho\source\repos\nickgalazzo\carlton.base\src\tests\carlton.base.components.test\bin\debug\net7.0\carlton.base.components.test.dll" id="c8e77cac-6f32-7922-908e-be27d6adb862">
      <Execution id="257001ce-4c10-46f4-a62f-9100d622da13" />
      <TestMethod codeBase="C:\Users\nicho\source\repos\NickGalazzo\Carlton.Base\src\Tests\Carlton.Base.Components.Test\bin\Debug\net7.0\Carlton.Base.Components.Test.dll" adapterTypeName="executor://xunit/VsTestRunner2/netcoreapp" className="Carlton.Base.Components.Test.DesktopTabBarComponentTests" name="DesktopTabBar_ActiveTab_RendersCorrectly" />
    </UnitTest>
    <UnitTest name="Carlton.Base.Components.Test.CountCardComponentTests.CountCard_CountParam_RendersCorrectly(count: 15)" storage="c:\users\nicho\source\repos\nickgalazzo\carlton.base\src\tests\carlton.base.components.test\bin\debug\net7.0\carlton.base.components.test.dll" id="226ff44c-7eed-908a-393a-428e9c82527f">
      <Execution id="269e74d4-da4e-46a3-bf08-06eede15f678" />
      <TestMethod codeBase="C:\Users\nicho\source\repos\NickGalazzo\Carlton.Base\src\Tests\Carlton.Base.Components.Test\bin\Debug\net7.0\Carlton.Base.Components.Test.dll" adapterTypeName="executor://xunit/VsTestRunner2/netcoreapp" className="Carlton.Base.Components.Test.CountCardComponentTests" name="CountCard_CountParam_RendersCorrectly" />
    </UnitTest>
    <UnitTest name="Carlton.Base.Components.Test.BaseNotificationComponentTests.BaseNotification_IconClassParameter_RendersCorrectly(expectedIconClass: &quot;icon-class-test-2&quot;)" storage="c:\users\nicho\source\repos\nickgalazzo\carlton.base\src\tests\carlton.base.components.test\bin\debug\net7.0\carlton.base.components.test.dll" id="97987535-2968-7f77-7024-d278c34b0d82">
      <Execution id="9ea3e261-2256-4234-8d81-d981db43468a" />
      <TestMethod codeBase="C:\Users\nicho\source\repos\NickGalazzo\Carlton.Base\src\Tests\Carlton.Base.Components.Test\bin\Debug\net7.0\Carlton.Base.Components.Test.dll" adapterTypeName="executor://xunit/VsTestRunner2/netcoreapp" className="Carlton.Base.Components.Test.BaseNotificationComponentTests" name="BaseNotification_IconClassParameter_RendersCorrectly" />
    </UnitTest>
    <UnitTest name="Carlton.Base.Components.Test.DropDownMenuElementComponentTests.DropDownMenuElement_Markup_RendersCorrectly" storage="c:\users\nicho\source\repos\nickgalazzo\carlton.base\src\tests\carlton.base.components.test\bin\debug\net7.0\carlton.base.components.test.dll" id="0419bf75-fe13-ba31-ce3d-95f4193a989f">
      <Execution id="4aa1e6bd-0603-4a3a-8fad-3d32200d6f84" />
      <TestMethod codeBase="C:\Users\nicho\source\repos\NickGalazzo\Carlton.Base\src\Tests\Carlton.Base.Components.Test\bin\Debug\net7.0\Carlton.Base.Components.Test.dll" adapterTypeName="executor://xunit/VsTestRunner2/netcoreapp" className="Carlton.Base.Components.Test.DropDownMenuElementComponentTests" name="DropDownMenuElement_Markup_RendersCorrectly" />
    </UnitTest>
    <UnitTest name="Carlton.Base.Components.Test.TableComponentTests.Table_RowTemplateParam_RendersCorrectly(rowTemplate: &quot;&lt;div class=\&quot;test-row\&quot;&gt;&lt;span&gt;Template {0}{1}{2}&lt;/&quot;...)" storage="c:\users\nicho\source\repos\nickgalazzo\carlton.base\src\tests\carlton.base.components.test\bin\debug\net7.0\carlton.base.components.test.dll" id="04a5b1b1-3a10-f4f6-371a-04cf46ac4cb9">
      <Execution id="2dbae7c0-7e6e-4c15-b5c0-e2163aa66ae4" />
      <TestMethod codeBase="C:\Users\nicho\source\repos\NickGalazzo\Carlton.Base\src\Tests\Carlton.Base.Components.Test\bin\Debug\net7.0\Carlton.Base.Components.Test.dll" adapterTypeName="executor://xunit/VsTestRunner2/netcoreapp" className="Carlton.Base.Components.Test.TableComponentTests" name="Table_RowTemplateParam_RendersCorrectly" />
    </UnitTest>
    <UnitTest name="Carlton.Base.Components.Test.CardComponentTests.Card_CardTitleParam_RendersCorrectly(expectedTitle: &quot;Test Title 2&quot;)" storage="c:\users\nicho\source\repos\nickgalazzo\carlton.base\src\tests\carlton.base.components.test\bin\debug\net7.0\carlton.base.components.test.dll" id="eb6b2198-722f-088a-171f-b415baf59577">
      <Execution id="6cf69f8d-1c9d-402a-9182-2e6c2f9d1d6c" />
      <TestMethod codeBase="C:\Users\nicho\source\repos\NickGalazzo\Carlton.Base\src\Tests\Carlton.Base.Components.Test\bin\Debug\net7.0\Carlton.Base.Components.Test.dll" adapterTypeName="executor://xunit/VsTestRunner2/netcoreapp" className="Carlton.Base.Components.Test.CardComponentTests" name="Card_CardTitleParam_RendersCorrectly" />
    </UnitTest>
    <UnitTest name="Carlton.Base.Components.Test.SelectComponentTests.Select_DisabledParam_RendersCorrectly(isDisabled: False)" storage="c:\users\nicho\source\repos\nickgalazzo\carlton.base\src\tests\carlton.base.components.test\bin\debug\net7.0\carlton.base.components.test.dll" id="03aa21a3-5e37-91dc-e5c6-7f98978fd03c">
      <Execution id="d05b06fe-a084-4eff-a106-dd9d80a7ee90" />
      <TestMethod codeBase="C:\Users\nicho\source\repos\NickGalazzo\Carlton.Base\src\Tests\Carlton.Base.Components.Test\bin\Debug\net7.0\Carlton.Base.Components.Test.dll" adapterTypeName="executor://xunit/VsTestRunner2/netcoreapp" className="Carlton.Base.Components.Test.SelectComponentTests" name="Select_DisabledParam_RendersCorrectly" />
    </UnitTest>
    <UnitTest name="Carlton.Base.Components.Test.TablePaginationRowComponentTests.TablePaginationRow_PaginationLabel_ItemCountLessThanItemsPerPage_RendersCorrectly(optIndex: 1)" storage="c:\users\nicho\source\repos\nickgalazzo\carlton.base\src\tests\carlton.base.components.test\bin\debug\net7.0\carlton.base.components.test.dll" id="fd6e953f-5dd0-0abb-0784-55a54af88074">
      <Execution id="a34a4edc-18ba-49ee-8231-2c6537cb1517" />
      <TestMethod codeBase="C:\Users\nicho\source\repos\NickGalazzo\Carlton.Base\src\Tests\Carlton.Base.Components.Test\bin\Debug\net7.0\Carlton.Base.Components.Test.dll" adapterTypeName="executor://xunit/VsTestRunner2/netcoreapp" className="Carlton.Base.Components.Test.TablePaginationRowComponentTests" name="TablePaginationRow_PaginationLabel_ItemCountLessThanItemsPerPage_RendersCorrectly" />
    </UnitTest>
    <UnitTest name="Carlton.Base.Components.Test.MobileTabBarComponentTests.MobileTabBar_ActiveTab_RendersCorrectly(activeTabIndex: 1, expectedText: &quot;&lt;span&gt;This is the second tab&lt;/span&gt;&quot;)" storage="c:\users\nicho\source\repos\nickgalazzo\carlton.base\src\tests\carlton.base.components.test\bin\debug\net7.0\carlton.base.components.test.dll" id="40f397c7-6770-78b5-44ee-bfd175e82413">
      <Execution id="d01ec00e-e8ca-4e12-8f93-f0ffe928590c" />
      <TestMethod codeBase="C:\Users\nicho\source\repos\NickGalazzo\Carlton.Base\src\Tests\Carlton.Base.Components.Test\bin\Debug\net7.0\Carlton.Base.Components.Test.dll" adapterTypeName="executor://xunit/VsTestRunner2/netcoreapp" className="Carlton.Base.Components.Test.MobileTabBarComponentTests" name="MobileTabBar_ActiveTab_RendersCorrectly" />
    </UnitTest>
    <UnitTest name="Carlton.Base.Components.Test.SelectComponentTests.Select_LabelParam_RendersCorrectly(labelText: &quot;Another Test Label&quot;)" storage="c:\users\nicho\source\repos\nickgalazzo\carlton.base\src\tests\carlton.base.components.test\bin\debug\net7.0\carlton.base.components.test.dll" id="9b5468a2-4813-db67-ef8f-8ee6cb07a98d">
      <Execution id="03894ae8-3788-482c-aeda-59083ce64eef" />
      <TestMethod codeBase="C:\Users\nicho\source\repos\NickGalazzo\Carlton.Base\src\Tests\Carlton.Base.Components.Test\bin\Debug\net7.0\Carlton.Base.Components.Test.dll" adapterTypeName="executor://xunit/VsTestRunner2/netcoreapp" className="Carlton.Base.Components.Test.SelectComponentTests" name="Select_LabelParam_RendersCorrectly" />
    </UnitTest>
    <UnitTest name="Carlton.Base.Components.Test.CardComponentTests.Card_ActionBarContentChildParam_RendersCorrectly(expectedActionBarContent: &quot;ActionBar Testing Content 2&quot;)" storage="c:\users\nicho\source\repos\nickgalazzo\carlton.base\src\tests\carlton.base.components.test\bin\debug\net7.0\carlton.base.components.test.dll" id="6f8d796c-6ca4-169d-1cc8-af66825f8e0b">
      <Execution id="3be9996b-a65d-46e0-84f1-64a104e233e5" />
      <TestMethod codeBase="C:\Users\nicho\source\repos\NickGalazzo\Carlton.Base\src\Tests\Carlton.Base.Components.Test\bin\Debug\net7.0\Carlton.Base.Components.Test.dll" adapterTypeName="executor://xunit/VsTestRunner2/netcoreapp" className="Carlton.Base.Components.Test.CardComponentTests" name="Card_ActionBarContentChildParam_RendersCorrectly" />
    </UnitTest>
    <UnitTest name="Carlton.Base.Components.Test.DropDownMenuElementComponentTests.DropDownMenuElement_MenuItemAccentColorIndexParam_RendersCorrectly(accentColorIndex: 2, expectedValue: &quot;accent-color-2&quot;)" storage="c:\users\nicho\source\repos\nickgalazzo\carlton.base\src\tests\carlton.base.components.test\bin\debug\net7.0\carlton.base.components.test.dll" id="0afa6e93-21df-6485-679f-9075d24581f2">
      <Execution id="756a27a6-5780-4e2d-bd7b-b2d3179018b9" />
      <TestMethod codeBase="C:\Users\nicho\source\repos\NickGalazzo\Carlton.Base\src\Tests\Carlton.Base.Components.Test\bin\Debug\net7.0\Carlton.Base.Components.Test.dll" adapterTypeName="executor://xunit/VsTestRunner2/netcoreapp" className="Carlton.Base.Components.Test.DropDownMenuElementComponentTests" name="DropDownMenuElement_MenuItemAccentColorIndexParam_RendersCorrectly" />
    </UnitTest>
    <UnitTest name="Carlton.Base.Components.Test.TablePaginationRowComponentTests.TablePaginationRow_OnPaginationChangedCallback_FiresEvent(selectedPage: 2, selectedRowsPerPage: 10, expectedPage: 2)" storage="c:\users\nicho\source\repos\nickgalazzo\carlton.base\src\tests\carlton.base.components.test\bin\debug\net7.0\carlton.base.components.test.dll" id="14b71093-01d3-79b3-699f-161f58724b21">
      <Execution id="98ca3893-34e1-4b2d-84fa-8d8c2f45e292" />
      <TestMethod codeBase="C:\Users\nicho\source\repos\NickGalazzo\Carlton.Base\src\Tests\Carlton.Base.Components.Test\bin\Debug\net7.0\Carlton.Base.Components.Test.dll" adapterTypeName="executor://xunit/VsTestRunner2/netcoreapp" className="Carlton.Base.Components.Test.TablePaginationRowComponentTests" name="TablePaginationRow_OnPaginationChangedCallback_FiresEvent" />
    </UnitTest>
    <UnitTest name="Carlton.Base.Components.Test.BaseNotificationComponentTests.BaseNotification_MessageParam_RendersCorrectly(expectedMessage: &quot;Notification Message Test 1&quot;)" storage="c:\users\nicho\source\repos\nickgalazzo\carlton.base\src\tests\carlton.base.components.test\bin\debug\net7.0\carlton.base.components.test.dll" id="a5583b3d-3f91-3c4f-21d1-42bb4138e6f4">
      <Execution id="f06c6d57-2fea-4989-af1d-bebabe95f46d" />
      <TestMethod codeBase="C:\Users\nicho\source\repos\NickGalazzo\Carlton.Base\src\Tests\Carlton.Base.Components.Test\bin\Debug\net7.0\Carlton.Base.Components.Test.dll" adapterTypeName="executor://xunit/VsTestRunner2/netcoreapp" className="Carlton.Base.Components.Test.BaseNotificationComponentTests" name="BaseNotification_MessageParam_RendersCorrectly" />
    </UnitTest>
    <UnitTest name="Carlton.Base.Components.Test.AccordionSelectGroupComponentTests.AccordionSelectGroup_OnSelectedItemChangedParam_FiresCallback" storage="c:\users\nicho\source\repos\nickgalazzo\carlton.base\src\tests\carlton.base.components.test\bin\debug\net7.0\carlton.base.components.test.dll" id="7183fcb2-96ea-e60f-6a0d-221a2ec30690">
      <Execution id="f8722bda-f48d-4e9f-a5eb-b2744c3f6561" />
      <TestMethod codeBase="C:\Users\nicho\source\repos\NickGalazzo\Carlton.Base\src\Tests\Carlton.Base.Components.Test\bin\Debug\net7.0\Carlton.Base.Components.Test.dll" adapterTypeName="executor://xunit/VsTestRunner2/netcoreapp" className="Carlton.Base.Components.Test.AccordionSelectGroupComponentTests" name="AccordionSelectGroup_OnSelectedItemChangedParam_FiresCallback" />
    </UnitTest>
    <UnitTest name="Carlton.Base.Components.Test.DropDownMenuElementComponentTests.DropDownMenuElement_MenuItemAccentColorIndexParam_RendersCorrectly(accentColorIndex: 3, expectedValue: &quot;accent-color-3&quot;)" storage="c:\users\nicho\source\repos\nickgalazzo\carlton.base\src\tests\carlton.base.components.test\bin\debug\net7.0\carlton.base.components.test.dll" id="911fda85-2a8a-0289-0e5d-1f27e32d0aa6">
      <Execution id="fbb9b8a2-070e-461e-b4d3-5611bea63a38" />
      <TestMethod codeBase="C:\Users\nicho\source\repos\NickGalazzo\Carlton.Base\src\Tests\Carlton.Base.Components.Test\bin\Debug\net7.0\Carlton.Base.Components.Test.dll" adapterTypeName="executor://xunit/VsTestRunner2/netcoreapp" className="Carlton.Base.Components.Test.DropDownMenuElementComponentTests" name="DropDownMenuElement_MenuItemAccentColorIndexParam_RendersCorrectly" />
    </UnitTest>
    <UnitTest name="Carlton.Base.Components.Test.TablePaginationRowComponentTests.TablePaginationRow_ItemCountGreaterThanItemsPerPage_RightChevronsEnabled_RendersCorrectly(itemCount: 50)" storage="c:\users\nicho\source\repos\nickgalazzo\carlton.base\src\tests\carlton.base.components.test\bin\debug\net7.0\carlton.base.components.test.dll" id="d2c9aff5-47d5-b79a-c0eb-4e831caf7a21">
      <Execution id="54250054-e357-487e-920c-68c4e9ac17b5" />
      <TestMethod codeBase="C:\Users\nicho\source\repos\NickGalazzo\Carlton.Base\src\Tests\Carlton.Base.Components.Test\bin\Debug\net7.0\Carlton.Base.Components.Test.dll" adapterTypeName="executor://xunit/VsTestRunner2/netcoreapp" className="Carlton.Base.Components.Test.TablePaginationRowComponentTests" name="TablePaginationRow_ItemCountGreaterThanItemsPerPage_RightChevronsEnabled_RendersCorrectly" />
    </UnitTest>
    <UnitTest name="Carlton.Base.Components.Test.SlideTabComponentTests.SlideTab_ContentParam_RendersCorrectly(expectedContent: &quot;&lt;span class=\&quot;test-content\&quot;&gt;Here is some test con&quot;...)" storage="c:\users\nicho\source\repos\nickgalazzo\carlton.base\src\tests\carlton.base.components.test\bin\debug\net7.0\carlton.base.components.test.dll" id="8604af9a-6283-f41c-5895-dcded0b19ca9">
      <Execution id="56701e68-1087-485c-9257-b745c690eff1" />
      <TestMethod codeBase="C:\Users\nicho\source\repos\NickGalazzo\Carlton.Base\src\Tests\Carlton.Base.Components.Test\bin\Debug\net7.0\Carlton.Base.Components.Test.dll" adapterTypeName="executor://xunit/VsTestRunner2/netcoreapp" className="Carlton.Base.Components.Test.SlideTabComponentTests" name="SlideTab_ContentParam_RendersCorrectly" />
    </UnitTest>
    <UnitTest name="Carlton.Base.Components.Test.TableHeaderComponentTests.TableHeader_OnClick_SelectedClass_RendersCorrectly(selectedIndex: 2)" storage="c:\users\nicho\source\repos\nickgalazzo\carlton.base\src\tests\carlton.base.components.test\bin\debug\net7.0\carlton.base.components.test.dll" id="228c60cf-8687-f056-2056-b4e1f563875c">
      <Execution id="3e9e7d85-e7b6-4d8d-bd58-24d89532c37b" />
      <TestMethod codeBase="C:\Users\nicho\source\repos\NickGalazzo\Carlton.Base\src\Tests\Carlton.Base.Components.Test\bin\Debug\net7.0\Carlton.Base.Components.Test.dll" adapterTypeName="executor://xunit/VsTestRunner2/netcoreapp" className="Carlton.Base.Components.Test.TableHeaderComponentTests" name="TableHeader_OnClick_SelectedClass_RendersCorrectly" />
    </UnitTest>
    <UnitTest name="Carlton.Base.Components.Test.ListCardComponentTests.ListCard_CardTitleParam_RendersCorrectly(title: &quot;Test Title 3&quot;)" storage="c:\users\nicho\source\repos\nickgalazzo\carlton.base\src\tests\carlton.base.components.test\bin\debug\net7.0\carlton.base.components.test.dll" id="d6ebcc12-cfb0-53aa-98c4-6cc50d60c9db">
      <Execution id="f23c6080-667b-4bb5-8460-6947f7edfeaa" />
      <TestMethod codeBase="C:\Users\nicho\source\repos\NickGalazzo\Carlton.Base\src\Tests\Carlton.Base.Components.Test\bin\Debug\net7.0\Carlton.Base.Components.Test.dll" adapterTypeName="executor://xunit/VsTestRunner2/netcoreapp" className="Carlton.Base.Components.Test.ListCardComponentTests" name="ListCard_CardTitleParam_RendersCorrectly" />
    </UnitTest>
    <UnitTest name="Carlton.Base.Components.Test.TableHeaderComponentTests.TableHeader_ClickHeadersOnceTwice_EventFires(columnIndex: 1, expectedColumnName: &quot;DisplayName&quot;)" storage="c:\users\nicho\source\repos\nickgalazzo\carlton.base\src\tests\carlton.base.components.test\bin\debug\net7.0\carlton.base.components.test.dll" id="d9e12bf2-ab5b-0ec6-1214-606db4380b58">
      <Execution id="52ca7c45-ce40-40e3-9506-ce5d2bd1f99a" />
      <TestMethod codeBase="C:\Users\nicho\source\repos\NickGalazzo\Carlton.Base\src\Tests\Carlton.Base.Components.Test\bin\Debug\net7.0\Carlton.Base.Components.Test.dll" adapterTypeName="executor://xunit/VsTestRunner2/netcoreapp" className="Carlton.Base.Components.Test.TableHeaderComponentTests" name="TableHeader_ClickHeadersOnceTwice_EventFires" />
    </UnitTest>
    <UnitTest name="Carlton.Base.Components.Test.TablePaginationRowComponentTests.TablePaginationRow_OnPaginationChangedCallback_FiresEvent(selectedPage: 2, selectedRowsPerPage: 15, expectedPage: 1)" storage="c:\users\nicho\source\repos\nickgalazzo\carlton.base\src\tests\carlton.base.components.test\bin\debug\net7.0\carlton.base.components.test.dll" id="aa7e615a-7f15-9843-7c19-46e835d236eb">
      <Execution id="d42f2cae-a32d-4c3d-aa49-75c03a8a9e2b" />
      <TestMethod codeBase="C:\Users\nicho\source\repos\NickGalazzo\Carlton.Base\src\Tests\Carlton.Base.Components.Test\bin\Debug\net7.0\Carlton.Base.Components.Test.dll" adapterTypeName="executor://xunit/VsTestRunner2/netcoreapp" className="Carlton.Base.Components.Test.TablePaginationRowComponentTests" name="TablePaginationRow_OnPaginationChangedCallback_FiresEvent" />
    </UnitTest>
    <UnitTest name="Carlton.Base.Components.Test.DesktopTabBarComponentTests.DesktopTabBar_WithOneTab_RendersCorrectly" storage="c:\users\nicho\source\repos\nickgalazzo\carlton.base\src\tests\carlton.base.components.test\bin\debug\net7.0\carlton.base.components.test.dll" id="5145f4af-fec7-c72d-871d-4e76b076e06c">
      <Execution id="94d5e5bf-7fcf-4468-be1a-aedba0334efe" />
      <TestMethod codeBase="C:\Users\nicho\source\repos\NickGalazzo\Carlton.Base\src\Tests\Carlton.Base.Components.Test\bin\Debug\net7.0\Carlton.Base.Components.Test.dll" adapterTypeName="executor://xunit/VsTestRunner2/netcoreapp" className="Carlton.Base.Components.Test.DesktopTabBarComponentTests" name="DesktopTabBar_WithOneTab_RendersCorrectly" />
    </UnitTest>
    <UnitTest name="Carlton.Base.Components.Test.AccordionSelectComponentTests.AccordionSelect_TitleParam_RendersCorrectly(expectedTitle: &quot;Test 3&quot;)" storage="c:\users\nicho\source\repos\nickgalazzo\carlton.base\src\tests\carlton.base.components.test\bin\debug\net7.0\carlton.base.components.test.dll" id="e89c759a-07b6-738f-393f-29d4295989c6">
      <Execution id="cbb19351-553f-4a57-99da-7e34d80bcf47" />
      <TestMethod codeBase="C:\Users\nicho\source\repos\NickGalazzo\Carlton.Base\src\Tests\Carlton.Base.Components.Test\bin\Debug\net7.0\Carlton.Base.Components.Test.dll" adapterTypeName="executor://xunit/VsTestRunner2/netcoreapp" className="Carlton.Base.Components.Test.AccordionSelectComponentTests" name="AccordionSelect_TitleParam_RendersCorrectly" />
    </UnitTest>
    <UnitTest name="Carlton.Base.Components.Test.TableComponentTests.Table_HeaderItemOnClick_SelectedClass_RendersCorrectly(selectedIndex: 0)" storage="c:\users\nicho\source\repos\nickgalazzo\carlton.base\src\tests\carlton.base.components.test\bin\debug\net7.0\carlton.base.components.test.dll" id="9e655c7d-9475-0067-4c9a-5961a0e0aea6">
      <Execution id="dab7704e-f7bf-4af5-bfad-15821ec3d26c" />
      <TestMethod codeBase="C:\Users\nicho\source\repos\NickGalazzo\Carlton.Base\src\Tests\Carlton.Base.Components.Test\bin\Debug\net7.0\Carlton.Base.Components.Test.dll" adapterTypeName="executor://xunit/VsTestRunner2/netcoreapp" className="Carlton.Base.Components.Test.TableComponentTests" name="Table_HeaderItemOnClick_SelectedClass_RendersCorrectly" />
    </UnitTest>
    <UnitTest name="Carlton.Base.Components.Test.SelectComponentTests.Select_ValueChangedCallbackParam_FiresCallback(index: 1)" storage="c:\users\nicho\source\repos\nickgalazzo\carlton.base\src\tests\carlton.base.components.test\bin\debug\net7.0\carlton.base.components.test.dll" id="920e4354-fec6-14c2-1380-06b61a0b9ea9">
      <Execution id="a3b83644-4e92-40ac-81be-f0bd90b16557" />
      <TestMethod codeBase="C:\Users\nicho\source\repos\NickGalazzo\Carlton.Base\src\Tests\Carlton.Base.Components.Test\bin\Debug\net7.0\Carlton.Base.Components.Test.dll" adapterTypeName="executor://xunit/VsTestRunner2/netcoreapp" className="Carlton.Base.Components.Test.SelectComponentTests" name="Select_ValueChangedCallbackParam_FiresCallback" />
    </UnitTest>
    <UnitTest name="Carlton.Base.Components.Test.AccordionSelectComponentTests.AccordionSelect_SelectedValueParam_RendersCorrectly(selectedIndex: 1, selectedValue: 2)" storage="c:\users\nicho\source\repos\nickgalazzo\carlton.base\src\tests\carlton.base.components.test\bin\debug\net7.0\carlton.base.components.test.dll" id="fcd25c10-c16d-6e3a-163b-5f53194e3189">
      <Execution id="522264d0-c643-4700-a5d3-9d92b91725fb" />
      <TestMethod codeBase="C:\Users\nicho\source\repos\NickGalazzo\Carlton.Base\src\Tests\Carlton.Base.Components.Test\bin\Debug\net7.0\Carlton.Base.Components.Test.dll" adapterTypeName="executor://xunit/VsTestRunner2/netcoreapp" className="Carlton.Base.Components.Test.AccordionSelectComponentTests" name="AccordionSelect_SelectedValueParam_RendersCorrectly" />
    </UnitTest>
    <UnitTest name="Carlton.Base.Components.Test.CardComponentTests.Card_CardTitleParam_RendersCorrectly(expectedTitle: &quot;Test Title 3&quot;)" storage="c:\users\nicho\source\repos\nickgalazzo\carlton.base\src\tests\carlton.base.components.test\bin\debug\net7.0\carlton.base.components.test.dll" id="14a241c6-a958-4260-ba4e-654c705d25f8">
      <Execution id="a767fd38-dae6-439d-bb83-a143fd65fce7" />
      <TestMethod codeBase="C:\Users\nicho\source\repos\NickGalazzo\Carlton.Base\src\Tests\Carlton.Base.Components.Test\bin\Debug\net7.0\Carlton.Base.Components.Test.dll" adapterTypeName="executor://xunit/VsTestRunner2/netcoreapp" className="Carlton.Base.Components.Test.CardComponentTests" name="Card_CardTitleParam_RendersCorrectly" />
    </UnitTest>
    <UnitTest name="Carlton.Base.Components.Test.DropDownMenuElementComponentTests.DropDownMenuElement_MenuItemIconParam_RendersCorrectly(icon: &quot;icon-1&quot;)" storage="c:\users\nicho\source\repos\nickgalazzo\carlton.base\src\tests\carlton.base.components.test\bin\debug\net7.0\carlton.base.components.test.dll" id="801f7583-d760-3b33-e730-154e30024100">
      <Execution id="a4c7f755-5703-4680-97ae-2327e1a86e89" />
      <TestMethod codeBase="C:\Users\nicho\source\repos\NickGalazzo\Carlton.Base\src\Tests\Carlton.Base.Components.Test\bin\Debug\net7.0\Carlton.Base.Components.Test.dll" adapterTypeName="executor://xunit/VsTestRunner2/netcoreapp" className="Carlton.Base.Components.Test.DropDownMenuElementComponentTests" name="DropDownMenuElement_MenuItemIconParam_RendersCorrectly" />
    </UnitTest>
    <UnitTest name="Carlton.Base.Components.Test.NotificationBarComponentTests.NotificationBar_Markup_RendersCorrectly" storage="c:\users\nicho\source\repos\nickgalazzo\carlton.base\src\tests\carlton.base.components.test\bin\debug\net7.0\carlton.base.components.test.dll" id="afc67675-4ede-eedc-88e8-752665cb23e0">
      <Execution id="45db20aa-4189-4350-92d8-c282f5e06e11" />
      <TestMethod codeBase="C:\Users\nicho\source\repos\NickGalazzo\Carlton.Base\src\Tests\Carlton.Base.Components.Test\bin\Debug\net7.0\Carlton.Base.Components.Test.dll" adapterTypeName="executor://xunit/VsTestRunner2/netcoreapp" className="Carlton.Base.Components.Test.NotificationBarComponentTests" name="NotificationBar_Markup_RendersCorrectly" />
    </UnitTest>
    <UnitTest name="Carlton.Base.Components.Test.DropDownMenuComponentTests.DropDownMenuElement_Markup_RendersCorrectly" storage="c:\users\nicho\source\repos\nickgalazzo\carlton.base\src\tests\carlton.base.components.test\bin\debug\net7.0\carlton.base.components.test.dll" id="177ef4bf-7531-a779-4b80-032e62efe340">
      <Execution id="548cb496-0f0f-43dd-a2e3-bec8186b7aaa" />
      <TestMethod codeBase="C:\Users\nicho\source\repos\NickGalazzo\Carlton.Base\src\Tests\Carlton.Base.Components.Test\bin\Debug\net7.0\Carlton.Base.Components.Test.dll" adapterTypeName="executor://xunit/VsTestRunner2/netcoreapp" className="Carlton.Base.Components.Test.DropDownMenuComponentTests" name="DropDownMenuElement_Markup_RendersCorrectly" />
    </UnitTest>
    <UnitTest name="Carlton.Base.Components.Test.ConsoleComponentTests.Console_OnChangeCallbackParam_FiresCallback(expectedText: &quot;even more new text&quot;)" storage="c:\users\nicho\source\repos\nickgalazzo\carlton.base\src\tests\carlton.base.components.test\bin\debug\net7.0\carlton.base.components.test.dll" id="b4a22cc2-d8b9-fe51-d222-23927ecc5b03">
      <Execution id="7c7c93a6-e289-4996-a7a1-363f79cf0941" />
      <TestMethod codeBase="C:\Users\nicho\source\repos\NickGalazzo\Carlton.Base\src\Tests\Carlton.Base.Components.Test\bin\Debug\net7.0\Carlton.Base.Components.Test.dll" adapterTypeName="executor://xunit/VsTestRunner2/netcoreapp" className="Carlton.Base.Components.Test.ConsoleComponentTests" name="Console_OnChangeCallbackParam_FiresCallback" />
    </UnitTest>
    <UnitTest name="Carlton.Base.Components.Test.TableHeaderComponentTests.TableHeader_Markup_RendersCorrectly" storage="c:\users\nicho\source\repos\nickgalazzo\carlton.base\src\tests\carlton.base.components.test\bin\debug\net7.0\carlton.base.components.test.dll" id="c8c8c482-3662-3a70-a2ff-e4dbea2300e5">
      <Execution id="f0a90044-0b0e-4bc5-920b-dc304e9bb62f" />
      <TestMethod codeBase="C:\Users\nicho\source\repos\NickGalazzo\Carlton.Base\src\Tests\Carlton.Base.Components.Test\bin\Debug\net7.0\Carlton.Base.Components.Test.dll" adapterTypeName="executor://xunit/VsTestRunner2/netcoreapp" className="Carlton.Base.Components.Test.TableHeaderComponentTests" name="TableHeader_Markup_RendersCorrectly" />
    </UnitTest>
    <UnitTest name="Carlton.Base.Components.Test.AccordionSelectComponentTests.AccordionSelect_ItemClick_RendersCorrectly(selectedIndex: 2, expectedValue: 3)" storage="c:\users\nicho\source\repos\nickgalazzo\carlton.base\src\tests\carlton.base.components.test\bin\debug\net7.0\carlton.base.components.test.dll" id="d880a4e2-5397-c2b9-229a-5b82b9fa1cdf">
      <Execution id="d205f95a-59e6-4556-9d1f-032f757115b7" />
      <TestMethod codeBase="C:\Users\nicho\source\repos\NickGalazzo\Carlton.Base\src\Tests\Carlton.Base.Components.Test\bin\Debug\net7.0\Carlton.Base.Components.Test.dll" adapterTypeName="executor://xunit/VsTestRunner2/netcoreapp" className="Carlton.Base.Components.Test.AccordionSelectComponentTests" name="AccordionSelect_ItemClick_RendersCorrectly" />
    </UnitTest>
    <UnitTest name="Carlton.Base.Components.Test.DropDownMenuElementComponentTests.DropDownMenuElement_MenuItemNameParam_RendersCorrectly(menuItemName: &quot;Test Menu Item&quot;)" storage="c:\users\nicho\source\repos\nickgalazzo\carlton.base\src\tests\carlton.base.components.test\bin\debug\net7.0\carlton.base.components.test.dll" id="f8a4fdfd-2ee1-6ccb-9204-9fa723643148">
      <Execution id="54fcf9dc-dab4-43aa-81d8-30d4ec0c79b8" />
      <TestMethod codeBase="C:\Users\nicho\source\repos\NickGalazzo\Carlton.Base\src\Tests\Carlton.Base.Components.Test\bin\Debug\net7.0\Carlton.Base.Components.Test.dll" adapterTypeName="executor://xunit/VsTestRunner2/netcoreapp" className="Carlton.Base.Components.Test.DropDownMenuElementComponentTests" name="DropDownMenuElement_MenuItemNameParam_RendersCorrectly" />
    </UnitTest>
    <UnitTest name="Carlton.Base.Components.Test.DesktopTabBarComponentTests.DesktopTabBar_ActiveTab_RendersCorrectly(activeTabIndex: 2, expectedText: &quot;&lt;span&gt;This is the third tab&lt;/span&gt;&quot;)" storage="c:\users\nicho\source\repos\nickgalazzo\carlton.base\src\tests\carlton.base.components.test\bin\debug\net7.0\carlton.base.components.test.dll" id="a32d1ab1-d7c5-d068-d255-020c3716ee13">
      <Execution id="3eaefcca-071f-4eb0-b40c-2721222d6918" />
      <TestMethod codeBase="C:\Users\nicho\source\repos\NickGalazzo\Carlton.Base\src\Tests\Carlton.Base.Components.Test\bin\Debug\net7.0\Carlton.Base.Components.Test.dll" adapterTypeName="executor://xunit/VsTestRunner2/netcoreapp" className="Carlton.Base.Components.Test.DesktopTabBarComponentTests" name="DesktopTabBar_ActiveTab_RendersCorrectly" />
    </UnitTest>
    <UnitTest name="Carlton.Base.Components.Test.MobileTabBarComponentTests.MobileTabBar_ChildIconParam_RendersCorrectly(icon: &quot;Icon-Test&quot;)" storage="c:\users\nicho\source\repos\nickgalazzo\carlton.base\src\tests\carlton.base.components.test\bin\debug\net7.0\carlton.base.components.test.dll" id="707e1374-0d9b-937d-a234-1835e7eaa177">
      <Execution id="199f2c72-07f8-4e8c-ab65-d0fb4a8bb7d6" />
      <TestMethod codeBase="C:\Users\nicho\source\repos\NickGalazzo\Carlton.Base\src\Tests\Carlton.Base.Components.Test\bin\Debug\net7.0\Carlton.Base.Components.Test.dll" adapterTypeName="executor://xunit/VsTestRunner2/netcoreapp" className="Carlton.Base.Components.Test.MobileTabBarComponentTests" name="MobileTabBar_ChildIconParam_RendersCorrectly" />
    </UnitTest>
    <UnitTest name="Carlton.Base.Components.Test.NotificationBarComponentTests.NotificationBar_IsTestModeFalseParam_RendersCorrectly" storage="c:\users\nicho\source\repos\nickgalazzo\carlton.base\src\tests\carlton.base.components.test\bin\debug\net7.0\carlton.base.components.test.dll" id="af848a1f-f111-f492-606c-888928ebb663">
      <Execution id="af3d10d2-c715-4197-8c96-3a42680db68f" />
      <TestMethod codeBase="C:\Users\nicho\source\repos\NickGalazzo\Carlton.Base\src\Tests\Carlton.Base.Components.Test\bin\Debug\net7.0\Carlton.Base.Components.Test.dll" adapterTypeName="executor://xunit/VsTestRunner2/netcoreapp" className="Carlton.Base.Components.Test.NotificationBarComponentTests" name="NotificationBar_IsTestModeFalseParam_RendersCorrectly" />
    </UnitTest>
    <UnitTest name="Carlton.Base.Components.Test.DesktopTabBarComponentTests.DesktopTabBar_ActiveTabClass_RendersCorrectly(activeTabIndex: 2)" storage="c:\users\nicho\source\repos\nickgalazzo\carlton.base\src\tests\carlton.base.components.test\bin\debug\net7.0\carlton.base.components.test.dll" id="6a55153b-39b5-d341-62f7-244509958fad">
      <Execution id="3873f120-4488-40b1-96dd-b64682e046c2" />
      <TestMethod codeBase="C:\Users\nicho\source\repos\NickGalazzo\Carlton.Base\src\Tests\Carlton.Base.Components.Test\bin\Debug\net7.0\Carlton.Base.Components.Test.dll" adapterTypeName="executor://xunit/VsTestRunner2/netcoreapp" className="Carlton.Base.Components.Test.DesktopTabBarComponentTests" name="DesktopTabBar_ActiveTabClass_RendersCorrectly" />
    </UnitTest>
    <UnitTest name="Carlton.Base.Components.Test.AccordionSelectComponentTests.AccordionSelect_SelectedValueParamDoesNotExist_RendersCorrectly" storage="c:\users\nicho\source\repos\nickgalazzo\carlton.base\src\tests\carlton.base.components.test\bin\debug\net7.0\carlton.base.components.test.dll" id="07e3bbd6-7365-4e2d-bb09-fdfd715d2865">
      <Execution id="08d5fa80-54ff-47bf-8dc8-c8798909f34a" />
      <TestMethod codeBase="C:\Users\nicho\source\repos\NickGalazzo\Carlton.Base\src\Tests\Carlton.Base.Components.Test\bin\Debug\net7.0\Carlton.Base.Components.Test.dll" adapterTypeName="executor://xunit/VsTestRunner2/netcoreapp" className="Carlton.Base.Components.Test.AccordionSelectComponentTests" name="AccordionSelect_SelectedValueParamDoesNotExist_RendersCorrectly" />
    </UnitTest>
    <UnitTest name="Carlton.Base.Components.Test.CardComponentTests.Card_HeaderContentChildParam_RendersCorrectly(expectedHeaderContent: &quot;&lt;span&gt;Header Testing Content 1&lt;/span&gt;&quot;)" storage="c:\users\nicho\source\repos\nickgalazzo\carlton.base\src\tests\carlton.base.components.test\bin\debug\net7.0\carlton.base.components.test.dll" id="674e55d2-559b-2a72-32e8-b5e3b33d3bc0">
      <Execution id="b66e4c43-d421-4165-b550-45b282502a88" />
      <TestMethod codeBase="C:\Users\nicho\source\repos\NickGalazzo\Carlton.Base\src\Tests\Carlton.Base.Components.Test\bin\Debug\net7.0\Carlton.Base.Components.Test.dll" adapterTypeName="executor://xunit/VsTestRunner2/netcoreapp" className="Carlton.Base.Components.Test.CardComponentTests" name="Card_HeaderContentChildParam_RendersCorrectly" />
    </UnitTest>
    <UnitTest name="Carlton.Base.Components.Test.TableHeaderComponentTests.TableHeader_OrderColumnParam_And_OrderDirectionParam_RendersCorrectly(columnName: &quot;CreatedDate&quot;, columnIndex: 2, orderAscending: True)" storage="c:\users\nicho\source\repos\nickgalazzo\carlton.base\src\tests\carlton.base.components.test\bin\debug\net7.0\carlton.base.components.test.dll" id="7f9ad7c1-2677-a538-72d9-c606ba0c8487">
      <Execution id="2002be92-9036-4c31-96d3-e40f9dab7a5e" />
      <TestMethod codeBase="C:\Users\nicho\source\repos\NickGalazzo\Carlton.Base\src\Tests\Carlton.Base.Components.Test\bin\Debug\net7.0\Carlton.Base.Components.Test.dll" adapterTypeName="executor://xunit/VsTestRunner2/netcoreapp" className="Carlton.Base.Components.Test.TableHeaderComponentTests" name="TableHeader_OrderColumnParam_And_OrderDirectionParam_RendersCorrectly" />
    </UnitTest>
    <UnitTest name="Carlton.Base.Components.Test.ListCardComponentTests.ListCard_CardSubTitleParam_RendersCorrectly(subtitle: &quot;Test Subtitle 1&quot;)" storage="c:\users\nicho\source\repos\nickgalazzo\carlton.base\src\tests\carlton.base.components.test\bin\debug\net7.0\carlton.base.components.test.dll" id="a6e31a15-2ab4-d1b4-8fe0-f6f10e1ab1ac">
      <Execution id="909cc254-8e72-45c3-a330-32281b738732" />
      <TestMethod codeBase="C:\Users\nicho\source\repos\NickGalazzo\Carlton.Base\src\Tests\Carlton.Base.Components.Test\bin\Debug\net7.0\Carlton.Base.Components.Test.dll" adapterTypeName="executor://xunit/VsTestRunner2/netcoreapp" className="Carlton.Base.Components.Test.ListCardComponentTests" name="ListCard_CardSubTitleParam_RendersCorrectly" />
    </UnitTest>
    <UnitTest name="Carlton.Base.Components.Test.CardComponentTests.Card_HeaderContentChildParam_RendersCorrectly(expectedHeaderContent: &quot;&lt;span&gt;Header Testing Content 3&lt;/span&gt;&quot;)" storage="c:\users\nicho\source\repos\nickgalazzo\carlton.base\src\tests\carlton.base.components.test\bin\debug\net7.0\carlton.base.components.test.dll" id="bfc4c269-8ffa-0bf9-9acb-eb4e0e390e83">
      <Execution id="f173a1cd-b7ba-494a-9222-591816ec890a" />
      <TestMethod codeBase="C:\Users\nicho\source\repos\NickGalazzo\Carlton.Base\src\Tests\Carlton.Base.Components.Test\bin\Debug\net7.0\Carlton.Base.Components.Test.dll" adapterTypeName="executor://xunit/VsTestRunner2/netcoreapp" className="Carlton.Base.Components.Test.CardComponentTests" name="Card_HeaderContentChildParam_RendersCorrectly" />
    </UnitTest>
    <UnitTest name="Carlton.Base.Components.Test.NotificationBarComponentTests.NotificationBar_FadeOutEnabledParam_RendersCorrectly(fadeOutEnabled: False, notificationClass: &quot;info-btn&quot;)" storage="c:\users\nicho\source\repos\nickgalazzo\carlton.base\src\tests\carlton.base.components.test\bin\debug\net7.0\carlton.base.components.test.dll" id="4dface37-f7d5-e179-cda3-11b6fc0ed259">
      <Execution id="b3b53bcd-b114-4a6c-a676-0897a163b624" />
      <TestMethod codeBase="C:\Users\nicho\source\repos\NickGalazzo\Carlton.Base\src\Tests\Carlton.Base.Components.Test\bin\Debug\net7.0\Carlton.Base.Components.Test.dll" adapterTypeName="executor://xunit/VsTestRunner2/netcoreapp" className="Carlton.Base.Components.Test.NotificationBarComponentTests" name="NotificationBar_FadeOutEnabledParam_RendersCorrectly" />
    </UnitTest>
    <UnitTest name="Carlton.Base.Components.Test.TablePaginationRowComponentTests.TablePaginationRow_PaginationLabel_RendersCorrectly(currentPage: 2, currentRowsPerPage: 10, expectedText: &quot;11-15 of 15&quot;)" storage="c:\users\nicho\source\repos\nickgalazzo\carlton.base\src\tests\carlton.base.components.test\bin\debug\net7.0\carlton.base.components.test.dll" id="6ee29016-8a57-9582-6b81-a21d757f27ac">
      <Execution id="b0c9178d-06a9-4324-b441-5f927a936253" />
      <TestMethod codeBase="C:\Users\nicho\source\repos\NickGalazzo\Carlton.Base\src\Tests\Carlton.Base.Components.Test\bin\Debug\net7.0\Carlton.Base.Components.Test.dll" adapterTypeName="executor://xunit/VsTestRunner2/netcoreapp" className="Carlton.Base.Components.Test.TablePaginationRowComponentTests" name="TablePaginationRow_PaginationLabel_RendersCorrectly" />
    </UnitTest>
    <UnitTest name="Carlton.Base.Components.Test.MobileTabBarComponentTests.MobileTabBar_WithThreeTabs_RendersCorrectly" storage="c:\users\nicho\source\repos\nickgalazzo\carlton.base\src\tests\carlton.base.components.test\bin\debug\net7.0\carlton.base.components.test.dll" id="0b97f27c-fe86-c1fc-4ad3-df5b339bb0c0">
      <Execution id="f7f1b88d-d2bf-472f-87c6-194fb7453a73" />
      <TestMethod codeBase="C:\Users\nicho\source\repos\NickGalazzo\Carlton.Base\src\Tests\Carlton.Base.Components.Test\bin\Debug\net7.0\Carlton.Base.Components.Test.dll" adapterTypeName="executor://xunit/VsTestRunner2/netcoreapp" className="Carlton.Base.Components.Test.MobileTabBarComponentTests" name="MobileTabBar_WithThreeTabs_RendersCorrectly" />
    </UnitTest>
    <UnitTest name="Carlton.Base.Components.Test.AccordionSelectComponentTests.AccordionSelect_ItemClick_RendersCorrectly(selectedIndex: 0, expectedValue: 1)" storage="c:\users\nicho\source\repos\nickgalazzo\carlton.base\src\tests\carlton.base.components.test\bin\debug\net7.0\carlton.base.components.test.dll" id="bbe27599-2aa3-47df-83f1-62c6f6c60de1">
      <Execution id="f773a52b-b959-452a-a6d6-1a78cee00189" />
      <TestMethod codeBase="C:\Users\nicho\source\repos\NickGalazzo\Carlton.Base\src\Tests\Carlton.Base.Components.Test\bin\Debug\net7.0\Carlton.Base.Components.Test.dll" adapterTypeName="executor://xunit/VsTestRunner2/netcoreapp" className="Carlton.Base.Components.Test.AccordionSelectComponentTests" name="AccordionSelect_ItemClick_RendersCorrectly" />
    </UnitTest>
    <UnitTest name="Carlton.Base.Components.Test.TableComponentTests.Table_HeaderItemOnClick_SelectedClass_RendersCorrectly(selectedIndex: 1)" storage="c:\users\nicho\source\repos\nickgalazzo\carlton.base\src\tests\carlton.base.components.test\bin\debug\net7.0\carlton.base.components.test.dll" id="58f6c3ef-e1df-709f-c47d-bb8fe9deb7c8">
      <Execution id="85f4648a-1b23-473e-a266-ca64869634ed" />
      <TestMethod codeBase="C:\Users\nicho\source\repos\NickGalazzo\Carlton.Base\src\Tests\Carlton.Base.Components.Test\bin\Debug\net7.0\Carlton.Base.Components.Test.dll" adapterTypeName="executor://xunit/VsTestRunner2/netcoreapp" className="Carlton.Base.Components.Test.TableComponentTests" name="Table_HeaderItemOnClick_SelectedClass_RendersCorrectly" />
    </UnitTest>
    <UnitTest name="Carlton.Base.Components.Test.TableHeaderComponentTests.TableHeader_OnClick_DescendingClass_RendersCorrectly(selectedIndex: 2)" storage="c:\users\nicho\source\repos\nickgalazzo\carlton.base\src\tests\carlton.base.components.test\bin\debug\net7.0\carlton.base.components.test.dll" id="ce09e5ad-ead2-a4f9-ac20-3523122167a5">
      <Execution id="812baa5e-904e-4048-ade2-13fbe7c4addd" />
      <TestMethod codeBase="C:\Users\nicho\source\repos\NickGalazzo\Carlton.Base\src\Tests\Carlton.Base.Components.Test\bin\Debug\net7.0\Carlton.Base.Components.Test.dll" adapterTypeName="executor://xunit/VsTestRunner2/netcoreapp" className="Carlton.Base.Components.Test.TableHeaderComponentTests" name="TableHeader_OnClick_DescendingClass_RendersCorrectly" />
    </UnitTest>
    <UnitTest name="Carlton.Base.Components.Test.ListCardComponentTests.ListCard_HeaderContentChildParam_RendersCorrectly(expectedHeaderContent: &quot;&lt;span&gt;Event More Header Testing Content&lt;/span&gt;&quot;)" storage="c:\users\nicho\source\repos\nickgalazzo\carlton.base\src\tests\carlton.base.components.test\bin\debug\net7.0\carlton.base.components.test.dll" id="a49a766e-c0a2-a4b7-2f15-d1dcccd58d2a">
      <Execution id="93fa2c57-fec4-4075-abb8-a833591a5358" />
      <TestMethod codeBase="C:\Users\nicho\source\repos\NickGalazzo\Carlton.Base\src\Tests\Carlton.Base.Components.Test\bin\Debug\net7.0\Carlton.Base.Components.Test.dll" adapterTypeName="executor://xunit/VsTestRunner2/netcoreapp" className="Carlton.Base.Components.Test.ListCardComponentTests" name="ListCard_HeaderContentChildParam_RendersCorrectly" />
    </UnitTest>
    <UnitTest name="Carlton.Base.Components.Test.SelectComponentTests.Select_OptionsParam_RendersCorrectly" storage="c:\users\nicho\source\repos\nickgalazzo\carlton.base\src\tests\carlton.base.components.test\bin\debug\net7.0\carlton.base.components.test.dll" id="017dd787-7959-4118-62cf-60ee3ad1f244">
      <Execution id="36ae5d9f-4383-40a9-aa1d-0f33a47fd2f6" />
      <TestMethod codeBase="C:\Users\nicho\source\repos\NickGalazzo\Carlton.Base\src\Tests\Carlton.Base.Components.Test\bin\Debug\net7.0\Carlton.Base.Components.Test.dll" adapterTypeName="executor://xunit/VsTestRunner2/netcoreapp" className="Carlton.Base.Components.Test.SelectComponentTests" name="Select_OptionsParam_RendersCorrectly" />
    </UnitTest>
    <UnitTest name="Carlton.Base.Components.Test.TablePaginationRowComponentTests.TablePaginationRow_ItemCountLessThanItemsPerPage_RightChevronsDisabled_RendersCorrectly(itemCount: 2)" storage="c:\users\nicho\source\repos\nickgalazzo\carlton.base\src\tests\carlton.base.components.test\bin\debug\net7.0\carlton.base.components.test.dll" id="61e1b106-29d8-ebe9-5280-29055e086c8a">
      <Execution id="d6337143-2ff9-4c94-ac04-ba79e4342335" />
      <TestMethod codeBase="C:\Users\nicho\source\repos\NickGalazzo\Carlton.Base\src\Tests\Carlton.Base.Components.Test\bin\Debug\net7.0\Carlton.Base.Components.Test.dll" adapterTypeName="executor://xunit/VsTestRunner2/netcoreapp" className="Carlton.Base.Components.Test.TablePaginationRowComponentTests" name="TablePaginationRow_ItemCountLessThanItemsPerPage_RightChevronsDisabled_RendersCorrectly" />
    </UnitTest>
    <UnitTest name="Carlton.Base.Components.Test.TableHeaderComponentTests.TableHeader_OrderColumnParam_And_OrderDirectionParam_RendersCorrectly(columnName: &quot;ID&quot;, columnIndex: 0, orderAscending: False)" storage="c:\users\nicho\source\repos\nickgalazzo\carlton.base\src\tests\carlton.base.components.test\bin\debug\net7.0\carlton.base.components.test.dll" id="84b23f90-69f9-f433-d7fd-f1242ca93715">
      <Execution id="5233a00e-05a7-4feb-847f-8e7c78bc8e6d" />
      <TestMethod codeBase="C:\Users\nicho\source\repos\NickGalazzo\Carlton.Base\src\Tests\Carlton.Base.Components.Test\bin\Debug\net7.0\Carlton.Base.Components.Test.dll" adapterTypeName="executor://xunit/VsTestRunner2/netcoreapp" className="Carlton.Base.Components.Test.TableHeaderComponentTests" name="TableHeader_OrderColumnParam_And_OrderDirectionParam_RendersCorrectly" />
    </UnitTest>
    <UnitTest name="Carlton.Base.Components.Test.TableHeaderComponentTests.TableHeader_ClickHeadersOnce_EventFires(columnIndex: 1, expectedColumnName: &quot;DisplayName&quot;)" storage="c:\users\nicho\source\repos\nickgalazzo\carlton.base\src\tests\carlton.base.components.test\bin\debug\net7.0\carlton.base.components.test.dll" id="55dfd735-8734-de35-834e-08dd21df3135">
      <Execution id="c4b1093d-68e8-4ce4-92c1-d2c740536e58" />
      <TestMethod codeBase="C:\Users\nicho\source\repos\NickGalazzo\Carlton.Base\src\Tests\Carlton.Base.Components.Test\bin\Debug\net7.0\Carlton.Base.Components.Test.dll" adapterTypeName="executor://xunit/VsTestRunner2/netcoreapp" className="Carlton.Base.Components.Test.TableHeaderComponentTests" name="TableHeader_ClickHeadersOnce_EventFires" />
    </UnitTest>
    <UnitTest name="Carlton.Base.Components.Test.NotificationBarComponentTests.NotificationBar_TopRightParams_RendersCorrectly(top: 5, right: 10, expectedResult: &quot;top:5px;right:10px;&quot;)" storage="c:\users\nicho\source\repos\nickgalazzo\carlton.base\src\tests\carlton.base.components.test\bin\debug\net7.0\carlton.base.components.test.dll" id="417482e4-dea2-eab8-b41a-116fcc91a67d">
      <Execution id="c85e801d-d3e1-47f4-a9bd-0bbe927225c8" />
      <TestMethod codeBase="C:\Users\nicho\source\repos\NickGalazzo\Carlton.Base\src\Tests\Carlton.Base.Components.Test\bin\Debug\net7.0\Carlton.Base.Components.Test.dll" adapterTypeName="executor://xunit/VsTestRunner2/netcoreapp" className="Carlton.Base.Components.Test.NotificationBarComponentTests" name="NotificationBar_TopRightParams_RendersCorrectly" />
    </UnitTest>
    <UnitTest name="Carlton.Base.Components.Test.NotificationBarComponentTests.NotificationBar_FadeOutEnabledParam_RendersCorrectly(fadeOutEnabled: False, notificationClass: &quot;success-btn&quot;)" storage="c:\users\nicho\source\repos\nickgalazzo\carlton.base\src\tests\carlton.base.components.test\bin\debug\net7.0\carlton.base.components.test.dll" id="e2777af6-89da-bcc7-1e5f-dbae0243e789">
      <Execution id="12c3266f-7bdd-4cc9-8e46-3694fb32420d" />
      <TestMethod codeBase="C:\Users\nicho\source\repos\NickGalazzo\Carlton.Base\src\Tests\Carlton.Base.Components.Test\bin\Debug\net7.0\Carlton.Base.Components.Test.dll" adapterTypeName="executor://xunit/VsTestRunner2/netcoreapp" className="Carlton.Base.Components.Test.NotificationBarComponentTests" name="NotificationBar_FadeOutEnabledParam_RendersCorrectly" />
    </UnitTest>
    <UnitTest name="Carlton.Base.Components.Test.AccordionSelectComponentTests.AccordionSelect_TitleParam_RendersCorrectly(expectedTitle: &quot;Test 1&quot;)" storage="c:\users\nicho\source\repos\nickgalazzo\carlton.base\src\tests\carlton.base.components.test\bin\debug\net7.0\carlton.base.components.test.dll" id="b9da235f-445f-e555-2621-e29da2700ddb">
      <Execution id="a3188310-2d59-44e0-ad82-2654c4639da1" />
      <TestMethod codeBase="C:\Users\nicho\source\repos\NickGalazzo\Carlton.Base\src\Tests\Carlton.Base.Components.Test\bin\Debug\net7.0\Carlton.Base.Components.Test.dll" adapterTypeName="executor://xunit/VsTestRunner2/netcoreapp" className="Carlton.Base.Components.Test.AccordionSelectComponentTests" name="AccordionSelect_TitleParam_RendersCorrectly" />
    </UnitTest>
    <UnitTest name="Carlton.Base.Components.Test.TableComponentTests.Table_ItemsChangedCallback_FiresEvent(currentPage: 2, optIndex: 0, expectedSkip: 5, expectedTake: 5)" storage="c:\users\nicho\source\repos\nickgalazzo\carlton.base\src\tests\carlton.base.components.test\bin\debug\net7.0\carlton.base.components.test.dll" id="50865f7a-d1cf-32ac-c5cb-a183385e8eca">
      <Execution id="bcd588b1-2ba4-4c22-afa4-c0cb1fb6610c" />
      <TestMethod codeBase="C:\Users\nicho\source\repos\NickGalazzo\Carlton.Base\src\Tests\Carlton.Base.Components.Test\bin\Debug\net7.0\Carlton.Base.Components.Test.dll" adapterTypeName="executor://xunit/VsTestRunner2/netcoreapp" className="Carlton.Base.Components.Test.TableComponentTests" name="Table_ItemsChangedCallback_FiresEvent" />
    </UnitTest>
    <UnitTest name="Carlton.Base.Components.Test.MobileTabBarComponentTests.MobileTabBar_ShowDisplayTextParam_RendersCorrectly(showDisplayText: False)" storage="c:\users\nicho\source\repos\nickgalazzo\carlton.base\src\tests\carlton.base.components.test\bin\debug\net7.0\carlton.base.components.test.dll" id="4f8bba3f-ea59-4891-a117-39ddd264c169">
      <Execution id="d5a1b85a-45be-4c4a-a312-803c78cc781f" />
      <TestMethod codeBase="C:\Users\nicho\source\repos\NickGalazzo\Carlton.Base\src\Tests\Carlton.Base.Components.Test\bin\Debug\net7.0\Carlton.Base.Components.Test.dll" adapterTypeName="executor://xunit/VsTestRunner2/netcoreapp" className="Carlton.Base.Components.Test.MobileTabBarComponentTests" name="MobileTabBar_ShowDisplayTextParam_RendersCorrectly" />
    </UnitTest>
    <UnitTest name="Carlton.Base.Components.Test.ConsoleComponentTests.Console_IsValidParam_RendersCorrectly(expectedIsValid: True)" storage="c:\users\nicho\source\repos\nickgalazzo\carlton.base\src\tests\carlton.base.components.test\bin\debug\net7.0\carlton.base.components.test.dll" id="8ea35cbd-e8bd-57df-5fbe-822641e9e234">
      <Execution id="b10f8877-8b73-4a92-b3a9-34f4bd41a393" />
      <TestMethod codeBase="C:\Users\nicho\source\repos\NickGalazzo\Carlton.Base\src\Tests\Carlton.Base.Components.Test\bin\Debug\net7.0\Carlton.Base.Components.Test.dll" adapterTypeName="executor://xunit/VsTestRunner2/netcoreapp" className="Carlton.Base.Components.Test.ConsoleComponentTests" name="Console_IsValidParam_RendersCorrectly" />
    </UnitTest>
    <UnitTest name="Carlton.Base.Components.Test.ListCardComponentTests.ListCard_ItemsParam_RendersCorrectly" storage="c:\users\nicho\source\repos\nickgalazzo\carlton.base\src\tests\carlton.base.components.test\bin\debug\net7.0\carlton.base.components.test.dll" id="18569e55-01d3-2cbe-9a47-b7a6b6af48bd">
      <Execution id="1efa8630-1c1b-4863-bf60-3bf0ab977a35" />
      <TestMethod codeBase="C:\Users\nicho\source\repos\NickGalazzo\Carlton.Base\src\Tests\Carlton.Base.Components.Test\bin\Debug\net7.0\Carlton.Base.Components.Test.dll" adapterTypeName="executor://xunit/VsTestRunner2/netcoreapp" className="Carlton.Base.Components.Test.ListCardComponentTests" name="ListCard_ItemsParam_RendersCorrectly" />
    </UnitTest>
    <UnitTest name="Carlton.Base.Components.Test.CountCardComponentTests.CountCard_IconParam_RendersCorrectly(icon: &quot;icon-2&quot;)" storage="c:\users\nicho\source\repos\nickgalazzo\carlton.base\src\tests\carlton.base.components.test\bin\debug\net7.0\carlton.base.components.test.dll" id="6fc37820-e1bc-5001-7cd4-079f33d38a13">
      <Execution id="902201b2-2ef0-4c34-805f-16f3f80b3d5a" />
      <TestMethod codeBase="C:\Users\nicho\source\repos\NickGalazzo\Carlton.Base\src\Tests\Carlton.Base.Components.Test\bin\Debug\net7.0\Carlton.Base.Components.Test.dll" adapterTypeName="executor://xunit/VsTestRunner2/netcoreapp" className="Carlton.Base.Components.Test.CountCardComponentTests" name="CountCard_IconParam_RendersCorrectly" />
    </UnitTest>
    <UnitTest name="Carlton.Base.Components.Test.CardComponentTests.Card_ActionBarContentChildParam_RendersCorrectly(expectedActionBarContent: &quot;ActionBar Testing Content 1&quot;)" storage="c:\users\nicho\source\repos\nickgalazzo\carlton.base\src\tests\carlton.base.components.test\bin\debug\net7.0\carlton.base.components.test.dll" id="8126e01a-cdcc-e7f3-dd05-3d0d1e78a7c8">
      <Execution id="09e6b1db-9392-4b19-a745-ff4f88056a27" />
      <TestMethod codeBase="C:\Users\nicho\source\repos\NickGalazzo\Carlton.Base\src\Tests\Carlton.Base.Components.Test\bin\Debug\net7.0\Carlton.Base.Components.Test.dll" adapterTypeName="executor://xunit/VsTestRunner2/netcoreapp" className="Carlton.Base.Components.Test.CardComponentTests" name="Card_ActionBarContentChildParam_RendersCorrectly" />
    </UnitTest>
    <UnitTest name="Carlton.Base.Components.Test.DropDownMenuElementComponentTests.DropDownMenuElement_MenuItemValueParam_RendersCorrectly(value: 10)" storage="c:\users\nicho\source\repos\nickgalazzo\carlton.base\src\tests\carlton.base.components.test\bin\debug\net7.0\carlton.base.components.test.dll" id="9ead1186-c628-8ae9-fc32-0c702d45e94a">
      <Execution id="a7b1b25f-591a-418b-8f1c-4f2be97d82ad" />
      <TestMethod codeBase="C:\Users\nicho\source\repos\NickGalazzo\Carlton.Base\src\Tests\Carlton.Base.Components.Test\bin\Debug\net7.0\Carlton.Base.Components.Test.dll" adapterTypeName="executor://xunit/VsTestRunner2/netcoreapp" className="Carlton.Base.Components.Test.DropDownMenuElementComponentTests" name="DropDownMenuElement_MenuItemValueParam_RendersCorrectly" />
    </UnitTest>
    <UnitTest name="Carlton.Base.Components.Test.DropDownMenuElementComponentTests.DropDownMenuElement_MenuItemValueParam_RendersCorrectly(value: 5)" storage="c:\users\nicho\source\repos\nickgalazzo\carlton.base\src\tests\carlton.base.components.test\bin\debug\net7.0\carlton.base.components.test.dll" id="c5977101-a367-5ad0-8a4d-4b7905bf170b">
      <Execution id="1b5ee5f4-afae-4cfb-8d48-aed0782c8c14" />
      <TestMethod codeBase="C:\Users\nicho\source\repos\NickGalazzo\Carlton.Base\src\Tests\Carlton.Base.Components.Test\bin\Debug\net7.0\Carlton.Base.Components.Test.dll" adapterTypeName="executor://xunit/VsTestRunner2/netcoreapp" className="Carlton.Base.Components.Test.DropDownMenuElementComponentTests" name="DropDownMenuElement_MenuItemValueParam_RendersCorrectly" />
    </UnitTest>
    <UnitTest name="Carlton.Base.Components.Test.TableComponentTests.Table_ItemsChangedCallback_FiresEvent(currentPage: 1, optIndex: 2, expectedSkip: 0, expectedTake: 15)" storage="c:\users\nicho\source\repos\nickgalazzo\carlton.base\src\tests\carlton.base.components.test\bin\debug\net7.0\carlton.base.components.test.dll" id="1972b45b-ed98-2287-19fe-826d48d6295b">
      <Execution id="07c93fda-8987-4190-ab91-7daecf24aa28" />
      <TestMethod codeBase="C:\Users\nicho\source\repos\NickGalazzo\Carlton.Base\src\Tests\Carlton.Base.Components.Test\bin\Debug\net7.0\Carlton.Base.Components.Test.dll" adapterTypeName="executor://xunit/VsTestRunner2/netcoreapp" className="Carlton.Base.Components.Test.TableComponentTests" name="Table_ItemsChangedCallback_FiresEvent" />
    </UnitTest>
    <UnitTest name="Carlton.Base.Components.Test.TableComponentTests.Table_ShowPaginationRow_RendersCorrectly(showPaginationRow: True)" storage="c:\users\nicho\source\repos\nickgalazzo\carlton.base\src\tests\carlton.base.components.test\bin\debug\net7.0\carlton.base.components.test.dll" id="ea3f11fa-1b3e-de93-fdcb-d0070e98f88c">
      <Execution id="b0729144-6876-421a-96ad-02606ee65841" />
      <TestMethod codeBase="C:\Users\nicho\source\repos\NickGalazzo\Carlton.Base\src\Tests\Carlton.Base.Components.Test\bin\Debug\net7.0\Carlton.Base.Components.Test.dll" adapterTypeName="executor://xunit/VsTestRunner2/netcoreapp" className="Carlton.Base.Components.Test.TableComponentTests" name="Table_ShowPaginationRow_RendersCorrectly" />
    </UnitTest>
    <UnitTest name="Carlton.Base.Components.Test.DesktopTabBarComponentTests.DesktopTabBar_WithThreeTabs_RendersCorrectly" storage="c:\users\nicho\source\repos\nickgalazzo\carlton.base\src\tests\carlton.base.components.test\bin\debug\net7.0\carlton.base.components.test.dll" id="ff2833ad-55bf-08c7-90a9-0dcc4a199d2c">
      <Execution id="905dade4-2093-4338-b75e-58848d9de0a1" />
      <TestMethod codeBase="C:\Users\nicho\source\repos\NickGalazzo\Carlton.Base\src\Tests\Carlton.Base.Components.Test\bin\Debug\net7.0\Carlton.Base.Components.Test.dll" adapterTypeName="executor://xunit/VsTestRunner2/netcoreapp" className="Carlton.Base.Components.Test.DesktopTabBarComponentTests" name="DesktopTabBar_WithThreeTabs_RendersCorrectly" />
    </UnitTest>
    <UnitTest name="Carlton.Base.Components.Test.MobileTabBarComponentTests.MobileTabBar_ActiveTabClass_RendersCorrectly(activeTabIndex: 1)" storage="c:\users\nicho\source\repos\nickgalazzo\carlton.base\src\tests\carlton.base.components.test\bin\debug\net7.0\carlton.base.components.test.dll" id="4c0edeb2-cccc-45bf-c1ff-0ee97ac8aab7">
      <Execution id="5da71bd8-37bb-465b-ba76-c236bd051e20" />
      <TestMethod codeBase="C:\Users\nicho\source\repos\NickGalazzo\Carlton.Base\src\Tests\Carlton.Base.Components.Test\bin\Debug\net7.0\Carlton.Base.Components.Test.dll" adapterTypeName="executor://xunit/VsTestRunner2/netcoreapp" className="Carlton.Base.Components.Test.MobileTabBarComponentTests" name="MobileTabBar_ActiveTabClass_RendersCorrectly" />
    </UnitTest>
    <UnitTest name="Carlton.Base.Components.Test.MobileTabBarComponentTests.MobileTabBar_ShowDisplayTextParam_RendersCorrectly(showDisplayText: True)" storage="c:\users\nicho\source\repos\nickgalazzo\carlton.base\src\tests\carlton.base.components.test\bin\debug\net7.0\carlton.base.components.test.dll" id="a5f37b94-3456-a27f-6809-5d7bb156948a">
      <Execution id="4516c92c-4612-46d8-920c-d9b77ac8fea5" />
      <TestMethod codeBase="C:\Users\nicho\source\repos\NickGalazzo\Carlton.Base\src\Tests\Carlton.Base.Components.Test\bin\Debug\net7.0\Carlton.Base.Components.Test.dll" adapterTypeName="executor://xunit/VsTestRunner2/netcoreapp" className="Carlton.Base.Components.Test.MobileTabBarComponentTests" name="MobileTabBar_ShowDisplayTextParam_RendersCorrectly" />
    </UnitTest>
    <UnitTest name="Carlton.Base.Components.Test.TableComponentTests.Table_RowTemplateParam_RendersCorrectly(rowTemplate: &quot;&lt;div class=\&quot;test-row\&quot;&gt;{0}&lt;span class=\&quot;test\&quot;&gt;{1&quot;...)" storage="c:\users\nicho\source\repos\nickgalazzo\carlton.base\src\tests\carlton.base.components.test\bin\debug\net7.0\carlton.base.components.test.dll" id="07a792cc-4abe-5fd5-bf96-777500667402">
      <Execution id="9ffbfefe-289e-411a-bcea-d5751a3e2dbf" />
      <TestMethod codeBase="C:\Users\nicho\source\repos\NickGalazzo\Carlton.Base\src\Tests\Carlton.Base.Components.Test\bin\Debug\net7.0\Carlton.Base.Components.Test.dll" adapterTypeName="executor://xunit/VsTestRunner2/netcoreapp" className="Carlton.Base.Components.Test.TableComponentTests" name="Table_RowTemplateParam_RendersCorrectly" />
    </UnitTest>
    <UnitTest name="Carlton.Base.Components.Test.AccordionSelectComponentTests.AccordionSelect_TitleParam_RendersCorrectly(expectedTitle: &quot;Test 2&quot;)" storage="c:\users\nicho\source\repos\nickgalazzo\carlton.base\src\tests\carlton.base.components.test\bin\debug\net7.0\carlton.base.components.test.dll" id="e9940cc3-2ba9-f6c1-ba65-5ffd51114364">
      <Execution id="482dc1be-c136-4e76-a265-2fbd1db37336" />
      <TestMethod codeBase="C:\Users\nicho\source\repos\NickGalazzo\Carlton.Base\src\Tests\Carlton.Base.Components.Test\bin\Debug\net7.0\Carlton.Base.Components.Test.dll" adapterTypeName="executor://xunit/VsTestRunner2/netcoreapp" className="Carlton.Base.Components.Test.AccordionSelectComponentTests" name="AccordionSelect_TitleParam_RendersCorrectly" />
    </UnitTest>
    <UnitTest name="Carlton.Base.Components.Test.BreadCrumbsComponentTests.BreadCrumbs_SeparatorParam_RendersCorrectly(expectedSeparator: &quot;&gt;&quot;)" storage="c:\users\nicho\source\repos\nickgalazzo\carlton.base\src\tests\carlton.base.components.test\bin\debug\net7.0\carlton.base.components.test.dll" id="d5ebd779-0db5-d487-ac59-a2968e29cda7">
      <Execution id="eb1d9f31-2c18-4611-88d3-42073e367b94" />
      <TestMethod codeBase="C:\Users\nicho\source\repos\NickGalazzo\Carlton.Base\src\Tests\Carlton.Base.Components.Test\bin\Debug\net7.0\Carlton.Base.Components.Test.dll" adapterTypeName="executor://xunit/VsTestRunner2/netcoreapp" className="Carlton.Base.Components.Test.BreadCrumbsComponentTests" name="BreadCrumbs_SeparatorParam_RendersCorrectly" />
    </UnitTest>
    <UnitTest name="Carlton.Base.Components.Test.ConsoleComponentTests.Console_OnChangeCallbackParam_FiresCallback(expectedText: &quot;new text&quot;)" storage="c:\users\nicho\source\repos\nickgalazzo\carlton.base\src\tests\carlton.base.components.test\bin\debug\net7.0\carlton.base.components.test.dll" id="9af5ba7b-1b74-a10f-e959-9d59535dc4af">
      <Execution id="5a03c983-3b5d-4cb3-8475-e671619d0c7b" />
      <TestMethod codeBase="C:\Users\nicho\source\repos\NickGalazzo\Carlton.Base\src\Tests\Carlton.Base.Components.Test\bin\Debug\net7.0\Carlton.Base.Components.Test.dll" adapterTypeName="executor://xunit/VsTestRunner2/netcoreapp" className="Carlton.Base.Components.Test.ConsoleComponentTests" name="Console_OnChangeCallbackParam_FiresCallback" />
    </UnitTest>
    <UnitTest name="Carlton.Base.Components.Test.BaseNotificationComponentTests.BaseNotification_IconClassParameter_RendersCorrectly(expectedIconClass: &quot;icon-class-test-1&quot;)" storage="c:\users\nicho\source\repos\nickgalazzo\carlton.base\src\tests\carlton.base.components.test\bin\debug\net7.0\carlton.base.components.test.dll" id="7ad3de30-3ed1-60e8-cd6f-96cecd09cd80">
      <Execution id="f32c47e3-36a1-41f2-b6e5-042971cea38e" />
      <TestMethod codeBase="C:\Users\nicho\source\repos\NickGalazzo\Carlton.Base\src\Tests\Carlton.Base.Components.Test\bin\Debug\net7.0\Carlton.Base.Components.Test.dll" adapterTypeName="executor://xunit/VsTestRunner2/netcoreapp" className="Carlton.Base.Components.Test.BaseNotificationComponentTests" name="BaseNotification_IconClassParameter_RendersCorrectly" />
    </UnitTest>
    <UnitTest name="Carlton.Base.Components.Test.TableComponentTests.Table_HeaderItemOnClick_SelectedClass_RendersCorrectly(selectedIndex: 2)" storage="c:\users\nicho\source\repos\nickgalazzo\carlton.base\src\tests\carlton.base.components.test\bin\debug\net7.0\carlton.base.components.test.dll" id="2a24a99d-6f4a-eaa0-d642-ad299b4610a3">
      <Execution id="594b0f27-033a-481f-86fb-f272d644b70d" />
      <TestMethod codeBase="C:\Users\nicho\source\repos\NickGalazzo\Carlton.Base\src\Tests\Carlton.Base.Components.Test\bin\Debug\net7.0\Carlton.Base.Components.Test.dll" adapterTypeName="executor://xunit/VsTestRunner2/netcoreapp" className="Carlton.Base.Components.Test.TableComponentTests" name="Table_HeaderItemOnClick_SelectedClass_RendersCorrectly" />
    </UnitTest>
    <UnitTest name="Carlton.Base.Components.Test.FloatingActionButtonComponentTests.FloatingActionButton_Markup_RendersCorrectly" storage="c:\users\nicho\source\repos\nickgalazzo\carlton.base\src\tests\carlton.base.components.test\bin\debug\net7.0\carlton.base.components.test.dll" id="86dcb968-4ef1-cce6-3771-f83a548b7b9b">
      <Execution id="7d3b04b0-0e5a-4036-ab2a-4ed7463f4c89" />
      <TestMethod codeBase="C:\Users\nicho\source\repos\NickGalazzo\Carlton.Base\src\Tests\Carlton.Base.Components.Test\bin\Debug\net7.0\Carlton.Base.Components.Test.dll" adapterTypeName="executor://xunit/VsTestRunner2/netcoreapp" className="Carlton.Base.Components.Test.FloatingActionButtonComponentTests" name="FloatingActionButton_Markup_RendersCorrectly" />
    </UnitTest>
    <UnitTest name="Carlton.Base.Components.Test.TableHeaderComponentTests.TableHeader_OrderColumnParam_And_OrderDirectionParam_RendersCorrectly(columnName: &quot;ID&quot;, columnIndex: 0, orderAscending: True)" storage="c:\users\nicho\source\repos\nickgalazzo\carlton.base\src\tests\carlton.base.components.test\bin\debug\net7.0\carlton.base.components.test.dll" id="1edd2235-9ccb-5a7c-da3c-69852da57d43">
      <Execution id="1d743ca2-6ff9-4f34-9bb1-a6750c0e7aa8" />
      <TestMethod codeBase="C:\Users\nicho\source\repos\NickGalazzo\Carlton.Base\src\Tests\Carlton.Base.Components.Test\bin\Debug\net7.0\Carlton.Base.Components.Test.dll" adapterTypeName="executor://xunit/VsTestRunner2/netcoreapp" className="Carlton.Base.Components.Test.TableHeaderComponentTests" name="TableHeader_OrderColumnParam_And_OrderDirectionParam_RendersCorrectly" />
    </UnitTest>
    <UnitTest name="Carlton.Base.Components.Test.TablePaginationRowComponentTests.TablePaginationRow_ItemCountLessThanItemsPerPage_RightChevronsDisabled_RendersCorrectly(itemCount: 3)" storage="c:\users\nicho\source\repos\nickgalazzo\carlton.base\src\tests\carlton.base.components.test\bin\debug\net7.0\carlton.base.components.test.dll" id="73754bc2-b000-9e2a-28d6-b696512a0fa5">
      <Execution id="4facc2ba-2390-49b9-8dd0-9c786b5c820e" />
      <TestMethod codeBase="C:\Users\nicho\source\repos\NickGalazzo\Carlton.Base\src\Tests\Carlton.Base.Components.Test\bin\Debug\net7.0\Carlton.Base.Components.Test.dll" adapterTypeName="executor://xunit/VsTestRunner2/netcoreapp" className="Carlton.Base.Components.Test.TablePaginationRowComponentTests" name="TablePaginationRow_ItemCountLessThanItemsPerPage_RightChevronsDisabled_RendersCorrectly" />
    </UnitTest>
    <UnitTest name="Carlton.Base.Components.Test.DesktopTabBarComponentTests.DesktopTabBar_ChildDisplayTextParam_RendersCorrectly(displayText: &quot;Display Test One Final Time&quot;)" storage="c:\users\nicho\source\repos\nickgalazzo\carlton.base\src\tests\carlton.base.components.test\bin\debug\net7.0\carlton.base.components.test.dll" id="732f3f80-7856-cc06-369f-c64790e08623">
      <Execution id="997f2e9d-692c-40f8-9c6c-2cc30631a087" />
      <TestMethod codeBase="C:\Users\nicho\source\repos\NickGalazzo\Carlton.Base\src\Tests\Carlton.Base.Components.Test\bin\Debug\net7.0\Carlton.Base.Components.Test.dll" adapterTypeName="executor://xunit/VsTestRunner2/netcoreapp" className="Carlton.Base.Components.Test.DesktopTabBarComponentTests" name="DesktopTabBar_ChildDisplayTextParam_RendersCorrectly" />
    </UnitTest>
    <UnitTest name="Carlton.Base.Components.Test.AccordionSelectComponentTests.AccordionSelect_ItemClick_RendersCorrectly(selectedIndex: 1, expectedValue: 2)" storage="c:\users\nicho\source\repos\nickgalazzo\carlton.base\src\tests\carlton.base.components.test\bin\debug\net7.0\carlton.base.components.test.dll" id="1d780e53-4d1b-27c4-bd74-c65d8cf44778">
      <Execution id="434e61ee-d968-475c-b286-c3bdd72c04e2" />
      <TestMethod codeBase="C:\Users\nicho\source\repos\NickGalazzo\Carlton.Base\src\Tests\Carlton.Base.Components.Test\bin\Debug\net7.0\Carlton.Base.Components.Test.dll" adapterTypeName="executor://xunit/VsTestRunner2/netcoreapp" className="Carlton.Base.Components.Test.AccordionSelectComponentTests" name="AccordionSelect_ItemClick_RendersCorrectly" />
    </UnitTest>
    <UnitTest name="Carlton.Base.Components.Test.ListCardComponentTests.ListCard_HeaderContentChildParam_RendersCorrectly(expectedHeaderContent: &quot;&lt;span&gt;Header Testing Content&lt;/span&gt;&quot;)" storage="c:\users\nicho\source\repos\nickgalazzo\carlton.base\src\tests\carlton.base.components.test\bin\debug\net7.0\carlton.base.components.test.dll" id="b076ac6c-261b-164f-31f2-2b1cbc6f2155">
      <Execution id="806aa653-7a26-4a22-bf5e-b3c8b9412418" />
      <TestMethod codeBase="C:\Users\nicho\source\repos\NickGalazzo\Carlton.Base\src\Tests\Carlton.Base.Components.Test\bin\Debug\net7.0\Carlton.Base.Components.Test.dll" adapterTypeName="executor://xunit/VsTestRunner2/netcoreapp" className="Carlton.Base.Components.Test.ListCardComponentTests" name="ListCard_HeaderContentChildParam_RendersCorrectly" />
    </UnitTest>
    <UnitTest name="Carlton.Base.Components.Test.TableHeaderComponentTests.TableHeader_OnClick_DescendingClass_RendersCorrectly(selectedIndex: 1)" storage="c:\users\nicho\source\repos\nickgalazzo\carlton.base\src\tests\carlton.base.components.test\bin\debug\net7.0\carlton.base.components.test.dll" id="684d119b-bf29-0359-d6c0-2d83b20138f4">
      <Execution id="1e863aa5-9f64-4e6e-9c7c-b9d630487ab1" />
      <TestMethod codeBase="C:\Users\nicho\source\repos\NickGalazzo\Carlton.Base\src\Tests\Carlton.Base.Components.Test\bin\Debug\net7.0\Carlton.Base.Components.Test.dll" adapterTypeName="executor://xunit/VsTestRunner2/netcoreapp" className="Carlton.Base.Components.Test.TableHeaderComponentTests" name="TableHeader_OnClick_DescendingClass_RendersCorrectly" />
    </UnitTest>
    <UnitTest name="Carlton.Base.Components.Test.AccordionSelectComponentTests.AccordionSelect_IsExpandedParam_RendersCorrectly(isExpanded: False, expectedClass: &quot;mdi-plus-box-outline&quot;)" storage="c:\users\nicho\source\repos\nickgalazzo\carlton.base\src\tests\carlton.base.components.test\bin\debug\net7.0\carlton.base.components.test.dll" id="8604c345-8857-b944-5bd1-a96a9a067ba4">
      <Execution id="1ed126a6-1262-4d09-8275-ae9fe367dbe5" />
      <TestMethod codeBase="C:\Users\nicho\source\repos\NickGalazzo\Carlton.Base\src\Tests\Carlton.Base.Components.Test\bin\Debug\net7.0\Carlton.Base.Components.Test.dll" adapterTypeName="executor://xunit/VsTestRunner2/netcoreapp" className="Carlton.Base.Components.Test.AccordionSelectComponentTests" name="AccordionSelect_IsExpandedParam_RendersCorrectly" />
    </UnitTest>
    <UnitTest name="Carlton.Base.Components.Test.SlideTabComponentTests.SlideTab_ContentParam_RendersCorrectly(expectedContent: &quot;&lt;button class=\&quot;test-content\&quot;&gt;Here is some test c&quot;...)" storage="c:\users\nicho\source\repos\nickgalazzo\carlton.base\src\tests\carlton.base.components.test\bin\debug\net7.0\carlton.base.components.test.dll" id="54eed8b1-a365-c9d4-a02c-5452ed1f485d">
      <Execution id="7ed3f519-bd65-480b-a4c2-a5c406779171" />
      <TestMethod codeBase="C:\Users\nicho\source\repos\NickGalazzo\Carlton.Base\src\Tests\Carlton.Base.Components.Test\bin\Debug\net7.0\Carlton.Base.Components.Test.dll" adapterTypeName="executor://xunit/VsTestRunner2/netcoreapp" className="Carlton.Base.Components.Test.SlideTabComponentTests" name="SlideTab_ContentParam_RendersCorrectly" />
    </UnitTest>
    <UnitTest name="Carlton.Base.Components.Test.SelectComponentTests.Select_DisabledParam_RendersCorrectly(isDisabled: True)" storage="c:\users\nicho\source\repos\nickgalazzo\carlton.base\src\tests\carlton.base.components.test\bin\debug\net7.0\carlton.base.components.test.dll" id="2379e7a0-5ee9-5f99-6a52-0d712fc2e781">
      <Execution id="9479a5de-9f26-4354-bb80-700c433b36a1" />
      <TestMethod codeBase="C:\Users\nicho\source\repos\NickGalazzo\Carlton.Base\src\Tests\Carlton.Base.Components.Test\bin\Debug\net7.0\Carlton.Base.Components.Test.dll" adapterTypeName="executor://xunit/VsTestRunner2/netcoreapp" className="Carlton.Base.Components.Test.SelectComponentTests" name="Select_DisabledParam_RendersCorrectly" />
    </UnitTest>
    <UnitTest name="Carlton.Base.Components.Test.AccordionSelectComponentTests.AccordionSelect_ItemsParams_RendersCorrectly" storage="c:\users\nicho\source\repos\nickgalazzo\carlton.base\src\tests\carlton.base.components.test\bin\debug\net7.0\carlton.base.components.test.dll" id="499a4bba-291d-374f-711c-1097a1a52e0f">
      <Execution id="c60ab652-f61c-451b-a7d5-2b403bb5dfd9" />
      <TestMethod codeBase="C:\Users\nicho\source\repos\NickGalazzo\Carlton.Base\src\Tests\Carlton.Base.Components.Test\bin\Debug\net7.0\Carlton.Base.Components.Test.dll" adapterTypeName="executor://xunit/VsTestRunner2/netcoreapp" className="Carlton.Base.Components.Test.AccordionSelectComponentTests" name="AccordionSelect_ItemsParams_RendersCorrectly" />
    </UnitTest>
    <UnitTest name="Carlton.Base.Components.Test.SlideTabComponentTests.SlideTab_ContentParam_RendersCorrectly(expectedContent: &quot;&lt;div class=\&quot;test-content\&quot;&gt;Here is some test cont&quot;...)" storage="c:\users\nicho\source\repos\nickgalazzo\carlton.base\src\tests\carlton.base.components.test\bin\debug\net7.0\carlton.base.components.test.dll" id="efc4d7a7-1c02-52fb-6651-83720e62b6e4">
      <Execution id="05375b34-c1ff-440b-af7f-ad6ab62842c9" />
      <TestMethod codeBase="C:\Users\nicho\source\repos\NickGalazzo\Carlton.Base\src\Tests\Carlton.Base.Components.Test\bin\Debug\net7.0\Carlton.Base.Components.Test.dll" adapterTypeName="executor://xunit/VsTestRunner2/netcoreapp" className="Carlton.Base.Components.Test.SlideTabComponentTests" name="SlideTab_ContentParam_RendersCorrectly" />
    </UnitTest>
    <UnitTest name="Carlton.Base.Components.Test.NotificationBarComponentTests.NotificationBar_FadeOutEnabledParam_RendersCorrectly(fadeOutEnabled: True, notificationClass: &quot;warning-btn&quot;)" storage="c:\users\nicho\source\repos\nickgalazzo\carlton.base\src\tests\carlton.base.components.test\bin\debug\net7.0\carlton.base.components.test.dll" id="842338a5-fce3-2697-103d-cee95acc7e69">
      <Execution id="4c83e276-ce64-472d-a372-be30514407ce" />
      <TestMethod codeBase="C:\Users\nicho\source\repos\NickGalazzo\Carlton.Base\src\Tests\Carlton.Base.Components.Test\bin\Debug\net7.0\Carlton.Base.Components.Test.dll" adapterTypeName="executor://xunit/VsTestRunner2/netcoreapp" className="Carlton.Base.Components.Test.NotificationBarComponentTests" name="NotificationBar_FadeOutEnabledParam_RendersCorrectly" />
    </UnitTest>
    <UnitTest name="Carlton.Base.Components.Test.TablePaginationRowComponentTests.TablePaginationRow_OnPaginationChangedCallback_FiresEvent(selectedPage: 3, selectedRowsPerPage: 5, expectedPage: 3)" storage="c:\users\nicho\source\repos\nickgalazzo\carlton.base\src\tests\carlton.base.components.test\bin\debug\net7.0\carlton.base.components.test.dll" id="d1dda812-a522-3dfd-f226-01661877f3cd">
      <Execution id="c1a1f4a5-1294-424f-854f-9adda45e80bc" />
      <TestMethod codeBase="C:\Users\nicho\source\repos\NickGalazzo\Carlton.Base\src\Tests\Carlton.Base.Components.Test\bin\Debug\net7.0\Carlton.Base.Components.Test.dll" adapterTypeName="executor://xunit/VsTestRunner2/netcoreapp" className="Carlton.Base.Components.Test.TablePaginationRowComponentTests" name="TablePaginationRow_OnPaginationChangedCallback_FiresEvent" />
    </UnitTest>
    <UnitTest name="Carlton.Base.Components.Test.BreadCrumbsComponentTests.BreadCrumbs_Markup_RendersCorrectly" storage="c:\users\nicho\source\repos\nickgalazzo\carlton.base\src\tests\carlton.base.components.test\bin\debug\net7.0\carlton.base.components.test.dll" id="83c26dfc-7c9f-0e03-2375-8e3fadd5c926">
      <Execution id="aa803a48-9456-4f4f-95c5-d04bad8878ca" />
      <TestMethod codeBase="C:\Users\nicho\source\repos\NickGalazzo\Carlton.Base\src\Tests\Carlton.Base.Components.Test\bin\Debug\net7.0\Carlton.Base.Components.Test.dll" adapterTypeName="executor://xunit/VsTestRunner2/netcoreapp" className="Carlton.Base.Components.Test.BreadCrumbsComponentTests" name="BreadCrumbs_Markup_RendersCorrectly" />
    </UnitTest>
    <UnitTest name="Carlton.Base.Components.Test.DropDownMenuComponentTests.DropDownMenuElement_MenuTemplateParam_RendersCorrectly" storage="c:\users\nicho\source\repos\nickgalazzo\carlton.base\src\tests\carlton.base.components.test\bin\debug\net7.0\carlton.base.components.test.dll" id="cfcd9d72-0e99-fe1a-9d32-327efc2e96dc">
      <Execution id="da584c8e-b6fd-4008-93cb-d59a7d3fb539" />
      <TestMethod codeBase="C:\Users\nicho\source\repos\NickGalazzo\Carlton.Base\src\Tests\Carlton.Base.Components.Test\bin\Debug\net7.0\Carlton.Base.Components.Test.dll" adapterTypeName="executor://xunit/VsTestRunner2/netcoreapp" className="Carlton.Base.Components.Test.DropDownMenuComponentTests" name="DropDownMenuElement_MenuTemplateParam_RendersCorrectly" />
    </UnitTest>
    <UnitTest name="Carlton.Base.Components.Test.ListCardComponentTests.ListCard_HeaderContentChildParam_RendersCorrectly(expectedHeaderContent: &quot;&lt;span&gt;More Header Testing Content&lt;/span&gt;&quot;)" storage="c:\users\nicho\source\repos\nickgalazzo\carlton.base\src\tests\carlton.base.components.test\bin\debug\net7.0\carlton.base.components.test.dll" id="f1d4fcef-c0b2-1a2b-4443-9a6196e09556">
      <Execution id="7eb914f0-e9e5-40b1-8c32-a0235cede157" />
      <TestMethod codeBase="C:\Users\nicho\source\repos\NickGalazzo\Carlton.Base\src\Tests\Carlton.Base.Components.Test\bin\Debug\net7.0\Carlton.Base.Components.Test.dll" adapterTypeName="executor://xunit/VsTestRunner2/netcoreapp" className="Carlton.Base.Components.Test.ListCardComponentTests" name="ListCard_HeaderContentChildParam_RendersCorrectly" />
    </UnitTest>
    <UnitTest name="Carlton.Base.Components.Test.CountCardComponentTests.CountCard_IconParam_RendersCorrectly(icon: &quot;icon-1&quot;)" storage="c:\users\nicho\source\repos\nickgalazzo\carlton.base\src\tests\carlton.base.components.test\bin\debug\net7.0\carlton.base.components.test.dll" id="88b02857-31c6-c6a5-e9ec-e82f8eaf3750">
      <Execution id="75a64ddd-1d92-47c9-9048-0f6e712f67d0" />
      <TestMethod codeBase="C:\Users\nicho\source\repos\NickGalazzo\Carlton.Base\src\Tests\Carlton.Base.Components.Test\bin\Debug\net7.0\Carlton.Base.Components.Test.dll" adapterTypeName="executor://xunit/VsTestRunner2/netcoreapp" className="Carlton.Base.Components.Test.CountCardComponentTests" name="CountCard_IconParam_RendersCorrectly" />
    </UnitTest>
    <UnitTest name="Carlton.Base.Components.Test.TableHeaderComponentTests.TableHeader_HeadingsParam_RendersCorrectly" storage="c:\users\nicho\source\repos\nickgalazzo\carlton.base\src\tests\carlton.base.components.test\bin\debug\net7.0\carlton.base.components.test.dll" id="0be2e34f-6619-8975-afab-64437187ca4d">
      <Execution id="3ddc8e3d-6e69-4712-957c-bf5a25ca1f45" />
      <TestMethod codeBase="C:\Users\nicho\source\repos\NickGalazzo\Carlton.Base\src\Tests\Carlton.Base.Components.Test\bin\Debug\net7.0\Carlton.Base.Components.Test.dll" adapterTypeName="executor://xunit/VsTestRunner2/netcoreapp" className="Carlton.Base.Components.Test.TableHeaderComponentTests" name="TableHeader_HeadingsParam_RendersCorrectly" />
    </UnitTest>
    <UnitTest name="Carlton.Base.Components.Test.TableComponentTests.Table_HeaderItemOnClick_DescendingClass_RendersCorrectly(selectedIndex: 1)" storage="c:\users\nicho\source\repos\nickgalazzo\carlton.base\src\tests\carlton.base.components.test\bin\debug\net7.0\carlton.base.components.test.dll" id="6a9bea38-8fd5-7218-ba12-e6943c567071">
      <Execution id="26bf4051-5e4c-411e-9e71-3c6f7fff158e" />
      <TestMethod codeBase="C:\Users\nicho\source\repos\NickGalazzo\Carlton.Base\src\Tests\Carlton.Base.Components.Test\bin\Debug\net7.0\Carlton.Base.Components.Test.dll" adapterTypeName="executor://xunit/VsTestRunner2/netcoreapp" className="Carlton.Base.Components.Test.TableComponentTests" name="Table_HeaderItemOnClick_DescendingClass_RendersCorrectly" />
    </UnitTest>
    <UnitTest name="Carlton.Base.Components.Test.TableComponentTests.Table_ShowPaginationRow_RendersCorrectly(showPaginationRow: False)" storage="c:\users\nicho\source\repos\nickgalazzo\carlton.base\src\tests\carlton.base.components.test\bin\debug\net7.0\carlton.base.components.test.dll" id="bea3b166-3bab-7652-299c-ec207b224b47">
      <Execution id="43917f57-0609-41c9-8d41-48685b3cd39c" />
      <TestMethod codeBase="C:\Users\nicho\source\repos\NickGalazzo\Carlton.Base\src\Tests\Carlton.Base.Components.Test\bin\Debug\net7.0\Carlton.Base.Components.Test.dll" adapterTypeName="executor://xunit/VsTestRunner2/netcoreapp" className="Carlton.Base.Components.Test.TableComponentTests" name="Table_ShowPaginationRow_RendersCorrectly" />
    </UnitTest>
    <UnitTest name="Carlton.Base.Components.Test.TableHeaderComponentTests.TableHeader_OnClick_AscendingClass_RendersCorrectly(selectedIndex: 0)" storage="c:\users\nicho\source\repos\nickgalazzo\carlton.base\src\tests\carlton.base.components.test\bin\debug\net7.0\carlton.base.components.test.dll" id="5770f1a8-6ef2-8f70-7afe-af85c0fe7780">
      <Execution id="039dd518-266a-4396-9b41-ebf3b444aec2" />
      <TestMethod codeBase="C:\Users\nicho\source\repos\NickGalazzo\Carlton.Base\src\Tests\Carlton.Base.Components.Test\bin\Debug\net7.0\Carlton.Base.Components.Test.dll" adapterTypeName="executor://xunit/VsTestRunner2/netcoreapp" className="Carlton.Base.Components.Test.TableHeaderComponentTests" name="TableHeader_OnClick_AscendingClass_RendersCorrectly" />
    </UnitTest>
    <UnitTest name="Carlton.Base.Components.Test.BreadCrumbsComponentTests.BreadCrumbs_SeparatorParam_RendersCorrectly(expectedSeparator: &quot;|&quot;)" storage="c:\users\nicho\source\repos\nickgalazzo\carlton.base\src\tests\carlton.base.components.test\bin\debug\net7.0\carlton.base.components.test.dll" id="5edad639-7772-08f8-4106-625d4c43a8b3">
      <Execution id="1b6f32d4-ab74-4e2f-b7fb-3766597bffc8" />
      <TestMethod codeBase="C:\Users\nicho\source\repos\NickGalazzo\Carlton.Base\src\Tests\Carlton.Base.Components.Test\bin\Debug\net7.0\Carlton.Base.Components.Test.dll" adapterTypeName="executor://xunit/VsTestRunner2/netcoreapp" className="Carlton.Base.Components.Test.BreadCrumbsComponentTests" name="BreadCrumbs_SeparatorParam_RendersCorrectly" />
    </UnitTest>
    <UnitTest name="Carlton.Base.Components.Test.AccordionSelectComponentTests.AccordionSelect_SelectedValueParam_RendersCorrectly(selectedIndex: 2, selectedValue: 3)" storage="c:\users\nicho\source\repos\nickgalazzo\carlton.base\src\tests\carlton.base.components.test\bin\debug\net7.0\carlton.base.components.test.dll" id="6c359ed0-fe50-b1fc-9e35-70ec37981b43">
      <Execution id="c33fe701-a732-4ffb-bee1-cddd7915750f" />
      <TestMethod codeBase="C:\Users\nicho\source\repos\NickGalazzo\Carlton.Base\src\Tests\Carlton.Base.Components.Test\bin\Debug\net7.0\Carlton.Base.Components.Test.dll" adapterTypeName="executor://xunit/VsTestRunner2/netcoreapp" className="Carlton.Base.Components.Test.AccordionSelectComponentTests" name="AccordionSelect_SelectedValueParam_RendersCorrectly" />
    </UnitTest>
    <UnitTest name="Carlton.Base.Components.Test.DropDownMenuElementComponentTests.DropDownMenuElement_MenuItemNameParam_RendersCorrectly(menuItemName: &quot;Test Menu Item Again&quot;)" storage="c:\users\nicho\source\repos\nickgalazzo\carlton.base\src\tests\carlton.base.components.test\bin\debug\net7.0\carlton.base.components.test.dll" id="8a6fe78d-1950-ca2c-fcac-76683a017d7a">
      <Execution id="ffbad039-c918-41dd-a8dc-bcf62fd0af00" />
      <TestMethod codeBase="C:\Users\nicho\source\repos\NickGalazzo\Carlton.Base\src\Tests\Carlton.Base.Components.Test\bin\Debug\net7.0\Carlton.Base.Components.Test.dll" adapterTypeName="executor://xunit/VsTestRunner2/netcoreapp" className="Carlton.Base.Components.Test.DropDownMenuElementComponentTests" name="DropDownMenuElement_MenuItemNameParam_RendersCorrectly" />
    </UnitTest>
    <UnitTest name="Carlton.Base.Components.Test.ListCardComponentTests.ListCard_CardSubTitleParam_RendersCorrectly(subtitle: &quot;Test Subtitle 2&quot;)" storage="c:\users\nicho\source\repos\nickgalazzo\carlton.base\src\tests\carlton.base.components.test\bin\debug\net7.0\carlton.base.components.test.dll" id="28e45289-e885-7685-d25c-3d36aa53824f">
      <Execution id="0d65a59d-e4c4-4f2a-b333-05e4df07023a" />
      <TestMethod codeBase="C:\Users\nicho\source\repos\NickGalazzo\Carlton.Base\src\Tests\Carlton.Base.Components.Test\bin\Debug\net7.0\Carlton.Base.Components.Test.dll" adapterTypeName="executor://xunit/VsTestRunner2/netcoreapp" className="Carlton.Base.Components.Test.ListCardComponentTests" name="ListCard_CardSubTitleParam_RendersCorrectly" />
    </UnitTest>
  </TestDefinitions>
  <TestEntries>
    <TestEntry testId="aa57a9f5-bc65-b287-a5c7-b36d21c6642f" executionId="225b3ecc-4b66-4a16-8549-74826b5f313e" testListId="8c84fa94-04c1-424b-9868-57a2d4851a1d" />
    <TestEntry testId="7f9ad7c1-2677-a538-72d9-c606ba0c8487" executionId="2002be92-9036-4c31-96d3-e40f9dab7a5e" testListId="8c84fa94-04c1-424b-9868-57a2d4851a1d" />
    <TestEntry testId="2ede1c93-1a23-c618-a45a-75a973ec060c" executionId="341bbacf-7420-4bdf-8a59-b6f7b194551a" testListId="8c84fa94-04c1-424b-9868-57a2d4851a1d" />
    <TestEntry testId="7b453ea3-7024-aa7e-6d3c-770aa31365af" executionId="ae4dc9e0-e6c7-4917-bd31-861c7c387a01" testListId="8c84fa94-04c1-424b-9868-57a2d4851a1d" />
    <TestEntry testId="9e67d4f4-b484-92be-3e40-b0308bf16bd7" executionId="7bb0c165-f440-4320-8fc4-58d2605d4727" testListId="8c84fa94-04c1-424b-9868-57a2d4851a1d" />
    <TestEntry testId="dfe9ce7a-0bc1-eeb7-3cba-161664fa3ef5" executionId="25b05180-32f4-499f-9428-8332a367a4f6" testListId="8c84fa94-04c1-424b-9868-57a2d4851a1d" />
    <TestEntry testId="0fb68c2a-bd7a-d55c-90e4-2e456030a380" executionId="9e342871-201c-4e58-b57b-ae2bfab2eabf" testListId="8c84fa94-04c1-424b-9868-57a2d4851a1d" />
    <TestEntry testId="41b926d3-3d70-b9d0-fd5a-db49635794a4" executionId="2dbeb806-ec19-4585-bcd2-b38e4679732d" testListId="8c84fa94-04c1-424b-9868-57a2d4851a1d" />
    <TestEntry testId="0be2e34f-6619-8975-afab-64437187ca4d" executionId="6d8d9104-664e-4a22-ae70-983938080816" testListId="8c84fa94-04c1-424b-9868-57a2d4851a1d" />
    <TestEntry testId="f1d4fcef-c0b2-1a2b-4443-9a6196e09556" executionId="7eb914f0-e9e5-40b1-8c32-a0235cede157" testListId="8c84fa94-04c1-424b-9868-57a2d4851a1d" />
    <TestEntry testId="69a8af49-3dfe-560f-907d-c6f19402dc4c" executionId="d52c5985-a896-487b-95c5-a6d4cdb88e08" testListId="8c84fa94-04c1-424b-9868-57a2d4851a1d" />
    <TestEntry testId="9ead1186-c628-8ae9-fc32-0c702d45e94a" executionId="a7b1b25f-591a-418b-8f1c-4f2be97d82ad" testListId="8c84fa94-04c1-424b-9868-57a2d4851a1d" />
    <TestEntry testId="4c797b3a-2efa-30be-bb00-1dc3fd87ea84" executionId="721ac459-61ae-468b-bd19-c14d573edd96" testListId="8c84fa94-04c1-424b-9868-57a2d4851a1d" />
    <TestEntry testId="5c88af88-27e1-5531-551d-d096b081bbbb" executionId="c3ed02d5-cc83-4905-8669-4bf391a7eba0" testListId="8c84fa94-04c1-424b-9868-57a2d4851a1d" />
    <TestEntry testId="012e8c6f-7d14-d9e7-6248-1a51abfc0934" executionId="3fe428ec-63a0-4927-8d6b-c5a745179b28" testListId="8c84fa94-04c1-424b-9868-57a2d4851a1d" />
    <TestEntry testId="6c84f820-8c77-3950-e7b5-4b415ef42446" executionId="a94578e8-675f-4779-8a8f-c16b3d0ae82e" testListId="8c84fa94-04c1-424b-9868-57a2d4851a1d" />
    <TestEntry testId="486e9ba1-e753-20ca-0c09-62b671e1cc0c" executionId="505ccd2a-9543-47c4-9428-b21e697974fd" testListId="8c84fa94-04c1-424b-9868-57a2d4851a1d" />
    <TestEntry testId="edcac07c-0187-8feb-c533-c6a6f3a28b60" executionId="2ff78acc-6aba-40c6-83bd-b8a3c3f00b19" testListId="8c84fa94-04c1-424b-9868-57a2d4851a1d" />
    <TestEntry testId="8af30576-a2b6-df1c-49fa-2acbc5c464dc" executionId="e114a609-f995-4b13-82ec-0e6cc702092a" testListId="8c84fa94-04c1-424b-9868-57a2d4851a1d" />
    <TestEntry testId="dd37b1b9-4c67-5b2f-d5d5-ea991ef86fd8" executionId="1c445055-71ea-4c90-adda-e7e21f29840d" testListId="8c84fa94-04c1-424b-9868-57a2d4851a1d" />
    <TestEntry testId="a41dcb24-b89d-3f22-c149-d98a0341724c" executionId="2fcc8665-0c58-4a2c-a4e0-56dc90545ee8" testListId="8c84fa94-04c1-424b-9868-57a2d4851a1d" />
    <TestEntry testId="bbe27599-2aa3-47df-83f1-62c6f6c60de1" executionId="f773a52b-b959-452a-a6d6-1a78cee00189" testListId="8c84fa94-04c1-424b-9868-57a2d4851a1d" />
    <TestEntry testId="0e3f6730-de0b-7a62-477b-e1da6a491a3d" executionId="7deb2fab-b66b-4310-956d-0d4a7a2ff8f0" testListId="8c84fa94-04c1-424b-9868-57a2d4851a1d" />
    <TestEntry testId="470612f3-9e40-7de7-9e4d-fde6f04f5483" executionId="73a86595-93f0-4fef-91c8-07275582f446" testListId="8c84fa94-04c1-424b-9868-57a2d4851a1d" />
    <TestEntry testId="5c88af88-27e1-5531-551d-d096b081bbbb" executionId="274b5120-9d8b-4f24-8d7a-fab086878481" testListId="8c84fa94-04c1-424b-9868-57a2d4851a1d" />
    <TestEntry testId="a6e31a15-2ab4-d1b4-8fe0-f6f10e1ab1ac" executionId="909cc254-8e72-45c3-a330-32281b738732" testListId="8c84fa94-04c1-424b-9868-57a2d4851a1d" />
    <TestEntry testId="50c93238-4012-6df7-32db-f969a8a7c6b3" executionId="cab659b3-7017-4d25-a755-933c7779a900" testListId="8c84fa94-04c1-424b-9868-57a2d4851a1d" />
    <TestEntry testId="57da913c-5bb2-4d04-fc29-2d9bd99b6d41" executionId="475964b1-f85b-4fb3-9bec-fc10745ceece" testListId="8c84fa94-04c1-424b-9868-57a2d4851a1d" />
    <TestEntry testId="0c9c72b4-1b61-9132-5c94-274f763c3a1f" executionId="64b9fa72-76c1-443e-85ea-9aa631b7fa0d" testListId="8c84fa94-04c1-424b-9868-57a2d4851a1d" />
    <TestEntry testId="03aa21a3-5e37-91dc-e5c6-7f98978fd03c" executionId="d05b06fe-a084-4eff-a106-dd9d80a7ee90" testListId="8c84fa94-04c1-424b-9868-57a2d4851a1d" />
    <TestEntry testId="417482e4-dea2-eab8-b41a-116fcc91a67d" executionId="c85e801d-d3e1-47f4-a9bd-0bbe927225c8" testListId="8c84fa94-04c1-424b-9868-57a2d4851a1d" />
    <TestEntry testId="3f3f7bde-292c-12e4-5ac8-b27eaef55d68" executionId="c3c41b08-ecdd-44db-b539-6b3fa2645d9b" testListId="8c84fa94-04c1-424b-9868-57a2d4851a1d" />
    <TestEntry testId="920e4354-fec6-14c2-1380-06b61a0b9ea9" executionId="a3b83644-4e92-40ac-81be-f0bd90b16557" testListId="8c84fa94-04c1-424b-9868-57a2d4851a1d" />
    <TestEntry testId="298fe03e-249b-b13d-a269-1b389ef1a02e" executionId="d2232850-e2f3-43b9-8e65-e4ddeb14b7b9" testListId="8c84fa94-04c1-424b-9868-57a2d4851a1d" />
    <TestEntry testId="5145f4af-fec7-c72d-871d-4e76b076e06c" executionId="94d5e5bf-7fcf-4468-be1a-aedba0334efe" testListId="8c84fa94-04c1-424b-9868-57a2d4851a1d" />
    <TestEntry testId="8e5dfc12-0ccd-84c7-eae7-7f89e6b43788" executionId="4b814343-17ff-4c00-be6a-6a2b3b3969a6" testListId="8c84fa94-04c1-424b-9868-57a2d4851a1d" />
    <TestEntry testId="a090a5e2-b798-b442-05e1-15c76df7de32" executionId="fa5a8dbe-5a2d-43b1-b2e7-c4fbdec46848" testListId="8c84fa94-04c1-424b-9868-57a2d4851a1d" />
    <TestEntry testId="2f1882f1-d6f3-7332-d3a2-9e3758b94b59" executionId="4819e58d-d2c3-493a-b797-1fec67e44959" testListId="8c84fa94-04c1-424b-9868-57a2d4851a1d" />
    <TestEntry testId="067218af-67a2-68da-98aa-e9243dbda169" executionId="bf127f7a-b7e9-4e92-b366-37e8505b67d8" testListId="8c84fa94-04c1-424b-9868-57a2d4851a1d" />
    <TestEntry testId="2379e7a0-5ee9-5f99-6a52-0d712fc2e781" executionId="9479a5de-9f26-4354-bb80-700c433b36a1" testListId="8c84fa94-04c1-424b-9868-57a2d4851a1d" />
    <TestEntry testId="3b7633ea-161f-2116-c52f-52e37a852c76" executionId="06a5232e-a833-401f-83a7-06bc3b0fe772" testListId="8c84fa94-04c1-424b-9868-57a2d4851a1d" />
    <TestEntry testId="40f397c7-6770-78b5-44ee-bfd175e82413" executionId="d01ec00e-e8ca-4e12-8f93-f0ffe928590c" testListId="8c84fa94-04c1-424b-9868-57a2d4851a1d" />
    <TestEntry testId="b9366499-2fa9-2b74-777c-bd5ce9b81d50" executionId="ea84ee71-5ea4-4cbe-ab99-bec979ee3541" testListId="8c84fa94-04c1-424b-9868-57a2d4851a1d" />
    <TestEntry testId="aec7847b-f2dd-7f82-7106-a9f877eba7a8" executionId="cf068728-eba9-459c-99d3-889a5ed684af" testListId="8c84fa94-04c1-424b-9868-57a2d4851a1d" />
    <TestEntry testId="1edd2235-9ccb-5a7c-da3c-69852da57d43" executionId="1d743ca2-6ff9-4f34-9bb1-a6750c0e7aa8" testListId="8c84fa94-04c1-424b-9868-57a2d4851a1d" />
    <TestEntry testId="4c624072-3469-3d06-1b6a-9cf723873fdb" executionId="c5f7fa0c-7409-4f21-b965-55b230031fe1" testListId="8c84fa94-04c1-424b-9868-57a2d4851a1d" />
    <TestEntry testId="55fb0a26-9c99-4be0-982c-ede52667b895" executionId="b30a8fea-9d43-4115-bb8b-e728ae45a5d1" testListId="8c84fa94-04c1-424b-9868-57a2d4851a1d" />
    <TestEntry testId="e9efa1ee-ef5b-0467-85f1-461dd551b536" executionId="701a9e1c-8723-426d-ab86-de45e7ad745d" testListId="8c84fa94-04c1-424b-9868-57a2d4851a1d" />
    <TestEntry testId="55fb0a26-9c99-4be0-982c-ede52667b895" executionId="b82a067d-7fdf-4f6e-ad10-c1c120ab1b0e" testListId="8c84fa94-04c1-424b-9868-57a2d4851a1d" />
    <TestEntry testId="74b96a9d-dba2-ac4b-acb6-2e4a1c7bd4a9" executionId="ec06d113-e6b5-45fb-aad7-7a08db2845f2" testListId="8c84fa94-04c1-424b-9868-57a2d4851a1d" />
    <TestEntry testId="26905ffd-8188-205e-dfc2-03ba98f0a988" executionId="928ec71e-722d-43b1-a5b0-05b2b61ab225" testListId="8c84fa94-04c1-424b-9868-57a2d4851a1d" />
    <TestEntry testId="faf6ac33-173a-dc80-7734-8174ff344fb3" executionId="4acd10f8-4518-429f-a046-1dc821b4384b" testListId="8c84fa94-04c1-424b-9868-57a2d4851a1d" />
    <TestEntry testId="c8c8c482-3662-3a70-a2ff-e4dbea2300e5" executionId="f0a90044-0b0e-4bc5-920b-dc304e9bb62f" testListId="8c84fa94-04c1-424b-9868-57a2d4851a1d" />
    <TestEntry testId="171104a2-6a51-5fc9-7ed0-45112a1bc210" executionId="4785b24b-700a-4091-8873-77822b45074a" testListId="8c84fa94-04c1-424b-9868-57a2d4851a1d" />
    <TestEntry testId="4c3c8efe-8bf5-8a38-a5a0-de9721f93478" executionId="16c494b9-a420-41bb-ad48-8f7619d0273a" testListId="8c84fa94-04c1-424b-9868-57a2d4851a1d" />
    <TestEntry testId="efc4d7a7-1c02-52fb-6651-83720e62b6e4" executionId="05375b34-c1ff-440b-af7f-ad6ab62842c9" testListId="8c84fa94-04c1-424b-9868-57a2d4851a1d" />
    <TestEntry testId="04a5b1b1-3a10-f4f6-371a-04cf46ac4cb9" executionId="2dbae7c0-7e6e-4c15-b5c0-e2163aa66ae4" testListId="8c84fa94-04c1-424b-9868-57a2d4851a1d" />
    <TestEntry testId="eb6b2198-722f-088a-171f-b415baf59577" executionId="6cf69f8d-1c9d-402a-9182-2e6c2f9d1d6c" testListId="8c84fa94-04c1-424b-9868-57a2d4851a1d" />
    <TestEntry testId="27c9336c-a4d2-4e4d-c59e-e21a07c10051" executionId="da1521ed-7c9e-4ee0-be0e-1d75ac393e25" testListId="8c84fa94-04c1-424b-9868-57a2d4851a1d" />
    <TestEntry testId="013178ef-4151-7a51-327b-76cb79a76da0" executionId="092d61f8-c080-4b26-827c-870f34c8a975" testListId="8c84fa94-04c1-424b-9868-57a2d4851a1d" />
    <TestEntry testId="fda40231-7dc9-df35-a4fe-7ec3807fa0c9" executionId="bb0a0a12-bd3c-4efd-87b2-2751e6dbd990" testListId="8c84fa94-04c1-424b-9868-57a2d4851a1d" />
    <TestEntry testId="85b3cc95-910c-ccf8-fa6c-207ac76f89b7" executionId="ac150d03-87a4-4adb-8523-6fbf280c93a1" testListId="8c84fa94-04c1-424b-9868-57a2d4851a1d" />
    <TestEntry testId="14a241c6-a958-4260-ba4e-654c705d25f8" executionId="a767fd38-dae6-439d-bb83-a143fd65fce7" testListId="8c84fa94-04c1-424b-9868-57a2d4851a1d" />
    <TestEntry testId="cb827e29-70c8-5330-47ce-9981d0ba2876" executionId="020c6368-3834-4d35-847a-dbb03f520953" testListId="8c84fa94-04c1-424b-9868-57a2d4851a1d" />
    <TestEntry testId="5c0ec28d-c5d9-3f0b-b666-ef73fc816bf9" executionId="ca64a840-47be-4b36-84d8-de27acf3519c" testListId="8c84fa94-04c1-424b-9868-57a2d4851a1d" />
    <TestEntry testId="925a0f7a-d69c-5d5e-e82e-3f410ec45cc2" executionId="5781d3c3-1ca2-499b-a9d2-9a8c3b88db58" testListId="8c84fa94-04c1-424b-9868-57a2d4851a1d" />
    <TestEntry testId="691771b2-9881-2584-0382-8b2d381324cf" executionId="7e16dd1c-6134-4acd-828e-6347baaed459" testListId="8c84fa94-04c1-424b-9868-57a2d4851a1d" />
    <TestEntry testId="801f7583-d760-3b33-e730-154e30024100" executionId="a4c7f755-5703-4680-97ae-2327e1a86e89" testListId="8c84fa94-04c1-424b-9868-57a2d4851a1d" />
    <TestEntry testId="36dc42a7-cee0-b1cc-d552-729ae37edab5" executionId="71861e16-7f98-48b6-832a-105683d6e2a7" testListId="8c84fa94-04c1-424b-9868-57a2d4851a1d" />
    <TestEntry testId="07a792cc-4abe-5fd5-bf96-777500667402" executionId="9ffbfefe-289e-411a-bcea-d5751a3e2dbf" testListId="8c84fa94-04c1-424b-9868-57a2d4851a1d" />
    <TestEntry testId="70fae74a-dc94-7381-efaa-28b4f51bb46e" executionId="cea9f284-9bac-4da1-a621-2b6e04494001" testListId="8c84fa94-04c1-424b-9868-57a2d4851a1d" />
    <TestEntry testId="e9940cc3-2ba9-f6c1-ba65-5ffd51114364" executionId="482dc1be-c136-4e76-a265-2fbd1db37336" testListId="8c84fa94-04c1-424b-9868-57a2d4851a1d" />
    <TestEntry testId="203ed372-9fa6-a5f4-352d-85cf0a8f907a" executionId="60cadfbb-340f-49ad-977f-a299a5c07138" testListId="8c84fa94-04c1-424b-9868-57a2d4851a1d" />
    <TestEntry testId="732f3f80-7856-cc06-369f-c64790e08623" executionId="997f2e9d-692c-40f8-9c6c-2cc30631a087" testListId="8c84fa94-04c1-424b-9868-57a2d4851a1d" />
    <TestEntry testId="9af5ba7b-1b74-a10f-e959-9d59535dc4af" executionId="5a03c983-3b5d-4cb3-8475-e671619d0c7b" testListId="8c84fa94-04c1-424b-9868-57a2d4851a1d" />
    <TestEntry testId="ff0bfe74-b31b-0e59-a674-0e59b86a9932" executionId="14acd71e-bdfc-40bd-b52b-8b9cef0e1cef" testListId="8c84fa94-04c1-424b-9868-57a2d4851a1d" />
    <TestEntry testId="fc7b79c7-3523-04fd-60af-a22152a3cdb2" executionId="80c61262-4316-447e-9681-f9ad861e8c1e" testListId="8c84fa94-04c1-424b-9868-57a2d4851a1d" />
    <TestEntry testId="17a39795-eace-ebc5-37db-b025bf49f2f8" executionId="473f375a-fa9d-41aa-a39b-dfa59ea2ff73" testListId="8c84fa94-04c1-424b-9868-57a2d4851a1d" />
    <TestEntry testId="4c624072-3469-3d06-1b6a-9cf723873fdb" executionId="91fb8cc9-61b1-4b5a-9d01-ff541c73ce50" testListId="8c84fa94-04c1-424b-9868-57a2d4851a1d" />
    <TestEntry testId="499a4bba-291d-374f-711c-1097a1a52e0f" executionId="1ec8919f-bd29-4c5e-9234-59e65874d376" testListId="8c84fa94-04c1-424b-9868-57a2d4851a1d" />
    <TestEntry testId="ea8df251-c950-3cc7-7913-16d1bb48ae44" executionId="0b4993fa-0055-484e-b0d3-9c57a5c16764" testListId="8c84fa94-04c1-424b-9868-57a2d4851a1d" />
    <TestEntry testId="e0fdcb3f-6425-8c09-96d8-e66744e0ac09" executionId="6618496b-1898-4431-8757-0f5648fd5527" testListId="8c84fa94-04c1-424b-9868-57a2d4851a1d" />
    <TestEntry testId="6adfb11f-b707-1c16-4f78-f05186887b40" executionId="c1a91939-e940-4261-b900-d0485e42f95c" testListId="8c84fa94-04c1-424b-9868-57a2d4851a1d" />
    <TestEntry testId="4f8bba3f-ea59-4891-a117-39ddd264c169" executionId="d5a1b85a-45be-4c4a-a312-803c78cc781f" testListId="8c84fa94-04c1-424b-9868-57a2d4851a1d" />
    <TestEntry testId="674e55d2-559b-2a72-32e8-b5e3b33d3bc0" executionId="b66e4c43-d421-4165-b550-45b282502a88" testListId="8c84fa94-04c1-424b-9868-57a2d4851a1d" />
    <TestEntry testId="eb2000eb-be48-b645-012d-23b04fb855fa" executionId="77e54f3e-510a-4d5e-8887-0392f80da382" testListId="8c84fa94-04c1-424b-9868-57a2d4851a1d" />
    <TestEntry testId="a49a766e-c0a2-a4b7-2f15-d1dcccd58d2a" executionId="93fa2c57-fec4-4075-abb8-a833591a5358" testListId="8c84fa94-04c1-424b-9868-57a2d4851a1d" />
    <TestEntry testId="d8f0c920-c22a-d3bb-c6d9-8857d2f2f6e8" executionId="362981a1-8fc5-4982-a525-985bbd31dd68" testListId="8c84fa94-04c1-424b-9868-57a2d4851a1d" />
    <TestEntry testId="7f6a9984-6418-1329-1ddd-ff46325f35f0" executionId="baebed57-3f89-4863-9f15-23d944cbf711" testListId="8c84fa94-04c1-424b-9868-57a2d4851a1d" />
    <TestEntry testId="4dface37-f7d5-e179-cda3-11b6fc0ed259" executionId="b3b53bcd-b114-4a6c-a676-0897a163b624" testListId="8c84fa94-04c1-424b-9868-57a2d4851a1d" />
    <TestEntry testId="0b97f27c-fe86-c1fc-4ad3-df5b339bb0c0" executionId="f7f1b88d-d2bf-472f-87c6-194fb7453a73" testListId="8c84fa94-04c1-424b-9868-57a2d4851a1d" />
    <TestEntry testId="c1fd8e65-8e01-0474-0fff-7d2af4135b46" executionId="df5053ff-8608-43c5-8053-9e7e7832f849" testListId="8c84fa94-04c1-424b-9868-57a2d4851a1d" />
    <TestEntry testId="684d119b-bf29-0359-d6c0-2d83b20138f4" executionId="1e863aa5-9f64-4e6e-9c7c-b9d630487ab1" testListId="8c84fa94-04c1-424b-9868-57a2d4851a1d" />
    <TestEntry testId="61e1b106-29d8-ebe9-5280-29055e086c8a" executionId="d6337143-2ff9-4c94-ac04-ba79e4342335" testListId="8c84fa94-04c1-424b-9868-57a2d4851a1d" />
    <TestEntry testId="a32d1ab1-d7c5-d068-d255-020c3716ee13" executionId="3eaefcca-071f-4eb0-b40c-2721222d6918" testListId="8c84fa94-04c1-424b-9868-57a2d4851a1d" />
    <TestEntry testId="afc67675-4ede-eedc-88e8-752665cb23e0" executionId="45db20aa-4189-4350-92d8-c282f5e06e11" testListId="8c84fa94-04c1-424b-9868-57a2d4851a1d" />
    <TestEntry testId="d9e12bf2-ab5b-0ec6-1214-606db4380b58" executionId="52ca7c45-ce40-40e3-9506-ce5d2bd1f99a" testListId="8c84fa94-04c1-424b-9868-57a2d4851a1d" />
    <TestEntry testId="d2c9aff5-47d5-b79a-c0eb-4e831caf7a21" executionId="54250054-e357-487e-920c-68c4e9ac17b5" testListId="8c84fa94-04c1-424b-9868-57a2d4851a1d" />
    <TestEntry testId="91cab3e6-f6e6-ffd2-a883-2556c43bc8c0" executionId="4d1d2184-f8ac-42ea-8bc9-bb5abbb117b9" testListId="8c84fa94-04c1-424b-9868-57a2d4851a1d" />
    <TestEntry testId="e1b6bec7-160e-aa54-3156-206a80de3487" executionId="08dde473-7d12-4d20-8380-21bcf85a1bfb" testListId="8c84fa94-04c1-424b-9868-57a2d4851a1d" />
    <TestEntry testId="fcd25c10-c16d-6e3a-163b-5f53194e3189" executionId="522264d0-c643-4700-a5d3-9d92b91725fb" testListId="8c84fa94-04c1-424b-9868-57a2d4851a1d" />
    <TestEntry testId="07e3bbd6-7365-4e2d-bb09-fdfd715d2865" executionId="08d5fa80-54ff-47bf-8dc8-c8798909f34a" testListId="8c84fa94-04c1-424b-9868-57a2d4851a1d" />
    <TestEntry testId="b076ac6c-261b-164f-31f2-2b1cbc6f2155" executionId="806aa653-7a26-4a22-bf5e-b3c8b9412418" testListId="8c84fa94-04c1-424b-9868-57a2d4851a1d" />
    <TestEntry testId="fc7b79c7-3523-04fd-60af-a22152a3cdb2" executionId="b2d3b311-b6ae-44b3-b41f-995c7dc3840a" testListId="8c84fa94-04c1-424b-9868-57a2d4851a1d" />
    <TestEntry testId="73754bc2-b000-9e2a-28d6-b696512a0fa5" executionId="4facc2ba-2390-49b9-8dd0-9c786b5c820e" testListId="8c84fa94-04c1-424b-9868-57a2d4851a1d" />
    <TestEntry testId="e0cddd5e-2a45-1288-289d-9ff1fd5e0351" executionId="fcfb3760-f550-4aa8-9f21-3c99f46e955c" testListId="8c84fa94-04c1-424b-9868-57a2d4851a1d" />
    <TestEntry testId="1c0c0ede-94cf-1f31-cf90-2475a239bc38" executionId="c5336b91-d07a-4ade-89cb-f08641ed5d9e" testListId="8c84fa94-04c1-424b-9868-57a2d4851a1d" />
    <TestEntry testId="18569e55-01d3-2cbe-9a47-b7a6b6af48bd" executionId="33985aa6-5d3b-4a98-8508-48645c8f1710" testListId="8c84fa94-04c1-424b-9868-57a2d4851a1d" />
    <TestEntry testId="f8e87052-3c31-7772-0006-d96208939871" executionId="1c0ca9de-a5d0-495a-b609-618fe578c018" testListId="8c84fa94-04c1-424b-9868-57a2d4851a1d" />
    <TestEntry testId="6c359ed0-fe50-b1fc-9e35-70ec37981b43" executionId="c33fe701-a732-4ffb-bee1-cddd7915750f" testListId="8c84fa94-04c1-424b-9868-57a2d4851a1d" />
    <TestEntry testId="0afa6e93-21df-6485-679f-9075d24581f2" executionId="756a27a6-5780-4e2d-bd7b-b2d3179018b9" testListId="8c84fa94-04c1-424b-9868-57a2d4851a1d" />
    <TestEntry testId="ecc30bc4-46be-bc3d-f1cf-7cf78fe8f2ab" executionId="f2d03bc7-4473-48fa-9c3d-b1c7a69cf2cb" testListId="8c84fa94-04c1-424b-9868-57a2d4851a1d" />
    <TestEntry testId="e012fd6d-d5f7-c5d4-58d5-2f3f9b3d5de3" executionId="3e27886b-414a-40c5-b52c-fc2ba147cd67" testListId="8c84fa94-04c1-424b-9868-57a2d4851a1d" />
    <TestEntry testId="38f24bd1-c5d2-b046-3be4-29128b1c3535" executionId="ef91cbc3-132d-4629-a0b7-ec994be9d39d" testListId="8c84fa94-04c1-424b-9868-57a2d4851a1d" />
    <TestEntry testId="4ead736c-1e06-7828-c8d6-26a8e046cf24" executionId="d9be6036-d22a-4c7a-a1f8-d53ecb71b116" testListId="8c84fa94-04c1-424b-9868-57a2d4851a1d" />
    <TestEntry testId="11467e6d-1446-1c33-4c35-953b21f647c3" executionId="d8756e6e-7ac2-4976-b344-15df13ed3c13" testListId="8c84fa94-04c1-424b-9868-57a2d4851a1d" />
    <TestEntry testId="e89c759a-07b6-738f-393f-29d4295989c6" executionId="cbb19351-553f-4a57-99da-7e34d80bcf47" testListId="8c84fa94-04c1-424b-9868-57a2d4851a1d" />
    <TestEntry testId="57d71933-573e-2980-1c8e-daf760c7914e" executionId="2390a22d-bb56-4d46-a6b8-40f737897770" testListId="8c84fa94-04c1-424b-9868-57a2d4851a1d" />
    <TestEntry testId="1ff3aeae-7a63-fbe9-58e8-019dae187cfb" executionId="3ac99ad3-549f-4f2c-90cc-60b8611861de" testListId="8c84fa94-04c1-424b-9868-57a2d4851a1d" />
    <TestEntry testId="414a0397-f54b-8531-79ed-4155a6e28bf0" executionId="816bdd07-ab9c-4957-8f65-e60da981878e" testListId="8c84fa94-04c1-424b-9868-57a2d4851a1d" />
    <TestEntry testId="8e78724c-63f5-ec91-5670-cd3a85e04fc8" executionId="ce516ebc-4c10-4e83-83c2-927d2667bb91" testListId="8c84fa94-04c1-424b-9868-57a2d4851a1d" />
    <TestEntry testId="7017f552-29c1-e84c-7d16-ba9bc8601904" executionId="2f4c8d80-8e17-4335-94b8-2c92f18bcef9" testListId="8c84fa94-04c1-424b-9868-57a2d4851a1d" />
    <TestEntry testId="17369e9f-e0bd-1c7b-7945-dea8f9bd2825" executionId="49cb2cf8-7631-4e56-81cf-ace13538753e" testListId="8c84fa94-04c1-424b-9868-57a2d4851a1d" />
    <TestEntry testId="f5ae9156-697c-b89e-f27a-a4bad46350cf" executionId="c7a0d541-debf-49d7-ace1-61481aad523b" testListId="8c84fa94-04c1-424b-9868-57a2d4851a1d" />
    <TestEntry testId="b71d196b-5d7d-7218-f948-d0c24d038ef9" executionId="3b764d2e-6adf-443b-891d-7d21bc55dd3d" testListId="8c84fa94-04c1-424b-9868-57a2d4851a1d" />
    <TestEntry testId="a41dcb24-b89d-3f22-c149-d98a0341724c" executionId="c97aa289-d0ee-446f-a004-ffbb57d89a41" testListId="8c84fa94-04c1-424b-9868-57a2d4851a1d" />
    <TestEntry testId="dd897532-7f0f-72fe-4d53-800a9279ec29" executionId="9ffd16b0-3df0-4956-94e6-7f661b2e9704" testListId="8c84fa94-04c1-424b-9868-57a2d4851a1d" />
    <TestEntry testId="c4fb013e-c3fa-3f7e-a20f-093fae04a3ce" executionId="d5850ea8-b624-4560-96f7-21345359a5bc" testListId="8c84fa94-04c1-424b-9868-57a2d4851a1d" />
    <TestEntry testId="9321447f-d766-9024-4984-1ceaf0b5819f" executionId="6e96456a-f6e3-49d2-ad67-055e1977f6d3" testListId="8c84fa94-04c1-424b-9868-57a2d4851a1d" />
    <TestEntry testId="9c40f4b2-e395-94c9-2055-b3813cd48484" executionId="0787a8ac-28f5-4854-a7b9-f85f468103c4" testListId="8c84fa94-04c1-424b-9868-57a2d4851a1d" />
    <TestEntry testId="6fd5bb32-f1e4-ed32-b396-0c120007ecc3" executionId="b6ccdacb-22d9-4133-bf54-254e2a1bbbb5" testListId="8c84fa94-04c1-424b-9868-57a2d4851a1d" />
    <TestEntry testId="7f0cfee7-83d2-7302-01d8-22231e7281e5" executionId="5e2eca28-ec0a-4a3e-b216-a7773329a1b2" testListId="8c84fa94-04c1-424b-9868-57a2d4851a1d" />
    <TestEntry testId="99fe2d9f-2eb0-853a-b738-215cc0d01990" executionId="64651b6c-f5d7-4ddb-89fb-c0876a158b53" testListId="8c84fa94-04c1-424b-9868-57a2d4851a1d" />
    <TestEntry testId="3e551b4b-b7c6-e1c4-c73d-ec6688824e8f" executionId="a0e10a9d-ae2a-4b58-ba0b-9d947020cf9a" testListId="8c84fa94-04c1-424b-9868-57a2d4851a1d" />
    <TestEntry testId="45878f2f-0e73-97ca-b181-7f95ac5a8418" executionId="7c690b33-6142-4043-946d-e0a55736de53" testListId="8c84fa94-04c1-424b-9868-57a2d4851a1d" />
    <TestEntry testId="0be2e34f-6619-8975-afab-64437187ca4d" executionId="5a15e409-ada3-425d-bec8-5157f9a5357c" testListId="8c84fa94-04c1-424b-9868-57a2d4851a1d" />
    <TestEntry testId="06c68ee5-4115-5846-7fc3-9d60a4e87d30" executionId="9c1a05c7-393a-4b11-8e21-7997de425311" testListId="8c84fa94-04c1-424b-9868-57a2d4851a1d" />
    <TestEntry testId="b32e12fa-2bf4-acc1-061b-74ff1b512708" executionId="a44c54d5-4293-4882-9ff2-d1cbe00eff45" testListId="8c84fa94-04c1-424b-9868-57a2d4851a1d" />
    <TestEntry testId="2ede1c93-1a23-c618-a45a-75a973ec060c" executionId="490a1d7d-2f2b-4994-8d6e-f82a415222bb" testListId="8c84fa94-04c1-424b-9868-57a2d4851a1d" />
    <TestEntry testId="1e71a163-7cc6-73ff-f5a1-2c06a14b2998" executionId="325cee8d-6807-4612-8694-51f4acbb3a26" testListId="8c84fa94-04c1-424b-9868-57a2d4851a1d" />
    <TestEntry testId="efd330db-dae5-4a51-bc85-a809a15f1466" executionId="025231dd-2add-439a-b1ea-9f36e57912ee" testListId="8c84fa94-04c1-424b-9868-57a2d4851a1d" />
    <TestEntry testId="4c624072-3469-3d06-1b6a-9cf723873fdb" executionId="3006bbf8-173c-4543-8876-adf57ffaa7ea" testListId="8c84fa94-04c1-424b-9868-57a2d4851a1d" />
    <TestEntry testId="19699ab8-56b4-61b7-0754-1ac8ee2c3788" executionId="fcc25173-aaa1-4fb3-83da-46a05f3e65ef" testListId="8c84fa94-04c1-424b-9868-57a2d4851a1d" />
    <TestEntry testId="2eb286f0-704e-1041-cbe7-249a3f01188e" executionId="7827fe84-b47e-4746-8808-20979aa2116f" testListId="8c84fa94-04c1-424b-9868-57a2d4851a1d" />
    <TestEntry testId="cfdc707a-ae9b-f825-18a1-f453709bdde0" executionId="ab465178-7537-4634-ba7d-3a6658c855a1" testListId="8c84fa94-04c1-424b-9868-57a2d4851a1d" />
    <TestEntry testId="4408a461-87db-3cee-31e3-ef22beacc86a" executionId="dfdbce81-19aa-4ba7-87e7-7263f6e9bdea" testListId="8c84fa94-04c1-424b-9868-57a2d4851a1d" />
    <TestEntry testId="8bd8f64f-5b3a-ce8b-2a95-38deb100db6e" executionId="47372a87-5666-4e62-b3a5-4a1e87bed05b" testListId="8c84fa94-04c1-424b-9868-57a2d4851a1d" />
    <TestEntry testId="8126e01a-cdcc-e7f3-dd05-3d0d1e78a7c8" executionId="09e6b1db-9392-4b19-a745-ff4f88056a27" testListId="8c84fa94-04c1-424b-9868-57a2d4851a1d" />
    <TestEntry testId="d880a4e2-5397-c2b9-229a-5b82b9fa1cdf" executionId="d205f95a-59e6-4556-9d1f-032f757115b7" testListId="8c84fa94-04c1-424b-9868-57a2d4851a1d" />
    <TestEntry testId="af23e599-62ff-bbe1-7224-29d5ec4e87a0" executionId="15671fd0-f68c-4496-bb4b-7abcfeb89d82" testListId="8c84fa94-04c1-424b-9868-57a2d4851a1d" />
    <TestEntry testId="e3d58337-cca2-5278-f8eb-4611788d2b5a" executionId="703c155e-1ee0-4c9c-8870-2aabd167670a" testListId="8c84fa94-04c1-424b-9868-57a2d4851a1d" />
    <TestEntry testId="8604c345-8857-b944-5bd1-a96a9a067ba4" executionId="1ed126a6-1262-4d09-8275-ae9fe367dbe5" testListId="8c84fa94-04c1-424b-9868-57a2d4851a1d" />
    <TestEntry testId="526c9bb8-1995-0684-2f22-aa3400de016f" executionId="cb5ab17e-376f-450e-a08a-928dda1e616c" testListId="8c84fa94-04c1-424b-9868-57a2d4851a1d" />
    <TestEntry testId="5ae8450b-6671-8b60-6bf9-6010dc1e24d9" executionId="3324cedb-185c-48f3-87e8-83ced479d838" testListId="8c84fa94-04c1-424b-9868-57a2d4851a1d" />
    <TestEntry testId="50865f7a-d1cf-32ac-c5cb-a183385e8eca" executionId="bcd588b1-2ba4-4c22-afa4-c0cb1fb6610c" testListId="8c84fa94-04c1-424b-9868-57a2d4851a1d" />
    <TestEntry testId="7878d288-15ad-26de-21f0-8826c4067c26" executionId="f5a0a7ee-f6b3-4ddc-bca0-80c17d92edd7" testListId="8c84fa94-04c1-424b-9868-57a2d4851a1d" />
    <TestEntry testId="1d780e53-4d1b-27c4-bd74-c65d8cf44778" executionId="434e61ee-d968-475c-b286-c3bdd72c04e2" testListId="8c84fa94-04c1-424b-9868-57a2d4851a1d" />
    <TestEntry testId="84b23f90-69f9-f433-d7fd-f1242ca93715" executionId="5233a00e-05a7-4feb-847f-8e7c78bc8e6d" testListId="8c84fa94-04c1-424b-9868-57a2d4851a1d" />
    <TestEntry testId="65837e06-a6c7-53d1-fc95-f36b7233b4f8" executionId="5bb2990e-dba9-45fb-a2f6-f4e90fac1325" testListId="8c84fa94-04c1-424b-9868-57a2d4851a1d" />
    <TestEntry testId="4abc7ea4-adf7-cb95-e891-e2b782813e5f" executionId="4a78266e-7584-493e-85b4-6e4560ea9e99" testListId="8c84fa94-04c1-424b-9868-57a2d4851a1d" />
    <TestEntry testId="dd6cf3e8-1aaf-8f04-58a5-b14cae718ff7" executionId="543beab8-0238-4977-bafd-c636c7fd9b9e" testListId="8c84fa94-04c1-424b-9868-57a2d4851a1d" />
    <TestEntry testId="26c4603d-2ecb-30d4-f06b-7570582ea7ac" executionId="e37183ec-5cf6-496a-a7a5-98ab3e1ada38" testListId="8c84fa94-04c1-424b-9868-57a2d4851a1d" />
    <TestEntry testId="87459f94-70c7-009f-5808-19f809ff7867" executionId="b584fc29-3e5f-4cc7-91c9-2ed554a950a0" testListId="8c84fa94-04c1-424b-9868-57a2d4851a1d" />
    <TestEntry testId="e0cddd5e-2a45-1288-289d-9ff1fd5e0351" executionId="bdaf979e-4ac0-405c-8c45-0d8662ac5fa6" testListId="8c84fa94-04c1-424b-9868-57a2d4851a1d" />
    <TestEntry testId="fd6e953f-5dd0-0abb-0784-55a54af88074" executionId="a34a4edc-18ba-49ee-8231-2c6537cb1517" testListId="8c84fa94-04c1-424b-9868-57a2d4851a1d" />
    <TestEntry testId="a2fb627a-8896-3ed7-7259-cdb7853adfe6" executionId="6bfcea0b-b37e-4ada-8d04-b997046d3fac" testListId="8c84fa94-04c1-424b-9868-57a2d4851a1d" />
    <TestEntry testId="d8c8392b-547d-6757-25b2-7211cb87e121" executionId="78d52478-4be4-46bf-80f8-871547add71d" testListId="8c84fa94-04c1-424b-9868-57a2d4851a1d" />
    <TestEntry testId="017dd787-7959-4118-62cf-60ee3ad1f244" executionId="36ae5d9f-4383-40a9-aa1d-0f33a47fd2f6" testListId="8c84fa94-04c1-424b-9868-57a2d4851a1d" />
    <TestEntry testId="2dd119ab-590e-b66e-b5c2-d9a3d024a064" executionId="df343062-d67b-457c-95cc-4044789c4c46" testListId="8c84fa94-04c1-424b-9868-57a2d4851a1d" />
    <TestEntry testId="97987535-2968-7f77-7024-d278c34b0d82" executionId="9ea3e261-2256-4234-8d81-d981db43468a" testListId="8c84fa94-04c1-424b-9868-57a2d4851a1d" />
    <TestEntry testId="52a34d31-6d81-2e53-0b6b-87f2b9dedb35" executionId="1ed71a0e-51dc-4e5c-965f-4a0bb752f510" testListId="8c84fa94-04c1-424b-9868-57a2d4851a1d" />
    <TestEntry testId="8164a338-b915-cb83-85f2-4104847fbb1a" executionId="bec9bd84-9825-4d9a-9ab5-511d2781d381" testListId="8c84fa94-04c1-424b-9868-57a2d4851a1d" />
    <TestEntry testId="7ad3de30-3ed1-60e8-cd6f-96cecd09cd80" executionId="f32c47e3-36a1-41f2-b6e5-042971cea38e" testListId="8c84fa94-04c1-424b-9868-57a2d4851a1d" />
    <TestEntry testId="285dd188-0677-95b9-bdc8-5f4be2504763" executionId="98e83d35-c387-4bb1-a8e5-537d4c8d17e2" testListId="8c84fa94-04c1-424b-9868-57a2d4851a1d" />
    <TestEntry testId="b47fdb9b-41a3-4beb-8213-e51c7f90bfa2" executionId="b19d8566-4dbd-4595-bf88-ec6c18fa126c" testListId="8c84fa94-04c1-424b-9868-57a2d4851a1d" />
    <TestEntry testId="37edd2ee-f80c-098c-cce6-2592ce58d6a6" executionId="fbe854eb-fc91-4081-945d-e5147806c31b" testListId="8c84fa94-04c1-424b-9868-57a2d4851a1d" />
    <TestEntry testId="2d168e72-b1c4-0b57-fd31-afcc70bd9911" executionId="48f4787e-bf97-476f-8bfa-e924c1e2bc2b" testListId="8c84fa94-04c1-424b-9868-57a2d4851a1d" />
    <TestEntry testId="10e3d357-1906-14db-33eb-5f09e282e5ed" executionId="084049d2-2757-4ba8-98b1-2b2d65544be6" testListId="8c84fa94-04c1-424b-9868-57a2d4851a1d" />
    <TestEntry testId="499a4bba-291d-374f-711c-1097a1a52e0f" executionId="c60ab652-f61c-451b-a7d5-2b403bb5dfd9" testListId="8c84fa94-04c1-424b-9868-57a2d4851a1d" />
    <TestEntry testId="707e1374-0d9b-937d-a234-1835e7eaa177" executionId="199f2c72-07f8-4e8c-ab65-d0fb4a8bb7d6" testListId="8c84fa94-04c1-424b-9868-57a2d4851a1d" />
    <TestEntry testId="af23e599-62ff-bbe1-7224-29d5ec4e87a0" executionId="b6aba043-65ec-45e9-a695-25d526f524d8" testListId="8c84fa94-04c1-424b-9868-57a2d4851a1d" />
    <TestEntry testId="228c60cf-8687-f056-2056-b4e1f563875c" executionId="3e9e7d85-e7b6-4d8d-bd58-24d89532c37b" testListId="8c84fa94-04c1-424b-9868-57a2d4851a1d" />
    <TestEntry testId="69ace1c6-c612-557f-909a-e7c5ca3bad22" executionId="11eb585e-1060-4348-9b1a-c9d24916303a" testListId="8c84fa94-04c1-424b-9868-57a2d4851a1d" />
    <TestEntry testId="ea3f11fa-1b3e-de93-fdcb-d0070e98f88c" executionId="b0729144-6876-421a-96ad-02606ee65841" testListId="8c84fa94-04c1-424b-9868-57a2d4851a1d" />
    <TestEntry testId="839fa1cf-1eeb-14aa-5afb-0b73ace77a29" executionId="e17f5d34-e413-4eaa-b8c6-27dd7cf0bf83" testListId="8c84fa94-04c1-424b-9868-57a2d4851a1d" />
    <TestEntry testId="e2777af6-89da-bcc7-1e5f-dbae0243e789" executionId="12c3266f-7bdd-4cc9-8e46-3694fb32420d" testListId="8c84fa94-04c1-424b-9868-57a2d4851a1d" />
    <TestEntry testId="fd513a31-56bd-5d39-eca2-0c4821ffb0ec" executionId="0126e0fd-a860-4ef2-b137-39d8c1576280" testListId="8c84fa94-04c1-424b-9868-57a2d4851a1d" />
    <TestEntry testId="96dcda85-2436-d344-d080-d012760267de" executionId="d23b5b7b-4246-4817-b36d-65d60a507d5b" testListId="8c84fa94-04c1-424b-9868-57a2d4851a1d" />
    <TestEntry testId="ce09e5ad-ead2-a4f9-ac20-3523122167a5" executionId="812baa5e-904e-4048-ade2-13fbe7c4addd" testListId="8c84fa94-04c1-424b-9868-57a2d4851a1d" />
    <TestEntry testId="58fcf6c5-7948-ccaf-aeab-2b9508acda13" executionId="5ce154b5-6f02-40a3-9249-68f825687d20" testListId="8c84fa94-04c1-424b-9868-57a2d4851a1d" />
    <TestEntry testId="d5ebd779-0db5-d487-ac59-a2968e29cda7" executionId="eb1d9f31-2c18-4611-88d3-42073e367b94" testListId="8c84fa94-04c1-424b-9868-57a2d4851a1d" />
    <TestEntry testId="b2c7375c-ef0b-de75-a0bd-b6e7dea52a65" executionId="9aafad58-a6a3-4bb0-876a-b0e82c1d0159" testListId="8c84fa94-04c1-424b-9868-57a2d4851a1d" />
    <TestEntry testId="ed45e4eb-b6ad-88dd-d7a4-f45adb748cda" executionId="db9350eb-60fa-45f6-a06d-dc7db27e6c81" testListId="8c84fa94-04c1-424b-9868-57a2d4851a1d" />
    <TestEntry testId="7162dc71-0713-ba09-c292-fa119bc36516" executionId="a384f5c2-e38c-41b9-b533-78a478988bec" testListId="8c84fa94-04c1-424b-9868-57a2d4851a1d" />
    <TestEntry testId="0be2e34f-6619-8975-afab-64437187ca4d" executionId="3ddc8e3d-6e69-4712-957c-bf5a25ca1f45" testListId="8c84fa94-04c1-424b-9868-57a2d4851a1d" />
    <TestEntry testId="00925146-e6ae-6796-a2a6-310a670c5040" executionId="7429ad0a-3d66-4901-b341-82244c1f2e60" testListId="8c84fa94-04c1-424b-9868-57a2d4851a1d" />
    <TestEntry testId="abac6730-0dfa-768f-44d6-3d8c55284461" executionId="51d55046-8201-419b-8fa3-bc8cde768620" testListId="8c84fa94-04c1-424b-9868-57a2d4851a1d" />
    <TestEntry testId="723957d6-8abc-9be3-77c2-e323767653a8" executionId="a99eba9c-69f1-4251-82bc-f3c0c530788d" testListId="8c84fa94-04c1-424b-9868-57a2d4851a1d" />
    <TestEntry testId="d6ebcc12-cfb0-53aa-98c4-6cc50d60c9db" executionId="f23c6080-667b-4bb5-8460-6947f7edfeaa" testListId="8c84fa94-04c1-424b-9868-57a2d4851a1d" />
    <TestEntry testId="0346a494-c9f4-094c-b758-2e44f1b83219" executionId="4c5a3a25-f54a-490f-ad13-bd51549eb499" testListId="8c84fa94-04c1-424b-9868-57a2d4851a1d" />
    <TestEntry testId="54eed8b1-a365-c9d4-a02c-5452ed1f485d" executionId="7ed3f519-bd65-480b-a4c2-a5c406779171" testListId="8c84fa94-04c1-424b-9868-57a2d4851a1d" />
    <TestEntry testId="92f7b709-4d9c-9ab4-3896-cc6a818b2bb8" executionId="e0b860da-17e5-4695-bb8b-daee27aab3a5" testListId="8c84fa94-04c1-424b-9868-57a2d4851a1d" />
    <TestEntry testId="663d98db-4c1c-7d60-e8fc-b858868a8a67" executionId="79b86e75-5279-433d-9173-146c9876c687" testListId="8c84fa94-04c1-424b-9868-57a2d4851a1d" />
    <TestEntry testId="d1f13926-f0e0-53c6-7c36-40094af4c358" executionId="70b75446-61b5-4906-a745-412b1e193a4d" testListId="8c84fa94-04c1-424b-9868-57a2d4851a1d" />
    <TestEntry testId="28e45289-e885-7685-d25c-3d36aa53824f" executionId="0d65a59d-e4c4-4f2a-b333-05e4df07023a" testListId="8c84fa94-04c1-424b-9868-57a2d4851a1d" />
    <TestEntry testId="81f56538-53f4-307d-7a3b-029637d6a390" executionId="6e9c9e4f-cd06-4b0c-8636-2ba6b2335919" testListId="8c84fa94-04c1-424b-9868-57a2d4851a1d" />
    <TestEntry testId="ac3d64d6-59fc-428c-aae0-b62e3cf29162" executionId="2f5f55c6-b229-456c-b7a3-4c7c09da227b" testListId="8c84fa94-04c1-424b-9868-57a2d4851a1d" />
    <TestEntry testId="226d3be9-5998-016f-4009-3b396d1b4e9d" executionId="67b891d3-20d4-4d25-93e9-090308dfd41e" testListId="8c84fa94-04c1-424b-9868-57a2d4851a1d" />
    <TestEntry testId="ff0bfe74-b31b-0e59-a674-0e59b86a9932" executionId="d6f14dc4-b2ae-4766-b6f4-89ba35fae120" testListId="8c84fa94-04c1-424b-9868-57a2d4851a1d" />
    <TestEntry testId="bea3b166-3bab-7652-299c-ec207b224b47" executionId="43917f57-0609-41c9-8d41-48685b3cd39c" testListId="8c84fa94-04c1-424b-9868-57a2d4851a1d" />
    <TestEntry testId="af23e599-62ff-bbe1-7224-29d5ec4e87a0" executionId="c14d0faa-68c4-4cfe-b441-24395ac85b74" testListId="8c84fa94-04c1-424b-9868-57a2d4851a1d" />
    <TestEntry testId="c5977101-a367-5ad0-8a4d-4b7905bf170b" executionId="1b5ee5f4-afae-4cfb-8d48-aed0782c8c14" testListId="8c84fa94-04c1-424b-9868-57a2d4851a1d" />
    <TestEntry testId="fd513a31-56bd-5d39-eca2-0c4821ffb0ec" executionId="290e59db-972c-4798-bac8-87fd2f1d3bc6" testListId="8c84fa94-04c1-424b-9868-57a2d4851a1d" />
    <TestEntry testId="721c0a35-2fdd-0dac-ca44-4ff0d0a712e9" executionId="bd215ed7-380b-4d7d-b6e4-242dc4f4443f" testListId="8c84fa94-04c1-424b-9868-57a2d4851a1d" />
    <TestEntry testId="7cfa6867-ebb1-e0dd-508a-8497d7fa54a0" executionId="c2e5373b-af4b-4b3d-8447-c9ff08af0e9f" testListId="8c84fa94-04c1-424b-9868-57a2d4851a1d" />
    <TestEntry testId="f53e06b6-7175-ade3-7410-8fb2fdd5371a" executionId="c6aa86a8-9d1d-4f03-a02f-3e6628bbca88" testListId="8c84fa94-04c1-424b-9868-57a2d4851a1d" />
    <TestEntry testId="1bcd7891-9ead-1691-023a-1f3f8a8b4b07" executionId="16806e7f-125f-4028-80ba-8434ef60c0c6" testListId="8c84fa94-04c1-424b-9868-57a2d4851a1d" />
    <TestEntry testId="7183fcb2-96ea-e60f-6a0d-221a2ec30690" executionId="f8722bda-f48d-4e9f-a5eb-b2744c3f6561" testListId="8c84fa94-04c1-424b-9868-57a2d4851a1d" />
    <TestEntry testId="c85d0da6-be6a-5a9a-569e-4867226fc3d6" executionId="fc1fac48-4bbf-4739-9dee-d40a2bcfd086" testListId="8c84fa94-04c1-424b-9868-57a2d4851a1d" />
    <TestEntry testId="14b71093-01d3-79b3-699f-161f58724b21" executionId="98ca3893-34e1-4b2d-84fa-8d8c2f45e292" testListId="8c84fa94-04c1-424b-9868-57a2d4851a1d" />
    <TestEntry testId="1972b45b-ed98-2287-19fe-826d48d6295b" executionId="07c93fda-8987-4190-ab91-7daecf24aa28" testListId="8c84fa94-04c1-424b-9868-57a2d4851a1d" />
    <TestEntry testId="b4a22cc2-d8b9-fe51-d222-23927ecc5b03" executionId="7c7c93a6-e289-4996-a7a1-363f79cf0941" testListId="8c84fa94-04c1-424b-9868-57a2d4851a1d" />
    <TestEntry testId="4292ddf4-274b-19b7-255b-545fc6e6acb2" executionId="e904800c-254c-4f3d-a51e-41200aef30bb" testListId="8c84fa94-04c1-424b-9868-57a2d4851a1d" />
    <TestEntry testId="52d24878-db09-1723-cee6-5b4fd5d5342a" executionId="36f1ef10-5f48-4532-b791-db064d2a04ab" testListId="8c84fa94-04c1-424b-9868-57a2d4851a1d" />
    <TestEntry testId="aa7e615a-7f15-9843-7c19-46e835d236eb" executionId="d42f2cae-a32d-4c3d-aa49-75c03a8a9e2b" testListId="8c84fa94-04c1-424b-9868-57a2d4851a1d" />
    <TestEntry testId="af848a1f-f111-f492-606c-888928ebb663" executionId="af3d10d2-c715-4197-8c96-3a42680db68f" testListId="8c84fa94-04c1-424b-9868-57a2d4851a1d" />
    <TestEntry testId="177ef4bf-7531-a779-4b80-032e62efe340" executionId="548cb496-0f0f-43dd-a2e3-bec8186b7aaa" testListId="8c84fa94-04c1-424b-9868-57a2d4851a1d" />
    <TestEntry testId="ff2833ad-55bf-08c7-90a9-0dcc4a199d2c" executionId="905dade4-2093-4338-b75e-58848d9de0a1" testListId="8c84fa94-04c1-424b-9868-57a2d4851a1d" />
    <TestEntry testId="b9da235f-445f-e555-2621-e29da2700ddb" executionId="a3188310-2d59-44e0-ad82-2654c4639da1" testListId="8c84fa94-04c1-424b-9868-57a2d4851a1d" />
    <TestEntry testId="abec9a13-deaf-e930-46a3-bb5a190e831a" executionId="5f0a0dc2-0c64-489e-bc6f-0989e78066c0" testListId="8c84fa94-04c1-424b-9868-57a2d4851a1d" />
    <TestEntry testId="5edad639-7772-08f8-4106-625d4c43a8b3" executionId="1b6f32d4-ab74-4e2f-b7fb-3766597bffc8" testListId="8c84fa94-04c1-424b-9868-57a2d4851a1d" />
    <TestEntry testId="48670272-3dd1-1148-043b-fca5b5e47e53" executionId="d27f583a-c9c6-472a-96b5-2a680af3d584" testListId="8c84fa94-04c1-424b-9868-57a2d4851a1d" />
    <TestEntry testId="1d3214d0-58ed-27fe-6283-c0167a9cb4ee" executionId="e89da413-727e-4ede-b364-1d22289738af" testListId="8c84fa94-04c1-424b-9868-57a2d4851a1d" />
    <TestEntry testId="e5e3f589-0b7d-a06d-d06c-19426b0e1ca4" executionId="56c12bc1-4966-483e-9522-cf8032ab52aa" testListId="8c84fa94-04c1-424b-9868-57a2d4851a1d" />
    <TestEntry testId="a0d5f268-093a-ce20-e2cc-9639f69015bc" executionId="8417096b-1517-4705-bcb5-6a019d421b8b" testListId="8c84fa94-04c1-424b-9868-57a2d4851a1d" />
    <TestEntry testId="438eed2f-cc94-9f83-f842-f4351edb01f8" executionId="9ed7a9e4-3498-483e-a8de-6c5dab8cb926" testListId="8c84fa94-04c1-424b-9868-57a2d4851a1d" />
    <TestEntry testId="090a8dd5-7432-938f-38c8-3e25de645fe6" executionId="e9a1c57e-f48f-4e16-8e1e-b3aa8eedec9e" testListId="8c84fa94-04c1-424b-9868-57a2d4851a1d" />
    <TestEntry testId="0da18184-c20f-d5ad-bc5e-22dc0f1cb3a7" executionId="41924acf-ba11-4efb-b058-2aa2495ac363" testListId="8c84fa94-04c1-424b-9868-57a2d4851a1d" />
    <TestEntry testId="8f597377-bc86-3011-70c1-8f0f455f5181" executionId="f29fbe25-f96c-47c8-867f-5c0c796c0566" testListId="8c84fa94-04c1-424b-9868-57a2d4851a1d" />
    <TestEntry testId="9b5468a2-4813-db67-ef8f-8ee6cb07a98d" executionId="03894ae8-3788-482c-aeda-59083ce64eef" testListId="8c84fa94-04c1-424b-9868-57a2d4851a1d" />
    <TestEntry testId="6a9bea38-8fd5-7218-ba12-e6943c567071" executionId="26bf4051-5e4c-411e-9e71-3c6f7fff158e" testListId="8c84fa94-04c1-424b-9868-57a2d4851a1d" />
    <TestEntry testId="f12aee75-fa53-4c05-9706-3be9762ccebf" executionId="9d680316-0b7e-46a5-b2a5-5b266c144b5a" testListId="8c84fa94-04c1-424b-9868-57a2d4851a1d" />
    <TestEntry testId="4c0edeb2-cccc-45bf-c1ff-0ee97ac8aab7" executionId="5da71bd8-37bb-465b-ba76-c236bd051e20" testListId="8c84fa94-04c1-424b-9868-57a2d4851a1d" />
    <TestEntry testId="a2886431-9c55-db6f-26b5-a842c5946b9e" executionId="b320a51d-b925-4f89-8ed2-e661b60ae7da" testListId="8c84fa94-04c1-424b-9868-57a2d4851a1d" />
    <TestEntry testId="5f983ffa-b981-0843-1076-3e0c742ab73b" executionId="b4e71b8f-6bc5-45f3-9e55-9df1697cfda3" testListId="8c84fa94-04c1-424b-9868-57a2d4851a1d" />
    <TestEntry testId="a5583b3d-3f91-3c4f-21d1-42bb4138e6f4" executionId="f06c6d57-2fea-4989-af1d-bebabe95f46d" testListId="8c84fa94-04c1-424b-9868-57a2d4851a1d" />
    <TestEntry testId="88b02857-31c6-c6a5-e9ec-e82f8eaf3750" executionId="75a64ddd-1d92-47c9-9048-0f6e712f67d0" testListId="8c84fa94-04c1-424b-9868-57a2d4851a1d" />
    <TestEntry testId="26905ffd-8188-205e-dfc2-03ba98f0a988" executionId="9414eac5-33a9-4547-837d-7b82ab4a7f3a" testListId="8c84fa94-04c1-424b-9868-57a2d4851a1d" />
    <TestEntry testId="e9eb0071-7c11-ea6a-d23e-514dfad8a621" executionId="b3a55d06-a0be-4abe-9d9c-914b52841fbb" testListId="8c84fa94-04c1-424b-9868-57a2d4851a1d" />
    <TestEntry testId="01cca043-7422-59f0-8edf-1a356304b220" executionId="d62f595d-38ef-437b-9c8e-6b2265dab6c5" testListId="8c84fa94-04c1-424b-9868-57a2d4851a1d" />
    <TestEntry testId="dd925c60-da53-25bf-1f76-c292f459c42a" executionId="fd045952-7cae-4ab2-bf85-55ac205d78b4" testListId="8c84fa94-04c1-424b-9868-57a2d4851a1d" />
    <TestEntry testId="10597dda-a407-f9c8-7523-ceedcc006f63" executionId="721e2d48-09bb-414e-af90-72bddbc99deb" testListId="8c84fa94-04c1-424b-9868-57a2d4851a1d" />
    <TestEntry testId="c8e77cac-6f32-7922-908e-be27d6adb862" executionId="257001ce-4c10-46f4-a62f-9100d622da13" testListId="8c84fa94-04c1-424b-9868-57a2d4851a1d" />
    <TestEntry testId="35bf7ad8-b67e-b278-db91-44c6d96aa154" executionId="7b3de689-10fb-4dbb-bc1b-35da9f669ceb" testListId="8c84fa94-04c1-424b-9868-57a2d4851a1d" />
    <TestEntry testId="040ce82b-4387-06af-eec7-b1df3b7630c0" executionId="59a2a281-84c5-41bc-8022-4a8c26c397b9" testListId="8c84fa94-04c1-424b-9868-57a2d4851a1d" />
    <TestEntry testId="6620d40e-d903-83db-0393-7ce4b6d7a8b9" executionId="326605ba-4231-4ab9-8681-9ed1ae3c62b8" testListId="8c84fa94-04c1-424b-9868-57a2d4851a1d" />
    <TestEntry testId="1b291c1f-ffae-1d18-e1ca-fc3a05135b41" executionId="6e116f0a-9485-4375-a217-acb102b3c718" testListId="8c84fa94-04c1-424b-9868-57a2d4851a1d" />
    <TestEntry testId="0419bf75-fe13-ba31-ce3d-95f4193a989f" executionId="4aa1e6bd-0603-4a3a-8fad-3d32200d6f84" testListId="8c84fa94-04c1-424b-9868-57a2d4851a1d" />
    <TestEntry testId="55dfd735-8734-de35-834e-08dd21df3135" executionId="c4b1093d-68e8-4ce4-92c1-d2c740536e58" testListId="8c84fa94-04c1-424b-9868-57a2d4851a1d" />
    <TestEntry testId="e7a23f8f-f15f-1845-f70b-de2f133d8416" executionId="adec6bc3-943a-4728-8d63-00f47963627c" testListId="8c84fa94-04c1-424b-9868-57a2d4851a1d" />
    <TestEntry testId="19699ab8-56b4-61b7-0754-1ac8ee2c3788" executionId="5acb8996-ff05-4c2f-b37d-49a2a8ed7ba4" testListId="8c84fa94-04c1-424b-9868-57a2d4851a1d" />
    <TestEntry testId="575a6c02-c985-735a-d70d-1061600e252c" executionId="f9aedfdf-6c92-444f-a405-90583dddd285" testListId="8c84fa94-04c1-424b-9868-57a2d4851a1d" />
    <TestEntry testId="18569e55-01d3-2cbe-9a47-b7a6b6af48bd" executionId="1efa8630-1c1b-4863-bf60-3bf0ab977a35" testListId="8c84fa94-04c1-424b-9868-57a2d4851a1d" />
    <TestEntry testId="4b6514f5-8258-f539-a400-bc0b147a93fc" executionId="b301fc7d-c661-46ee-a39e-3578de957d46" testListId="8c84fa94-04c1-424b-9868-57a2d4851a1d" />
    <TestEntry testId="83c26dfc-7c9f-0e03-2375-8e3fadd5c926" executionId="aa803a48-9456-4f4f-95c5-d04bad8878ca" testListId="8c84fa94-04c1-424b-9868-57a2d4851a1d" />
    <TestEntry testId="0059705e-91ed-d5f7-24c7-ed5bee8a892f" executionId="c6250963-3540-4a58-b0f4-b5ed07437453" testListId="8c84fa94-04c1-424b-9868-57a2d4851a1d" />
    <TestEntry testId="8b53c199-c168-bbf7-eda1-d20e6041e2a6" executionId="1bed0c8e-9526-4200-894b-c2f829702cee" testListId="8c84fa94-04c1-424b-9868-57a2d4851a1d" />
    <TestEntry testId="d43bf906-3878-764e-857c-5c92b0d09825" executionId="3376ff47-6b30-4a2b-a80a-98b852202e0b" testListId="8c84fa94-04c1-424b-9868-57a2d4851a1d" />
    <TestEntry testId="b46ed5e3-62a7-5d16-9331-11b730151130" executionId="de91ae2b-ddaa-4d84-adba-e9dfb6c1849e" testListId="8c84fa94-04c1-424b-9868-57a2d4851a1d" />
    <TestEntry testId="499a4bba-291d-374f-711c-1097a1a52e0f" executionId="054d8bf2-41a9-4775-9c40-6dee23633d7e" testListId="8c84fa94-04c1-424b-9868-57a2d4851a1d" />
    <TestEntry testId="4fc3bf72-5878-f9f1-8f88-5cc276408beb" executionId="4540fe50-db6f-48b6-a090-1223705d97b4" testListId="8c84fa94-04c1-424b-9868-57a2d4851a1d" />
    <TestEntry testId="e0cddd5e-2a45-1288-289d-9ff1fd5e0351" executionId="b23840e1-b416-4680-9c9d-9aaf9fb33e27" testListId="8c84fa94-04c1-424b-9868-57a2d4851a1d" />
    <TestEntry testId="2233ccff-1d94-df6b-afa2-1cb6b7d0296b" executionId="b3b4fb41-4f3a-41a3-ba8e-3b90bfb5f083" testListId="8c84fa94-04c1-424b-9868-57a2d4851a1d" />
    <TestEntry testId="71d1b203-03e0-a0bb-47e6-3b7b7064588a" executionId="4a3b6d4b-50cc-4310-a0a0-83a763e6c7ae" testListId="8c84fa94-04c1-424b-9868-57a2d4851a1d" />
    <TestEntry testId="694c5bd8-5ae5-4f19-c561-d0d00b109883" executionId="35234d1d-a11f-4aa2-b1f7-66b414854241" testListId="8c84fa94-04c1-424b-9868-57a2d4851a1d" />
    <TestEntry testId="ec6b482c-220d-b4e0-fe3f-b20b1be1b822" executionId="cad5690d-1aa2-49a3-bba5-9ce429d36a49" testListId="8c84fa94-04c1-424b-9868-57a2d4851a1d" />
    <TestEntry testId="911fda85-2a8a-0289-0e5d-1f27e32d0aa6" executionId="fbb9b8a2-070e-461e-b4d3-5611bea63a38" testListId="8c84fa94-04c1-424b-9868-57a2d4851a1d" />
    <TestEntry testId="a0efe433-7d1f-0632-d7f1-eebd2a3138b2" executionId="60e7f685-8fe1-4b3a-9df1-1d0045d50534" testListId="8c84fa94-04c1-424b-9868-57a2d4851a1d" />
    <TestEntry testId="6fc37820-e1bc-5001-7cd4-079f33d38a13" executionId="902201b2-2ef0-4c34-805f-16f3f80b3d5a" testListId="8c84fa94-04c1-424b-9868-57a2d4851a1d" />
    <TestEntry testId="015a8ef8-6c0a-305c-c135-1a20935b4ee3" executionId="69711e56-1dd4-4afe-90c7-44300a987b74" testListId="8c84fa94-04c1-424b-9868-57a2d4851a1d" />
    <TestEntry testId="cfcd9d72-0e99-fe1a-9d32-327efc2e96dc" executionId="da584c8e-b6fd-4008-93cb-d59a7d3fb539" testListId="8c84fa94-04c1-424b-9868-57a2d4851a1d" />
    <TestEntry testId="1b5a6e10-6117-b35a-8490-31620c83610e" executionId="377af18f-e37f-4d27-aa88-50fd5860627a" testListId="8c84fa94-04c1-424b-9868-57a2d4851a1d" />
    <TestEntry testId="f89f4f57-eb97-de03-3e41-e90be449e3d8" executionId="e81839d8-0e6f-46a6-b6b3-475e5ef8eb40" testListId="8c84fa94-04c1-424b-9868-57a2d4851a1d" />
    <TestEntry testId="d861b366-8b7a-507b-a4be-fa0acafd9d18" executionId="e54b67a9-d2ee-44af-af51-f61023b28435" testListId="8c84fa94-04c1-424b-9868-57a2d4851a1d" />
    <TestEntry testId="fd513a31-56bd-5d39-eca2-0c4821ffb0ec" executionId="31240dce-2bc2-49c6-b6f7-ea62633a153d" testListId="8c84fa94-04c1-424b-9868-57a2d4851a1d" />
    <TestEntry testId="53725233-af41-4972-32ac-000c684e2b98" executionId="0175e5d3-d3ac-4f48-b243-01a9e62f47b5" testListId="8c84fa94-04c1-424b-9868-57a2d4851a1d" />
    <TestEntry testId="19699ab8-56b4-61b7-0754-1ac8ee2c3788" executionId="e488783d-2fe0-41f6-bebb-1d61789f6fbf" testListId="8c84fa94-04c1-424b-9868-57a2d4851a1d" />
    <TestEntry testId="6ee29016-8a57-9582-6b81-a21d757f27ac" executionId="b0c9178d-06a9-4324-b441-5f927a936253" testListId="8c84fa94-04c1-424b-9868-57a2d4851a1d" />
    <TestEntry testId="f1a2ceb7-0522-0474-b149-8b5203dd2635" executionId="4d469ac0-da4d-4fd3-895f-ace0163b5ed2" testListId="8c84fa94-04c1-424b-9868-57a2d4851a1d" />
    <TestEntry testId="a5f37b94-3456-a27f-6809-5d7bb156948a" executionId="4516c92c-4612-46d8-920c-d9b77ac8fea5" testListId="8c84fa94-04c1-424b-9868-57a2d4851a1d" />
    <TestEntry testId="9e8ae696-cd2e-28f9-ecb6-2f243725f7fb" executionId="3a7490df-89d9-4358-8690-4ccd0d23ab40" testListId="8c84fa94-04c1-424b-9868-57a2d4851a1d" />
    <TestEntry testId="226ff44c-7eed-908a-393a-428e9c82527f" executionId="269e74d4-da4e-46a3-bf08-06eede15f678" testListId="8c84fa94-04c1-424b-9868-57a2d4851a1d" />
    <TestEntry testId="26905ffd-8188-205e-dfc2-03ba98f0a988" executionId="49ad9817-7fb2-42c1-8903-78306fa671e5" testListId="8c84fa94-04c1-424b-9868-57a2d4851a1d" />
    <TestEntry testId="55fb0a26-9c99-4be0-982c-ede52667b895" executionId="cd141971-1def-4dc2-86ca-1a489c338959" testListId="8c84fa94-04c1-424b-9868-57a2d4851a1d" />
    <TestEntry testId="2a24a99d-6f4a-eaa0-d642-ad299b4610a3" executionId="594b0f27-033a-481f-86fb-f272d644b70d" testListId="8c84fa94-04c1-424b-9868-57a2d4851a1d" />
    <TestEntry testId="fd3b8fec-8933-ec00-bc37-6da5b1876e88" executionId="528c4d76-38be-4a60-9bae-f8f08c880fd7" testListId="8c84fa94-04c1-424b-9868-57a2d4851a1d" />
    <TestEntry testId="58f6c3ef-e1df-709f-c47d-bb8fe9deb7c8" executionId="85f4648a-1b23-473e-a266-ca64869634ed" testListId="8c84fa94-04c1-424b-9868-57a2d4851a1d" />
    <TestEntry testId="9c3c2473-256a-97a6-46f2-1e4c09162e41" executionId="87960074-7bfc-4154-8410-7fb3a90ae1d0" testListId="8c84fa94-04c1-424b-9868-57a2d4851a1d" />
    <TestEntry testId="d1dda812-a522-3dfd-f226-01661877f3cd" executionId="c1a1f4a5-1294-424f-854f-9adda45e80bc" testListId="8c84fa94-04c1-424b-9868-57a2d4851a1d" />
    <TestEntry testId="07ef0f4a-874b-3393-6516-96d459f1f2b1" executionId="a1062f5c-aefb-4d25-9a91-ac2ea0bb2be0" testListId="8c84fa94-04c1-424b-9868-57a2d4851a1d" />
    <TestEntry testId="c2d4182e-57b2-d0b4-b48e-a9dee12d38f7" executionId="b93090c9-3c58-4b6f-9aa1-6da178906d4c" testListId="8c84fa94-04c1-424b-9868-57a2d4851a1d" />
    <TestEntry testId="2ede1c93-1a23-c618-a45a-75a973ec060c" executionId="a515ccfe-6fd3-4657-8668-f9ccb5842676" testListId="8c84fa94-04c1-424b-9868-57a2d4851a1d" />
    <TestEntry testId="65cbf13a-03de-c808-9ecc-3063a87651fa" executionId="d9d71d10-0a7a-4954-b7a0-2c2636f63ee0" testListId="8c84fa94-04c1-424b-9868-57a2d4851a1d" />
    <TestEntry testId="fc7b79c7-3523-04fd-60af-a22152a3cdb2" executionId="f01a348e-c19a-4230-b461-a7180629e897" testListId="8c84fa94-04c1-424b-9868-57a2d4851a1d" />
    <TestEntry testId="d9479674-b723-212b-fc32-badb4502af7f" executionId="226d07ff-c0ae-4c4b-8d7f-880e10017381" testListId="8c84fa94-04c1-424b-9868-57a2d4851a1d" />
    <TestEntry testId="842338a5-fce3-2697-103d-cee95acc7e69" executionId="4c83e276-ce64-472d-a372-be30514407ce" testListId="8c84fa94-04c1-424b-9868-57a2d4851a1d" />
    <TestEntry testId="63790d28-d6ef-2c4e-d8fa-faa3cb95b277" executionId="5fbc192b-c648-4e53-ae08-f5c7e2b72c02" testListId="8c84fa94-04c1-424b-9868-57a2d4851a1d" />
    <TestEntry testId="6a55153b-39b5-d341-62f7-244509958fad" executionId="3873f120-4488-40b1-96dd-b64682e046c2" testListId="8c84fa94-04c1-424b-9868-57a2d4851a1d" />
    <TestEntry testId="5770f1a8-6ef2-8f70-7afe-af85c0fe7780" executionId="039dd518-266a-4396-9b41-ebf3b444aec2" testListId="8c84fa94-04c1-424b-9868-57a2d4851a1d" />
    <TestEntry testId="82fdc03c-6a72-dde8-456a-eaf39698c697" executionId="2e59f05c-8e43-4d6c-907c-2cc91966bc68" testListId="8c84fa94-04c1-424b-9868-57a2d4851a1d" />
    <TestEntry testId="8604af9a-6283-f41c-5895-dcded0b19ca9" executionId="56701e68-1087-485c-9257-b745c690eff1" testListId="8c84fa94-04c1-424b-9868-57a2d4851a1d" />
    <TestEntry testId="62f820de-c617-6809-2846-c9e07a96b1bb" executionId="c519fd16-bfe8-4ef2-9a84-db53956a76fc" testListId="8c84fa94-04c1-424b-9868-57a2d4851a1d" />
    <TestEntry testId="01312f82-8178-605f-aae1-26970b526840" executionId="43d1df41-1145-4b55-aa6a-cdc7eb8073e4" testListId="8c84fa94-04c1-424b-9868-57a2d4851a1d" />
    <TestEntry testId="d18b6434-c864-afc2-ce16-b7274bf9826f" executionId="d9b1484a-5169-4435-8542-7dba1c9eeb1a" testListId="8c84fa94-04c1-424b-9868-57a2d4851a1d" />
    <TestEntry testId="6926cdea-c42f-d597-2f5a-a03f871c03af" executionId="00545d7e-c070-4d4b-bab8-80f4c388eab5" testListId="8c84fa94-04c1-424b-9868-57a2d4851a1d" />
    <TestEntry testId="571e52cc-9e6a-e23f-26e7-d7422fa96287" executionId="d471b4e9-a3dc-4035-9e5f-b7b05dfa90f7" testListId="8c84fa94-04c1-424b-9868-57a2d4851a1d" />
    <TestEntry testId="9e655c7d-9475-0067-4c9a-5961a0e0aea6" executionId="dab7704e-f7bf-4af5-bfad-15821ec3d26c" testListId="8c84fa94-04c1-424b-9868-57a2d4851a1d" />
    <TestEntry testId="8ea35cbd-e8bd-57df-5fbe-822641e9e234" executionId="b10f8877-8b73-4a92-b3a9-34f4bd41a393" testListId="8c84fa94-04c1-424b-9868-57a2d4851a1d" />
    <TestEntry testId="41ef5a33-62e1-ee23-395b-9e241d1e28fc" executionId="2773b36a-1822-4259-b60e-c588c1f83c93" testListId="8c84fa94-04c1-424b-9868-57a2d4851a1d" />
    <TestEntry testId="ff0bfe74-b31b-0e59-a674-0e59b86a9932" executionId="bfe31709-6cf8-4d3f-839c-c6829ed2fb1c" testListId="8c84fa94-04c1-424b-9868-57a2d4851a1d" />
    <TestEntry testId="115a5448-e576-bd00-5099-010be9269ce1" executionId="7d5e39fd-484b-43cc-b9c0-97b58e135137" testListId="8c84fa94-04c1-424b-9868-57a2d4851a1d" />
    <TestEntry testId="1aba4601-c380-c5da-070d-9d8a2cb4ed6d" executionId="4e3d6bbd-8280-4706-9523-029b99ccf3c2" testListId="8c84fa94-04c1-424b-9868-57a2d4851a1d" />
    <TestEntry testId="aac20a49-8396-283f-b646-be5402a974aa" executionId="fc5a3ba4-0762-40a0-9cb6-c9f821ebe119" testListId="8c84fa94-04c1-424b-9868-57a2d4851a1d" />
    <TestEntry testId="510b24b8-e7ed-d0e5-067c-54701224d287" executionId="235ce96f-d977-4350-812b-6decc2b27119" testListId="8c84fa94-04c1-424b-9868-57a2d4851a1d" />
    <TestEntry testId="5c88af88-27e1-5531-551d-d096b081bbbb" executionId="db7c95cb-6c01-41b5-ac1c-3535d70b07b6" testListId="8c84fa94-04c1-424b-9868-57a2d4851a1d" />
    <TestEntry testId="6f8d796c-6ca4-169d-1cc8-af66825f8e0b" executionId="3be9996b-a65d-46e0-84f1-64a104e233e5" testListId="8c84fa94-04c1-424b-9868-57a2d4851a1d" />
    <TestEntry testId="0e19d662-3eda-75d2-8b4e-f3c96f6d0a88" executionId="e2fe6763-aeb6-4e63-b028-9731a0376252" testListId="8c84fa94-04c1-424b-9868-57a2d4851a1d" />
    <TestEntry testId="86dcb968-4ef1-cce6-3771-f83a548b7b9b" executionId="7d3b04b0-0e5a-4036-ab2a-4ed7463f4c89" testListId="8c84fa94-04c1-424b-9868-57a2d4851a1d" />
    <TestEntry testId="18569e55-01d3-2cbe-9a47-b7a6b6af48bd" executionId="3619e0e9-e00b-4817-8cfd-078c94f69f19" testListId="8c84fa94-04c1-424b-9868-57a2d4851a1d" />
    <TestEntry testId="a41dcb24-b89d-3f22-c149-d98a0341724c" executionId="41a25e7b-c432-48e6-9ff3-c4d3db5f8368" testListId="8c84fa94-04c1-424b-9868-57a2d4851a1d" />
    <TestEntry testId="c5354939-c673-43ca-14be-2bd609b6c1da" executionId="0b83fc5c-4c2e-480f-bd99-69f6435fc9a1" testListId="8c84fa94-04c1-424b-9868-57a2d4851a1d" />
    <TestEntry testId="8a6fe78d-1950-ca2c-fcac-76683a017d7a" executionId="ffbad039-c918-41dd-a8dc-bcf62fd0af00" testListId="8c84fa94-04c1-424b-9868-57a2d4851a1d" />
    <TestEntry testId="c1c9e98a-00be-5d46-2e89-b28b2ec9151b" executionId="ff7fd4f9-84d6-4588-ad23-596312392b20" testListId="8c84fa94-04c1-424b-9868-57a2d4851a1d" />
    <TestEntry testId="f8a4fdfd-2ee1-6ccb-9204-9fa723643148" executionId="54fcf9dc-dab4-43aa-81d8-30d4ec0c79b8" testListId="8c84fa94-04c1-424b-9868-57a2d4851a1d" />
    <TestEntry testId="bfc4c269-8ffa-0bf9-9acb-eb4e0e390e83" executionId="f173a1cd-b7ba-494a-9222-591816ec890a" testListId="8c84fa94-04c1-424b-9868-57a2d4851a1d" />
  </TestEntries>
  <TestLists>
    <TestList name="Results Not in a List" id="8c84fa94-04c1-424b-9868-57a2d4851a1d" />
    <TestList name="All Loaded Results" id="19431567-8539-422a-85d7-44ee4e166bda" />
  </TestLists>
  <ResultSummary outcome="Failed">
    <Counters total="335" executed="335" passed="333" failed="2" error="0" timeout="0" aborted="0" inconclusive="0" passedButRunAborted="0" notRunnable="0" notExecuted="0" disconnected="0" warning="0" completed="0" inProgress="0" pending="0" />
    <Output>
      <StdOut>[xUnit.net 00:00:00.00] xUnit.net VSTest Adapter v2.4.5+1caef2f33e (64-bit .NET 7.0.5)&#xD;
[xUnit.net 00:00:00.83]   Discovering: Carlton.Base.Components.Test&#xD;
[xUnit.net 00:00:01.02]   Discovered:  Carlton.Base.Components.Test&#xD;
[xUnit.net 00:00:01.03]   Starting:    Carlton.Base.Components.Test&#xD;
[xUnit.net 00:00:02.16]       Bunit.HtmlEqualException : HTML comparison failed. &#xD;
[xUnit.net 00:00:02.16]       &#xD;
[xUnit.net 00:00:02.16]       The following errors were found:&#xD;
[xUnit.net 00:00:02.16]         1: The values of the attributes at div(0)[class] are different.&#xD;
[xUnit.net 00:00:02.16]         2: The value of the attribute div(0) &gt; div(3)[class] and actual attribute div(0) &gt; div(0)[class] are different.&#xD;
[xUnit.net 00:00:02.16]         3: The value of the attribute div(0) &gt; div(3) &gt; span(1)[class] and actual attribute div(0) &gt; div(0) &gt; span(0)[class] are different.&#xD;
[xUnit.net 00:00:02.16]         4: The element at div(0) &gt; div(3) &gt; span(3) is missing.&#xD;
[xUnit.net 00:00:02.16]         5: The element at div(0) &gt; span(1) is missing.&#xD;
[xUnit.net 00:00:02.16]         6: The element at div(2) is missing.&#xD;
[xUnit.net 00:00:02.16]         7: The element at div(4) is missing.&#xD;
[xUnit.net 00:00:02.16]         8: The text at div(0) &gt; div(0) &gt; span(0) &gt; #text(0) was not expected.&#xD;
[xUnit.net 00:00:02.16]         9: The element at div(0) &gt; div(0) &gt; div(2) was not expected.&#xD;
[xUnit.net 00:00:02.16]         10: The element at div(0) &gt; div(1) was not expected.&#xD;
[xUnit.net 00:00:02.16]         11: The element at div(0) &gt; div(2) was not expected.&#xD;
[xUnit.net 00:00:02.16]       &#xD;
[xUnit.net 00:00:02.16]       Actual HTML: &#xD;
[xUnit.net 00:00:02.16]       &lt;div class="table-header-row" &gt;&#xD;
[xUnit.net 00:00:02.16]         &lt;div class="header-row-item row-item ascending heading-0"  &gt;&#xD;
[xUnit.net 00:00:02.16]           &lt;span class="heading-text" &gt;ID&lt;/span&gt;&#xD;
[xUnit.net 00:00:02.16]           &lt;div class="sort-arrows" &gt;&#xD;
[xUnit.net 00:00:02.16]             &lt;span class="arrow-ascending mdi mdi-arrow-up" &gt;&lt;/span&gt;&#xD;
[xUnit.net 00:00:02.16]             &lt;span class="arrow-descending mdi mdi-arrow-down" &gt;&lt;/span&gt;&#xD;
[xUnit.net 00:00:02.16]           &lt;/div&gt;&#xD;
[xUnit.net 00:00:02.16]         &lt;/div&gt;&#xD;
[xUnit.net 00:00:02.16]         &lt;div class="header-row-item row-item ascending heading-1"  &gt;&#xD;
[xUnit.net 00:00:02.16]           &lt;span class="heading-text" &gt;DisplayName&lt;/span&gt;&#xD;
[xUnit.net 00:00:02.16]           &lt;div class="sort-arrows" &gt;&#xD;
[xUnit.net 00:00:02.16]             &lt;span class="arrow-ascending mdi mdi-arrow-up" &gt;&lt;/span&gt;&#xD;
[xUnit.net 00:00:02.16]             &lt;span class="arrow-descending mdi mdi-arrow-down" &gt;&lt;/span&gt;&#xD;
[xUnit.net 00:00:02.16]           &lt;/div&gt;&#xD;
[xUnit.net 00:00:02.16]         &lt;/div&gt;&#xD;
[xUnit.net 00:00:02.16]         &lt;div class="header-row-item row-item ascending heading-2"  &gt;&#xD;
[xUnit.net 00:00:02.16]           &lt;span class="heading-text" &gt;CreatedDate&lt;/span&gt;&#xD;
[xUnit.net 00:00:02.16]           &lt;div class="sort-arrows" &gt;&#xD;
[xUnit.net 00:00:02.16]             &lt;span class="arrow-ascending mdi mdi-arrow-up" &gt;&lt;/span&gt;&#xD;
[xUnit.net 00:00:02.16]             &lt;span class="arrow-descending mdi mdi-arrow-down" &gt;&lt;/span&gt;&#xD;
[xUnit.net 00:00:02.16]           &lt;/div&gt;&#xD;
[xUnit.net 00:00:02.16]         &lt;/div&gt;&#xD;
[xUnit.net 00:00:02.16]       &lt;/div&gt;&#xD;
[xUnit.net 00:00:02.16]       &#xD;
[xUnit.net 00:00:02.16]       Expected HTML: &#xD;
[xUnit.net 00:00:02.16]       &lt;div class="header-row-item row-item ascending"  &gt;&#xD;
[xUnit.net 00:00:02.16]         &lt;span class="heading-text" &gt;ID&lt;/span&gt;&#xD;
[xUnit.net 00:00:02.16]         &lt;div class="sort-arrows" &gt;&#xD;
[xUnit.net 00:00:02.16]           &lt;span class="arrow-ascending mdi mdi-arrow-up" &gt;&lt;/span&gt;&#xD;
[xUnit.net 00:00:02.16]           &lt;span class="arrow-descending mdi mdi-arrow-down" &gt;&lt;/span&gt;&#xD;
[xUnit.net 00:00:02.16]         &lt;/div&gt;&#xD;
[xUnit.net 00:00:02.16]       &lt;/div&gt;&#xD;
[xUnit.net 00:00:02.16]       &lt;div class="header-row-item row-item ascending"  &gt;&#xD;
[xUnit.net 00:00:02.16]         &lt;span class="heading-text" &gt;DisplayName&lt;/span&gt;&#xD;
[xUnit.net 00:00:02.16]         &lt;div class="sort-arrows" &gt;&#xD;
[xUnit.net 00:00:02.16]           &lt;span class="arrow-ascending mdi mdi-arrow-up" &gt;&lt;/span&gt;&#xD;
[xUnit.net 00:00:02.16]           &lt;span class="arrow-descending mdi mdi-arrow-down" &gt;&lt;/span&gt;&#xD;
[xUnit.net 00:00:02.16]         &lt;/div&gt;&#xD;
[xUnit.net 00:00:02.16]       &lt;/div&gt;&#xD;
[xUnit.net 00:00:02.16]       &lt;div class="header-row-item row-item ascending"  &gt;&#xD;
[xUnit.net 00:00:02.16]         &lt;span class="heading-text" &gt;CreatedDate&lt;/span&gt;&#xD;
[xUnit.net 00:00:02.16]         &lt;div class="sort-arrows" &gt;&#xD;
[xUnit.net 00:00:02.16]           &lt;span class="arrow-ascending mdi mdi-arrow-up" &gt;&lt;/span&gt;&#xD;
[xUnit.net 00:00:02.16]           &lt;span class="arrow-descending mdi mdi-arrow-down" &gt;&lt;/span&gt;&#xD;
[xUnit.net 00:00:02.16]         &lt;/div&gt;&#xD;
[xUnit.net 00:00:02.16]       &lt;/div&gt;&#xD;
[xUnit.net 00:00:02.16]       &#xD;
[xUnit.net 00:00:02.16]       Stack Trace:&#xD;
[xUnit.net 00:00:02.16]         /_/src/bunit.web/Asserting/MarkupMatchesAssertExtensions.cs(237,0): at Bunit.MarkupMatchesAssertExtensions.MarkupMatches(INodeList actual, INodeList expected, String userMessage)&#xD;
[xUnit.net 00:00:02.16]         /_/src/bunit.web/Asserting/MarkupMatchesAssertExtensions.cs(113,0): at Bunit.MarkupMatchesAssertExtensions.MarkupMatches(IRenderedFragment actual, String expected, String userMessage)&#xD;
[xUnit.net 00:00:02.16]         C:\Users\nicho\source\repos\NickGalazzo\Carlton.Base\src\Tests\Carlton.Base.Components.Test\Table\TableHeaderComponentTests.cs(16,0): at Carlton.Base.Components.Test.TableHeaderComponentTests.TableHeader_Markup_RendersCorrectly()&#xD;
[xUnit.net 00:00:02.16]            at System.RuntimeMethodHandle.InvokeMethod(Object target, Void** arguments, Signature sig, Boolean isConstructor)&#xD;
[xUnit.net 00:00:02.16]            at System.Reflection.MethodInvoker.Invoke(Object obj, IntPtr* args, BindingFlags invokeAttr)&#xD;
[xUnit.net 00:00:02.22]       Bunit.HtmlEqualException : HTML comparison failed. &#xD;
[xUnit.net 00:00:02.22]       &#xD;
[xUnit.net 00:00:02.22]       The following errors were found:&#xD;
[xUnit.net 00:00:02.22]         1: The value of the attribute div(0) &gt; div(1) &gt; div(1) &gt; div(1)[class] and actual attribute div(0) &gt; div(0) &gt; div(0) &gt; div(0)[class] are different.&#xD;
[xUnit.net 00:00:02.22]         2: The value of the attribute div(0) &gt; div(1) &gt; div(1) &gt; div(1) &gt; div(3)[class] and actual attribute div(0) &gt; div(0) &gt; div(0) &gt; div(0) &gt; div(0)[class] are different.&#xD;
[xUnit.net 00:00:02.22]         3: The value of the attribute div(0) &gt; div(1) &gt; div(1) &gt; div(1) &gt; div(3) &gt; span(1)[class] and actual attribute div(0) &gt; div(0) &gt; div(0) &gt; div(0) &gt; div(0) &gt; span(0)[class] are different.&#xD;
[xUnit.net 00:00:02.22]         4: The element at div(0) &gt; div(1) &gt; div(1) &gt; div(1) &gt; div(3) &gt; span(3) is missing.&#xD;
[xUnit.net 00:00:02.22]         5: The element at div(0) &gt; div(1) &gt; div(1) &gt; div(1) &gt; span(1) is missing.&#xD;
[xUnit.net 00:00:02.22]         6: The element at div(0) &gt; div(1) &gt; div(1) &gt; div(3) is missing.&#xD;
[xUnit.net 00:00:02.22]         7: The element at div(0) &gt; div(1) &gt; div(1) &gt; div(5) is missing.&#xD;
[xUnit.net 00:00:02.22]         8: The text at div(0) &gt; div(0) &gt; div(0) &gt; div(0) &gt; div(0) &gt; span(0) &gt; #text(0) was not expected.&#xD;
[xUnit.net 00:00:02.22]         9: The element at div(0) &gt; div(0) &gt; div(0) &gt; div(0) &gt; div(0) &gt; div(2) was not expected.&#xD;
[xUnit.net 00:00:02.22]         10: The element at div(0) &gt; div(0) &gt; div(0) &gt; div(0) &gt; div(1) was not expected.&#xD;
[xUnit.net 00:00:02.22]         11: The element at div(0) &gt; div(0) &gt; div(0) &gt; div(0) &gt; div(2) was not expected.&#xD;
[xUnit.net 00:00:02.22]       &#xD;
[xUnit.net 00:00:02.22]       Actual HTML: &#xD;
[xUnit.net 00:00:02.22]       &lt;div class="main-container" &gt;&#xD;
[xUnit.net 00:00:02.22]         &lt;div class="table-container" &gt;&#xD;
[xUnit.net 00:00:02.22]           &lt;div class="header-row table-row" &gt;&#xD;
[xUnit.net 00:00:02.22]             &lt;div class="table-header-row" &gt;&#xD;
[xUnit.net 00:00:02.22]               &lt;div class="header-row-item row-item ascending heading-0"  &gt;&#xD;
[xUnit.net 00:00:02.22]                 &lt;span class="heading-text" &gt;ID&lt;/span&gt;&#xD;
[xUnit.net 00:00:02.22]                 &lt;div class="sort-arrows" &gt;&#xD;
[xUnit.net 00:00:02.22]                   &lt;span class="arrow-ascending mdi mdi-arrow-up" &gt;&lt;/span&gt;&#xD;
[xUnit.net 00:00:02.22]                   &lt;span class="arrow-descending mdi mdi-arrow-down" &gt;&lt;/span&gt;&#xD;
[xUnit.net 00:00:02.22]                 &lt;/div&gt;&#xD;
[xUnit.net 00:00:02.22]               &lt;/div&gt;&#xD;
[xUnit.net 00:00:02.22]               &lt;div class="header-row-item row-item ascending heading-1"  &gt;&#xD;
[xUnit.net 00:00:02.22]                 &lt;span class="heading-text" &gt;DisplayName&lt;/span&gt;&#xD;
[xUnit.net 00:00:02.22]                 &lt;div class="sort-arrows" &gt;&#xD;
[xUnit.net 00:00:02.22]                   &lt;span class="arrow-ascending mdi mdi-arrow-up" &gt;&lt;/span&gt;&#xD;
[xUnit.net 00:00:02.22]                   &lt;span class="arrow-descending mdi mdi-arrow-down" &gt;&lt;/span&gt;&#xD;
[xUnit.net 00:00:02.22]                 &lt;/div&gt;&#xD;
[xUnit.net 00:00:02.22]               &lt;/div&gt;&#xD;
[xUnit.net 00:00:02.22]               &lt;div class="header-row-item row-item ascending heading-2"  &gt;&#xD;
[xUnit.net 00:00:02.22]                 &lt;span class="heading-text" &gt;CreatedDate&lt;/span&gt;&#xD;
[xUnit.net 00:00:02.22]                 &lt;div class="sort-arrows" &gt;&#xD;
[xUnit.net 00:00:02.22]                   &lt;span class="arrow-ascending mdi mdi-arrow-up" &gt;&lt;/span&gt;&#xD;
[xUnit.net 00:00:02.22]                   &lt;span class="arrow-descending mdi mdi-arrow-down" &gt;&lt;/span&gt;&#xD;
[xUnit.net 00:00:02.22]                 &lt;/div&gt;&#xD;
[xUnit.net 00:00:02.22]               &lt;/div&gt;&#xD;
[xUnit.net 00:00:02.22]             &lt;/div&gt;&#xD;
[xUnit.net 00:00:02.22]           &lt;/div&gt;&#xD;
[xUnit.net 00:00:02.22]           &lt;div class="item-row table-row" &gt;&#xD;
[xUnit.net 00:00:02.22]             &lt;div class="test-row"&gt;&#xD;
[xUnit.net 00:00:02.22]               &lt;span&gt;ID:1&lt;/span&gt;&#xD;
[xUnit.net 00:00:02.22]               &lt;span&gt;Display Name:Item A&lt;/span&gt;&#xD;
[xUnit.net 00:00:02.22]               &lt;span&gt;Date:10/9/2023 12:00:00 AM&lt;/span&gt;&#xD;
[xUnit.net 00:00:02.22]             &lt;/div&gt;&#xD;
[xUnit.net 00:00:02.22]           &lt;/div&gt;&#xD;
[xUnit.net 00:00:02.22]           &lt;div class="item-row table-row" &gt;&#xD;
[xUnit.net 00:00:02.22]             &lt;div class="test-row"&gt;&#xD;
[xUnit.net 00:00:02.22]               &lt;span&gt;ID:2&lt;/span&gt;&#xD;
[xUnit.net 00:00:02.22]               &lt;span&gt;Display Name:Item B&lt;/span&gt;&#xD;
[xUnit.net 00:00:02.22]               &lt;span&gt;Date:2/3/2022 12:00:00 AM&lt;/span&gt;&#xD;
[xUnit.net 00:00:02.22]             &lt;/div&gt;&#xD;
[xUnit.net 00:00:02.22]           &lt;/div&gt;&#xD;
[xUnit.net 00:00:02.22]           &lt;div class="item-row table-row" &gt;&#xD;
[xUnit.net 00:00:02.22]             &lt;div class="test-row"&gt;&#xD;
[xUnit.net 00:00:02.22]               &lt;span&gt;ID:3&lt;/span&gt;&#xD;
[xUnit.net 00:00:02.22]               &lt;span&gt;Display Name:Item C&lt;/span&gt;&#xD;
[xUnit.net 00:00:02.22]               &lt;span&gt;Date:5/19/2021 12:00:00 AM&lt;/span&gt;&#xD;
[xUnit.net 00:00:02.22]             &lt;/div&gt;&#xD;
[xUnit.net 00:00:02.22]           &lt;/div&gt;&#xD;
[xUnit.net 00:00:02.22]           &lt;div class="pagination-row table-row" &gt;&#xD;
[xUnit.net 00:00:02.22]             &lt;div class="pagination-row-item" &gt;&#xD;
[xUnit.net 00:00:02.22]               &lt;div class="rows-per-page" &gt;&#xD;
[xUnit.net 00:00:02.22]                 &lt;span class="rows-per-page-label" &gt;Rows Per Page&lt;/span&gt;&#xD;
[xUnit.net 00:00:02.22]                 &lt;div class="select" &gt;&#xD;
[xUnit.net 00:00:02.22]                   &lt;input readonly="" placeholder=" " value="5" &gt;&#xD;
[xUnit.net 00:00:02.22]                   &lt;div class="label" &gt;&lt;/div&gt;&#xD;
[xUnit.net 00:00:02.22]                   &lt;div class="options" &gt;&#xD;
[xUnit.net 00:00:02.22]                     &lt;div class="option"  &gt;5&lt;/div&gt;&#xD;
[xUnit.net 00:00:02.22]                     &lt;div class="option"  &gt;10&lt;/div&gt;&#xD;
[xUnit.net 00:00:02.23]                     &lt;div class="option"  &gt;15&lt;/div&gt;&#xD;
[xUnit.net 00:00:02.23]                   &lt;/div&gt;&#xD;
[xUnit.net 00:00:02.23]                 &lt;/div&gt;&#xD;
[xUnit.net 00:00:02.23]               &lt;/div&gt;&#xD;
[xUnit.net 00:00:02.23]               &lt;div class="page-number" &gt;&#xD;
[xUnit.net 00:00:02.23]                 &lt;span class="pagination-label" &gt;1-3 of 3&lt;/span&gt;&#xD;
[xUnit.net 00:00:02.23]               &lt;/div&gt;&#xD;
[xUnit.net 00:00:02.23]               &lt;div class="page-chevrons" &gt;&#xD;
[xUnit.net 00:00:02.23]                 &lt;span class="mdi mdi-18px mdi-page-first disabled"  &gt;&lt;/span&gt;&#xD;
[xUnit.net 00:00:02.23]                 &lt;span class="mdi mdi-18px mdi-chevron-left disabled"  &gt;&lt;/span&gt;&#xD;
[xUnit.net 00:00:02.23]                 &lt;span class="mdi mdi-18px mdi-chevron-right disabled"  &gt;&lt;/span&gt;&#xD;
[xUnit.net 00:00:02.23]                 &lt;span class="mdi mdi-18px mdi-page-last disabled"  &gt;&lt;/span&gt;&#xD;
[xUnit.net 00:00:02.23]               &lt;/div&gt;&#xD;
[xUnit.net 00:00:02.23]             &lt;/div&gt;&#xD;
[xUnit.net 00:00:02.23]           &lt;/div&gt;&#xD;
[xUnit.net 00:00:02.23]         &lt;/div&gt;&#xD;
[xUnit.net 00:00:02.23]       &lt;/div&gt;&#xD;
[xUnit.net 00:00:02.23]       &#xD;
[xUnit.net 00:00:02.23]       Expected HTML: &#xD;
[xUnit.net 00:00:02.23]       &lt;div class="main-container" &gt;&#xD;
[xUnit.net 00:00:02.23]         &lt;div class="table-container" &gt;&#xD;
[xUnit.net 00:00:02.23]           &lt;div class="header-row table-row" &gt;&#xD;
[xUnit.net 00:00:02.23]             &lt;div class="header-row-item row-item ascending"  &gt;&#xD;
[xUnit.net 00:00:02.23]               &lt;span class="heading-text" &gt;ID&lt;/span&gt;&#xD;
[xUnit.net 00:00:02.23]               &lt;div class="sort-arrows" &gt;&#xD;
[xUnit.net 00:00:02.23]                 &lt;span class="arrow-ascending mdi mdi-arrow-up" &gt;&lt;/span&gt;&#xD;
[xUnit.net 00:00:02.23]                 &lt;span class="arrow-descending mdi mdi-arrow-down" &gt;&lt;/span&gt;&#xD;
[xUnit.net 00:00:02.23]               &lt;/div&gt;&#xD;
[xUnit.net 00:00:02.23]             &lt;/div&gt;&#xD;
[xUnit.net 00:00:02.23]             &lt;div class="header-row-item row-item ascending"  &gt;&#xD;
[xUnit.net 00:00:02.23]               &lt;span class="heading-text" &gt;DisplayName&lt;/span&gt;&#xD;
[xUnit.net 00:00:02.23]               &lt;div class="sort-arrows" &gt;&#xD;
[xUnit.net 00:00:02.23]                 &lt;span class="arrow-ascending mdi mdi-arrow-up" &gt;&lt;/span&gt;&#xD;
[xUnit.net 00:00:02.23]                 &lt;span class="arrow-descending mdi mdi-arrow-down" &gt;&lt;/span&gt;&#xD;
[xUnit.net 00:00:02.23]               &lt;/div&gt;&#xD;
[xUnit.net 00:00:02.23]             &lt;/div&gt;&#xD;
[xUnit.net 00:00:02.23]             &lt;div class="header-row-item row-item ascending"  &gt;&#xD;
[xUnit.net 00:00:02.23]               &lt;span class="heading-text" &gt;CreatedDate&lt;/span&gt;&#xD;
[xUnit.net 00:00:02.23]               &lt;div class="sort-arrows" &gt;&#xD;
[xUnit.net 00:00:02.23]                 &lt;span class="arrow-ascending mdi mdi-arrow-up" &gt;&lt;/span&gt;&#xD;
[xUnit.net 00:00:02.23]                 &lt;span class="arrow-descending mdi mdi-arrow-down" &gt;&lt;/span&gt;&#xD;
[xUnit.net 00:00:02.23]               &lt;/div&gt;&#xD;
[xUnit.net 00:00:02.23]             &lt;/div&gt;&#xD;
[xUnit.net 00:00:02.23]           &lt;/div&gt;&#xD;
[xUnit.net 00:00:02.23]           &lt;div class="item-row table-row" &gt;&#xD;
[xUnit.net 00:00:02.23]             &lt;div class="test-row"&gt;&#xD;
[xUnit.net 00:00:02.23]               &lt;span&gt;ID:1&lt;/span&gt;&#xD;
[xUnit.net 00:00:02.23]               &lt;span&gt;Display Name:Item A&lt;/span&gt;&#xD;
[xUnit.net 00:00:02.23]               &lt;span&gt;Date:10/9/2023 12:00:00 AM&lt;/span&gt;&#xD;
[xUnit.net 00:00:02.23]             &lt;/div&gt;&#xD;
[xUnit.net 00:00:02.23]           &lt;/div&gt;&#xD;
[xUnit.net 00:00:02.23]           &lt;div class="item-row table-row" &gt;&#xD;
[xUnit.net 00:00:02.23]             &lt;div class="test-row"&gt;&#xD;
[xUnit.net 00:00:02.23]               &lt;span&gt;ID:2&lt;/span&gt;&#xD;
[xUnit.net 00:00:02.23]               &lt;span&gt;Display Name:Item B&lt;/span&gt;&#xD;
[xUnit.net 00:00:02.23]               &lt;span&gt;Date:2/3/2022 12:00:00 AM&lt;/span&gt;&#xD;
[xUnit.net 00:00:02.23]             &lt;/div&gt;&#xD;
[xUnit.net 00:00:02.23]           &lt;/div&gt;&#xD;
[xUnit.net 00:00:02.23]           &lt;div class="item-row table-row" &gt;&#xD;
[xUnit.net 00:00:02.23]             &lt;div class="test-row"&gt;&#xD;
[xUnit.net 00:00:02.23]               &lt;span&gt;ID:3&lt;/span&gt;&#xD;
[xUnit.net 00:00:02.23]               &lt;span&gt;Display Name:Item C&lt;/span&gt;&#xD;
[xUnit.net 00:00:02.23]               &lt;span&gt;Date:5/19/2021 12:00:00 AM&lt;/span&gt;&#xD;
[xUnit.net 00:00:02.23]             &lt;/div&gt;&#xD;
[xUnit.net 00:00:02.23]           &lt;/div&gt;&#xD;
[xUnit.net 00:00:02.23]           &lt;div class="pagination-row table-row" &gt;&#xD;
[xUnit.net 00:00:02.23]             &lt;div class="pagination-row-item" &gt;&#xD;
[xUnit.net 00:00:02.23]               &lt;div class="rows-per-page" &gt;&#xD;
[xUnit.net 00:00:02.23]                 &lt;span class="rows-per-page-label" &gt;Rows Per Page&lt;/span&gt;&#xD;
[xUnit.net 00:00:02.23]                 &lt;div class="select" &gt;&#xD;
[xUnit.net 00:00:02.23]                   &lt;input readonly="" placeholder=" " value="5" &gt;&#xD;
[xUnit.net 00:00:02.23]                   &lt;div class="label" &gt;&lt;/div&gt;&#xD;
[xUnit.net 00:00:02.23]                   &lt;div class="options" &gt;&#xD;
[xUnit.net 00:00:02.23]                     &lt;div class="option"  &gt;5&lt;/div&gt;&#xD;
[xUnit.net 00:00:02.23]                     &lt;div class="option"  &gt;10&lt;/div&gt;&#xD;
[xUnit.net 00:00:02.23]                     &lt;div class="option"  &gt;15&lt;/div&gt;&#xD;
[xUnit.net 00:00:02.23]                   &lt;/div&gt;&#xD;
[xUnit.net 00:00:02.23]                 &lt;/div&gt;&#xD;
[xUnit.net 00:00:02.24]               &lt;/div&gt;&#xD;
[xUnit.net 00:00:02.24]               &lt;div class="page-number" &gt;&#xD;
[xUnit.net 00:00:02.24]                 &lt;span class="pagination-label" &gt;1-3 of 3&lt;/span&gt;&#xD;
[xUnit.net 00:00:02.24]               &lt;/div&gt;&#xD;
[xUnit.net 00:00:02.24]               &lt;div class="page-chevrons" &gt;&#xD;
[xUnit.net 00:00:02.24]                 &lt;span class="mdi mdi-18px mdi-page-first disabled"  &gt;&lt;/span&gt;&#xD;
[xUnit.net 00:00:02.24]                 &lt;span class="mdi mdi-18px mdi-chevron-left disabled"  &gt;&lt;/span&gt;&#xD;
[xUnit.net 00:00:02.24]                 &lt;span class="mdi mdi-18px mdi-chevron-right disabled"  &gt;&lt;/span&gt;&#xD;
[xUnit.net 00:00:02.24]                 &lt;span class="mdi mdi-18px mdi-page-last disabled"  &gt;&lt;/span&gt;&#xD;
[xUnit.net 00:00:02.24]               &lt;/div&gt;&#xD;
[xUnit.net 00:00:02.24]             &lt;/div&gt;&#xD;
[xUnit.net 00:00:02.24]           &lt;/div&gt;&#xD;
[xUnit.net 00:00:02.24]         &lt;/div&gt;&#xD;
[xUnit.net 00:00:02.24]       &lt;/div&gt;&#xD;
[xUnit.net 00:00:02.24]       &#xD;
[xUnit.net 00:00:02.24]       Stack Trace:&#xD;
[xUnit.net 00:00:02.24]         /_/src/bunit.web/Asserting/MarkupMatchesAssertExtensions.cs(237,0): at Bunit.MarkupMatchesAssertExtensions.MarkupMatches(INodeList actual, INodeList expected, String userMessage)&#xD;
[xUnit.net 00:00:02.24]         /_/src/bunit.web/Asserting/MarkupMatchesAssertExtensions.cs(113,0): at Bunit.MarkupMatchesAssertExtensions.MarkupMatches(IRenderedFragment actual, String expected, String userMessage)&#xD;
[xUnit.net 00:00:02.24]         C:\Users\nicho\source\repos\NickGalazzo\Carlton.Base\src\Tests\Carlton.Base.Components.Test\Table\TableComponentTests.cs(18,0): at Carlton.Base.Components.Test.TableComponentTests.Table_Markup_RendersCorrectly()&#xD;
[xUnit.net 00:00:02.24]            at System.RuntimeMethodHandle.InvokeMethod(Object target, Void** arguments, Signature sig, Boolean isConstructor)&#xD;
[xUnit.net 00:00:02.24]            at System.Reflection.MethodInvoker.Invoke(Object obj, IntPtr* args, BindingFlags invokeAttr)&#xD;
[xUnit.net 00:00:02.28]   Finished:    Carlton.Base.Components.Test&#xD;
</StdOut>
    </Output>
    <RunInfos>
      <RunInfo computerName="DESKTOP-HE04GST" outcome="Min" timestamp="2023-04-30T09:40:42.6453031-04:00">
        <Text>[xUnit.net 00:00:02.15]     Carlton.Base.Components.Test.TableHeaderComponentTests.TableHeader_Markup_RendersCorrectly [FAIL]</Text>
      </RunInfo>
      <RunInfo computerName="DESKTOP-HE04GST" outcome="Min" timestamp="2023-04-30T09:40:42.7078342-04:00">
        <Text>[xUnit.net 00:00:02.22]     Carlton.Base.Components.Test.TableComponentTests.Table_Markup_RendersCorrectly [FAIL]</Text>
      </RunInfo>
    </RunInfos>
  </ResultSummary>
</TestRun>