<?xml version="1.0" encoding="utf-8"?>
<TestRun id="6a3e5c14-0e7f-45a7-901a-468953ed6672" name="nicho@DESKTOP-HE04GST 2023-05-07 10:58:02" runUser="DESKTOP-HE04GST\nicho" xmlns="http://microsoft.com/schemas/VisualStudio/TeamTest/2010">
  <Times creation="2023-05-07T10:58:02.3106887-04:00" queuing="2023-05-07T10:58:02.3106890-04:00" start="2023-05-07T10:58:00.4158546-04:00" finish="2023-05-07T10:58:02.7536125-04:00" />
  <TestSettings name="default" id="f230e182-4c2b-4b64-a82f-6df508727992">
    <Deployment runDeploymentRoot="nicho_DESKTOP-HE04GST_2023-05-07_10_58_02" />
  </TestSettings>
  <Results>
    <UnitTestResult executionId="e6827623-8c48-4f56-869f-77edd700a767" testId="ac3d64d6-59fc-428c-aae0-b62e3cf29162" testName="ReadOnly Parameter Test(isReadOnly: True)" computerName="DESKTOP-HE04GST" duration="00:00:00.0016052" startTime="2023-05-07T10:58:02.2564906-04:00" endTime="2023-05-07T10:58:02.2564907-04:00" testType="13cdc9d9-ddb5-4fa4-a97d-d965ccfc6d4b" outcome="Passed" testListId="8c84fa94-04c1-424b-9868-57a2d4851a1d" relativeResultsDirectory="e6827623-8c48-4f56-869f-77edd700a767" />
    <UnitTestResult executionId="ec84fbc5-c5e7-45fe-be4c-8739bdd07de6" testId="2233ccff-1d94-df6b-afa2-1cb6b7d0296b" testName="Invalid OrderColumn Parameter Test(columnName: &quot;Wrong&quot;)" computerName="DESKTOP-HE04GST" duration="00:00:00.0023266" startTime="2023-05-07T10:58:02.5062981-04:00" endTime="2023-05-07T10:58:02.5062983-04:00" testType="13cdc9d9-ddb5-4fa4-a97d-d965ccfc6d4b" outcome="Passed" testListId="8c84fa94-04c1-424b-9868-57a2d4851a1d" relativeResultsDirectory="ec84fbc5-c5e7-45fe-be4c-8739bdd07de6" />
    <UnitTestResult executionId="32d28fa1-2231-44cc-bd31-8459a8507631" testId="d861b366-8b7a-507b-a4be-fa0acafd9d18" testName="Count Parameter Test(count: 10)" computerName="DESKTOP-HE04GST" duration="00:00:00.0021245" startTime="2023-05-07T10:58:02.2761520-04:00" endTime="2023-05-07T10:58:02.2761524-04:00" testType="13cdc9d9-ddb5-4fa4-a97d-d965ccfc6d4b" outcome="Passed" testListId="8c84fa94-04c1-424b-9868-57a2d4851a1d" relativeResultsDirectory="32d28fa1-2231-44cc-bd31-8459a8507631" />
    <UnitTestResult executionId="16c10113-213a-45af-8c8e-dc695833c46f" testId="4c624072-3469-3d06-1b6a-9cf723873fdb" testName="Groups Parameter Test(groups: [SelectGroup { Name = Group 1, Index = 0, Items = System.Collections.Generic.List`1[Carlton.Base.Components.SelectItem`1[System.Int32]] }, SelectGroup { Name = Group 2, Index = 1, Items = System.Collections.Generic.List`1[Carlton.Base.Components.SelectItem`1[System.Int32]] }, SelectGroup { Name = Group 3, Index = 2, Items = System.Collections.Generic.List`1[Carlton.Base.Components.SelectItem`1[System.Int32]] }])" computerName="DESKTOP-HE04GST" duration="00:00:00.0021695" startTime="2023-05-07T10:58:02.2562376-04:00" endTime="2023-05-07T10:58:02.2562377-04:00" testType="13cdc9d9-ddb5-4fa4-a97d-d965ccfc6d4b" outcome="Passed" testListId="8c84fa94-04c1-424b-9868-57a2d4851a1d" relativeResultsDirectory="16c10113-213a-45af-8c8e-dc695833c46f" />
    <UnitTestResult executionId="a19e427b-4703-428b-920e-4214fa56990e" testId="4b6514f5-8258-f539-a400-bc0b147a93fc" testName="Two Tabs Test" computerName="DESKTOP-HE04GST" duration="00:00:00.0257519" startTime="2023-05-07T10:58:02.3795002-04:00" endTime="2023-05-07T10:58:02.3795003-04:00" testType="13cdc9d9-ddb5-4fa4-a97d-d965ccfc6d4b" outcome="Passed" testListId="8c84fa94-04c1-424b-9868-57a2d4851a1d" relativeResultsDirectory="a19e427b-4703-428b-920e-4214fa56990e" />
    <UnitTestResult executionId="8060387b-1fb0-4d9c-8d19-7354d6d3a231" testId="285dd188-0677-95b9-bdc8-5f4be2504763" testName="Markup Test" computerName="DESKTOP-HE04GST" duration="00:00:00.0103944" startTime="2023-05-07T10:58:02.4187226-04:00" endTime="2023-05-07T10:58:02.4187227-04:00" testType="13cdc9d9-ddb5-4fa4-a97d-d965ccfc6d4b" outcome="Passed" testListId="8c84fa94-04c1-424b-9868-57a2d4851a1d" relativeResultsDirectory="8060387b-1fb0-4d9c-8d19-7354d6d3a231" />
    <UnitTestResult executionId="a82706c2-41b9-4b69-9c35-2d8eafaebcbc" testId="090a8dd5-7432-938f-38c8-3e25de645fe6" testName="Collapser Click Event Test(isCollapsed: False)" computerName="DESKTOP-HE04GST" duration="00:00:00.0193964" startTime="2023-05-07T10:58:02.2313951-04:00" endTime="2023-05-07T10:58:02.2313953-04:00" testType="13cdc9d9-ddb5-4fa4-a97d-d965ccfc6d4b" outcome="Passed" testListId="8c84fa94-04c1-424b-9868-57a2d4851a1d" relativeResultsDirectory="a82706c2-41b9-4b69-9c35-2d8eafaebcbc" />
    <UnitTestResult executionId="d3c04eb9-6646-449e-9f16-69ff9cb24ecf" testId="2379e7a0-5ee9-5f99-6a52-0d712fc2e781" testName="Disabled Parameter Test(isDisabled: True)" computerName="DESKTOP-HE04GST" duration="00:00:00.0019307" startTime="2023-05-07T10:58:02.2328503-04:00" endTime="2023-05-07T10:58:02.2328504-04:00" testType="13cdc9d9-ddb5-4fa4-a97d-d965ccfc6d4b" outcome="Passed" testListId="8c84fa94-04c1-424b-9868-57a2d4851a1d" relativeResultsDirectory="d3c04eb9-6646-449e-9f16-69ff9cb24ecf" />
    <UnitTestResult executionId="0f71f0f0-5c15-4092-ab5f-02571a8c1245" testId="fcd25c10-c16d-6e3a-163b-5f53194e3189" testName="SelectedValue Parameter Test(selectedIndex: 1, selectedValue: 2)" computerName="DESKTOP-HE04GST" duration="00:00:00.0029363" startTime="2023-05-07T10:58:02.5037169-04:00" endTime="2023-05-07T10:58:02.5037170-04:00" testType="13cdc9d9-ddb5-4fa4-a97d-d965ccfc6d4b" outcome="Passed" testListId="8c84fa94-04c1-424b-9868-57a2d4851a1d" relativeResultsDirectory="0f71f0f0-5c15-4092-ab5f-02571a8c1245" />
    <UnitTestResult executionId="2d0cb07f-41d9-4c4f-8e44-471041ef0f9a" testId="9c40f4b2-e395-94c9-2055-b3813cd48484" testName="Page Greater Than One, Left Chevron Enabled Test(currentPage: 3)" computerName="DESKTOP-HE04GST" duration="00:00:00.0155536" startTime="2023-05-07T10:58:02.3550778-04:00" endTime="2023-05-07T10:58:02.3550780-04:00" testType="13cdc9d9-ddb5-4fa4-a97d-d965ccfc6d4b" outcome="Passed" testListId="8c84fa94-04c1-424b-9868-57a2d4851a1d" relativeResultsDirectory="2d0cb07f-41d9-4c4f-8e44-471041ef0f9a" />
    <UnitTestResult executionId="207d88d4-8e99-4c79-8ea1-a41a3e982e08" testId="af23e599-62ff-bbe1-7224-29d5ec4e87a0" testName="RowsPerPageOpts Parameter Test(opts: [1, 3, 5])" computerName="DESKTOP-HE04GST" duration="00:00:00.0135151" startTime="2023-05-07T10:58:02.3820628-04:00" endTime="2023-05-07T10:58:02.3820630-04:00" testType="13cdc9d9-ddb5-4fa4-a97d-d965ccfc6d4b" outcome="Passed" testListId="8c84fa94-04c1-424b-9868-57a2d4851a1d" relativeResultsDirectory="207d88d4-8e99-4c79-8ea1-a41a3e982e08" />
    <UnitTestResult executionId="6001f880-28e5-4fda-9bd8-8410267d2b83" testId="fc7b79c7-3523-04fd-60af-a22152a3cdb2" testName="Options Parameter Tests(opts: [[&quot;Item 1&quot;] = 1, [&quot;Item 2&quot;] = 2])" computerName="DESKTOP-HE04GST" duration="00:00:00.0036894" startTime="2023-05-07T10:58:02.2291253-04:00" endTime="2023-05-07T10:58:02.2291255-04:00" testType="13cdc9d9-ddb5-4fa4-a97d-d965ccfc6d4b" outcome="Passed" testListId="8c84fa94-04c1-424b-9868-57a2d4851a1d" relativeResultsDirectory="6001f880-28e5-4fda-9bd8-8410267d2b83" />
    <UnitTestResult executionId="b0d4ec8d-316b-44db-9f7e-3606331f0724" testId="01312f82-8178-605f-aae1-26970b526840" testName="Markup Test" computerName="DESKTOP-HE04GST" duration="00:00:00.0351739" startTime="2023-05-07T10:58:02.2402030-04:00" endTime="2023-05-07T10:58:02.2402030-04:00" testType="13cdc9d9-ddb5-4fa4-a97d-d965ccfc6d4b" outcome="Passed" testListId="8c84fa94-04c1-424b-9868-57a2d4851a1d" relativeResultsDirectory="b0d4ec8d-316b-44db-9f7e-3606331f0724" />
    <UnitTestResult executionId="bcd33fec-690f-4c6a-b861-5cb651ab0bf6" testId="a41dcb24-b89d-3f22-c149-d98a0341724c" testName="Headings Parameter Test(headings: [TableHeadingItem { DisplayName = ID, OrderColumn = ID }, TableHeadingItem { DisplayName = DisplayName, OrderColumn = DisplayName }])" computerName="DESKTOP-HE04GST" duration="00:00:00.0014952" startTime="2023-05-07T10:58:02.5619977-04:00" endTime="2023-05-07T10:58:02.5619978-04:00" testType="13cdc9d9-ddb5-4fa4-a97d-d965ccfc6d4b" outcome="Passed" testListId="8c84fa94-04c1-424b-9868-57a2d4851a1d" relativeResultsDirectory="bcd33fec-690f-4c6a-b861-5cb651ab0bf6" />
    <UnitTestResult executionId="f0de736e-cd34-4ed3-94ec-ad2c2a42da56" testId="c8e77cac-6f32-7922-908e-be27d6adb862" testName="Active Tab, Render Test(activeTabIndex: 1, expectedText: &quot;&lt;span&gt;This is the second tab&lt;/span&gt;&quot;)" computerName="DESKTOP-HE04GST" duration="00:00:00.0328006" startTime="2023-05-07T10:58:02.2329501-04:00" endTime="2023-05-07T10:58:02.2329502-04:00" testType="13cdc9d9-ddb5-4fa4-a97d-d965ccfc6d4b" outcome="Passed" testListId="8c84fa94-04c1-424b-9868-57a2d4851a1d" relativeResultsDirectory="f0de736e-cd34-4ed3-94ec-ad2c2a42da56" />
    <UnitTestResult executionId="16b34eb2-58da-42b8-891b-720fb06fed26" testId="62f820de-c617-6809-2846-c9e07a96b1bb" testName="IsChecked Parameter Test(isChecked: True)" computerName="DESKTOP-HE04GST" duration="00:00:00.0017822" startTime="2023-05-07T10:58:02.2534688-04:00" endTime="2023-05-07T10:58:02.2534689-04:00" testType="13cdc9d9-ddb5-4fa4-a97d-d965ccfc6d4b" outcome="Passed" testListId="8c84fa94-04c1-424b-9868-57a2d4851a1d" relativeResultsDirectory="16b34eb2-58da-42b8-891b-720fb06fed26" />
    <UnitTestResult executionId="7e26cb9a-8230-4741-b621-6de9d59419b9" testId="00925146-e6ae-6796-a2a6-310a670c5040" testName="Header Click, CSS Ascending Class Test(selectedIndex: 1)" computerName="DESKTOP-HE04GST" duration="00:00:00.0075237" startTime="2023-05-07T10:58:02.5216797-04:00" endTime="2023-05-07T10:58:02.5216799-04:00" testType="13cdc9d9-ddb5-4fa4-a97d-d965ccfc6d4b" outcome="Passed" testListId="8c84fa94-04c1-424b-9868-57a2d4851a1d" relativeResultsDirectory="7e26cb9a-8230-4741-b621-6de9d59419b9" />
    <UnitTestResult executionId="0ec05ed7-2639-4ac8-858b-426fd182d72f" testId="9af5ba7b-1b74-a10f-e959-9d59535dc4af" testName="OnChangeCallback Parameter Test(expectedText: &quot;new text&quot;)" computerName="DESKTOP-HE04GST" duration="00:00:00.0020919" startTime="2023-05-07T10:58:02.2588108-04:00" endTime="2023-05-07T10:58:02.2588109-04:00" testType="13cdc9d9-ddb5-4fa4-a97d-d965ccfc6d4b" outcome="Passed" testListId="8c84fa94-04c1-424b-9868-57a2d4851a1d" relativeResultsDirectory="0ec05ed7-2639-4ac8-858b-426fd182d72f" />
    <UnitTestResult executionId="0fc3994b-4452-44d2-bcdb-492fca972306" testId="3b7633ea-161f-2116-c52f-52e37a852c76" testName="Page Greater Than One, Left Chevron Enabled Test(currentPage: 2)" computerName="DESKTOP-HE04GST" duration="00:00:00.0056571" startTime="2023-05-07T10:58:02.3259233-04:00" endTime="2023-05-07T10:58:02.3259235-04:00" testType="13cdc9d9-ddb5-4fa4-a97d-d965ccfc6d4b" outcome="Passed" testListId="8c84fa94-04c1-424b-9868-57a2d4851a1d" relativeResultsDirectory="0fc3994b-4452-44d2-bcdb-492fca972306" />
    <UnitTestResult executionId="c1ef994d-83b7-44df-9c29-40a9095533c9" testId="c1c9e98a-00be-5d46-2e89-b28b2ec9151b" testName="Header Click Once, CSS Ascending Class Test(selectedIndex: 1)" computerName="DESKTOP-HE04GST" duration="00:00:00.0059106" startTime="2023-05-07T10:58:02.5878974-04:00" endTime="2023-05-07T10:58:02.5878978-04:00" testType="13cdc9d9-ddb5-4fa4-a97d-d965ccfc6d4b" outcome="Passed" testListId="8c84fa94-04c1-424b-9868-57a2d4851a1d" relativeResultsDirectory="c1ef994d-83b7-44df-9c29-40a9095533c9" />
    <UnitTestResult executionId="755571a3-30a0-4130-8a13-fc14bbd31fac" testId="58fcf6c5-7948-ccaf-aeab-2b9508acda13" testName="Parent Active True, Render Test" computerName="DESKTOP-HE04GST" duration="00:00:00.0107844" startTime="2023-05-07T10:58:02.3120490-04:00" endTime="2023-05-07T10:58:02.3120491-04:00" testType="13cdc9d9-ddb5-4fa4-a97d-d965ccfc6d4b" outcome="Passed" testListId="8c84fa94-04c1-424b-9868-57a2d4851a1d" relativeResultsDirectory="755571a3-30a0-4130-8a13-fc14bbd31fac" />
    <UnitTestResult executionId="c49d8d69-aafb-40bf-9a1e-9bff614f5e97" testId="1d3214d0-58ed-27fe-6283-c0167a9cb4ee" testName="CardTitle Parameter Test(title: &quot;Test Title 1&quot;)" computerName="DESKTOP-HE04GST" duration="00:00:00.0019941" startTime="2023-05-07T10:58:02.3547524-04:00" endTime="2023-05-07T10:58:02.3547525-04:00" testType="13cdc9d9-ddb5-4fa4-a97d-d965ccfc6d4b" outcome="Passed" testListId="8c84fa94-04c1-424b-9868-57a2d4851a1d" relativeResultsDirectory="c49d8d69-aafb-40bf-9a1e-9bff614f5e97" />
    <UnitTestResult executionId="17a5f779-9f4c-4c75-9787-ccee6a7f0ce5" testId="52d24878-db09-1723-cee6-5b4fd5d5342a" testName="Text Parameter Test(expectedText: &quot;here is some more super special test text&quot;)" computerName="DESKTOP-HE04GST" duration="00:00:00.0032746" startTime="2023-05-07T10:58:02.2601666-04:00" endTime="2023-05-07T10:58:02.2601667-04:00" testType="13cdc9d9-ddb5-4fa4-a97d-d965ccfc6d4b" outcome="Passed" testListId="8c84fa94-04c1-424b-9868-57a2d4851a1d" relativeResultsDirectory="17a5f779-9f4c-4c75-9787-ccee6a7f0ce5" />
    <UnitTestResult executionId="dad1ce24-b0da-4888-b18e-68f14f496869" testId="a5583b3d-3f91-3c4f-21d1-42bb4138e6f4" testName="Message Parameter Test(expectedMessage: &quot;Notification Message Test 1&quot;)" computerName="DESKTOP-HE04GST" duration="00:00:00.0015879" startTime="2023-05-07T10:58:02.3534235-04:00" endTime="2023-05-07T10:58:02.3534236-04:00" testType="13cdc9d9-ddb5-4fa4-a97d-d965ccfc6d4b" outcome="Passed" testListId="8c84fa94-04c1-424b-9868-57a2d4851a1d" relativeResultsDirectory="dad1ce24-b0da-4888-b18e-68f14f496869" />
    <UnitTestResult executionId="82572d55-7536-4e9f-99f3-0f0e440112a6" testId="920e4354-fec6-14c2-1380-06b61a0b9ea9" testName="ValueChangedCallback Parameter Test(index: 1)" computerName="DESKTOP-HE04GST" duration="00:00:00.0141328" startTime="2023-05-07T10:58:02.2384798-04:00" endTime="2023-05-07T10:58:02.2384799-04:00" testType="13cdc9d9-ddb5-4fa4-a97d-d965ccfc6d4b" outcome="Passed" testListId="8c84fa94-04c1-424b-9868-57a2d4851a1d" relativeResultsDirectory="82572d55-7536-4e9f-99f3-0f0e440112a6" />
    <UnitTestResult executionId="52297b8b-4a47-472d-b04a-f41299a641b6" testId="d8c8392b-547d-6757-25b2-7211cb87e121" testName="PaginationLabel Parameter Test(currentPage: 1, currentRowsPerPage: 5, expectedText: &quot;1-5 of 15&quot;)" computerName="DESKTOP-HE04GST" duration="00:00:00.0112490" startTime="2023-05-07T10:58:02.2764042-04:00" endTime="2023-05-07T10:58:02.2764044-04:00" testType="13cdc9d9-ddb5-4fa4-a97d-d965ccfc6d4b" outcome="Passed" testListId="8c84fa94-04c1-424b-9868-57a2d4851a1d" relativeResultsDirectory="52297b8b-4a47-472d-b04a-f41299a641b6" />
    <UnitTestResult executionId="81fe5688-3f26-4f75-b6b0-dd1fad3e8d40" testId="aa57a9f5-bc65-b287-a5c7-b36d21c6642f" testName="Markup Test" computerName="DESKTOP-HE04GST" duration="00:00:00.0314488" startTime="2023-05-07T10:58:02.3620265-04:00" endTime="2023-05-07T10:58:02.3620266-04:00" testType="13cdc9d9-ddb5-4fa4-a97d-d965ccfc6d4b" outcome="Passed" testListId="8c84fa94-04c1-424b-9868-57a2d4851a1d" relativeResultsDirectory="81fe5688-3f26-4f75-b6b0-dd1fad3e8d40" />
    <UnitTestResult executionId="a5e972f4-a12d-490d-b9ae-f4557976cd13" testId="e7a23f8f-f15f-1845-f70b-de2f133d8416" testName="Markup Test" computerName="DESKTOP-HE04GST" duration="00:00:00.0034456" startTime="2023-05-07T10:58:02.2532441-04:00" endTime="2023-05-07T10:58:02.2532443-04:00" testType="13cdc9d9-ddb5-4fa4-a97d-d965ccfc6d4b" outcome="Passed" testListId="8c84fa94-04c1-424b-9868-57a2d4851a1d" relativeResultsDirectory="a5e972f4-a12d-490d-b9ae-f4557976cd13" />
    <UnitTestResult executionId="0b1cfc2e-7e6f-45c4-9dde-c9a119940e8e" testId="82fdc03c-6a72-dde8-456a-eaf39698c697" testName="Title Parameter Test(expectedTitle: &quot;Notification Title Test 3&quot;)" computerName="DESKTOP-HE04GST" duration="00:00:00.0017373" startTime="2023-05-07T10:58:02.3602860-04:00" endTime="2023-05-07T10:58:02.3602861-04:00" testType="13cdc9d9-ddb5-4fa4-a97d-d965ccfc6d4b" outcome="Passed" testListId="8c84fa94-04c1-424b-9868-57a2d4851a1d" relativeResultsDirectory="0b1cfc2e-7e6f-45c4-9dde-c9a119940e8e" />
    <UnitTestResult executionId="dd16c65a-633e-4061-b00f-1d1ffa36765f" testId="4408a461-87db-3cee-31e3-ef22beacc86a" testName="TopRight Parameter Test(top: 10, right: 5, expectedResult: &quot;top:10px;right:5px;&quot;)" computerName="DESKTOP-HE04GST" duration="00:00:00.0071284" startTime="2023-05-07T10:58:02.5208794-04:00" endTime="2023-05-07T10:58:02.5208796-04:00" testType="13cdc9d9-ddb5-4fa4-a97d-d965ccfc6d4b" outcome="Passed" testListId="8c84fa94-04c1-424b-9868-57a2d4851a1d" relativeResultsDirectory="dd16c65a-633e-4061-b00f-1d1ffa36765f" />
    <UnitTestResult executionId="1bad9d90-ad3e-4128-8bc0-72f4add02d20" testId="8604af9a-6283-f41c-5895-dcded0b19ca9" testName="Content Parameter Test(expectedContent: &quot;&lt;span class=\&quot;test-content\&quot;&gt;Here is some test con&quot;...)" computerName="DESKTOP-HE04GST" duration="00:00:00.0019532" startTime="2023-05-07T10:58:02.4224319-04:00" endTime="2023-05-07T10:58:02.4224321-04:00" testType="13cdc9d9-ddb5-4fa4-a97d-d965ccfc6d4b" outcome="Passed" testListId="8c84fa94-04c1-424b-9868-57a2d4851a1d" relativeResultsDirectory="1bad9d90-ad3e-4128-8bc0-72f4add02d20" />
    <UnitTestResult executionId="20a120c7-88a0-433c-879b-e6365ce36fb9" testId="e89c759a-07b6-738f-393f-29d4295989c6" testName="Title Parameter Test(expectedTitle: &quot;Test 3&quot;)" computerName="DESKTOP-HE04GST" duration="00:00:00.0084171" startTime="2023-05-07T10:58:02.4495671-04:00" endTime="2023-05-07T10:58:02.4495672-04:00" testType="13cdc9d9-ddb5-4fa4-a97d-d965ccfc6d4b" outcome="Passed" testListId="8c84fa94-04c1-424b-9868-57a2d4851a1d" relativeResultsDirectory="20a120c7-88a0-433c-879b-e6365ce36fb9" />
    <UnitTestResult executionId="4716665e-2353-4638-9154-aff0917a0765" testId="e5e3f589-0b7d-a06d-d06c-19426b0e1ca4" testName="Icon Parameter Test(icon: &quot;icon-3&quot;)" computerName="DESKTOP-HE04GST" duration="00:00:00.0201210" startTime="2023-05-07T10:58:02.3614156-04:00" endTime="2023-05-07T10:58:02.3614157-04:00" testType="13cdc9d9-ddb5-4fa4-a97d-d965ccfc6d4b" outcome="Passed" testListId="8c84fa94-04c1-424b-9868-57a2d4851a1d" relativeResultsDirectory="4716665e-2353-4638-9154-aff0917a0765" />
    <UnitTestResult executionId="d4e8e16e-9f2d-4c9b-9ccd-25373cdbc733" testId="a41dcb24-b89d-3f22-c149-d98a0341724c" testName="Headings Parameter Test(headings: [TableHeadingItem { DisplayName = ID, OrderColumn = ID }, TableHeadingItem { DisplayName = DisplayName, OrderColumn = DisplayName }, TableHeadingItem { DisplayName = CreatedDate, OrderColumn = CreatedDate }])" computerName="DESKTOP-HE04GST" duration="00:00:00.0013787" startTime="2023-05-07T10:58:02.5633941-04:00" endTime="2023-05-07T10:58:02.5633942-04:00" testType="13cdc9d9-ddb5-4fa4-a97d-d965ccfc6d4b" outcome="Passed" testListId="8c84fa94-04c1-424b-9868-57a2d4851a1d" relativeResultsDirectory="d4e8e16e-9f2d-4c9b-9ccd-25373cdbc733" />
    <UnitTestResult executionId="6233b622-c5cb-4c2e-b675-d480f615c834" testId="067218af-67a2-68da-98aa-e9243dbda169" testName="IsExpanded Parameter Test(isExpanded: True, expectedClass: &quot;mdi-minus-box-outline&quot;)" computerName="DESKTOP-HE04GST" duration="00:00:00.0033021" startTime="2023-05-07T10:58:02.4545410-04:00" endTime="2023-05-07T10:58:02.4545412-04:00" testType="13cdc9d9-ddb5-4fa4-a97d-d965ccfc6d4b" outcome="Passed" testListId="8c84fa94-04c1-424b-9868-57a2d4851a1d" relativeResultsDirectory="6233b622-c5cb-4c2e-b675-d480f615c834" />
    <UnitTestResult executionId="ff98b711-f801-45e6-b9a5-560bae71a4a7" testId="aac20a49-8396-283f-b646-be5402a974aa" testName="SelectedItemChanged Callback Parameter Test(itemIndex: 0, expectedValue: 1)" computerName="DESKTOP-HE04GST" duration="00:00:00.0028942" startTime="2023-05-07T10:58:02.4857185-04:00" endTime="2023-05-07T10:58:02.4857187-04:00" testType="13cdc9d9-ddb5-4fa4-a97d-d965ccfc6d4b" outcome="Passed" testListId="8c84fa94-04c1-424b-9868-57a2d4851a1d" relativeResultsDirectory="ff98b711-f801-45e6-b9a5-560bae71a4a7" />
    <UnitTestResult executionId="0357d481-5855-46cd-bc6f-3bf72ddec6b3" testId="e9efa1ee-ef5b-0467-85f1-461dd551b536" testName="Title Parameter Test(expectedTitle: &quot;Test Title 1&quot;)" computerName="DESKTOP-HE04GST" duration="00:00:00.0017005" startTime="2023-05-07T10:58:02.4073292-04:00" endTime="2023-05-07T10:58:02.4073293-04:00" testType="13cdc9d9-ddb5-4fa4-a97d-d965ccfc6d4b" outcome="Passed" testListId="8c84fa94-04c1-424b-9868-57a2d4851a1d" relativeResultsDirectory="0357d481-5855-46cd-bc6f-3bf72ddec6b3" />
    <UnitTestResult executionId="7542c394-fa34-4364-9cb1-a5dc30671b02" testId="6f8d796c-6ca4-169d-1cc8-af66825f8e0b" testName="ActionBarContentChild Parameter Test(expectedActionBarContent: &quot;ActionBar Testing Content 2&quot;)" computerName="DESKTOP-HE04GST" duration="00:00:00.0063614" startTime="2023-05-07T10:58:02.3686304-04:00" endTime="2023-05-07T10:58:02.3686305-04:00" testType="13cdc9d9-ddb5-4fa4-a97d-d965ccfc6d4b" outcome="Passed" testListId="8c84fa94-04c1-424b-9868-57a2d4851a1d" relativeResultsDirectory="7542c394-fa34-4364-9cb1-a5dc30671b02" />
    <UnitTestResult executionId="b4b3a913-d5e2-4d1a-be9e-a69ff22e9c89" testId="801f7583-d760-3b33-e730-154e30024100" testName="MenutItemIcon Parameter Test(icon: &quot;icon-1&quot;)" computerName="DESKTOP-HE04GST" duration="00:00:00.0015502" startTime="2023-05-07T10:58:02.2341454-04:00" endTime="2023-05-07T10:58:02.2341455-04:00" testType="13cdc9d9-ddb5-4fa4-a97d-d965ccfc6d4b" outcome="Passed" testListId="8c84fa94-04c1-424b-9868-57a2d4851a1d" relativeResultsDirectory="b4b3a913-d5e2-4d1a-be9e-a69ff22e9c89" />
    <UnitTestResult executionId="1a75effc-3cb1-4d02-8e1b-d292ede211bc" testId="f53e06b6-7175-ade3-7410-8fb2fdd5371a" testName="Message Parameter Test(expectedMessage: &quot;Notification Message Test 2&quot;)" computerName="DESKTOP-HE04GST" duration="00:00:00.0031820" startTime="2023-05-07T10:58:02.3145463-04:00" endTime="2023-05-07T10:58:02.3145465-04:00" testType="13cdc9d9-ddb5-4fa4-a97d-d965ccfc6d4b" outcome="Passed" testListId="8c84fa94-04c1-424b-9868-57a2d4851a1d" relativeResultsDirectory="1a75effc-3cb1-4d02-8e1b-d292ede211bc" />
    <UnitTestResult executionId="38519539-ee5e-44db-9dae-694f94b556ee" testId="842338a5-fce3-2697-103d-cee95acc7e69" testName="FadeOutEnabled Parameter Test(fadeOutEnabled: True, notificationClass: &quot;warning-btn&quot;)" computerName="DESKTOP-HE04GST" duration="00:00:00.0034510" startTime="2023-05-07T10:58:02.4644470-04:00" endTime="2023-05-07T10:58:02.4644475-04:00" testType="13cdc9d9-ddb5-4fa4-a97d-d965ccfc6d4b" outcome="Passed" testListId="8c84fa94-04c1-424b-9868-57a2d4851a1d" relativeResultsDirectory="38519539-ee5e-44db-9dae-694f94b556ee" />
    <UnitTestResult executionId="6572667a-c2bd-4217-b8ec-747fcb91f3e1" testId="5c88af88-27e1-5531-551d-d096b081bbbb" testName="Notification Bar Multiple Click Test(clickCounts: [1, 2, 3, 4])" computerName="DESKTOP-HE04GST" duration="00:00:00.0346270" startTime="2023-05-07T10:58:02.4539750-04:00" endTime="2023-05-07T10:58:02.4539753-04:00" testType="13cdc9d9-ddb5-4fa4-a97d-d965ccfc6d4b" outcome="Passed" testListId="8c84fa94-04c1-424b-9868-57a2d4851a1d" relativeResultsDirectory="6572667a-c2bd-4217-b8ec-747fcb91f3e1" />
    <UnitTestResult executionId="2c92531f-1c2b-46dc-9e02-300688e97bd0" testId="c4fb013e-c3fa-3f7e-a20f-093fae04a3ce" testName="Style Parameter Test" computerName="DESKTOP-HE04GST" duration="00:00:00.0035648" startTime="2023-05-07T10:58:02.3825700-04:00" endTime="2023-05-07T10:58:02.3825702-04:00" testType="13cdc9d9-ddb5-4fa4-a97d-d965ccfc6d4b" outcome="Passed" testListId="8c84fa94-04c1-424b-9868-57a2d4851a1d" relativeResultsDirectory="2c92531f-1c2b-46dc-9e02-300688e97bd0" />
    <UnitTestResult executionId="8638a05f-4743-4ddd-b3a5-8122396f48f8" testId="e3d58337-cca2-5278-f8eb-4611788d2b5a" testName="Parent Active False, Render Test" computerName="DESKTOP-HE04GST" duration="00:00:00.0158400" startTime="2023-05-07T10:58:02.3531499-04:00" endTime="2023-05-07T10:58:02.3531501-04:00" testType="13cdc9d9-ddb5-4fa4-a97d-d965ccfc6d4b" outcome="Passed" testListId="8c84fa94-04c1-424b-9868-57a2d4851a1d" relativeResultsDirectory="8638a05f-4743-4ddd-b3a5-8122396f48f8" />
    <UnitTestResult executionId="dc0fb067-b0dc-4dd1-b832-9ddf1bdafc69" testId="925a0f7a-d69c-5d5e-e82e-3f410ec45cc2" testName="SelectedItem Parameter Test(groupIndex: 0, itemIndex: 1, itemValue: 2)" computerName="DESKTOP-HE04GST" duration="00:00:00.0029627" startTime="2023-05-07T10:58:02.2900079-04:00" endTime="2023-05-07T10:58:02.2900082-04:00" testType="13cdc9d9-ddb5-4fa4-a97d-d965ccfc6d4b" outcome="Passed" testListId="8c84fa94-04c1-424b-9868-57a2d4851a1d" relativeResultsDirectory="dc0fb067-b0dc-4dd1-b832-9ddf1bdafc69" />
    <UnitTestResult executionId="3bd5638a-2e9d-4c12-b7ed-97441fb77c4e" testId="6a55153b-39b5-d341-62f7-244509958fad" testName="Default Active Tab, CSS Active Class Test(activeTabIndex: 2)" computerName="DESKTOP-HE04GST" duration="00:00:00.0032891" startTime="2023-05-07T10:58:02.2388136-04:00" endTime="2023-05-07T10:58:02.2388137-04:00" testType="13cdc9d9-ddb5-4fa4-a97d-d965ccfc6d4b" outcome="Passed" testListId="8c84fa94-04c1-424b-9868-57a2d4851a1d" relativeResultsDirectory="3bd5638a-2e9d-4c12-b7ed-97441fb77c4e" />
    <UnitTestResult executionId="e34e8177-8e1d-463e-ba24-22480064bf3f" testId="9e655c7d-9475-0067-4c9a-5961a0e0aea6" testName="Header Click Once, CSS Selected Class Test(selectedIndex: 0)" computerName="DESKTOP-HE04GST" duration="00:00:00.0039235" startTime="2023-05-07T10:58:02.5674083-04:00" endTime="2023-05-07T10:58:02.5674085-04:00" testType="13cdc9d9-ddb5-4fa4-a97d-d965ccfc6d4b" outcome="Passed" testListId="8c84fa94-04c1-424b-9868-57a2d4851a1d" relativeResultsDirectory="e34e8177-8e1d-463e-ba24-22480064bf3f" />
    <UnitTestResult executionId="a63d3ec6-59d4-429a-82c9-c249311cc8d3" testId="4f8bba3f-ea59-4891-a117-39ddd264c169" testName="ShowDisplayText Paramter Test(showDisplayText: False)" computerName="DESKTOP-HE04GST" duration="00:00:00.0031407" startTime="2023-05-07T10:58:02.2344252-04:00" endTime="2023-05-07T10:58:02.2344253-04:00" testType="13cdc9d9-ddb5-4fa4-a97d-d965ccfc6d4b" outcome="Passed" testListId="8c84fa94-04c1-424b-9868-57a2d4851a1d" relativeResultsDirectory="a63d3ec6-59d4-429a-82c9-c249311cc8d3" />
    <UnitTestResult executionId="30e294c1-b0a3-4c21-b90e-3239212f04f7" testId="65837e06-a6c7-53d1-fc95-f36b7233b4f8" testName="Markup Test" computerName="DESKTOP-HE04GST" duration="00:00:00.0048836" startTime="2023-05-07T10:58:02.4564791-04:00" endTime="2023-05-07T10:58:02.4564793-04:00" testType="13cdc9d9-ddb5-4fa4-a97d-d965ccfc6d4b" outcome="Passed" testListId="8c84fa94-04c1-424b-9868-57a2d4851a1d" relativeResultsDirectory="30e294c1-b0a3-4c21-b90e-3239212f04f7" />
    <UnitTestResult executionId="2231dc2b-0213-4fbd-ad40-14fc7f6df702" testId="88b02857-31c6-c6a5-e9ec-e82f8eaf3750" testName="Icon Parameter Test(icon: &quot;icon-1&quot;)" computerName="DESKTOP-HE04GST" duration="00:00:00.0056186" startTime="2023-05-07T10:58:02.3618427-04:00" endTime="2023-05-07T10:58:02.3618428-04:00" testType="13cdc9d9-ddb5-4fa4-a97d-d965ccfc6d4b" outcome="Passed" testListId="8c84fa94-04c1-424b-9868-57a2d4851a1d" relativeResultsDirectory="2231dc2b-0213-4fbd-ad40-14fc7f6df702" />
    <UnitTestResult executionId="590b88a6-40ac-4019-af95-2d62e7447b4b" testId="4c0edeb2-cccc-45bf-c1ff-0ee97ac8aab7" testName="Default Active Tab, CSS Active Class Test(activeTabIndex: 1)" computerName="DESKTOP-HE04GST" duration="00:00:00.0145506" startTime="2023-05-07T10:58:02.2294131-04:00" endTime="2023-05-07T10:58:02.2294132-04:00" testType="13cdc9d9-ddb5-4fa4-a97d-d965ccfc6d4b" outcome="Passed" testListId="8c84fa94-04c1-424b-9868-57a2d4851a1d" relativeResultsDirectory="590b88a6-40ac-4019-af95-2d62e7447b4b" />
    <UnitTestResult executionId="65bcf089-3a58-41c7-91e1-460a31b0708a" testId="e9eb0071-7c11-ea6a-d23e-514dfad8a621" testName="Default Active Tab Test" computerName="DESKTOP-HE04GST" duration="00:00:00.0161594" startTime="2023-05-07T10:58:02.2404767-04:00" endTime="2023-05-07T10:58:02.2404768-04:00" testType="13cdc9d9-ddb5-4fa4-a97d-d965ccfc6d4b" outcome="Passed" testListId="8c84fa94-04c1-424b-9868-57a2d4851a1d" relativeResultsDirectory="65bcf089-3a58-41c7-91e1-460a31b0708a" />
    <UnitTestResult executionId="d7ceb765-3494-4467-88de-abbc3fec235d" testId="b47fdb9b-41a3-4beb-8213-e51c7f90bfa2" testName="MenuItemAccentColorIndex Parameter Test(accentColorIndex: 1, expectedValue: &quot;accent-color-1&quot;)" computerName="DESKTOP-HE04GST" duration="00:00:00.0016112" startTime="2023-05-07T10:58:02.2198641-04:00" endTime="2023-05-07T10:58:02.2198642-04:00" testType="13cdc9d9-ddb5-4fa4-a97d-d965ccfc6d4b" outcome="Passed" testListId="8c84fa94-04c1-424b-9868-57a2d4851a1d" relativeResultsDirectory="d7ceb765-3494-4467-88de-abbc3fec235d" />
    <UnitTestResult executionId="d933d742-a689-44bd-9586-73731883851a" testId="a5f37b94-3456-a27f-6809-5d7bb156948a" testName="ShowDisplayText Paramter Test(showDisplayText: True)" computerName="DESKTOP-HE04GST" duration="00:00:00.0147300" startTime="2023-05-07T10:58:02.2371547-04:00" endTime="2023-05-07T10:58:02.2371548-04:00" testType="13cdc9d9-ddb5-4fa4-a97d-d965ccfc6d4b" outcome="Passed" testListId="8c84fa94-04c1-424b-9868-57a2d4851a1d" relativeResultsDirectory="d933d742-a689-44bd-9586-73731883851a" />
    <UnitTestResult executionId="a49bfa66-f705-4317-94c3-f5583f837628" testId="4c624072-3469-3d06-1b6a-9cf723873fdb" testName="Groups Parameter Test(groups: [SelectGroup { Name = Group 1, Index = 0, Items = System.Collections.Generic.List`1[Carlton.Base.Components.SelectItem`1[System.Int32]] }])" computerName="DESKTOP-HE04GST" duration="00:00:00.0035062" startTime="2023-05-07T10:58:02.2548983-04:00" endTime="2023-05-07T10:58:02.2548984-04:00" testType="13cdc9d9-ddb5-4fa4-a97d-d965ccfc6d4b" outcome="Passed" testListId="8c84fa94-04c1-424b-9868-57a2d4851a1d" relativeResultsDirectory="a49bfa66-f705-4317-94c3-f5583f837628" />
    <UnitTestResult executionId="64b3ad05-5593-4303-8108-df8ff51ffc6a" testId="af23e599-62ff-bbe1-7224-29d5ec4e87a0" testName="RowsPerPageOpts Parameter Test(opts: [5, 10, 15, 20, 25])" computerName="DESKTOP-HE04GST" duration="00:00:00.0012820" startTime="2023-05-07T10:58:02.3877718-04:00" endTime="2023-05-07T10:58:02.3877720-04:00" testType="13cdc9d9-ddb5-4fa4-a97d-d965ccfc6d4b" outcome="Passed" testListId="8c84fa94-04c1-424b-9868-57a2d4851a1d" relativeResultsDirectory="64b3ad05-5593-4303-8108-df8ff51ffc6a" />
    <UnitTestResult executionId="2a2a6633-a0dd-4511-ad4c-81cda60609b7" testId="499a4bba-291d-374f-711c-1097a1a52e0f" testName="Items Parameter Test(items: [SelectItem { Name = Item 1, Index = 0, Value = 1 }, SelectItem { Name = Item 2, Index = 1, Value = 2 }])" computerName="DESKTOP-HE04GST" duration="00:00:00.0015567" startTime="2023-05-07T10:58:02.5129346-04:00" endTime="2023-05-07T10:58:02.5129348-04:00" testType="13cdc9d9-ddb5-4fa4-a97d-d965ccfc6d4b" outcome="Passed" testListId="8c84fa94-04c1-424b-9868-57a2d4851a1d" relativeResultsDirectory="2a2a6633-a0dd-4511-ad4c-81cda60609b7" />
    <UnitTestResult executionId="d27dd9ec-7def-46a0-89ed-9136ada612bb" testId="3f3f7bde-292c-12e4-5ac8-b27eaef55d68" testName="ActionBarContentChild Parameter Test(expectedActionBarContent: &quot;ActionBar Testing Content 3&quot;)" computerName="DESKTOP-HE04GST" duration="00:00:00.0149314" startTime="2023-05-07T10:58:02.3836637-04:00" endTime="2023-05-07T10:58:02.3836638-04:00" testType="13cdc9d9-ddb5-4fa4-a97d-d965ccfc6d4b" outcome="Passed" testListId="8c84fa94-04c1-424b-9868-57a2d4851a1d" relativeResultsDirectory="d27dd9ec-7def-46a0-89ed-9136ada612bb" />
    <UnitTestResult executionId="1c670b8b-4cf3-4998-933c-7e7ecd6cfec5" testId="ff2833ad-55bf-08c7-90a9-0dcc4a199d2c" testName="Carlton.Base.Components.Test.DesktopTabBarComponentTests.DesktopTabBar_WithThreeTabs_RendersCorrectly" computerName="DESKTOP-HE04GST" duration="00:00:00.0039956" startTime="2023-05-07T10:58:02.2561081-04:00" endTime="2023-05-07T10:58:02.2561082-04:00" testType="13cdc9d9-ddb5-4fa4-a97d-d965ccfc6d4b" outcome="Passed" testListId="8c84fa94-04c1-424b-9868-57a2d4851a1d" relativeResultsDirectory="1c670b8b-4cf3-4998-933c-7e7ecd6cfec5" />
    <UnitTestResult executionId="5dac426e-3188-4cfe-bde3-5c5df6602374" testId="cfcd9d72-0e99-fe1a-9d32-327efc2e96dc" testName="MenuTemplate Parameter Test" computerName="DESKTOP-HE04GST" duration="00:00:00.0172292" startTime="2023-05-07T10:58:02.3793189-04:00" endTime="2023-05-07T10:58:02.3793192-04:00" testType="13cdc9d9-ddb5-4fa4-a97d-d965ccfc6d4b" outcome="Passed" testListId="8c84fa94-04c1-424b-9868-57a2d4851a1d" relativeResultsDirectory="5dac426e-3188-4cfe-bde3-5c5df6602374" />
    <UnitTestResult executionId="4b8ac7fc-24e5-45c6-8eee-c1d5d4319a41" testId="35bf7ad8-b67e-b278-db91-44c6d96aa154" testName="Markup Test" computerName="DESKTOP-HE04GST" duration="00:00:00.0119182" startTime="2023-05-07T10:58:02.2434522-04:00" endTime="2023-05-07T10:58:02.2434523-04:00" testType="13cdc9d9-ddb5-4fa4-a97d-d965ccfc6d4b" outcome="Passed" testListId="8c84fa94-04c1-424b-9868-57a2d4851a1d" relativeResultsDirectory="4b8ac7fc-24e5-45c6-8eee-c1d5d4319a41" />
    <UnitTestResult executionId="67e458da-462d-425b-8b44-ad13224b2951" testId="96dcda85-2436-d344-d080-d012760267de" testName="Header Click, CSS Descending Class Test(selectedIndex: 0)" computerName="DESKTOP-HE04GST" duration="00:00:00.0067044" startTime="2023-05-07T10:58:02.4839264-04:00" endTime="2023-05-07T10:58:02.4839266-04:00" testType="13cdc9d9-ddb5-4fa4-a97d-d965ccfc6d4b" outcome="Passed" testListId="8c84fa94-04c1-424b-9868-57a2d4851a1d" relativeResultsDirectory="67e458da-462d-425b-8b44-ad13224b2951" />
    <UnitTestResult executionId="37dabdfe-caa3-4a6b-97f9-aa48116e9f03" testId="4abc7ea4-adf7-cb95-e891-e2b782813e5f" testName="Markup Test" computerName="DESKTOP-HE04GST" duration="00:00:00.0585548" startTime="2023-05-07T10:58:02.2437639-04:00" endTime="2023-05-07T10:58:02.2437640-04:00" testType="13cdc9d9-ddb5-4fa4-a97d-d965ccfc6d4b" outcome="Passed" testListId="8c84fa94-04c1-424b-9868-57a2d4851a1d" relativeResultsDirectory="37dabdfe-caa3-4a6b-97f9-aa48116e9f03" />
    <UnitTestResult executionId="6542903d-1da8-438a-8fb2-de9bc7d722bc" testId="07a792cc-4abe-5fd5-bf96-777500667402" testName="RowTemplate Parameter Test(rowTemplate: &quot;&lt;div class=\&quot;test-row\&quot;&gt;{0}&lt;span class=\&quot;test\&quot;&gt;{1&quot;...)" computerName="DESKTOP-HE04GST" duration="00:00:00.0028919" startTime="2023-05-07T10:58:02.5782341-04:00" endTime="2023-05-07T10:58:02.5782343-04:00" testType="13cdc9d9-ddb5-4fa4-a97d-d965ccfc6d4b" outcome="Passed" testListId="8c84fa94-04c1-424b-9868-57a2d4851a1d" relativeResultsDirectory="6542903d-1da8-438a-8fb2-de9bc7d722bc" />
    <UnitTestResult executionId="ded8a667-ba0a-4b2b-b012-9e4723519c35" testId="9321447f-d766-9024-4984-1ceaf0b5819f" testName="Markup Test, No Items" computerName="DESKTOP-HE04GST" duration="00:00:00.0028823" startTime="2023-05-07T10:58:02.4794666-04:00" endTime="2023-05-07T10:58:02.4794669-04:00" testType="13cdc9d9-ddb5-4fa4-a97d-d965ccfc6d4b" outcome="Passed" testListId="8c84fa94-04c1-424b-9868-57a2d4851a1d" relativeResultsDirectory="ded8a667-ba0a-4b2b-b012-9e4723519c35" />
    <UnitTestResult executionId="caae90cb-f938-4b87-8a76-d89d284dcfab" testId="b2c7375c-ef0b-de75-a0bd-b6e7dea52a65" testName="MenuItemName Parameter Test(menuItemName: &quot;Test Menu Items Yet Another Time&quot;)" computerName="DESKTOP-HE04GST" duration="00:00:00.0075872" startTime="2023-05-07T10:58:02.2359554-04:00" endTime="2023-05-07T10:58:02.2359555-04:00" testType="13cdc9d9-ddb5-4fa4-a97d-d965ccfc6d4b" outcome="Passed" testListId="8c84fa94-04c1-424b-9868-57a2d4851a1d" relativeResultsDirectory="caae90cb-f938-4b87-8a76-d89d284dcfab" />
    <UnitTestResult executionId="d4464b84-9d16-4944-b745-3fc70c70f28d" testId="f5ae9156-697c-b89e-f27a-a4bad46350cf" testName="PaginationLabel Parameter Test(currentPage: 1, currentRowsPerPage: 10, expectedText: &quot;1-10 of 15&quot;)" computerName="DESKTOP-HE04GST" duration="00:00:00.0028638" startTime="2023-05-07T10:58:02.3096889-04:00" endTime="2023-05-07T10:58:02.3096890-04:00" testType="13cdc9d9-ddb5-4fa4-a97d-d965ccfc6d4b" outcome="Passed" testListId="8c84fa94-04c1-424b-9868-57a2d4851a1d" relativeResultsDirectory="d4464b84-9d16-4944-b745-3fc70c70f28d" />
    <UnitTestResult executionId="4cea1fb2-41d6-4853-8869-11c995e29a0d" testId="b076ac6c-261b-164f-31f2-2b1cbc6f2155" testName="HeaderContentChild Parameter Test(expectedHeaderContent: &quot;&lt;span&gt;Header Testing Content&lt;/span&gt;&quot;)" computerName="DESKTOP-HE04GST" duration="00:00:00.0219628" startTime="2023-05-07T10:58:02.3603737-04:00" endTime="2023-05-07T10:58:02.3603738-04:00" testType="13cdc9d9-ddb5-4fa4-a97d-d965ccfc6d4b" outcome="Passed" testListId="8c84fa94-04c1-424b-9868-57a2d4851a1d" relativeResultsDirectory="4cea1fb2-41d6-4853-8869-11c995e29a0d" />
    <UnitTestResult executionId="caf37dd2-2521-44ca-b550-f429bbe7a51d" testId="e1b6bec7-160e-aa54-3156-206a80de3487" testName="Title Parameter Test(expectedTitle: &quot;Yet Another Test Title&quot;)" computerName="DESKTOP-HE04GST" duration="00:00:00.0022575" startTime="2023-05-07T10:58:02.4189207-04:00" endTime="2023-05-07T10:58:02.4189208-04:00" testType="13cdc9d9-ddb5-4fa4-a97d-d965ccfc6d4b" outcome="Passed" testListId="8c84fa94-04c1-424b-9868-57a2d4851a1d" relativeResultsDirectory="caf37dd2-2521-44ca-b550-f429bbe7a51d" />
    <UnitTestResult executionId="c4aa8070-aedf-4f98-ac63-cab5f54a8fb2" testId="d880a4e2-5397-c2b9-229a-5b82b9fa1cdf" testName="Item Click Test(selectedIndex: 2, expectedValue: 3)" computerName="DESKTOP-HE04GST" duration="00:00:00.0090244" startTime="2023-05-07T10:58:02.4714651-04:00" endTime="2023-05-07T10:58:02.4714653-04:00" testType="13cdc9d9-ddb5-4fa4-a97d-d965ccfc6d4b" outcome="Passed" testListId="8c84fa94-04c1-424b-9868-57a2d4851a1d" relativeResultsDirectory="c4aa8070-aedf-4f98-ac63-cab5f54a8fb2" />
    <UnitTestResult executionId="38f06dc9-8a59-4239-a2d6-ea2ace3dc732" testId="d43bf906-3878-764e-857c-5c92b0d09825" testName="Message Parameter Test(expectedMessage: &quot;Notification Message Test 3&quot;)" computerName="DESKTOP-HE04GST" duration="00:00:00.0117096" startTime="2023-05-07T10:58:02.3272269-04:00" endTime="2023-05-07T10:58:02.3272270-04:00" testType="13cdc9d9-ddb5-4fa4-a97d-d965ccfc6d4b" outcome="Passed" testListId="8c84fa94-04c1-424b-9868-57a2d4851a1d" relativeResultsDirectory="38f06dc9-8a59-4239-a2d6-ea2ace3dc732" />
    <UnitTestResult executionId="2b9a736a-ff4a-4f22-ae75-240687fdd593" testId="ed45e4eb-b6ad-88dd-d7a4-f45adb748cda" testName="PrimaryContentChild Parameter Test(expectedPrimaryCardContent: &quot;&lt;span&gt;Primary Testing Content 2&lt;/span&gt;&quot;)" computerName="DESKTOP-HE04GST" duration="00:00:00.0025472" startTime="2023-05-07T10:58:02.4213914-04:00" endTime="2023-05-07T10:58:02.4213916-04:00" testType="13cdc9d9-ddb5-4fa4-a97d-d965ccfc6d4b" outcome="Passed" testListId="8c84fa94-04c1-424b-9868-57a2d4851a1d" relativeResultsDirectory="2b9a736a-ff4a-4f22-ae75-240687fdd593" />
    <UnitTestResult executionId="837ccce4-37a2-4930-919e-94ecd6991575" testId="ce09e5ad-ead2-a4f9-ac20-3523122167a5" testName="Header Click, CSS Descending Class Test(selectedIndex: 2)" computerName="DESKTOP-HE04GST" duration="00:00:00.0026950" startTime="2023-05-07T10:58:02.4993938-04:00" endTime="2023-05-07T10:58:02.4993939-04:00" testType="13cdc9d9-ddb5-4fa4-a97d-d965ccfc6d4b" outcome="Passed" testListId="8c84fa94-04c1-424b-9868-57a2d4851a1d" relativeResultsDirectory="837ccce4-37a2-4930-919e-94ecd6991575" />
    <UnitTestResult executionId="06456ae7-09f5-4839-b9bc-8a6e000dec76" testId="73754bc2-b000-9e2a-28d6-b696512a0fa5" testName="Item Count, Right Chevron Disabled Test(itemCount: 3)" computerName="DESKTOP-HE04GST" duration="00:00:00.0026952" startTime="2023-05-07T10:58:02.3630837-04:00" endTime="2023-05-07T10:58:02.3630839-04:00" testType="13cdc9d9-ddb5-4fa4-a97d-d965ccfc6d4b" outcome="Passed" testListId="8c84fa94-04c1-424b-9868-57a2d4851a1d" relativeResultsDirectory="06456ae7-09f5-4839-b9bc-8a6e000dec76" />
    <UnitTestResult executionId="d3ded7d7-e3f8-4239-adf5-b258266b4482" testId="1b5a6e10-6117-b35a-8490-31620c83610e" testName="OnChangeCallback Parameter Test(expectedText: &quot;some more new text&quot;)" computerName="DESKTOP-HE04GST" duration="00:00:00.0104631" startTime="2023-05-07T10:58:02.2577052-04:00" endTime="2023-05-07T10:58:02.2577053-04:00" testType="13cdc9d9-ddb5-4fa4-a97d-d965ccfc6d4b" outcome="Passed" testListId="8c84fa94-04c1-424b-9868-57a2d4851a1d" relativeResultsDirectory="d3ded7d7-e3f8-4239-adf5-b258266b4482" />
    <UnitTestResult executionId="5d1736c7-4073-4427-b32b-6502cabea870" testId="bbe27599-2aa3-47df-83f1-62c6f6c60de1" testName="Item Click Test(selectedIndex: 0, expectedValue: 1)" computerName="DESKTOP-HE04GST" duration="00:00:00.0022599" startTime="2023-05-07T10:58:02.4738350-04:00" endTime="2023-05-07T10:58:02.4738352-04:00" testType="13cdc9d9-ddb5-4fa4-a97d-d965ccfc6d4b" outcome="Passed" testListId="8c84fa94-04c1-424b-9868-57a2d4851a1d" relativeResultsDirectory="5d1736c7-4073-4427-b32b-6502cabea870" />
    <UnitTestResult executionId="f6391516-83f8-4b11-9547-aacb25ea42b6" testId="66b8e62c-41e1-ac4c-e3ed-694c95834d4f" testName="Header Click Once Test(expected: (0, System.Collections.ObjectModel.ReadOnlyCollection`1[Carlton.Base.Components.Test.TableTestHelper+TableTestObject]))" computerName="DESKTOP-HE04GST" duration="00:00:00.0045506" startTime="2023-05-07T10:58:02.6526526-04:00" endTime="2023-05-07T10:58:02.6526531-04:00" testType="13cdc9d9-ddb5-4fa4-a97d-d965ccfc6d4b" outcome="Passed" testListId="8c84fa94-04c1-424b-9868-57a2d4851a1d" relativeResultsDirectory="f6391516-83f8-4b11-9547-aacb25ea42b6" />
    <UnitTestResult executionId="94cd49b0-4c3e-4b3d-bdea-3794ffcc16ca" testId="bea3b166-3bab-7652-299c-ec207b224b47" testName="ShowPaginationRow Paremter Test(showPaginationRow: False)" computerName="DESKTOP-HE04GST" duration="00:00:00.0019478" startTime="2023-05-07T10:58:02.2817200-04:00" endTime="2023-05-07T10:58:02.2817201-04:00" testType="13cdc9d9-ddb5-4fa4-a97d-d965ccfc6d4b" outcome="Passed" testListId="8c84fa94-04c1-424b-9868-57a2d4851a1d" relativeResultsDirectory="94cd49b0-4c3e-4b3d-bdea-3794ffcc16ca" />
    <UnitTestResult executionId="5b1b0263-1dd6-4c05-9dbc-87163f80a359" testId="0059705e-91ed-d5f7-24c7-ed5bee8a892f" testName="RowTemplate Parameter Test(rowTemplate: &quot;&lt;div class=\&quot;test-row\&quot;&gt;&lt;span&gt;{0}Test Template {1}&quot;...)" computerName="DESKTOP-HE04GST" duration="00:00:00.0018233" startTime="2023-05-07T10:58:02.5801754-04:00" endTime="2023-05-07T10:58:02.5801755-04:00" testType="13cdc9d9-ddb5-4fa4-a97d-d965ccfc6d4b" outcome="Passed" testListId="8c84fa94-04c1-424b-9868-57a2d4851a1d" relativeResultsDirectory="5b1b0263-1dd6-4c05-9dbc-87163f80a359" />
    <UnitTestResult executionId="b914bfa8-a6f8-487a-b54b-cd6a4d339ad7" testId="721c0a35-2fdd-0dac-ca44-4ff0d0a712e9" testName="Header Click Once Test(columnIndex: 2, expectedColumnName: &quot;CreatedDate&quot;)" computerName="DESKTOP-HE04GST" duration="00:00:00.0034879" startTime="2023-05-07T10:58:02.5253362-04:00" endTime="2023-05-07T10:58:02.5253363-04:00" testType="13cdc9d9-ddb5-4fa4-a97d-d965ccfc6d4b" outcome="Passed" testListId="8c84fa94-04c1-424b-9868-57a2d4851a1d" relativeResultsDirectory="b914bfa8-a6f8-487a-b54b-cd6a4d339ad7" />
    <UnitTestResult executionId="bcbbf5f1-6025-4326-995f-cd3e88e73605" testId="0be2e34f-6619-8975-afab-64437187ca4d" testName="Headings Parameter Test(headings: [TableHeadingItem { DisplayName = ID, OrderColumn = ID }])" computerName="DESKTOP-HE04GST" duration="00:00:00.0049052" startTime="2023-05-07T10:58:02.5482340-04:00" endTime="2023-05-07T10:58:02.5482340-04:00" testType="13cdc9d9-ddb5-4fa4-a97d-d965ccfc6d4b" outcome="Passed" testListId="8c84fa94-04c1-424b-9868-57a2d4851a1d" relativeResultsDirectory="bcbbf5f1-6025-4326-995f-cd3e88e73605" />
    <UnitTestResult executionId="ceabbb96-ca21-4787-ab2e-b07e4e585615" testId="a32d1ab1-d7c5-d068-d255-020c3716ee13" testName="Active Tab, Render Test(activeTabIndex: 2, expectedText: &quot;&lt;span&gt;This is the third tab&lt;/span&gt;&quot;)" computerName="DESKTOP-HE04GST" duration="00:00:00.0045254" startTime="2023-05-07T10:58:02.2345018-04:00" endTime="2023-05-07T10:58:02.2345019-04:00" testType="13cdc9d9-ddb5-4fa4-a97d-d965ccfc6d4b" outcome="Passed" testListId="8c84fa94-04c1-424b-9868-57a2d4851a1d" relativeResultsDirectory="ceabbb96-ca21-4787-ab2e-b07e4e585615" />
    <UnitTestResult executionId="e66f7002-cbe4-4a08-91c8-1724e680796f" testId="575a6c02-c985-735a-d70d-1061600e252c" testName="NotificationBar Click Test(btnClass: &quot;info-btn&quot;, expectedType: typeof(Carlton.Base.Components.InfoNotification))" computerName="DESKTOP-HE04GST" duration="00:00:00.0023045" startTime="2023-05-07T10:58:02.5109576-04:00" endTime="2023-05-07T10:58:02.5109578-04:00" testType="13cdc9d9-ddb5-4fa4-a97d-d965ccfc6d4b" outcome="Passed" testListId="8c84fa94-04c1-424b-9868-57a2d4851a1d" relativeResultsDirectory="e66f7002-cbe4-4a08-91c8-1724e680796f" />
    <UnitTestResult executionId="f11068dd-69b5-4dd4-b182-203175b210c5" testId="dd37b1b9-4c67-5b2f-d5d5-ea991ef86fd8" testName="Seperator Parameter Test(expectedSeparator: &quot;/&quot;)" computerName="DESKTOP-HE04GST" duration="00:00:00.0013533" startTime="2023-05-07T10:58:02.4397174-04:00" endTime="2023-05-07T10:58:02.4397175-04:00" testType="13cdc9d9-ddb5-4fa4-a97d-d965ccfc6d4b" outcome="Passed" testListId="8c84fa94-04c1-424b-9868-57a2d4851a1d" relativeResultsDirectory="f11068dd-69b5-4dd4-b182-203175b210c5" />
    <UnitTestResult executionId="771dba76-3d58-4749-ab39-70416c17d019" testId="dd925c60-da53-25bf-1f76-c292f459c42a" testName="PositionBottom Parameter Test(expectedPositionBottom: 500)" computerName="DESKTOP-HE04GST" duration="00:00:00.0192236" startTime="2023-05-07T10:58:02.3994475-04:00" endTime="2023-05-07T10:58:02.3994476-04:00" testType="13cdc9d9-ddb5-4fa4-a97d-d965ccfc6d4b" outcome="Passed" testListId="8c84fa94-04c1-424b-9868-57a2d4851a1d" relativeResultsDirectory="771dba76-3d58-4749-ab39-70416c17d019" />
    <UnitTestResult executionId="20e5fcf6-2772-4d84-9ee4-09d7b39911df" testId="911fda85-2a8a-0289-0e5d-1f27e32d0aa6" testName="MenuItemAccentColorIndex Parameter Test(accentColorIndex: 3, expectedValue: &quot;accent-color-3&quot;)" computerName="DESKTOP-HE04GST" duration="00:00:00.0024082" startTime="2023-05-07T10:58:02.2196962-04:00" endTime="2023-05-07T10:58:02.2196964-04:00" testType="13cdc9d9-ddb5-4fa4-a97d-d965ccfc6d4b" outcome="Passed" testListId="8c84fa94-04c1-424b-9868-57a2d4851a1d" relativeResultsDirectory="20e5fcf6-2772-4d84-9ee4-09d7b39911df" />
    <UnitTestResult executionId="b4d1b7a7-5df6-44ed-9753-c03e7f31bae0" testId="53725233-af41-4972-32ac-000c684e2b98" testName="Theme Parameter Test(theme: Blue)" computerName="DESKTOP-HE04GST" duration="00:00:00.0015640" startTime="2023-05-07T10:58:02.3533301-04:00" endTime="2023-05-07T10:58:02.3533301-04:00" testType="13cdc9d9-ddb5-4fa4-a97d-d965ccfc6d4b" outcome="Passed" testListId="8c84fa94-04c1-424b-9868-57a2d4851a1d" relativeResultsDirectory="b4d1b7a7-5df6-44ed-9753-c03e7f31bae0" />
    <UnitTestResult executionId="6c495a19-01d2-47ce-8a13-d363114577e6" testId="7162dc71-0713-ba09-c292-fa119bc36516" testName="ItemsChangedCallback Parameter Test(currentPage: 1, optIndex: 1, expectedSkip: 0, expectedTake: 10)" computerName="DESKTOP-HE04GST" duration="00:00:00.0061465" startTime="2023-05-07T10:58:02.4229669-04:00" endTime="2023-05-07T10:58:02.4229672-04:00" testType="13cdc9d9-ddb5-4fa4-a97d-d965ccfc6d4b" outcome="Passed" testListId="8c84fa94-04c1-424b-9868-57a2d4851a1d" relativeResultsDirectory="6c495a19-01d2-47ce-8a13-d363114577e6" />
    <UnitTestResult executionId="58c9df80-5372-4fe7-bbcd-2a7651b93238" testId="2ede1c93-1a23-c618-a45a-75a973ec060c" testName="RowsPerPageOpts Parameter Test(rowsPerPageOpts: [2])" computerName="DESKTOP-HE04GST" duration="00:00:00.0015609" startTime="2023-05-07T10:58:02.6228877-04:00" endTime="2023-05-07T10:58:02.6228878-04:00" testType="13cdc9d9-ddb5-4fa4-a97d-d965ccfc6d4b" outcome="Passed" testListId="8c84fa94-04c1-424b-9868-57a2d4851a1d" relativeResultsDirectory="58c9df80-5372-4fe7-bbcd-2a7651b93238" />
    <UnitTestResult executionId="283ae1fe-a7d1-4ec0-8e2a-78c294c1aa76" testId="d8f0c920-c22a-d3bb-c6d9-8857d2f2f6e8" testName="OnMenuItemSelected Parameter Test(value: 1)" computerName="DESKTOP-HE04GST" duration="00:00:00.0016204" startTime="2023-05-07T10:58:02.2294852-04:00" endTime="2023-05-07T10:58:02.2294853-04:00" testType="13cdc9d9-ddb5-4fa4-a97d-d965ccfc6d4b" outcome="Passed" testListId="8c84fa94-04c1-424b-9868-57a2d4851a1d" relativeResultsDirectory="283ae1fe-a7d1-4ec0-8e2a-78c294c1aa76" />
    <UnitTestResult executionId="205e237b-d899-491e-935a-cf03a10f85b7" testId="58f6c3ef-e1df-709f-c47d-bb8fe9deb7c8" testName="Header Click Once, CSS Selected Class Test(selectedIndex: 1)" computerName="DESKTOP-HE04GST" duration="00:00:00.0032204" startTime="2023-05-07T10:58:02.5752178-04:00" endTime="2023-05-07T10:58:02.5752180-04:00" testType="13cdc9d9-ddb5-4fa4-a97d-d965ccfc6d4b" outcome="Passed" testListId="8c84fa94-04c1-424b-9868-57a2d4851a1d" relativeResultsDirectory="205e237b-d899-491e-935a-cf03a10f85b7" />
    <UnitTestResult executionId="9a947d06-92d4-4d47-afd1-a5694c679bc6" testId="4dface37-f7d5-e179-cda3-11b6fc0ed259" testName="FadeOutEnabled Parameter Test(fadeOutEnabled: False, notificationClass: &quot;info-btn&quot;)" computerName="DESKTOP-HE04GST" duration="00:00:00.0029992" startTime="2023-05-07T10:58:02.4751198-04:00" endTime="2023-05-07T10:58:02.4751200-04:00" testType="13cdc9d9-ddb5-4fa4-a97d-d965ccfc6d4b" outcome="Passed" testListId="8c84fa94-04c1-424b-9868-57a2d4851a1d" relativeResultsDirectory="9a947d06-92d4-4d47-afd1-a5694c679bc6" />
    <UnitTestResult executionId="118e2c13-5db7-4a94-b0bc-5a5bf744a0fa" testId="0b97f27c-fe86-c1fc-4ad3-df5b339bb0c0" testName="Three Tabs Test" computerName="DESKTOP-HE04GST" duration="00:00:00.0046334" startTime="2023-05-07T10:58:02.3110541-04:00" endTime="2023-05-07T10:58:02.3110541-04:00" testType="13cdc9d9-ddb5-4fa4-a97d-d965ccfc6d4b" outcome="Passed" testListId="8c84fa94-04c1-424b-9868-57a2d4851a1d" relativeResultsDirectory="118e2c13-5db7-4a94-b0bc-5a5bf744a0fa" />
    <UnitTestResult executionId="27413b50-4409-4eb3-852f-650651ba6503" testId="55dfd735-8734-de35-834e-08dd21df3135" testName="Header Click Once Test(columnIndex: 1, expectedColumnName: &quot;DisplayName&quot;)" computerName="DESKTOP-HE04GST" duration="00:00:00.0022620" startTime="2023-05-07T10:58:02.5300561-04:00" endTime="2023-05-07T10:58:02.5300564-04:00" testType="13cdc9d9-ddb5-4fa4-a97d-d965ccfc6d4b" outcome="Passed" testListId="8c84fa94-04c1-424b-9868-57a2d4851a1d" relativeResultsDirectory="27413b50-4409-4eb3-852f-650651ba6503" />
    <UnitTestResult executionId="d740dd73-c95f-4377-87e6-ba8a0e54eaa0" testId="663d98db-4c1c-7d60-e8fc-b858868a8a67" testName="Markup Test" computerName="DESKTOP-HE04GST" duration="00:00:00.0895572" startTime="2023-05-07T10:58:02.2401515-04:00" endTime="2023-05-07T10:58:02.2401516-04:00" testType="13cdc9d9-ddb5-4fa4-a97d-d965ccfc6d4b" outcome="Passed" testListId="8c84fa94-04c1-424b-9868-57a2d4851a1d" relativeResultsDirectory="d740dd73-c95f-4377-87e6-ba8a0e54eaa0" />
    <UnitTestResult executionId="f6c42206-8892-4f97-b503-4596df8c4a24" testId="dd6cf3e8-1aaf-8f04-58a5-b14cae718ff7" testName="Collapser Click Event Test(isCollapsed: True)" computerName="DESKTOP-HE04GST" duration="00:00:00.4346340" startTime="2023-05-07T10:58:02.2291949-04:00" endTime="2023-05-07T10:58:02.2291950-04:00" testType="13cdc9d9-ddb5-4fa4-a97d-d965ccfc6d4b" outcome="Passed" testListId="8c84fa94-04c1-424b-9868-57a2d4851a1d" relativeResultsDirectory="f6c42206-8892-4f97-b503-4596df8c4a24" />
    <UnitTestResult executionId="68556d2f-f1aa-418c-8ae2-c1e324df34c8" testId="707e1374-0d9b-937d-a234-1835e7eaa177" testName="ChildIcon Parameter Test(icon: &quot;Icon-Test&quot;)" computerName="DESKTOP-HE04GST" duration="00:00:00.0143875" startTime="2023-05-07T10:58:02.2577753-04:00" endTime="2023-05-07T10:58:02.2577754-04:00" testType="13cdc9d9-ddb5-4fa4-a97d-d965ccfc6d4b" outcome="Passed" testListId="8c84fa94-04c1-424b-9868-57a2d4851a1d" relativeResultsDirectory="68556d2f-f1aa-418c-8ae2-c1e324df34c8" />
    <UnitTestResult executionId="f0fa18c1-fa3b-41fe-8048-d3268aa33622" testId="aa7e615a-7f15-9843-7c19-46e835d236eb" testName="OnPaginationChangedCallback Parameter Test(selectedPage: 2, selectedRowsPerPage: 15, expectedPage: 1)" computerName="DESKTOP-HE04GST" duration="00:00:00.0127963" startTime="2023-05-07T10:58:02.2360433-04:00" endTime="2023-05-07T10:58:02.2360433-04:00" testType="13cdc9d9-ddb5-4fa4-a97d-d965ccfc6d4b" outcome="Passed" testListId="8c84fa94-04c1-424b-9868-57a2d4851a1d" relativeResultsDirectory="f0fa18c1-fa3b-41fe-8048-d3268aa33622" />
    <UnitTestResult executionId="c5e2dcf2-ebdd-4f8a-9f12-ac9f194dcd9b" testId="2dd119ab-590e-b66e-b5c2-d9a3d024a064" testName="Theme Parameter Test(theme: Green)" computerName="DESKTOP-HE04GST" duration="00:00:00.0014835" startTime="2023-05-07T10:58:02.3546436-04:00" endTime="2023-05-07T10:58:02.3546437-04:00" testType="13cdc9d9-ddb5-4fa4-a97d-d965ccfc6d4b" outcome="Passed" testListId="8c84fa94-04c1-424b-9868-57a2d4851a1d" relativeResultsDirectory="c5e2dcf2-ebdd-4f8a-9f12-ac9f194dcd9b" />
    <UnitTestResult executionId="67320c93-0866-4439-9081-ccdae6696a68" testId="e0cddd5e-2a45-1288-289d-9ff1fd5e0351" testName="MenuItems Parameter Test(items: [DropdownMenuItem { MenuItemName = Item 1, Value = 1, MenuIcon = icon-1, AccentColorIndex = 1 }, DropdownMenuItem { MenuItemName = Item 2, Value = 2, MenuIcon = icon-2, AccentColorIndex = 2 }])" computerName="DESKTOP-HE04GST" duration="00:00:00.0062736" startTime="2023-05-07T10:58:02.4247635-04:00" endTime="2023-05-07T10:58:02.4247636-04:00" testType="13cdc9d9-ddb5-4fa4-a97d-d965ccfc6d4b" outcome="Passed" testListId="8c84fa94-04c1-424b-9868-57a2d4851a1d" relativeResultsDirectory="67320c93-0866-4439-9081-ccdae6696a68" />
    <UnitTestResult executionId="70151d4d-3087-4ca6-b0f9-2f595373309d" testId="ecc30bc4-46be-bc3d-f1cf-7cf78fe8f2ab" testName="PaginationLabel Parameter Test(currentPage: 1, currentRowsPerPage: 15, expectedText: &quot;1-15 of 15&quot;)" computerName="DESKTOP-HE04GST" duration="00:00:00.0028454" startTime="2023-05-07T10:58:02.2650228-04:00" endTime="2023-05-07T10:58:02.2650229-04:00" testType="13cdc9d9-ddb5-4fa4-a97d-d965ccfc6d4b" outcome="Passed" testListId="8c84fa94-04c1-424b-9868-57a2d4851a1d" relativeResultsDirectory="70151d4d-3087-4ca6-b0f9-2f595373309d" />
    <UnitTestResult executionId="5419e218-89da-4e31-a9c5-8c78d778d8d4" testId="5c88af88-27e1-5531-551d-d096b081bbbb" testName="Notification Bar Multiple Click Test(clickCounts: [2, 7, 3, 4])" computerName="DESKTOP-HE04GST" duration="00:00:00.1321427" startTime="2023-05-07T10:58:02.4192641-04:00" endTime="2023-05-07T10:58:02.4192643-04:00" testType="13cdc9d9-ddb5-4fa4-a97d-d965ccfc6d4b" outcome="Passed" testListId="8c84fa94-04c1-424b-9868-57a2d4851a1d" relativeResultsDirectory="5419e218-89da-4e31-a9c5-8c78d778d8d4" />
    <UnitTestResult executionId="0ff72b60-4c7b-4d41-bc57-bcfca848ea0f" testId="7878d288-15ad-26de-21f0-8826c4067c26" testName="OnPaginationChangedCallback Parameter Test(selectedPage: 3, selectedRowsPerPage: 15, expectedPage: 1)" computerName="DESKTOP-HE04GST" duration="00:00:00.0044731" startTime="2023-05-07T10:58:02.2386475-04:00" endTime="2023-05-07T10:58:02.2386475-04:00" testType="13cdc9d9-ddb5-4fa4-a97d-d965ccfc6d4b" outcome="Passed" testListId="8c84fa94-04c1-424b-9868-57a2d4851a1d" relativeResultsDirectory="0ff72b60-4c7b-4d41-bc57-bcfca848ea0f" />
    <UnitTestResult executionId="1397fa59-1aa8-4471-aa3c-de69c829be95" testId="dfe9ce7a-0bc1-eeb7-3cba-161664fa3ef5" testName="OrderColumn and OrderDirection Parameter Test(columnName: &quot;DisplayName&quot;, columnIndex: 1, orderAscending: True)" computerName="DESKTOP-HE04GST" duration="00:00:00.0022476" startTime="2023-05-07T10:58:02.4554567-04:00" endTime="2023-05-07T10:58:02.4554570-04:00" testType="13cdc9d9-ddb5-4fa4-a97d-d965ccfc6d4b" outcome="Passed" testListId="8c84fa94-04c1-424b-9868-57a2d4851a1d" relativeResultsDirectory="1397fa59-1aa8-4471-aa3c-de69c829be95" />
    <UnitTestResult executionId="2070420f-0a4e-4b24-adcd-bfaa7232ccf7" testId="45878f2f-0e73-97ca-b181-7f95ac5a8418" testName="Header Click Once, CSS Ascending Class Test(selectedIndex: 0)" computerName="DESKTOP-HE04GST" duration="00:00:00.0050140" startTime="2023-05-07T10:58:02.6016684-04:00" endTime="2023-05-07T10:58:02.6016688-04:00" testType="13cdc9d9-ddb5-4fa4-a97d-d965ccfc6d4b" outcome="Passed" testListId="8c84fa94-04c1-424b-9868-57a2d4851a1d" relativeResultsDirectory="2070420f-0a4e-4b24-adcd-bfaa7232ccf7" />
    <UnitTestResult executionId="580630d8-98de-4067-a8bf-7c6edc2f1f5b" testId="41ef5a33-62e1-ee23-395b-9e241d1e28fc" testName="PositionBottom Parameter Test(expectedPositionBottom: 5)" computerName="DESKTOP-HE04GST" duration="00:00:00.0016788" startTime="2023-05-07T10:58:02.4041966-04:00" endTime="2023-05-07T10:58:02.4041967-04:00" testType="13cdc9d9-ddb5-4fa4-a97d-d965ccfc6d4b" outcome="Passed" testListId="8c84fa94-04c1-424b-9868-57a2d4851a1d" relativeResultsDirectory="580630d8-98de-4067-a8bf-7c6edc2f1f5b" />
    <UnitTestResult executionId="9958744d-1ddb-4dcd-aeca-fdff73b74f02" testId="9c3c2473-256a-97a6-46f2-1e4c09162e41" testName="IsCollapsed Parameter Test(isCollapsed: False)" computerName="DESKTOP-HE04GST" duration="00:00:00.3917100" startTime="2023-05-07T10:58:02.0986838-04:00" endTime="2023-05-07T10:58:02.0987476-04:00" testType="13cdc9d9-ddb5-4fa4-a97d-d965ccfc6d4b" outcome="Passed" testListId="8c84fa94-04c1-424b-9868-57a2d4851a1d" relativeResultsDirectory="9958744d-1ddb-4dcd-aeca-fdff73b74f02" />
    <UnitTestResult executionId="96455e67-8919-4477-8a82-bb077d08108c" testId="7183fcb2-96ea-e60f-6a0d-221a2ec30690" testName="OnSelectedItemChanged Callback Parameter Test" computerName="DESKTOP-HE04GST" duration="00:00:00.4557412" startTime="2023-05-07T10:58:02.2316837-04:00" endTime="2023-05-07T10:58:02.2316838-04:00" testType="13cdc9d9-ddb5-4fa4-a97d-d965ccfc6d4b" outcome="Passed" testListId="8c84fa94-04c1-424b-9868-57a2d4851a1d" relativeResultsDirectory="96455e67-8919-4477-8a82-bb077d08108c" />
    <UnitTestResult executionId="0e73082f-366b-46e3-b979-e90a7b3326a1" testId="84b23f90-69f9-f433-d7fd-f1242ca93715" testName="OrderColumn and OrderDirection Parameter Test(columnName: &quot;ID&quot;, columnIndex: 0, orderAscending: False)" computerName="DESKTOP-HE04GST" duration="00:00:00.0024351" startTime="2023-05-07T10:58:02.4580599-04:00" endTime="2023-05-07T10:58:02.4580600-04:00" testType="13cdc9d9-ddb5-4fa4-a97d-d965ccfc6d4b" outcome="Passed" testListId="8c84fa94-04c1-424b-9868-57a2d4851a1d" relativeResultsDirectory="0e73082f-366b-46e3-b979-e90a7b3326a1" />
    <UnitTestResult executionId="d2ea3f4e-8566-4d25-8303-2cd6cefd7536" testId="03aa21a3-5e37-91dc-e5c6-7f98978fd03c" testName="Disabled Parameter Test(isDisabled: False)" computerName="DESKTOP-HE04GST" duration="00:00:00.0199681" startTime="2023-05-07T10:58:02.2326817-04:00" endTime="2023-05-07T10:58:02.2326818-04:00" testType="13cdc9d9-ddb5-4fa4-a97d-d965ccfc6d4b" outcome="Passed" testListId="8c84fa94-04c1-424b-9868-57a2d4851a1d" relativeResultsDirectory="d2ea3f4e-8566-4d25-8303-2cd6cefd7536" />
    <UnitTestResult executionId="790e68c7-d8b8-4817-8d37-ba8de11377c2" testId="1aba4601-c380-c5da-070d-9d8a2cb4ed6d" testName="Title Parameter Test(expectedTitle: &quot;Notification Title Test 1&quot;)" computerName="DESKTOP-HE04GST" duration="00:00:00.0022816" startTime="2023-05-07T10:58:02.3601726-04:00" endTime="2023-05-07T10:58:02.3601727-04:00" testType="13cdc9d9-ddb5-4fa4-a97d-d965ccfc6d4b" outcome="Passed" testListId="8c84fa94-04c1-424b-9868-57a2d4851a1d" relativeResultsDirectory="790e68c7-d8b8-4817-8d37-ba8de11377c2" />
    <UnitTestResult executionId="18c9e712-dd08-4852-9223-88b2379855ca" testId="0be2e34f-6619-8975-afab-64437187ca4d" testName="Headings Parameter Test(headings: [TableHeadingItem { DisplayName = ID, OrderColumn = ID }, TableHeadingItem { DisplayName = DisplayName, OrderColumn = DisplayName }])" computerName="DESKTOP-HE04GST" duration="00:00:00.0042804" startTime="2023-05-07T10:58:02.5526215-04:00" endTime="2023-05-07T10:58:02.5526217-04:00" testType="13cdc9d9-ddb5-4fa4-a97d-d965ccfc6d4b" outcome="Passed" testListId="8c84fa94-04c1-424b-9868-57a2d4851a1d" relativeResultsDirectory="18c9e712-dd08-4852-9223-88b2379855ca" />
    <UnitTestResult executionId="80777a1b-f78b-420d-a7a0-c051a172b33b" testId="c5354939-c673-43ca-14be-2bd609b6c1da" testName="FadeOutEnabled Parameter True Test" computerName="DESKTOP-HE04GST" duration="00:00:00.0119131" startTime="2023-05-07T10:58:02.4994608-04:00" endTime="2023-05-07T10:58:02.4994609-04:00" testType="13cdc9d9-ddb5-4fa4-a97d-d965ccfc6d4b" outcome="Passed" testListId="8c84fa94-04c1-424b-9868-57a2d4851a1d" relativeResultsDirectory="80777a1b-f78b-420d-a7a0-c051a172b33b" />
    <UnitTestResult executionId="39373e15-b6f9-4f57-8435-d3613625fe96" testId="8f597377-bc86-3011-70c1-8f0f455f5181" testName="Header Click Once, CSS Descending Class Test(selectedIndex: 0)" computerName="DESKTOP-HE04GST" duration="00:00:00.1025683" startTime="2023-05-07T10:58:02.5403711-04:00" endTime="2023-05-07T10:58:02.5403712-04:00" testType="13cdc9d9-ddb5-4fa4-a97d-d965ccfc6d4b" outcome="Passed" testListId="8c84fa94-04c1-424b-9868-57a2d4851a1d" relativeResultsDirectory="39373e15-b6f9-4f57-8435-d3613625fe96" />
    <UnitTestResult executionId="26037414-8235-4d92-96c5-bb64018af5bb" testId="0fb68c2a-bd7a-d55c-90e4-2e456030a380" testName="IconClass Parameter Test(expectedIconClass: &quot;icon-class-test-3&quot;)" computerName="DESKTOP-HE04GST" duration="00:00:00.0026771" startTime="2023-05-07T10:58:02.4385870-04:00" endTime="2023-05-07T10:58:02.4385872-04:00" testType="13cdc9d9-ddb5-4fa4-a97d-d965ccfc6d4b" outcome="Passed" testListId="8c84fa94-04c1-424b-9868-57a2d4851a1d" relativeResultsDirectory="26037414-8235-4d92-96c5-bb64018af5bb" />
    <UnitTestResult executionId="2b34d210-ae98-414d-838f-a1b4c3b55da9" testId="54eed8b1-a365-c9d4-a02c-5452ed1f485d" testName="Content Parameter Test(expectedContent: &quot;&lt;button class=\&quot;test-content\&quot;&gt;Here is some test c&quot;...)" computerName="DESKTOP-HE04GST" duration="00:00:00.0035829" startTime="2023-05-07T10:58:02.4199227-04:00" endTime="2023-05-07T10:58:02.4199229-04:00" testType="13cdc9d9-ddb5-4fa4-a97d-d965ccfc6d4b" outcome="Passed" testListId="8c84fa94-04c1-424b-9868-57a2d4851a1d" relativeResultsDirectory="2b34d210-ae98-414d-838f-a1b4c3b55da9" />
    <UnitTestResult executionId="99d592e9-6197-4a07-841a-fea3026e4838" testId="38f24bd1-c5d2-b046-3be4-29128b1c3535" testName="CardSubTitle Parameter Test(subtitle: &quot;Test Subtitle 3&quot;)" computerName="DESKTOP-HE04GST" duration="00:00:00.0593574" startTime="2023-05-07T10:58:02.2901175-04:00" endTime="2023-05-07T10:58:02.2901176-04:00" testType="13cdc9d9-ddb5-4fa4-a97d-d965ccfc6d4b" outcome="Passed" testListId="8c84fa94-04c1-424b-9868-57a2d4851a1d" relativeResultsDirectory="99d592e9-6197-4a07-841a-fea3026e4838" />
    <UnitTestResult executionId="b9657867-66e4-48b7-8c73-8c0cb8c91b39" testId="ea3f11fa-1b3e-de93-fdcb-d0070e98f88c" testName="ShowPaginationRow Paremter Test(showPaginationRow: True)" computerName="DESKTOP-HE04GST" duration="00:00:00.0741603" startTime="2023-05-07T10:58:02.2805804-04:00" endTime="2023-05-07T10:58:02.2805807-04:00" testType="13cdc9d9-ddb5-4fa4-a97d-d965ccfc6d4b" outcome="Passed" testListId="8c84fa94-04c1-424b-9868-57a2d4851a1d" relativeResultsDirectory="b9657867-66e4-48b7-8c73-8c0cb8c91b39" />
    <UnitTestResult executionId="2aa6448b-88a3-47d3-902f-60350799f41f" testId="ec6b482c-220d-b4e0-fe3f-b20b1be1b822" testName="PositionBottom Parameter Test(expectedPositionBottom: 50)" computerName="DESKTOP-HE04GST" duration="00:00:00.0021180" startTime="2023-05-07T10:58:02.4016609-04:00" endTime="2023-05-07T10:58:02.4016611-04:00" testType="13cdc9d9-ddb5-4fa4-a97d-d965ccfc6d4b" outcome="Passed" testListId="8c84fa94-04c1-424b-9868-57a2d4851a1d" relativeResultsDirectory="2aa6448b-88a3-47d3-902f-60350799f41f" />
    <UnitTestResult executionId="ba76dc5c-0ab0-4592-b4da-a74001954865" testId="c4d4803f-3bc8-a1b9-2e2e-1d9bfb66d32e" testName="Header Click Twice Test(columnIndex: 0, expectedColumnName: &quot;ID&quot;)" computerName="DESKTOP-HE04GST" duration="00:00:00.0024047" startTime="2023-05-07T10:58:02.4771180-04:00" endTime="2023-05-07T10:58:02.4771182-04:00" testType="13cdc9d9-ddb5-4fa4-a97d-d965ccfc6d4b" outcome="Passed" testListId="8c84fa94-04c1-424b-9868-57a2d4851a1d" relativeResultsDirectory="ba76dc5c-0ab0-4592-b4da-a74001954865" />
    <UnitTestResult executionId="f7d11005-2327-4dca-a8cc-b636731c8848" testId="0419bf75-fe13-ba31-ce3d-95f4193a989f" testName="Markup Test" computerName="DESKTOP-HE04GST" duration="00:00:00.0326792" startTime="2023-05-07T10:58:02.2433173-04:00" endTime="2023-05-07T10:58:02.2433174-04:00" testType="13cdc9d9-ddb5-4fa4-a97d-d965ccfc6d4b" outcome="Passed" testListId="8c84fa94-04c1-424b-9868-57a2d4851a1d" relativeResultsDirectory="f7d11005-2327-4dca-a8cc-b636731c8848" />
    <UnitTestResult executionId="0490fce8-450a-45b1-9774-8dc9bf70c962" testId="57da913c-5bb2-4d04-fc29-2d9bd99b6d41" testName="CardTitle Parameter Test(title: &quot;Test Title 2&quot;)" computerName="DESKTOP-HE04GST" duration="00:00:00.0134212" startTime="2023-05-07T10:58:02.3260318-04:00" endTime="2023-05-07T10:58:02.3260320-04:00" testType="13cdc9d9-ddb5-4fa4-a97d-d965ccfc6d4b" outcome="Passed" testListId="8c84fa94-04c1-424b-9868-57a2d4851a1d" relativeResultsDirectory="0490fce8-450a-45b1-9774-8dc9bf70c962" />
    <UnitTestResult executionId="1a2286f7-5596-4d08-8a2f-2d60cc01fc64" testId="7b453ea3-7024-aa7e-6d3c-770aa31365af" testName="Group Click Event Test(groupIndex: 0, itemIndex: 1, expectedValue: 2)" computerName="DESKTOP-HE04GST" duration="00:00:00.0123791" startTime="2023-05-07T10:58:02.2587185-04:00" endTime="2023-05-07T10:58:02.2587186-04:00" testType="13cdc9d9-ddb5-4fa4-a97d-d965ccfc6d4b" outcome="Passed" testListId="8c84fa94-04c1-424b-9868-57a2d4851a1d" relativeResultsDirectory="1a2286f7-5596-4d08-8a2f-2d60cc01fc64" />
    <UnitTestResult executionId="727f58df-96e2-421b-a2fd-bfddff427f4d" testId="ff7c89f4-a1a2-0935-fb2c-5d4a46474c55" testName="Dispose Component Test" computerName="DESKTOP-HE04GST" duration="00:00:00.0114027" startTime="2023-05-07T10:58:02.3632672-04:00" endTime="2023-05-07T10:58:02.3632673-04:00" testType="13cdc9d9-ddb5-4fa4-a97d-d965ccfc6d4b" outcome="Passed" testListId="8c84fa94-04c1-424b-9868-57a2d4851a1d" relativeResultsDirectory="727f58df-96e2-421b-a2fd-bfddff427f4d" />
    <UnitTestResult executionId="2904cc62-dbd9-4ee7-bcd0-dfc99a25dca7" testId="1972b45b-ed98-2287-19fe-826d48d6295b" testName="ItemsChangedCallback Parameter Test(currentPage: 1, optIndex: 2, expectedSkip: 0, expectedTake: 15)" computerName="DESKTOP-HE04GST" duration="00:00:00.0059701" startTime="2023-05-07T10:58:02.3906513-04:00" endTime="2023-05-07T10:58:02.3906515-04:00" testType="13cdc9d9-ddb5-4fa4-a97d-d965ccfc6d4b" outcome="Passed" testListId="8c84fa94-04c1-424b-9868-57a2d4851a1d" relativeResultsDirectory="2904cc62-dbd9-4ee7-bcd0-dfc99a25dca7" />
    <UnitTestResult executionId="72301e10-8cde-407e-9720-5dcf4d7c13f5" testId="a2886431-9c55-db6f-26b5-a842c5946b9e" testName="ChildIcon Parameter Test(icon: &quot;Icon-Done-Testing&quot;)" computerName="DESKTOP-HE04GST" duration="00:00:00.0016991" startTime="2023-05-07T10:58:02.2591235-04:00" endTime="2023-05-07T10:58:02.2591236-04:00" testType="13cdc9d9-ddb5-4fa4-a97d-d965ccfc6d4b" outcome="Passed" testListId="8c84fa94-04c1-424b-9868-57a2d4851a1d" relativeResultsDirectory="72301e10-8cde-407e-9720-5dcf4d7c13f5" />
    <UnitTestResult executionId="f9113a2e-097c-4572-addb-f9dee0061f9a" testId="ea8df251-c950-3cc7-7913-16d1bb48ae44" testName="OnPaginationChangedCallback Parameter Test(selectedPage: 3, selectedRowsPerPage: 10, expectedPage: 2)" computerName="DESKTOP-HE04GST" duration="00:00:00.0115620" startTime="2023-05-07T10:58:02.2546955-04:00" endTime="2023-05-07T10:58:02.2546956-04:00" testType="13cdc9d9-ddb5-4fa4-a97d-d965ccfc6d4b" outcome="Passed" testListId="8c84fa94-04c1-424b-9868-57a2d4851a1d" relativeResultsDirectory="f9113a2e-097c-4572-addb-f9dee0061f9a" />
    <UnitTestResult executionId="842cc1aa-2335-4cd1-b5fe-7123eb110aad" testId="65cbf13a-03de-c808-9ecc-3063a87651fa" testName="Markup Test" computerName="DESKTOP-HE04GST" duration="00:00:00.0072001" startTime="2023-05-07T10:58:02.6090989-04:00" endTime="2023-05-07T10:58:02.6090993-04:00" testType="13cdc9d9-ddb5-4fa4-a97d-d965ccfc6d4b" outcome="Passed" testListId="8c84fa94-04c1-424b-9868-57a2d4851a1d" relativeResultsDirectory="842cc1aa-2335-4cd1-b5fe-7123eb110aad" />
    <UnitTestResult executionId="0c55ee19-3672-40d4-949e-27ffa904dd31" testId="6c84f820-8c77-3950-e7b5-4b415ef42446" testName="Markup Test, With Items" computerName="DESKTOP-HE04GST" duration="00:00:00.0039238" startTime="2023-05-07T10:58:02.5077590-04:00" endTime="2023-05-07T10:58:02.5077591-04:00" testType="13cdc9d9-ddb5-4fa4-a97d-d965ccfc6d4b" outcome="Passed" testListId="8c84fa94-04c1-424b-9868-57a2d4851a1d" relativeResultsDirectory="0c55ee19-3672-40d4-949e-27ffa904dd31" />
    <UnitTestResult executionId="4d2e4d48-192e-45e4-97db-a4e612fae2b9" testId="70fae74a-dc94-7381-efaa-28b4f51bb46e" testName="PaginationLabel Parameter Test(currentPage: 3, currentRowsPerPage: 15, expectedText: &quot;1-15 of 15&quot;)" computerName="DESKTOP-HE04GST" duration="00:00:00.0269779" startTime="2023-05-07T10:58:02.2590131-04:00" endTime="2023-05-07T10:58:02.2590132-04:00" testType="13cdc9d9-ddb5-4fa4-a97d-d965ccfc6d4b" outcome="Passed" testListId="8c84fa94-04c1-424b-9868-57a2d4851a1d" relativeResultsDirectory="4d2e4d48-192e-45e4-97db-a4e612fae2b9" />
    <UnitTestResult executionId="d73fa23c-010a-4e0b-9655-126ec7e05707" testId="3e551b4b-b7c6-e1c4-c73d-ec6688824e8f" testName="IsExpanded Parameter Test(expectedIsExpanded: True)" computerName="DESKTOP-HE04GST" duration="00:00:00.0027589" startTime="2023-05-07T10:58:02.4062992-04:00" endTime="2023-05-07T10:58:02.4062994-04:00" testType="13cdc9d9-ddb5-4fa4-a97d-d965ccfc6d4b" outcome="Passed" testListId="8c84fa94-04c1-424b-9868-57a2d4851a1d" relativeResultsDirectory="d73fa23c-010a-4e0b-9655-126ec7e05707" />
    <UnitTestResult executionId="4ddce4ce-886d-46a7-9364-6a8f3cbc7e19" testId="4292ddf4-274b-19b7-255b-545fc6e6acb2" testName="Item Count, Right Chevron Enabled Test(itemCount: 100)" computerName="DESKTOP-HE04GST" duration="00:00:00.0160392" startTime="2023-05-07T10:58:02.4043407-04:00" endTime="2023-05-07T10:58:02.4043408-04:00" testType="13cdc9d9-ddb5-4fa4-a97d-d965ccfc6d4b" outcome="Passed" testListId="8c84fa94-04c1-424b-9868-57a2d4851a1d" relativeResultsDirectory="4ddce4ce-886d-46a7-9364-6a8f3cbc7e19" />
    <UnitTestResult executionId="b8769d5a-bf8d-4a83-a045-5ad1713c759f" testId="71d1b203-03e0-a0bb-47e6-3b7b7064588a" testName="Tab Markup Test" computerName="DESKTOP-HE04GST" duration="00:00:00.0027903" startTime="2023-05-07T10:58:02.3548625-04:00" endTime="2023-05-07T10:58:02.3548626-04:00" testType="13cdc9d9-ddb5-4fa4-a97d-d965ccfc6d4b" outcome="Passed" testListId="8c84fa94-04c1-424b-9868-57a2d4851a1d" relativeResultsDirectory="b8769d5a-bf8d-4a83-a045-5ad1713c759f" />
    <UnitTestResult executionId="ece062ba-b93c-46d9-9257-7003bbe1c334" testId="b32e12fa-2bf4-acc1-061b-74ff1b512708" testName="Group Click Event Test(groupIndex: 1, itemIndex: 2, expectedValue: 3)" computerName="DESKTOP-HE04GST" duration="00:00:00.0035953" startTime="2023-05-07T10:58:02.2591763-04:00" endTime="2023-05-07T10:58:02.2591764-04:00" testType="13cdc9d9-ddb5-4fa4-a97d-d965ccfc6d4b" outcome="Passed" testListId="8c84fa94-04c1-424b-9868-57a2d4851a1d" relativeResultsDirectory="ece062ba-b93c-46d9-9257-7003bbe1c334" />
    <UnitTestResult executionId="d562786a-b7a7-4235-9dbc-0ec35cbad800" testId="10597dda-a407-f9c8-7523-ceedcc006f63" testName="PaginationLabel Parameter Test(currentPage: 3, currentRowsPerPage: 5, expectedText: &quot;11-15 of 15&quot;)" computerName="DESKTOP-HE04GST" duration="00:00:00.0048696" startTime="2023-05-07T10:58:02.2816475-04:00" endTime="2023-05-07T10:58:02.2816476-04:00" testType="13cdc9d9-ddb5-4fa4-a97d-d965ccfc6d4b" outcome="Passed" testListId="8c84fa94-04c1-424b-9868-57a2d4851a1d" relativeResultsDirectory="d562786a-b7a7-4235-9dbc-0ec35cbad800" />
    <UnitTestResult executionId="8a2b1abe-e971-4718-be7a-3a3290907add" testId="fd513a31-56bd-5d39-eca2-0c4821ffb0ec" testName="BreadCrumbItems Parameter Test(expected: (System.Collections.Generic.List`1[System.String], Home Page &gt; Test Page &gt; SubTest Page))" computerName="DESKTOP-HE04GST" duration="00:00:00.0014733" startTime="2023-05-07T10:58:02.4265006-04:00" endTime="2023-05-07T10:58:02.4265007-04:00" testType="13cdc9d9-ddb5-4fa4-a97d-d965ccfc6d4b" outcome="Passed" testListId="8c84fa94-04c1-424b-9868-57a2d4851a1d" relativeResultsDirectory="8a2b1abe-e971-4718-be7a-3a3290907add" />
    <UnitTestResult executionId="bdfe3dd3-f731-453e-9463-b8208b39f764" testId="6fd5bb32-f1e4-ed32-b396-0c120007ecc3" testName="Title Parameter Test(expectedTitle: &quot;Test Title&quot;)" computerName="DESKTOP-HE04GST" duration="00:00:00.0175188" startTime="2023-05-07T10:58:02.4165638-04:00" endTime="2023-05-07T10:58:02.4165639-04:00" testType="13cdc9d9-ddb5-4fa4-a97d-d965ccfc6d4b" outcome="Passed" testListId="8c84fa94-04c1-424b-9868-57a2d4851a1d" relativeResultsDirectory="bdfe3dd3-f731-453e-9463-b8208b39f764" />
    <UnitTestResult executionId="a3bb94bc-caf9-4a2f-ad8e-f7e62654ce53" testId="d5ebd779-0db5-d487-ac59-a2968e29cda7" testName="Seperator Parameter Test(expectedSeparator: &quot;&gt;&quot;)" computerName="DESKTOP-HE04GST" duration="00:00:00.0019607" startTime="2023-05-07T10:58:02.4386734-04:00" endTime="2023-05-07T10:58:02.4386735-04:00" testType="13cdc9d9-ddb5-4fa4-a97d-d965ccfc6d4b" outcome="Passed" testListId="8c84fa94-04c1-424b-9868-57a2d4851a1d" relativeResultsDirectory="a3bb94bc-caf9-4a2f-ad8e-f7e62654ce53" />
    <UnitTestResult executionId="8cfc229d-5761-4795-aacc-1c4a820262c8" testId="2d168e72-b1c4-0b57-fd31-afcc70bd9911" testName="Markup Test" computerName="DESKTOP-HE04GST" duration="00:00:00.0192478" startTime="2023-05-07T10:58:02.3841584-04:00" endTime="2023-05-07T10:58:02.3841586-04:00" testType="13cdc9d9-ddb5-4fa4-a97d-d965ccfc6d4b" outcome="Passed" testListId="8c84fa94-04c1-424b-9868-57a2d4851a1d" relativeResultsDirectory="8cfc229d-5761-4795-aacc-1c4a820262c8" />
    <UnitTestResult executionId="2b64f76f-c8e9-45c8-9a13-63181defcdcc" testId="14a241c6-a958-4260-ba4e-654c705d25f8" testName="Title Parameter Test(expectedTitle: &quot;Test Title 3&quot;)" computerName="DESKTOP-HE04GST" duration="00:00:00.0015604" startTime="2023-05-07T10:58:02.4082873-04:00" endTime="2023-05-07T10:58:02.4082874-04:00" testType="13cdc9d9-ddb5-4fa4-a97d-d965ccfc6d4b" outcome="Passed" testListId="8c84fa94-04c1-424b-9868-57a2d4851a1d" relativeResultsDirectory="2b64f76f-c8e9-45c8-9a13-63181defcdcc" />
    <UnitTestResult executionId="a579ef9f-e0dc-4714-a8a1-29c5d409b775" testId="fd6e953f-5dd0-0abb-0784-55a54af88074" testName="PaginationLabel Parameter, Item Count Less Than Page Count Test(optIndex: 1)" computerName="DESKTOP-HE04GST" duration="00:00:00.4540514" startTime="2023-05-07T10:58:02.2314643-04:00" endTime="2023-05-07T10:58:02.2314645-04:00" testType="13cdc9d9-ddb5-4fa4-a97d-d965ccfc6d4b" outcome="Passed" testListId="8c84fa94-04c1-424b-9868-57a2d4851a1d" relativeResultsDirectory="a579ef9f-e0dc-4714-a8a1-29c5d409b775" />
    <UnitTestResult executionId="c10ca015-5934-474b-8940-ff0505e5c3cf" testId="6ee29016-8a57-9582-6b81-a21d757f27ac" testName="PaginationLabel Parameter Test(currentPage: 2, currentRowsPerPage: 10, expectedText: &quot;11-15 of 15&quot;)" computerName="DESKTOP-HE04GST" duration="00:00:00.0043444" startTime="2023-05-07T10:58:02.2633369-04:00" endTime="2023-05-07T10:58:02.2633370-04:00" testType="13cdc9d9-ddb5-4fa4-a97d-d965ccfc6d4b" outcome="Passed" testListId="8c84fa94-04c1-424b-9868-57a2d4851a1d" relativeResultsDirectory="c10ca015-5934-474b-8940-ff0505e5c3cf" />
    <UnitTestResult executionId="37a0f13b-d556-414c-b175-2bda7ca22039" testId="19699ab8-56b4-61b7-0754-1ac8ee2c3788" testName="Items Parameter Test(expected: (System.Collections.ObjectModel.ReadOnlyCollection`1[Carlton.Base.Components.Test.TableTestHelper+TableTestObject], System.Collections.ObjectModel.ReadOnlyCollection`1[System.String]))" computerName="DESKTOP-HE04GST" duration="00:00:00.0043015" startTime="2023-05-07T10:58:02.6140926-04:00" endTime="2023-05-07T10:58:02.6140929-04:00" testType="13cdc9d9-ddb5-4fa4-a97d-d965ccfc6d4b" outcome="Passed" testListId="8c84fa94-04c1-424b-9868-57a2d4851a1d" relativeResultsDirectory="37a0f13b-d556-414c-b175-2bda7ca22039" />
    <UnitTestResult executionId="b8852c4e-3b11-4416-8113-5f8bf80a58ec" testId="18569e55-01d3-2cbe-9a47-b7a6b6af48bd" testName="Items Parameter Test(expectedItems: [1, 2, 3])" computerName="DESKTOP-HE04GST" duration="00:00:00.0042492" startTime="2023-05-07T10:58:02.3108551-04:00" endTime="2023-05-07T10:58:02.3108552-04:00" testType="13cdc9d9-ddb5-4fa4-a97d-d965ccfc6d4b" outcome="Passed" testListId="8c84fa94-04c1-424b-9868-57a2d4851a1d" relativeResultsDirectory="b8852c4e-3b11-4416-8113-5f8bf80a58ec" />
    <UnitTestResult executionId="41298d30-0fcf-4191-88a1-dddafe901d2c" testId="8a6fe78d-1950-ca2c-fcac-76683a017d7a" testName="MenuItemName Parameter Test(menuItemName: &quot;Test Menu Item Again&quot;)" computerName="DESKTOP-HE04GST" duration="00:00:00.0025761" startTime="2023-05-07T10:58:02.2355144-04:00" endTime="2023-05-07T10:58:02.2355145-04:00" testType="13cdc9d9-ddb5-4fa4-a97d-d965ccfc6d4b" outcome="Passed" testListId="8c84fa94-04c1-424b-9868-57a2d4851a1d" relativeResultsDirectory="41298d30-0fcf-4191-88a1-dddafe901d2c" />
    <UnitTestResult executionId="751bb1ca-19bb-4bce-bdd6-c6182695f4e2" testId="6adfb11f-b707-1c16-4f78-f05186887b40" testName="IsValid Parameter Test(expectedIsValid: False)" computerName="DESKTOP-HE04GST" duration="00:00:00.0017567" startTime="2023-05-07T10:58:02.2559999-04:00" endTime="2023-05-07T10:58:02.2560001-04:00" testType="13cdc9d9-ddb5-4fa4-a97d-d965ccfc6d4b" outcome="Passed" testListId="8c84fa94-04c1-424b-9868-57a2d4851a1d" relativeResultsDirectory="751bb1ca-19bb-4bce-bdd6-c6182695f4e2" />
    <UnitTestResult executionId="41487f7b-f406-4eac-9b25-f6d7e065a55f" testId="19699ab8-56b4-61b7-0754-1ac8ee2c3788" testName="Items Parameter Test(expected: (System.Collections.ObjectModel.ReadOnlyCollection`1[Carlton.Base.Components.Test.TableTestHelper+TableTestObject], System.Collections.ObjectModel.ReadOnlyCollection`1[System.String]))" computerName="DESKTOP-HE04GST" duration="00:00:00.0014823" startTime="2023-05-07T10:58:02.6173098-04:00" endTime="2023-05-07T10:58:02.6173100-04:00" testType="13cdc9d9-ddb5-4fa4-a97d-d965ccfc6d4b" outcome="Passed" testListId="8c84fa94-04c1-424b-9868-57a2d4851a1d" relativeResultsDirectory="41487f7b-f406-4eac-9b25-f6d7e065a55f" />
    <UnitTestResult executionId="e44c1ee4-81cc-4529-a57b-06d1bbbf2c88" testId="e0cddd5e-2a45-1288-289d-9ff1fd5e0351" testName="MenuItems Parameter Test(items: [DropdownMenuItem { MenuItemName = Item 1, Value = 1, MenuIcon = icon-1, AccentColorIndex = 1 }])" computerName="DESKTOP-HE04GST" duration="00:00:00.0116006" startTime="2023-05-07T10:58:02.4184472-04:00" endTime="2023-05-07T10:58:02.4184474-04:00" testType="13cdc9d9-ddb5-4fa4-a97d-d965ccfc6d4b" outcome="Passed" testListId="8c84fa94-04c1-424b-9868-57a2d4851a1d" relativeResultsDirectory="e44c1ee4-81cc-4529-a57b-06d1bbbf2c88" />
    <UnitTestResult executionId="e2107e30-c19d-4910-a7c1-125fee276882" testId="61e1b106-29d8-ebe9-5280-29055e086c8a" testName="Item Count, Right Chevron Disabled Test(itemCount: 2)" computerName="DESKTOP-HE04GST" duration="00:00:00.0020019" startTime="2023-05-07T10:58:02.3647154-04:00" endTime="2023-05-07T10:58:02.3647157-04:00" testType="13cdc9d9-ddb5-4fa4-a97d-d965ccfc6d4b" outcome="Passed" testListId="8c84fa94-04c1-424b-9868-57a2d4851a1d" relativeResultsDirectory="e2107e30-c19d-4910-a7c1-125fee276882" />
    <UnitTestResult executionId="2a9b2b63-edff-4573-b7ec-36d0bb0b8e70" testId="e012fd6d-d5f7-c5d4-58d5-2f3f9b3d5de3" testName="Markup Test" computerName="DESKTOP-HE04GST" duration="00:00:00.0479517" startTime="2023-05-07T10:58:02.3107586-04:00" endTime="2023-05-07T10:58:02.3107588-04:00" testType="13cdc9d9-ddb5-4fa4-a97d-d965ccfc6d4b" outcome="Passed" testListId="8c84fa94-04c1-424b-9868-57a2d4851a1d" relativeResultsDirectory="2a9b2b63-edff-4573-b7ec-36d0bb0b8e70" />
    <UnitTestResult executionId="6578d71f-8ba6-48f6-b9c1-307dea73ab83" testId="4c797b3a-2efa-30be-bb00-1dc3fd87ea84" testName="Title Parameter Test(expectedTitle: &quot;Another Test Title&quot;)" computerName="DESKTOP-HE04GST" duration="00:00:00.0068749" startTime="2023-05-07T10:58:02.4339763-04:00" endTime="2023-05-07T10:58:02.4339764-04:00" testType="13cdc9d9-ddb5-4fa4-a97d-d965ccfc6d4b" outcome="Passed" testListId="8c84fa94-04c1-424b-9868-57a2d4851a1d" relativeResultsDirectory="6578d71f-8ba6-48f6-b9c1-307dea73ab83" />
    <UnitTestResult executionId="23064db0-e9e1-426a-9fb1-25b9b040e6b8" testId="fc7b79c7-3523-04fd-60af-a22152a3cdb2" testName="Options Parameter Tests(opts: [[&quot;Item 1&quot;] = 1])" computerName="DESKTOP-HE04GST" duration="00:00:00.4299301" startTime="2023-05-07T10:58:02.2290359-04:00" endTime="2023-05-07T10:58:02.2290360-04:00" testType="13cdc9d9-ddb5-4fa4-a97d-d965ccfc6d4b" outcome="Passed" testListId="8c84fa94-04c1-424b-9868-57a2d4851a1d" relativeResultsDirectory="23064db0-e9e1-426a-9fb1-25b9b040e6b8" />
    <UnitTestResult executionId="31032cda-89b4-40fc-b8c1-a7148d8e3ea1" testId="74b96a9d-dba2-ac4b-acb6-2e4a1c7bd4a9" testName="FadeOutEnabled Parameter Test(fadeOutEnabled: False, notificationClass: &quot;error-btn&quot;)" computerName="DESKTOP-HE04GST" duration="00:00:00.0031893" startTime="2023-05-07T10:58:02.4873840-04:00" endTime="2023-05-07T10:58:02.4873842-04:00" testType="13cdc9d9-ddb5-4fa4-a97d-d965ccfc6d4b" outcome="Passed" testListId="8c84fa94-04c1-424b-9868-57a2d4851a1d" relativeResultsDirectory="31032cda-89b4-40fc-b8c1-a7148d8e3ea1" />
    <UnitTestResult executionId="044a306f-92a3-4170-ba57-03ca6dce4df1" testId="414a0397-f54b-8531-79ed-4155a6e28bf0" testName="Two Tabs, Render Test" computerName="DESKTOP-HE04GST" duration="00:00:00.0145073" startTime="2023-05-07T10:58:02.2535932-04:00" endTime="2023-05-07T10:58:02.2535933-04:00" testType="13cdc9d9-ddb5-4fa4-a97d-d965ccfc6d4b" outcome="Passed" testListId="8c84fa94-04c1-424b-9868-57a2d4851a1d" relativeResultsDirectory="044a306f-92a3-4170-ba57-03ca6dce4df1" />
    <UnitTestResult executionId="b19f0696-5ce7-444d-b92e-5a2852114802" testId="2ede1c93-1a23-c618-a45a-75a973ec060c" testName="RowsPerPageOpts Parameter Test(rowsPerPageOpts: [1, 3, 5])" computerName="DESKTOP-HE04GST" duration="00:00:00.0035916" startTime="2023-05-07T10:58:02.6212880-04:00" endTime="2023-05-07T10:58:02.6212882-04:00" testType="13cdc9d9-ddb5-4fa4-a97d-d965ccfc6d4b" outcome="Passed" testListId="8c84fa94-04c1-424b-9868-57a2d4851a1d" relativeResultsDirectory="b19f0696-5ce7-444d-b92e-5a2852114802" />
    <UnitTestResult executionId="3e2158be-8e4d-474a-b8a6-5776649ab701" testId="1edd2235-9ccb-5a7c-da3c-69852da57d43" testName="OrderColumn and OrderDirection Parameter Test(columnName: &quot;ID&quot;, columnIndex: 0, orderAscending: True)" computerName="DESKTOP-HE04GST" duration="00:00:00.0041965" startTime="2023-05-07T10:58:02.4419053-04:00" endTime="2023-05-07T10:58:02.4419055-04:00" testType="13cdc9d9-ddb5-4fa4-a97d-d965ccfc6d4b" outcome="Passed" testListId="8c84fa94-04c1-424b-9868-57a2d4851a1d" relativeResultsDirectory="3e2158be-8e4d-474a-b8a6-5776649ab701" />
    <UnitTestResult executionId="1afe1977-0d47-4332-b1fa-6860964500bf" testId="40f397c7-6770-78b5-44ee-bfd175e82413" testName="Selected Active Tab, CSS Active Class Test(activeTabIndex: 1, expectedText: &quot;&lt;span&gt;This is the second tab&lt;/span&gt;&quot;)" computerName="DESKTOP-HE04GST" duration="00:00:00.0222635" startTime="2023-05-07T10:58:02.2549714-04:00" endTime="2023-05-07T10:58:02.2549715-04:00" testType="13cdc9d9-ddb5-4fa4-a97d-d965ccfc6d4b" outcome="Passed" testListId="8c84fa94-04c1-424b-9868-57a2d4851a1d" relativeResultsDirectory="1afe1977-0d47-4332-b1fa-6860964500bf" />
    <UnitTestResult executionId="05258903-354c-4fbd-a8db-68d1a3af49f2" testId="d9479674-b723-212b-fc32-badb4502af7f" testName="Title Parameter Test(expectedTitle: &quot;Notification Title Test 2&quot;)" computerName="DESKTOP-HE04GST" duration="00:00:00.0026756" startTime="2023-05-07T10:58:02.3549728-04:00" endTime="2023-05-07T10:58:02.3549729-04:00" testType="13cdc9d9-ddb5-4fa4-a97d-d965ccfc6d4b" outcome="Passed" testListId="8c84fa94-04c1-424b-9868-57a2d4851a1d" relativeResultsDirectory="05258903-354c-4fbd-a8db-68d1a3af49f2" />
    <UnitTestResult executionId="f2d6f93b-14f2-496c-b56d-19e59044e380" testId="5145f4af-fec7-c72d-871d-4e76b076e06c" testName="Carlton.Base.Components.Test.DesktopTabBarComponentTests.DesktopTabBar_WithOneTab_RendersCorrectly" computerName="DESKTOP-HE04GST" duration="00:00:00.0024868" startTime="2023-05-07T10:58:02.2547940-04:00" endTime="2023-05-07T10:58:02.2547941-04:00" testType="13cdc9d9-ddb5-4fa4-a97d-d965ccfc6d4b" outcome="Passed" testListId="8c84fa94-04c1-424b-9868-57a2d4851a1d" relativeResultsDirectory="f2d6f93b-14f2-496c-b56d-19e59044e380" />
    <UnitTestResult executionId="475b2282-5e27-4254-a87f-533c61fa3698" testId="203ed372-9fa6-a5f4-352d-85cf0a8f907a" testName="MenuItemValue Parameter Test(value: 12)" computerName="DESKTOP-HE04GST" duration="00:00:00.0023468" startTime="2023-05-07T10:58:02.2372548-04:00" endTime="2023-05-07T10:58:02.2372549-04:00" testType="13cdc9d9-ddb5-4fa4-a97d-d965ccfc6d4b" outcome="Passed" testListId="8c84fa94-04c1-424b-9868-57a2d4851a1d" relativeResultsDirectory="475b2282-5e27-4254-a87f-533c61fa3698" />
    <UnitTestResult executionId="a13923cd-2247-48fd-9a2d-8b4b59be8c32" testId="f1d4fcef-c0b2-1a2b-4443-9a6196e09556" testName="HeaderContentChild Parameter Test(expectedHeaderContent: &quot;&lt;span&gt;More Header Testing Content&lt;/span&gt;&quot;)" computerName="DESKTOP-HE04GST" duration="00:00:00.0018517" startTime="2023-05-07T10:58:02.3648367-04:00" endTime="2023-05-07T10:58:02.3648369-04:00" testType="13cdc9d9-ddb5-4fa4-a97d-d965ccfc6d4b" outcome="Passed" testListId="8c84fa94-04c1-424b-9868-57a2d4851a1d" relativeResultsDirectory="a13923cd-2247-48fd-9a2d-8b4b59be8c32" />
    <UnitTestResult executionId="63c12639-822d-4a20-a6ea-3076139ddfb1" testId="c5977101-a367-5ad0-8a4d-4b7905bf170b" testName="MenuItemValue Parameter Test(value: 5)" computerName="DESKTOP-HE04GST" duration="00:00:00.0012086" startTime="2023-05-07T10:58:02.2375506-04:00" endTime="2023-05-07T10:58:02.2375507-04:00" testType="13cdc9d9-ddb5-4fa4-a97d-d965ccfc6d4b" outcome="Passed" testListId="8c84fa94-04c1-424b-9868-57a2d4851a1d" relativeResultsDirectory="63c12639-822d-4a20-a6ea-3076139ddfb1" />
    <UnitTestResult executionId="9817faa8-29a5-4023-9f06-94c7020c110b" testId="eb6b2198-722f-088a-171f-b415baf59577" testName="Title Parameter Test(expectedTitle: &quot;Test Title 2&quot;)" computerName="DESKTOP-HE04GST" duration="00:00:00.0038787" startTime="2023-05-07T10:58:02.4047918-04:00" endTime="2023-05-07T10:58:02.4047920-04:00" testType="13cdc9d9-ddb5-4fa4-a97d-d965ccfc6d4b" outcome="Passed" testListId="8c84fa94-04c1-424b-9868-57a2d4851a1d" relativeResultsDirectory="9817faa8-29a5-4023-9f06-94c7020c110b" />
    <UnitTestResult executionId="55cb9487-2efc-43de-9093-23c0e133e871" testId="012e8c6f-7d14-d9e7-6248-1a51abfc0934" testName="IsExpanded Parameter Test(expectedIsExpanded: False)" computerName="DESKTOP-HE04GST" duration="00:00:00.0018198" startTime="2023-05-07T10:58:02.4082061-04:00" endTime="2023-05-07T10:58:02.4082062-04:00" testType="13cdc9d9-ddb5-4fa4-a97d-d965ccfc6d4b" outcome="Passed" testListId="8c84fa94-04c1-424b-9868-57a2d4851a1d" relativeResultsDirectory="55cb9487-2efc-43de-9093-23c0e133e871" />
    <UnitTestResult executionId="ec7f7376-dea6-4866-b228-52dfdb4389cc" testId="226d3be9-5998-016f-4009-3b396d1b4e9d" testName="MessageTemplate Parameter Test(messageTemplate: &quot;Event Items Tracked by this component&quot;)" computerName="DESKTOP-HE04GST" duration="00:00:00.0014597" startTime="2023-05-07T10:58:02.2841911-04:00" endTime="2023-05-07T10:58:02.2841912-04:00" testType="13cdc9d9-ddb5-4fa4-a97d-d965ccfc6d4b" outcome="Passed" testListId="8c84fa94-04c1-424b-9868-57a2d4851a1d" relativeResultsDirectory="ec7f7376-dea6-4866-b228-52dfdb4389cc" />
    <UnitTestResult executionId="60cba3bf-e147-48f5-a1ee-35914036d5b1" testId="6926cdea-c42f-d597-2f5a-a03f871c03af" testName="Page Greater Than One, Left Chevron Enabled Test(currentPage: 5)" computerName="DESKTOP-HE04GST" duration="00:00:00.0038497" startTime="2023-05-07T10:58:02.3109102-04:00" endTime="2023-05-07T10:58:02.3109103-04:00" testType="13cdc9d9-ddb5-4fa4-a97d-d965ccfc6d4b" outcome="Passed" testListId="8c84fa94-04c1-424b-9868-57a2d4851a1d" relativeResultsDirectory="60cba3bf-e147-48f5-a1ee-35914036d5b1" />
    <UnitTestResult executionId="6f8677e4-95b3-4f7a-894d-2a69b39d47ac" testId="298fe03e-249b-b13d-a269-1b389ef1a02e" testName="Label Parameter Test(labelText: &quot;Test Label&quot;)" computerName="DESKTOP-HE04GST" duration="00:00:00.0021428" startTime="2023-05-07T10:58:02.2355962-04:00" endTime="2023-05-07T10:58:02.2355963-04:00" testType="13cdc9d9-ddb5-4fa4-a97d-d965ccfc6d4b" outcome="Passed" testListId="8c84fa94-04c1-424b-9868-57a2d4851a1d" relativeResultsDirectory="6f8677e4-95b3-4f7a-894d-2a69b39d47ac" />
    <UnitTestResult executionId="14775948-70eb-4789-abf2-c2c9f37f493b" testId="015a8ef8-6c0a-305c-c135-1a20935b4ee3" testName="Invalid OrderColumn Parameter Test(columnName: &quot;Still Wrong&quot;)" computerName="DESKTOP-HE04GST" duration="00:00:00.0026683" startTime="2023-05-07T10:58:02.5021700-04:00" endTime="2023-05-07T10:58:02.5021704-04:00" testType="13cdc9d9-ddb5-4fa4-a97d-d965ccfc6d4b" outcome="Passed" testListId="8c84fa94-04c1-424b-9868-57a2d4851a1d" relativeResultsDirectory="14775948-70eb-4789-abf2-c2c9f37f493b" />
    <UnitTestResult executionId="3fc97fae-6543-4ce8-8cfa-cee80ac05fac" testId="d795c0a8-9a9f-f433-ed96-af7d3460b21c" testName="Header Click Twice Test(expected: (1, System.Collections.ObjectModel.ReadOnlyCollection`1[Carlton.Base.Components.Test.TableTestHelper+TableTestObject]))" computerName="DESKTOP-HE04GST" duration="00:00:00.0078834" startTime="2023-05-07T10:58:02.6436478-04:00" endTime="2023-05-07T10:58:02.6436482-04:00" testType="13cdc9d9-ddb5-4fa4-a97d-d965ccfc6d4b" outcome="Passed" testListId="8c84fa94-04c1-424b-9868-57a2d4851a1d" relativeResultsDirectory="3fc97fae-6543-4ce8-8cfa-cee80ac05fac" />
    <UnitTestResult executionId="4f52d8b7-131b-47e9-8c74-7c0846297ace" testId="5ae8450b-6671-8b60-6bf9-6010dc1e24d9" testName="PaginationLabel Parameter Test(currentPage: 2, currentRowsPerPage: 15, expectedText: &quot;1-15 of 15&quot;)" computerName="DESKTOP-HE04GST" duration="00:00:00.0042204" startTime="2023-05-07T10:58:02.2865615-04:00" endTime="2023-05-07T10:58:02.2865616-04:00" testType="13cdc9d9-ddb5-4fa4-a97d-d965ccfc6d4b" outcome="Passed" testListId="8c84fa94-04c1-424b-9868-57a2d4851a1d" relativeResultsDirectory="4f52d8b7-131b-47e9-8c74-7c0846297ace" />
    <UnitTestResult executionId="39e80a5c-3e98-4535-917e-89fed1b3b0e3" testId="226ff44c-7eed-908a-393a-428e9c82527f" testName="Count Parameter Test(count: 15)" computerName="DESKTOP-HE04GST" duration="00:00:00.0117135" startTime="2023-05-07T10:58:02.2654542-04:00" endTime="2023-05-07T10:58:02.2654544-04:00" testType="13cdc9d9-ddb5-4fa4-a97d-d965ccfc6d4b" outcome="Passed" testListId="8c84fa94-04c1-424b-9868-57a2d4851a1d" relativeResultsDirectory="39e80a5c-3e98-4535-917e-89fed1b3b0e3" />
    <UnitTestResult executionId="de0942cd-fc7f-41d2-9c0b-95faa9191a30" testId="7f0cfee7-83d2-7302-01d8-22231e7281e5" testName="OnMenuItemSelected Parameter Test(value: 8)" computerName="DESKTOP-HE04GST" duration="00:00:00.0085376" startTime="2023-05-07T10:58:02.2292910-04:00" endTime="2023-05-07T10:58:02.2292912-04:00" testType="13cdc9d9-ddb5-4fa4-a97d-d965ccfc6d4b" outcome="Passed" testListId="8c84fa94-04c1-424b-9868-57a2d4851a1d" relativeResultsDirectory="de0942cd-fc7f-41d2-9c0b-95faa9191a30" />
    <UnitTestResult executionId="a81ab0c9-a761-4117-a958-efb054cc6009" testId="dd897532-7f0f-72fe-4d53-800a9279ec29" testName="PaginationLabel Parameter, Item Count Less Than Page Count Test(optIndex: 0)" computerName="DESKTOP-HE04GST" duration="00:00:00.0054668" startTime="2023-05-07T10:58:02.2331092-04:00" endTime="2023-05-07T10:58:02.2331093-04:00" testType="13cdc9d9-ddb5-4fa4-a97d-d965ccfc6d4b" outcome="Passed" testListId="8c84fa94-04c1-424b-9868-57a2d4851a1d" relativeResultsDirectory="a81ab0c9-a761-4117-a958-efb054cc6009" />
    <UnitTestResult executionId="ce857c4b-d4e1-4e46-a420-693593d3596b" testId="e1ab8da4-8f35-20c5-5517-83d643bb829e" testName="Header Click Twice Test(columnIndex: 2, expectedColumnName: &quot;CreatedDate&quot;)" computerName="DESKTOP-HE04GST" duration="00:00:00.0096367" startTime="2023-05-07T10:58:02.4722798-04:00" endTime="2023-05-07T10:58:02.4722799-04:00" testType="13cdc9d9-ddb5-4fa4-a97d-d965ccfc6d4b" outcome="Passed" testListId="8c84fa94-04c1-424b-9868-57a2d4851a1d" relativeResultsDirectory="ce857c4b-d4e1-4e46-a420-693593d3596b" />
    <UnitTestResult executionId="790a5de6-9a39-4ba0-8071-1ab36c948195" testId="8af30576-a2b6-df1c-49fa-2acbc5c464dc" testName="NotificationBar Click Test(btnClass: &quot;warning-btn&quot;, expectedType: typeof(Carlton.Base.Components.WarningNotification))" computerName="DESKTOP-HE04GST" duration="00:00:00.0030158" startTime="2023-05-07T10:58:02.5060043-04:00" endTime="2023-05-07T10:58:02.5060045-04:00" testType="13cdc9d9-ddb5-4fa4-a97d-d965ccfc6d4b" outcome="Passed" testListId="8c84fa94-04c1-424b-9868-57a2d4851a1d" relativeResultsDirectory="790a5de6-9a39-4ba0-8071-1ab36c948195" />
    <UnitTestResult executionId="f38197d2-7546-40aa-8ee5-df6aab3e3138" testId="52a34d31-6d81-2e53-0b6b-87f2b9dedb35" testName="HeaderContentChild Parameter Test(expectedHeaderContent: &quot;&lt;span&gt;Header Testing Content 2&lt;/span&gt;&quot;)" computerName="DESKTOP-HE04GST" duration="00:00:00.0094657" startTime="2023-05-07T10:58:02.4007816-04:00" endTime="2023-05-07T10:58:02.4007817-04:00" testType="13cdc9d9-ddb5-4fa4-a97d-d965ccfc6d4b" outcome="Passed" testListId="8c84fa94-04c1-424b-9868-57a2d4851a1d" relativeResultsDirectory="f38197d2-7546-40aa-8ee5-df6aab3e3138" />
    <UnitTestResult executionId="db9c5189-2a82-4c1f-b42e-dee374a477ee" testId="f1a2ceb7-0522-0474-b149-8b5203dd2635" testName="Default Selected Value Parameter Test" computerName="DESKTOP-HE04GST" duration="00:00:00.0037106" startTime="2023-05-07T10:58:02.2436001-04:00" endTime="2023-05-07T10:58:02.2436003-04:00" testType="13cdc9d9-ddb5-4fa4-a97d-d965ccfc6d4b" outcome="Passed" testListId="8c84fa94-04c1-424b-9868-57a2d4851a1d" relativeResultsDirectory="db9c5189-2a82-4c1f-b42e-dee374a477ee" />
    <UnitTestResult executionId="18211c13-4d45-4e62-bbeb-592acdffe5cc" testId="55fb0a26-9c99-4be0-982c-ede52667b895" testName="RowsPerPageOpts Parameter Render Test(opts: [5, 10, 15, 20, 25])" computerName="DESKTOP-HE04GST" duration="00:00:00.0019700" startTime="2023-05-07T10:58:02.4510202-04:00" endTime="2023-05-07T10:58:02.4510203-04:00" testType="13cdc9d9-ddb5-4fa4-a97d-d965ccfc6d4b" outcome="Passed" testListId="8c84fa94-04c1-424b-9868-57a2d4851a1d" relativeResultsDirectory="18211c13-4d45-4e62-bbeb-592acdffe5cc" />
    <UnitTestResult executionId="040d4839-329d-496c-8247-f5e1b68c064f" testId="07e3bbd6-7365-4e2d-bb09-fdfd715d2865" testName="SelectedValue Parameter, Not Provided Test" computerName="DESKTOP-HE04GST" duration="00:00:00.0046683" startTime="2023-05-07T10:58:02.4622663-04:00" endTime="2023-05-07T10:58:02.4622665-04:00" testType="13cdc9d9-ddb5-4fa4-a97d-d965ccfc6d4b" outcome="Passed" testListId="8c84fa94-04c1-424b-9868-57a2d4851a1d" relativeResultsDirectory="040d4839-329d-496c-8247-f5e1b68c064f" />
    <UnitTestResult executionId="a6c5a34b-3267-48d8-8264-0bbe070cdff8" testId="e2777af6-89da-bcc7-1e5f-dbae0243e789" testName="FadeOutEnabled Parameter Test(fadeOutEnabled: False, notificationClass: &quot;success-btn&quot;)" computerName="DESKTOP-HE04GST" duration="00:00:00.0021097" startTime="2023-05-07T10:58:02.4817182-04:00" endTime="2023-05-07T10:58:02.4817184-04:00" testType="13cdc9d9-ddb5-4fa4-a97d-d965ccfc6d4b" outcome="Passed" testListId="8c84fa94-04c1-424b-9868-57a2d4851a1d" relativeResultsDirectory="a6c5a34b-3267-48d8-8264-0bbe070cdff8" />
    <UnitTestResult executionId="109998ef-f18a-463d-8852-c1d6688e50c5" testId="fd513a31-56bd-5d39-eca2-0c4821ffb0ec" testName="BreadCrumbItems Parameter Test(expected: (System.Collections.Generic.List`1[System.String], Home Page))" computerName="DESKTOP-HE04GST" duration="00:00:00.0024624" startTime="2023-05-07T10:58:02.4220742-04:00" endTime="2023-05-07T10:58:02.4220744-04:00" testType="13cdc9d9-ddb5-4fa4-a97d-d965ccfc6d4b" outcome="Passed" testListId="8c84fa94-04c1-424b-9868-57a2d4851a1d" relativeResultsDirectory="109998ef-f18a-463d-8852-c1d6688e50c5" />
    <UnitTestResult executionId="b27fbb64-746c-40ac-a62c-91c7e454ed88" testId="674e55d2-559b-2a72-32e8-b5e3b33d3bc0" testName="HeaderContentChild Parameter Test(expectedHeaderContent: &quot;&lt;span&gt;Header Testing Content 1&lt;/span&gt;&quot;)" computerName="DESKTOP-HE04GST" duration="00:00:00.0026510" startTime="2023-05-07T10:58:02.3891976-04:00" endTime="2023-05-07T10:58:02.3891977-04:00" testType="13cdc9d9-ddb5-4fa4-a97d-d965ccfc6d4b" outcome="Passed" testListId="8c84fa94-04c1-424b-9868-57a2d4851a1d" relativeResultsDirectory="b27fbb64-746c-40ac-a62c-91c7e454ed88" />
    <UnitTestResult executionId="8587c21c-bf23-44ad-a418-21adb1a0dbc9" testId="c2d4182e-57b2-d0b4-b48e-a9dee12d38f7" testName="SelectedItem Parameter Test(groupIndex: 1, itemIndex: 3, itemValue: 4)" computerName="DESKTOP-HE04GST" duration="00:00:00.0024429" startTime="2023-05-07T10:58:02.2864417-04:00" endTime="2023-05-07T10:58:02.2864419-04:00" testType="13cdc9d9-ddb5-4fa4-a97d-d965ccfc6d4b" outcome="Passed" testListId="8c84fa94-04c1-424b-9868-57a2d4851a1d" relativeResultsDirectory="8587c21c-bf23-44ad-a418-21adb1a0dbc9" />
    <UnitTestResult executionId="08171b28-a4ae-4f6c-9bc3-e04701ede684" testId="8164a338-b915-cb83-85f2-4104847fbb1a" testName="Header Click Once, CSS Descending Class Test(selectedIndex: 2)" computerName="DESKTOP-HE04GST" duration="00:00:00.0077301" startTime="2023-05-07T10:58:02.5481840-04:00" endTime="2023-05-07T10:58:02.5481845-04:00" testType="13cdc9d9-ddb5-4fa4-a97d-d965ccfc6d4b" outcome="Passed" testListId="8c84fa94-04c1-424b-9868-57a2d4851a1d" relativeResultsDirectory="08171b28-a4ae-4f6c-9bc3-e04701ede684" />
    <UnitTestResult executionId="277b1611-ccbc-4a9a-8384-810d8d0fa329" testId="0e3f6730-de0b-7a62-477b-e1da6a491a3d" testName="ItemsChangedCallback Parameter Test(currentPage: 2, optIndex: 2, expectedSkip: 0, expectedTake: 15)" computerName="DESKTOP-HE04GST" duration="00:00:00.0244049" startTime="2023-05-07T10:58:02.3106586-04:00" endTime="2023-05-07T10:58:02.3106587-04:00" testType="13cdc9d9-ddb5-4fa4-a97d-d965ccfc6d4b" outcome="Passed" testListId="8c84fa94-04c1-424b-9868-57a2d4851a1d" relativeResultsDirectory="277b1611-ccbc-4a9a-8384-810d8d0fa329" />
    <UnitTestResult executionId="54cc4935-49f9-425b-b8f8-c0558f7ae796" testId="694c5bd8-5ae5-4f19-c561-d0d00b109883" testName="Group Click Event Test(groupIndex: 0, itemIndex: 0, expectedValue: 1)" computerName="DESKTOP-HE04GST" duration="00:00:00.0054789" startTime="2023-05-07T10:58:02.2574813-04:00" endTime="2023-05-07T10:58:02.2574814-04:00" testType="13cdc9d9-ddb5-4fa4-a97d-d965ccfc6d4b" outcome="Passed" testListId="8c84fa94-04c1-424b-9868-57a2d4851a1d" relativeResultsDirectory="54cc4935-49f9-425b-b8f8-c0558f7ae796" />
    <UnitTestResult executionId="7b3b6698-6fbf-4990-ac98-4568f686d60f" testId="afc67675-4ede-eedc-88e8-752665cb23e0" testName="Markup Test" computerName="DESKTOP-HE04GST" duration="00:00:00.0023838" startTime="2023-05-07T10:58:02.5253004-04:00" endTime="2023-05-07T10:58:02.5253006-04:00" testType="13cdc9d9-ddb5-4fa4-a97d-d965ccfc6d4b" outcome="Passed" testListId="8c84fa94-04c1-424b-9868-57a2d4851a1d" relativeResultsDirectory="7b3b6698-6fbf-4990-ac98-4568f686d60f" />
    <UnitTestResult executionId="2603aef7-dd25-4703-87de-3e5d90fc4770" testId="4c624072-3469-3d06-1b6a-9cf723873fdb" testName="Groups Parameter Test(groups: [SelectGroup { Name = Group 1, Index = 0, Items = System.Collections.Generic.List`1[Carlton.Base.Components.SelectItem`1[System.Int32]] }, SelectGroup { Name = Group 2, Index = 1, Items = System.Collections.Generic.List`1[Carlton.Base.Components.SelectItem`1[System.Int32]] }])" computerName="DESKTOP-HE04GST" duration="00:00:00.0022994" startTime="2023-05-07T10:58:02.2551524-04:00" endTime="2023-05-07T10:58:02.2551525-04:00" testType="13cdc9d9-ddb5-4fa4-a97d-d965ccfc6d4b" outcome="Passed" testListId="8c84fa94-04c1-424b-9868-57a2d4851a1d" relativeResultsDirectory="2603aef7-dd25-4703-87de-3e5d90fc4770" />
    <UnitTestResult executionId="dc35c84a-9320-475d-96c4-c093b44e4560" testId="66b8e62c-41e1-ac4c-e3ed-694c95834d4f" testName="Header Click Once Test(expected: (2, System.Collections.ObjectModel.ReadOnlyCollection`1[Carlton.Base.Components.Test.TableTestHelper+TableTestObject]))" computerName="DESKTOP-HE04GST" duration="00:00:00.0025223" startTime="2023-05-07T10:58:02.6582730-04:00" endTime="2023-05-07T10:58:02.6582732-04:00" testType="13cdc9d9-ddb5-4fa4-a97d-d965ccfc6d4b" outcome="Passed" testListId="8c84fa94-04c1-424b-9868-57a2d4851a1d" relativeResultsDirectory="dc35c84a-9320-475d-96c4-c093b44e4560" />
    <UnitTestResult executionId="20e33d34-154a-450b-aa14-28bf761182ce" testId="6620d40e-d903-83db-0393-7ce4b6d7a8b9" testName="MenutItemIcon Parameter Test(icon: &quot;icon-3&quot;)" computerName="DESKTOP-HE04GST" duration="00:00:00.0027444" startTime="2023-05-07T10:58:02.2327664-04:00" endTime="2023-05-07T10:58:02.2327665-04:00" testType="13cdc9d9-ddb5-4fa4-a97d-d965ccfc6d4b" outcome="Passed" testListId="8c84fa94-04c1-424b-9868-57a2d4851a1d" relativeResultsDirectory="20e33d34-154a-450b-aa14-28bf761182ce" />
    <UnitTestResult executionId="8b2471bf-f90b-4acb-a2c2-22d2f2edb2ed" testId="499a4bba-291d-374f-711c-1097a1a52e0f" testName="Items Parameter Test(items: [SelectItem { Name = Item 1, Index = 0, Value = 1 }])" computerName="DESKTOP-HE04GST" duration="00:00:00.0024082" startTime="2023-05-07T10:58:02.5112968-04:00" endTime="2023-05-07T10:58:02.5112969-04:00" testType="13cdc9d9-ddb5-4fa4-a97d-d965ccfc6d4b" outcome="Passed" testListId="8c84fa94-04c1-424b-9868-57a2d4851a1d" relativeResultsDirectory="8b2471bf-f90b-4acb-a2c2-22d2f2edb2ed" />
    <UnitTestResult executionId="8e8f3eaa-de90-405c-8dda-7852d9003f15" testId="d1f13926-f0e0-53c6-7c36-40094af4c358" testName="PrimaryContentChild Parameter Test(expectedPrimaryCardContent: &quot;&lt;span&gt;Primary Testing Content 1&lt;/span&gt;&quot;)" computerName="DESKTOP-HE04GST" duration="00:00:00.0015174" startTime="2023-05-07T10:58:02.4262541-04:00" endTime="2023-05-07T10:58:02.4262543-04:00" testType="13cdc9d9-ddb5-4fa4-a97d-d965ccfc6d4b" outcome="Passed" testListId="8c84fa94-04c1-424b-9868-57a2d4851a1d" relativeResultsDirectory="8e8f3eaa-de90-405c-8dda-7852d9003f15" />
    <UnitTestResult executionId="13f7ba59-4b4f-4129-aa55-08100f4f36ab" testId="07ef0f4a-874b-3393-6516-96d459f1f2b1" testName="SelectedItem Parameter Test(groupIndex: 1, itemIndex: 2, itemValue: 3)" computerName="DESKTOP-HE04GST" duration="00:00:00.0114951" startTime="2023-05-07T10:58:02.3023327-04:00" endTime="2023-05-07T10:58:02.3023328-04:00" testType="13cdc9d9-ddb5-4fa4-a97d-d965ccfc6d4b" outcome="Passed" testListId="8c84fa94-04c1-424b-9868-57a2d4851a1d" relativeResultsDirectory="13f7ba59-4b4f-4129-aa55-08100f4f36ab" />
    <UnitTestResult executionId="bfed9b38-5082-48b3-896e-f05d1e1212d8" testId="4ead736c-1e06-7828-c8d6-26a8e046cf24" testName="FadeOutEnabled Parameter Test(fadeOutEnabled: True, notificationClass: &quot;info-btn&quot;)" computerName="DESKTOP-HE04GST" duration="00:00:00.0021593" startTime="2023-05-07T10:58:02.4795288-04:00" endTime="2023-05-07T10:58:02.4795290-04:00" testType="13cdc9d9-ddb5-4fa4-a97d-d965ccfc6d4b" outcome="Passed" testListId="8c84fa94-04c1-424b-9868-57a2d4851a1d" relativeResultsDirectory="bfed9b38-5082-48b3-896e-f05d1e1212d8" />
    <UnitTestResult executionId="998dc364-5d30-48a0-ae04-0af58de9a016" testId="017dd787-7959-4118-62cf-60ee3ad1f244" testName="Selected Options Parameter Render Test" computerName="DESKTOP-HE04GST" duration="00:00:00.0041539" startTime="2023-05-07T10:58:02.2421542-04:00" endTime="2023-05-07T10:58:02.2421544-04:00" testType="13cdc9d9-ddb5-4fa4-a97d-d965ccfc6d4b" outcome="Passed" testListId="8c84fa94-04c1-424b-9868-57a2d4851a1d" relativeResultsDirectory="998dc364-5d30-48a0-ae04-0af58de9a016" />
    <UnitTestResult executionId="9a1f6af6-4ccd-46e8-82ff-c270c0299535" testId="bfc4c269-8ffa-0bf9-9acb-eb4e0e390e83" testName="HeaderContentChild Parameter Test(expectedHeaderContent: &quot;&lt;span&gt;Header Testing Content 3&lt;/span&gt;&quot;)" computerName="DESKTOP-HE04GST" duration="00:00:00.0019284" startTime="2023-05-07T10:58:02.3991074-04:00" endTime="2023-05-07T10:58:02.3991076-04:00" testType="13cdc9d9-ddb5-4fa4-a97d-d965ccfc6d4b" outcome="Passed" testListId="8c84fa94-04c1-424b-9868-57a2d4851a1d" relativeResultsDirectory="9a1f6af6-4ccd-46e8-82ff-c270c0299535" />
    <UnitTestResult executionId="13edd3e9-f669-4240-9dbc-d266da5e6901" testId="0346a494-c9f4-094c-b758-2e44f1b83219" testName="PaginationLabel Parameter, Item Count Less Than Page Count Test(optIndex: 2)" computerName="DESKTOP-HE04GST" duration="00:00:00.0030913" startTime="2023-05-07T10:58:02.2343098-04:00" endTime="2023-05-07T10:58:02.2343099-04:00" testType="13cdc9d9-ddb5-4fa4-a97d-d965ccfc6d4b" outcome="Passed" testListId="8c84fa94-04c1-424b-9868-57a2d4851a1d" relativeResultsDirectory="13edd3e9-f669-4240-9dbc-d266da5e6901" />
    <UnitTestResult executionId="fe472e38-4a1f-4799-af68-3f5fbe69e233" testId="36dc42a7-cee0-b1cc-d552-729ae37edab5" testName="HeaderTemplate Parameter Test(headerTemplate: &quot;&lt;span&gt;Testing Header&lt;/span&gt;&quot;)" computerName="DESKTOP-HE04GST" duration="00:00:00.0018806" startTime="2023-05-07T10:58:02.4412733-04:00" endTime="2023-05-07T10:58:02.4412734-04:00" testType="13cdc9d9-ddb5-4fa4-a97d-d965ccfc6d4b" outcome="Passed" testListId="8c84fa94-04c1-424b-9868-57a2d4851a1d" relativeResultsDirectory="fe472e38-4a1f-4799-af68-3f5fbe69e233" />
    <UnitTestResult executionId="0af41feb-767f-4ac7-9bd7-2ee3331cc724" testId="55fb0a26-9c99-4be0-982c-ede52667b895" testName="RowsPerPageOpts Parameter Render Test(opts: [1, 3, 5])" computerName="DESKTOP-HE04GST" duration="00:00:00.0242530" startTime="2023-05-07T10:58:02.4338112-04:00" endTime="2023-05-07T10:58:02.4338113-04:00" testType="13cdc9d9-ddb5-4fa4-a97d-d965ccfc6d4b" outcome="Passed" testListId="8c84fa94-04c1-424b-9868-57a2d4851a1d" relativeResultsDirectory="0af41feb-767f-4ac7-9bd7-2ee3331cc724" />
    <UnitTestResult executionId="4f53ae51-4453-4781-b174-daa8a44f7892" testId="b4a22cc2-d8b9-fe51-d222-23927ecc5b03" testName="OnChangeCallback Parameter Test(expectedText: &quot;even more new text&quot;)" computerName="DESKTOP-HE04GST" duration="00:00:00.0043762" startTime="2023-05-07T10:58:02.2575510-04:00" endTime="2023-05-07T10:58:02.2575511-04:00" testType="13cdc9d9-ddb5-4fa4-a97d-d965ccfc6d4b" outcome="Passed" testListId="8c84fa94-04c1-424b-9868-57a2d4851a1d" relativeResultsDirectory="4f53ae51-4453-4781-b174-daa8a44f7892" />
    <UnitTestResult executionId="9f3bc167-8e81-434e-bbfe-0750f9018564" testId="17a39795-eace-ebc5-37db-b025bf49f2f8" testName="SelectedValue Parameter Test(selectedValue: 2, expectedLabel: &quot;Option 2&quot;)" computerName="DESKTOP-HE04GST" duration="00:00:00.0020412" startTime="2023-05-07T10:58:02.2416746-04:00" endTime="2023-05-07T10:58:02.2416750-04:00" testType="13cdc9d9-ddb5-4fa4-a97d-d965ccfc6d4b" outcome="Passed" testListId="8c84fa94-04c1-424b-9868-57a2d4851a1d" relativeResultsDirectory="9f3bc167-8e81-434e-bbfe-0750f9018564" />
    <UnitTestResult executionId="809b621a-c166-42fc-a567-b3bc3701a4f9" testId="81f56538-53f4-307d-7a3b-029637d6a390" testName="MenutItemIcon Parameter Test(icon: &quot;icon-2&quot;)" computerName="DESKTOP-HE04GST" duration="00:00:00.0017893" startTime="2023-05-07T10:58:02.2330460-04:00" endTime="2023-05-07T10:58:02.2330461-04:00" testType="13cdc9d9-ddb5-4fa4-a97d-d965ccfc6d4b" outcome="Passed" testListId="8c84fa94-04c1-424b-9868-57a2d4851a1d" relativeResultsDirectory="809b621a-c166-42fc-a567-b3bc3701a4f9" />
    <UnitTestResult executionId="e1da48e0-0524-4fed-8295-4997105990d9" testId="f12aee75-fa53-4c05-9706-3be9762ccebf" testName="Markup Test" computerName="DESKTOP-HE04GST" duration="00:00:00.0099946" startTime="2023-05-07T10:58:02.2536990-04:00" endTime="2023-05-07T10:58:02.2536992-04:00" testType="13cdc9d9-ddb5-4fa4-a97d-d965ccfc6d4b" outcome="Passed" testListId="8c84fa94-04c1-424b-9868-57a2d4851a1d" relativeResultsDirectory="e1da48e0-0524-4fed-8295-4997105990d9" />
    <UnitTestResult executionId="0e373d55-e191-47fa-ad56-2a2bb21f18ad" testId="a41dcb24-b89d-3f22-c149-d98a0341724c" testName="Headings Parameter Test(headings: [TableHeadingItem { DisplayName = ID, OrderColumn = ID }])" computerName="DESKTOP-HE04GST" duration="00:00:00.0027984" startTime="2023-05-07T10:58:02.5604488-04:00" endTime="2023-05-07T10:58:02.5604490-04:00" testType="13cdc9d9-ddb5-4fa4-a97d-d965ccfc6d4b" outcome="Passed" testListId="8c84fa94-04c1-424b-9868-57a2d4851a1d" relativeResultsDirectory="0e373d55-e191-47fa-ad56-2a2bb21f18ad" />
    <UnitTestResult executionId="28ecdb73-b6d9-4f96-8e43-6b4107eb1ac7" testId="91cab3e6-f6e6-ffd2-a883-2556c43bc8c0" testName="NotificationBar Click Test(btnClass: &quot;success-btn&quot;, expectedType: typeof(Carlton.Base.Components.SuccessNotification))" computerName="DESKTOP-HE04GST" duration="00:00:00.0033385" startTime="2023-05-07T10:58:02.5028727-04:00" endTime="2023-05-07T10:58:02.5028729-04:00" testType="13cdc9d9-ddb5-4fa4-a97d-d965ccfc6d4b" outcome="Passed" testListId="8c84fa94-04c1-424b-9868-57a2d4851a1d" relativeResultsDirectory="28ecdb73-b6d9-4f96-8e43-6b4107eb1ac7" />
    <UnitTestResult executionId="2c26b2db-7407-428f-9aeb-8d39a523bd1a" testId="684d119b-bf29-0359-d6c0-2d83b20138f4" testName="Header Click, CSS Descending Class Test(selectedIndex: 1)" computerName="DESKTOP-HE04GST" duration="00:00:00.0124642" startTime="2023-05-07T10:58:02.4965354-04:00" endTime="2023-05-07T10:58:02.4965356-04:00" testType="13cdc9d9-ddb5-4fa4-a97d-d965ccfc6d4b" outcome="Passed" testListId="8c84fa94-04c1-424b-9868-57a2d4851a1d" relativeResultsDirectory="2c26b2db-7407-428f-9aeb-8d39a523bd1a" />
    <UnitTestResult executionId="477d5e7c-7b3e-40c6-872b-3d9b4014ee55" testId="63790d28-d6ef-2c4e-d8fa-faa3cb95b277" testName="FadeOutEnabled Parameter Test(fadeOutEnabled: False, notificationClass: &quot;warning-btn&quot;)" computerName="DESKTOP-HE04GST" duration="00:00:00.0022653" startTime="2023-05-07T10:58:02.4840823-04:00" endTime="2023-05-07T10:58:02.4840825-04:00" testType="13cdc9d9-ddb5-4fa4-a97d-d965ccfc6d4b" outcome="Passed" testListId="8c84fa94-04c1-424b-9868-57a2d4851a1d" relativeResultsDirectory="477d5e7c-7b3e-40c6-872b-3d9b4014ee55" />
    <UnitTestResult executionId="28a3e3b7-b0f1-4924-abc0-1709f4e9a6a4" testId="cfdc707a-ae9b-f825-18a1-f453709bdde0" testName="Default Active Tab, CSS Active Class Test(activeTabIndex: 2)" computerName="DESKTOP-HE04GST" duration="00:00:00.0198378" startTime="2023-05-07T10:58:02.2317933-04:00" endTime="2023-05-07T10:58:02.2317934-04:00" testType="13cdc9d9-ddb5-4fa4-a97d-d965ccfc6d4b" outcome="Passed" testListId="8c84fa94-04c1-424b-9868-57a2d4851a1d" relativeResultsDirectory="28a3e3b7-b0f1-4924-abc0-1709f4e9a6a4" />
    <UnitTestResult executionId="1cab8ee1-0fcf-4d2b-a0ad-819d966d01aa" testId="a0efe433-7d1f-0632-d7f1-eebd2a3138b2" testName="PaginationLabel Parameter Test(currentPage: 2, currentRowsPerPage: 5, expectedText: &quot;6-10 of 15&quot;)" computerName="DESKTOP-HE04GST" duration="00:00:00.0041534" startTime="2023-05-07T10:58:02.2902272-04:00" endTime="2023-05-07T10:58:02.2902273-04:00" testType="13cdc9d9-ddb5-4fa4-a97d-d965ccfc6d4b" outcome="Passed" testListId="8c84fa94-04c1-424b-9868-57a2d4851a1d" relativeResultsDirectory="1cab8ee1-0fcf-4d2b-a0ad-819d966d01aa" />
    <UnitTestResult executionId="710b4662-e8c8-4af3-9cae-bcbe41451e74" testId="e0cddd5e-2a45-1288-289d-9ff1fd5e0351" testName="MenuItems Parameter Test(items: [DropdownMenuItem { MenuItemName = Item 1, Value = 1, MenuIcon = icon-1, AccentColorIndex = 1 }, DropdownMenuItem { MenuItemName = Item 2, Value = 2, MenuIcon = icon-2, AccentColorIndex = 2 }, DropdownMenuItem { MenuItemName = Item 3, Value = 3, MenuIcon = icon-3, AccentColorIndex = 3 }])" computerName="DESKTOP-HE04GST" duration="00:00:00.0075068" startTime="2023-05-07T10:58:02.4323034-04:00" endTime="2023-05-07T10:58:02.4323036-04:00" testType="13cdc9d9-ddb5-4fa4-a97d-d965ccfc6d4b" outcome="Passed" testListId="8c84fa94-04c1-424b-9868-57a2d4851a1d" relativeResultsDirectory="710b4662-e8c8-4af3-9cae-bcbe41451e74" />
    <UnitTestResult executionId="26a4eb3a-9062-4e47-9f60-f9ebe69f9f37" testId="7ad3de30-3ed1-60e8-cd6f-96cecd09cd80" testName="IconClass Parameter Test(expectedIconClass: &quot;icon-class-test-1&quot;)" computerName="DESKTOP-HE04GST" duration="00:00:00.0014564" startTime="2023-05-07T10:58:02.4411156-04:00" endTime="2023-05-07T10:58:02.4411158-04:00" testType="13cdc9d9-ddb5-4fa4-a97d-d965ccfc6d4b" outcome="Passed" testListId="8c84fa94-04c1-424b-9868-57a2d4851a1d" relativeResultsDirectory="26a4eb3a-9062-4e47-9f60-f9ebe69f9f37" />
    <UnitTestResult executionId="bc55e97f-a232-4110-9970-f733dd7fb0fe" testId="1d780e53-4d1b-27c4-bd74-c65d8cf44778" testName="Item Click Test(selectedIndex: 1, expectedValue: 2)" computerName="DESKTOP-HE04GST" duration="00:00:00.0024808" startTime="2023-05-07T10:58:02.4764386-04:00" endTime="2023-05-07T10:58:02.4764387-04:00" testType="13cdc9d9-ddb5-4fa4-a97d-d965ccfc6d4b" outcome="Passed" testListId="8c84fa94-04c1-424b-9868-57a2d4851a1d" relativeResultsDirectory="bc55e97f-a232-4110-9970-f733dd7fb0fe" />
    <UnitTestResult executionId="bb511b11-52a5-44b4-b214-d5fa66ddd126" testId="04a5b1b1-3a10-f4f6-371a-04cf46ac4cb9" testName="RowTemplate Parameter Test(rowTemplate: &quot;&lt;div class=\&quot;test-row\&quot;&gt;&lt;span&gt;Template {0}{1}{2}&lt;/&quot;...)" computerName="DESKTOP-HE04GST" duration="00:00:00.0015610" startTime="2023-05-07T10:58:02.5818498-04:00" endTime="2023-05-07T10:58:02.5818500-04:00" testType="13cdc9d9-ddb5-4fa4-a97d-d965ccfc6d4b" outcome="Passed" testListId="8c84fa94-04c1-424b-9868-57a2d4851a1d" relativeResultsDirectory="bb511b11-52a5-44b4-b214-d5fa66ddd126" />
    <UnitTestResult executionId="5f5bd90c-f1c0-4a6b-9a0d-59962eed32fa" testId="af848a1f-f111-f492-606c-888928ebb663" testName="IsTestMode Parameter False Test" computerName="DESKTOP-HE04GST" duration="00:00:00.0022619" startTime="2023-05-07T10:58:02.5276521-04:00" endTime="2023-05-07T10:58:02.5276524-04:00" testType="13cdc9d9-ddb5-4fa4-a97d-d965ccfc6d4b" outcome="Passed" testListId="8c84fa94-04c1-424b-9868-57a2d4851a1d" relativeResultsDirectory="5f5bd90c-f1c0-4a6b-9a0d-59962eed32fa" />
    <UnitTestResult executionId="7fd5cad9-f254-4c1a-a1dd-87fde338ff70" testId="d795c0a8-9a9f-f433-ed96-af7d3460b21c" testName="Header Click Twice Test(expected: (2, System.Collections.ObjectModel.ReadOnlyCollection`1[Carlton.Base.Components.Test.TableTestHelper+TableTestObject]))" computerName="DESKTOP-HE04GST" duration="00:00:00.0039927" startTime="2023-05-07T10:58:02.6476821-04:00" endTime="2023-05-07T10:58:02.6476824-04:00" testType="13cdc9d9-ddb5-4fa4-a97d-d965ccfc6d4b" outcome="Passed" testListId="8c84fa94-04c1-424b-9868-57a2d4851a1d" relativeResultsDirectory="7fd5cad9-f254-4c1a-a1dd-87fde338ff70" />
    <UnitTestResult executionId="66d7ed43-4ace-45e9-9d7a-3cbdc20566fb" testId="470612f3-9e40-7de7-9e4d-fde6f04f5483" testName="Header Click, CSS Selected Class Test(selectedIndex: 0)" computerName="DESKTOP-HE04GST" duration="00:00:00.0019107" startTime="2023-05-07T10:58:02.5369392-04:00" endTime="2023-05-07T10:58:02.5369393-04:00" testType="13cdc9d9-ddb5-4fa4-a97d-d965ccfc6d4b" outcome="Passed" testListId="8c84fa94-04c1-424b-9868-57a2d4851a1d" relativeResultsDirectory="66d7ed43-4ace-45e9-9d7a-3cbdc20566fb" />
    <UnitTestResult executionId="1c745141-2566-4bf8-96d9-9f42b46702fe" testId="efc4d7a7-1c02-52fb-6651-83720e62b6e4" testName="Content Parameter Test(expectedContent: &quot;&lt;div class=\&quot;test-content\&quot;&gt;Here is some test cont&quot;...)" computerName="DESKTOP-HE04GST" duration="00:00:00.0078767" startTime="2023-05-07T10:58:02.4162213-04:00" endTime="2023-05-07T10:58:02.4162214-04:00" testType="13cdc9d9-ddb5-4fa4-a97d-d965ccfc6d4b" outcome="Passed" testListId="8c84fa94-04c1-424b-9868-57a2d4851a1d" relativeResultsDirectory="1c745141-2566-4bf8-96d9-9f42b46702fe" />
    <UnitTestResult executionId="345742bf-4d64-4984-a813-fdf329f5f799" testId="486e9ba1-e753-20ca-0c09-62b671e1cc0c" testName="Markup Test" computerName="DESKTOP-HE04GST" duration="00:00:00.0037103" startTime="2023-05-07T10:58:02.3601173-04:00" endTime="2023-05-07T10:58:02.3601175-04:00" testType="13cdc9d9-ddb5-4fa4-a97d-d965ccfc6d4b" outcome="Passed" testListId="8c84fa94-04c1-424b-9868-57a2d4851a1d" relativeResultsDirectory="345742bf-4d64-4984-a813-fdf329f5f799" />
    <UnitTestResult executionId="bbf72333-3aa0-4ee8-800b-361bcaf1b5c9" testId="9e67d4f4-b484-92be-3e40-b0308bf16bd7" testName="Header Click Once Test(columnIndex: 0, expectedColumnName: &quot;ID&quot;)" computerName="DESKTOP-HE04GST" duration="00:00:00.0022650" startTime="2023-05-07T10:58:02.5276858-04:00" endTime="2023-05-07T10:58:02.5276859-04:00" testType="13cdc9d9-ddb5-4fa4-a97d-d965ccfc6d4b" outcome="Passed" testListId="8c84fa94-04c1-424b-9868-57a2d4851a1d" relativeResultsDirectory="bbf72333-3aa0-4ee8-800b-361bcaf1b5c9" />
    <UnitTestResult executionId="b31e0d96-ad27-4a0c-ab5f-dae065466ac7" testId="c85d0da6-be6a-5a9a-569e-4867226fc3d6" testName="NotificationBar Click Test(btnClass: &quot;error-btn&quot;, expectedType: typeof(Carlton.Base.Components.ErrorNotification))" computerName="DESKTOP-HE04GST" duration="00:00:00.0023236" startTime="2023-05-07T10:58:02.5085500-04:00" endTime="2023-05-07T10:58:02.5085502-04:00" testType="13cdc9d9-ddb5-4fa4-a97d-d965ccfc6d4b" outcome="Passed" testListId="8c84fa94-04c1-424b-9868-57a2d4851a1d" relativeResultsDirectory="b31e0d96-ad27-4a0c-ab5f-dae065466ac7" />
    <UnitTestResult executionId="95c25a9e-dca9-453f-bfbc-fcef7ba0bd49" testId="7f6a9984-6418-1329-1ddd-ff46325f35f0" testName="Default Active Tab, CSS Active Class Test(activeTabIndex: 1)" computerName="DESKTOP-HE04GST" duration="00:00:00.0054342" startTime="2023-05-07T10:58:02.2373233-04:00" endTime="2023-05-07T10:58:02.2373234-04:00" testType="13cdc9d9-ddb5-4fa4-a97d-d965ccfc6d4b" outcome="Passed" testListId="8c84fa94-04c1-424b-9868-57a2d4851a1d" relativeResultsDirectory="95c25a9e-dca9-453f-bfbc-fcef7ba0bd49" />
    <UnitTestResult executionId="9648bb41-fd0e-4f37-9f55-41aedf85384a" testId="499a4bba-291d-374f-711c-1097a1a52e0f" testName="Items Parameter Test(items: [SelectItem { Name = Item 1, Index = 0, Value = 1 }, SelectItem { Name = Item 2, Index = 1, Value = 2 }, SelectItem { Name = Item 3, Index = 2, Value = 3 }])" computerName="DESKTOP-HE04GST" duration="00:00:00.0017343" startTime="2023-05-07T10:58:02.5201904-04:00" endTime="2023-05-07T10:58:02.5201905-04:00" testType="13cdc9d9-ddb5-4fa4-a97d-d965ccfc6d4b" outcome="Passed" testListId="8c84fa94-04c1-424b-9868-57a2d4851a1d" relativeResultsDirectory="9648bb41-fd0e-4f37-9f55-41aedf85384a" />
    <UnitTestResult executionId="cce187f5-eaea-40b7-ac79-78561dafd7fa" testId="4c3c8efe-8bf5-8a38-a5a0-de9721f93478" testName="Header Click, CSS Selected Class Test(selectedIndex: 1)" computerName="DESKTOP-HE04GST" duration="00:00:00.0016031" startTime="2023-05-07T10:58:02.5349421-04:00" endTime="2023-05-07T10:58:02.5349423-04:00" testType="13cdc9d9-ddb5-4fa4-a97d-d965ccfc6d4b" outcome="Passed" testListId="8c84fa94-04c1-424b-9868-57a2d4851a1d" relativeResultsDirectory="cce187f5-eaea-40b7-ac79-78561dafd7fa" />
    <UnitTestResult executionId="92276176-2fb6-404c-9524-9254171019b2" testId="17369e9f-e0bd-1c7b-7945-dea8f9bd2825" testName="OrderColumn and OrderDirection Parameter Test(columnName: &quot;CreatedDate&quot;, columnIndex: 2, orderAscending: False)" computerName="DESKTOP-HE04GST" duration="00:00:00.0018561" startTime="2023-05-07T10:58:02.4625521-04:00" endTime="2023-05-07T10:58:02.4625522-04:00" testType="13cdc9d9-ddb5-4fa4-a97d-d965ccfc6d4b" outcome="Passed" testListId="8c84fa94-04c1-424b-9868-57a2d4851a1d" relativeResultsDirectory="92276176-2fb6-404c-9524-9254171019b2" />
    <UnitTestResult executionId="2db69c78-f73a-4965-b7fb-c3aa872ef746" testId="571e52cc-9e6a-e23f-26e7-d7422fa96287" testName="MenuItem Click Test" computerName="DESKTOP-HE04GST" duration="00:00:00.0184634" startTime="2023-05-07T10:58:02.4011591-04:00" endTime="2023-05-07T10:58:02.4011592-04:00" testType="13cdc9d9-ddb5-4fa4-a97d-d965ccfc6d4b" outcome="Passed" testListId="8c84fa94-04c1-424b-9868-57a2d4851a1d" relativeResultsDirectory="2db69c78-f73a-4965-b7fb-c3aa872ef746" />
    <UnitTestResult executionId="08d045a6-d417-4eda-8f04-33e9da1f47b6" testId="b71d196b-5d7d-7218-f948-d0c24d038ef9" testName="MenuItemTemplate Parameter Test" computerName="DESKTOP-HE04GST" duration="00:00:00.0040659" startTime="2023-05-07T10:58:02.4053239-04:00" endTime="2023-05-07T10:58:02.4053240-04:00" testType="13cdc9d9-ddb5-4fa4-a97d-d965ccfc6d4b" outcome="Passed" testListId="8c84fa94-04c1-424b-9868-57a2d4851a1d" relativeResultsDirectory="08d045a6-d417-4eda-8f04-33e9da1f47b6" />
    <UnitTestResult executionId="93204165-b441-4689-9e10-17ba95936a37" testId="8604c345-8857-b944-5bd1-a96a9a067ba4" testName="IsExpanded Parameter Test(isExpanded: False, expectedClass: &quot;mdi-plus-box-outline&quot;)" computerName="DESKTOP-HE04GST" duration="00:00:00.0027859" startTime="2023-05-07T10:58:02.4574453-04:00" endTime="2023-05-07T10:58:02.4574455-04:00" testType="13cdc9d9-ddb5-4fa4-a97d-d965ccfc6d4b" outcome="Passed" testListId="8c84fa94-04c1-424b-9868-57a2d4851a1d" relativeResultsDirectory="93204165-b441-4689-9e10-17ba95936a37" />
    <UnitTestResult executionId="8b30e7dc-2160-48d5-848d-6c7dea75f066" testId="55fb0a26-9c99-4be0-982c-ede52667b895" testName="RowsPerPageOpts Parameter Render Test(opts: [2])" computerName="DESKTOP-HE04GST" duration="00:00:00.0160213" startTime="2023-05-07T10:58:02.4489763-04:00" endTime="2023-05-07T10:58:02.4489767-04:00" testType="13cdc9d9-ddb5-4fa4-a97d-d965ccfc6d4b" outcome="Passed" testListId="8c84fa94-04c1-424b-9868-57a2d4851a1d" relativeResultsDirectory="8b30e7dc-2160-48d5-848d-6c7dea75f066" />
    <UnitTestResult executionId="ca248b5c-93ce-4fea-937f-1304e6139fdf" testId="fc7b79c7-3523-04fd-60af-a22152a3cdb2" testName="Options Parameter Tests(opts: [[&quot;Item 1&quot;] = 1, [&quot;Item 2&quot;] = 2, [&quot;Item 3&quot;] = 3])" computerName="DESKTOP-HE04GST" duration="00:00:00.0021168" startTime="2023-05-07T10:58:02.2293736-04:00" endTime="2023-05-07T10:58:02.2293737-04:00" testType="13cdc9d9-ddb5-4fa4-a97d-d965ccfc6d4b" outcome="Passed" testListId="8c84fa94-04c1-424b-9868-57a2d4851a1d" relativeResultsDirectory="ca248b5c-93ce-4fea-937f-1304e6139fdf" />
    <UnitTestResult executionId="455c6530-ce7f-4f51-8cbe-1b746da61f28" testId="abac6730-0dfa-768f-44d6-3d8c55284461" testName="ItemsChangedCallback Parameter Test(currentPage: 3, optIndex: 2, expectedSkip: 0, expectedTake: 15)" computerName="DESKTOP-HE04GST" duration="00:00:00.0319935" startTime="2023-05-07T10:58:02.3854416-04:00" endTime="2023-05-07T10:58:02.3854418-04:00" testType="13cdc9d9-ddb5-4fa4-a97d-d965ccfc6d4b" outcome="Passed" testListId="8c84fa94-04c1-424b-9868-57a2d4851a1d" relativeResultsDirectory="455c6530-ce7f-4f51-8cbe-1b746da61f28" />
    <UnitTestResult executionId="34d9de7e-d7d4-4a02-9612-7d21f70a350d" testId="0e19d662-3eda-75d2-8b4e-f3c96f6d0a88" testName="ValueChangedCallback Parameter Test(index: 2)" computerName="DESKTOP-HE04GST" duration="00:00:00.0035503" startTime="2023-05-07T10:58:02.2387359-04:00" endTime="2023-05-07T10:58:02.2387360-04:00" testType="13cdc9d9-ddb5-4fa4-a97d-d965ccfc6d4b" outcome="Passed" testListId="8c84fa94-04c1-424b-9868-57a2d4851a1d" relativeResultsDirectory="34d9de7e-d7d4-4a02-9612-7d21f70a350d" />
    <UnitTestResult executionId="f64e145d-a899-408a-b2f0-17b303e2a911" testId="171104a2-6a51-5fc9-7ed0-45112a1bc210" testName="Selected Active Tab, CSS Active Class Test(activeTabIndex: 2, expectedText: &quot;&lt;span&gt;This is the third tab&lt;/span&gt;&quot;)" computerName="DESKTOP-HE04GST" duration="00:00:00.0074214" startTime="2023-05-07T10:58:02.2420209-04:00" endTime="2023-05-07T10:58:02.2420210-04:00" testType="13cdc9d9-ddb5-4fa4-a97d-d965ccfc6d4b" outcome="Passed" testListId="8c84fa94-04c1-424b-9868-57a2d4851a1d" relativeResultsDirectory="f64e145d-a899-408a-b2f0-17b303e2a911" />
    <UnitTestResult executionId="bb923560-9a36-4c90-b3b8-73c5f027fb32" testId="37edd2ee-f80c-098c-cce6-2592ce58d6a6" testName="ValueChangedCallback Parameter Test(index: 0)" computerName="DESKTOP-HE04GST" duration="00:00:00.0021556" startTime="2023-05-07T10:58:02.2389032-04:00" endTime="2023-05-07T10:58:02.2389033-04:00" testType="13cdc9d9-ddb5-4fa4-a97d-d965ccfc6d4b" outcome="Passed" testListId="8c84fa94-04c1-424b-9868-57a2d4851a1d" relativeResultsDirectory="bb923560-9a36-4c90-b3b8-73c5f027fb32" />
    <UnitTestResult executionId="802f0b55-dc52-4e56-8241-0bb1ba0cbcf8" testId="723957d6-8abc-9be3-77c2-e323767653a8" testName="OnPaginationChangedCallback Parameter Test(selectedPage: 1, selectedRowsPerPage: 15, expectedPage: 1)" computerName="DESKTOP-HE04GST" duration="00:00:00.0092807" startTime="2023-05-07T10:58:02.2434107-04:00" endTime="2023-05-07T10:58:02.2434109-04:00" testType="13cdc9d9-ddb5-4fa4-a97d-d965ccfc6d4b" outcome="Passed" testListId="8c84fa94-04c1-424b-9868-57a2d4851a1d" relativeResultsDirectory="802f0b55-dc52-4e56-8241-0bb1ba0cbcf8" />
    <UnitTestResult executionId="caa1cb48-406e-4d25-a655-cbc0d201772a" testId="8126e01a-cdcc-e7f3-dd05-3d0d1e78a7c8" testName="ActionBarContentChild Parameter Test(expectedActionBarContent: &quot;ActionBar Testing Content 1&quot;)" computerName="DESKTOP-HE04GST" duration="00:00:00.0026097" startTime="2023-05-07T10:58:02.3863868-04:00" endTime="2023-05-07T10:58:02.3863870-04:00" testType="13cdc9d9-ddb5-4fa4-a97d-d965ccfc6d4b" outcome="Passed" testListId="8c84fa94-04c1-424b-9868-57a2d4851a1d" relativeResultsDirectory="caa1cb48-406e-4d25-a655-cbc0d201772a" />
    <UnitTestResult executionId="0fe434c2-a156-4b5d-8400-6788c091a4d9" testId="d795c0a8-9a9f-f433-ed96-af7d3460b21c" testName="Header Click Twice Test(expected: (0, System.Collections.ObjectModel.ReadOnlyCollection`1[Carlton.Base.Components.Test.TableTestHelper+TableTestObject]))" computerName="DESKTOP-HE04GST" duration="00:00:00.0107227" startTime="2023-05-07T10:58:02.6356919-04:00" endTime="2023-05-07T10:58:02.6356923-04:00" testType="13cdc9d9-ddb5-4fa4-a97d-d965ccfc6d4b" outcome="Passed" testListId="8c84fa94-04c1-424b-9868-57a2d4851a1d" relativeResultsDirectory="0fe434c2-a156-4b5d-8400-6788c091a4d9" />
    <UnitTestResult executionId="ad6ae3dd-b309-4da5-a9e9-8bc8dd33a898" testId="2ede1c93-1a23-c618-a45a-75a973ec060c" testName="RowsPerPageOpts Parameter Test(rowsPerPageOpts: [5, 10, 15, 20, 25])" computerName="DESKTOP-HE04GST" duration="00:00:00.0014058" startTime="2023-05-07T10:58:02.6243343-04:00" endTime="2023-05-07T10:58:02.6243344-04:00" testType="13cdc9d9-ddb5-4fa4-a97d-d965ccfc6d4b" outcome="Passed" testListId="8c84fa94-04c1-424b-9868-57a2d4851a1d" relativeResultsDirectory="ad6ae3dd-b309-4da5-a9e9-8bc8dd33a898" />
    <UnitTestResult executionId="e2b65532-ab4c-468d-aa7a-848833cb89a3" testId="06c68ee5-4115-5846-7fc3-9d60a4e87d30" testName="ShowDisplayIcon Parameter Test(showDisplayIcon: False)" computerName="DESKTOP-HE04GST" duration="00:00:00.0031160" startTime="2023-05-07T10:58:02.2573783-04:00" endTime="2023-05-07T10:58:02.2573784-04:00" testType="13cdc9d9-ddb5-4fa4-a97d-d965ccfc6d4b" outcome="Passed" testListId="8c84fa94-04c1-424b-9868-57a2d4851a1d" relativeResultsDirectory="e2b65532-ab4c-468d-aa7a-848833cb89a3" />
    <UnitTestResult executionId="374a5a93-2dea-4b2c-9044-06d94ccfb04c" testId="a0d5f268-093a-ce20-e2cc-9639f69015bc" testName="PrimaryContentChild Parameter Test(expectedPrimaryCardContent: &quot;&lt;span&gt;Primary Testing Content 3&lt;/span&gt;&quot;)" computerName="DESKTOP-HE04GST" duration="00:00:00.0017431" startTime="2023-05-07T10:58:02.4232507-04:00" endTime="2023-05-07T10:58:02.4232508-04:00" testType="13cdc9d9-ddb5-4fa4-a97d-d965ccfc6d4b" outcome="Passed" testListId="8c84fa94-04c1-424b-9868-57a2d4851a1d" relativeResultsDirectory="374a5a93-2dea-4b2c-9044-06d94ccfb04c" />
    <UnitTestResult executionId="34d2e535-434f-4794-b5a6-9829e0036d4e" testId="edcac07c-0187-8feb-c533-c6a6f3a28b60" testName="ReadOnly Parameter Test(isReadOnly: False)" computerName="DESKTOP-HE04GST" duration="00:00:00.0026256" startTime="2023-05-07T10:58:02.2564118-04:00" endTime="2023-05-07T10:58:02.2564120-04:00" testType="13cdc9d9-ddb5-4fa4-a97d-d965ccfc6d4b" outcome="Passed" testListId="8c84fa94-04c1-424b-9868-57a2d4851a1d" relativeResultsDirectory="34d2e535-434f-4794-b5a6-9829e0036d4e" />
    <UnitTestResult executionId="699b2317-a39e-4163-b9da-2e78868373ed" testId="d1dda812-a522-3dfd-f226-01661877f3cd" testName="OnPaginationChangedCallback Parameter Test(selectedPage: 3, selectedRowsPerPage: 5, expectedPage: 3)" computerName="DESKTOP-HE04GST" duration="00:00:00.0044466" startTime="2023-05-07T10:58:02.2533870-04:00" endTime="2023-05-07T10:58:02.2533871-04:00" testType="13cdc9d9-ddb5-4fa4-a97d-d965ccfc6d4b" outcome="Passed" testListId="8c84fa94-04c1-424b-9868-57a2d4851a1d" relativeResultsDirectory="699b2317-a39e-4163-b9da-2e78868373ed" />
    <UnitTestResult executionId="5975af43-4956-4e40-bd09-b1494f8dfc9c" testId="2eb286f0-704e-1041-cbe7-249a3f01188e" testName="OnPaginationChangedCallback Parameter Test(selectedPage: 1, selectedRowsPerPage: 10, expectedPage: 1)" computerName="DESKTOP-HE04GST" duration="00:00:00.0031928" startTime="2023-05-07T10:58:02.2390042-04:00" endTime="2023-05-07T10:58:02.2390043-04:00" testType="13cdc9d9-ddb5-4fa4-a97d-d965ccfc6d4b" outcome="Passed" testListId="8c84fa94-04c1-424b-9868-57a2d4851a1d" relativeResultsDirectory="5975af43-4956-4e40-bd09-b1494f8dfc9c" />
    <UnitTestResult executionId="70cecad2-8e8f-449a-ad67-4dbcb08dac28" testId="7cfa6867-ebb1-e0dd-508a-8497d7fa54a0" testName="Selected Active Tab, CSS Active Class Test(activeTabIndex: 0, expectedText: &quot;&lt;span&gt;This is the first tab&lt;/span&gt;&quot;)" computerName="DESKTOP-HE04GST" duration="00:00:00.0236576" startTime="2023-05-07T10:58:02.2403703-04:00" endTime="2023-05-07T10:58:02.2403704-04:00" testType="13cdc9d9-ddb5-4fa4-a97d-d965ccfc6d4b" outcome="Passed" testListId="8c84fa94-04c1-424b-9868-57a2d4851a1d" relativeResultsDirectory="70cecad2-8e8f-449a-ad67-4dbcb08dac28" />
    <UnitTestResult executionId="a69d1776-2a84-4392-8326-204c57fc2750" testId="2f1882f1-d6f3-7332-d3a2-9e3758b94b59" testName="OnMenuItemSelected Parameter Test(value: 7)" computerName="DESKTOP-HE04GST" duration="00:00:00.0183339" startTime="2023-05-07T10:58:02.2315917-04:00" endTime="2023-05-07T10:58:02.2315918-04:00" testType="13cdc9d9-ddb5-4fa4-a97d-d965ccfc6d4b" outcome="Passed" testListId="8c84fa94-04c1-424b-9868-57a2d4851a1d" relativeResultsDirectory="a69d1776-2a84-4392-8326-204c57fc2750" />
    <UnitTestResult executionId="de9a9f6f-0a96-45d8-8201-366722acf834" testId="11467e6d-1446-1c33-4c35-953b21f647c3" testName="Invalid OrderColumn Parameter Test(columnName: &quot;Also Wrong&quot;)" computerName="DESKTOP-HE04GST" duration="00:00:00.0015564" startTime="2023-05-07T10:58:02.5038324-04:00" endTime="2023-05-07T10:58:02.5038326-04:00" testType="13cdc9d9-ddb5-4fa4-a97d-d965ccfc6d4b" outcome="Passed" testListId="8c84fa94-04c1-424b-9868-57a2d4851a1d" relativeResultsDirectory="de9a9f6f-0a96-45d8-8201-366722acf834" />
    <UnitTestResult executionId="7a599694-ab11-4f3c-8da6-44ef4364c34f" testId="50865f7a-d1cf-32ac-c5cb-a183385e8eca" testName="ItemsChangedCallback Parameter Test(currentPage: 2, optIndex: 0, expectedSkip: 5, expectedTake: 5)" computerName="DESKTOP-HE04GST" duration="00:00:00.0242606" startTime="2023-05-07T10:58:02.3604651-04:00" endTime="2023-05-07T10:58:02.3604652-04:00" testType="13cdc9d9-ddb5-4fa4-a97d-d965ccfc6d4b" outcome="Passed" testListId="8c84fa94-04c1-424b-9868-57a2d4851a1d" relativeResultsDirectory="7a599694-ab11-4f3c-8da6-44ef4364c34f" />
    <UnitTestResult executionId="25116144-5f25-4d27-8166-cdeb240c8567" testId="0be2e34f-6619-8975-afab-64437187ca4d" testName="Headings Parameter Test(headings: [TableHeadingItem { DisplayName = ID, OrderColumn = ID }, TableHeadingItem { DisplayName = DisplayName, OrderColumn = DisplayName }, TableHeadingItem { DisplayName = CreatedDate, OrderColumn = CreatedDate }])" computerName="DESKTOP-HE04GST" duration="00:00:00.0024281" startTime="2023-05-07T10:58:02.5551005-04:00" endTime="2023-05-07T10:58:02.5551007-04:00" testType="13cdc9d9-ddb5-4fa4-a97d-d965ccfc6d4b" outcome="Passed" testListId="8c84fa94-04c1-424b-9868-57a2d4851a1d" relativeResultsDirectory="25116144-5f25-4d27-8166-cdeb240c8567" />
    <UnitTestResult executionId="902efc95-bedd-4b41-9e50-f9d99b982b52" testId="b9366499-2fa9-2b74-777c-bd5ce9b81d50" testName="Default Active Tab, CSS Active Class Test(activeTabIndex: 0)" computerName="DESKTOP-HE04GST" duration="00:00:00.0033170" startTime="2023-05-07T10:58:02.2340378-04:00" endTime="2023-05-07T10:58:02.2340380-04:00" testType="13cdc9d9-ddb5-4fa4-a97d-d965ccfc6d4b" outcome="Passed" testListId="8c84fa94-04c1-424b-9868-57a2d4851a1d" relativeResultsDirectory="902efc95-bedd-4b41-9e50-f9d99b982b52" />
    <UnitTestResult executionId="15602e5a-157e-4401-bb14-e38eb0e8a4d2" testId="5edad639-7772-08f8-4106-625d4c43a8b3" testName="Seperator Parameter Test(expectedSeparator: &quot;|&quot;)" computerName="DESKTOP-HE04GST" duration="00:00:00.0076541" startTime="2023-05-07T10:58:02.4338968-04:00" endTime="2023-05-07T10:58:02.4338970-04:00" testType="13cdc9d9-ddb5-4fa4-a97d-d965ccfc6d4b" outcome="Passed" testListId="8c84fa94-04c1-424b-9868-57a2d4851a1d" relativeResultsDirectory="15602e5a-157e-4401-bb14-e38eb0e8a4d2" />
    <UnitTestResult executionId="04786ea4-550c-476b-b4fc-9ffda27bf6eb" testId="0da18184-c20f-d5ad-bc5e-22dc0f1cb3a7" testName="Theme Parameter Test(theme: Red)" computerName="DESKTOP-HE04GST" duration="00:00:00.0061788" startTime="2023-05-07T10:58:02.2912639-04:00" endTime="2023-05-07T10:58:02.2912640-04:00" testType="13cdc9d9-ddb5-4fa4-a97d-d965ccfc6d4b" outcome="Passed" testListId="8c84fa94-04c1-424b-9868-57a2d4851a1d" relativeResultsDirectory="04786ea4-550c-476b-b4fc-9ffda27bf6eb" />
    <UnitTestResult executionId="91d6dffb-e0bd-445b-b7ae-ebc377e457ba" testId="8b53c199-c168-bbf7-eda1-d20e6041e2a6" testName="One Tab Test" computerName="DESKTOP-HE04GST" duration="00:00:00.4215880" startTime="2023-05-07T10:58:02.2191501-04:00" endTime="2023-05-07T10:58:02.2191503-04:00" testType="13cdc9d9-ddb5-4fa4-a97d-d965ccfc6d4b" outcome="Passed" testListId="8c84fa94-04c1-424b-9868-57a2d4851a1d" relativeResultsDirectory="91d6dffb-e0bd-445b-b7ae-ebc377e457ba" />
    <UnitTestResult executionId="106b24be-c2c1-40d7-84c0-9e3c536610d6" testId="f8e87052-3c31-7772-0006-d96208939871" testName="Count Parameter Test(count: 30)" computerName="DESKTOP-HE04GST" duration="00:00:00.0174168" startTime="2023-05-07T10:58:02.2576312-04:00" endTime="2023-05-07T10:58:02.2576313-04:00" testType="13cdc9d9-ddb5-4fa4-a97d-d965ccfc6d4b" outcome="Passed" testListId="8c84fa94-04c1-424b-9868-57a2d4851a1d" relativeResultsDirectory="106b24be-c2c1-40d7-84c0-9e3c536610d6" />
    <UnitTestResult executionId="0e0042cc-f6d3-4a46-a115-a13390c61a6e" testId="41b926d3-3d70-b9d0-fd5a-db49635794a4" testName="TopRight Parameter Test(top: 7, right: 7, expectedResult: &quot;top:7px;right:7px;&quot;)" computerName="DESKTOP-HE04GST" duration="00:00:00.0025605" startTime="2023-05-07T10:58:02.5200078-04:00" endTime="2023-05-07T10:58:02.5200080-04:00" testType="13cdc9d9-ddb5-4fa4-a97d-d965ccfc6d4b" outcome="Passed" testListId="8c84fa94-04c1-424b-9868-57a2d4851a1d" relativeResultsDirectory="0e0042cc-f6d3-4a46-a115-a13390c61a6e" />
    <UnitTestResult executionId="faefab65-3957-4d22-ba02-162afbf6b965" testId="4fc3bf72-5878-f9f1-8f88-5cc276408beb" testName="Default Active Tab, CSS Active Class Test(activeTabIndex: 0)" computerName="DESKTOP-HE04GST" duration="00:00:00.0032777" startTime="2023-05-07T10:58:02.2385635-04:00" endTime="2023-05-07T10:58:02.2385635-04:00" testType="13cdc9d9-ddb5-4fa4-a97d-d965ccfc6d4b" outcome="Passed" testListId="8c84fa94-04c1-424b-9868-57a2d4851a1d" relativeResultsDirectory="faefab65-3957-4d22-ba02-162afbf6b965" />
    <UnitTestResult executionId="c533f711-eb12-4afd-a06f-c8693fb6eafd" testId="691771b2-9881-2584-0382-8b2d381324cf" testName="FadeOutEnabled Parameter Test(fadeOutEnabled: True, notificationClass: &quot;error-btn&quot;)" computerName="DESKTOP-HE04GST" duration="00:00:00.0020646" startTime="2023-05-07T10:58:02.4772385-04:00" endTime="2023-05-07T10:58:02.4772387-04:00" testType="13cdc9d9-ddb5-4fa4-a97d-d965ccfc6d4b" outcome="Passed" testListId="8c84fa94-04c1-424b-9868-57a2d4851a1d" relativeResultsDirectory="c533f711-eb12-4afd-a06f-c8693fb6eafd" />
    <UnitTestResult executionId="d9ffb8b0-35c4-41e9-9a17-5ec9ca0123b6" testId="d6ebcc12-cfb0-53aa-98c4-6cc50d60c9db" testName="CardTitle Parameter Test(title: &quot;Test Title 3&quot;)" computerName="DESKTOP-HE04GST" duration="00:00:00.0021993" startTime="2023-05-07T10:58:02.3532769-04:00" endTime="2023-05-07T10:58:02.3532770-04:00" testType="13cdc9d9-ddb5-4fa4-a97d-d965ccfc6d4b" outcome="Passed" testListId="8c84fa94-04c1-424b-9868-57a2d4851a1d" relativeResultsDirectory="d9ffb8b0-35c4-41e9-9a17-5ec9ca0123b6" />
    <UnitTestResult executionId="f4989cee-a980-4062-84b2-89ee26a942a1" testId="5770f1a8-6ef2-8f70-7afe-af85c0fe7780" testName="Header Click, CSS Ascending Class Test(selectedIndex: 0)" computerName="DESKTOP-HE04GST" duration="00:00:00.0026359" startTime="2023-05-07T10:58:02.5200948-04:00" endTime="2023-05-07T10:58:02.5200948-04:00" testType="13cdc9d9-ddb5-4fa4-a97d-d965ccfc6d4b" outcome="Passed" testListId="8c84fa94-04c1-424b-9868-57a2d4851a1d" relativeResultsDirectory="f4989cee-a980-4062-84b2-89ee26a942a1" />
    <UnitTestResult executionId="8e6e3113-0a22-4be2-8d88-13d55c6dff00" testId="10e3d357-1906-14db-33eb-5f09e282e5ed" testName="SelectedItem Parameter Test(groupIndex: 0, itemIndex: 0, itemValue: 1)" computerName="DESKTOP-HE04GST" duration="00:00:00.0211140" startTime="2023-05-07T10:58:02.2832653-04:00" endTime="2023-05-07T10:58:02.2832655-04:00" testType="13cdc9d9-ddb5-4fa4-a97d-d965ccfc6d4b" outcome="Passed" testListId="8c84fa94-04c1-424b-9868-57a2d4851a1d" relativeResultsDirectory="8e6e3113-0a22-4be2-8d88-13d55c6dff00" />
    <UnitTestResult executionId="f369caa3-6f7e-479d-8c5c-65033219d21f" testId="7f9ad7c1-2677-a538-72d9-c606ba0c8487" testName="OrderColumn and OrderDirection Parameter Test(columnName: &quot;CreatedDate&quot;, columnIndex: 2, orderAscending: True)" computerName="DESKTOP-HE04GST" duration="00:00:00.0042062" startTime="2023-05-07T10:58:02.4530157-04:00" endTime="2023-05-07T10:58:02.4530159-04:00" testType="13cdc9d9-ddb5-4fa4-a97d-d965ccfc6d4b" outcome="Passed" testListId="8c84fa94-04c1-424b-9868-57a2d4851a1d" relativeResultsDirectory="f369caa3-6f7e-479d-8c5c-65033219d21f" />
    <UnitTestResult executionId="277a4008-5798-46b8-baf9-007ca50f3780" testId="d2c9aff5-47d5-b79a-c0eb-4e831caf7a21" testName="Item Count, Right Chevron Enabled Test(itemCount: 50)" computerName="DESKTOP-HE04GST" duration="00:00:00.0021101" startTime="2023-05-07T10:58:02.4063334-04:00" endTime="2023-05-07T10:58:02.4063335-04:00" testType="13cdc9d9-ddb5-4fa4-a97d-d965ccfc6d4b" outcome="Passed" testListId="8c84fa94-04c1-424b-9868-57a2d4851a1d" relativeResultsDirectory="277a4008-5798-46b8-baf9-007ca50f3780" />
    <UnitTestResult executionId="f6f7b62e-fab3-43dd-a666-dff49ce96675" testId="d18b6434-c864-afc2-ce16-b7274bf9826f" testName="IsCollapsed Parameter Test(isCollapsed: True)" computerName="DESKTOP-HE04GST" duration="00:00:00.0023006" startTime="2023-05-07T10:58:02.1086974-04:00" endTime="2023-05-07T10:58:02.1086976-04:00" testType="13cdc9d9-ddb5-4fa4-a97d-d965ccfc6d4b" outcome="Passed" testListId="8c84fa94-04c1-424b-9868-57a2d4851a1d" relativeResultsDirectory="f6f7b62e-fab3-43dd-a666-dff49ce96675" />
    <UnitTestResult executionId="3914e663-c6da-4600-a8eb-752b013c01b0" testId="526c9bb8-1995-0684-2f22-aa3400de016f" testName="OnPaginationChangedCallback Parameter Test(selectedPage: 2, selectedRowsPerPage: 5, expectedPage: 2)" computerName="DESKTOP-HE04GST" duration="00:00:00.0033742" startTime="2023-05-07T10:58:02.2374552-04:00" endTime="2023-05-07T10:58:02.2374553-04:00" testType="13cdc9d9-ddb5-4fa4-a97d-d965ccfc6d4b" outcome="Passed" testListId="8c84fa94-04c1-424b-9868-57a2d4851a1d" relativeResultsDirectory="3914e663-c6da-4600-a8eb-752b013c01b0" />
    <UnitTestResult executionId="86853af8-2116-4aca-97d0-864260c0bdc0" testId="69a8af49-3dfe-560f-907d-c6f19402dc4c" testName="Default Active Tab, Render Test" computerName="DESKTOP-HE04GST" duration="00:00:00.0425745" startTime="2023-05-07T10:58:02.3615202-04:00" endTime="2023-05-07T10:58:02.3615203-04:00" testType="13cdc9d9-ddb5-4fa4-a97d-d965ccfc6d4b" outcome="Passed" testListId="8c84fa94-04c1-424b-9868-57a2d4851a1d" relativeResultsDirectory="86853af8-2116-4aca-97d0-864260c0bdc0" />
    <UnitTestResult executionId="1448cdff-21e5-415e-9321-7fe6a5aec3de" testId="abec9a13-deaf-e930-46a3-bb5a190e831a" testName="ItemsChangedCallback Parameter Test(currentPage: 1, optIndex: 0, expectedSkip: 0, expectedTake: 5)" computerName="DESKTOP-HE04GST" duration="00:00:00.0124185" startTime="2023-05-07T10:58:02.4032292-04:00" endTime="2023-05-07T10:58:02.4032294-04:00" testType="13cdc9d9-ddb5-4fa4-a97d-d965ccfc6d4b" outcome="Passed" testListId="8c84fa94-04c1-424b-9868-57a2d4851a1d" relativeResultsDirectory="1448cdff-21e5-415e-9321-7fe6a5aec3de" />
    <UnitTestResult executionId="dc10aee5-7730-44b3-b08e-522f45a8a7f4" testId="97987535-2968-7f77-7024-d278c34b0d82" testName="IconClass Parameter Test(expectedIconClass: &quot;icon-class-test-2&quot;)" computerName="DESKTOP-HE04GST" duration="00:00:00.0016533" startTime="2023-05-07T10:58:02.4398319-04:00" endTime="2023-05-07T10:58:02.4398321-04:00" testType="13cdc9d9-ddb5-4fa4-a97d-d965ccfc6d4b" outcome="Passed" testListId="8c84fa94-04c1-424b-9868-57a2d4851a1d" relativeResultsDirectory="dc10aee5-7730-44b3-b08e-522f45a8a7f4" />
    <UnitTestResult executionId="b45f6ec8-bcc5-4a07-8303-689c18bc68a8" testId="8bd8f64f-5b3a-ce8b-2a95-38deb100db6e" testName="Markup Test" computerName="DESKTOP-HE04GST" duration="00:00:00.0329370" startTime="2023-05-07T10:58:02.3110849-04:00" endTime="2023-05-07T10:58:02.3110850-04:00" testType="13cdc9d9-ddb5-4fa4-a97d-d965ccfc6d4b" outcome="Passed" testListId="8c84fa94-04c1-424b-9868-57a2d4851a1d" relativeResultsDirectory="b45f6ec8-bcc5-4a07-8303-689c18bc68a8" />
    <UnitTestResult executionId="73e07ce8-7309-41d8-84ff-f1824b151c27" testId="26c4603d-2ecb-30d4-f06b-7570582ea7ac" testName="Page One, Left Chevron Disabled Test" computerName="DESKTOP-HE04GST" duration="00:00:00.0030021" startTime="2023-05-07T10:58:02.3678340-04:00" endTime="2023-05-07T10:58:02.3678342-04:00" testType="13cdc9d9-ddb5-4fa4-a97d-d965ccfc6d4b" outcome="Passed" testListId="8c84fa94-04c1-424b-9868-57a2d4851a1d" relativeResultsDirectory="73e07ce8-7309-41d8-84ff-f1824b151c27" />
    <UnitTestResult executionId="93bb3ce7-a909-47bf-b77c-0049f3b87974" testId="14b71093-01d3-79b3-699f-161f58724b21" testName="OnPaginationChangedCallback Parameter Test(selectedPage: 2, selectedRowsPerPage: 10, expectedPage: 2)" computerName="DESKTOP-HE04GST" duration="00:00:00.0143023" startTime="2023-05-07T10:58:02.2417711-04:00" endTime="2023-05-07T10:58:02.2417712-04:00" testType="13cdc9d9-ddb5-4fa4-a97d-d965ccfc6d4b" outcome="Passed" testListId="8c84fa94-04c1-424b-9868-57a2d4851a1d" relativeResultsDirectory="93bb3ce7-a909-47bf-b77c-0049f3b87974" />
    <UnitTestResult executionId="dc8f77f4-21ae-4b0c-8111-24b0ff088d30" testId="5c0ec28d-c5d9-3f0b-b666-ef73fc816bf9" testName="SelectedValue Parameter Test(selectedValue: 3, expectedLabel: &quot;Option 3&quot;)" computerName="DESKTOP-HE04GST" duration="00:00:00.0150608" startTime="2023-05-07T10:58:02.2406176-04:00" endTime="2023-05-07T10:58:02.2406178-04:00" testType="13cdc9d9-ddb5-4fa4-a97d-d965ccfc6d4b" outcome="Passed" testListId="8c84fa94-04c1-424b-9868-57a2d4851a1d" relativeResultsDirectory="dc8f77f4-21ae-4b0c-8111-24b0ff088d30" />
    <UnitTestResult executionId="50fee8c6-c1ed-46f3-a7b4-5f581d8751e0" testId="c8c8c482-3662-3a70-a2ff-e4dbea2300e5" testName="Markup Test" computerName="DESKTOP-HE04GST" duration="00:00:00.0047732" startTime="2023-05-07T10:58:02.5418040-04:00" endTime="2023-05-07T10:58:02.5418041-04:00" testType="13cdc9d9-ddb5-4fa4-a97d-d965ccfc6d4b" outcome="Passed" testListId="8c84fa94-04c1-424b-9868-57a2d4851a1d" relativeResultsDirectory="50fee8c6-c1ed-46f3-a7b4-5f581d8751e0" />
    <UnitTestResult executionId="4236ed75-9cb6-48e9-9925-19b886b715a1" testId="1c0c0ede-94cf-1f31-cf90-2475a239bc38" testName="OnPaginationChangedCallback Parameter Test(selectedPage: 1, selectedRowsPerPage: 5, expectedPage: 1)" computerName="DESKTOP-HE04GST" duration="00:00:00.0028346" startTime="2023-05-07T10:58:02.2402706-04:00" endTime="2023-05-07T10:58:02.2402706-04:00" testType="13cdc9d9-ddb5-4fa4-a97d-d965ccfc6d4b" outcome="Passed" testListId="8c84fa94-04c1-424b-9868-57a2d4851a1d" relativeResultsDirectory="4236ed75-9cb6-48e9-9925-19b886b715a1" />
    <UnitTestResult executionId="f57bccfb-2202-4b83-8906-a3caa783f4db" testId="c1fd8e65-8e01-0474-0fff-7d2af4135b46" testName="ItemsChangedCallback Parameter Test(currentPage: 2, optIndex: 1, expectedSkip: 10, expectedTake: 10)" computerName="DESKTOP-HE04GST" duration="00:00:00.0131013" startTime="2023-05-07T10:58:02.4179434-04:00" endTime="2023-05-07T10:58:02.4179439-04:00" testType="13cdc9d9-ddb5-4fa4-a97d-d965ccfc6d4b" outcome="Passed" testListId="8c84fa94-04c1-424b-9868-57a2d4851a1d" relativeResultsDirectory="f57bccfb-2202-4b83-8906-a3caa783f4db" />
    <UnitTestResult executionId="b0f0b387-bd47-4eaf-b753-8c244dbe08c4" testId="9ead1186-c628-8ae9-fc32-0c702d45e94a" testName="MenuItemValue Parameter Test(value: 10)" computerName="DESKTOP-HE04GST" duration="00:00:00.0024649" startTime="2023-05-07T10:58:02.2370295-04:00" endTime="2023-05-07T10:58:02.2370296-04:00" testType="13cdc9d9-ddb5-4fa4-a97d-d965ccfc6d4b" outcome="Passed" testListId="8c84fa94-04c1-424b-9868-57a2d4851a1d" relativeResultsDirectory="b0f0b387-bd47-4eaf-b753-8c244dbe08c4" />
    <UnitTestResult executionId="0ff04541-4953-43b8-9b08-bce722118a80" testId="cb827e29-70c8-5330-47ce-9981d0ba2876" testName="HeaderTemplate Parameter Test(headerTemplate: &quot;&lt;span&gt;Event Testing Header&lt;/span&gt;&quot;)" computerName="DESKTOP-HE04GST" duration="00:00:00.0019414" startTime="2023-05-07T10:58:02.4400781-04:00" endTime="2023-05-07T10:58:02.4400783-04:00" testType="13cdc9d9-ddb5-4fa4-a97d-d965ccfc6d4b" outcome="Passed" testListId="8c84fa94-04c1-424b-9868-57a2d4851a1d" relativeResultsDirectory="0ff04541-4953-43b8-9b08-bce722118a80" />
    <UnitTestResult executionId="bb4c7b94-a37e-439b-91c6-2339487721f1" testId="177ef4bf-7531-a779-4b80-032e62efe340" testName="Markup Test" computerName="DESKTOP-HE04GST" duration="00:00:00.0113171" startTime="2023-05-07T10:58:02.4519080-04:00" endTime="2023-05-07T10:58:02.4519083-04:00" testType="13cdc9d9-ddb5-4fa4-a97d-d965ccfc6d4b" outcome="Passed" testListId="8c84fa94-04c1-424b-9868-57a2d4851a1d" relativeResultsDirectory="bb4c7b94-a37e-439b-91c6-2339487721f1" />
    <UnitTestResult executionId="94fe186d-c4b9-494d-b483-c83426f52091" testId="510b24b8-e7ed-d0e5-067c-54701224d287" testName="Label Parameter Test(labelText: &quot;Yet Another Label&quot;)" computerName="DESKTOP-HE04GST" duration="00:00:00.0041685" startTime="2023-05-07T10:58:02.2342712-04:00" endTime="2023-05-07T10:58:02.2342713-04:00" testType="13cdc9d9-ddb5-4fa4-a97d-d965ccfc6d4b" outcome="Passed" testListId="8c84fa94-04c1-424b-9868-57a2d4851a1d" relativeResultsDirectory="94fe186d-c4b9-494d-b483-c83426f52091" />
    <UnitTestResult executionId="8c29ace8-2b11-49da-ab9a-f40c8035ed9e" testId="eb2000eb-be48-b645-012d-23b04fb855fa" testName="SelectedValue Parameter Test(selectedValue: 1, expectedLabel: &quot;Option 1&quot;)" computerName="DESKTOP-HE04GST" duration="00:00:00.0017539" startTime="2023-05-07T10:58:02.2419262-04:00" endTime="2023-05-07T10:58:02.2419264-04:00" testType="13cdc9d9-ddb5-4fa4-a97d-d965ccfc6d4b" outcome="Passed" testListId="8c84fa94-04c1-424b-9868-57a2d4851a1d" relativeResultsDirectory="8c29ace8-2b11-49da-ab9a-f40c8035ed9e" />
    <UnitTestResult executionId="8c6b5b98-ff81-4def-bf4a-07889a6ed42a" testId="28e45289-e885-7685-d25c-3d36aa53824f" testName="CardSubTitle Parameter Test(subtitle: &quot;Test Subtitle 2&quot;)" computerName="DESKTOP-HE04GST" duration="00:00:00.0024018" startTime="2023-05-07T10:58:02.3024582-04:00" endTime="2023-05-07T10:58:02.3024583-04:00" testType="13cdc9d9-ddb5-4fa4-a97d-d965ccfc6d4b" outcome="Passed" testListId="8c84fa94-04c1-424b-9868-57a2d4851a1d" relativeResultsDirectory="8c6b5b98-ff81-4def-bf4a-07889a6ed42a" />
    <UnitTestResult executionId="c7a7fcf2-d636-4b3b-86a3-58b8a2e4e0e0" testId="1ff3aeae-7a63-fbe9-58e8-019dae187cfb" testName="SelectedItemChanged Callback Parameter Test(itemIndex: 1, expectedValue: 2)" computerName="DESKTOP-HE04GST" duration="00:00:00.0030787" startTime="2023-05-07T10:58:02.4826841-04:00" endTime="2023-05-07T10:58:02.4826842-04:00" testType="13cdc9d9-ddb5-4fa4-a97d-d965ccfc6d4b" outcome="Passed" testListId="8c84fa94-04c1-424b-9868-57a2d4851a1d" relativeResultsDirectory="c7a7fcf2-d636-4b3b-86a3-58b8a2e4e0e0" />
    <UnitTestResult executionId="dccfe54d-8f36-4395-aba7-299300165e31" testId="8ea35cbd-e8bd-57df-5fbe-822641e9e234" testName="IsValid Parameter Test(expectedIsValid: True)" computerName="DESKTOP-HE04GST" duration="00:00:00.0140286" startTime="2023-05-07T10:58:02.2550796-04:00" endTime="2023-05-07T10:58:02.2550797-04:00" testType="13cdc9d9-ddb5-4fa4-a97d-d965ccfc6d4b" outcome="Passed" testListId="8c84fa94-04c1-424b-9868-57a2d4851a1d" relativeResultsDirectory="dccfe54d-8f36-4395-aba7-299300165e31" />
    <UnitTestResult executionId="a22cb53f-2f25-421d-99e6-ee7fdfd9d9e0" testId="99fe2d9f-2eb0-853a-b738-215cc0d01990" testName="Header Click Once, CSS Ascending Class Test(selectedIndex: 2)" computerName="DESKTOP-HE04GST" duration="00:00:00.0085171" startTime="2023-05-07T10:58:02.5965344-04:00" endTime="2023-05-07T10:58:02.5965346-04:00" testType="13cdc9d9-ddb5-4fa4-a97d-d965ccfc6d4b" outcome="Passed" testListId="8c84fa94-04c1-424b-9868-57a2d4851a1d" relativeResultsDirectory="a22cb53f-2f25-421d-99e6-ee7fdfd9d9e0" />
    <UnitTestResult executionId="c34de6bc-de41-42bd-abe2-c930994b52c1" testId="85b3cc95-910c-ccf8-fa6c-207ac76f89b7" testName="SelectedItemChanged Callback Parameter Test(itemIndex: 2, expectedValue: 3)" computerName="DESKTOP-HE04GST" duration="00:00:00.0018331" startTime="2023-05-07T10:58:02.4876398-04:00" endTime="2023-05-07T10:58:02.4876400-04:00" testType="13cdc9d9-ddb5-4fa4-a97d-d965ccfc6d4b" outcome="Passed" testListId="8c84fa94-04c1-424b-9868-57a2d4851a1d" relativeResultsDirectory="c34de6bc-de41-42bd-abe2-c930994b52c1" />
    <UnitTestResult executionId="4907ab3d-158f-47b0-87bc-44593fa5df45" testId="01cca043-7422-59f0-8edf-1a356304b220" testName="Active Tab, Render Test(activeTabIndex: 0, expectedText: &quot;&lt;span&gt;This is the first tab&lt;/span&gt;&quot;)" computerName="DESKTOP-HE04GST" duration="00:00:00.0092332" startTime="2023-05-07T10:58:02.2358674-04:00" endTime="2023-05-07T10:58:02.2358675-04:00" testType="13cdc9d9-ddb5-4fa4-a97d-d965ccfc6d4b" outcome="Passed" testListId="8c84fa94-04c1-424b-9868-57a2d4851a1d" relativeResultsDirectory="4907ab3d-158f-47b0-87bc-44593fa5df45" />
    <UnitTestResult executionId="3824c329-4b1b-43a5-803d-4335ba29e08a" testId="f8a4fdfd-2ee1-6ccb-9204-9fa723643148" testName="MenuItemName Parameter Test(menuItemName: &quot;Test Menu Item&quot;)" computerName="DESKTOP-HE04GST" duration="00:00:00.0019608" startTime="2023-05-07T10:58:02.2356817-04:00" endTime="2023-05-07T10:58:02.2356819-04:00" testType="13cdc9d9-ddb5-4fa4-a97d-d965ccfc6d4b" outcome="Passed" testListId="8c84fa94-04c1-424b-9868-57a2d4851a1d" relativeResultsDirectory="3824c329-4b1b-43a5-803d-4335ba29e08a" />
    <UnitTestResult executionId="ed8c975d-ac6f-4d5c-b3ad-cf5a753dd631" testId="9b5468a2-4813-db67-ef8f-8ee6cb07a98d" testName="Label Parameter Test(labelText: &quot;Another Test Label&quot;)" computerName="DESKTOP-HE04GST" duration="00:00:00.0016410" startTime="2023-05-07T10:58:02.2357574-04:00" endTime="2023-05-07T10:58:02.2357575-04:00" testType="13cdc9d9-ddb5-4fa4-a97d-d965ccfc6d4b" outcome="Passed" testListId="8c84fa94-04c1-424b-9868-57a2d4851a1d" relativeResultsDirectory="ed8c975d-ac6f-4d5c-b3ad-cf5a753dd631" />
    <UnitTestResult executionId="a65b3ee0-1a6d-4747-826b-cf396f2cda7a" testId="66b8e62c-41e1-ac4c-e3ed-694c95834d4f" testName="Header Click Once Test(expected: (1, System.Collections.ObjectModel.ReadOnlyCollection`1[Carlton.Base.Components.Test.TableTestHelper+TableTestObject]))" computerName="DESKTOP-HE04GST" duration="00:00:00.0029759" startTime="2023-05-07T10:58:02.6556731-04:00" endTime="2023-05-07T10:58:02.6556734-04:00" testType="13cdc9d9-ddb5-4fa4-a97d-d965ccfc6d4b" outcome="Passed" testListId="8c84fa94-04c1-424b-9868-57a2d4851a1d" relativeResultsDirectory="a65b3ee0-1a6d-4747-826b-cf396f2cda7a" />
    <UnitTestResult executionId="61241ddc-dbec-4a43-8b4c-d7fd7261c564" testId="7017f552-29c1-e84c-7d16-ba9bc8601904" testName="ItemsChangedCallback Parameter Test(currentPage: 3, optIndex: 1, expectedSkip: 10, expectedTake: 5)" computerName="DESKTOP-HE04GST" duration="00:00:00.0221763" startTime="2023-05-07T10:58:02.3535301-04:00" endTime="2023-05-07T10:58:02.3535302-04:00" testType="13cdc9d9-ddb5-4fa4-a97d-d965ccfc6d4b" outcome="Passed" testListId="8c84fa94-04c1-424b-9868-57a2d4851a1d" relativeResultsDirectory="61241ddc-dbec-4a43-8b4c-d7fd7261c564" />
    <UnitTestResult executionId="5e3fb1ee-641c-4edb-9786-7537c70728b0" testId="1e71a163-7cc6-73ff-f5a1-2c06a14b2998" testName="Theme Parameter Test(theme: Purple)" computerName="DESKTOP-HE04GST" duration="00:00:00.0354329" startTime="2023-05-07T10:58:02.3261354-04:00" endTime="2023-05-07T10:58:02.3261355-04:00" testType="13cdc9d9-ddb5-4fa4-a97d-d965ccfc6d4b" outcome="Passed" testListId="8c84fa94-04c1-424b-9868-57a2d4851a1d" relativeResultsDirectory="5e3fb1ee-641c-4edb-9786-7537c70728b0" />
    <UnitTestResult executionId="d918e79a-7ec1-4616-85f5-1cc19e0aa648" testId="83c26dfc-7c9f-0e03-2375-8e3fadd5c926" testName="Markup Test" computerName="DESKTOP-HE04GST" duration="00:00:00.0029995" startTime="2023-05-07T10:58:02.4411922-04:00" endTime="2023-05-07T10:58:02.4411923-04:00" testType="13cdc9d9-ddb5-4fa4-a97d-d965ccfc6d4b" outcome="Passed" testListId="8c84fa94-04c1-424b-9868-57a2d4851a1d" relativeResultsDirectory="d918e79a-7ec1-4616-85f5-1cc19e0aa648" />
    <UnitTestResult executionId="1951c11f-39f5-40b2-b231-65def4c5f811" testId="0afa6e93-21df-6485-679f-9075d24581f2" testName="MenuItemAccentColorIndex Parameter Test(accentColorIndex: 2, expectedValue: &quot;accent-color-2&quot;)" computerName="DESKTOP-HE04GST" duration="00:00:00.4217811" startTime="2023-05-07T10:58:02.2195368-04:00" endTime="2023-05-07T10:58:02.2195370-04:00" testType="13cdc9d9-ddb5-4fa4-a97d-d965ccfc6d4b" outcome="Passed" testListId="8c84fa94-04c1-424b-9868-57a2d4851a1d" relativeResultsDirectory="1951c11f-39f5-40b2-b231-65def4c5f811" />
    <UnitTestResult executionId="d01c0e71-4cf4-4175-a1e0-03a7ea3701aa" testId="50c93238-4012-6df7-32db-f969a8a7c6b3" testName="MessageTemplate Parameter Test(messageTemplate: &quot;More Items Tracked by this component&quot;)" computerName="DESKTOP-HE04GST" duration="00:00:00.0027141" startTime="2023-05-07T10:58:02.2831699-04:00" endTime="2023-05-07T10:58:02.2831701-04:00" testType="13cdc9d9-ddb5-4fa4-a97d-d965ccfc6d4b" outcome="Passed" testListId="8c84fa94-04c1-424b-9868-57a2d4851a1d" relativeResultsDirectory="d01c0e71-4cf4-4175-a1e0-03a7ea3701aa" />
    <UnitTestResult executionId="a2749cd9-8440-44c7-a5be-c650199a82f0" testId="aec7847b-f2dd-7f82-7106-a9f877eba7a8" testName="Item Count, Right Chevron Enabled Test(itemCount: 10)" computerName="DESKTOP-HE04GST" duration="00:00:00.0018391" startTime="2023-05-07T10:58:02.4082689-04:00" endTime="2023-05-07T10:58:02.4082690-04:00" testType="13cdc9d9-ddb5-4fa4-a97d-d965ccfc6d4b" outcome="Passed" testListId="8c84fa94-04c1-424b-9868-57a2d4851a1d" relativeResultsDirectory="a2749cd9-8440-44c7-a5be-c650199a82f0" />
    <UnitTestResult executionId="eb058ad7-2aa9-4fbf-8fa2-df9558b885ad" testId="115a5448-e576-bd00-5099-010be9269ce1" testName="Header Click, CSS Ascending Class Test(selectedIndex: 2)" computerName="DESKTOP-HE04GST" duration="00:00:00.0049176" startTime="2023-05-07T10:58:02.5113635-04:00" endTime="2023-05-07T10:58:02.5113636-04:00" testType="13cdc9d9-ddb5-4fa4-a97d-d965ccfc6d4b" outcome="Passed" testListId="8c84fa94-04c1-424b-9868-57a2d4851a1d" relativeResultsDirectory="eb058ad7-2aa9-4fbf-8fa2-df9558b885ad" />
    <UnitTestResult executionId="6a669114-bce2-4bdb-bf5b-bfe4a6553805" testId="1bcd7891-9ead-1691-023a-1f3f8a8b4b07" testName="ChildDisplayText Parameter(displayText: &quot;Display Test 1&quot;)" computerName="DESKTOP-HE04GST" duration="00:00:00.0016019" startTime="2023-05-07T10:58:02.2199658-04:00" endTime="2023-05-07T10:58:02.2199659-04:00" testType="13cdc9d9-ddb5-4fa4-a97d-d965ccfc6d4b" outcome="Passed" testListId="8c84fa94-04c1-424b-9868-57a2d4851a1d" relativeResultsDirectory="6a669114-bce2-4bdb-bf5b-bfe4a6553805" />
    <UnitTestResult executionId="0bb686f9-80d0-49f0-b391-ead368b0431f" testId="18569e55-01d3-2cbe-9a47-b7a6b6af48bd" testName="Items Parameter Test(expectedItems: [7])" computerName="DESKTOP-HE04GST" duration="00:00:00.0019122" startTime="2023-05-07T10:58:02.3121509-04:00" endTime="2023-05-07T10:58:02.3121510-04:00" testType="13cdc9d9-ddb5-4fa4-a97d-d965ccfc6d4b" outcome="Passed" testListId="8c84fa94-04c1-424b-9868-57a2d4851a1d" relativeResultsDirectory="0bb686f9-80d0-49f0-b391-ead368b0431f" />
    <UnitTestResult executionId="bdaf9a48-795f-424e-a060-e67d0ad45e90" testId="87459f94-70c7-009f-5808-19f809ff7867" testName="ChildIcon Parameter Test(icon: &quot;Icon-Still-Testing&quot;)" computerName="DESKTOP-HE04GST" duration="00:00:00.0019687" startTime="2023-05-07T10:58:02.2589233-04:00" endTime="2023-05-07T10:58:02.2589234-04:00" testType="13cdc9d9-ddb5-4fa4-a97d-d965ccfc6d4b" outcome="Passed" testListId="8c84fa94-04c1-424b-9868-57a2d4851a1d" relativeResultsDirectory="bdaf9a48-795f-424e-a060-e67d0ad45e90" />
    <UnitTestResult executionId="fad0db10-4652-4d46-b4a2-21b860c32b81" testId="27c9336c-a4d2-4e4d-c59e-e21a07c10051" testName="SelectedValue Parameter Test(selectedIndex: 0, selectedValue: 1)" computerName="DESKTOP-HE04GST" duration="00:00:00.0097355" startTime="2023-05-07T10:58:02.4974696-04:00" endTime="2023-05-07T10:58:02.4974698-04:00" testType="13cdc9d9-ddb5-4fa4-a97d-d965ccfc6d4b" outcome="Passed" testListId="8c84fa94-04c1-424b-9868-57a2d4851a1d" relativeResultsDirectory="fad0db10-4652-4d46-b4a2-21b860c32b81" />
    <UnitTestResult executionId="ab06dd9d-93cb-4b2e-8f9d-633cbd03eb56" testId="fd513a31-56bd-5d39-eca2-0c4821ffb0ec" testName="BreadCrumbItems Parameter Test(expected: (System.Collections.Generic.List`1[System.String], Home Page &gt; Test Page))" computerName="DESKTOP-HE04GST" duration="00:00:00.0022180" startTime="2023-05-07T10:58:02.4243667-04:00" endTime="2023-05-07T10:58:02.4243668-04:00" testType="13cdc9d9-ddb5-4fa4-a97d-d965ccfc6d4b" outcome="Passed" testListId="8c84fa94-04c1-424b-9868-57a2d4851a1d" relativeResultsDirectory="ab06dd9d-93cb-4b2e-8f9d-633cbd03eb56" />
    <UnitTestResult executionId="ec1da664-f5f9-444a-9989-484bc23fe2fb" testId="af23e599-62ff-bbe1-7224-29d5ec4e87a0" testName="RowsPerPageOpts Parameter Test(opts: [2])" computerName="DESKTOP-HE04GST" duration="00:00:00.0039590" startTime="2023-05-07T10:58:02.3862478-04:00" endTime="2023-05-07T10:58:02.3862479-04:00" testType="13cdc9d9-ddb5-4fa4-a97d-d965ccfc6d4b" outcome="Passed" testListId="8c84fa94-04c1-424b-9868-57a2d4851a1d" relativeResultsDirectory="ec1da664-f5f9-444a-9989-484bc23fe2fb" />
    <UnitTestResult executionId="bd51c25e-5322-49d9-9293-e820b6e61196" testId="2a24a99d-6f4a-eaa0-d642-ad299b4610a3" testName="Header Click Once, CSS Selected Class Test(selectedIndex: 2)" computerName="DESKTOP-HE04GST" duration="00:00:00.0043962" startTime="2023-05-07T10:58:02.5719162-04:00" endTime="2023-05-07T10:58:02.5719164-04:00" testType="13cdc9d9-ddb5-4fa4-a97d-d965ccfc6d4b" outcome="Passed" testListId="8c84fa94-04c1-424b-9868-57a2d4851a1d" relativeResultsDirectory="bd51c25e-5322-49d9-9293-e820b6e61196" />
    <UnitTestResult executionId="55ba1f1e-810d-4ae7-b78b-0ac67217aa0c" testId="839fa1cf-1eeb-14aa-5afb-0b73ace77a29" testName="Title Parameter Test(expectedTitle: &quot;Test Title&quot;)" computerName="DESKTOP-HE04GST" duration="00:00:00.0017116" startTime="2023-05-07T10:58:02.4321680-04:00" endTime="2023-05-07T10:58:02.4321683-04:00" testType="13cdc9d9-ddb5-4fa4-a97d-d965ccfc6d4b" outcome="Passed" testListId="8c84fa94-04c1-424b-9868-57a2d4851a1d" relativeResultsDirectory="55ba1f1e-810d-4ae7-b78b-0ac67217aa0c" />
    <UnitTestResult executionId="acd98242-96fe-46e2-b1bc-137ad819930d" testId="417482e4-dea2-eab8-b41a-116fcc91a67d" testName="TopRight Parameter Test(top: 5, right: 10, expectedResult: &quot;top:5px;right:10px;&quot;)" computerName="DESKTOP-HE04GST" duration="00:00:00.0018233" startTime="2023-05-07T10:58:02.5228155-04:00" endTime="2023-05-07T10:58:02.5228158-04:00" testType="13cdc9d9-ddb5-4fa4-a97d-d965ccfc6d4b" outcome="Passed" testListId="8c84fa94-04c1-424b-9868-57a2d4851a1d" relativeResultsDirectory="acd98242-96fe-46e2-b1bc-137ad819930d" />
    <UnitTestResult executionId="88fcd64b-288b-43ec-a3bc-435320c90713" testId="18569e55-01d3-2cbe-9a47-b7a6b6af48bd" testName="Items Parameter Test(expectedItems: [1, 2, 3, 10, 15])" computerName="DESKTOP-HE04GST" duration="00:00:00.0025073" startTime="2023-05-07T10:58:02.3109883-04:00" endTime="2023-05-07T10:58:02.3109884-04:00" testType="13cdc9d9-ddb5-4fa4-a97d-d965ccfc6d4b" outcome="Passed" testListId="8c84fa94-04c1-424b-9868-57a2d4851a1d" relativeResultsDirectory="88fcd64b-288b-43ec-a3bc-435320c90713" />
    <UnitTestResult executionId="a370a0ed-3180-4fc7-9230-21a7eb3e84fa" testId="b9da235f-445f-e555-2621-e29da2700ddb" testName="Title Parameter Test(expectedTitle: &quot;Test 1&quot;)" computerName="DESKTOP-HE04GST" duration="00:00:00.0014701" startTime="2023-05-07T10:58:02.4511366-04:00" endTime="2023-05-07T10:58:02.4511368-04:00" testType="13cdc9d9-ddb5-4fa4-a97d-d965ccfc6d4b" outcome="Passed" testListId="8c84fa94-04c1-424b-9868-57a2d4851a1d" relativeResultsDirectory="a370a0ed-3180-4fc7-9230-21a7eb3e84fa" />
    <UnitTestResult executionId="654a7cdf-a552-4ee6-84df-8ba0bc334491" testId="6fc37820-e1bc-5001-7cd4-079f33d38a13" testName="Icon Parameter Test(icon: &quot;icon-2&quot;)" computerName="DESKTOP-HE04GST" duration="00:00:00.0019932" startTime="2023-05-07T10:58:02.3616608-04:00" endTime="2023-05-07T10:58:02.3616610-04:00" testType="13cdc9d9-ddb5-4fa4-a97d-d965ccfc6d4b" outcome="Passed" testListId="8c84fa94-04c1-424b-9868-57a2d4851a1d" relativeResultsDirectory="654a7cdf-a552-4ee6-84df-8ba0bc334491" />
    <UnitTestResult executionId="5d0e3283-8f97-46ea-930b-ec879370598d" testId="15ed8627-678d-8bee-306e-690612574f77" testName="Header Click Twice Test(columnIndex: 1, expectedColumnName: &quot;DisplayName&quot;)" computerName="DESKTOP-HE04GST" duration="00:00:00.0022361" startTime="2023-05-07T10:58:02.4745960-04:00" endTime="2023-05-07T10:58:02.4745962-04:00" testType="13cdc9d9-ddb5-4fa4-a97d-d965ccfc6d4b" outcome="Passed" testListId="8c84fa94-04c1-424b-9868-57a2d4851a1d" relativeResultsDirectory="5d0e3283-8f97-46ea-930b-ec879370598d" />
    <UnitTestResult executionId="43b5a6ed-dfda-4f63-a64f-985b011c04d4" testId="040ce82b-4387-06af-eec7-b1df3b7630c0" testName="Markup Test" computerName="DESKTOP-HE04GST" duration="00:00:00.0181172" startTime="2023-05-07T10:58:02.2818435-04:00" endTime="2023-05-07T10:58:02.2818437-04:00" testType="13cdc9d9-ddb5-4fa4-a97d-d965ccfc6d4b" outcome="Passed" testListId="8c84fa94-04c1-424b-9868-57a2d4851a1d" relativeResultsDirectory="43b5a6ed-dfda-4f63-a64f-985b011c04d4" />
    <UnitTestResult executionId="cc965685-3fde-4efe-898a-89cbe62d7a30" testId="a2fb627a-8896-3ed7-7259-cdb7853adfe6" testName="Text Parameter Test(expectedText: &quot;here is event more super special test text&quot;)" computerName="DESKTOP-HE04GST" duration="00:00:00.0021317" startTime="2023-05-07T10:58:02.2632596-04:00" endTime="2023-05-07T10:58:02.2632597-04:00" testType="13cdc9d9-ddb5-4fa4-a97d-d965ccfc6d4b" outcome="Passed" testListId="8c84fa94-04c1-424b-9868-57a2d4851a1d" relativeResultsDirectory="cc965685-3fde-4efe-898a-89cbe62d7a30" />
    <UnitTestResult executionId="541ef1e1-5a00-4b66-8f8a-7c2f382cb417" testId="92f7b709-4d9c-9ab4-3896-cc6a818b2bb8" testName="Group Click Event Test(groupIndex: 1, itemIndex: 3, expectedValue: 4)" computerName="DESKTOP-HE04GST" duration="00:00:00.0032277" startTime="2023-05-07T10:58:02.2631352-04:00" endTime="2023-05-07T10:58:02.2631354-04:00" testType="13cdc9d9-ddb5-4fa4-a97d-d965ccfc6d4b" outcome="Passed" testListId="8c84fa94-04c1-424b-9868-57a2d4851a1d" relativeResultsDirectory="541ef1e1-5a00-4b66-8f8a-7c2f382cb417" />
    <UnitTestResult executionId="2315b022-ac32-4ab0-bef6-8ba4e1d37831" testId="5c88af88-27e1-5531-551d-d096b081bbbb" testName="Notification Bar Multiple Click Test(clickCounts: [0, 1, 3, 0])" computerName="DESKTOP-HE04GST" duration="00:00:00.0068349" startTime="2023-05-07T10:58:02.4608765-04:00" endTime="2023-05-07T10:58:02.4608766-04:00" testType="13cdc9d9-ddb5-4fa4-a97d-d965ccfc6d4b" outcome="Passed" testListId="8c84fa94-04c1-424b-9868-57a2d4851a1d" relativeResultsDirectory="2315b022-ac32-4ab0-bef6-8ba4e1d37831" />
    <UnitTestResult executionId="a6b5037e-3f8c-4f2f-b95b-c097a1883969" testId="86dcb968-4ef1-cce6-3771-f83a548b7b9b" testName="Markup Test" computerName="DESKTOP-HE04GST" duration="00:00:00.0115025" startTime="2023-05-07T10:58:02.2785134-04:00" endTime="2023-05-07T10:58:02.2785140-04:00" testType="13cdc9d9-ddb5-4fa4-a97d-d965ccfc6d4b" outcome="Passed" testListId="8c84fa94-04c1-424b-9868-57a2d4851a1d" relativeResultsDirectory="a6b5037e-3f8c-4f2f-b95b-c097a1883969" />
    <UnitTestResult executionId="db5fa78d-5f07-4fcd-b8aa-7f03b136729f" testId="6a9bea38-8fd5-7218-ba12-e6943c567071" testName="Header Click Once, CSS Descending Class Test(selectedIndex: 1)" computerName="DESKTOP-HE04GST" duration="00:00:00.0089938" startTime="2023-05-07T10:58:02.5572614-04:00" endTime="2023-05-07T10:58:02.5572615-04:00" testType="13cdc9d9-ddb5-4fa4-a97d-d965ccfc6d4b" outcome="Passed" testListId="8c84fa94-04c1-424b-9868-57a2d4851a1d" relativeResultsDirectory="db5fa78d-5f07-4fcd-b8aa-7f03b136729f" />
    <UnitTestResult executionId="b090fad7-4843-4068-ade5-1c02ea8fbeb8" testId="732f3f80-7856-cc06-369f-c64790e08623" testName="ChildDisplayText Parameter(displayText: &quot;Display Test One Final Time&quot;)" computerName="DESKTOP-HE04GST" duration="00:00:00.4219698" startTime="2023-05-07T10:58:02.2194584-04:00" endTime="2023-05-07T10:58:02.2194585-04:00" testType="13cdc9d9-ddb5-4fa4-a97d-d965ccfc6d4b" outcome="Passed" testListId="8c84fa94-04c1-424b-9868-57a2d4851a1d" relativeResultsDirectory="b090fad7-4843-4068-ade5-1c02ea8fbeb8" />
    <UnitTestResult executionId="bc1add38-c98b-4d9f-abfa-3f3b08f0c3d7" testId="e0fdcb3f-6425-8c09-96d8-e66744e0ac09" testName="Title Parameter Test(expectedTitle: &quot;One Final Test Title&quot;)" computerName="DESKTOP-HE04GST" duration="00:00:00.0023676" startTime="2023-05-07T10:58:02.4263840-04:00" endTime="2023-05-07T10:58:02.4263841-04:00" testType="13cdc9d9-ddb5-4fa4-a97d-d965ccfc6d4b" outcome="Passed" testListId="8c84fa94-04c1-424b-9868-57a2d4851a1d" relativeResultsDirectory="bc1add38-c98b-4d9f-abfa-3f3b08f0c3d7" />
    <UnitTestResult executionId="a3f1ff44-150b-497c-b8c6-88c76b8fdac0" testId="efd330db-dae5-4a51-bc85-a809a15f1466" testName="MessageTemplate Parameter Test(messageTemplate: &quot;Items Tracked by this component&quot;)" computerName="DESKTOP-HE04GST" duration="00:00:00.0119019" startTime="2023-05-07T10:58:02.2806864-04:00" endTime="2023-05-07T10:58:02.2806865-04:00" testType="13cdc9d9-ddb5-4fa4-a97d-d965ccfc6d4b" outcome="Passed" testListId="8c84fa94-04c1-424b-9868-57a2d4851a1d" relativeResultsDirectory="a3f1ff44-150b-497c-b8c6-88c76b8fdac0" />
    <UnitTestResult executionId="f60c9e53-4411-4816-a757-9670da9edc6a" testId="57d71933-573e-2980-1c8e-daf760c7914e" testName="ChildDisplayText Parameter(displayText: &quot;Display Test Again&quot;)" computerName="DESKTOP-HE04GST" duration="00:00:00.0027353" startTime="2023-05-07T10:58:02.2197783-04:00" endTime="2023-05-07T10:58:02.2197784-04:00" testType="13cdc9d9-ddb5-4fa4-a97d-d965ccfc6d4b" outcome="Passed" testListId="8c84fa94-04c1-424b-9868-57a2d4851a1d" relativeResultsDirectory="f60c9e53-4411-4816-a757-9670da9edc6a" />
    <UnitTestResult executionId="cb1bb922-32ca-43a1-ab25-1577b0ebeab3" testId="fd3b8fec-8933-ec00-bc37-6da5b1876e88" testName="PaginationLabel Parameter Test(currentPage: 3, currentRowsPerPage: 10, expectedText: &quot;11-15 of 15&quot;)" computerName="DESKTOP-HE04GST" duration="00:00:00.0125148" startTime="2023-05-07T10:58:02.3043446-04:00" endTime="2023-05-07T10:58:02.3043448-04:00" testType="13cdc9d9-ddb5-4fa4-a97d-d965ccfc6d4b" outcome="Passed" testListId="8c84fa94-04c1-424b-9868-57a2d4851a1d" relativeResultsDirectory="cb1bb922-32ca-43a1-ab25-1577b0ebeab3" />
    <UnitTestResult executionId="32346103-cb9d-4a07-9206-d9f07287a57c" testId="8e78724c-63f5-ec91-5670-cd3a85e04fc8" testName="OrderColumn and OrderDirection Parameter Test(columnName: &quot;DisplayName&quot;, columnIndex: 1, orderAscending: False)" computerName="DESKTOP-HE04GST" duration="00:00:00.0023000" startTime="2023-05-07T10:58:02.4605848-04:00" endTime="2023-05-07T10:58:02.4605850-04:00" testType="13cdc9d9-ddb5-4fa4-a97d-d965ccfc6d4b" outcome="Passed" testListId="8c84fa94-04c1-424b-9868-57a2d4851a1d" relativeResultsDirectory="32346103-cb9d-4a07-9206-d9f07287a57c" />
    <UnitTestResult executionId="99b5bbba-a4a6-4ee4-b7cd-a7d6240ed636" testId="9e8ae696-cd2e-28f9-ecb6-2f243725f7fb" testName="Title Parameter Test(expectedTitle: &quot;Another Test Title&quot;)" computerName="DESKTOP-HE04GST" duration="00:00:00.0065574" startTime="2023-05-07T10:58:02.3911526-04:00" endTime="2023-05-07T10:58:02.3911527-04:00" testType="13cdc9d9-ddb5-4fa4-a97d-d965ccfc6d4b" outcome="Passed" testListId="8c84fa94-04c1-424b-9868-57a2d4851a1d" relativeResultsDirectory="99b5bbba-a4a6-4ee4-b7cd-a7d6240ed636" />
    <UnitTestResult executionId="28371459-1bac-46b4-87c7-d71bcb34bcf0" testId="fda40231-7dc9-df35-a4fe-7ec3807fa0c9" testName="HeaderTemplate Parameter Test(headerTemplate: &quot;&lt;span&gt;More Testing Header&lt;/span&gt;&quot;)" computerName="DESKTOP-HE04GST" duration="00:00:00.0040510" startTime="2023-05-07T10:58:02.4387647-04:00" endTime="2023-05-07T10:58:02.4387648-04:00" testType="13cdc9d9-ddb5-4fa4-a97d-d965ccfc6d4b" outcome="Passed" testListId="8c84fa94-04c1-424b-9868-57a2d4851a1d" relativeResultsDirectory="28371459-1bac-46b4-87c7-d71bcb34bcf0" />
    <UnitTestResult executionId="79551aa1-a786-41ba-adce-c9be0bf874eb" testId="f89f4f57-eb97-de03-3e41-e90be449e3d8" testName="Button Click Test" computerName="DESKTOP-HE04GST" duration="00:00:00.0508573" startTime="2023-05-07T10:58:02.2665835-04:00" endTime="2023-05-07T10:58:02.2665836-04:00" testType="13cdc9d9-ddb5-4fa4-a97d-d965ccfc6d4b" outcome="Passed" testListId="8c84fa94-04c1-424b-9868-57a2d4851a1d" relativeResultsDirectory="79551aa1-a786-41ba-adce-c9be0bf874eb" />
    <UnitTestResult executionId="20a94f8b-d983-46cb-b12d-e6f302adf938" testId="b46ed5e3-62a7-5d16-9331-11b730151130" testName="Text Parameter Test(expectedText: &quot;here is some super special test text&quot;)" computerName="DESKTOP-HE04GST" duration="00:00:00.0014794" startTime="2023-05-07T10:58:02.2634317-04:00" endTime="2023-05-07T10:58:02.2634318-04:00" testType="13cdc9d9-ddb5-4fa4-a97d-d965ccfc6d4b" outcome="Passed" testListId="8c84fa94-04c1-424b-9868-57a2d4851a1d" relativeResultsDirectory="20a94f8b-d983-46cb-b12d-e6f302adf938" />
    <UnitTestResult executionId="3aef0807-6ed7-4c8e-9262-116ec4aaaa68" testId="48670272-3dd1-1148-043b-fca5b5e47e53" testName="IsChecked Parameter Test(isChecked: False)" computerName="DESKTOP-HE04GST" duration="00:00:00.0122971" startTime="2023-05-07T10:58:02.2531393-04:00" endTime="2023-05-07T10:58:02.2531395-04:00" testType="13cdc9d9-ddb5-4fa4-a97d-d965ccfc6d4b" outcome="Passed" testListId="8c84fa94-04c1-424b-9868-57a2d4851a1d" relativeResultsDirectory="3aef0807-6ed7-4c8e-9262-116ec4aaaa68" />
    <UnitTestResult executionId="18abe442-5531-45a3-806a-25b658dcaedf" testId="a6e31a15-2ab4-d1b4-8fe0-f6f10e1ab1ac" testName="CardSubTitle Parameter Test(subtitle: &quot;Test Subtitle 1&quot;)" computerName="DESKTOP-HE04GST" duration="00:00:00.0102553" startTime="2023-05-07T10:58:02.3022164-04:00" endTime="2023-05-07T10:58:02.3022165-04:00" testType="13cdc9d9-ddb5-4fa4-a97d-d965ccfc6d4b" outcome="Passed" testListId="8c84fa94-04c1-424b-9868-57a2d4851a1d" relativeResultsDirectory="18abe442-5531-45a3-806a-25b658dcaedf" />
    <UnitTestResult executionId="74a3915e-7f06-496e-b126-632f5de096ee" testId="e9940cc3-2ba9-f6c1-ba65-5ffd51114364" testName="Title Parameter Test(expectedTitle: &quot;Test 2&quot;)" computerName="DESKTOP-HE04GST" duration="00:00:00.0155783" startTime="2023-05-07T10:58:02.4413651-04:00" endTime="2023-05-07T10:58:02.4413653-04:00" testType="13cdc9d9-ddb5-4fa4-a97d-d965ccfc6d4b" outcome="Passed" testListId="8c84fa94-04c1-424b-9868-57a2d4851a1d" relativeResultsDirectory="74a3915e-7f06-496e-b126-632f5de096ee" />
    <UnitTestResult executionId="82b0db20-93fb-4f33-bcdd-ae5c8e606113" testId="228c60cf-8687-f056-2056-b4e1f563875c" testName="Header Click, CSS Selected Class Test(selectedIndex: 2)" computerName="DESKTOP-HE04GST" duration="00:00:00.0030189" startTime="2023-05-07T10:58:02.5332311-04:00" endTime="2023-05-07T10:58:02.5332313-04:00" testType="13cdc9d9-ddb5-4fa4-a97d-d965ccfc6d4b" outcome="Passed" testListId="8c84fa94-04c1-424b-9868-57a2d4851a1d" relativeResultsDirectory="82b0db20-93fb-4f33-bcdd-ae5c8e606113" />
    <UnitTestResult executionId="b53d7bcf-45c2-4e00-b60f-554a85516a99" testId="a49a766e-c0a2-a4b7-2f15-d1dcccd58d2a" testName="HeaderContentChild Parameter Test(expectedHeaderContent: &quot;&lt;span&gt;Event More Header Testing Content&lt;/span&gt;&quot;)" computerName="DESKTOP-HE04GST" duration="00:00:00.0110761" startTime="2023-05-07T10:58:02.3631708-04:00" endTime="2023-05-07T10:58:02.3631709-04:00" testType="13cdc9d9-ddb5-4fa4-a97d-d965ccfc6d4b" outcome="Passed" testListId="8c84fa94-04c1-424b-9868-57a2d4851a1d" relativeResultsDirectory="b53d7bcf-45c2-4e00-b60f-554a85516a99" />
    <UnitTestResult executionId="50ffb469-343c-415d-9bf0-77658cace034" testId="a090a5e2-b798-b442-05e1-15c76df7de32" testName="ItemsChangedCallback Parameter Test(currentPage: 3, optIndex: 0, expectedSkip: 10, expectedTake: 5)" computerName="DESKTOP-HE04GST" duration="00:00:00.0146148" startTime="2023-05-07T10:58:02.4399522-04:00" endTime="2023-05-07T10:58:02.4399523-04:00" testType="13cdc9d9-ddb5-4fa4-a97d-d965ccfc6d4b" outcome="Passed" testListId="8c84fa94-04c1-424b-9868-57a2d4851a1d" relativeResultsDirectory="50ffb469-343c-415d-9bf0-77658cace034" />
    <UnitTestResult executionId="0b426841-10d6-419e-be17-3f78132af2e0" testId="6c359ed0-fe50-b1fc-9e35-70ec37981b43" testName="SelectedValue Parameter Test(selectedIndex: 2, selectedValue: 3)" computerName="DESKTOP-HE04GST" duration="00:00:00.0030718" startTime="2023-05-07T10:58:02.5006783-04:00" endTime="2023-05-07T10:58:02.5006786-04:00" testType="13cdc9d9-ddb5-4fa4-a97d-d965ccfc6d4b" outcome="Passed" testListId="8c84fa94-04c1-424b-9868-57a2d4851a1d" relativeResultsDirectory="0b426841-10d6-419e-be17-3f78132af2e0" />
    <UnitTestResult executionId="fad45434-bde9-4391-afed-ac7db732e40d" testId="0c9c72b4-1b61-9132-5c94-274f763c3a1f" testName="OnDismiss Parameter Test" computerName="DESKTOP-HE04GST" duration="00:00:00.0696914" startTime="2023-05-07T10:58:02.4328640-04:00" endTime="2023-05-07T10:58:02.4328642-04:00" testType="13cdc9d9-ddb5-4fa4-a97d-d965ccfc6d4b" outcome="Passed" testListId="8c84fa94-04c1-424b-9868-57a2d4851a1d" relativeResultsDirectory="fad45434-bde9-4391-afed-ac7db732e40d" />
    <UnitTestResult executionId="b57f3624-2c77-423c-8b8c-a7c05e3fd51c" testId="013178ef-4151-7a51-327b-76cb79a76da0" testName="ShowDisplayIcon Parameter Test(showDisplayIcon: True)" computerName="DESKTOP-HE04GST" duration="00:00:00.0044738" startTime="2023-05-07T10:58:02.2563309-04:00" endTime="2023-05-07T10:58:02.2563310-04:00" testType="13cdc9d9-ddb5-4fa4-a97d-d965ccfc6d4b" outcome="Passed" testListId="8c84fa94-04c1-424b-9868-57a2d4851a1d" relativeResultsDirectory="b57f3624-2c77-423c-8b8c-a7c05e3fd51c" />
    <UnitTestResult executionId="997b6327-6c1c-4c8c-8d67-89e9aac7861d" testId="8e5dfc12-0ccd-84c7-eae7-7f89e6b43788" testName="Item Count, Right Chevron Disabled Test(itemCount: 4)" computerName="DESKTOP-HE04GST" duration="00:00:00.0287381" startTime="2023-05-07T10:58:02.3617604-04:00" endTime="2023-05-07T10:58:02.3617605-04:00" testType="13cdc9d9-ddb5-4fa4-a97d-d965ccfc6d4b" outcome="Passed" testListId="8c84fa94-04c1-424b-9868-57a2d4851a1d" relativeResultsDirectory="997b6327-6c1c-4c8c-8d67-89e9aac7861d" />
    <UnitTestResult executionId="8c4e0fda-a76c-42b4-8cd7-1e9f7a17f714" testId="faf6ac33-173a-dc80-7734-8174ff344fb3" testName="Markup Test" computerName="DESKTOP-HE04GST" duration="00:00:00.0032886" startTime="2023-05-07T10:58:02.4396630-04:00" endTime="2023-05-07T10:58:02.4396632-04:00" testType="13cdc9d9-ddb5-4fa4-a97d-d965ccfc6d4b" outcome="Passed" testListId="8c84fa94-04c1-424b-9868-57a2d4851a1d" relativeResultsDirectory="8c4e0fda-a76c-42b4-8cd7-1e9f7a17f714" />
    <UnitTestResult executionId="492f1bb6-15d0-4efd-8d76-a7d0951cda70" testId="19699ab8-56b4-61b7-0754-1ac8ee2c3788" testName="Items Parameter Test(expected: (System.Collections.ObjectModel.ReadOnlyCollection`1[Carlton.Base.Components.Test.TableTestHelper+TableTestObject], System.Collections.ObjectModel.ReadOnlyCollection`1[System.String]))" computerName="DESKTOP-HE04GST" duration="00:00:00.0016553" startTime="2023-05-07T10:58:02.6157933-04:00" endTime="2023-05-07T10:58:02.6157934-04:00" testType="13cdc9d9-ddb5-4fa4-a97d-d965ccfc6d4b" outcome="Passed" testListId="8c84fa94-04c1-424b-9868-57a2d4851a1d" relativeResultsDirectory="492f1bb6-15d0-4efd-8d76-a7d0951cda70" />
    <UnitTestResult executionId="86cdf658-e9fc-41df-88b6-7b29e1abe7bf" testId="69ace1c6-c612-557f-909a-e7c5ca3bad22" testName="FadeOutEnabled Parameter Test(fadeOutEnabled: True, notificationClass: &quot;success-btn&quot;)" computerName="DESKTOP-HE04GST" duration="00:00:00.0074228" startTime="2023-05-07T10:58:02.4719753-04:00" endTime="2023-05-07T10:58:02.4719755-04:00" testType="13cdc9d9-ddb5-4fa4-a97d-d965ccfc6d4b" outcome="Passed" testListId="8c84fa94-04c1-424b-9868-57a2d4851a1d" relativeResultsDirectory="86cdf658-e9fc-41df-88b6-7b29e1abe7bf" />
  </Results>
  <TestDefinitions>
    <UnitTest name="Item Count, Right Chevron Disabled Test(itemCount: 2)" storage="c:\users\nicho\source\repos\nickgalazzo\carlton.base\src\tests\carlton.base.components.test\bin\debug\net7.0\carlton.base.components.test.dll" id="61e1b106-29d8-ebe9-5280-29055e086c8a">
      <Execution id="e2107e30-c19d-4910-a7c1-125fee276882" />
      <TestMethod codeBase="C:\Users\nicho\source\repos\NickGalazzo\Carlton.Base\src\Tests\Carlton.Base.Components.Test\bin\Debug\net7.0\Carlton.Base.Components.Test.dll" adapterTypeName="executor://xunit/VsTestRunner2/netcoreapp" className="Carlton.Base.Components.Test.TablePaginationRowComponentTests" name="TablePaginationRow_ItemCountLessThanItemsPerPage_RightChevronsDisabled_RendersCorrectly" />
    </UnitTest>
    <UnitTest name="RowTemplate Parameter Test(rowTemplate: &quot;&lt;div class=\&quot;test-row\&quot;&gt;{0}&lt;span class=\&quot;test\&quot;&gt;{1&quot;...)" storage="c:\users\nicho\source\repos\nickgalazzo\carlton.base\src\tests\carlton.base.components.test\bin\debug\net7.0\carlton.base.components.test.dll" id="07a792cc-4abe-5fd5-bf96-777500667402">
      <Execution id="6542903d-1da8-438a-8fb2-de9bc7d722bc" />
      <TestMethod codeBase="C:\Users\nicho\source\repos\NickGalazzo\Carlton.Base\src\Tests\Carlton.Base.Components.Test\bin\Debug\net7.0\Carlton.Base.Components.Test.dll" adapterTypeName="executor://xunit/VsTestRunner2/netcoreapp" className="Carlton.Base.Components.Test.TableComponentTests" name="Table_RowTemplateParam_RendersCorrectly" />
    </UnitTest>
    <UnitTest name="MenuItemAccentColorIndex Parameter Test(accentColorIndex: 1, expectedValue: &quot;accent-color-1&quot;)" storage="c:\users\nicho\source\repos\nickgalazzo\carlton.base\src\tests\carlton.base.components.test\bin\debug\net7.0\carlton.base.components.test.dll" id="b47fdb9b-41a3-4beb-8213-e51c7f90bfa2">
      <Execution id="d7ceb765-3494-4467-88de-abbc3fec235d" />
      <TestMethod codeBase="C:\Users\nicho\source\repos\NickGalazzo\Carlton.Base\src\Tests\Carlton.Base.Components.Test\bin\Debug\net7.0\Carlton.Base.Components.Test.dll" adapterTypeName="executor://xunit/VsTestRunner2/netcoreapp" className="Carlton.Base.Components.Test.DropDownMenuElementComponentTests" name="DropDownMenuElement_MenuItemAccentColorIndexParam_RendersCorrectly" />
    </UnitTest>
    <UnitTest name="Markup Test" storage="c:\users\nicho\source\repos\nickgalazzo\carlton.base\src\tests\carlton.base.components.test\bin\debug\net7.0\carlton.base.components.test.dll" id="01312f82-8178-605f-aae1-26970b526840">
      <Execution id="b0d4ec8d-316b-44db-9f7e-3606331f0724" />
      <TestMethod codeBase="C:\Users\nicho\source\repos\NickGalazzo\Carlton.Base\src\Tests\Carlton.Base.Components.Test\bin\Debug\net7.0\Carlton.Base.Components.Test.dll" adapterTypeName="executor://xunit/VsTestRunner2/netcoreapp" className="Carlton.Base.Components.Test.HamburgerCollapserComponentTests" name="HamburgerCollapser_Markup_RendersCorrectly" />
    </UnitTest>
    <UnitTest name="HeaderTemplate Parameter Test(headerTemplate: &quot;&lt;span&gt;More Testing Header&lt;/span&gt;&quot;)" storage="c:\users\nicho\source\repos\nickgalazzo\carlton.base\src\tests\carlton.base.components.test\bin\debug\net7.0\carlton.base.components.test.dll" id="fda40231-7dc9-df35-a4fe-7ec3807fa0c9">
      <Execution id="28371459-1bac-46b4-87c7-d71bcb34bcf0" />
      <TestMethod codeBase="C:\Users\nicho\source\repos\NickGalazzo\Carlton.Base\src\Tests\Carlton.Base.Components.Test\bin\Debug\net7.0\Carlton.Base.Components.Test.dll" adapterTypeName="executor://xunit/VsTestRunner2/netcoreapp" className="Carlton.Base.Components.Test.DropDownMenuComponentTests" name="DropDownMenuElement_HeaderTemplateParam_RendersCorrectly" />
    </UnitTest>
    <UnitTest name="Seperator Parameter Test(expectedSeparator: &quot;/&quot;)" storage="c:\users\nicho\source\repos\nickgalazzo\carlton.base\src\tests\carlton.base.components.test\bin\debug\net7.0\carlton.base.components.test.dll" id="dd37b1b9-4c67-5b2f-d5d5-ea991ef86fd8">
      <Execution id="f11068dd-69b5-4dd4-b182-203175b210c5" />
      <TestMethod codeBase="C:\Users\nicho\source\repos\NickGalazzo\Carlton.Base\src\Tests\Carlton.Base.Components.Test\bin\Debug\net7.0\Carlton.Base.Components.Test.dll" adapterTypeName="executor://xunit/VsTestRunner2/netcoreapp" className="Carlton.Base.Components.Test.BreadCrumbsComponentTests" name="BreadCrumbs_SeparatorParam_RendersCorrectly" />
    </UnitTest>
    <UnitTest name="Header Click Once, CSS Descending Class Test(selectedIndex: 0)" storage="c:\users\nicho\source\repos\nickgalazzo\carlton.base\src\tests\carlton.base.components.test\bin\debug\net7.0\carlton.base.components.test.dll" id="8f597377-bc86-3011-70c1-8f0f455f5181">
      <Execution id="39373e15-b6f9-4f57-8435-d3613625fe96" />
      <TestMethod codeBase="C:\Users\nicho\source\repos\NickGalazzo\Carlton.Base\src\Tests\Carlton.Base.Components.Test\bin\Debug\net7.0\Carlton.Base.Components.Test.dll" adapterTypeName="executor://xunit/VsTestRunner2/netcoreapp" className="Carlton.Base.Components.Test.TableComponentTests" name="Table_HeaderItemOnClick_DescendingClass_RendersCorrectly" />
    </UnitTest>
    <UnitTest name="ItemsChangedCallback Parameter Test(currentPage: 2, optIndex: 2, expectedSkip: 0, expectedTake: 15)" storage="c:\users\nicho\source\repos\nickgalazzo\carlton.base\src\tests\carlton.base.components.test\bin\debug\net7.0\carlton.base.components.test.dll" id="0e3f6730-de0b-7a62-477b-e1da6a491a3d">
      <Execution id="277b1611-ccbc-4a9a-8384-810d8d0fa329" />
      <TestMethod codeBase="C:\Users\nicho\source\repos\NickGalazzo\Carlton.Base\src\Tests\Carlton.Base.Components.Test\bin\Debug\net7.0\Carlton.Base.Components.Test.dll" adapterTypeName="executor://xunit/VsTestRunner2/netcoreapp" className="Carlton.Base.Components.Test.TableComponentTests" name="Table_ItemsChangedCallback_FiresEvent" />
    </UnitTest>
    <UnitTest name="Collapser Click Event Test(isCollapsed: True)" storage="c:\users\nicho\source\repos\nickgalazzo\carlton.base\src\tests\carlton.base.components.test\bin\debug\net7.0\carlton.base.components.test.dll" id="dd6cf3e8-1aaf-8f04-58a5-b14cae718ff7">
      <Execution id="f6c42206-8892-4f97-b503-4596df8c4a24" />
      <TestMethod codeBase="C:\Users\nicho\source\repos\NickGalazzo\Carlton.Base\src\Tests\Carlton.Base.Components.Test\bin\Debug\net7.0\Carlton.Base.Components.Test.dll" adapterTypeName="executor://xunit/VsTestRunner2/netcoreapp" className="Carlton.Base.Components.Test.HamburgerCollapserComponentTests" name="HamburgerCollapser_ClickEvent_ShouldRenderCorrectly" />
    </UnitTest>
    <UnitTest name="NotificationBar Click Test(btnClass: &quot;info-btn&quot;, expectedType: typeof(Carlton.Base.Components.InfoNotification))" storage="c:\users\nicho\source\repos\nickgalazzo\carlton.base\src\tests\carlton.base.components.test\bin\debug\net7.0\carlton.base.components.test.dll" id="575a6c02-c985-735a-d70d-1061600e252c">
      <Execution id="e66f7002-cbe4-4a08-91c8-1724e680796f" />
      <TestMethod codeBase="C:\Users\nicho\source\repos\NickGalazzo\Carlton.Base\src\Tests\Carlton.Base.Components.Test\bin\Debug\net7.0\Carlton.Base.Components.Test.dll" adapterTypeName="executor://xunit/VsTestRunner2/netcoreapp" className="Carlton.Base.Components.Test.NotificationBarComponentTests" name="NotificationBar_ClickEvent_RendersCorrectly" />
    </UnitTest>
    <UnitTest name="Title Parameter Test(expectedTitle: &quot;Test Title 2&quot;)" storage="c:\users\nicho\source\repos\nickgalazzo\carlton.base\src\tests\carlton.base.components.test\bin\debug\net7.0\carlton.base.components.test.dll" id="eb6b2198-722f-088a-171f-b415baf59577">
      <Execution id="9817faa8-29a5-4023-9f06-94c7020c110b" />
      <TestMethod codeBase="C:\Users\nicho\source\repos\NickGalazzo\Carlton.Base\src\Tests\Carlton.Base.Components.Test\bin\Debug\net7.0\Carlton.Base.Components.Test.dll" adapterTypeName="executor://xunit/VsTestRunner2/netcoreapp" className="Carlton.Base.Components.Test.CardComponentTests" name="Card_CardTitleParam_RendersCorrectly" />
    </UnitTest>
    <UnitTest name="Markup Test" storage="c:\users\nicho\source\repos\nickgalazzo\carlton.base\src\tests\carlton.base.components.test\bin\debug\net7.0\carlton.base.components.test.dll" id="8bd8f64f-5b3a-ce8b-2a95-38deb100db6e">
      <Execution id="b45f6ec8-bcc5-4a07-8303-689c18bc68a8" />
      <TestMethod codeBase="C:\Users\nicho\source\repos\NickGalazzo\Carlton.Base\src\Tests\Carlton.Base.Components.Test\bin\Debug\net7.0\Carlton.Base.Components.Test.dll" adapterTypeName="executor://xunit/VsTestRunner2/netcoreapp" className="Carlton.Base.Components.Test.BaseNotificationComponentTests" name="BaseNotification_Markup_RendersCorrectly" />
    </UnitTest>
    <UnitTest name="OnPaginationChangedCallback Parameter Test(selectedPage: 3, selectedRowsPerPage: 15, expectedPage: 1)" storage="c:\users\nicho\source\repos\nickgalazzo\carlton.base\src\tests\carlton.base.components.test\bin\debug\net7.0\carlton.base.components.test.dll" id="7878d288-15ad-26de-21f0-8826c4067c26">
      <Execution id="0ff72b60-4c7b-4d41-bc57-bcfca848ea0f" />
      <TestMethod codeBase="C:\Users\nicho\source\repos\NickGalazzo\Carlton.Base\src\Tests\Carlton.Base.Components.Test\bin\Debug\net7.0\Carlton.Base.Components.Test.dll" adapterTypeName="executor://xunit/VsTestRunner2/netcoreapp" className="Carlton.Base.Components.Test.TablePaginationRowComponentTests" name="TablePaginationRow_OnPaginationChangedCallback_FiresEvent" />
    </UnitTest>
    <UnitTest name="IsTestMode Parameter False Test" storage="c:\users\nicho\source\repos\nickgalazzo\carlton.base\src\tests\carlton.base.components.test\bin\debug\net7.0\carlton.base.components.test.dll" id="af848a1f-f111-f492-606c-888928ebb663">
      <Execution id="5f5bd90c-f1c0-4a6b-9a0d-59962eed32fa" />
      <TestMethod codeBase="C:\Users\nicho\source\repos\NickGalazzo\Carlton.Base\src\Tests\Carlton.Base.Components.Test\bin\Debug\net7.0\Carlton.Base.Components.Test.dll" adapterTypeName="executor://xunit/VsTestRunner2/netcoreapp" className="Carlton.Base.Components.Test.NotificationBarComponentTests" name="NotificationBar_IsTestModeFalseParam_RendersCorrectly" />
    </UnitTest>
    <UnitTest name="MenutItemIcon Parameter Test(icon: &quot;icon-3&quot;)" storage="c:\users\nicho\source\repos\nickgalazzo\carlton.base\src\tests\carlton.base.components.test\bin\debug\net7.0\carlton.base.components.test.dll" id="6620d40e-d903-83db-0393-7ce4b6d7a8b9">
      <Execution id="20e33d34-154a-450b-aa14-28bf761182ce" />
      <TestMethod codeBase="C:\Users\nicho\source\repos\NickGalazzo\Carlton.Base\src\Tests\Carlton.Base.Components.Test\bin\Debug\net7.0\Carlton.Base.Components.Test.dll" adapterTypeName="executor://xunit/VsTestRunner2/netcoreapp" className="Carlton.Base.Components.Test.DropDownMenuElementComponentTests" name="DropDownMenuElement_MenuItemIconParam_RendersCorrectly" />
    </UnitTest>
    <UnitTest name="SelectedItemChanged Callback Parameter Test(itemIndex: 1, expectedValue: 2)" storage="c:\users\nicho\source\repos\nickgalazzo\carlton.base\src\tests\carlton.base.components.test\bin\debug\net7.0\carlton.base.components.test.dll" id="1ff3aeae-7a63-fbe9-58e8-019dae187cfb">
      <Execution id="c7a7fcf2-d636-4b3b-86a3-58b8a2e4e0e0" />
      <TestMethod codeBase="C:\Users\nicho\source\repos\NickGalazzo\Carlton.Base\src\Tests\Carlton.Base.Components.Test\bin\Debug\net7.0\Carlton.Base.Components.Test.dll" adapterTypeName="executor://xunit/VsTestRunner2/netcoreapp" className="Carlton.Base.Components.Test.AccordionSelectComponentTests" name="AccordionSelect_SelectedItemChangedParam_FiresCallback" />
    </UnitTest>
    <UnitTest name="Title Parameter Test(expectedTitle: &quot;Notification Title Test 3&quot;)" storage="c:\users\nicho\source\repos\nickgalazzo\carlton.base\src\tests\carlton.base.components.test\bin\debug\net7.0\carlton.base.components.test.dll" id="82fdc03c-6a72-dde8-456a-eaf39698c697">
      <Execution id="0b1cfc2e-7e6f-45c4-9dde-c9a119940e8e" />
      <TestMethod codeBase="C:\Users\nicho\source\repos\NickGalazzo\Carlton.Base\src\Tests\Carlton.Base.Components.Test\bin\Debug\net7.0\Carlton.Base.Components.Test.dll" adapterTypeName="executor://xunit/VsTestRunner2/netcoreapp" className="Carlton.Base.Components.Test.BaseNotificationComponentTests" name="BaseNotification_TitleParam_RendersCorrectly" />
    </UnitTest>
    <UnitTest name="Message Parameter Test(expectedMessage: &quot;Notification Message Test 2&quot;)" storage="c:\users\nicho\source\repos\nickgalazzo\carlton.base\src\tests\carlton.base.components.test\bin\debug\net7.0\carlton.base.components.test.dll" id="f53e06b6-7175-ade3-7410-8fb2fdd5371a">
      <Execution id="1a75effc-3cb1-4d02-8e1b-d292ede211bc" />
      <TestMethod codeBase="C:\Users\nicho\source\repos\NickGalazzo\Carlton.Base\src\Tests\Carlton.Base.Components.Test\bin\Debug\net7.0\Carlton.Base.Components.Test.dll" adapterTypeName="executor://xunit/VsTestRunner2/netcoreapp" className="Carlton.Base.Components.Test.BaseNotificationComponentTests" name="BaseNotification_MessageParam_RendersCorrectly" />
    </UnitTest>
    <UnitTest name="Icon Parameter Test(icon: &quot;icon-1&quot;)" storage="c:\users\nicho\source\repos\nickgalazzo\carlton.base\src\tests\carlton.base.components.test\bin\debug\net7.0\carlton.base.components.test.dll" id="88b02857-31c6-c6a5-e9ec-e82f8eaf3750">
      <Execution id="2231dc2b-0213-4fbd-ad40-14fc7f6df702" />
      <TestMethod codeBase="C:\Users\nicho\source\repos\NickGalazzo\Carlton.Base\src\Tests\Carlton.Base.Components.Test\bin\Debug\net7.0\Carlton.Base.Components.Test.dll" adapterTypeName="executor://xunit/VsTestRunner2/netcoreapp" className="Carlton.Base.Components.Test.CountCardComponentTests" name="CountCard_IconParam_RendersCorrectly" />
    </UnitTest>
    <UnitTest name="Active Tab, Render Test(activeTabIndex: 1, expectedText: &quot;&lt;span&gt;This is the second tab&lt;/span&gt;&quot;)" storage="c:\users\nicho\source\repos\nickgalazzo\carlton.base\src\tests\carlton.base.components.test\bin\debug\net7.0\carlton.base.components.test.dll" id="c8e77cac-6f32-7922-908e-be27d6adb862">
      <Execution id="f0de736e-cd34-4ed3-94ec-ad2c2a42da56" />
      <TestMethod codeBase="C:\Users\nicho\source\repos\NickGalazzo\Carlton.Base\src\Tests\Carlton.Base.Components.Test\bin\Debug\net7.0\Carlton.Base.Components.Test.dll" adapterTypeName="executor://xunit/VsTestRunner2/netcoreapp" className="Carlton.Base.Components.Test.DesktopTabBarComponentTests" name="DesktopTabBar_ActiveTab_RendersCorrectly" />
    </UnitTest>
    <UnitTest name="IsCollapsed Parameter Test(isCollapsed: False)" storage="c:\users\nicho\source\repos\nickgalazzo\carlton.base\src\tests\carlton.base.components.test\bin\debug\net7.0\carlton.base.components.test.dll" id="9c3c2473-256a-97a6-46f2-1e4c09162e41">
      <Execution id="9958744d-1ddb-4dcd-aeca-fdff73b74f02" />
      <TestMethod codeBase="C:\Users\nicho\source\repos\NickGalazzo\Carlton.Base\src\Tests\Carlton.Base.Components.Test\bin\Debug\net7.0\Carlton.Base.Components.Test.dll" adapterTypeName="executor://xunit/VsTestRunner2/netcoreapp" className="Carlton.Base.Components.Test.LogoComponentTests" name="Logo_IsCollapsedParam_ShouldBeExpanded" />
    </UnitTest>
    <UnitTest name="ValueChangedCallback Parameter Test(index: 0)" storage="c:\users\nicho\source\repos\nickgalazzo\carlton.base\src\tests\carlton.base.components.test\bin\debug\net7.0\carlton.base.components.test.dll" id="37edd2ee-f80c-098c-cce6-2592ce58d6a6">
      <Execution id="bb923560-9a36-4c90-b3b8-73c5f027fb32" />
      <TestMethod codeBase="C:\Users\nicho\source\repos\NickGalazzo\Carlton.Base\src\Tests\Carlton.Base.Components.Test\bin\Debug\net7.0\Carlton.Base.Components.Test.dll" adapterTypeName="executor://xunit/VsTestRunner2/netcoreapp" className="Carlton.Base.Components.Test.SelectComponentTests" name="Select_ValueChangedCallbackParam_FiresCallback" />
    </UnitTest>
    <UnitTest name="OrderColumn and OrderDirection Parameter Test(columnName: &quot;ID&quot;, columnIndex: 0, orderAscending: False)" storage="c:\users\nicho\source\repos\nickgalazzo\carlton.base\src\tests\carlton.base.components.test\bin\debug\net7.0\carlton.base.components.test.dll" id="84b23f90-69f9-f433-d7fd-f1242ca93715">
      <Execution id="0e73082f-366b-46e3-b979-e90a7b3326a1" />
      <TestMethod codeBase="C:\Users\nicho\source\repos\NickGalazzo\Carlton.Base\src\Tests\Carlton.Base.Components.Test\bin\Debug\net7.0\Carlton.Base.Components.Test.dll" adapterTypeName="executor://xunit/VsTestRunner2/netcoreapp" className="Carlton.Base.Components.Test.TableHeaderComponentTests" name="TableHeader_OrderColumnParam_And_OrderDirectionParam_RendersCorrectly" />
    </UnitTest>
    <UnitTest name="OrderColumn and OrderDirection Parameter Test(columnName: &quot;ID&quot;, columnIndex: 0, orderAscending: True)" storage="c:\users\nicho\source\repos\nickgalazzo\carlton.base\src\tests\carlton.base.components.test\bin\debug\net7.0\carlton.base.components.test.dll" id="1edd2235-9ccb-5a7c-da3c-69852da57d43">
      <Execution id="3e2158be-8e4d-474a-b8a6-5776649ab701" />
      <TestMethod codeBase="C:\Users\nicho\source\repos\NickGalazzo\Carlton.Base\src\Tests\Carlton.Base.Components.Test\bin\Debug\net7.0\Carlton.Base.Components.Test.dll" adapterTypeName="executor://xunit/VsTestRunner2/netcoreapp" className="Carlton.Base.Components.Test.TableHeaderComponentTests" name="TableHeader_OrderColumnParam_And_OrderDirectionParam_RendersCorrectly" />
    </UnitTest>
    <UnitTest name="IconClass Parameter Test(expectedIconClass: &quot;icon-class-test-1&quot;)" storage="c:\users\nicho\source\repos\nickgalazzo\carlton.base\src\tests\carlton.base.components.test\bin\debug\net7.0\carlton.base.components.test.dll" id="7ad3de30-3ed1-60e8-cd6f-96cecd09cd80">
      <Execution id="26a4eb3a-9062-4e47-9f60-f9ebe69f9f37" />
      <TestMethod codeBase="C:\Users\nicho\source\repos\NickGalazzo\Carlton.Base\src\Tests\Carlton.Base.Components.Test\bin\Debug\net7.0\Carlton.Base.Components.Test.dll" adapterTypeName="executor://xunit/VsTestRunner2/netcoreapp" className="Carlton.Base.Components.Test.BaseNotificationComponentTests" name="BaseNotification_IconClassParameter_RendersCorrectly" />
    </UnitTest>
    <UnitTest name="OnMenuItemSelected Parameter Test(value: 8)" storage="c:\users\nicho\source\repos\nickgalazzo\carlton.base\src\tests\carlton.base.components.test\bin\debug\net7.0\carlton.base.components.test.dll" id="7f0cfee7-83d2-7302-01d8-22231e7281e5">
      <Execution id="de0942cd-fc7f-41d2-9c0b-95faa9191a30" />
      <TestMethod codeBase="C:\Users\nicho\source\repos\NickGalazzo\Carlton.Base\src\Tests\Carlton.Base.Components.Test\bin\Debug\net7.0\Carlton.Base.Components.Test.dll" adapterTypeName="executor://xunit/VsTestRunner2/netcoreapp" className="Carlton.Base.Components.Test.DropDownMenuElementComponentTests" name="DropDownMenuElement_OnMenuItemSelectedParam_RendersCorrectly" />
    </UnitTest>
    <UnitTest name="Header Click Once, CSS Ascending Class Test(selectedIndex: 2)" storage="c:\users\nicho\source\repos\nickgalazzo\carlton.base\src\tests\carlton.base.components.test\bin\debug\net7.0\carlton.base.components.test.dll" id="99fe2d9f-2eb0-853a-b738-215cc0d01990">
      <Execution id="a22cb53f-2f25-421d-99e6-ee7fdfd9d9e0" />
      <TestMethod codeBase="C:\Users\nicho\source\repos\NickGalazzo\Carlton.Base\src\Tests\Carlton.Base.Components.Test\bin\Debug\net7.0\Carlton.Base.Components.Test.dll" adapterTypeName="executor://xunit/VsTestRunner2/netcoreapp" className="Carlton.Base.Components.Test.TableComponentTests" name="Table_HeaderItemOnClick_AscendingClass_RendersCorrectly" />
    </UnitTest>
    <UnitTest name="NotificationBar Click Test(btnClass: &quot;success-btn&quot;, expectedType: typeof(Carlton.Base.Components.SuccessNotification))" storage="c:\users\nicho\source\repos\nickgalazzo\carlton.base\src\tests\carlton.base.components.test\bin\debug\net7.0\carlton.base.components.test.dll" id="91cab3e6-f6e6-ffd2-a883-2556c43bc8c0">
      <Execution id="28ecdb73-b6d9-4f96-8e43-6b4107eb1ac7" />
      <TestMethod codeBase="C:\Users\nicho\source\repos\NickGalazzo\Carlton.Base\src\Tests\Carlton.Base.Components.Test\bin\Debug\net7.0\Carlton.Base.Components.Test.dll" adapterTypeName="executor://xunit/VsTestRunner2/netcoreapp" className="Carlton.Base.Components.Test.NotificationBarComponentTests" name="NotificationBar_ClickEvent_RendersCorrectly" />
    </UnitTest>
    <UnitTest name="Default Active Tab, CSS Active Class Test(activeTabIndex: 1)" storage="c:\users\nicho\source\repos\nickgalazzo\carlton.base\src\tests\carlton.base.components.test\bin\debug\net7.0\carlton.base.components.test.dll" id="7f6a9984-6418-1329-1ddd-ff46325f35f0">
      <Execution id="95c25a9e-dca9-453f-bfbc-fcef7ba0bd49" />
      <TestMethod codeBase="C:\Users\nicho\source\repos\NickGalazzo\Carlton.Base\src\Tests\Carlton.Base.Components.Test\bin\Debug\net7.0\Carlton.Base.Components.Test.dll" adapterTypeName="executor://xunit/VsTestRunner2/netcoreapp" className="Carlton.Base.Components.Test.DesktopTabBarComponentTests" name="DesktopTabBar_ActiveTabClass_RendersCorrectly" />
    </UnitTest>
    <UnitTest name="TopRight Parameter Test(top: 10, right: 5, expectedResult: &quot;top:10px;right:5px;&quot;)" storage="c:\users\nicho\source\repos\nickgalazzo\carlton.base\src\tests\carlton.base.components.test\bin\debug\net7.0\carlton.base.components.test.dll" id="4408a461-87db-3cee-31e3-ef22beacc86a">
      <Execution id="dd16c65a-633e-4061-b00f-1d1ffa36765f" />
      <TestMethod codeBase="C:\Users\nicho\source\repos\NickGalazzo\Carlton.Base\src\Tests\Carlton.Base.Components.Test\bin\Debug\net7.0\Carlton.Base.Components.Test.dll" adapterTypeName="executor://xunit/VsTestRunner2/netcoreapp" className="Carlton.Base.Components.Test.NotificationBarComponentTests" name="NotificationBar_TopRightParams_RendersCorrectly" />
    </UnitTest>
    <UnitTest name="Icon Parameter Test(icon: &quot;icon-3&quot;)" storage="c:\users\nicho\source\repos\nickgalazzo\carlton.base\src\tests\carlton.base.components.test\bin\debug\net7.0\carlton.base.components.test.dll" id="e5e3f589-0b7d-a06d-d06c-19426b0e1ca4">
      <Execution id="4716665e-2353-4638-9154-aff0917a0765" />
      <TestMethod codeBase="C:\Users\nicho\source\repos\NickGalazzo\Carlton.Base\src\Tests\Carlton.Base.Components.Test\bin\Debug\net7.0\Carlton.Base.Components.Test.dll" adapterTypeName="executor://xunit/VsTestRunner2/netcoreapp" className="Carlton.Base.Components.Test.CountCardComponentTests" name="CountCard_IconParam_RendersCorrectly" />
    </UnitTest>
    <UnitTest name="OnPaginationChangedCallback Parameter Test(selectedPage: 1, selectedRowsPerPage: 10, expectedPage: 1)" storage="c:\users\nicho\source\repos\nickgalazzo\carlton.base\src\tests\carlton.base.components.test\bin\debug\net7.0\carlton.base.components.test.dll" id="2eb286f0-704e-1041-cbe7-249a3f01188e">
      <Execution id="5975af43-4956-4e40-bd09-b1494f8dfc9c" />
      <TestMethod codeBase="C:\Users\nicho\source\repos\NickGalazzo\Carlton.Base\src\Tests\Carlton.Base.Components.Test\bin\Debug\net7.0\Carlton.Base.Components.Test.dll" adapterTypeName="executor://xunit/VsTestRunner2/netcoreapp" className="Carlton.Base.Components.Test.TablePaginationRowComponentTests" name="TablePaginationRow_OnPaginationChangedCallback_FiresEvent" />
    </UnitTest>
    <UnitTest name="Content Parameter Test(expectedContent: &quot;&lt;span class=\&quot;test-content\&quot;&gt;Here is some test con&quot;...)" storage="c:\users\nicho\source\repos\nickgalazzo\carlton.base\src\tests\carlton.base.components.test\bin\debug\net7.0\carlton.base.components.test.dll" id="8604af9a-6283-f41c-5895-dcded0b19ca9">
      <Execution id="1bad9d90-ad3e-4128-8bc0-72f4add02d20" />
      <TestMethod codeBase="C:\Users\nicho\source\repos\NickGalazzo\Carlton.Base\src\Tests\Carlton.Base.Components.Test\bin\Debug\net7.0\Carlton.Base.Components.Test.dll" adapterTypeName="executor://xunit/VsTestRunner2/netcoreapp" className="Carlton.Base.Components.Test.SlideTabComponentTests" name="SlideTab_ContentParam_RendersCorrectly" />
    </UnitTest>
    <UnitTest name="Header Click Once Test(columnIndex: 1, expectedColumnName: &quot;DisplayName&quot;)" storage="c:\users\nicho\source\repos\nickgalazzo\carlton.base\src\tests\carlton.base.components.test\bin\debug\net7.0\carlton.base.components.test.dll" id="55dfd735-8734-de35-834e-08dd21df3135">
      <Execution id="27413b50-4409-4eb3-852f-650651ba6503" />
      <TestMethod codeBase="C:\Users\nicho\source\repos\NickGalazzo\Carlton.Base\src\Tests\Carlton.Base.Components.Test\bin\Debug\net7.0\Carlton.Base.Components.Test.dll" adapterTypeName="executor://xunit/VsTestRunner2/netcoreapp" className="Carlton.Base.Components.Test.TableHeaderComponentTests" name="TableHeader_ClickHeadersOnce_EventFires" />
    </UnitTest>
    <UnitTest name="CardTitle Parameter Test(title: &quot;Test Title 1&quot;)" storage="c:\users\nicho\source\repos\nickgalazzo\carlton.base\src\tests\carlton.base.components.test\bin\debug\net7.0\carlton.base.components.test.dll" id="1d3214d0-58ed-27fe-6283-c0167a9cb4ee">
      <Execution id="c49d8d69-aafb-40bf-9a1e-9bff614f5e97" />
      <TestMethod codeBase="C:\Users\nicho\source\repos\NickGalazzo\Carlton.Base\src\Tests\Carlton.Base.Components.Test\bin\Debug\net7.0\Carlton.Base.Components.Test.dll" adapterTypeName="executor://xunit/VsTestRunner2/netcoreapp" className="Carlton.Base.Components.Test.ListCardComponentTests" name="ListCard_CardTitleParam_RendersCorrectly" />
    </UnitTest>
    <UnitTest name="Title Parameter Test(expectedTitle: &quot;Test 1&quot;)" storage="c:\users\nicho\source\repos\nickgalazzo\carlton.base\src\tests\carlton.base.components.test\bin\debug\net7.0\carlton.base.components.test.dll" id="b9da235f-445f-e555-2621-e29da2700ddb">
      <Execution id="a370a0ed-3180-4fc7-9230-21a7eb3e84fa" />
      <TestMethod codeBase="C:\Users\nicho\source\repos\NickGalazzo\Carlton.Base\src\Tests\Carlton.Base.Components.Test\bin\Debug\net7.0\Carlton.Base.Components.Test.dll" adapterTypeName="executor://xunit/VsTestRunner2/netcoreapp" className="Carlton.Base.Components.Test.AccordionSelectComponentTests" name="AccordionSelect_TitleParam_RendersCorrectly" />
    </UnitTest>
    <UnitTest name="FadeOutEnabled Parameter Test(fadeOutEnabled: True, notificationClass: &quot;warning-btn&quot;)" storage="c:\users\nicho\source\repos\nickgalazzo\carlton.base\src\tests\carlton.base.components.test\bin\debug\net7.0\carlton.base.components.test.dll" id="842338a5-fce3-2697-103d-cee95acc7e69">
      <Execution id="38519539-ee5e-44db-9dae-694f94b556ee" />
      <TestMethod codeBase="C:\Users\nicho\source\repos\NickGalazzo\Carlton.Base\src\Tests\Carlton.Base.Components.Test\bin\Debug\net7.0\Carlton.Base.Components.Test.dll" adapterTypeName="executor://xunit/VsTestRunner2/netcoreapp" className="Carlton.Base.Components.Test.NotificationBarComponentTests" name="NotificationBar_FadeOutEnabledParam_RendersCorrectly" />
    </UnitTest>
    <UnitTest name="Header Click Twice Test(columnIndex: 0, expectedColumnName: &quot;ID&quot;)" storage="c:\users\nicho\source\repos\nickgalazzo\carlton.base\src\tests\carlton.base.components.test\bin\debug\net7.0\carlton.base.components.test.dll" id="c4d4803f-3bc8-a1b9-2e2e-1d9bfb66d32e">
      <Execution id="ba76dc5c-0ab0-4592-b4da-a74001954865" />
      <TestMethod codeBase="C:\Users\nicho\source\repos\NickGalazzo\Carlton.Base\src\Tests\Carlton.Base.Components.Test\bin\Debug\net7.0\Carlton.Base.Components.Test.dll" adapterTypeName="executor://xunit/VsTestRunner2/netcoreapp" className="Carlton.Base.Components.Test.TableHeaderComponentTests" name="TableHeader_ClickHeadersTwice_EventFires" />
    </UnitTest>
    <UnitTest name="OnPaginationChangedCallback Parameter Test(selectedPage: 2, selectedRowsPerPage: 15, expectedPage: 1)" storage="c:\users\nicho\source\repos\nickgalazzo\carlton.base\src\tests\carlton.base.components.test\bin\debug\net7.0\carlton.base.components.test.dll" id="aa7e615a-7f15-9843-7c19-46e835d236eb">
      <Execution id="f0fa18c1-fa3b-41fe-8048-d3268aa33622" />
      <TestMethod codeBase="C:\Users\nicho\source\repos\NickGalazzo\Carlton.Base\src\Tests\Carlton.Base.Components.Test\bin\Debug\net7.0\Carlton.Base.Components.Test.dll" adapterTypeName="executor://xunit/VsTestRunner2/netcoreapp" className="Carlton.Base.Components.Test.TablePaginationRowComponentTests" name="TablePaginationRow_OnPaginationChangedCallback_FiresEvent" />
    </UnitTest>
    <UnitTest name="Header Click Once, CSS Selected Class Test(selectedIndex: 1)" storage="c:\users\nicho\source\repos\nickgalazzo\carlton.base\src\tests\carlton.base.components.test\bin\debug\net7.0\carlton.base.components.test.dll" id="58f6c3ef-e1df-709f-c47d-bb8fe9deb7c8">
      <Execution id="205e237b-d899-491e-935a-cf03a10f85b7" />
      <TestMethod codeBase="C:\Users\nicho\source\repos\NickGalazzo\Carlton.Base\src\Tests\Carlton.Base.Components.Test\bin\Debug\net7.0\Carlton.Base.Components.Test.dll" adapterTypeName="executor://xunit/VsTestRunner2/netcoreapp" className="Carlton.Base.Components.Test.TableComponentTests" name="Table_HeaderItemOnClick_SelectedClass_RendersCorrectly" />
    </UnitTest>
    <UnitTest name="IsChecked Parameter Test(isChecked: False)" storage="c:\users\nicho\source\repos\nickgalazzo\carlton.base\src\tests\carlton.base.components.test\bin\debug\net7.0\carlton.base.components.test.dll" id="48670272-3dd1-1148-043b-fca5b5e47e53">
      <Execution id="3aef0807-6ed7-4c8e-9262-116ec4aaaa68" />
      <TestMethod codeBase="C:\Users\nicho\source\repos\NickGalazzo\Carlton.Base\src\Tests\Carlton.Base.Components.Test\bin\Debug\net7.0\Carlton.Base.Components.Test.dll" adapterTypeName="executor://xunit/VsTestRunner2/netcoreapp" className="Carlton.Base.Components.Test.CheckboxComponentTests" name="Checkbox_IsCheckedParam_FiresCallback" />
    </UnitTest>
    <UnitTest name="Invalid OrderColumn Parameter Test(columnName: &quot;Wrong&quot;)" storage="c:\users\nicho\source\repos\nickgalazzo\carlton.base\src\tests\carlton.base.components.test\bin\debug\net7.0\carlton.base.components.test.dll" id="2233ccff-1d94-df6b-afa2-1cb6b7d0296b">
      <Execution id="ec84fbc5-c5e7-45fe-be4c-8739bdd07de6" />
      <TestMethod codeBase="C:\Users\nicho\source\repos\NickGalazzo\Carlton.Base\src\Tests\Carlton.Base.Components.Test\bin\Debug\net7.0\Carlton.Base.Components.Test.dll" adapterTypeName="executor://xunit/VsTestRunner2/netcoreapp" className="Carlton.Base.Components.Test.TableHeaderComponentTests" name="TableHeader_InvalidOrderColumnParam_RendersCorrectly" />
    </UnitTest>
    <UnitTest name="Default Active Tab, CSS Active Class Test(activeTabIndex: 1)" storage="c:\users\nicho\source\repos\nickgalazzo\carlton.base\src\tests\carlton.base.components.test\bin\debug\net7.0\carlton.base.components.test.dll" id="4c0edeb2-cccc-45bf-c1ff-0ee97ac8aab7">
      <Execution id="590b88a6-40ac-4019-af95-2d62e7447b4b" />
      <TestMethod codeBase="C:\Users\nicho\source\repos\NickGalazzo\Carlton.Base\src\Tests\Carlton.Base.Components.Test\bin\Debug\net7.0\Carlton.Base.Components.Test.dll" adapterTypeName="executor://xunit/VsTestRunner2/netcoreapp" className="Carlton.Base.Components.Test.MobileTabBarComponentTests" name="MobileTabBar_ActiveTabClass_RendersCorrectly" />
    </UnitTest>
    <UnitTest name="Default Active Tab, CSS Active Class Test(activeTabIndex: 0)" storage="c:\users\nicho\source\repos\nickgalazzo\carlton.base\src\tests\carlton.base.components.test\bin\debug\net7.0\carlton.base.components.test.dll" id="4fc3bf72-5878-f9f1-8f88-5cc276408beb">
      <Execution id="faefab65-3957-4d22-ba02-162afbf6b965" />
      <TestMethod codeBase="C:\Users\nicho\source\repos\NickGalazzo\Carlton.Base\src\Tests\Carlton.Base.Components.Test\bin\Debug\net7.0\Carlton.Base.Components.Test.dll" adapterTypeName="executor://xunit/VsTestRunner2/netcoreapp" className="Carlton.Base.Components.Test.DesktopTabBarComponentTests" name="DesktopTabBar_ActiveTabClass_RendersCorrectly" />
    </UnitTest>
    <UnitTest name="Page Greater Than One, Left Chevron Enabled Test(currentPage: 2)" storage="c:\users\nicho\source\repos\nickgalazzo\carlton.base\src\tests\carlton.base.components.test\bin\debug\net7.0\carlton.base.components.test.dll" id="3b7633ea-161f-2116-c52f-52e37a852c76">
      <Execution id="0fc3994b-4452-44d2-bcdb-492fca972306" />
      <TestMethod codeBase="C:\Users\nicho\source\repos\NickGalazzo\Carlton.Base\src\Tests\Carlton.Base.Components.Test\bin\Debug\net7.0\Carlton.Base.Components.Test.dll" adapterTypeName="executor://xunit/VsTestRunner2/netcoreapp" className="Carlton.Base.Components.Test.TablePaginationRowComponentTests" name="TablePaginationRow_PageGreaterThanOne_LeftChevronsEnabled_RendersCorrectly" />
    </UnitTest>
    <UnitTest name="MenuItemName Parameter Test(menuItemName: &quot;Test Menu Item&quot;)" storage="c:\users\nicho\source\repos\nickgalazzo\carlton.base\src\tests\carlton.base.components.test\bin\debug\net7.0\carlton.base.components.test.dll" id="f8a4fdfd-2ee1-6ccb-9204-9fa723643148">
      <Execution id="3824c329-4b1b-43a5-803d-4335ba29e08a" />
      <TestMethod codeBase="C:\Users\nicho\source\repos\NickGalazzo\Carlton.Base\src\Tests\Carlton.Base.Components.Test\bin\Debug\net7.0\Carlton.Base.Components.Test.dll" adapterTypeName="executor://xunit/VsTestRunner2/netcoreapp" className="Carlton.Base.Components.Test.DropDownMenuElementComponentTests" name="DropDownMenuElement_MenuItemNameParam_RendersCorrectly" />
    </UnitTest>
    <UnitTest name="SelectedValue Parameter Test(selectedValue: 3, expectedLabel: &quot;Option 3&quot;)" storage="c:\users\nicho\source\repos\nickgalazzo\carlton.base\src\tests\carlton.base.components.test\bin\debug\net7.0\carlton.base.components.test.dll" id="5c0ec28d-c5d9-3f0b-b666-ef73fc816bf9">
      <Execution id="dc8f77f4-21ae-4b0c-8111-24b0ff088d30" />
      <TestMethod codeBase="C:\Users\nicho\source\repos\NickGalazzo\Carlton.Base\src\Tests\Carlton.Base.Components.Test\bin\Debug\net7.0\Carlton.Base.Components.Test.dll" adapterTypeName="executor://xunit/VsTestRunner2/netcoreapp" className="Carlton.Base.Components.Test.SelectComponentTests" name="Select_SelectedValueParam_RendersCorrectly" />
    </UnitTest>
    <UnitTest name="Markup Test" storage="c:\users\nicho\source\repos\nickgalazzo\carlton.base\src\tests\carlton.base.components.test\bin\debug\net7.0\carlton.base.components.test.dll" id="2d168e72-b1c4-0b57-fd31-afcc70bd9911">
      <Execution id="8cfc229d-5761-4795-aacc-1c4a820262c8" />
      <TestMethod codeBase="C:\Users\nicho\source\repos\NickGalazzo\Carlton.Base\src\Tests\Carlton.Base.Components.Test\bin\Debug\net7.0\Carlton.Base.Components.Test.dll" adapterTypeName="executor://xunit/VsTestRunner2/netcoreapp" className="Carlton.Base.Components.Test.ListCardComponentTests" name="ListCard_Markup_RendersCorrectly" />
    </UnitTest>
    <UnitTest name="PaginationLabel Parameter, Item Count Less Than Page Count Test(optIndex: 0)" storage="c:\users\nicho\source\repos\nickgalazzo\carlton.base\src\tests\carlton.base.components.test\bin\debug\net7.0\carlton.base.components.test.dll" id="dd897532-7f0f-72fe-4d53-800a9279ec29">
      <Execution id="a81ab0c9-a761-4117-a958-efb054cc6009" />
      <TestMethod codeBase="C:\Users\nicho\source\repos\NickGalazzo\Carlton.Base\src\Tests\Carlton.Base.Components.Test\bin\Debug\net7.0\Carlton.Base.Components.Test.dll" adapterTypeName="executor://xunit/VsTestRunner2/netcoreapp" className="Carlton.Base.Components.Test.TablePaginationRowComponentTests" name="TablePaginationRow_PaginationLabel_ItemCountLessThanItemsPerPage_RendersCorrectly" />
    </UnitTest>
    <UnitTest name="ChildDisplayText Parameter(displayText: &quot;Display Test One Final Time&quot;)" storage="c:\users\nicho\source\repos\nickgalazzo\carlton.base\src\tests\carlton.base.components.test\bin\debug\net7.0\carlton.base.components.test.dll" id="732f3f80-7856-cc06-369f-c64790e08623">
      <Execution id="b090fad7-4843-4068-ade5-1c02ea8fbeb8" />
      <TestMethod codeBase="C:\Users\nicho\source\repos\NickGalazzo\Carlton.Base\src\Tests\Carlton.Base.Components.Test\bin\Debug\net7.0\Carlton.Base.Components.Test.dll" adapterTypeName="executor://xunit/VsTestRunner2/netcoreapp" className="Carlton.Base.Components.Test.DesktopTabBarComponentTests" name="DesktopTabBar_ChildDisplayTextParam_RendersCorrectly" />
    </UnitTest>
    <UnitTest name="Count Parameter Test(count: 10)" storage="c:\users\nicho\source\repos\nickgalazzo\carlton.base\src\tests\carlton.base.components.test\bin\debug\net7.0\carlton.base.components.test.dll" id="d861b366-8b7a-507b-a4be-fa0acafd9d18">
      <Execution id="32d28fa1-2231-44cc-bd31-8459a8507631" />
      <TestMethod codeBase="C:\Users\nicho\source\repos\NickGalazzo\Carlton.Base\src\Tests\Carlton.Base.Components.Test\bin\Debug\net7.0\Carlton.Base.Components.Test.dll" adapterTypeName="executor://xunit/VsTestRunner2/netcoreapp" className="Carlton.Base.Components.Test.CountCardComponentTests" name="CountCard_CountParam_RendersCorrectly" />
    </UnitTest>
    <UnitTest name="IconClass Parameter Test(expectedIconClass: &quot;icon-class-test-2&quot;)" storage="c:\users\nicho\source\repos\nickgalazzo\carlton.base\src\tests\carlton.base.components.test\bin\debug\net7.0\carlton.base.components.test.dll" id="97987535-2968-7f77-7024-d278c34b0d82">
      <Execution id="dc10aee5-7730-44b3-b08e-522f45a8a7f4" />
      <TestMethod codeBase="C:\Users\nicho\source\repos\NickGalazzo\Carlton.Base\src\Tests\Carlton.Base.Components.Test\bin\Debug\net7.0\Carlton.Base.Components.Test.dll" adapterTypeName="executor://xunit/VsTestRunner2/netcoreapp" className="Carlton.Base.Components.Test.BaseNotificationComponentTests" name="BaseNotification_IconClassParameter_RendersCorrectly" />
    </UnitTest>
    <UnitTest name="Selected Active Tab, CSS Active Class Test(activeTabIndex: 1, expectedText: &quot;&lt;span&gt;This is the second tab&lt;/span&gt;&quot;)" storage="c:\users\nicho\source\repos\nickgalazzo\carlton.base\src\tests\carlton.base.components.test\bin\debug\net7.0\carlton.base.components.test.dll" id="40f397c7-6770-78b5-44ee-bfd175e82413">
      <Execution id="1afe1977-0d47-4332-b1fa-6860964500bf" />
      <TestMethod codeBase="C:\Users\nicho\source\repos\NickGalazzo\Carlton.Base\src\Tests\Carlton.Base.Components.Test\bin\Debug\net7.0\Carlton.Base.Components.Test.dll" adapterTypeName="executor://xunit/VsTestRunner2/netcoreapp" className="Carlton.Base.Components.Test.MobileTabBarComponentTests" name="MobileTabBar_ActiveTab_RendersCorrectly" />
    </UnitTest>
    <UnitTest name="Default Active Tab, CSS Active Class Test(activeTabIndex: 0)" storage="c:\users\nicho\source\repos\nickgalazzo\carlton.base\src\tests\carlton.base.components.test\bin\debug\net7.0\carlton.base.components.test.dll" id="b9366499-2fa9-2b74-777c-bd5ce9b81d50">
      <Execution id="902efc95-bedd-4b41-9e50-f9d99b982b52" />
      <TestMethod codeBase="C:\Users\nicho\source\repos\NickGalazzo\Carlton.Base\src\Tests\Carlton.Base.Components.Test\bin\Debug\net7.0\Carlton.Base.Components.Test.dll" adapterTypeName="executor://xunit/VsTestRunner2/netcoreapp" className="Carlton.Base.Components.Test.MobileTabBarComponentTests" name="MobileTabBar_ActiveTabClass_RendersCorrectly" />
    </UnitTest>
    <UnitTest name="SelectedValue Parameter Test(selectedIndex: 2, selectedValue: 3)" storage="c:\users\nicho\source\repos\nickgalazzo\carlton.base\src\tests\carlton.base.components.test\bin\debug\net7.0\carlton.base.components.test.dll" id="6c359ed0-fe50-b1fc-9e35-70ec37981b43">
      <Execution id="0b426841-10d6-419e-be17-3f78132af2e0" />
      <TestMethod codeBase="C:\Users\nicho\source\repos\NickGalazzo\Carlton.Base\src\Tests\Carlton.Base.Components.Test\bin\Debug\net7.0\Carlton.Base.Components.Test.dll" adapterTypeName="executor://xunit/VsTestRunner2/netcoreapp" className="Carlton.Base.Components.Test.AccordionSelectComponentTests" name="AccordionSelect_SelectedValueParam_RendersCorrectly" />
    </UnitTest>
    <UnitTest name="Title Parameter Test(expectedTitle: &quot;One Final Test Title&quot;)" storage="c:\users\nicho\source\repos\nickgalazzo\carlton.base\src\tests\carlton.base.components.test\bin\debug\net7.0\carlton.base.components.test.dll" id="e0fdcb3f-6425-8c09-96d8-e66744e0ac09">
      <Execution id="bc1add38-c98b-4d9f-abfa-3f3b08f0c3d7" />
      <TestMethod codeBase="C:\Users\nicho\source\repos\NickGalazzo\Carlton.Base\src\Tests\Carlton.Base.Components.Test\bin\Debug\net7.0\Carlton.Base.Components.Test.dll" adapterTypeName="executor://xunit/VsTestRunner2/netcoreapp" className="Carlton.Base.Components.Test.SlideTabComponentTests" name="SlideTab_TitleParam_RendersCorrectly" />
    </UnitTest>
    <UnitTest name="Header Click, CSS Ascending Class Test(selectedIndex: 0)" storage="c:\users\nicho\source\repos\nickgalazzo\carlton.base\src\tests\carlton.base.components.test\bin\debug\net7.0\carlton.base.components.test.dll" id="5770f1a8-6ef2-8f70-7afe-af85c0fe7780">
      <Execution id="f4989cee-a980-4062-84b2-89ee26a942a1" />
      <TestMethod codeBase="C:\Users\nicho\source\repos\NickGalazzo\Carlton.Base\src\Tests\Carlton.Base.Components.Test\bin\Debug\net7.0\Carlton.Base.Components.Test.dll" adapterTypeName="executor://xunit/VsTestRunner2/netcoreapp" className="Carlton.Base.Components.Test.TableHeaderComponentTests" name="TableHeader_OnClick_AscendingClass_RendersCorrectly" />
    </UnitTest>
    <UnitTest name="Title Parameter Test(expectedTitle: &quot;Notification Title Test 2&quot;)" storage="c:\users\nicho\source\repos\nickgalazzo\carlton.base\src\tests\carlton.base.components.test\bin\debug\net7.0\carlton.base.components.test.dll" id="d9479674-b723-212b-fc32-badb4502af7f">
      <Execution id="05258903-354c-4fbd-a8db-68d1a3af49f2" />
      <TestMethod codeBase="C:\Users\nicho\source\repos\NickGalazzo\Carlton.Base\src\Tests\Carlton.Base.Components.Test\bin\Debug\net7.0\Carlton.Base.Components.Test.dll" adapterTypeName="executor://xunit/VsTestRunner2/netcoreapp" className="Carlton.Base.Components.Test.BaseNotificationComponentTests" name="BaseNotification_TitleParam_RendersCorrectly" />
    </UnitTest>
    <UnitTest name="Two Tabs, Render Test" storage="c:\users\nicho\source\repos\nickgalazzo\carlton.base\src\tests\carlton.base.components.test\bin\debug\net7.0\carlton.base.components.test.dll" id="414a0397-f54b-8531-79ed-4155a6e28bf0">
      <Execution id="044a306f-92a3-4170-ba57-03ca6dce4df1" />
      <TestMethod codeBase="C:\Users\nicho\source\repos\NickGalazzo\Carlton.Base\src\Tests\Carlton.Base.Components.Test\bin\Debug\net7.0\Carlton.Base.Components.Test.dll" adapterTypeName="executor://xunit/VsTestRunner2/netcoreapp" className="Carlton.Base.Components.Test.DesktopTabBarComponentTests" name="DesktopTabBar_WithTwoTabs_RendersCorrectly" />
    </UnitTest>
    <UnitTest name="Markup Test" storage="c:\users\nicho\source\repos\nickgalazzo\carlton.base\src\tests\carlton.base.components.test\bin\debug\net7.0\carlton.base.components.test.dll" id="177ef4bf-7531-a779-4b80-032e62efe340">
      <Execution id="bb4c7b94-a37e-439b-91c6-2339487721f1" />
      <TestMethod codeBase="C:\Users\nicho\source\repos\NickGalazzo\Carlton.Base\src\Tests\Carlton.Base.Components.Test\bin\Debug\net7.0\Carlton.Base.Components.Test.dll" adapterTypeName="executor://xunit/VsTestRunner2/netcoreapp" className="Carlton.Base.Components.Test.DropDownMenuComponentTests" name="DropDownMenuElement_Markup_RendersCorrectly" />
    </UnitTest>
    <UnitTest name="Active Tab, Render Test(activeTabIndex: 2, expectedText: &quot;&lt;span&gt;This is the third tab&lt;/span&gt;&quot;)" storage="c:\users\nicho\source\repos\nickgalazzo\carlton.base\src\tests\carlton.base.components.test\bin\debug\net7.0\carlton.base.components.test.dll" id="a32d1ab1-d7c5-d068-d255-020c3716ee13">
      <Execution id="ceabbb96-ca21-4787-ab2e-b07e4e585615" />
      <TestMethod codeBase="C:\Users\nicho\source\repos\NickGalazzo\Carlton.Base\src\Tests\Carlton.Base.Components.Test\bin\Debug\net7.0\Carlton.Base.Components.Test.dll" adapterTypeName="executor://xunit/VsTestRunner2/netcoreapp" className="Carlton.Base.Components.Test.DesktopTabBarComponentTests" name="DesktopTabBar_ActiveTab_RendersCorrectly" />
    </UnitTest>
    <UnitTest name="MenuItemValue Parameter Test(value: 12)" storage="c:\users\nicho\source\repos\nickgalazzo\carlton.base\src\tests\carlton.base.components.test\bin\debug\net7.0\carlton.base.components.test.dll" id="203ed372-9fa6-a5f4-352d-85cf0a8f907a">
      <Execution id="475b2282-5e27-4254-a87f-533c61fa3698" />
      <TestMethod codeBase="C:\Users\nicho\source\repos\NickGalazzo\Carlton.Base\src\Tests\Carlton.Base.Components.Test\bin\Debug\net7.0\Carlton.Base.Components.Test.dll" adapterTypeName="executor://xunit/VsTestRunner2/netcoreapp" className="Carlton.Base.Components.Test.DropDownMenuElementComponentTests" name="DropDownMenuElement_MenuItemValueParam_RendersCorrectly" />
    </UnitTest>
    <UnitTest name="PaginationLabel Parameter Test(currentPage: 1, currentRowsPerPage: 15, expectedText: &quot;1-15 of 15&quot;)" storage="c:\users\nicho\source\repos\nickgalazzo\carlton.base\src\tests\carlton.base.components.test\bin\debug\net7.0\carlton.base.components.test.dll" id="ecc30bc4-46be-bc3d-f1cf-7cf78fe8f2ab">
      <Execution id="70151d4d-3087-4ca6-b0f9-2f595373309d" />
      <TestMethod codeBase="C:\Users\nicho\source\repos\NickGalazzo\Carlton.Base\src\Tests\Carlton.Base.Components.Test\bin\Debug\net7.0\Carlton.Base.Components.Test.dll" adapterTypeName="executor://xunit/VsTestRunner2/netcoreapp" className="Carlton.Base.Components.Test.TablePaginationRowComponentTests" name="TablePaginationRow_PaginationLabel_RendersCorrectly" />
    </UnitTest>
    <UnitTest name="OnChangeCallback Parameter Test(expectedText: &quot;even more new text&quot;)" storage="c:\users\nicho\source\repos\nickgalazzo\carlton.base\src\tests\carlton.base.components.test\bin\debug\net7.0\carlton.base.components.test.dll" id="b4a22cc2-d8b9-fe51-d222-23927ecc5b03">
      <Execution id="4f53ae51-4453-4781-b174-daa8a44f7892" />
      <TestMethod codeBase="C:\Users\nicho\source\repos\NickGalazzo\Carlton.Base\src\Tests\Carlton.Base.Components.Test\bin\Debug\net7.0\Carlton.Base.Components.Test.dll" adapterTypeName="executor://xunit/VsTestRunner2/netcoreapp" className="Carlton.Base.Components.Test.ConsoleComponentTests" name="Console_OnChangeCallbackParam_FiresCallback" />
    </UnitTest>
    <UnitTest name="ChildIcon Parameter Test(icon: &quot;Icon-Test&quot;)" storage="c:\users\nicho\source\repos\nickgalazzo\carlton.base\src\tests\carlton.base.components.test\bin\debug\net7.0\carlton.base.components.test.dll" id="707e1374-0d9b-937d-a234-1835e7eaa177">
      <Execution id="68556d2f-f1aa-418c-8ae2-c1e324df34c8" />
      <TestMethod codeBase="C:\Users\nicho\source\repos\NickGalazzo\Carlton.Base\src\Tests\Carlton.Base.Components.Test\bin\Debug\net7.0\Carlton.Base.Components.Test.dll" adapterTypeName="executor://xunit/VsTestRunner2/netcoreapp" className="Carlton.Base.Components.Test.MobileTabBarComponentTests" name="MobileTabBar_ChildIconParam_RendersCorrectly" />
    </UnitTest>
    <UnitTest name="PrimaryContentChild Parameter Test(expectedPrimaryCardContent: &quot;&lt;span&gt;Primary Testing Content 1&lt;/span&gt;&quot;)" storage="c:\users\nicho\source\repos\nickgalazzo\carlton.base\src\tests\carlton.base.components.test\bin\debug\net7.0\carlton.base.components.test.dll" id="d1f13926-f0e0-53c6-7c36-40094af4c358">
      <Execution id="8e8f3eaa-de90-405c-8dda-7852d9003f15" />
      <TestMethod codeBase="C:\Users\nicho\source\repos\NickGalazzo\Carlton.Base\src\Tests\Carlton.Base.Components.Test\bin\Debug\net7.0\Carlton.Base.Components.Test.dll" adapterTypeName="executor://xunit/VsTestRunner2/netcoreapp" className="Carlton.Base.Components.Test.CardComponentTests" name="Card_PrimaryContentChildParam_RendersCorrectly" />
    </UnitTest>
    <UnitTest name="Header Click, CSS Ascending Class Test(selectedIndex: 2)" storage="c:\users\nicho\source\repos\nickgalazzo\carlton.base\src\tests\carlton.base.components.test\bin\debug\net7.0\carlton.base.components.test.dll" id="115a5448-e576-bd00-5099-010be9269ce1">
      <Execution id="eb058ad7-2aa9-4fbf-8fa2-df9558b885ad" />
      <TestMethod codeBase="C:\Users\nicho\source\repos\NickGalazzo\Carlton.Base\src\Tests\Carlton.Base.Components.Test\bin\Debug\net7.0\Carlton.Base.Components.Test.dll" adapterTypeName="executor://xunit/VsTestRunner2/netcoreapp" className="Carlton.Base.Components.Test.TableHeaderComponentTests" name="TableHeader_OnClick_AscendingClass_RendersCorrectly" />
    </UnitTest>
    <UnitTest name="Theme Parameter Test(theme: Purple)" storage="c:\users\nicho\source\repos\nickgalazzo\carlton.base\src\tests\carlton.base.components.test\bin\debug\net7.0\carlton.base.components.test.dll" id="1e71a163-7cc6-73ff-f5a1-2c06a14b2998">
      <Execution id="5e3fb1ee-641c-4edb-9786-7537c70728b0" />
      <TestMethod codeBase="C:\Users\nicho\source\repos\NickGalazzo\Carlton.Base\src\Tests\Carlton.Base.Components.Test\bin\Debug\net7.0\Carlton.Base.Components.Test.dll" adapterTypeName="executor://xunit/VsTestRunner2/netcoreapp" className="Carlton.Base.Components.Test.CountCardComponentTests" name="CountCard_ThemeParam_RendersCorrectly" />
    </UnitTest>
    <UnitTest name="PaginationLabel Parameter, Item Count Less Than Page Count Test(optIndex: 1)" storage="c:\users\nicho\source\repos\nickgalazzo\carlton.base\src\tests\carlton.base.components.test\bin\debug\net7.0\carlton.base.components.test.dll" id="fd6e953f-5dd0-0abb-0784-55a54af88074">
      <Execution id="a579ef9f-e0dc-4714-a8a1-29c5d409b775" />
      <TestMethod codeBase="C:\Users\nicho\source\repos\NickGalazzo\Carlton.Base\src\Tests\Carlton.Base.Components.Test\bin\Debug\net7.0\Carlton.Base.Components.Test.dll" adapterTypeName="executor://xunit/VsTestRunner2/netcoreapp" className="Carlton.Base.Components.Test.TablePaginationRowComponentTests" name="TablePaginationRow_PaginationLabel_ItemCountLessThanItemsPerPage_RendersCorrectly" />
    </UnitTest>
    <UnitTest name="PaginationLabel Parameter Test(currentPage: 3, currentRowsPerPage: 5, expectedText: &quot;11-15 of 15&quot;)" storage="c:\users\nicho\source\repos\nickgalazzo\carlton.base\src\tests\carlton.base.components.test\bin\debug\net7.0\carlton.base.components.test.dll" id="10597dda-a407-f9c8-7523-ceedcc006f63">
      <Execution id="d562786a-b7a7-4235-9dbc-0ec35cbad800" />
      <TestMethod codeBase="C:\Users\nicho\source\repos\NickGalazzo\Carlton.Base\src\Tests\Carlton.Base.Components.Test\bin\Debug\net7.0\Carlton.Base.Components.Test.dll" adapterTypeName="executor://xunit/VsTestRunner2/netcoreapp" className="Carlton.Base.Components.Test.TablePaginationRowComponentTests" name="TablePaginationRow_PaginationLabel_RendersCorrectly" />
    </UnitTest>
    <UnitTest name="Default Selected Value Parameter Test" storage="c:\users\nicho\source\repos\nickgalazzo\carlton.base\src\tests\carlton.base.components.test\bin\debug\net7.0\carlton.base.components.test.dll" id="f1a2ceb7-0522-0474-b149-8b5203dd2635">
      <Execution id="db9c5189-2a82-4c1f-b42e-dee374a477ee" />
      <TestMethod codeBase="C:\Users\nicho\source\repos\NickGalazzo\Carlton.Base\src\Tests\Carlton.Base.Components.Test\bin\Debug\net7.0\Carlton.Base.Components.Test.dll" adapterTypeName="executor://xunit/VsTestRunner2/netcoreapp" className="Carlton.Base.Components.Test.SelectComponentTests" name="Select_SelectedValueParam_InvalidDefaultValue_RendersCorrectly" />
    </UnitTest>
    <UnitTest name="Title Parameter Test(expectedTitle: &quot;Yet Another Test Title&quot;)" storage="c:\users\nicho\source\repos\nickgalazzo\carlton.base\src\tests\carlton.base.components.test\bin\debug\net7.0\carlton.base.components.test.dll" id="e1b6bec7-160e-aa54-3156-206a80de3487">
      <Execution id="caf37dd2-2521-44ca-b550-f429bbe7a51d" />
      <TestMethod codeBase="C:\Users\nicho\source\repos\NickGalazzo\Carlton.Base\src\Tests\Carlton.Base.Components.Test\bin\Debug\net7.0\Carlton.Base.Components.Test.dll" adapterTypeName="executor://xunit/VsTestRunner2/netcoreapp" className="Carlton.Base.Components.Test.BreadCrumbsComponentTests" name="BreadCrumbs_TitleParam_RendersCorrectly" />
    </UnitTest>
    <UnitTest name="BreadCrumbItems Parameter Test" storage="c:\users\nicho\source\repos\nickgalazzo\carlton.base\src\tests\carlton.base.components.test\bin\debug\net7.0\carlton.base.components.test.dll" id="fd513a31-56bd-5d39-eca2-0c4821ffb0ec">
      <Execution id="109998ef-f18a-463d-8852-c1d6688e50c5" />
      <TestMethod codeBase="C:\Users\nicho\source\repos\NickGalazzo\Carlton.Base\src\Tests\Carlton.Base.Components.Test\bin\Debug\net7.0\Carlton.Base.Components.Test.dll" adapterTypeName="executor://xunit/VsTestRunner2/netcoreapp" className="Carlton.Base.Components.Test.BreadCrumbsComponentTests" name="BreadCrumbs_BreadCrumbItemsParam_RendersCorrectly" />
    </UnitTest>
    <UnitTest name="Header Click, CSS Descending Class Test(selectedIndex: 1)" storage="c:\users\nicho\source\repos\nickgalazzo\carlton.base\src\tests\carlton.base.components.test\bin\debug\net7.0\carlton.base.components.test.dll" id="684d119b-bf29-0359-d6c0-2d83b20138f4">
      <Execution id="2c26b2db-7407-428f-9aeb-8d39a523bd1a" />
      <TestMethod codeBase="C:\Users\nicho\source\repos\NickGalazzo\Carlton.Base\src\Tests\Carlton.Base.Components.Test\bin\Debug\net7.0\Carlton.Base.Components.Test.dll" adapterTypeName="executor://xunit/VsTestRunner2/netcoreapp" className="Carlton.Base.Components.Test.TableHeaderComponentTests" name="TableHeader_OnClick_DescendingClass_RendersCorrectly" />
    </UnitTest>
    <UnitTest name="OnSelectedItemChanged Callback Parameter Test" storage="c:\users\nicho\source\repos\nickgalazzo\carlton.base\src\tests\carlton.base.components.test\bin\debug\net7.0\carlton.base.components.test.dll" id="7183fcb2-96ea-e60f-6a0d-221a2ec30690">
      <Execution id="96455e67-8919-4477-8a82-bb077d08108c" />
      <TestMethod codeBase="C:\Users\nicho\source\repos\NickGalazzo\Carlton.Base\src\Tests\Carlton.Base.Components.Test\bin\Debug\net7.0\Carlton.Base.Components.Test.dll" adapterTypeName="executor://xunit/VsTestRunner2/netcoreapp" className="Carlton.Base.Components.Test.AccordionSelectGroupComponentTests" name="AccordionSelectGroup_OnSelectedItemChangedParam_FiresCallback" />
    </UnitTest>
    <UnitTest name="ShowDisplayIcon Parameter Test(showDisplayIcon: False)" storage="c:\users\nicho\source\repos\nickgalazzo\carlton.base\src\tests\carlton.base.components.test\bin\debug\net7.0\carlton.base.components.test.dll" id="06c68ee5-4115-5846-7fc3-9d60a4e87d30">
      <Execution id="e2b65532-ab4c-468d-aa7a-848833cb89a3" />
      <TestMethod codeBase="C:\Users\nicho\source\repos\NickGalazzo\Carlton.Base\src\Tests\Carlton.Base.Components.Test\bin\Debug\net7.0\Carlton.Base.Components.Test.dll" adapterTypeName="executor://xunit/VsTestRunner2/netcoreapp" className="Carlton.Base.Components.Test.MobileTabBarComponentTests" name="MobileTabBar_ShowDisplayIconParam_RendersCorrectly" />
    </UnitTest>
    <UnitTest name="OnPaginationChangedCallback Parameter Test(selectedPage: 2, selectedRowsPerPage: 5, expectedPage: 2)" storage="c:\users\nicho\source\repos\nickgalazzo\carlton.base\src\tests\carlton.base.components.test\bin\debug\net7.0\carlton.base.components.test.dll" id="526c9bb8-1995-0684-2f22-aa3400de016f">
      <Execution id="3914e663-c6da-4600-a8eb-752b013c01b0" />
      <TestMethod codeBase="C:\Users\nicho\source\repos\NickGalazzo\Carlton.Base\src\Tests\Carlton.Base.Components.Test\bin\Debug\net7.0\Carlton.Base.Components.Test.dll" adapterTypeName="executor://xunit/VsTestRunner2/netcoreapp" className="Carlton.Base.Components.Test.TablePaginationRowComponentTests" name="TablePaginationRow_OnPaginationChangedCallback_FiresEvent" />
    </UnitTest>
    <UnitTest name="CardTitle Parameter Test(title: &quot;Test Title 3&quot;)" storage="c:\users\nicho\source\repos\nickgalazzo\carlton.base\src\tests\carlton.base.components.test\bin\debug\net7.0\carlton.base.components.test.dll" id="d6ebcc12-cfb0-53aa-98c4-6cc50d60c9db">
      <Execution id="d9ffb8b0-35c4-41e9-9a17-5ec9ca0123b6" />
      <TestMethod codeBase="C:\Users\nicho\source\repos\NickGalazzo\Carlton.Base\src\Tests\Carlton.Base.Components.Test\bin\Debug\net7.0\Carlton.Base.Components.Test.dll" adapterTypeName="executor://xunit/VsTestRunner2/netcoreapp" className="Carlton.Base.Components.Test.ListCardComponentTests" name="ListCard_CardTitleParam_RendersCorrectly" />
    </UnitTest>
    <UnitTest name="HeaderContentChild Parameter Test(expectedHeaderContent: &quot;&lt;span&gt;Header Testing Content&lt;/span&gt;&quot;)" storage="c:\users\nicho\source\repos\nickgalazzo\carlton.base\src\tests\carlton.base.components.test\bin\debug\net7.0\carlton.base.components.test.dll" id="b076ac6c-261b-164f-31f2-2b1cbc6f2155">
      <Execution id="4cea1fb2-41d6-4853-8869-11c995e29a0d" />
      <TestMethod codeBase="C:\Users\nicho\source\repos\NickGalazzo\Carlton.Base\src\Tests\Carlton.Base.Components.Test\bin\Debug\net7.0\Carlton.Base.Components.Test.dll" adapterTypeName="executor://xunit/VsTestRunner2/netcoreapp" className="Carlton.Base.Components.Test.ListCardComponentTests" name="ListCard_HeaderContentChildParam_RendersCorrectly" />
    </UnitTest>
    <UnitTest name="PaginationLabel Parameter Test(currentPage: 2, currentRowsPerPage: 5, expectedText: &quot;6-10 of 15&quot;)" storage="c:\users\nicho\source\repos\nickgalazzo\carlton.base\src\tests\carlton.base.components.test\bin\debug\net7.0\carlton.base.components.test.dll" id="a0efe433-7d1f-0632-d7f1-eebd2a3138b2">
      <Execution id="1cab8ee1-0fcf-4d2b-a0ad-819d966d01aa" />
      <TestMethod codeBase="C:\Users\nicho\source\repos\NickGalazzo\Carlton.Base\src\Tests\Carlton.Base.Components.Test\bin\Debug\net7.0\Carlton.Base.Components.Test.dll" adapterTypeName="executor://xunit/VsTestRunner2/netcoreapp" className="Carlton.Base.Components.Test.TablePaginationRowComponentTests" name="TablePaginationRow_PaginationLabel_RendersCorrectly" />
    </UnitTest>
    <UnitTest name="ItemsChangedCallback Parameter Test(currentPage: 3, optIndex: 2, expectedSkip: 0, expectedTake: 15)" storage="c:\users\nicho\source\repos\nickgalazzo\carlton.base\src\tests\carlton.base.components.test\bin\debug\net7.0\carlton.base.components.test.dll" id="abac6730-0dfa-768f-44d6-3d8c55284461">
      <Execution id="455c6530-ce7f-4f51-8cbe-1b746da61f28" />
      <TestMethod codeBase="C:\Users\nicho\source\repos\NickGalazzo\Carlton.Base\src\Tests\Carlton.Base.Components.Test\bin\Debug\net7.0\Carlton.Base.Components.Test.dll" adapterTypeName="executor://xunit/VsTestRunner2/netcoreapp" className="Carlton.Base.Components.Test.TableComponentTests" name="Table_ItemsChangedCallback_FiresEvent" />
    </UnitTest>
    <UnitTest name="IsExpanded Parameter Test(isExpanded: False, expectedClass: &quot;mdi-plus-box-outline&quot;)" storage="c:\users\nicho\source\repos\nickgalazzo\carlton.base\src\tests\carlton.base.components.test\bin\debug\net7.0\carlton.base.components.test.dll" id="8604c345-8857-b944-5bd1-a96a9a067ba4">
      <Execution id="93204165-b441-4689-9e10-17ba95936a37" />
      <TestMethod codeBase="C:\Users\nicho\source\repos\NickGalazzo\Carlton.Base\src\Tests\Carlton.Base.Components.Test\bin\Debug\net7.0\Carlton.Base.Components.Test.dll" adapterTypeName="executor://xunit/VsTestRunner2/netcoreapp" className="Carlton.Base.Components.Test.AccordionSelectComponentTests" name="AccordionSelect_IsExpandedParam_RendersCorrectly" />
    </UnitTest>
    <UnitTest name="Two Tabs Test" storage="c:\users\nicho\source\repos\nickgalazzo\carlton.base\src\tests\carlton.base.components.test\bin\debug\net7.0\carlton.base.components.test.dll" id="4b6514f5-8258-f539-a400-bc0b147a93fc">
      <Execution id="a19e427b-4703-428b-920e-4214fa56990e" />
      <TestMethod codeBase="C:\Users\nicho\source\repos\NickGalazzo\Carlton.Base\src\Tests\Carlton.Base.Components.Test\bin\Debug\net7.0\Carlton.Base.Components.Test.dll" adapterTypeName="executor://xunit/VsTestRunner2/netcoreapp" className="Carlton.Base.Components.Test.MobileTabBarComponentTests" name="MobileTabBar_WithTwoTabs_RendersCorrectly" />
    </UnitTest>
    <UnitTest name="OnPaginationChangedCallback Parameter Test(selectedPage: 3, selectedRowsPerPage: 10, expectedPage: 2)" storage="c:\users\nicho\source\repos\nickgalazzo\carlton.base\src\tests\carlton.base.components.test\bin\debug\net7.0\carlton.base.components.test.dll" id="ea8df251-c950-3cc7-7913-16d1bb48ae44">
      <Execution id="f9113a2e-097c-4572-addb-f9dee0061f9a" />
      <TestMethod codeBase="C:\Users\nicho\source\repos\NickGalazzo\Carlton.Base\src\Tests\Carlton.Base.Components.Test\bin\Debug\net7.0\Carlton.Base.Components.Test.dll" adapterTypeName="executor://xunit/VsTestRunner2/netcoreapp" className="Carlton.Base.Components.Test.TablePaginationRowComponentTests" name="TablePaginationRow_OnPaginationChangedCallback_FiresEvent" />
    </UnitTest>
    <UnitTest name="Markup Test, No Items" storage="c:\users\nicho\source\repos\nickgalazzo\carlton.base\src\tests\carlton.base.components.test\bin\debug\net7.0\carlton.base.components.test.dll" id="9321447f-d766-9024-4984-1ceaf0b5819f">
      <Execution id="ded8a667-ba0a-4b2b-b012-9e4723519c35" />
      <TestMethod codeBase="C:\Users\nicho\source\repos\NickGalazzo\Carlton.Base\src\Tests\Carlton.Base.Components.Test\bin\Debug\net7.0\Carlton.Base.Components.Test.dll" adapterTypeName="executor://xunit/VsTestRunner2/netcoreapp" className="Carlton.Base.Components.Test.AccordionSelectComponentTests" name="AccordionSelect_MarkupWithNoItems_RendersCorrectly" />
    </UnitTest>
    <UnitTest name="MessageTemplate Parameter Test(messageTemplate: &quot;Items Tracked by this component&quot;)" storage="c:\users\nicho\source\repos\nickgalazzo\carlton.base\src\tests\carlton.base.components.test\bin\debug\net7.0\carlton.base.components.test.dll" id="efd330db-dae5-4a51-bc85-a809a15f1466">
      <Execution id="a3f1ff44-150b-497c-b8c6-88c76b8fdac0" />
      <TestMethod codeBase="C:\Users\nicho\source\repos\NickGalazzo\Carlton.Base\src\Tests\Carlton.Base.Components.Test\bin\Debug\net7.0\Carlton.Base.Components.Test.dll" adapterTypeName="executor://xunit/VsTestRunner2/netcoreapp" className="Carlton.Base.Components.Test.CountCardComponentTests" name="CountCard_MessageTemplateParam_RendersCorrectly" />
    </UnitTest>
    <UnitTest name="Theme Parameter Test(theme: Blue)" storage="c:\users\nicho\source\repos\nickgalazzo\carlton.base\src\tests\carlton.base.components.test\bin\debug\net7.0\carlton.base.components.test.dll" id="53725233-af41-4972-32ac-000c684e2b98">
      <Execution id="b4d1b7a7-5df6-44ed-9753-c03e7f31bae0" />
      <TestMethod codeBase="C:\Users\nicho\source\repos\NickGalazzo\Carlton.Base\src\Tests\Carlton.Base.Components.Test\bin\Debug\net7.0\Carlton.Base.Components.Test.dll" adapterTypeName="executor://xunit/VsTestRunner2/netcoreapp" className="Carlton.Base.Components.Test.CountCardComponentTests" name="CountCard_ThemeParam_RendersCorrectly" />
    </UnitTest>
    <UnitTest name="Markup Test" storage="c:\users\nicho\source\repos\nickgalazzo\carlton.base\src\tests\carlton.base.components.test\bin\debug\net7.0\carlton.base.components.test.dll" id="35bf7ad8-b67e-b278-db91-44c6d96aa154">
      <Execution id="4b8ac7fc-24e5-45c6-8eee-c1d5d4319a41" />
      <TestMethod codeBase="C:\Users\nicho\source\repos\NickGalazzo\Carlton.Base\src\Tests\Carlton.Base.Components.Test\bin\Debug\net7.0\Carlton.Base.Components.Test.dll" adapterTypeName="executor://xunit/VsTestRunner2/netcoreapp" className="Carlton.Base.Components.Test.DesktopTabBarComponentTests" name="DesktopTabBar_Markup_RendersCorrectly" />
    </UnitTest>
    <UnitTest name="SelectedValue Parameter Test(selectedIndex: 1, selectedValue: 2)" storage="c:\users\nicho\source\repos\nickgalazzo\carlton.base\src\tests\carlton.base.components.test\bin\debug\net7.0\carlton.base.components.test.dll" id="fcd25c10-c16d-6e3a-163b-5f53194e3189">
      <Execution id="0f71f0f0-5c15-4092-ab5f-02571a8c1245" />
      <TestMethod codeBase="C:\Users\nicho\source\repos\NickGalazzo\Carlton.Base\src\Tests\Carlton.Base.Components.Test\bin\Debug\net7.0\Carlton.Base.Components.Test.dll" adapterTypeName="executor://xunit/VsTestRunner2/netcoreapp" className="Carlton.Base.Components.Test.AccordionSelectComponentTests" name="AccordionSelect_SelectedValueParam_RendersCorrectly" />
    </UnitTest>
    <UnitTest name="FadeOutEnabled Parameter Test(fadeOutEnabled: True, notificationClass: &quot;success-btn&quot;)" storage="c:\users\nicho\source\repos\nickgalazzo\carlton.base\src\tests\carlton.base.components.test\bin\debug\net7.0\carlton.base.components.test.dll" id="69ace1c6-c612-557f-909a-e7c5ca3bad22">
      <Execution id="86cdf658-e9fc-41df-88b6-7b29e1abe7bf" />
      <TestMethod codeBase="C:\Users\nicho\source\repos\NickGalazzo\Carlton.Base\src\Tests\Carlton.Base.Components.Test\bin\Debug\net7.0\Carlton.Base.Components.Test.dll" adapterTypeName="executor://xunit/VsTestRunner2/netcoreapp" className="Carlton.Base.Components.Test.NotificationBarComponentTests" name="NotificationBar_FadeOutEnabledParam_RendersCorrectly" />
    </UnitTest>
    <UnitTest name="Text Parameter Test(expectedText: &quot;here is some super special test text&quot;)" storage="c:\users\nicho\source\repos\nickgalazzo\carlton.base\src\tests\carlton.base.components.test\bin\debug\net7.0\carlton.base.components.test.dll" id="b46ed5e3-62a7-5d16-9331-11b730151130">
      <Execution id="20a94f8b-d983-46cb-b12d-e6f302adf938" />
      <TestMethod codeBase="C:\Users\nicho\source\repos\NickGalazzo\Carlton.Base\src\Tests\Carlton.Base.Components.Test\bin\Debug\net7.0\Carlton.Base.Components.Test.dll" adapterTypeName="executor://xunit/VsTestRunner2/netcoreapp" className="Carlton.Base.Components.Test.ConsoleComponentTests" name="Console_TextParam_RendersCorrectly" />
    </UnitTest>
    <UnitTest name="Default Active Tab Test" storage="c:\users\nicho\source\repos\nickgalazzo\carlton.base\src\tests\carlton.base.components.test\bin\debug\net7.0\carlton.base.components.test.dll" id="e9eb0071-7c11-ea6a-d23e-514dfad8a621">
      <Execution id="65bcf089-3a58-41c7-91e1-460a31b0708a" />
      <TestMethod codeBase="C:\Users\nicho\source\repos\NickGalazzo\Carlton.Base\src\Tests\Carlton.Base.Components.Test\bin\Debug\net7.0\Carlton.Base.Components.Test.dll" adapterTypeName="executor://xunit/VsTestRunner2/netcoreapp" className="Carlton.Base.Components.Test.DesktopTabBarComponentTests" name="DesktopTabBar_DefaultActiveTab_RendersCorrectly" />
    </UnitTest>
    <UnitTest name="SelectedValue Parameter Test(selectedValue: 1, expectedLabel: &quot;Option 1&quot;)" storage="c:\users\nicho\source\repos\nickgalazzo\carlton.base\src\tests\carlton.base.components.test\bin\debug\net7.0\carlton.base.components.test.dll" id="eb2000eb-be48-b645-012d-23b04fb855fa">
      <Execution id="8c29ace8-2b11-49da-ab9a-f40c8035ed9e" />
      <TestMethod codeBase="C:\Users\nicho\source\repos\NickGalazzo\Carlton.Base\src\Tests\Carlton.Base.Components.Test\bin\Debug\net7.0\Carlton.Base.Components.Test.dll" adapterTypeName="executor://xunit/VsTestRunner2/netcoreapp" className="Carlton.Base.Components.Test.SelectComponentTests" name="Select_SelectedValueParam_RendersCorrectly" />
    </UnitTest>
    <UnitTest name="Title Parameter Test(expectedTitle: &quot;Test 2&quot;)" storage="c:\users\nicho\source\repos\nickgalazzo\carlton.base\src\tests\carlton.base.components.test\bin\debug\net7.0\carlton.base.components.test.dll" id="e9940cc3-2ba9-f6c1-ba65-5ffd51114364">
      <Execution id="74a3915e-7f06-496e-b126-632f5de096ee" />
      <TestMethod codeBase="C:\Users\nicho\source\repos\NickGalazzo\Carlton.Base\src\Tests\Carlton.Base.Components.Test\bin\Debug\net7.0\Carlton.Base.Components.Test.dll" adapterTypeName="executor://xunit/VsTestRunner2/netcoreapp" className="Carlton.Base.Components.Test.AccordionSelectComponentTests" name="AccordionSelect_TitleParam_RendersCorrectly" />
    </UnitTest>
    <UnitTest name="TopRight Parameter Test(top: 7, right: 7, expectedResult: &quot;top:7px;right:7px;&quot;)" storage="c:\users\nicho\source\repos\nickgalazzo\carlton.base\src\tests\carlton.base.components.test\bin\debug\net7.0\carlton.base.components.test.dll" id="41b926d3-3d70-b9d0-fd5a-db49635794a4">
      <Execution id="0e0042cc-f6d3-4a46-a115-a13390c61a6e" />
      <TestMethod codeBase="C:\Users\nicho\source\repos\NickGalazzo\Carlton.Base\src\Tests\Carlton.Base.Components.Test\bin\Debug\net7.0\Carlton.Base.Components.Test.dll" adapterTypeName="executor://xunit/VsTestRunner2/netcoreapp" className="Carlton.Base.Components.Test.NotificationBarComponentTests" name="NotificationBar_TopRightParams_RendersCorrectly" />
    </UnitTest>
    <UnitTest name="RowTemplate Parameter Test(rowTemplate: &quot;&lt;div class=\&quot;test-row\&quot;&gt;&lt;span&gt;{0}Test Template {1}&quot;...)" storage="c:\users\nicho\source\repos\nickgalazzo\carlton.base\src\tests\carlton.base.components.test\bin\debug\net7.0\carlton.base.components.test.dll" id="0059705e-91ed-d5f7-24c7-ed5bee8a892f">
      <Execution id="5b1b0263-1dd6-4c05-9dbc-87163f80a359" />
      <TestMethod codeBase="C:\Users\nicho\source\repos\NickGalazzo\Carlton.Base\src\Tests\Carlton.Base.Components.Test\bin\Debug\net7.0\Carlton.Base.Components.Test.dll" adapterTypeName="executor://xunit/VsTestRunner2/netcoreapp" className="Carlton.Base.Components.Test.TableComponentTests" name="Table_RowTemplateParam_RendersCorrectly" />
    </UnitTest>
    <UnitTest name="RowsPerPageOpts Parameter Test" storage="c:\users\nicho\source\repos\nickgalazzo\carlton.base\src\tests\carlton.base.components.test\bin\debug\net7.0\carlton.base.components.test.dll" id="af23e599-62ff-bbe1-7224-29d5ec4e87a0">
      <Execution id="207d88d4-8e99-4c79-8ea1-a41a3e982e08" />
      <TestMethod codeBase="C:\Users\nicho\source\repos\NickGalazzo\Carlton.Base\src\Tests\Carlton.Base.Components.Test\bin\Debug\net7.0\Carlton.Base.Components.Test.dll" adapterTypeName="executor://xunit/VsTestRunner2/netcoreapp" className="Carlton.Base.Components.Test.TablePaginationRowComponentTests" name="TablePaginationRow_RowsPerPageOptsParam_DefaultsToFirstOption_RendersCorrectly" />
    </UnitTest>
    <UnitTest name="MenuItemName Parameter Test(menuItemName: &quot;Test Menu Item Again&quot;)" storage="c:\users\nicho\source\repos\nickgalazzo\carlton.base\src\tests\carlton.base.components.test\bin\debug\net7.0\carlton.base.components.test.dll" id="8a6fe78d-1950-ca2c-fcac-76683a017d7a">
      <Execution id="41298d30-0fcf-4191-88a1-dddafe901d2c" />
      <TestMethod codeBase="C:\Users\nicho\source\repos\NickGalazzo\Carlton.Base\src\Tests\Carlton.Base.Components.Test\bin\Debug\net7.0\Carlton.Base.Components.Test.dll" adapterTypeName="executor://xunit/VsTestRunner2/netcoreapp" className="Carlton.Base.Components.Test.DropDownMenuElementComponentTests" name="DropDownMenuElement_MenuItemNameParam_RendersCorrectly" />
    </UnitTest>
    <UnitTest name="Disabled Parameter Test(isDisabled: False)" storage="c:\users\nicho\source\repos\nickgalazzo\carlton.base\src\tests\carlton.base.components.test\bin\debug\net7.0\carlton.base.components.test.dll" id="03aa21a3-5e37-91dc-e5c6-7f98978fd03c">
      <Execution id="d2ea3f4e-8566-4d25-8303-2cd6cefd7536" />
      <TestMethod codeBase="C:\Users\nicho\source\repos\NickGalazzo\Carlton.Base\src\Tests\Carlton.Base.Components.Test\bin\Debug\net7.0\Carlton.Base.Components.Test.dll" adapterTypeName="executor://xunit/VsTestRunner2/netcoreapp" className="Carlton.Base.Components.Test.SelectComponentTests" name="Select_DisabledParam_RendersCorrectly" />
    </UnitTest>
    <UnitTest name="HeaderContentChild Parameter Test(expectedHeaderContent: &quot;&lt;span&gt;More Header Testing Content&lt;/span&gt;&quot;)" storage="c:\users\nicho\source\repos\nickgalazzo\carlton.base\src\tests\carlton.base.components.test\bin\debug\net7.0\carlton.base.components.test.dll" id="f1d4fcef-c0b2-1a2b-4443-9a6196e09556">
      <Execution id="a13923cd-2247-48fd-9a2d-8b4b59be8c32" />
      <TestMethod codeBase="C:\Users\nicho\source\repos\NickGalazzo\Carlton.Base\src\Tests\Carlton.Base.Components.Test\bin\Debug\net7.0\Carlton.Base.Components.Test.dll" adapterTypeName="executor://xunit/VsTestRunner2/netcoreapp" className="Carlton.Base.Components.Test.ListCardComponentTests" name="ListCard_HeaderContentChildParam_RendersCorrectly" />
    </UnitTest>
    <UnitTest name="Label Parameter Test(labelText: &quot;Another Test Label&quot;)" storage="c:\users\nicho\source\repos\nickgalazzo\carlton.base\src\tests\carlton.base.components.test\bin\debug\net7.0\carlton.base.components.test.dll" id="9b5468a2-4813-db67-ef8f-8ee6cb07a98d">
      <Execution id="ed8c975d-ac6f-4d5c-b3ad-cf5a753dd631" />
      <TestMethod codeBase="C:\Users\nicho\source\repos\NickGalazzo\Carlton.Base\src\Tests\Carlton.Base.Components.Test\bin\Debug\net7.0\Carlton.Base.Components.Test.dll" adapterTypeName="executor://xunit/VsTestRunner2/netcoreapp" className="Carlton.Base.Components.Test.SelectComponentTests" name="Select_LabelParam_RendersCorrectly" />
    </UnitTest>
    <UnitTest name="Markup Test" storage="c:\users\nicho\source\repos\nickgalazzo\carlton.base\src\tests\carlton.base.components.test\bin\debug\net7.0\carlton.base.components.test.dll" id="afc67675-4ede-eedc-88e8-752665cb23e0">
      <Execution id="7b3b6698-6fbf-4990-ac98-4568f686d60f" />
      <TestMethod codeBase="C:\Users\nicho\source\repos\NickGalazzo\Carlton.Base\src\Tests\Carlton.Base.Components.Test\bin\Debug\net7.0\Carlton.Base.Components.Test.dll" adapterTypeName="executor://xunit/VsTestRunner2/netcoreapp" className="Carlton.Base.Components.Test.NotificationBarComponentTests" name="NotificationBar_Markup_RendersCorrectly" />
    </UnitTest>
    <UnitTest name="Text Parameter Test(expectedText: &quot;here is event more super special test text&quot;)" storage="c:\users\nicho\source\repos\nickgalazzo\carlton.base\src\tests\carlton.base.components.test\bin\debug\net7.0\carlton.base.components.test.dll" id="a2fb627a-8896-3ed7-7259-cdb7853adfe6">
      <Execution id="cc965685-3fde-4efe-898a-89cbe62d7a30" />
      <TestMethod codeBase="C:\Users\nicho\source\repos\NickGalazzo\Carlton.Base\src\Tests\Carlton.Base.Components.Test\bin\Debug\net7.0\Carlton.Base.Components.Test.dll" adapterTypeName="executor://xunit/VsTestRunner2/netcoreapp" className="Carlton.Base.Components.Test.ConsoleComponentTests" name="Console_TextParam_RendersCorrectly" />
    </UnitTest>
    <UnitTest name="Text Parameter Test(expectedText: &quot;here is some more super special test text&quot;)" storage="c:\users\nicho\source\repos\nickgalazzo\carlton.base\src\tests\carlton.base.components.test\bin\debug\net7.0\carlton.base.components.test.dll" id="52d24878-db09-1723-cee6-5b4fd5d5342a">
      <Execution id="17a5f779-9f4c-4c75-9787-ccee6a7f0ce5" />
      <TestMethod codeBase="C:\Users\nicho\source\repos\NickGalazzo\Carlton.Base\src\Tests\Carlton.Base.Components.Test\bin\Debug\net7.0\Carlton.Base.Components.Test.dll" adapterTypeName="executor://xunit/VsTestRunner2/netcoreapp" className="Carlton.Base.Components.Test.ConsoleComponentTests" name="Console_TextParam_RendersCorrectly" />
    </UnitTest>
    <UnitTest name="HeaderContentChild Parameter Test(expectedHeaderContent: &quot;&lt;span&gt;Header Testing Content 1&lt;/span&gt;&quot;)" storage="c:\users\nicho\source\repos\nickgalazzo\carlton.base\src\tests\carlton.base.components.test\bin\debug\net7.0\carlton.base.components.test.dll" id="674e55d2-559b-2a72-32e8-b5e3b33d3bc0">
      <Execution id="b27fbb64-746c-40ac-a62c-91c7e454ed88" />
      <TestMethod codeBase="C:\Users\nicho\source\repos\NickGalazzo\Carlton.Base\src\Tests\Carlton.Base.Components.Test\bin\Debug\net7.0\Carlton.Base.Components.Test.dll" adapterTypeName="executor://xunit/VsTestRunner2/netcoreapp" className="Carlton.Base.Components.Test.CardComponentTests" name="Card_HeaderContentChildParam_RendersCorrectly" />
    </UnitTest>
    <UnitTest name="Markup Test" storage="c:\users\nicho\source\repos\nickgalazzo\carlton.base\src\tests\carlton.base.components.test\bin\debug\net7.0\carlton.base.components.test.dll" id="e012fd6d-d5f7-c5d4-58d5-2f3f9b3d5de3">
      <Execution id="2a9b2b63-edff-4573-b7ec-36d0bb0b8e70" />
      <TestMethod codeBase="C:\Users\nicho\source\repos\NickGalazzo\Carlton.Base\src\Tests\Carlton.Base.Components.Test\bin\Debug\net7.0\Carlton.Base.Components.Test.dll" adapterTypeName="executor://xunit/VsTestRunner2/netcoreapp" className="Carlton.Base.Components.Test.MobileTabBarComponentTests" name="MobileTabBar_Markup_RendersCorrectly" />
    </UnitTest>
    <UnitTest name="ActionBarContentChild Parameter Test(expectedActionBarContent: &quot;ActionBar Testing Content 1&quot;)" storage="c:\users\nicho\source\repos\nickgalazzo\carlton.base\src\tests\carlton.base.components.test\bin\debug\net7.0\carlton.base.components.test.dll" id="8126e01a-cdcc-e7f3-dd05-3d0d1e78a7c8">
      <Execution id="caa1cb48-406e-4d25-a655-cbc0d201772a" />
      <TestMethod codeBase="C:\Users\nicho\source\repos\NickGalazzo\Carlton.Base\src\Tests\Carlton.Base.Components.Test\bin\Debug\net7.0\Carlton.Base.Components.Test.dll" adapterTypeName="executor://xunit/VsTestRunner2/netcoreapp" className="Carlton.Base.Components.Test.CardComponentTests" name="Card_ActionBarContentChildParam_RendersCorrectly" />
    </UnitTest>
    <UnitTest name="Header Click Once, CSS Ascending Class Test(selectedIndex: 1)" storage="c:\users\nicho\source\repos\nickgalazzo\carlton.base\src\tests\carlton.base.components.test\bin\debug\net7.0\carlton.base.components.test.dll" id="c1c9e98a-00be-5d46-2e89-b28b2ec9151b">
      <Execution id="c1ef994d-83b7-44df-9c29-40a9095533c9" />
      <TestMethod codeBase="C:\Users\nicho\source\repos\NickGalazzo\Carlton.Base\src\Tests\Carlton.Base.Components.Test\bin\Debug\net7.0\Carlton.Base.Components.Test.dll" adapterTypeName="executor://xunit/VsTestRunner2/netcoreapp" className="Carlton.Base.Components.Test.TableComponentTests" name="Table_HeaderItemOnClick_AscendingClass_RendersCorrectly" />
    </UnitTest>
    <UnitTest name="Markup Test" storage="c:\users\nicho\source\repos\nickgalazzo\carlton.base\src\tests\carlton.base.components.test\bin\debug\net7.0\carlton.base.components.test.dll" id="aa57a9f5-bc65-b287-a5c7-b36d21c6642f">
      <Execution id="81fe5688-3f26-4f75-b6b0-dd1fad3e8d40" />
      <TestMethod codeBase="C:\Users\nicho\source\repos\NickGalazzo\Carlton.Base\src\Tests\Carlton.Base.Components.Test\bin\Debug\net7.0\Carlton.Base.Components.Test.dll" adapterTypeName="executor://xunit/VsTestRunner2/netcoreapp" className="Carlton.Base.Components.Test.TabComponentTests" name="Tab_WithOutParent_ThrowsArgumentNullException" />
    </UnitTest>
    <UnitTest name="Label Parameter Test(labelText: &quot;Yet Another Label&quot;)" storage="c:\users\nicho\source\repos\nickgalazzo\carlton.base\src\tests\carlton.base.components.test\bin\debug\net7.0\carlton.base.components.test.dll" id="510b24b8-e7ed-d0e5-067c-54701224d287">
      <Execution id="94fe186d-c4b9-494d-b483-c83426f52091" />
      <TestMethod codeBase="C:\Users\nicho\source\repos\NickGalazzo\Carlton.Base\src\Tests\Carlton.Base.Components.Test\bin\Debug\net7.0\Carlton.Base.Components.Test.dll" adapterTypeName="executor://xunit/VsTestRunner2/netcoreapp" className="Carlton.Base.Components.Test.SelectComponentTests" name="Select_LabelParam_RendersCorrectly" />
    </UnitTest>
    <UnitTest name="Item Click Test(selectedIndex: 1, expectedValue: 2)" storage="c:\users\nicho\source\repos\nickgalazzo\carlton.base\src\tests\carlton.base.components.test\bin\debug\net7.0\carlton.base.components.test.dll" id="1d780e53-4d1b-27c4-bd74-c65d8cf44778">
      <Execution id="bc55e97f-a232-4110-9970-f733dd7fb0fe" />
      <TestMethod codeBase="C:\Users\nicho\source\repos\NickGalazzo\Carlton.Base\src\Tests\Carlton.Base.Components.Test\bin\Debug\net7.0\Carlton.Base.Components.Test.dll" adapterTypeName="executor://xunit/VsTestRunner2/netcoreapp" className="Carlton.Base.Components.Test.AccordionSelectComponentTests" name="AccordionSelect_ItemClick_RendersCorrectly" />
    </UnitTest>
    <UnitTest name="CardSubTitle Parameter Test(subtitle: &quot;Test Subtitle 2&quot;)" storage="c:\users\nicho\source\repos\nickgalazzo\carlton.base\src\tests\carlton.base.components.test\bin\debug\net7.0\carlton.base.components.test.dll" id="28e45289-e885-7685-d25c-3d36aa53824f">
      <Execution id="8c6b5b98-ff81-4def-bf4a-07889a6ed42a" />
      <TestMethod codeBase="C:\Users\nicho\source\repos\NickGalazzo\Carlton.Base\src\Tests\Carlton.Base.Components.Test\bin\Debug\net7.0\Carlton.Base.Components.Test.dll" adapterTypeName="executor://xunit/VsTestRunner2/netcoreapp" className="Carlton.Base.Components.Test.ListCardComponentTests" name="ListCard_CardSubTitleParam_RendersCorrectly" />
    </UnitTest>
    <UnitTest name="IsValid Parameter Test(expectedIsValid: True)" storage="c:\users\nicho\source\repos\nickgalazzo\carlton.base\src\tests\carlton.base.components.test\bin\debug\net7.0\carlton.base.components.test.dll" id="8ea35cbd-e8bd-57df-5fbe-822641e9e234">
      <Execution id="dccfe54d-8f36-4395-aba7-299300165e31" />
      <TestMethod codeBase="C:\Users\nicho\source\repos\NickGalazzo\Carlton.Base\src\Tests\Carlton.Base.Components.Test\bin\Debug\net7.0\Carlton.Base.Components.Test.dll" adapterTypeName="executor://xunit/VsTestRunner2/netcoreapp" className="Carlton.Base.Components.Test.ConsoleComponentTests" name="Console_IsValidParam_RendersCorrectly" />
    </UnitTest>
    <UnitTest name="Header Click Twice Test(columnIndex: 2, expectedColumnName: &quot;CreatedDate&quot;)" storage="c:\users\nicho\source\repos\nickgalazzo\carlton.base\src\tests\carlton.base.components.test\bin\debug\net7.0\carlton.base.components.test.dll" id="e1ab8da4-8f35-20c5-5517-83d643bb829e">
      <Execution id="ce857c4b-d4e1-4e46-a420-693593d3596b" />
      <TestMethod codeBase="C:\Users\nicho\source\repos\NickGalazzo\Carlton.Base\src\Tests\Carlton.Base.Components.Test\bin\Debug\net7.0\Carlton.Base.Components.Test.dll" adapterTypeName="executor://xunit/VsTestRunner2/netcoreapp" className="Carlton.Base.Components.Test.TableHeaderComponentTests" name="TableHeader_ClickHeadersTwice_EventFires" />
    </UnitTest>
    <UnitTest name="Markup Test" storage="c:\users\nicho\source\repos\nickgalazzo\carlton.base\src\tests\carlton.base.components.test\bin\debug\net7.0\carlton.base.components.test.dll" id="83c26dfc-7c9f-0e03-2375-8e3fadd5c926">
      <Execution id="d918e79a-7ec1-4616-85f5-1cc19e0aa648" />
      <TestMethod codeBase="C:\Users\nicho\source\repos\NickGalazzo\Carlton.Base\src\Tests\Carlton.Base.Components.Test\bin\Debug\net7.0\Carlton.Base.Components.Test.dll" adapterTypeName="executor://xunit/VsTestRunner2/netcoreapp" className="Carlton.Base.Components.Test.BreadCrumbsComponentTests" name="BreadCrumbs_Markup_RendersCorrectly" />
    </UnitTest>
    <UnitTest name="Selected Options Parameter Render Test" storage="c:\users\nicho\source\repos\nickgalazzo\carlton.base\src\tests\carlton.base.components.test\bin\debug\net7.0\carlton.base.components.test.dll" id="017dd787-7959-4118-62cf-60ee3ad1f244">
      <Execution id="998dc364-5d30-48a0-ae04-0af58de9a016" />
      <TestMethod codeBase="C:\Users\nicho\source\repos\NickGalazzo\Carlton.Base\src\Tests\Carlton.Base.Components.Test\bin\Debug\net7.0\Carlton.Base.Components.Test.dll" adapterTypeName="executor://xunit/VsTestRunner2/netcoreapp" className="Carlton.Base.Components.Test.SelectComponentTests" name="Select_OptionsParam_RendersCorrectly" />
    </UnitTest>
    <UnitTest name="Item Count, Right Chevron Disabled Test(itemCount: 4)" storage="c:\users\nicho\source\repos\nickgalazzo\carlton.base\src\tests\carlton.base.components.test\bin\debug\net7.0\carlton.base.components.test.dll" id="8e5dfc12-0ccd-84c7-eae7-7f89e6b43788">
      <Execution id="997b6327-6c1c-4c8c-8d67-89e9aac7861d" />
      <TestMethod codeBase="C:\Users\nicho\source\repos\NickGalazzo\Carlton.Base\src\Tests\Carlton.Base.Components.Test\bin\Debug\net7.0\Carlton.Base.Components.Test.dll" adapterTypeName="executor://xunit/VsTestRunner2/netcoreapp" className="Carlton.Base.Components.Test.TablePaginationRowComponentTests" name="TablePaginationRow_ItemCountLessThanItemsPerPage_RightChevronsDisabled_RendersCorrectly" />
    </UnitTest>
    <UnitTest name="Header Click Once Test(columnIndex: 0, expectedColumnName: &quot;ID&quot;)" storage="c:\users\nicho\source\repos\nickgalazzo\carlton.base\src\tests\carlton.base.components.test\bin\debug\net7.0\carlton.base.components.test.dll" id="9e67d4f4-b484-92be-3e40-b0308bf16bd7">
      <Execution id="bbf72333-3aa0-4ee8-800b-361bcaf1b5c9" />
      <TestMethod codeBase="C:\Users\nicho\source\repos\NickGalazzo\Carlton.Base\src\Tests\Carlton.Base.Components.Test\bin\Debug\net7.0\Carlton.Base.Components.Test.dll" adapterTypeName="executor://xunit/VsTestRunner2/netcoreapp" className="Carlton.Base.Components.Test.TableHeaderComponentTests" name="TableHeader_ClickHeadersOnce_EventFires" />
    </UnitTest>
    <UnitTest name="Markup Test" storage="c:\users\nicho\source\repos\nickgalazzo\carlton.base\src\tests\carlton.base.components.test\bin\debug\net7.0\carlton.base.components.test.dll" id="86dcb968-4ef1-cce6-3771-f83a548b7b9b">
      <Execution id="a6b5037e-3f8c-4f2f-b95b-c097a1883969" />
      <TestMethod codeBase="C:\Users\nicho\source\repos\NickGalazzo\Carlton.Base\src\Tests\Carlton.Base.Components.Test\bin\Debug\net7.0\Carlton.Base.Components.Test.dll" adapterTypeName="executor://xunit/VsTestRunner2/netcoreapp" className="Carlton.Base.Components.Test.FloatingActionButtonComponentTests" name="FloatingActionButton_Markup_RendersCorrectly" />
    </UnitTest>
    <UnitTest name="Default Active Tab, CSS Active Class Test(activeTabIndex: 2)" storage="c:\users\nicho\source\repos\nickgalazzo\carlton.base\src\tests\carlton.base.components.test\bin\debug\net7.0\carlton.base.components.test.dll" id="6a55153b-39b5-d341-62f7-244509958fad">
      <Execution id="3bd5638a-2e9d-4c12-b7ed-97441fb77c4e" />
      <TestMethod codeBase="C:\Users\nicho\source\repos\NickGalazzo\Carlton.Base\src\Tests\Carlton.Base.Components.Test\bin\Debug\net7.0\Carlton.Base.Components.Test.dll" adapterTypeName="executor://xunit/VsTestRunner2/netcoreapp" className="Carlton.Base.Components.Test.DesktopTabBarComponentTests" name="DesktopTabBar_ActiveTabClass_RendersCorrectly" />
    </UnitTest>
    <UnitTest name="Header Click Once, CSS Ascending Class Test(selectedIndex: 0)" storage="c:\users\nicho\source\repos\nickgalazzo\carlton.base\src\tests\carlton.base.components.test\bin\debug\net7.0\carlton.base.components.test.dll" id="45878f2f-0e73-97ca-b181-7f95ac5a8418">
      <Execution id="2070420f-0a4e-4b24-adcd-bfaa7232ccf7" />
      <TestMethod codeBase="C:\Users\nicho\source\repos\NickGalazzo\Carlton.Base\src\Tests\Carlton.Base.Components.Test\bin\Debug\net7.0\Carlton.Base.Components.Test.dll" adapterTypeName="executor://xunit/VsTestRunner2/netcoreapp" className="Carlton.Base.Components.Test.TableComponentTests" name="Table_HeaderItemOnClick_AscendingClass_RendersCorrectly" />
    </UnitTest>
    <UnitTest name="IconClass Parameter Test(expectedIconClass: &quot;icon-class-test-3&quot;)" storage="c:\users\nicho\source\repos\nickgalazzo\carlton.base\src\tests\carlton.base.components.test\bin\debug\net7.0\carlton.base.components.test.dll" id="0fb68c2a-bd7a-d55c-90e4-2e456030a380">
      <Execution id="26037414-8235-4d92-96c5-bb64018af5bb" />
      <TestMethod codeBase="C:\Users\nicho\source\repos\NickGalazzo\Carlton.Base\src\Tests\Carlton.Base.Components.Test\bin\Debug\net7.0\Carlton.Base.Components.Test.dll" adapterTypeName="executor://xunit/VsTestRunner2/netcoreapp" className="Carlton.Base.Components.Test.BaseNotificationComponentTests" name="BaseNotification_IconClassParameter_RendersCorrectly" />
    </UnitTest>
    <UnitTest name="Headings Parameter Test" storage="c:\users\nicho\source\repos\nickgalazzo\carlton.base\src\tests\carlton.base.components.test\bin\debug\net7.0\carlton.base.components.test.dll" id="a41dcb24-b89d-3f22-c149-d98a0341724c">
      <Execution id="0e373d55-e191-47fa-ad56-2a2bb21f18ad" />
      <TestMethod codeBase="C:\Users\nicho\source\repos\NickGalazzo\Carlton.Base\src\Tests\Carlton.Base.Components.Test\bin\Debug\net7.0\Carlton.Base.Components.Test.dll" adapterTypeName="executor://xunit/VsTestRunner2/netcoreapp" className="Carlton.Base.Components.Test.TableComponentTests" name="Table_HeadingsParam_RendersCorrectly" />
    </UnitTest>
    <UnitTest name="Title Parameter Test(expectedTitle: &quot;Test Title 1&quot;)" storage="c:\users\nicho\source\repos\nickgalazzo\carlton.base\src\tests\carlton.base.components.test\bin\debug\net7.0\carlton.base.components.test.dll" id="e9efa1ee-ef5b-0467-85f1-461dd551b536">
      <Execution id="0357d481-5855-46cd-bc6f-3bf72ddec6b3" />
      <TestMethod codeBase="C:\Users\nicho\source\repos\NickGalazzo\Carlton.Base\src\Tests\Carlton.Base.Components.Test\bin\Debug\net7.0\Carlton.Base.Components.Test.dll" adapterTypeName="executor://xunit/VsTestRunner2/netcoreapp" className="Carlton.Base.Components.Test.CardComponentTests" name="Card_CardTitleParam_RendersCorrectly" />
    </UnitTest>
    <UnitTest name="MenuItemValue Parameter Test(value: 5)" storage="c:\users\nicho\source\repos\nickgalazzo\carlton.base\src\tests\carlton.base.components.test\bin\debug\net7.0\carlton.base.components.test.dll" id="c5977101-a367-5ad0-8a4d-4b7905bf170b">
      <Execution id="63c12639-822d-4a20-a6ea-3076139ddfb1" />
      <TestMethod codeBase="C:\Users\nicho\source\repos\NickGalazzo\Carlton.Base\src\Tests\Carlton.Base.Components.Test\bin\Debug\net7.0\Carlton.Base.Components.Test.dll" adapterTypeName="executor://xunit/VsTestRunner2/netcoreapp" className="Carlton.Base.Components.Test.DropDownMenuElementComponentTests" name="DropDownMenuElement_MenuItemValueParam_RendersCorrectly" />
    </UnitTest>
    <UnitTest name="MenuItemAccentColorIndex Parameter Test(accentColorIndex: 2, expectedValue: &quot;accent-color-2&quot;)" storage="c:\users\nicho\source\repos\nickgalazzo\carlton.base\src\tests\carlton.base.components.test\bin\debug\net7.0\carlton.base.components.test.dll" id="0afa6e93-21df-6485-679f-9075d24581f2">
      <Execution id="1951c11f-39f5-40b2-b231-65def4c5f811" />
      <TestMethod codeBase="C:\Users\nicho\source\repos\NickGalazzo\Carlton.Base\src\Tests\Carlton.Base.Components.Test\bin\Debug\net7.0\Carlton.Base.Components.Test.dll" adapterTypeName="executor://xunit/VsTestRunner2/netcoreapp" className="Carlton.Base.Components.Test.DropDownMenuElementComponentTests" name="DropDownMenuElement_MenuItemAccentColorIndexParam_RendersCorrectly" />
    </UnitTest>
    <UnitTest name="IsExpanded Parameter Test(expectedIsExpanded: False)" storage="c:\users\nicho\source\repos\nickgalazzo\carlton.base\src\tests\carlton.base.components.test\bin\debug\net7.0\carlton.base.components.test.dll" id="012e8c6f-7d14-d9e7-6248-1a51abfc0934">
      <Execution id="55cb9487-2efc-43de-9093-23c0e133e871" />
      <TestMethod codeBase="C:\Users\nicho\source\repos\NickGalazzo\Carlton.Base\src\Tests\Carlton.Base.Components.Test\bin\Debug\net7.0\Carlton.Base.Components.Test.dll" adapterTypeName="executor://xunit/VsTestRunner2/netcoreapp" className="Carlton.Base.Components.Test.SlideTabComponentTests" name="SlideTab_IsExpandedParam_RendersCorrectly" />
    </UnitTest>
    <UnitTest name="FadeOutEnabled Parameter Test(fadeOutEnabled: False, notificationClass: &quot;error-btn&quot;)" storage="c:\users\nicho\source\repos\nickgalazzo\carlton.base\src\tests\carlton.base.components.test\bin\debug\net7.0\carlton.base.components.test.dll" id="74b96a9d-dba2-ac4b-acb6-2e4a1c7bd4a9">
      <Execution id="31032cda-89b4-40fc-b8c1-a7148d8e3ea1" />
      <TestMethod codeBase="C:\Users\nicho\source\repos\NickGalazzo\Carlton.Base\src\Tests\Carlton.Base.Components.Test\bin\Debug\net7.0\Carlton.Base.Components.Test.dll" adapterTypeName="executor://xunit/VsTestRunner2/netcoreapp" className="Carlton.Base.Components.Test.NotificationBarComponentTests" name="NotificationBar_FadeOutEnabledParam_RendersCorrectly" />
    </UnitTest>
    <UnitTest name="Tab Markup Test" storage="c:\users\nicho\source\repos\nickgalazzo\carlton.base\src\tests\carlton.base.components.test\bin\debug\net7.0\carlton.base.components.test.dll" id="71d1b203-03e0-a0bb-47e6-3b7b7064588a">
      <Execution id="b8769d5a-bf8d-4a83-a045-5ad1713c759f" />
      <TestMethod codeBase="C:\Users\nicho\source\repos\NickGalazzo\Carlton.Base\src\Tests\Carlton.Base.Components.Test\bin\Debug\net7.0\Carlton.Base.Components.Test.dll" adapterTypeName="executor://xunit/VsTestRunner2/netcoreapp" className="Carlton.Base.Components.Test.TabComponentTests" name="Tab_Markup_RendersCorrectly" />
    </UnitTest>
    <UnitTest name="Group Click Event Test(groupIndex: 0, itemIndex: 0, expectedValue: 1)" storage="c:\users\nicho\source\repos\nickgalazzo\carlton.base\src\tests\carlton.base.components.test\bin\debug\net7.0\carlton.base.components.test.dll" id="694c5bd8-5ae5-4f19-c561-d0d00b109883">
      <Execution id="54cc4935-49f9-425b-b8f8-c0558f7ae796" />
      <TestMethod codeBase="C:\Users\nicho\source\repos\NickGalazzo\Carlton.Base\src\Tests\Carlton.Base.Components.Test\bin\Debug\net7.0\Carlton.Base.Components.Test.dll" adapterTypeName="executor://xunit/VsTestRunner2/netcoreapp" className="Carlton.Base.Components.Test.AccordionSelectGroupComponentTests" name="AccordionSelectGroup_ClickEvent_RendersCorrectly" />
    </UnitTest>
    <UnitTest name="ShowPaginationRow Paremter Test(showPaginationRow: False)" storage="c:\users\nicho\source\repos\nickgalazzo\carlton.base\src\tests\carlton.base.components.test\bin\debug\net7.0\carlton.base.components.test.dll" id="bea3b166-3bab-7652-299c-ec207b224b47">
      <Execution id="94cd49b0-4c3e-4b3d-bdea-3794ffcc16ca" />
      <TestMethod codeBase="C:\Users\nicho\source\repos\NickGalazzo\Carlton.Base\src\Tests\Carlton.Base.Components.Test\bin\Debug\net7.0\Carlton.Base.Components.Test.dll" adapterTypeName="executor://xunit/VsTestRunner2/netcoreapp" className="Carlton.Base.Components.Test.TableComponentTests" name="Table_ShowPaginationRow_RendersCorrectly" />
    </UnitTest>
    <UnitTest name="HeaderContentChild Parameter Test(expectedHeaderContent: &quot;&lt;span&gt;Header Testing Content 3&lt;/span&gt;&quot;)" storage="c:\users\nicho\source\repos\nickgalazzo\carlton.base\src\tests\carlton.base.components.test\bin\debug\net7.0\carlton.base.components.test.dll" id="bfc4c269-8ffa-0bf9-9acb-eb4e0e390e83">
      <Execution id="9a1f6af6-4ccd-46e8-82ff-c270c0299535" />
      <TestMethod codeBase="C:\Users\nicho\source\repos\NickGalazzo\Carlton.Base\src\Tests\Carlton.Base.Components.Test\bin\Debug\net7.0\Carlton.Base.Components.Test.dll" adapterTypeName="executor://xunit/VsTestRunner2/netcoreapp" className="Carlton.Base.Components.Test.CardComponentTests" name="Card_HeaderContentChildParam_RendersCorrectly" />
    </UnitTest>
    <UnitTest name="TopRight Parameter Test(top: 5, right: 10, expectedResult: &quot;top:5px;right:10px;&quot;)" storage="c:\users\nicho\source\repos\nickgalazzo\carlton.base\src\tests\carlton.base.components.test\bin\debug\net7.0\carlton.base.components.test.dll" id="417482e4-dea2-eab8-b41a-116fcc91a67d">
      <Execution id="acd98242-96fe-46e2-b1bc-137ad819930d" />
      <TestMethod codeBase="C:\Users\nicho\source\repos\NickGalazzo\Carlton.Base\src\Tests\Carlton.Base.Components.Test\bin\Debug\net7.0\Carlton.Base.Components.Test.dll" adapterTypeName="executor://xunit/VsTestRunner2/netcoreapp" className="Carlton.Base.Components.Test.NotificationBarComponentTests" name="NotificationBar_TopRightParams_RendersCorrectly" />
    </UnitTest>
    <UnitTest name="Default Active Tab, CSS Active Class Test(activeTabIndex: 2)" storage="c:\users\nicho\source\repos\nickgalazzo\carlton.base\src\tests\carlton.base.components.test\bin\debug\net7.0\carlton.base.components.test.dll" id="cfdc707a-ae9b-f825-18a1-f453709bdde0">
      <Execution id="28a3e3b7-b0f1-4924-abc0-1709f4e9a6a4" />
      <TestMethod codeBase="C:\Users\nicho\source\repos\NickGalazzo\Carlton.Base\src\Tests\Carlton.Base.Components.Test\bin\Debug\net7.0\Carlton.Base.Components.Test.dll" adapterTypeName="executor://xunit/VsTestRunner2/netcoreapp" className="Carlton.Base.Components.Test.MobileTabBarComponentTests" name="MobileTabBar_ActiveTabClass_RendersCorrectly" />
    </UnitTest>
    <UnitTest name="FadeOutEnabled Parameter Test(fadeOutEnabled: False, notificationClass: &quot;success-btn&quot;)" storage="c:\users\nicho\source\repos\nickgalazzo\carlton.base\src\tests\carlton.base.components.test\bin\debug\net7.0\carlton.base.components.test.dll" id="e2777af6-89da-bcc7-1e5f-dbae0243e789">
      <Execution id="a6c5a34b-3267-48d8-8264-0bbe070cdff8" />
      <TestMethod codeBase="C:\Users\nicho\source\repos\NickGalazzo\Carlton.Base\src\Tests\Carlton.Base.Components.Test\bin\Debug\net7.0\Carlton.Base.Components.Test.dll" adapterTypeName="executor://xunit/VsTestRunner2/netcoreapp" className="Carlton.Base.Components.Test.NotificationBarComponentTests" name="NotificationBar_FadeOutEnabledParam_RendersCorrectly" />
    </UnitTest>
    <UnitTest name="Active Tab, Render Test(activeTabIndex: 0, expectedText: &quot;&lt;span&gt;This is the first tab&lt;/span&gt;&quot;)" storage="c:\users\nicho\source\repos\nickgalazzo\carlton.base\src\tests\carlton.base.components.test\bin\debug\net7.0\carlton.base.components.test.dll" id="01cca043-7422-59f0-8edf-1a356304b220">
      <Execution id="4907ab3d-158f-47b0-87bc-44593fa5df45" />
      <TestMethod codeBase="C:\Users\nicho\source\repos\NickGalazzo\Carlton.Base\src\Tests\Carlton.Base.Components.Test\bin\Debug\net7.0\Carlton.Base.Components.Test.dll" adapterTypeName="executor://xunit/VsTestRunner2/netcoreapp" className="Carlton.Base.Components.Test.DesktopTabBarComponentTests" name="DesktopTabBar_ActiveTab_RendersCorrectly" />
    </UnitTest>
    <UnitTest name="Groups Parameter Test" storage="c:\users\nicho\source\repos\nickgalazzo\carlton.base\src\tests\carlton.base.components.test\bin\debug\net7.0\carlton.base.components.test.dll" id="4c624072-3469-3d06-1b6a-9cf723873fdb">
      <Execution id="a49bfa66-f705-4317-94c3-f5583f837628" />
      <TestMethod codeBase="C:\Users\nicho\source\repos\NickGalazzo\Carlton.Base\src\Tests\Carlton.Base.Components.Test\bin\Debug\net7.0\Carlton.Base.Components.Test.dll" adapterTypeName="executor://xunit/VsTestRunner2/netcoreapp" className="Carlton.Base.Components.Test.AccordionSelectGroupComponentTests" name="AccordionSelectGroup_GroupsParam_RendersCorrectly" />
    </UnitTest>
    <UnitTest name="MessageTemplate Parameter Test(messageTemplate: &quot;More Items Tracked by this component&quot;)" storage="c:\users\nicho\source\repos\nickgalazzo\carlton.base\src\tests\carlton.base.components.test\bin\debug\net7.0\carlton.base.components.test.dll" id="50c93238-4012-6df7-32db-f969a8a7c6b3">
      <Execution id="d01c0e71-4cf4-4175-a1e0-03a7ea3701aa" />
      <TestMethod codeBase="C:\Users\nicho\source\repos\NickGalazzo\Carlton.Base\src\Tests\Carlton.Base.Components.Test\bin\Debug\net7.0\Carlton.Base.Components.Test.dll" adapterTypeName="executor://xunit/VsTestRunner2/netcoreapp" className="Carlton.Base.Components.Test.CountCardComponentTests" name="CountCard_MessageTemplateParam_RendersCorrectly" />
    </UnitTest>
    <UnitTest name="Three Tabs Test" storage="c:\users\nicho\source\repos\nickgalazzo\carlton.base\src\tests\carlton.base.components.test\bin\debug\net7.0\carlton.base.components.test.dll" id="0b97f27c-fe86-c1fc-4ad3-df5b339bb0c0">
      <Execution id="118e2c13-5db7-4a94-b0bc-5a5bf744a0fa" />
      <TestMethod codeBase="C:\Users\nicho\source\repos\NickGalazzo\Carlton.Base\src\Tests\Carlton.Base.Components.Test\bin\Debug\net7.0\Carlton.Base.Components.Test.dll" adapterTypeName="executor://xunit/VsTestRunner2/netcoreapp" className="Carlton.Base.Components.Test.MobileTabBarComponentTests" name="MobileTabBar_WithThreeTabs_RendersCorrectly" />
    </UnitTest>
    <UnitTest name="ChildIcon Parameter Test(icon: &quot;Icon-Still-Testing&quot;)" storage="c:\users\nicho\source\repos\nickgalazzo\carlton.base\src\tests\carlton.base.components.test\bin\debug\net7.0\carlton.base.components.test.dll" id="87459f94-70c7-009f-5808-19f809ff7867">
      <Execution id="bdaf9a48-795f-424e-a060-e67d0ad45e90" />
      <TestMethod codeBase="C:\Users\nicho\source\repos\NickGalazzo\Carlton.Base\src\Tests\Carlton.Base.Components.Test\bin\Debug\net7.0\Carlton.Base.Components.Test.dll" adapterTypeName="executor://xunit/VsTestRunner2/netcoreapp" className="Carlton.Base.Components.Test.MobileTabBarComponentTests" name="MobileTabBar_ChildIconParam_RendersCorrectly" />
    </UnitTest>
    <UnitTest name="Markup Test" storage="c:\users\nicho\source\repos\nickgalazzo\carlton.base\src\tests\carlton.base.components.test\bin\debug\net7.0\carlton.base.components.test.dll" id="0419bf75-fe13-ba31-ce3d-95f4193a989f">
      <Execution id="f7d11005-2327-4dca-a8cc-b636731c8848" />
      <TestMethod codeBase="C:\Users\nicho\source\repos\NickGalazzo\Carlton.Base\src\Tests\Carlton.Base.Components.Test\bin\Debug\net7.0\Carlton.Base.Components.Test.dll" adapterTypeName="executor://xunit/VsTestRunner2/netcoreapp" className="Carlton.Base.Components.Test.DropDownMenuElementComponentTests" name="DropDownMenuElement_Markup_RendersCorrectly" />
    </UnitTest>
    <UnitTest name="OnPaginationChangedCallback Parameter Test(selectedPage: 2, selectedRowsPerPage: 10, expectedPage: 2)" storage="c:\users\nicho\source\repos\nickgalazzo\carlton.base\src\tests\carlton.base.components.test\bin\debug\net7.0\carlton.base.components.test.dll" id="14b71093-01d3-79b3-699f-161f58724b21">
      <Execution id="93bb3ce7-a909-47bf-b77c-0049f3b87974" />
      <TestMethod codeBase="C:\Users\nicho\source\repos\NickGalazzo\Carlton.Base\src\Tests\Carlton.Base.Components.Test\bin\Debug\net7.0\Carlton.Base.Components.Test.dll" adapterTypeName="executor://xunit/VsTestRunner2/netcoreapp" className="Carlton.Base.Components.Test.TablePaginationRowComponentTests" name="TablePaginationRow_OnPaginationChangedCallback_FiresEvent" />
    </UnitTest>
    <UnitTest name="OnPaginationChangedCallback Parameter Test(selectedPage: 3, selectedRowsPerPage: 5, expectedPage: 3)" storage="c:\users\nicho\source\repos\nickgalazzo\carlton.base\src\tests\carlton.base.components.test\bin\debug\net7.0\carlton.base.components.test.dll" id="d1dda812-a522-3dfd-f226-01661877f3cd">
      <Execution id="699b2317-a39e-4163-b9da-2e78868373ed" />
      <TestMethod codeBase="C:\Users\nicho\source\repos\NickGalazzo\Carlton.Base\src\Tests\Carlton.Base.Components.Test\bin\Debug\net7.0\Carlton.Base.Components.Test.dll" adapterTypeName="executor://xunit/VsTestRunner2/netcoreapp" className="Carlton.Base.Components.Test.TablePaginationRowComponentTests" name="TablePaginationRow_OnPaginationChangedCallback_FiresEvent" />
    </UnitTest>
    <UnitTest name="Items Parameter Test" storage="c:\users\nicho\source\repos\nickgalazzo\carlton.base\src\tests\carlton.base.components.test\bin\debug\net7.0\carlton.base.components.test.dll" id="19699ab8-56b4-61b7-0754-1ac8ee2c3788">
      <Execution id="37a0f13b-d556-414c-b175-2bda7ca22039" />
      <TestMethod codeBase="C:\Users\nicho\source\repos\NickGalazzo\Carlton.Base\src\Tests\Carlton.Base.Components.Test\bin\Debug\net7.0\Carlton.Base.Components.Test.dll" adapterTypeName="executor://xunit/VsTestRunner2/netcoreapp" className="Carlton.Base.Components.Test.TableComponentTests" name="Table_ItemsParam_RendersCorrectly" />
    </UnitTest>
    <UnitTest name="Header Click Once Test(columnIndex: 2, expectedColumnName: &quot;CreatedDate&quot;)" storage="c:\users\nicho\source\repos\nickgalazzo\carlton.base\src\tests\carlton.base.components.test\bin\debug\net7.0\carlton.base.components.test.dll" id="721c0a35-2fdd-0dac-ca44-4ff0d0a712e9">
      <Execution id="b914bfa8-a6f8-487a-b54b-cd6a4d339ad7" />
      <TestMethod codeBase="C:\Users\nicho\source\repos\NickGalazzo\Carlton.Base\src\Tests\Carlton.Base.Components.Test\bin\Debug\net7.0\Carlton.Base.Components.Test.dll" adapterTypeName="executor://xunit/VsTestRunner2/netcoreapp" className="Carlton.Base.Components.Test.TableHeaderComponentTests" name="TableHeader_ClickHeadersOnce_EventFires" />
    </UnitTest>
    <UnitTest name="CardSubTitle Parameter Test(subtitle: &quot;Test Subtitle 1&quot;)" storage="c:\users\nicho\source\repos\nickgalazzo\carlton.base\src\tests\carlton.base.components.test\bin\debug\net7.0\carlton.base.components.test.dll" id="a6e31a15-2ab4-d1b4-8fe0-f6f10e1ab1ac">
      <Execution id="18abe442-5531-45a3-806a-25b658dcaedf" />
      <TestMethod codeBase="C:\Users\nicho\source\repos\NickGalazzo\Carlton.Base\src\Tests\Carlton.Base.Components.Test\bin\Debug\net7.0\Carlton.Base.Components.Test.dll" adapterTypeName="executor://xunit/VsTestRunner2/netcoreapp" className="Carlton.Base.Components.Test.ListCardComponentTests" name="ListCard_CardSubTitleParam_RendersCorrectly" />
    </UnitTest>
    <UnitTest name="Page Greater Than One, Left Chevron Enabled Test(currentPage: 5)" storage="c:\users\nicho\source\repos\nickgalazzo\carlton.base\src\tests\carlton.base.components.test\bin\debug\net7.0\carlton.base.components.test.dll" id="6926cdea-c42f-d597-2f5a-a03f871c03af">
      <Execution id="60cba3bf-e147-48f5-a1ee-35914036d5b1" />
      <TestMethod codeBase="C:\Users\nicho\source\repos\NickGalazzo\Carlton.Base\src\Tests\Carlton.Base.Components.Test\bin\Debug\net7.0\Carlton.Base.Components.Test.dll" adapterTypeName="executor://xunit/VsTestRunner2/netcoreapp" className="Carlton.Base.Components.Test.TablePaginationRowComponentTests" name="TablePaginationRow_PageGreaterThanOne_LeftChevronsEnabled_RendersCorrectly" />
    </UnitTest>
    <UnitTest name="SelectedItem Parameter Test(groupIndex: 0, itemIndex: 1, itemValue: 2)" storage="c:\users\nicho\source\repos\nickgalazzo\carlton.base\src\tests\carlton.base.components.test\bin\debug\net7.0\carlton.base.components.test.dll" id="925a0f7a-d69c-5d5e-e82e-3f410ec45cc2">
      <Execution id="dc0fb067-b0dc-4dd1-b832-9ddf1bdafc69" />
      <TestMethod codeBase="C:\Users\nicho\source\repos\NickGalazzo\Carlton.Base\src\Tests\Carlton.Base.Components.Test\bin\Debug\net7.0\Carlton.Base.Components.Test.dll" adapterTypeName="executor://xunit/VsTestRunner2/netcoreapp" className="Carlton.Base.Components.Test.AccordionSelectGroupComponentTests" name="AccordionSelectGroup_SelectedItemParam_shouldRenderCorrectly" />
    </UnitTest>
    <UnitTest name="RowsPerPageOpts Parameter Test" storage="c:\users\nicho\source\repos\nickgalazzo\carlton.base\src\tests\carlton.base.components.test\bin\debug\net7.0\carlton.base.components.test.dll" id="2ede1c93-1a23-c618-a45a-75a973ec060c">
      <Execution id="b19f0696-5ce7-444d-b92e-5a2852114802" />
      <TestMethod codeBase="C:\Users\nicho\source\repos\NickGalazzo\Carlton.Base\src\Tests\Carlton.Base.Components.Test\bin\Debug\net7.0\Carlton.Base.Components.Test.dll" adapterTypeName="executor://xunit/VsTestRunner2/netcoreapp" className="Carlton.Base.Components.Test.TableComponentTests" name="Table_RowsPerPageOptsParam_RendersCorrectly" />
    </UnitTest>
    <UnitTest name="PaginationLabel Parameter Test(currentPage: 2, currentRowsPerPage: 15, expectedText: &quot;1-15 of 15&quot;)" storage="c:\users\nicho\source\repos\nickgalazzo\carlton.base\src\tests\carlton.base.components.test\bin\debug\net7.0\carlton.base.components.test.dll" id="5ae8450b-6671-8b60-6bf9-6010dc1e24d9">
      <Execution id="4f52d8b7-131b-47e9-8c74-7c0846297ace" />
      <TestMethod codeBase="C:\Users\nicho\source\repos\NickGalazzo\Carlton.Base\src\Tests\Carlton.Base.Components.Test\bin\Debug\net7.0\Carlton.Base.Components.Test.dll" adapterTypeName="executor://xunit/VsTestRunner2/netcoreapp" className="Carlton.Base.Components.Test.TablePaginationRowComponentTests" name="TablePaginationRow_PaginationLabel_RendersCorrectly" />
    </UnitTest>
    <UnitTest name="ChildDisplayText Parameter(displayText: &quot;Display Test Again&quot;)" storage="c:\users\nicho\source\repos\nickgalazzo\carlton.base\src\tests\carlton.base.components.test\bin\debug\net7.0\carlton.base.components.test.dll" id="57d71933-573e-2980-1c8e-daf760c7914e">
      <Execution id="f60c9e53-4411-4816-a757-9670da9edc6a" />
      <TestMethod codeBase="C:\Users\nicho\source\repos\NickGalazzo\Carlton.Base\src\Tests\Carlton.Base.Components.Test\bin\Debug\net7.0\Carlton.Base.Components.Test.dll" adapterTypeName="executor://xunit/VsTestRunner2/netcoreapp" className="Carlton.Base.Components.Test.DesktopTabBarComponentTests" name="DesktopTabBar_ChildDisplayTextParam_RendersCorrectly" />
    </UnitTest>
    <UnitTest name="Title Parameter Test(expectedTitle: &quot;Another Test Title&quot;)" storage="c:\users\nicho\source\repos\nickgalazzo\carlton.base\src\tests\carlton.base.components.test\bin\debug\net7.0\carlton.base.components.test.dll" id="9e8ae696-cd2e-28f9-ecb6-2f243725f7fb">
      <Execution id="99b5bbba-a4a6-4ee4-b7cd-a7d6240ed636" />
      <TestMethod codeBase="C:\Users\nicho\source\repos\NickGalazzo\Carlton.Base\src\Tests\Carlton.Base.Components.Test\bin\Debug\net7.0\Carlton.Base.Components.Test.dll" adapterTypeName="executor://xunit/VsTestRunner2/netcoreapp" className="Carlton.Base.Components.Test.BreadCrumbsComponentTests" name="BreadCrumbs_TitleParam_RendersCorrectly" />
    </UnitTest>
    <UnitTest name="RowTemplate Parameter Test(rowTemplate: &quot;&lt;div class=\&quot;test-row\&quot;&gt;&lt;span&gt;Template {0}{1}{2}&lt;/&quot;...)" storage="c:\users\nicho\source\repos\nickgalazzo\carlton.base\src\tests\carlton.base.components.test\bin\debug\net7.0\carlton.base.components.test.dll" id="04a5b1b1-3a10-f4f6-371a-04cf46ac4cb9">
      <Execution id="bb511b11-52a5-44b4-b214-d5fa66ddd126" />
      <TestMethod codeBase="C:\Users\nicho\source\repos\NickGalazzo\Carlton.Base\src\Tests\Carlton.Base.Components.Test\bin\Debug\net7.0\Carlton.Base.Components.Test.dll" adapterTypeName="executor://xunit/VsTestRunner2/netcoreapp" className="Carlton.Base.Components.Test.TableComponentTests" name="Table_RowTemplateParam_RendersCorrectly" />
    </UnitTest>
    <UnitTest name="Invalid OrderColumn Parameter Test(columnName: &quot;Still Wrong&quot;)" storage="c:\users\nicho\source\repos\nickgalazzo\carlton.base\src\tests\carlton.base.components.test\bin\debug\net7.0\carlton.base.components.test.dll" id="015a8ef8-6c0a-305c-c135-1a20935b4ee3">
      <Execution id="14775948-70eb-4789-abf2-c2c9f37f493b" />
      <TestMethod codeBase="C:\Users\nicho\source\repos\NickGalazzo\Carlton.Base\src\Tests\Carlton.Base.Components.Test\bin\Debug\net7.0\Carlton.Base.Components.Test.dll" adapterTypeName="executor://xunit/VsTestRunner2/netcoreapp" className="Carlton.Base.Components.Test.TableHeaderComponentTests" name="TableHeader_InvalidOrderColumnParam_RendersCorrectly" />
    </UnitTest>
    <UnitTest name="MenutItemIcon Parameter Test(icon: &quot;icon-1&quot;)" storage="c:\users\nicho\source\repos\nickgalazzo\carlton.base\src\tests\carlton.base.components.test\bin\debug\net7.0\carlton.base.components.test.dll" id="801f7583-d760-3b33-e730-154e30024100">
      <Execution id="b4b3a913-d5e2-4d1a-be9e-a69ff22e9c89" />
      <TestMethod codeBase="C:\Users\nicho\source\repos\NickGalazzo\Carlton.Base\src\Tests\Carlton.Base.Components.Test\bin\Debug\net7.0\Carlton.Base.Components.Test.dll" adapterTypeName="executor://xunit/VsTestRunner2/netcoreapp" className="Carlton.Base.Components.Test.DropDownMenuElementComponentTests" name="DropDownMenuElement_MenuItemIconParam_RendersCorrectly" />
    </UnitTest>
    <UnitTest name="Options Parameter Tests" storage="c:\users\nicho\source\repos\nickgalazzo\carlton.base\src\tests\carlton.base.components.test\bin\debug\net7.0\carlton.base.components.test.dll" id="fc7b79c7-3523-04fd-60af-a22152a3cdb2">
      <Execution id="23064db0-e9e1-426a-9fb1-25b9b040e6b8" />
      <TestMethod codeBase="C:\Users\nicho\source\repos\NickGalazzo\Carlton.Base\src\Tests\Carlton.Base.Components.Test\bin\Debug\net7.0\Carlton.Base.Components.Test.dll" adapterTypeName="executor://xunit/VsTestRunner2/netcoreapp" className="Carlton.Base.Components.Test.SelectComponentTests" name="Select_OptionsParam_OptsCount_RendersCorrectly" />
    </UnitTest>
    <UnitTest name="CardTitle Parameter Test(title: &quot;Test Title 2&quot;)" storage="c:\users\nicho\source\repos\nickgalazzo\carlton.base\src\tests\carlton.base.components.test\bin\debug\net7.0\carlton.base.components.test.dll" id="57da913c-5bb2-4d04-fc29-2d9bd99b6d41">
      <Execution id="0490fce8-450a-45b1-9774-8dc9bf70c962" />
      <TestMethod codeBase="C:\Users\nicho\source\repos\NickGalazzo\Carlton.Base\src\Tests\Carlton.Base.Components.Test\bin\Debug\net7.0\Carlton.Base.Components.Test.dll" adapterTypeName="executor://xunit/VsTestRunner2/netcoreapp" className="Carlton.Base.Components.Test.ListCardComponentTests" name="ListCard_CardTitleParam_RendersCorrectly" />
    </UnitTest>
    <UnitTest name="Title Parameter Test(expectedTitle: &quot;Notification Title Test 1&quot;)" storage="c:\users\nicho\source\repos\nickgalazzo\carlton.base\src\tests\carlton.base.components.test\bin\debug\net7.0\carlton.base.components.test.dll" id="1aba4601-c380-c5da-070d-9d8a2cb4ed6d">
      <Execution id="790e68c7-d8b8-4817-8d37-ba8de11377c2" />
      <TestMethod codeBase="C:\Users\nicho\source\repos\NickGalazzo\Carlton.Base\src\Tests\Carlton.Base.Components.Test\bin\Debug\net7.0\Carlton.Base.Components.Test.dll" adapterTypeName="executor://xunit/VsTestRunner2/netcoreapp" className="Carlton.Base.Components.Test.BaseNotificationComponentTests" name="BaseNotification_TitleParam_RendersCorrectly" />
    </UnitTest>
    <UnitTest name="NotificationBar Click Test(btnClass: &quot;error-btn&quot;, expectedType: typeof(Carlton.Base.Components.ErrorNotification))" storage="c:\users\nicho\source\repos\nickgalazzo\carlton.base\src\tests\carlton.base.components.test\bin\debug\net7.0\carlton.base.components.test.dll" id="c85d0da6-be6a-5a9a-569e-4867226fc3d6">
      <Execution id="b31e0d96-ad27-4a0c-ab5f-dae065466ac7" />
      <TestMethod codeBase="C:\Users\nicho\source\repos\NickGalazzo\Carlton.Base\src\Tests\Carlton.Base.Components.Test\bin\Debug\net7.0\Carlton.Base.Components.Test.dll" adapterTypeName="executor://xunit/VsTestRunner2/netcoreapp" className="Carlton.Base.Components.Test.NotificationBarComponentTests" name="NotificationBar_ClickEvent_RendersCorrectly" />
    </UnitTest>
    <UnitTest name="Page One, Left Chevron Disabled Test" storage="c:\users\nicho\source\repos\nickgalazzo\carlton.base\src\tests\carlton.base.components.test\bin\debug\net7.0\carlton.base.components.test.dll" id="26c4603d-2ecb-30d4-f06b-7570582ea7ac">
      <Execution id="73e07ce8-7309-41d8-84ff-f1824b151c27" />
      <TestMethod codeBase="C:\Users\nicho\source\repos\NickGalazzo\Carlton.Base\src\Tests\Carlton.Base.Components.Test\bin\Debug\net7.0\Carlton.Base.Components.Test.dll" adapterTypeName="executor://xunit/VsTestRunner2/netcoreapp" className="Carlton.Base.Components.Test.TablePaginationRowComponentTests" name="TablePaginationRow_PageOne_LeftChevronsDisabled_RendersCorrectly" />
    </UnitTest>
    <UnitTest name="Title Parameter Test(expectedTitle: &quot;Test Title&quot;)" storage="c:\users\nicho\source\repos\nickgalazzo\carlton.base\src\tests\carlton.base.components.test\bin\debug\net7.0\carlton.base.components.test.dll" id="839fa1cf-1eeb-14aa-5afb-0b73ace77a29">
      <Execution id="55ba1f1e-810d-4ae7-b78b-0ac67217aa0c" />
      <TestMethod codeBase="C:\Users\nicho\source\repos\NickGalazzo\Carlton.Base\src\Tests\Carlton.Base.Components.Test\bin\Debug\net7.0\Carlton.Base.Components.Test.dll" adapterTypeName="executor://xunit/VsTestRunner2/netcoreapp" className="Carlton.Base.Components.Test.SlideTabComponentTests" name="SlideTab_TitleParam_RendersCorrectly" />
    </UnitTest>
    <UnitTest name="IsValid Parameter Test(expectedIsValid: False)" storage="c:\users\nicho\source\repos\nickgalazzo\carlton.base\src\tests\carlton.base.components.test\bin\debug\net7.0\carlton.base.components.test.dll" id="6adfb11f-b707-1c16-4f78-f05186887b40">
      <Execution id="751bb1ca-19bb-4bce-bdd6-c6182695f4e2" />
      <TestMethod codeBase="C:\Users\nicho\source\repos\NickGalazzo\Carlton.Base\src\Tests\Carlton.Base.Components.Test\bin\Debug\net7.0\Carlton.Base.Components.Test.dll" adapterTypeName="executor://xunit/VsTestRunner2/netcoreapp" className="Carlton.Base.Components.Test.ConsoleComponentTests" name="Console_IsValidParam_RendersCorrectly" />
    </UnitTest>
    <UnitTest name="Markup Test" storage="c:\users\nicho\source\repos\nickgalazzo\carlton.base\src\tests\carlton.base.components.test\bin\debug\net7.0\carlton.base.components.test.dll" id="486e9ba1-e753-20ca-0c09-62b671e1cc0c">
      <Execution id="345742bf-4d64-4984-a813-fdf329f5f799" />
      <TestMethod codeBase="C:\Users\nicho\source\repos\NickGalazzo\Carlton.Base\src\Tests\Carlton.Base.Components.Test\bin\Debug\net7.0\Carlton.Base.Components.Test.dll" adapterTypeName="executor://xunit/VsTestRunner2/netcoreapp" className="Carlton.Base.Components.Test.CountCardComponentTests" name="CountCard_Markup_RendersCorrectly" />
    </UnitTest>
    <UnitTest name="OnPaginationChangedCallback Parameter Test(selectedPage: 1, selectedRowsPerPage: 15, expectedPage: 1)" storage="c:\users\nicho\source\repos\nickgalazzo\carlton.base\src\tests\carlton.base.components.test\bin\debug\net7.0\carlton.base.components.test.dll" id="723957d6-8abc-9be3-77c2-e323767653a8">
      <Execution id="802f0b55-dc52-4e56-8241-0bb1ba0cbcf8" />
      <TestMethod codeBase="C:\Users\nicho\source\repos\NickGalazzo\Carlton.Base\src\Tests\Carlton.Base.Components.Test\bin\Debug\net7.0\Carlton.Base.Components.Test.dll" adapterTypeName="executor://xunit/VsTestRunner2/netcoreapp" className="Carlton.Base.Components.Test.TablePaginationRowComponentTests" name="TablePaginationRow_OnPaginationChangedCallback_FiresEvent" />
    </UnitTest>
    <UnitTest name="PaginationLabel Parameter, Item Count Less Than Page Count Test(optIndex: 2)" storage="c:\users\nicho\source\repos\nickgalazzo\carlton.base\src\tests\carlton.base.components.test\bin\debug\net7.0\carlton.base.components.test.dll" id="0346a494-c9f4-094c-b758-2e44f1b83219">
      <Execution id="13edd3e9-f669-4240-9dbc-d266da5e6901" />
      <TestMethod codeBase="C:\Users\nicho\source\repos\NickGalazzo\Carlton.Base\src\Tests\Carlton.Base.Components.Test\bin\Debug\net7.0\Carlton.Base.Components.Test.dll" adapterTypeName="executor://xunit/VsTestRunner2/netcoreapp" className="Carlton.Base.Components.Test.TablePaginationRowComponentTests" name="TablePaginationRow_PaginationLabel_ItemCountLessThanItemsPerPage_RendersCorrectly" />
    </UnitTest>
    <UnitTest name="Header Click, CSS Selected Class Test(selectedIndex: 1)" storage="c:\users\nicho\source\repos\nickgalazzo\carlton.base\src\tests\carlton.base.components.test\bin\debug\net7.0\carlton.base.components.test.dll" id="4c3c8efe-8bf5-8a38-a5a0-de9721f93478">
      <Execution id="cce187f5-eaea-40b7-ac79-78561dafd7fa" />
      <TestMethod codeBase="C:\Users\nicho\source\repos\NickGalazzo\Carlton.Base\src\Tests\Carlton.Base.Components.Test\bin\Debug\net7.0\Carlton.Base.Components.Test.dll" adapterTypeName="executor://xunit/VsTestRunner2/netcoreapp" className="Carlton.Base.Components.Test.TableHeaderComponentTests" name="TableHeader_OnClick_SelectedClass_RendersCorrectly" />
    </UnitTest>
    <UnitTest name="ItemsChangedCallback Parameter Test(currentPage: 1, optIndex: 0, expectedSkip: 0, expectedTake: 5)" storage="c:\users\nicho\source\repos\nickgalazzo\carlton.base\src\tests\carlton.base.components.test\bin\debug\net7.0\carlton.base.components.test.dll" id="abec9a13-deaf-e930-46a3-bb5a190e831a">
      <Execution id="1448cdff-21e5-415e-9321-7fe6a5aec3de" />
      <TestMethod codeBase="C:\Users\nicho\source\repos\NickGalazzo\Carlton.Base\src\Tests\Carlton.Base.Components.Test\bin\Debug\net7.0\Carlton.Base.Components.Test.dll" adapterTypeName="executor://xunit/VsTestRunner2/netcoreapp" className="Carlton.Base.Components.Test.TableComponentTests" name="Table_ItemsChangedCallback_FiresEvent" />
    </UnitTest>
    <UnitTest name="SelectedValue Parameter Test(selectedValue: 2, expectedLabel: &quot;Option 2&quot;)" storage="c:\users\nicho\source\repos\nickgalazzo\carlton.base\src\tests\carlton.base.components.test\bin\debug\net7.0\carlton.base.components.test.dll" id="17a39795-eace-ebc5-37db-b025bf49f2f8">
      <Execution id="9f3bc167-8e81-434e-bbfe-0750f9018564" />
      <TestMethod codeBase="C:\Users\nicho\source\repos\NickGalazzo\Carlton.Base\src\Tests\Carlton.Base.Components.Test\bin\Debug\net7.0\Carlton.Base.Components.Test.dll" adapterTypeName="executor://xunit/VsTestRunner2/netcoreapp" className="Carlton.Base.Components.Test.SelectComponentTests" name="Select_SelectedValueParam_RendersCorrectly" />
    </UnitTest>
    <UnitTest name="PrimaryContentChild Parameter Test(expectedPrimaryCardContent: &quot;&lt;span&gt;Primary Testing Content 3&lt;/span&gt;&quot;)" storage="c:\users\nicho\source\repos\nickgalazzo\carlton.base\src\tests\carlton.base.components.test\bin\debug\net7.0\carlton.base.components.test.dll" id="a0d5f268-093a-ce20-e2cc-9639f69015bc">
      <Execution id="374a5a93-2dea-4b2c-9044-06d94ccfb04c" />
      <TestMethod codeBase="C:\Users\nicho\source\repos\NickGalazzo\Carlton.Base\src\Tests\Carlton.Base.Components.Test\bin\Debug\net7.0\Carlton.Base.Components.Test.dll" adapterTypeName="executor://xunit/VsTestRunner2/netcoreapp" className="Carlton.Base.Components.Test.CardComponentTests" name="Card_PrimaryContentChildParam_RendersCorrectly" />
    </UnitTest>
    <UnitTest name="FadeOutEnabled Parameter Test(fadeOutEnabled: True, notificationClass: &quot;error-btn&quot;)" storage="c:\users\nicho\source\repos\nickgalazzo\carlton.base\src\tests\carlton.base.components.test\bin\debug\net7.0\carlton.base.components.test.dll" id="691771b2-9881-2584-0382-8b2d381324cf">
      <Execution id="c533f711-eb12-4afd-a06f-c8693fb6eafd" />
      <TestMethod codeBase="C:\Users\nicho\source\repos\NickGalazzo\Carlton.Base\src\Tests\Carlton.Base.Components.Test\bin\Debug\net7.0\Carlton.Base.Components.Test.dll" adapterTypeName="executor://xunit/VsTestRunner2/netcoreapp" className="Carlton.Base.Components.Test.NotificationBarComponentTests" name="NotificationBar_FadeOutEnabledParam_RendersCorrectly" />
    </UnitTest>
    <UnitTest name="MenuItemTemplate Parameter Test" storage="c:\users\nicho\source\repos\nickgalazzo\carlton.base\src\tests\carlton.base.components.test\bin\debug\net7.0\carlton.base.components.test.dll" id="b71d196b-5d7d-7218-f948-d0c24d038ef9">
      <Execution id="08d045a6-d417-4eda-8f04-33e9da1f47b6" />
      <TestMethod codeBase="C:\Users\nicho\source\repos\NickGalazzo\Carlton.Base\src\Tests\Carlton.Base.Components.Test\bin\Debug\net7.0\Carlton.Base.Components.Test.dll" adapterTypeName="executor://xunit/VsTestRunner2/netcoreapp" className="Carlton.Base.Components.Test.DropDownMenuComponentTests" name="DropDownMenuElement_MenuItemTemplateParam_RendersCorrectly" />
    </UnitTest>
    <UnitTest name="MenuItemAccentColorIndex Parameter Test(accentColorIndex: 3, expectedValue: &quot;accent-color-3&quot;)" storage="c:\users\nicho\source\repos\nickgalazzo\carlton.base\src\tests\carlton.base.components.test\bin\debug\net7.0\carlton.base.components.test.dll" id="911fda85-2a8a-0289-0e5d-1f27e32d0aa6">
      <Execution id="20e5fcf6-2772-4d84-9ee4-09d7b39911df" />
      <TestMethod codeBase="C:\Users\nicho\source\repos\NickGalazzo\Carlton.Base\src\Tests\Carlton.Base.Components.Test\bin\Debug\net7.0\Carlton.Base.Components.Test.dll" adapterTypeName="executor://xunit/VsTestRunner2/netcoreapp" className="Carlton.Base.Components.Test.DropDownMenuElementComponentTests" name="DropDownMenuElement_MenuItemAccentColorIndexParam_RendersCorrectly" />
    </UnitTest>
    <UnitTest name="PositionBottom Parameter Test(expectedPositionBottom: 50)" storage="c:\users\nicho\source\repos\nickgalazzo\carlton.base\src\tests\carlton.base.components.test\bin\debug\net7.0\carlton.base.components.test.dll" id="ec6b482c-220d-b4e0-fe3f-b20b1be1b822">
      <Execution id="2aa6448b-88a3-47d3-902f-60350799f41f" />
      <TestMethod codeBase="C:\Users\nicho\source\repos\NickGalazzo\Carlton.Base\src\Tests\Carlton.Base.Components.Test\bin\Debug\net7.0\Carlton.Base.Components.Test.dll" adapterTypeName="executor://xunit/VsTestRunner2/netcoreapp" className="Carlton.Base.Components.Test.SlideTabComponentTests" name="SlideTab_PositionBottomParam_RendersCorrectly" />
    </UnitTest>
    <UnitTest name="Label Parameter Test(labelText: &quot;Test Label&quot;)" storage="c:\users\nicho\source\repos\nickgalazzo\carlton.base\src\tests\carlton.base.components.test\bin\debug\net7.0\carlton.base.components.test.dll" id="298fe03e-249b-b13d-a269-1b389ef1a02e">
      <Execution id="6f8677e4-95b3-4f7a-894d-2a69b39d47ac" />
      <TestMethod codeBase="C:\Users\nicho\source\repos\NickGalazzo\Carlton.Base\src\Tests\Carlton.Base.Components.Test\bin\Debug\net7.0\Carlton.Base.Components.Test.dll" adapterTypeName="executor://xunit/VsTestRunner2/netcoreapp" className="Carlton.Base.Components.Test.SelectComponentTests" name="Select_LabelParam_RendersCorrectly" />
    </UnitTest>
    <UnitTest name="OnChangeCallback Parameter Test(expectedText: &quot;some more new text&quot;)" storage="c:\users\nicho\source\repos\nickgalazzo\carlton.base\src\tests\carlton.base.components.test\bin\debug\net7.0\carlton.base.components.test.dll" id="1b5a6e10-6117-b35a-8490-31620c83610e">
      <Execution id="d3ded7d7-e3f8-4239-adf5-b258266b4482" />
      <TestMethod codeBase="C:\Users\nicho\source\repos\NickGalazzo\Carlton.Base\src\Tests\Carlton.Base.Components.Test\bin\Debug\net7.0\Carlton.Base.Components.Test.dll" adapterTypeName="executor://xunit/VsTestRunner2/netcoreapp" className="Carlton.Base.Components.Test.ConsoleComponentTests" name="Console_OnChangeCallbackParam_FiresCallback" />
    </UnitTest>
    <UnitTest name="IsExpanded Parameter Test(isExpanded: True, expectedClass: &quot;mdi-minus-box-outline&quot;)" storage="c:\users\nicho\source\repos\nickgalazzo\carlton.base\src\tests\carlton.base.components.test\bin\debug\net7.0\carlton.base.components.test.dll" id="067218af-67a2-68da-98aa-e9243dbda169">
      <Execution id="6233b622-c5cb-4c2e-b675-d480f615c834" />
      <TestMethod codeBase="C:\Users\nicho\source\repos\NickGalazzo\Carlton.Base\src\Tests\Carlton.Base.Components.Test\bin\Debug\net7.0\Carlton.Base.Components.Test.dll" adapterTypeName="executor://xunit/VsTestRunner2/netcoreapp" className="Carlton.Base.Components.Test.AccordionSelectComponentTests" name="AccordionSelect_IsExpandedParam_RendersCorrectly" />
    </UnitTest>
    <UnitTest name="MenuItemName Parameter Test(menuItemName: &quot;Test Menu Items Yet Another Time&quot;)" storage="c:\users\nicho\source\repos\nickgalazzo\carlton.base\src\tests\carlton.base.components.test\bin\debug\net7.0\carlton.base.components.test.dll" id="b2c7375c-ef0b-de75-a0bd-b6e7dea52a65">
      <Execution id="caae90cb-f938-4b87-8a76-d89d284dcfab" />
      <TestMethod codeBase="C:\Users\nicho\source\repos\NickGalazzo\Carlton.Base\src\Tests\Carlton.Base.Components.Test\bin\Debug\net7.0\Carlton.Base.Components.Test.dll" adapterTypeName="executor://xunit/VsTestRunner2/netcoreapp" className="Carlton.Base.Components.Test.DropDownMenuElementComponentTests" name="DropDownMenuElement_MenuItemNameParam_RendersCorrectly" />
    </UnitTest>
    <UnitTest name="Header Click, CSS Ascending Class Test(selectedIndex: 1)" storage="c:\users\nicho\source\repos\nickgalazzo\carlton.base\src\tests\carlton.base.components.test\bin\debug\net7.0\carlton.base.components.test.dll" id="00925146-e6ae-6796-a2a6-310a670c5040">
      <Execution id="7e26cb9a-8230-4741-b621-6de9d59419b9" />
      <TestMethod codeBase="C:\Users\nicho\source\repos\NickGalazzo\Carlton.Base\src\Tests\Carlton.Base.Components.Test\bin\Debug\net7.0\Carlton.Base.Components.Test.dll" adapterTypeName="executor://xunit/VsTestRunner2/netcoreapp" className="Carlton.Base.Components.Test.TableHeaderComponentTests" name="TableHeader_OnClick_AscendingClass_RendersCorrectly" />
    </UnitTest>
    <UnitTest name="FadeOutEnabled Parameter Test(fadeOutEnabled: False, notificationClass: &quot;warning-btn&quot;)" storage="c:\users\nicho\source\repos\nickgalazzo\carlton.base\src\tests\carlton.base.components.test\bin\debug\net7.0\carlton.base.components.test.dll" id="63790d28-d6ef-2c4e-d8fa-faa3cb95b277">
      <Execution id="477d5e7c-7b3e-40c6-872b-3d9b4014ee55" />
      <TestMethod codeBase="C:\Users\nicho\source\repos\NickGalazzo\Carlton.Base\src\Tests\Carlton.Base.Components.Test\bin\Debug\net7.0\Carlton.Base.Components.Test.dll" adapterTypeName="executor://xunit/VsTestRunner2/netcoreapp" className="Carlton.Base.Components.Test.NotificationBarComponentTests" name="NotificationBar_FadeOutEnabledParam_RendersCorrectly" />
    </UnitTest>
    <UnitTest name="IsChecked Parameter Test(isChecked: True)" storage="c:\users\nicho\source\repos\nickgalazzo\carlton.base\src\tests\carlton.base.components.test\bin\debug\net7.0\carlton.base.components.test.dll" id="62f820de-c617-6809-2846-c9e07a96b1bb">
      <Execution id="16b34eb2-58da-42b8-891b-720fb06fed26" />
      <TestMethod codeBase="C:\Users\nicho\source\repos\NickGalazzo\Carlton.Base\src\Tests\Carlton.Base.Components.Test\bin\Debug\net7.0\Carlton.Base.Components.Test.dll" adapterTypeName="executor://xunit/VsTestRunner2/netcoreapp" className="Carlton.Base.Components.Test.CheckboxComponentTests" name="Checkbox_IsCheckedParam_FiresCallback" />
    </UnitTest>
    <UnitTest name="ShowDisplayIcon Parameter Test(showDisplayIcon: True)" storage="c:\users\nicho\source\repos\nickgalazzo\carlton.base\src\tests\carlton.base.components.test\bin\debug\net7.0\carlton.base.components.test.dll" id="013178ef-4151-7a51-327b-76cb79a76da0">
      <Execution id="b57f3624-2c77-423c-8b8c-a7c05e3fd51c" />
      <TestMethod codeBase="C:\Users\nicho\source\repos\NickGalazzo\Carlton.Base\src\Tests\Carlton.Base.Components.Test\bin\Debug\net7.0\Carlton.Base.Components.Test.dll" adapterTypeName="executor://xunit/VsTestRunner2/netcoreapp" className="Carlton.Base.Components.Test.MobileTabBarComponentTests" name="MobileTabBar_ShowDisplayIconParam_RendersCorrectly" />
    </UnitTest>
    <UnitTest name="PaginationLabel Parameter Test(currentPage: 1, currentRowsPerPage: 5, expectedText: &quot;1-5 of 15&quot;)" storage="c:\users\nicho\source\repos\nickgalazzo\carlton.base\src\tests\carlton.base.components.test\bin\debug\net7.0\carlton.base.components.test.dll" id="d8c8392b-547d-6757-25b2-7211cb87e121">
      <Execution id="52297b8b-4a47-472d-b04a-f41299a641b6" />
      <TestMethod codeBase="C:\Users\nicho\source\repos\NickGalazzo\Carlton.Base\src\Tests\Carlton.Base.Components.Test\bin\Debug\net7.0\Carlton.Base.Components.Test.dll" adapterTypeName="executor://xunit/VsTestRunner2/netcoreapp" className="Carlton.Base.Components.Test.TablePaginationRowComponentTests" name="TablePaginationRow_PaginationLabel_RendersCorrectly" />
    </UnitTest>
    <UnitTest name="OrderColumn and OrderDirection Parameter Test(columnName: &quot;DisplayName&quot;, columnIndex: 1, orderAscending: False)" storage="c:\users\nicho\source\repos\nickgalazzo\carlton.base\src\tests\carlton.base.components.test\bin\debug\net7.0\carlton.base.components.test.dll" id="8e78724c-63f5-ec91-5670-cd3a85e04fc8">
      <Execution id="32346103-cb9d-4a07-9206-d9f07287a57c" />
      <TestMethod codeBase="C:\Users\nicho\source\repos\NickGalazzo\Carlton.Base\src\Tests\Carlton.Base.Components.Test\bin\Debug\net7.0\Carlton.Base.Components.Test.dll" adapterTypeName="executor://xunit/VsTestRunner2/netcoreapp" className="Carlton.Base.Components.Test.TableHeaderComponentTests" name="TableHeader_OrderColumnParam_And_OrderDirectionParam_RendersCorrectly" />
    </UnitTest>
    <UnitTest name="MenutItemIcon Parameter Test(icon: &quot;icon-2&quot;)" storage="c:\users\nicho\source\repos\nickgalazzo\carlton.base\src\tests\carlton.base.components.test\bin\debug\net7.0\carlton.base.components.test.dll" id="81f56538-53f4-307d-7a3b-029637d6a390">
      <Execution id="809b621a-c166-42fc-a567-b3bc3701a4f9" />
      <TestMethod codeBase="C:\Users\nicho\source\repos\NickGalazzo\Carlton.Base\src\Tests\Carlton.Base.Components.Test\bin\Debug\net7.0\Carlton.Base.Components.Test.dll" adapterTypeName="executor://xunit/VsTestRunner2/netcoreapp" className="Carlton.Base.Components.Test.DropDownMenuElementComponentTests" name="DropDownMenuElement_MenuItemIconParam_RendersCorrectly" />
    </UnitTest>
    <UnitTest name="Count Parameter Test(count: 15)" storage="c:\users\nicho\source\repos\nickgalazzo\carlton.base\src\tests\carlton.base.components.test\bin\debug\net7.0\carlton.base.components.test.dll" id="226ff44c-7eed-908a-393a-428e9c82527f">
      <Execution id="39e80a5c-3e98-4535-917e-89fed1b3b0e3" />
      <TestMethod codeBase="C:\Users\nicho\source\repos\NickGalazzo\Carlton.Base\src\Tests\Carlton.Base.Components.Test\bin\Debug\net7.0\Carlton.Base.Components.Test.dll" adapterTypeName="executor://xunit/VsTestRunner2/netcoreapp" className="Carlton.Base.Components.Test.CountCardComponentTests" name="CountCard_CountParam_RendersCorrectly" />
    </UnitTest>
    <UnitTest name="SelectedItem Parameter Test(groupIndex: 1, itemIndex: 3, itemValue: 4)" storage="c:\users\nicho\source\repos\nickgalazzo\carlton.base\src\tests\carlton.base.components.test\bin\debug\net7.0\carlton.base.components.test.dll" id="c2d4182e-57b2-d0b4-b48e-a9dee12d38f7">
      <Execution id="8587c21c-bf23-44ad-a418-21adb1a0dbc9" />
      <TestMethod codeBase="C:\Users\nicho\source\repos\NickGalazzo\Carlton.Base\src\Tests\Carlton.Base.Components.Test\bin\Debug\net7.0\Carlton.Base.Components.Test.dll" adapterTypeName="executor://xunit/VsTestRunner2/netcoreapp" className="Carlton.Base.Components.Test.AccordionSelectGroupComponentTests" name="AccordionSelectGroup_SelectedItemParam_shouldRenderCorrectly" />
    </UnitTest>
    <UnitTest name="Item Count, Right Chevron Enabled Test(itemCount: 100)" storage="c:\users\nicho\source\repos\nickgalazzo\carlton.base\src\tests\carlton.base.components.test\bin\debug\net7.0\carlton.base.components.test.dll" id="4292ddf4-274b-19b7-255b-545fc6e6acb2">
      <Execution id="4ddce4ce-886d-46a7-9364-6a8f3cbc7e19" />
      <TestMethod codeBase="C:\Users\nicho\source\repos\NickGalazzo\Carlton.Base\src\Tests\Carlton.Base.Components.Test\bin\Debug\net7.0\Carlton.Base.Components.Test.dll" adapterTypeName="executor://xunit/VsTestRunner2/netcoreapp" className="Carlton.Base.Components.Test.TablePaginationRowComponentTests" name="TablePaginationRow_ItemCountGreaterThanItemsPerPage_RightChevronsEnabled_RendersCorrectly" />
    </UnitTest>
    <UnitTest name="Header Click, CSS Selected Class Test(selectedIndex: 0)" storage="c:\users\nicho\source\repos\nickgalazzo\carlton.base\src\tests\carlton.base.components.test\bin\debug\net7.0\carlton.base.components.test.dll" id="470612f3-9e40-7de7-9e4d-fde6f04f5483">
      <Execution id="66d7ed43-4ace-45e9-9d7a-3cbdc20566fb" />
      <TestMethod codeBase="C:\Users\nicho\source\repos\NickGalazzo\Carlton.Base\src\Tests\Carlton.Base.Components.Test\bin\Debug\net7.0\Carlton.Base.Components.Test.dll" adapterTypeName="executor://xunit/VsTestRunner2/netcoreapp" className="Carlton.Base.Components.Test.TableHeaderComponentTests" name="TableHeader_OnClick_SelectedClass_RendersCorrectly" />
    </UnitTest>
    <UnitTest name="Item Click Test(selectedIndex: 2, expectedValue: 3)" storage="c:\users\nicho\source\repos\nickgalazzo\carlton.base\src\tests\carlton.base.components.test\bin\debug\net7.0\carlton.base.components.test.dll" id="d880a4e2-5397-c2b9-229a-5b82b9fa1cdf">
      <Execution id="c4aa8070-aedf-4f98-ac63-cab5f54a8fb2" />
      <TestMethod codeBase="C:\Users\nicho\source\repos\NickGalazzo\Carlton.Base\src\Tests\Carlton.Base.Components.Test\bin\Debug\net7.0\Carlton.Base.Components.Test.dll" adapterTypeName="executor://xunit/VsTestRunner2/netcoreapp" className="Carlton.Base.Components.Test.AccordionSelectComponentTests" name="AccordionSelect_ItemClick_RendersCorrectly" />
    </UnitTest>
    <UnitTest name="OrderColumn and OrderDirection Parameter Test(columnName: &quot;CreatedDate&quot;, columnIndex: 2, orderAscending: False)" storage="c:\users\nicho\source\repos\nickgalazzo\carlton.base\src\tests\carlton.base.components.test\bin\debug\net7.0\carlton.base.components.test.dll" id="17369e9f-e0bd-1c7b-7945-dea8f9bd2825">
      <Execution id="92276176-2fb6-404c-9524-9254171019b2" />
      <TestMethod codeBase="C:\Users\nicho\source\repos\NickGalazzo\Carlton.Base\src\Tests\Carlton.Base.Components.Test\bin\Debug\net7.0\Carlton.Base.Components.Test.dll" adapterTypeName="executor://xunit/VsTestRunner2/netcoreapp" className="Carlton.Base.Components.Test.TableHeaderComponentTests" name="TableHeader_OrderColumnParam_And_OrderDirectionParam_RendersCorrectly" />
    </UnitTest>
    <UnitTest name="Markup Test" storage="c:\users\nicho\source\repos\nickgalazzo\carlton.base\src\tests\carlton.base.components.test\bin\debug\net7.0\carlton.base.components.test.dll" id="faf6ac33-173a-dc80-7734-8174ff344fb3">
      <Execution id="8c4e0fda-a76c-42b4-8cd7-1e9f7a17f714" />
      <TestMethod codeBase="C:\Users\nicho\source\repos\NickGalazzo\Carlton.Base\src\Tests\Carlton.Base.Components.Test\bin\Debug\net7.0\Carlton.Base.Components.Test.dll" adapterTypeName="executor://xunit/VsTestRunner2/netcoreapp" className="Carlton.Base.Components.Test.SlideTabComponentTests" name="SlideTab_Markup_RendersCorrectly" />
    </UnitTest>
    <UnitTest name="ActionBarContentChild Parameter Test(expectedActionBarContent: &quot;ActionBar Testing Content 2&quot;)" storage="c:\users\nicho\source\repos\nickgalazzo\carlton.base\src\tests\carlton.base.components.test\bin\debug\net7.0\carlton.base.components.test.dll" id="6f8d796c-6ca4-169d-1cc8-af66825f8e0b">
      <Execution id="7542c394-fa34-4364-9cb1-a5dc30671b02" />
      <TestMethod codeBase="C:\Users\nicho\source\repos\NickGalazzo\Carlton.Base\src\Tests\Carlton.Base.Components.Test\bin\Debug\net7.0\Carlton.Base.Components.Test.dll" adapterTypeName="executor://xunit/VsTestRunner2/netcoreapp" className="Carlton.Base.Components.Test.CardComponentTests" name="Card_ActionBarContentChildParam_RendersCorrectly" />
    </UnitTest>
    <UnitTest name="Items Parameter Test" storage="c:\users\nicho\source\repos\nickgalazzo\carlton.base\src\tests\carlton.base.components.test\bin\debug\net7.0\carlton.base.components.test.dll" id="499a4bba-291d-374f-711c-1097a1a52e0f">
      <Execution id="8b2471bf-f90b-4acb-a2c2-22d2f2edb2ed" />
      <TestMethod codeBase="C:\Users\nicho\source\repos\NickGalazzo\Carlton.Base\src\Tests\Carlton.Base.Components.Test\bin\Debug\net7.0\Carlton.Base.Components.Test.dll" adapterTypeName="executor://xunit/VsTestRunner2/netcoreapp" className="Carlton.Base.Components.Test.AccordionSelectComponentTests" name="AccordionSelect_ItemsParams_RendersCorrectly" />
    </UnitTest>
    <UnitTest name="Count Parameter Test(count: 30)" storage="c:\users\nicho\source\repos\nickgalazzo\carlton.base\src\tests\carlton.base.components.test\bin\debug\net7.0\carlton.base.components.test.dll" id="f8e87052-3c31-7772-0006-d96208939871">
      <Execution id="106b24be-c2c1-40d7-84c0-9e3c536610d6" />
      <TestMethod codeBase="C:\Users\nicho\source\repos\NickGalazzo\Carlton.Base\src\Tests\Carlton.Base.Components.Test\bin\Debug\net7.0\Carlton.Base.Components.Test.dll" adapterTypeName="executor://xunit/VsTestRunner2/netcoreapp" className="Carlton.Base.Components.Test.CountCardComponentTests" name="CountCard_CountParam_RendersCorrectly" />
    </UnitTest>
    <UnitTest name="Item Count, Right Chevron Disabled Test(itemCount: 3)" storage="c:\users\nicho\source\repos\nickgalazzo\carlton.base\src\tests\carlton.base.components.test\bin\debug\net7.0\carlton.base.components.test.dll" id="73754bc2-b000-9e2a-28d6-b696512a0fa5">
      <Execution id="06456ae7-09f5-4839-b9bc-8a6e000dec76" />
      <TestMethod codeBase="C:\Users\nicho\source\repos\NickGalazzo\Carlton.Base\src\Tests\Carlton.Base.Components.Test\bin\Debug\net7.0\Carlton.Base.Components.Test.dll" adapterTypeName="executor://xunit/VsTestRunner2/netcoreapp" className="Carlton.Base.Components.Test.TablePaginationRowComponentTests" name="TablePaginationRow_ItemCountLessThanItemsPerPage_RightChevronsDisabled_RendersCorrectly" />
    </UnitTest>
    <UnitTest name="Page Greater Than One, Left Chevron Enabled Test(currentPage: 3)" storage="c:\users\nicho\source\repos\nickgalazzo\carlton.base\src\tests\carlton.base.components.test\bin\debug\net7.0\carlton.base.components.test.dll" id="9c40f4b2-e395-94c9-2055-b3813cd48484">
      <Execution id="2d0cb07f-41d9-4c4f-8e44-471041ef0f9a" />
      <TestMethod codeBase="C:\Users\nicho\source\repos\NickGalazzo\Carlton.Base\src\Tests\Carlton.Base.Components.Test\bin\Debug\net7.0\Carlton.Base.Components.Test.dll" adapterTypeName="executor://xunit/VsTestRunner2/netcoreapp" className="Carlton.Base.Components.Test.TablePaginationRowComponentTests" name="TablePaginationRow_PageGreaterThanOne_LeftChevronsEnabled_RendersCorrectly" />
    </UnitTest>
    <UnitTest name="Message Parameter Test(expectedMessage: &quot;Notification Message Test 3&quot;)" storage="c:\users\nicho\source\repos\nickgalazzo\carlton.base\src\tests\carlton.base.components.test\bin\debug\net7.0\carlton.base.components.test.dll" id="d43bf906-3878-764e-857c-5c92b0d09825">
      <Execution id="38f06dc9-8a59-4239-a2d6-ea2ace3dc732" />
      <TestMethod codeBase="C:\Users\nicho\source\repos\NickGalazzo\Carlton.Base\src\Tests\Carlton.Base.Components.Test\bin\Debug\net7.0\Carlton.Base.Components.Test.dll" adapterTypeName="executor://xunit/VsTestRunner2/netcoreapp" className="Carlton.Base.Components.Test.BaseNotificationComponentTests" name="BaseNotification_MessageParam_RendersCorrectly" />
    </UnitTest>
    <UnitTest name="Icon Parameter Test(icon: &quot;icon-2&quot;)" storage="c:\users\nicho\source\repos\nickgalazzo\carlton.base\src\tests\carlton.base.components.test\bin\debug\net7.0\carlton.base.components.test.dll" id="6fc37820-e1bc-5001-7cd4-079f33d38a13">
      <Execution id="654a7cdf-a552-4ee6-84df-8ba0bc334491" />
      <TestMethod codeBase="C:\Users\nicho\source\repos\NickGalazzo\Carlton.Base\src\Tests\Carlton.Base.Components.Test\bin\Debug\net7.0\Carlton.Base.Components.Test.dll" adapterTypeName="executor://xunit/VsTestRunner2/netcoreapp" className="Carlton.Base.Components.Test.CountCardComponentTests" name="CountCard_IconParam_RendersCorrectly" />
    </UnitTest>
    <UnitTest name="PositionBottom Parameter Test(expectedPositionBottom: 5)" storage="c:\users\nicho\source\repos\nickgalazzo\carlton.base\src\tests\carlton.base.components.test\bin\debug\net7.0\carlton.base.components.test.dll" id="41ef5a33-62e1-ee23-395b-9e241d1e28fc">
      <Execution id="580630d8-98de-4067-a8bf-7c6edc2f1f5b" />
      <TestMethod codeBase="C:\Users\nicho\source\repos\NickGalazzo\Carlton.Base\src\Tests\Carlton.Base.Components.Test\bin\Debug\net7.0\Carlton.Base.Components.Test.dll" adapterTypeName="executor://xunit/VsTestRunner2/netcoreapp" className="Carlton.Base.Components.Test.SlideTabComponentTests" name="SlideTab_PositionBottomParam_RendersCorrectly" />
    </UnitTest>
    <UnitTest name="CardSubTitle Parameter Test(subtitle: &quot;Test Subtitle 3&quot;)" storage="c:\users\nicho\source\repos\nickgalazzo\carlton.base\src\tests\carlton.base.components.test\bin\debug\net7.0\carlton.base.components.test.dll" id="38f24bd1-c5d2-b046-3be4-29128b1c3535">
      <Execution id="99d592e9-6197-4a07-841a-fea3026e4838" />
      <TestMethod codeBase="C:\Users\nicho\source\repos\NickGalazzo\Carlton.Base\src\Tests\Carlton.Base.Components.Test\bin\Debug\net7.0\Carlton.Base.Components.Test.dll" adapterTypeName="executor://xunit/VsTestRunner2/netcoreapp" className="Carlton.Base.Components.Test.ListCardComponentTests" name="ListCard_CardSubTitleParam_RendersCorrectly" />
    </UnitTest>
    <UnitTest name="Parent Active False, Render Test" storage="c:\users\nicho\source\repos\nickgalazzo\carlton.base\src\tests\carlton.base.components.test\bin\debug\net7.0\carlton.base.components.test.dll" id="e3d58337-cca2-5278-f8eb-4611788d2b5a">
      <Execution id="8638a05f-4743-4ddd-b3a5-8122396f48f8" />
      <TestMethod codeBase="C:\Users\nicho\source\repos\NickGalazzo\Carlton.Base\src\Tests\Carlton.Base.Components.Test\bin\Debug\net7.0\Carlton.Base.Components.Test.dll" adapterTypeName="executor://xunit/VsTestRunner2/netcoreapp" className="Carlton.Base.Components.Test.TabComponentTests" name="Tab_Parent_ActiveParam_False_RendersCorrectly" />
    </UnitTest>
    <UnitTest name="Header Click Once Test" storage="c:\users\nicho\source\repos\nickgalazzo\carlton.base\src\tests\carlton.base.components.test\bin\debug\net7.0\carlton.base.components.test.dll" id="66b8e62c-41e1-ac4c-e3ed-694c95834d4f">
      <Execution id="f6391516-83f8-4b11-9547-aacb25ea42b6" />
      <TestMethod codeBase="C:\Users\nicho\source\repos\NickGalazzo\Carlton.Base\src\Tests\Carlton.Base.Components.Test\bin\Debug\net7.0\Carlton.Base.Components.Test.dll" adapterTypeName="executor://xunit/VsTestRunner2/netcoreapp" className="Carlton.Base.Components.Test.TableComponentTests" name="Table_Header_OnClickOnce_FiltersItemsAsc" />
    </UnitTest>
    <UnitTest name="Disabled Parameter Test(isDisabled: True)" storage="c:\users\nicho\source\repos\nickgalazzo\carlton.base\src\tests\carlton.base.components.test\bin\debug\net7.0\carlton.base.components.test.dll" id="2379e7a0-5ee9-5f99-6a52-0d712fc2e781">
      <Execution id="d3c04eb9-6646-449e-9f16-69ff9cb24ecf" />
      <TestMethod codeBase="C:\Users\nicho\source\repos\NickGalazzo\Carlton.Base\src\Tests\Carlton.Base.Components.Test\bin\Debug\net7.0\Carlton.Base.Components.Test.dll" adapterTypeName="executor://xunit/VsTestRunner2/netcoreapp" className="Carlton.Base.Components.Test.SelectComponentTests" name="Select_DisabledParam_RendersCorrectly" />
    </UnitTest>
    <UnitTest name="Headings Parameter Test" storage="c:\users\nicho\source\repos\nickgalazzo\carlton.base\src\tests\carlton.base.components.test\bin\debug\net7.0\carlton.base.components.test.dll" id="0be2e34f-6619-8975-afab-64437187ca4d">
      <Execution id="bcbbf5f1-6025-4326-995f-cd3e88e73605" />
      <TestMethod codeBase="C:\Users\nicho\source\repos\NickGalazzo\Carlton.Base\src\Tests\Carlton.Base.Components.Test\bin\Debug\net7.0\Carlton.Base.Components.Test.dll" adapterTypeName="executor://xunit/VsTestRunner2/netcoreapp" className="Carlton.Base.Components.Test.TableHeaderComponentTests" name="TableHeader_HeadingsParam_RendersCorrectly" />
    </UnitTest>
    <UnitTest name="ChildDisplayText Parameter(displayText: &quot;Display Test 1&quot;)" storage="c:\users\nicho\source\repos\nickgalazzo\carlton.base\src\tests\carlton.base.components.test\bin\debug\net7.0\carlton.base.components.test.dll" id="1bcd7891-9ead-1691-023a-1f3f8a8b4b07">
      <Execution id="6a669114-bce2-4bdb-bf5b-bfe4a6553805" />
      <TestMethod codeBase="C:\Users\nicho\source\repos\NickGalazzo\Carlton.Base\src\Tests\Carlton.Base.Components.Test\bin\Debug\net7.0\Carlton.Base.Components.Test.dll" adapterTypeName="executor://xunit/VsTestRunner2/netcoreapp" className="Carlton.Base.Components.Test.DesktopTabBarComponentTests" name="DesktopTabBar_ChildDisplayTextParam_RendersCorrectly" />
    </UnitTest>
    <UnitTest name="Markup Test" storage="c:\users\nicho\source\repos\nickgalazzo\carlton.base\src\tests\carlton.base.components.test\bin\debug\net7.0\carlton.base.components.test.dll" id="4abc7ea4-adf7-cb95-e891-e2b782813e5f">
      <Execution id="37dabdfe-caa3-4a6b-97f9-aa48116e9f03" />
      <TestMethod codeBase="C:\Users\nicho\source\repos\NickGalazzo\Carlton.Base\src\Tests\Carlton.Base.Components.Test\bin\Debug\net7.0\Carlton.Base.Components.Test.dll" adapterTypeName="executor://xunit/VsTestRunner2/netcoreapp" className="Carlton.Base.Components.Test.AccordionSelectGroupComponentTests" name="AccordionSelectGroup_Markup_RendersCorrectly" />
    </UnitTest>
    <UnitTest name="Theme Parameter Test(theme: Red)" storage="c:\users\nicho\source\repos\nickgalazzo\carlton.base\src\tests\carlton.base.components.test\bin\debug\net7.0\carlton.base.components.test.dll" id="0da18184-c20f-d5ad-bc5e-22dc0f1cb3a7">
      <Execution id="04786ea4-550c-476b-b4fc-9ffda27bf6eb" />
      <TestMethod codeBase="C:\Users\nicho\source\repos\NickGalazzo\Carlton.Base\src\Tests\Carlton.Base.Components.Test\bin\Debug\net7.0\Carlton.Base.Components.Test.dll" adapterTypeName="executor://xunit/VsTestRunner2/netcoreapp" className="Carlton.Base.Components.Test.CountCardComponentTests" name="CountCard_ThemeParam_RendersCorrectly" />
    </UnitTest>
    <UnitTest name="OrderColumn and OrderDirection Parameter Test(columnName: &quot;DisplayName&quot;, columnIndex: 1, orderAscending: True)" storage="c:\users\nicho\source\repos\nickgalazzo\carlton.base\src\tests\carlton.base.components.test\bin\debug\net7.0\carlton.base.components.test.dll" id="dfe9ce7a-0bc1-eeb7-3cba-161664fa3ef5">
      <Execution id="1397fa59-1aa8-4471-aa3c-de69c829be95" />
      <TestMethod codeBase="C:\Users\nicho\source\repos\NickGalazzo\Carlton.Base\src\Tests\Carlton.Base.Components.Test\bin\Debug\net7.0\Carlton.Base.Components.Test.dll" adapterTypeName="executor://xunit/VsTestRunner2/netcoreapp" className="Carlton.Base.Components.Test.TableHeaderComponentTests" name="TableHeader_OrderColumnParam_And_OrderDirectionParam_RendersCorrectly" />
    </UnitTest>
    <UnitTest name="Title Parameter Test(expectedTitle: &quot;Test 3&quot;)" storage="c:\users\nicho\source\repos\nickgalazzo\carlton.base\src\tests\carlton.base.components.test\bin\debug\net7.0\carlton.base.components.test.dll" id="e89c759a-07b6-738f-393f-29d4295989c6">
      <Execution id="20a120c7-88a0-433c-879b-e6365ce36fb9" />
      <TestMethod codeBase="C:\Users\nicho\source\repos\NickGalazzo\Carlton.Base\src\Tests\Carlton.Base.Components.Test\bin\Debug\net7.0\Carlton.Base.Components.Test.dll" adapterTypeName="executor://xunit/VsTestRunner2/netcoreapp" className="Carlton.Base.Components.Test.AccordionSelectComponentTests" name="AccordionSelect_TitleParam_RendersCorrectly" />
    </UnitTest>
    <UnitTest name="SelectedItem Parameter Test(groupIndex: 1, itemIndex: 2, itemValue: 3)" storage="c:\users\nicho\source\repos\nickgalazzo\carlton.base\src\tests\carlton.base.components.test\bin\debug\net7.0\carlton.base.components.test.dll" id="07ef0f4a-874b-3393-6516-96d459f1f2b1">
      <Execution id="13f7ba59-4b4f-4129-aa55-08100f4f36ab" />
      <TestMethod codeBase="C:\Users\nicho\source\repos\NickGalazzo\Carlton.Base\src\Tests\Carlton.Base.Components.Test\bin\Debug\net7.0\Carlton.Base.Components.Test.dll" adapterTypeName="executor://xunit/VsTestRunner2/netcoreapp" className="Carlton.Base.Components.Test.AccordionSelectGroupComponentTests" name="AccordionSelectGroup_SelectedItemParam_shouldRenderCorrectly" />
    </UnitTest>
    <UnitTest name="Header Click Once, CSS Selected Class Test(selectedIndex: 0)" storage="c:\users\nicho\source\repos\nickgalazzo\carlton.base\src\tests\carlton.base.components.test\bin\debug\net7.0\carlton.base.components.test.dll" id="9e655c7d-9475-0067-4c9a-5961a0e0aea6">
      <Execution id="e34e8177-8e1d-463e-ba24-22480064bf3f" />
      <TestMethod codeBase="C:\Users\nicho\source\repos\NickGalazzo\Carlton.Base\src\Tests\Carlton.Base.Components.Test\bin\Debug\net7.0\Carlton.Base.Components.Test.dll" adapterTypeName="executor://xunit/VsTestRunner2/netcoreapp" className="Carlton.Base.Components.Test.TableComponentTests" name="Table_HeaderItemOnClick_SelectedClass_RendersCorrectly" />
    </UnitTest>
    <UnitTest name="Header Click, CSS Selected Class Test(selectedIndex: 2)" storage="c:\users\nicho\source\repos\nickgalazzo\carlton.base\src\tests\carlton.base.components.test\bin\debug\net7.0\carlton.base.components.test.dll" id="228c60cf-8687-f056-2056-b4e1f563875c">
      <Execution id="82b0db20-93fb-4f33-bcdd-ae5c8e606113" />
      <TestMethod codeBase="C:\Users\nicho\source\repos\NickGalazzo\Carlton.Base\src\Tests\Carlton.Base.Components.Test\bin\Debug\net7.0\Carlton.Base.Components.Test.dll" adapterTypeName="executor://xunit/VsTestRunner2/netcoreapp" className="Carlton.Base.Components.Test.TableHeaderComponentTests" name="TableHeader_OnClick_SelectedClass_RendersCorrectly" />
    </UnitTest>
    <UnitTest name="Selected Active Tab, CSS Active Class Test(activeTabIndex: 0, expectedText: &quot;&lt;span&gt;This is the first tab&lt;/span&gt;&quot;)" storage="c:\users\nicho\source\repos\nickgalazzo\carlton.base\src\tests\carlton.base.components.test\bin\debug\net7.0\carlton.base.components.test.dll" id="7cfa6867-ebb1-e0dd-508a-8497d7fa54a0">
      <Execution id="70cecad2-8e8f-449a-ad67-4dbcb08dac28" />
      <TestMethod codeBase="C:\Users\nicho\source\repos\NickGalazzo\Carlton.Base\src\Tests\Carlton.Base.Components.Test\bin\Debug\net7.0\Carlton.Base.Components.Test.dll" adapterTypeName="executor://xunit/VsTestRunner2/netcoreapp" className="Carlton.Base.Components.Test.MobileTabBarComponentTests" name="MobileTabBar_ActiveTab_RendersCorrectly" />
    </UnitTest>
    <UnitTest name="SelectedItemChanged Callback Parameter Test(itemIndex: 0, expectedValue: 1)" storage="c:\users\nicho\source\repos\nickgalazzo\carlton.base\src\tests\carlton.base.components.test\bin\debug\net7.0\carlton.base.components.test.dll" id="aac20a49-8396-283f-b646-be5402a974aa">
      <Execution id="ff98b711-f801-45e6-b9a5-560bae71a4a7" />
      <TestMethod codeBase="C:\Users\nicho\source\repos\NickGalazzo\Carlton.Base\src\Tests\Carlton.Base.Components.Test\bin\Debug\net7.0\Carlton.Base.Components.Test.dll" adapterTypeName="executor://xunit/VsTestRunner2/netcoreapp" className="Carlton.Base.Components.Test.AccordionSelectComponentTests" name="AccordionSelect_SelectedItemChangedParam_FiresCallback" />
    </UnitTest>
    <UnitTest name="FadeOutEnabled Parameter Test(fadeOutEnabled: False, notificationClass: &quot;info-btn&quot;)" storage="c:\users\nicho\source\repos\nickgalazzo\carlton.base\src\tests\carlton.base.components.test\bin\debug\net7.0\carlton.base.components.test.dll" id="4dface37-f7d5-e179-cda3-11b6fc0ed259">
      <Execution id="9a947d06-92d4-4d47-afd1-a5694c679bc6" />
      <TestMethod codeBase="C:\Users\nicho\source\repos\NickGalazzo\Carlton.Base\src\Tests\Carlton.Base.Components.Test\bin\Debug\net7.0\Carlton.Base.Components.Test.dll" adapterTypeName="executor://xunit/VsTestRunner2/netcoreapp" className="Carlton.Base.Components.Test.NotificationBarComponentTests" name="NotificationBar_FadeOutEnabledParam_RendersCorrectly" />
    </UnitTest>
    <UnitTest name="Selected Active Tab, CSS Active Class Test(activeTabIndex: 2, expectedText: &quot;&lt;span&gt;This is the third tab&lt;/span&gt;&quot;)" storage="c:\users\nicho\source\repos\nickgalazzo\carlton.base\src\tests\carlton.base.components.test\bin\debug\net7.0\carlton.base.components.test.dll" id="171104a2-6a51-5fc9-7ed0-45112a1bc210">
      <Execution id="f64e145d-a899-408a-b2f0-17b303e2a911" />
      <TestMethod codeBase="C:\Users\nicho\source\repos\NickGalazzo\Carlton.Base\src\Tests\Carlton.Base.Components.Test\bin\Debug\net7.0\Carlton.Base.Components.Test.dll" adapterTypeName="executor://xunit/VsTestRunner2/netcoreapp" className="Carlton.Base.Components.Test.MobileTabBarComponentTests" name="MobileTabBar_ActiveTab_RendersCorrectly" />
    </UnitTest>
    <UnitTest name="HeaderContentChild Parameter Test(expectedHeaderContent: &quot;&lt;span&gt;Event More Header Testing Content&lt;/span&gt;&quot;)" storage="c:\users\nicho\source\repos\nickgalazzo\carlton.base\src\tests\carlton.base.components.test\bin\debug\net7.0\carlton.base.components.test.dll" id="a49a766e-c0a2-a4b7-2f15-d1dcccd58d2a">
      <Execution id="b53d7bcf-45c2-4e00-b60f-554a85516a99" />
      <TestMethod codeBase="C:\Users\nicho\source\repos\NickGalazzo\Carlton.Base\src\Tests\Carlton.Base.Components.Test\bin\Debug\net7.0\Carlton.Base.Components.Test.dll" adapterTypeName="executor://xunit/VsTestRunner2/netcoreapp" className="Carlton.Base.Components.Test.ListCardComponentTests" name="ListCard_HeaderContentChildParam_RendersCorrectly" />
    </UnitTest>
    <UnitTest name="Items Parameter Test" storage="c:\users\nicho\source\repos\nickgalazzo\carlton.base\src\tests\carlton.base.components.test\bin\debug\net7.0\carlton.base.components.test.dll" id="18569e55-01d3-2cbe-9a47-b7a6b6af48bd">
      <Execution id="b8852c4e-3b11-4416-8113-5f8bf80a58ec" />
      <TestMethod codeBase="C:\Users\nicho\source\repos\NickGalazzo\Carlton.Base\src\Tests\Carlton.Base.Components.Test\bin\Debug\net7.0\Carlton.Base.Components.Test.dll" adapterTypeName="executor://xunit/VsTestRunner2/netcoreapp" className="Carlton.Base.Components.Test.ListCardComponentTests" name="ListCard_ItemsParam_RendersCorrectly" />
    </UnitTest>
    <UnitTest name="Item Click Test(selectedIndex: 0, expectedValue: 1)" storage="c:\users\nicho\source\repos\nickgalazzo\carlton.base\src\tests\carlton.base.components.test\bin\debug\net7.0\carlton.base.components.test.dll" id="bbe27599-2aa3-47df-83f1-62c6f6c60de1">
      <Execution id="5d1736c7-4073-4427-b32b-6502cabea870" />
      <TestMethod codeBase="C:\Users\nicho\source\repos\NickGalazzo\Carlton.Base\src\Tests\Carlton.Base.Components.Test\bin\Debug\net7.0\Carlton.Base.Components.Test.dll" adapterTypeName="executor://xunit/VsTestRunner2/netcoreapp" className="Carlton.Base.Components.Test.AccordionSelectComponentTests" name="AccordionSelect_ItemClick_RendersCorrectly" />
    </UnitTest>
    <UnitTest name="Header Click Once, CSS Selected Class Test(selectedIndex: 2)" storage="c:\users\nicho\source\repos\nickgalazzo\carlton.base\src\tests\carlton.base.components.test\bin\debug\net7.0\carlton.base.components.test.dll" id="2a24a99d-6f4a-eaa0-d642-ad299b4610a3">
      <Execution id="bd51c25e-5322-49d9-9293-e820b6e61196" />
      <TestMethod codeBase="C:\Users\nicho\source\repos\NickGalazzo\Carlton.Base\src\Tests\Carlton.Base.Components.Test\bin\Debug\net7.0\Carlton.Base.Components.Test.dll" adapterTypeName="executor://xunit/VsTestRunner2/netcoreapp" className="Carlton.Base.Components.Test.TableComponentTests" name="Table_HeaderItemOnClick_SelectedClass_RendersCorrectly" />
    </UnitTest>
    <UnitTest name="SelectedValue Parameter Test(selectedIndex: 0, selectedValue: 1)" storage="c:\users\nicho\source\repos\nickgalazzo\carlton.base\src\tests\carlton.base.components.test\bin\debug\net7.0\carlton.base.components.test.dll" id="27c9336c-a4d2-4e4d-c59e-e21a07c10051">
      <Execution id="fad0db10-4652-4d46-b4a2-21b860c32b81" />
      <TestMethod codeBase="C:\Users\nicho\source\repos\NickGalazzo\Carlton.Base\src\Tests\Carlton.Base.Components.Test\bin\Debug\net7.0\Carlton.Base.Components.Test.dll" adapterTypeName="executor://xunit/VsTestRunner2/netcoreapp" className="Carlton.Base.Components.Test.AccordionSelectComponentTests" name="AccordionSelect_SelectedValueParam_RendersCorrectly" />
    </UnitTest>
    <UnitTest name="OrderColumn and OrderDirection Parameter Test(columnName: &quot;CreatedDate&quot;, columnIndex: 2, orderAscending: True)" storage="c:\users\nicho\source\repos\nickgalazzo\carlton.base\src\tests\carlton.base.components.test\bin\debug\net7.0\carlton.base.components.test.dll" id="7f9ad7c1-2677-a538-72d9-c606ba0c8487">
      <Execution id="f369caa3-6f7e-479d-8c5c-65033219d21f" />
      <TestMethod codeBase="C:\Users\nicho\source\repos\NickGalazzo\Carlton.Base\src\Tests\Carlton.Base.Components.Test\bin\Debug\net7.0\Carlton.Base.Components.Test.dll" adapterTypeName="executor://xunit/VsTestRunner2/netcoreapp" className="Carlton.Base.Components.Test.TableHeaderComponentTests" name="TableHeader_OrderColumnParam_And_OrderDirectionParam_RendersCorrectly" />
    </UnitTest>
    <UnitTest name="Seperator Parameter Test(expectedSeparator: &quot;|&quot;)" storage="c:\users\nicho\source\repos\nickgalazzo\carlton.base\src\tests\carlton.base.components.test\bin\debug\net7.0\carlton.base.components.test.dll" id="5edad639-7772-08f8-4106-625d4c43a8b3">
      <Execution id="15602e5a-157e-4401-bb14-e38eb0e8a4d2" />
      <TestMethod codeBase="C:\Users\nicho\source\repos\NickGalazzo\Carlton.Base\src\Tests\Carlton.Base.Components.Test\bin\Debug\net7.0\Carlton.Base.Components.Test.dll" adapterTypeName="executor://xunit/VsTestRunner2/netcoreapp" className="Carlton.Base.Components.Test.BreadCrumbsComponentTests" name="BreadCrumbs_SeparatorParam_RendersCorrectly" />
    </UnitTest>
    <UnitTest name="OnChangeCallback Parameter Test(expectedText: &quot;new text&quot;)" storage="c:\users\nicho\source\repos\nickgalazzo\carlton.base\src\tests\carlton.base.components.test\bin\debug\net7.0\carlton.base.components.test.dll" id="9af5ba7b-1b74-a10f-e959-9d59535dc4af">
      <Execution id="0ec05ed7-2639-4ac8-858b-426fd182d72f" />
      <TestMethod codeBase="C:\Users\nicho\source\repos\NickGalazzo\Carlton.Base\src\Tests\Carlton.Base.Components.Test\bin\Debug\net7.0\Carlton.Base.Components.Test.dll" adapterTypeName="executor://xunit/VsTestRunner2/netcoreapp" className="Carlton.Base.Components.Test.ConsoleComponentTests" name="Console_OnChangeCallbackParam_FiresCallback" />
    </UnitTest>
    <UnitTest name="HeaderTemplate Parameter Test(headerTemplate: &quot;&lt;span&gt;Testing Header&lt;/span&gt;&quot;)" storage="c:\users\nicho\source\repos\nickgalazzo\carlton.base\src\tests\carlton.base.components.test\bin\debug\net7.0\carlton.base.components.test.dll" id="36dc42a7-cee0-b1cc-d552-729ae37edab5">
      <Execution id="fe472e38-4a1f-4799-af68-3f5fbe69e233" />
      <TestMethod codeBase="C:\Users\nicho\source\repos\NickGalazzo\Carlton.Base\src\Tests\Carlton.Base.Components.Test\bin\Debug\net7.0\Carlton.Base.Components.Test.dll" adapterTypeName="executor://xunit/VsTestRunner2/netcoreapp" className="Carlton.Base.Components.Test.DropDownMenuComponentTests" name="DropDownMenuElement_HeaderTemplateParam_RendersCorrectly" />
    </UnitTest>
    <UnitTest name="MessageTemplate Parameter Test(messageTemplate: &quot;Event Items Tracked by this component&quot;)" storage="c:\users\nicho\source\repos\nickgalazzo\carlton.base\src\tests\carlton.base.components.test\bin\debug\net7.0\carlton.base.components.test.dll" id="226d3be9-5998-016f-4009-3b396d1b4e9d">
      <Execution id="ec7f7376-dea6-4866-b228-52dfdb4389cc" />
      <TestMethod codeBase="C:\Users\nicho\source\repos\NickGalazzo\Carlton.Base\src\Tests\Carlton.Base.Components.Test\bin\Debug\net7.0\Carlton.Base.Components.Test.dll" adapterTypeName="executor://xunit/VsTestRunner2/netcoreapp" className="Carlton.Base.Components.Test.CountCardComponentTests" name="CountCard_MessageTemplateParam_RendersCorrectly" />
    </UnitTest>
    <UnitTest name="ReadOnly Parameter Test(isReadOnly: True)" storage="c:\users\nicho\source\repos\nickgalazzo\carlton.base\src\tests\carlton.base.components.test\bin\debug\net7.0\carlton.base.components.test.dll" id="ac3d64d6-59fc-428c-aae0-b62e3cf29162">
      <Execution id="e6827623-8c48-4f56-869f-77edd700a767" />
      <TestMethod codeBase="C:\Users\nicho\source\repos\NickGalazzo\Carlton.Base\src\Tests\Carlton.Base.Components.Test\bin\Debug\net7.0\Carlton.Base.Components.Test.dll" adapterTypeName="executor://xunit/VsTestRunner2/netcoreapp" className="Carlton.Base.Components.Test.ConsoleComponentTests" name="Console_ReadOnlyParam_RendersCorrectly" />
    </UnitTest>
    <UnitTest name="Header Click Once, CSS Descending Class Test(selectedIndex: 1)" storage="c:\users\nicho\source\repos\nickgalazzo\carlton.base\src\tests\carlton.base.components.test\bin\debug\net7.0\carlton.base.components.test.dll" id="6a9bea38-8fd5-7218-ba12-e6943c567071">
      <Execution id="db5fa78d-5f07-4fcd-b8aa-7f03b136729f" />
      <TestMethod codeBase="C:\Users\nicho\source\repos\NickGalazzo\Carlton.Base\src\Tests\Carlton.Base.Components.Test\bin\Debug\net7.0\Carlton.Base.Components.Test.dll" adapterTypeName="executor://xunit/VsTestRunner2/netcoreapp" className="Carlton.Base.Components.Test.TableComponentTests" name="Table_HeaderItemOnClick_DescendingClass_RendersCorrectly" />
    </UnitTest>
    <UnitTest name="Markup Test" storage="c:\users\nicho\source\repos\nickgalazzo\carlton.base\src\tests\carlton.base.components.test\bin\debug\net7.0\carlton.base.components.test.dll" id="f12aee75-fa53-4c05-9706-3be9762ccebf">
      <Execution id="e1da48e0-0524-4fed-8295-4997105990d9" />
      <TestMethod codeBase="C:\Users\nicho\source\repos\NickGalazzo\Carlton.Base\src\Tests\Carlton.Base.Components.Test\bin\Debug\net7.0\Carlton.Base.Components.Test.dll" adapterTypeName="executor://xunit/VsTestRunner2/netcoreapp" className="Carlton.Base.Components.Test.CheckboxComponentTests" name="Checkbox_Markup_RendersCorrectly" />
    </UnitTest>
    <UnitTest name="Markup Test" storage="c:\users\nicho\source\repos\nickgalazzo\carlton.base\src\tests\carlton.base.components.test\bin\debug\net7.0\carlton.base.components.test.dll" id="040ce82b-4387-06af-eec7-b1df3b7630c0">
      <Execution id="43b5a6ed-dfda-4f63-a64f-985b011c04d4" />
      <TestMethod codeBase="C:\Users\nicho\source\repos\NickGalazzo\Carlton.Base\src\Tests\Carlton.Base.Components.Test\bin\Debug\net7.0\Carlton.Base.Components.Test.dll" adapterTypeName="executor://xunit/VsTestRunner2/netcoreapp" className="Carlton.Base.Components.Test.ConsoleComponentTests" name="Console_Markup_RendersCorrectly" />
    </UnitTest>
    <UnitTest name="Markup Test" storage="c:\users\nicho\source\repos\nickgalazzo\carlton.base\src\tests\carlton.base.components.test\bin\debug\net7.0\carlton.base.components.test.dll" id="65cbf13a-03de-c808-9ecc-3063a87651fa">
      <Execution id="842cc1aa-2335-4cd1-b5fe-7123eb110aad" />
      <TestMethod codeBase="C:\Users\nicho\source\repos\NickGalazzo\Carlton.Base\src\Tests\Carlton.Base.Components.Test\bin\Debug\net7.0\Carlton.Base.Components.Test.dll" adapterTypeName="executor://xunit/VsTestRunner2/netcoreapp" className="Carlton.Base.Components.Test.TableComponentTests" name="Table_Markup_RendersCorrectly" />
    </UnitTest>
    <UnitTest name="Collapser Click Event Test(isCollapsed: False)" storage="c:\users\nicho\source\repos\nickgalazzo\carlton.base\src\tests\carlton.base.components.test\bin\debug\net7.0\carlton.base.components.test.dll" id="090a8dd5-7432-938f-38c8-3e25de645fe6">
      <Execution id="a82706c2-41b9-4b69-9c35-2d8eafaebcbc" />
      <TestMethod codeBase="C:\Users\nicho\source\repos\NickGalazzo\Carlton.Base\src\Tests\Carlton.Base.Components.Test\bin\Debug\net7.0\Carlton.Base.Components.Test.dll" adapterTypeName="executor://xunit/VsTestRunner2/netcoreapp" className="Carlton.Base.Components.Test.HamburgerCollapserComponentTests" name="HamburgerCollapser_ClickEvent_ShouldRenderCorrectly" />
    </UnitTest>
    <UnitTest name="PositionBottom Parameter Test(expectedPositionBottom: 500)" storage="c:\users\nicho\source\repos\nickgalazzo\carlton.base\src\tests\carlton.base.components.test\bin\debug\net7.0\carlton.base.components.test.dll" id="dd925c60-da53-25bf-1f76-c292f459c42a">
      <Execution id="771dba76-3d58-4749-ab39-70416c17d019" />
      <TestMethod codeBase="C:\Users\nicho\source\repos\NickGalazzo\Carlton.Base\src\Tests\Carlton.Base.Components.Test\bin\Debug\net7.0\Carlton.Base.Components.Test.dll" adapterTypeName="executor://xunit/VsTestRunner2/netcoreapp" className="Carlton.Base.Components.Test.SlideTabComponentTests" name="SlideTab_PositionBottomParam_RendersCorrectly" />
    </UnitTest>
    <UnitTest name="Style Parameter Test" storage="c:\users\nicho\source\repos\nickgalazzo\carlton.base\src\tests\carlton.base.components.test\bin\debug\net7.0\carlton.base.components.test.dll" id="c4fb013e-c3fa-3f7e-a20f-093fae04a3ce">
      <Execution id="2c92531f-1c2b-46dc-9e02-300688e97bd0" />
      <TestMethod codeBase="C:\Users\nicho\source\repos\NickGalazzo\Carlton.Base\src\Tests\Carlton.Base.Components.Test\bin\Debug\net7.0\Carlton.Base.Components.Test.dll" adapterTypeName="executor://xunit/VsTestRunner2/netcoreapp" className="Carlton.Base.Components.Test.DropDownMenuComponentTests" name="DropDownMenuElement_StyleParam_RendersCorrectly" />
    </UnitTest>
    <UnitTest name="ItemsChangedCallback Parameter Test(currentPage: 1, optIndex: 2, expectedSkip: 0, expectedTake: 15)" storage="c:\users\nicho\source\repos\nickgalazzo\carlton.base\src\tests\carlton.base.components.test\bin\debug\net7.0\carlton.base.components.test.dll" id="1972b45b-ed98-2287-19fe-826d48d6295b">
      <Execution id="2904cc62-dbd9-4ee7-bcd0-dfc99a25dca7" />
      <TestMethod codeBase="C:\Users\nicho\source\repos\NickGalazzo\Carlton.Base\src\Tests\Carlton.Base.Components.Test\bin\Debug\net7.0\Carlton.Base.Components.Test.dll" adapterTypeName="executor://xunit/VsTestRunner2/netcoreapp" className="Carlton.Base.Components.Test.TableComponentTests" name="Table_ItemsChangedCallback_FiresEvent" />
    </UnitTest>
    <UnitTest name="MenuItems Parameter Test" storage="c:\users\nicho\source\repos\nickgalazzo\carlton.base\src\tests\carlton.base.components.test\bin\debug\net7.0\carlton.base.components.test.dll" id="e0cddd5e-2a45-1288-289d-9ff1fd5e0351">
      <Execution id="e44c1ee4-81cc-4529-a57b-06d1bbbf2c88" />
      <TestMethod codeBase="C:\Users\nicho\source\repos\NickGalazzo\Carlton.Base\src\Tests\Carlton.Base.Components.Test\bin\Debug\net7.0\Carlton.Base.Components.Test.dll" adapterTypeName="executor://xunit/VsTestRunner2/netcoreapp" className="Carlton.Base.Components.Test.DropDownMenuComponentTests" name="DropDownMenuElement_MenuItemsParams_RendersCorrectly" />
    </UnitTest>
    <UnitTest name="Item Count, Right Chevron Enabled Test(itemCount: 10)" storage="c:\users\nicho\source\repos\nickgalazzo\carlton.base\src\tests\carlton.base.components.test\bin\debug\net7.0\carlton.base.components.test.dll" id="aec7847b-f2dd-7f82-7106-a9f877eba7a8">
      <Execution id="a2749cd9-8440-44c7-a5be-c650199a82f0" />
      <TestMethod codeBase="C:\Users\nicho\source\repos\NickGalazzo\Carlton.Base\src\Tests\Carlton.Base.Components.Test\bin\Debug\net7.0\Carlton.Base.Components.Test.dll" adapterTypeName="executor://xunit/VsTestRunner2/netcoreapp" className="Carlton.Base.Components.Test.TablePaginationRowComponentTests" name="TablePaginationRow_ItemCountGreaterThanItemsPerPage_RightChevronsEnabled_RendersCorrectly" />
    </UnitTest>
    <UnitTest name="ChildIcon Parameter Test(icon: &quot;Icon-Done-Testing&quot;)" storage="c:\users\nicho\source\repos\nickgalazzo\carlton.base\src\tests\carlton.base.components.test\bin\debug\net7.0\carlton.base.components.test.dll" id="a2886431-9c55-db6f-26b5-a842c5946b9e">
      <Execution id="72301e10-8cde-407e-9720-5dcf4d7c13f5" />
      <TestMethod codeBase="C:\Users\nicho\source\repos\NickGalazzo\Carlton.Base\src\Tests\Carlton.Base.Components.Test\bin\Debug\net7.0\Carlton.Base.Components.Test.dll" adapterTypeName="executor://xunit/VsTestRunner2/netcoreapp" className="Carlton.Base.Components.Test.MobileTabBarComponentTests" name="MobileTabBar_ChildIconParam_RendersCorrectly" />
    </UnitTest>
    <UnitTest name="ShowDisplayText Paramter Test(showDisplayText: True)" storage="c:\users\nicho\source\repos\nickgalazzo\carlton.base\src\tests\carlton.base.components.test\bin\debug\net7.0\carlton.base.components.test.dll" id="a5f37b94-3456-a27f-6809-5d7bb156948a">
      <Execution id="d933d742-a689-44bd-9586-73731883851a" />
      <TestMethod codeBase="C:\Users\nicho\source\repos\NickGalazzo\Carlton.Base\src\Tests\Carlton.Base.Components.Test\bin\Debug\net7.0\Carlton.Base.Components.Test.dll" adapterTypeName="executor://xunit/VsTestRunner2/netcoreapp" className="Carlton.Base.Components.Test.MobileTabBarComponentTests" name="MobileTabBar_ShowDisplayTextParam_RendersCorrectly" />
    </UnitTest>
    <UnitTest name="Item Count, Right Chevron Enabled Test(itemCount: 50)" storage="c:\users\nicho\source\repos\nickgalazzo\carlton.base\src\tests\carlton.base.components.test\bin\debug\net7.0\carlton.base.components.test.dll" id="d2c9aff5-47d5-b79a-c0eb-4e831caf7a21">
      <Execution id="277a4008-5798-46b8-baf9-007ca50f3780" />
      <TestMethod codeBase="C:\Users\nicho\source\repos\NickGalazzo\Carlton.Base\src\Tests\Carlton.Base.Components.Test\bin\Debug\net7.0\Carlton.Base.Components.Test.dll" adapterTypeName="executor://xunit/VsTestRunner2/netcoreapp" className="Carlton.Base.Components.Test.TablePaginationRowComponentTests" name="TablePaginationRow_ItemCountGreaterThanItemsPerPage_RightChevronsEnabled_RendersCorrectly" />
    </UnitTest>
    <UnitTest name="Notification Bar Multiple Click Test" storage="c:\users\nicho\source\repos\nickgalazzo\carlton.base\src\tests\carlton.base.components.test\bin\debug\net7.0\carlton.base.components.test.dll" id="5c88af88-27e1-5531-551d-d096b081bbbb">
      <Execution id="5419e218-89da-4e31-a9c5-8c78d778d8d4" />
      <TestMethod codeBase="C:\Users\nicho\source\repos\NickGalazzo\Carlton.Base\src\Tests\Carlton.Base.Components.Test\bin\Debug\net7.0\Carlton.Base.Components.Test.dll" adapterTypeName="executor://xunit/VsTestRunner2/netcoreapp" className="Carlton.Base.Components.Test.NotificationBarComponentTests" name="NotificationBar_ClickEventRepeatedly_RendersCorrectly" />
    </UnitTest>
    <UnitTest name="Carlton.Base.Components.Test.DesktopTabBarComponentTests.DesktopTabBar_WithOneTab_RendersCorrectly" storage="c:\users\nicho\source\repos\nickgalazzo\carlton.base\src\tests\carlton.base.components.test\bin\debug\net7.0\carlton.base.components.test.dll" id="5145f4af-fec7-c72d-871d-4e76b076e06c">
      <Execution id="f2d6f93b-14f2-496c-b56d-19e59044e380" />
      <TestMethod codeBase="C:\Users\nicho\source\repos\NickGalazzo\Carlton.Base\src\Tests\Carlton.Base.Components.Test\bin\Debug\net7.0\Carlton.Base.Components.Test.dll" adapterTypeName="executor://xunit/VsTestRunner2/netcoreapp" className="Carlton.Base.Components.Test.DesktopTabBarComponentTests" name="DesktopTabBar_WithOneTab_RendersCorrectly" />
    </UnitTest>
    <UnitTest name="Invalid OrderColumn Parameter Test(columnName: &quot;Also Wrong&quot;)" storage="c:\users\nicho\source\repos\nickgalazzo\carlton.base\src\tests\carlton.base.components.test\bin\debug\net7.0\carlton.base.components.test.dll" id="11467e6d-1446-1c33-4c35-953b21f647c3">
      <Execution id="de9a9f6f-0a96-45d8-8201-366722acf834" />
      <TestMethod codeBase="C:\Users\nicho\source\repos\NickGalazzo\Carlton.Base\src\Tests\Carlton.Base.Components.Test\bin\Debug\net7.0\Carlton.Base.Components.Test.dll" adapterTypeName="executor://xunit/VsTestRunner2/netcoreapp" className="Carlton.Base.Components.Test.TableHeaderComponentTests" name="TableHeader_InvalidOrderColumnParam_RendersCorrectly" />
    </UnitTest>
    <UnitTest name="Markup Test" storage="c:\users\nicho\source\repos\nickgalazzo\carlton.base\src\tests\carlton.base.components.test\bin\debug\net7.0\carlton.base.components.test.dll" id="65837e06-a6c7-53d1-fc95-f36b7233b4f8">
      <Execution id="30e294c1-b0a3-4c21-b90e-3239212f04f7" />
      <TestMethod codeBase="C:\Users\nicho\source\repos\NickGalazzo\Carlton.Base\src\Tests\Carlton.Base.Components.Test\bin\Debug\net7.0\Carlton.Base.Components.Test.dll" adapterTypeName="executor://xunit/VsTestRunner2/netcoreapp" className="Carlton.Base.Components.Test.TablePaginationRowComponentTests" name="TablePaginationRow_Markup_RendersCorrectly" />
    </UnitTest>
    <UnitTest name="ItemsChangedCallback Parameter Test(currentPage: 3, optIndex: 1, expectedSkip: 10, expectedTake: 5)" storage="c:\users\nicho\source\repos\nickgalazzo\carlton.base\src\tests\carlton.base.components.test\bin\debug\net7.0\carlton.base.components.test.dll" id="7017f552-29c1-e84c-7d16-ba9bc8601904">
      <Execution id="61241ddc-dbec-4a43-8b4c-d7fd7261c564" />
      <TestMethod codeBase="C:\Users\nicho\source\repos\NickGalazzo\Carlton.Base\src\Tests\Carlton.Base.Components.Test\bin\Debug\net7.0\Carlton.Base.Components.Test.dll" adapterTypeName="executor://xunit/VsTestRunner2/netcoreapp" className="Carlton.Base.Components.Test.TableComponentTests" name="Table_ItemsChangedCallback_FiresEvent" />
    </UnitTest>
    <UnitTest name="ValueChangedCallback Parameter Test(index: 2)" storage="c:\users\nicho\source\repos\nickgalazzo\carlton.base\src\tests\carlton.base.components.test\bin\debug\net7.0\carlton.base.components.test.dll" id="0e19d662-3eda-75d2-8b4e-f3c96f6d0a88">
      <Execution id="34d9de7e-d7d4-4a02-9612-7d21f70a350d" />
      <TestMethod codeBase="C:\Users\nicho\source\repos\NickGalazzo\Carlton.Base\src\Tests\Carlton.Base.Components.Test\bin\Debug\net7.0\Carlton.Base.Components.Test.dll" adapterTypeName="executor://xunit/VsTestRunner2/netcoreapp" className="Carlton.Base.Components.Test.SelectComponentTests" name="Select_ValueChangedCallbackParam_FiresCallback" />
    </UnitTest>
    <UnitTest name="ItemsChangedCallback Parameter Test(currentPage: 3, optIndex: 0, expectedSkip: 10, expectedTake: 5)" storage="c:\users\nicho\source\repos\nickgalazzo\carlton.base\src\tests\carlton.base.components.test\bin\debug\net7.0\carlton.base.components.test.dll" id="a090a5e2-b798-b442-05e1-15c76df7de32">
      <Execution id="50ffb469-343c-415d-9bf0-77658cace034" />
      <TestMethod codeBase="C:\Users\nicho\source\repos\NickGalazzo\Carlton.Base\src\Tests\Carlton.Base.Components.Test\bin\Debug\net7.0\Carlton.Base.Components.Test.dll" adapterTypeName="executor://xunit/VsTestRunner2/netcoreapp" className="Carlton.Base.Components.Test.TableComponentTests" name="Table_ItemsChangedCallback_FiresEvent" />
    </UnitTest>
    <UnitTest name="HeaderTemplate Parameter Test(headerTemplate: &quot;&lt;span&gt;Event Testing Header&lt;/span&gt;&quot;)" storage="c:\users\nicho\source\repos\nickgalazzo\carlton.base\src\tests\carlton.base.components.test\bin\debug\net7.0\carlton.base.components.test.dll" id="cb827e29-70c8-5330-47ce-9981d0ba2876">
      <Execution id="0ff04541-4953-43b8-9b08-bce722118a80" />
      <TestMethod codeBase="C:\Users\nicho\source\repos\NickGalazzo\Carlton.Base\src\Tests\Carlton.Base.Components.Test\bin\Debug\net7.0\Carlton.Base.Components.Test.dll" adapterTypeName="executor://xunit/VsTestRunner2/netcoreapp" className="Carlton.Base.Components.Test.DropDownMenuComponentTests" name="DropDownMenuElement_HeaderTemplateParam_RendersCorrectly" />
    </UnitTest>
    <UnitTest name="Title Parameter Test(expectedTitle: &quot;Test Title&quot;)" storage="c:\users\nicho\source\repos\nickgalazzo\carlton.base\src\tests\carlton.base.components.test\bin\debug\net7.0\carlton.base.components.test.dll" id="6fd5bb32-f1e4-ed32-b396-0c120007ecc3">
      <Execution id="bdfe3dd3-f731-453e-9463-b8208b39f764" />
      <TestMethod codeBase="C:\Users\nicho\source\repos\NickGalazzo\Carlton.Base\src\Tests\Carlton.Base.Components.Test\bin\Debug\net7.0\Carlton.Base.Components.Test.dll" adapterTypeName="executor://xunit/VsTestRunner2/netcoreapp" className="Carlton.Base.Components.Test.BreadCrumbsComponentTests" name="BreadCrumbs_TitleParam_RendersCorrectly" />
    </UnitTest>
    <UnitTest name="IsExpanded Parameter Test(expectedIsExpanded: True)" storage="c:\users\nicho\source\repos\nickgalazzo\carlton.base\src\tests\carlton.base.components.test\bin\debug\net7.0\carlton.base.components.test.dll" id="3e551b4b-b7c6-e1c4-c73d-ec6688824e8f">
      <Execution id="d73fa23c-010a-4e0b-9655-126ec7e05707" />
      <TestMethod codeBase="C:\Users\nicho\source\repos\NickGalazzo\Carlton.Base\src\Tests\Carlton.Base.Components.Test\bin\Debug\net7.0\Carlton.Base.Components.Test.dll" adapterTypeName="executor://xunit/VsTestRunner2/netcoreapp" className="Carlton.Base.Components.Test.SlideTabComponentTests" name="SlideTab_IsExpandedParam_RendersCorrectly" />
    </UnitTest>
    <UnitTest name="MenuItemValue Parameter Test(value: 10)" storage="c:\users\nicho\source\repos\nickgalazzo\carlton.base\src\tests\carlton.base.components.test\bin\debug\net7.0\carlton.base.components.test.dll" id="9ead1186-c628-8ae9-fc32-0c702d45e94a">
      <Execution id="b0f0b387-bd47-4eaf-b753-8c244dbe08c4" />
      <TestMethod codeBase="C:\Users\nicho\source\repos\NickGalazzo\Carlton.Base\src\Tests\Carlton.Base.Components.Test\bin\Debug\net7.0\Carlton.Base.Components.Test.dll" adapterTypeName="executor://xunit/VsTestRunner2/netcoreapp" className="Carlton.Base.Components.Test.DropDownMenuElementComponentTests" name="DropDownMenuElement_MenuItemValueParam_RendersCorrectly" />
    </UnitTest>
    <UnitTest name="SelectedItemChanged Callback Parameter Test(itemIndex: 2, expectedValue: 3)" storage="c:\users\nicho\source\repos\nickgalazzo\carlton.base\src\tests\carlton.base.components.test\bin\debug\net7.0\carlton.base.components.test.dll" id="85b3cc95-910c-ccf8-fa6c-207ac76f89b7">
      <Execution id="c34de6bc-de41-42bd-abe2-c930994b52c1" />
      <TestMethod codeBase="C:\Users\nicho\source\repos\NickGalazzo\Carlton.Base\src\Tests\Carlton.Base.Components.Test\bin\Debug\net7.0\Carlton.Base.Components.Test.dll" adapterTypeName="executor://xunit/VsTestRunner2/netcoreapp" className="Carlton.Base.Components.Test.AccordionSelectComponentTests" name="AccordionSelect_SelectedItemChangedParam_FiresCallback" />
    </UnitTest>
    <UnitTest name="Header Click, CSS Descending Class Test(selectedIndex: 0)" storage="c:\users\nicho\source\repos\nickgalazzo\carlton.base\src\tests\carlton.base.components.test\bin\debug\net7.0\carlton.base.components.test.dll" id="96dcda85-2436-d344-d080-d012760267de">
      <Execution id="67e458da-462d-425b-8b44-ad13224b2951" />
      <TestMethod codeBase="C:\Users\nicho\source\repos\NickGalazzo\Carlton.Base\src\Tests\Carlton.Base.Components.Test\bin\Debug\net7.0\Carlton.Base.Components.Test.dll" adapterTypeName="executor://xunit/VsTestRunner2/netcoreapp" className="Carlton.Base.Components.Test.TableHeaderComponentTests" name="TableHeader_OnClick_DescendingClass_RendersCorrectly" />
    </UnitTest>
    <UnitTest name="Dispose Component Test" storage="c:\users\nicho\source\repos\nickgalazzo\carlton.base\src\tests\carlton.base.components.test\bin\debug\net7.0\carlton.base.components.test.dll" id="ff7c89f4-a1a2-0935-fb2c-5d4a46474c55">
      <Execution id="727f58df-96e2-421b-a2fd-bfddff427f4d" />
      <TestMethod codeBase="C:\Users\nicho\source\repos\NickGalazzo\Carlton.Base\src\Tests\Carlton.Base.Components.Test\bin\Debug\net7.0\Carlton.Base.Components.Test.dll" adapterTypeName="executor://xunit/VsTestRunner2/netcoreapp" className="Carlton.Base.Components.Test.BaseNotificationComponentTests" name="BaseNotification_DisposeComponent_ShouldSucceed" />
    </UnitTest>
    <UnitTest name="SelectedValue Parameter, Not Provided Test" storage="c:\users\nicho\source\repos\nickgalazzo\carlton.base\src\tests\carlton.base.components.test\bin\debug\net7.0\carlton.base.components.test.dll" id="07e3bbd6-7365-4e2d-bb09-fdfd715d2865">
      <Execution id="040d4839-329d-496c-8247-f5e1b68c064f" />
      <TestMethod codeBase="C:\Users\nicho\source\repos\NickGalazzo\Carlton.Base\src\Tests\Carlton.Base.Components.Test\bin\Debug\net7.0\Carlton.Base.Components.Test.dll" adapterTypeName="executor://xunit/VsTestRunner2/netcoreapp" className="Carlton.Base.Components.Test.AccordionSelectComponentTests" name="AccordionSelect_SelectedValueParamDoesNotExist_RendersCorrectly" />
    </UnitTest>
    <UnitTest name="Header Click Once, CSS Descending Class Test(selectedIndex: 2)" storage="c:\users\nicho\source\repos\nickgalazzo\carlton.base\src\tests\carlton.base.components.test\bin\debug\net7.0\carlton.base.components.test.dll" id="8164a338-b915-cb83-85f2-4104847fbb1a">
      <Execution id="08171b28-a4ae-4f6c-9bc3-e04701ede684" />
      <TestMethod codeBase="C:\Users\nicho\source\repos\NickGalazzo\Carlton.Base\src\Tests\Carlton.Base.Components.Test\bin\Debug\net7.0\Carlton.Base.Components.Test.dll" adapterTypeName="executor://xunit/VsTestRunner2/netcoreapp" className="Carlton.Base.Components.Test.TableComponentTests" name="Table_HeaderItemOnClick_DescendingClass_RendersCorrectly" />
    </UnitTest>
    <UnitTest name="MenuTemplate Parameter Test" storage="c:\users\nicho\source\repos\nickgalazzo\carlton.base\src\tests\carlton.base.components.test\bin\debug\net7.0\carlton.base.components.test.dll" id="cfcd9d72-0e99-fe1a-9d32-327efc2e96dc">
      <Execution id="5dac426e-3188-4cfe-bde3-5c5df6602374" />
      <TestMethod codeBase="C:\Users\nicho\source\repos\NickGalazzo\Carlton.Base\src\Tests\Carlton.Base.Components.Test\bin\Debug\net7.0\Carlton.Base.Components.Test.dll" adapterTypeName="executor://xunit/VsTestRunner2/netcoreapp" className="Carlton.Base.Components.Test.DropDownMenuComponentTests" name="DropDownMenuElement_MenuTemplateParam_RendersCorrectly" />
    </UnitTest>
    <UnitTest name="FadeOutEnabled Parameter True Test" storage="c:\users\nicho\source\repos\nickgalazzo\carlton.base\src\tests\carlton.base.components.test\bin\debug\net7.0\carlton.base.components.test.dll" id="c5354939-c673-43ca-14be-2bd609b6c1da">
      <Execution id="80777a1b-f78b-420d-a7a0-c051a172b33b" />
      <TestMethod codeBase="C:\Users\nicho\source\repos\NickGalazzo\Carlton.Base\src\Tests\Carlton.Base.Components.Test\bin\Debug\net7.0\Carlton.Base.Components.Test.dll" adapterTypeName="executor://xunit/VsTestRunner2/netcoreapp" className="Carlton.Base.Components.Test.NotificationBarComponentTests" name="NotificationBar_IsTestModeTrueParam_RendersCorrectly" />
    </UnitTest>
    <UnitTest name="Title Parameter Test(expectedTitle: &quot;Test Title 3&quot;)" storage="c:\users\nicho\source\repos\nickgalazzo\carlton.base\src\tests\carlton.base.components.test\bin\debug\net7.0\carlton.base.components.test.dll" id="14a241c6-a958-4260-ba4e-654c705d25f8">
      <Execution id="2b64f76f-c8e9-45c8-9a13-63181defcdcc" />
      <TestMethod codeBase="C:\Users\nicho\source\repos\NickGalazzo\Carlton.Base\src\Tests\Carlton.Base.Components.Test\bin\Debug\net7.0\Carlton.Base.Components.Test.dll" adapterTypeName="executor://xunit/VsTestRunner2/netcoreapp" className="Carlton.Base.Components.Test.CardComponentTests" name="Card_CardTitleParam_RendersCorrectly" />
    </UnitTest>
    <UnitTest name="Markup Test" storage="c:\users\nicho\source\repos\nickgalazzo\carlton.base\src\tests\carlton.base.components.test\bin\debug\net7.0\carlton.base.components.test.dll" id="e7a23f8f-f15f-1845-f70b-de2f133d8416">
      <Execution id="a5e972f4-a12d-490d-b9ae-f4557976cd13" />
      <TestMethod codeBase="C:\Users\nicho\source\repos\NickGalazzo\Carlton.Base\src\Tests\Carlton.Base.Components.Test\bin\Debug\net7.0\Carlton.Base.Components.Test.dll" adapterTypeName="executor://xunit/VsTestRunner2/netcoreapp" className="Carlton.Base.Components.Test.SelectComponentTests" name="Select_Markup_RendersCorrectly" />
    </UnitTest>
    <UnitTest name="IsCollapsed Parameter Test(isCollapsed: True)" storage="c:\users\nicho\source\repos\nickgalazzo\carlton.base\src\tests\carlton.base.components.test\bin\debug\net7.0\carlton.base.components.test.dll" id="d18b6434-c864-afc2-ce16-b7274bf9826f">
      <Execution id="f6f7b62e-fab3-43dd-a666-dff49ce96675" />
      <TestMethod codeBase="C:\Users\nicho\source\repos\NickGalazzo\Carlton.Base\src\Tests\Carlton.Base.Components.Test\bin\Debug\net7.0\Carlton.Base.Components.Test.dll" adapterTypeName="executor://xunit/VsTestRunner2/netcoreapp" className="Carlton.Base.Components.Test.LogoComponentTests" name="Logo_IsCollapsedParam_ShouldBeExpanded" />
    </UnitTest>
    <UnitTest name="ActionBarContentChild Parameter Test(expectedActionBarContent: &quot;ActionBar Testing Content 3&quot;)" storage="c:\users\nicho\source\repos\nickgalazzo\carlton.base\src\tests\carlton.base.components.test\bin\debug\net7.0\carlton.base.components.test.dll" id="3f3f7bde-292c-12e4-5ac8-b27eaef55d68">
      <Execution id="d27dd9ec-7def-46a0-89ed-9136ada612bb" />
      <TestMethod codeBase="C:\Users\nicho\source\repos\NickGalazzo\Carlton.Base\src\Tests\Carlton.Base.Components.Test\bin\Debug\net7.0\Carlton.Base.Components.Test.dll" adapterTypeName="executor://xunit/VsTestRunner2/netcoreapp" className="Carlton.Base.Components.Test.CardComponentTests" name="Card_ActionBarContentChildParam_RendersCorrectly" />
    </UnitTest>
    <UnitTest name="RowsPerPageOpts Parameter Render Test" storage="c:\users\nicho\source\repos\nickgalazzo\carlton.base\src\tests\carlton.base.components.test\bin\debug\net7.0\carlton.base.components.test.dll" id="55fb0a26-9c99-4be0-982c-ede52667b895">
      <Execution id="0af41feb-767f-4ac7-9bd7-2ee3331cc724" />
      <TestMethod codeBase="C:\Users\nicho\source\repos\NickGalazzo\Carlton.Base\src\Tests\Carlton.Base.Components.Test\bin\Debug\net7.0\Carlton.Base.Components.Test.dll" adapterTypeName="executor://xunit/VsTestRunner2/netcoreapp" className="Carlton.Base.Components.Test.TablePaginationRowComponentTests" name="TablePaginationRow_RowsPerPageOptsParam_RendersCorrectly" />
    </UnitTest>
    <UnitTest name="Markup Test" storage="c:\users\nicho\source\repos\nickgalazzo\carlton.base\src\tests\carlton.base.components.test\bin\debug\net7.0\carlton.base.components.test.dll" id="663d98db-4c1c-7d60-e8fc-b858868a8a67">
      <Execution id="d740dd73-c95f-4377-87e6-ba8a0e54eaa0" />
      <TestMethod codeBase="C:\Users\nicho\source\repos\NickGalazzo\Carlton.Base\src\Tests\Carlton.Base.Components.Test\bin\Debug\net7.0\Carlton.Base.Components.Test.dll" adapterTypeName="executor://xunit/VsTestRunner2/netcoreapp" className="Carlton.Base.Components.Test.LogoComponentTests" name="Logo_Markup_RendersCorrectly" />
    </UnitTest>
    <UnitTest name="Markup Test, With Items" storage="c:\users\nicho\source\repos\nickgalazzo\carlton.base\src\tests\carlton.base.components.test\bin\debug\net7.0\carlton.base.components.test.dll" id="6c84f820-8c77-3950-e7b5-4b415ef42446">
      <Execution id="0c55ee19-3672-40d4-949e-27ffa904dd31" />
      <TestMethod codeBase="C:\Users\nicho\source\repos\NickGalazzo\Carlton.Base\src\Tests\Carlton.Base.Components.Test\bin\Debug\net7.0\Carlton.Base.Components.Test.dll" adapterTypeName="executor://xunit/VsTestRunner2/netcoreapp" className="Carlton.Base.Components.Test.AccordionSelectComponentTests" name="AccordionSelect_MarkupWithItems_RendersCorrectly" />
    </UnitTest>
    <UnitTest name="PaginationLabel Parameter Test(currentPage: 3, currentRowsPerPage: 15, expectedText: &quot;1-15 of 15&quot;)" storage="c:\users\nicho\source\repos\nickgalazzo\carlton.base\src\tests\carlton.base.components.test\bin\debug\net7.0\carlton.base.components.test.dll" id="70fae74a-dc94-7381-efaa-28b4f51bb46e">
      <Execution id="4d2e4d48-192e-45e4-97db-a4e612fae2b9" />
      <TestMethod codeBase="C:\Users\nicho\source\repos\NickGalazzo\Carlton.Base\src\Tests\Carlton.Base.Components.Test\bin\Debug\net7.0\Carlton.Base.Components.Test.dll" adapterTypeName="executor://xunit/VsTestRunner2/netcoreapp" className="Carlton.Base.Components.Test.TablePaginationRowComponentTests" name="TablePaginationRow_PaginationLabel_RendersCorrectly" />
    </UnitTest>
    <UnitTest name="Markup Test" storage="c:\users\nicho\source\repos\nickgalazzo\carlton.base\src\tests\carlton.base.components.test\bin\debug\net7.0\carlton.base.components.test.dll" id="c8c8c482-3662-3a70-a2ff-e4dbea2300e5">
      <Execution id="50fee8c6-c1ed-46f3-a7b4-5f581d8751e0" />
      <TestMethod codeBase="C:\Users\nicho\source\repos\NickGalazzo\Carlton.Base\src\Tests\Carlton.Base.Components.Test\bin\Debug\net7.0\Carlton.Base.Components.Test.dll" adapterTypeName="executor://xunit/VsTestRunner2/netcoreapp" className="Carlton.Base.Components.Test.TableHeaderComponentTests" name="TableHeader_Markup_RendersCorrectly" />
    </UnitTest>
    <UnitTest name="ReadOnly Parameter Test(isReadOnly: False)" storage="c:\users\nicho\source\repos\nickgalazzo\carlton.base\src\tests\carlton.base.components.test\bin\debug\net7.0\carlton.base.components.test.dll" id="edcac07c-0187-8feb-c533-c6a6f3a28b60">
      <Execution id="34d2e535-434f-4794-b5a6-9829e0036d4e" />
      <TestMethod codeBase="C:\Users\nicho\source\repos\NickGalazzo\Carlton.Base\src\Tests\Carlton.Base.Components.Test\bin\Debug\net7.0\Carlton.Base.Components.Test.dll" adapterTypeName="executor://xunit/VsTestRunner2/netcoreapp" className="Carlton.Base.Components.Test.ConsoleComponentTests" name="Console_ReadOnlyParam_RendersCorrectly" />
    </UnitTest>
    <UnitTest name="ItemsChangedCallback Parameter Test(currentPage: 2, optIndex: 0, expectedSkip: 5, expectedTake: 5)" storage="c:\users\nicho\source\repos\nickgalazzo\carlton.base\src\tests\carlton.base.components.test\bin\debug\net7.0\carlton.base.components.test.dll" id="50865f7a-d1cf-32ac-c5cb-a183385e8eca">
      <Execution id="7a599694-ab11-4f3c-8da6-44ef4364c34f" />
      <TestMethod codeBase="C:\Users\nicho\source\repos\NickGalazzo\Carlton.Base\src\Tests\Carlton.Base.Components.Test\bin\Debug\net7.0\Carlton.Base.Components.Test.dll" adapterTypeName="executor://xunit/VsTestRunner2/netcoreapp" className="Carlton.Base.Components.Test.TableComponentTests" name="Table_ItemsChangedCallback_FiresEvent" />
    </UnitTest>
    <UnitTest name="PaginationLabel Parameter Test(currentPage: 3, currentRowsPerPage: 10, expectedText: &quot;11-15 of 15&quot;)" storage="c:\users\nicho\source\repos\nickgalazzo\carlton.base\src\tests\carlton.base.components.test\bin\debug\net7.0\carlton.base.components.test.dll" id="fd3b8fec-8933-ec00-bc37-6da5b1876e88">
      <Execution id="cb1bb922-32ca-43a1-ab25-1577b0ebeab3" />
      <TestMethod codeBase="C:\Users\nicho\source\repos\NickGalazzo\Carlton.Base\src\Tests\Carlton.Base.Components.Test\bin\Debug\net7.0\Carlton.Base.Components.Test.dll" adapterTypeName="executor://xunit/VsTestRunner2/netcoreapp" className="Carlton.Base.Components.Test.TablePaginationRowComponentTests" name="TablePaginationRow_PaginationLabel_RendersCorrectly" />
    </UnitTest>
    <UnitTest name="PrimaryContentChild Parameter Test(expectedPrimaryCardContent: &quot;&lt;span&gt;Primary Testing Content 2&lt;/span&gt;&quot;)" storage="c:\users\nicho\source\repos\nickgalazzo\carlton.base\src\tests\carlton.base.components.test\bin\debug\net7.0\carlton.base.components.test.dll" id="ed45e4eb-b6ad-88dd-d7a4-f45adb748cda">
      <Execution id="2b9a736a-ff4a-4f22-ae75-240687fdd593" />
      <TestMethod codeBase="C:\Users\nicho\source\repos\NickGalazzo\Carlton.Base\src\Tests\Carlton.Base.Components.Test\bin\Debug\net7.0\Carlton.Base.Components.Test.dll" adapterTypeName="executor://xunit/VsTestRunner2/netcoreapp" className="Carlton.Base.Components.Test.CardComponentTests" name="Card_PrimaryContentChildParam_RendersCorrectly" />
    </UnitTest>
    <UnitTest name="Group Click Event Test(groupIndex: 1, itemIndex: 2, expectedValue: 3)" storage="c:\users\nicho\source\repos\nickgalazzo\carlton.base\src\tests\carlton.base.components.test\bin\debug\net7.0\carlton.base.components.test.dll" id="b32e12fa-2bf4-acc1-061b-74ff1b512708">
      <Execution id="ece062ba-b93c-46d9-9257-7003bbe1c334" />
      <TestMethod codeBase="C:\Users\nicho\source\repos\NickGalazzo\Carlton.Base\src\Tests\Carlton.Base.Components.Test\bin\Debug\net7.0\Carlton.Base.Components.Test.dll" adapterTypeName="executor://xunit/VsTestRunner2/netcoreapp" className="Carlton.Base.Components.Test.AccordionSelectGroupComponentTests" name="AccordionSelectGroup_ClickEvent_RendersCorrectly" />
    </UnitTest>
    <UnitTest name="Seperator Parameter Test(expectedSeparator: &quot;&gt;&quot;)" storage="c:\users\nicho\source\repos\nickgalazzo\carlton.base\src\tests\carlton.base.components.test\bin\debug\net7.0\carlton.base.components.test.dll" id="d5ebd779-0db5-d487-ac59-a2968e29cda7">
      <Execution id="a3bb94bc-caf9-4a2f-ad8e-f7e62654ce53" />
      <TestMethod codeBase="C:\Users\nicho\source\repos\NickGalazzo\Carlton.Base\src\Tests\Carlton.Base.Components.Test\bin\Debug\net7.0\Carlton.Base.Components.Test.dll" adapterTypeName="executor://xunit/VsTestRunner2/netcoreapp" className="Carlton.Base.Components.Test.BreadCrumbsComponentTests" name="BreadCrumbs_SeparatorParam_RendersCorrectly" />
    </UnitTest>
    <UnitTest name="Header Click Twice Test" storage="c:\users\nicho\source\repos\nickgalazzo\carlton.base\src\tests\carlton.base.components.test\bin\debug\net7.0\carlton.base.components.test.dll" id="d795c0a8-9a9f-f433-ed96-af7d3460b21c">
      <Execution id="0fe434c2-a156-4b5d-8400-6788c091a4d9" />
      <TestMethod codeBase="C:\Users\nicho\source\repos\NickGalazzo\Carlton.Base\src\Tests\Carlton.Base.Components.Test\bin\Debug\net7.0\Carlton.Base.Components.Test.dll" adapterTypeName="executor://xunit/VsTestRunner2/netcoreapp" className="Carlton.Base.Components.Test.TableComponentTests" name="Table_Header_OnClickTwice_FiltersItemsDesc" />
    </UnitTest>
    <UnitTest name="ItemsChangedCallback Parameter Test(currentPage: 1, optIndex: 1, expectedSkip: 0, expectedTake: 10)" storage="c:\users\nicho\source\repos\nickgalazzo\carlton.base\src\tests\carlton.base.components.test\bin\debug\net7.0\carlton.base.components.test.dll" id="7162dc71-0713-ba09-c292-fa119bc36516">
      <Execution id="6c495a19-01d2-47ce-8a13-d363114577e6" />
      <TestMethod codeBase="C:\Users\nicho\source\repos\NickGalazzo\Carlton.Base\src\Tests\Carlton.Base.Components.Test\bin\Debug\net7.0\Carlton.Base.Components.Test.dll" adapterTypeName="executor://xunit/VsTestRunner2/netcoreapp" className="Carlton.Base.Components.Test.TableComponentTests" name="Table_ItemsChangedCallback_FiresEvent" />
    </UnitTest>
    <UnitTest name="ShowPaginationRow Paremter Test(showPaginationRow: True)" storage="c:\users\nicho\source\repos\nickgalazzo\carlton.base\src\tests\carlton.base.components.test\bin\debug\net7.0\carlton.base.components.test.dll" id="ea3f11fa-1b3e-de93-fdcb-d0070e98f88c">
      <Execution id="b9657867-66e4-48b7-8c73-8c0cb8c91b39" />
      <TestMethod codeBase="C:\Users\nicho\source\repos\NickGalazzo\Carlton.Base\src\Tests\Carlton.Base.Components.Test\bin\Debug\net7.0\Carlton.Base.Components.Test.dll" adapterTypeName="executor://xunit/VsTestRunner2/netcoreapp" className="Carlton.Base.Components.Test.TableComponentTests" name="Table_ShowPaginationRow_RendersCorrectly" />
    </UnitTest>
    <UnitTest name="HeaderContentChild Parameter Test(expectedHeaderContent: &quot;&lt;span&gt;Header Testing Content 2&lt;/span&gt;&quot;)" storage="c:\users\nicho\source\repos\nickgalazzo\carlton.base\src\tests\carlton.base.components.test\bin\debug\net7.0\carlton.base.components.test.dll" id="52a34d31-6d81-2e53-0b6b-87f2b9dedb35">
      <Execution id="f38197d2-7546-40aa-8ee5-df6aab3e3138" />
      <TestMethod codeBase="C:\Users\nicho\source\repos\NickGalazzo\Carlton.Base\src\Tests\Carlton.Base.Components.Test\bin\Debug\net7.0\Carlton.Base.Components.Test.dll" adapterTypeName="executor://xunit/VsTestRunner2/netcoreapp" className="Carlton.Base.Components.Test.CardComponentTests" name="Card_HeaderContentChildParam_RendersCorrectly" />
    </UnitTest>
    <UnitTest name="PaginationLabel Parameter Test(currentPage: 2, currentRowsPerPage: 10, expectedText: &quot;11-15 of 15&quot;)" storage="c:\users\nicho\source\repos\nickgalazzo\carlton.base\src\tests\carlton.base.components.test\bin\debug\net7.0\carlton.base.components.test.dll" id="6ee29016-8a57-9582-6b81-a21d757f27ac">
      <Execution id="c10ca015-5934-474b-8940-ff0505e5c3cf" />
      <TestMethod codeBase="C:\Users\nicho\source\repos\NickGalazzo\Carlton.Base\src\Tests\Carlton.Base.Components.Test\bin\Debug\net7.0\Carlton.Base.Components.Test.dll" adapterTypeName="executor://xunit/VsTestRunner2/netcoreapp" className="Carlton.Base.Components.Test.TablePaginationRowComponentTests" name="TablePaginationRow_PaginationLabel_RendersCorrectly" />
    </UnitTest>
    <UnitTest name="MenuItem Click Test" storage="c:\users\nicho\source\repos\nickgalazzo\carlton.base\src\tests\carlton.base.components.test\bin\debug\net7.0\carlton.base.components.test.dll" id="571e52cc-9e6a-e23f-26e7-d7422fa96287">
      <Execution id="2db69c78-f73a-4965-b7fb-c3aa872ef746" />
      <TestMethod codeBase="C:\Users\nicho\source\repos\NickGalazzo\Carlton.Base\src\Tests\Carlton.Base.Components.Test\bin\Debug\net7.0\Carlton.Base.Components.Test.dll" adapterTypeName="executor://xunit/VsTestRunner2/netcoreapp" className="Carlton.Base.Components.Test.DropDownMenuComponentTests" name="DropDownMenuElement_ClickEvent_RendersCorrectly" />
    </UnitTest>
    <UnitTest name="OnDismiss Parameter Test" storage="c:\users\nicho\source\repos\nickgalazzo\carlton.base\src\tests\carlton.base.components.test\bin\debug\net7.0\carlton.base.components.test.dll" id="0c9c72b4-1b61-9132-5c94-274f763c3a1f">
      <Execution id="fad45434-bde9-4391-afed-ac7db732e40d" />
      <TestMethod codeBase="C:\Users\nicho\source\repos\NickGalazzo\Carlton.Base\src\Tests\Carlton.Base.Components.Test\bin\Debug\net7.0\Carlton.Base.Components.Test.dll" adapterTypeName="executor://xunit/VsTestRunner2/netcoreapp" className="Carlton.Base.Components.Test.BaseNotificationComponentTests" name="BaseNotification_OnDismissParameter_RendersCorrectly" />
    </UnitTest>
    <UnitTest name="SelectedItem Parameter Test(groupIndex: 0, itemIndex: 0, itemValue: 1)" storage="c:\users\nicho\source\repos\nickgalazzo\carlton.base\src\tests\carlton.base.components.test\bin\debug\net7.0\carlton.base.components.test.dll" id="10e3d357-1906-14db-33eb-5f09e282e5ed">
      <Execution id="8e6e3113-0a22-4be2-8d88-13d55c6dff00" />
      <TestMethod codeBase="C:\Users\nicho\source\repos\NickGalazzo\Carlton.Base\src\Tests\Carlton.Base.Components.Test\bin\Debug\net7.0\Carlton.Base.Components.Test.dll" adapterTypeName="executor://xunit/VsTestRunner2/netcoreapp" className="Carlton.Base.Components.Test.AccordionSelectGroupComponentTests" name="AccordionSelectGroup_SelectedItemParam_shouldRenderCorrectly" />
    </UnitTest>
    <UnitTest name="OnMenuItemSelected Parameter Test(value: 7)" storage="c:\users\nicho\source\repos\nickgalazzo\carlton.base\src\tests\carlton.base.components.test\bin\debug\net7.0\carlton.base.components.test.dll" id="2f1882f1-d6f3-7332-d3a2-9e3758b94b59">
      <Execution id="a69d1776-2a84-4392-8326-204c57fc2750" />
      <TestMethod codeBase="C:\Users\nicho\source\repos\NickGalazzo\Carlton.Base\src\Tests\Carlton.Base.Components.Test\bin\Debug\net7.0\Carlton.Base.Components.Test.dll" adapterTypeName="executor://xunit/VsTestRunner2/netcoreapp" className="Carlton.Base.Components.Test.DropDownMenuElementComponentTests" name="DropDownMenuElement_OnMenuItemSelectedParam_RendersCorrectly" />
    </UnitTest>
    <UnitTest name="Group Click Event Test(groupIndex: 1, itemIndex: 3, expectedValue: 4)" storage="c:\users\nicho\source\repos\nickgalazzo\carlton.base\src\tests\carlton.base.components.test\bin\debug\net7.0\carlton.base.components.test.dll" id="92f7b709-4d9c-9ab4-3896-cc6a818b2bb8">
      <Execution id="541ef1e1-5a00-4b66-8f8a-7c2f382cb417" />
      <TestMethod codeBase="C:\Users\nicho\source\repos\NickGalazzo\Carlton.Base\src\Tests\Carlton.Base.Components.Test\bin\Debug\net7.0\Carlton.Base.Components.Test.dll" adapterTypeName="executor://xunit/VsTestRunner2/netcoreapp" className="Carlton.Base.Components.Test.AccordionSelectGroupComponentTests" name="AccordionSelectGroup_ClickEvent_RendersCorrectly" />
    </UnitTest>
    <UnitTest name="NotificationBar Click Test(btnClass: &quot;warning-btn&quot;, expectedType: typeof(Carlton.Base.Components.WarningNotification))" storage="c:\users\nicho\source\repos\nickgalazzo\carlton.base\src\tests\carlton.base.components.test\bin\debug\net7.0\carlton.base.components.test.dll" id="8af30576-a2b6-df1c-49fa-2acbc5c464dc">
      <Execution id="790a5de6-9a39-4ba0-8071-1ab36c948195" />
      <TestMethod codeBase="C:\Users\nicho\source\repos\NickGalazzo\Carlton.Base\src\Tests\Carlton.Base.Components.Test\bin\Debug\net7.0\Carlton.Base.Components.Test.dll" adapterTypeName="executor://xunit/VsTestRunner2/netcoreapp" className="Carlton.Base.Components.Test.NotificationBarComponentTests" name="NotificationBar_ClickEvent_RendersCorrectly" />
    </UnitTest>
    <UnitTest name="FadeOutEnabled Parameter Test(fadeOutEnabled: True, notificationClass: &quot;info-btn&quot;)" storage="c:\users\nicho\source\repos\nickgalazzo\carlton.base\src\tests\carlton.base.components.test\bin\debug\net7.0\carlton.base.components.test.dll" id="4ead736c-1e06-7828-c8d6-26a8e046cf24">
      <Execution id="bfed9b38-5082-48b3-896e-f05d1e1212d8" />
      <TestMethod codeBase="C:\Users\nicho\source\repos\NickGalazzo\Carlton.Base\src\Tests\Carlton.Base.Components.Test\bin\Debug\net7.0\Carlton.Base.Components.Test.dll" adapterTypeName="executor://xunit/VsTestRunner2/netcoreapp" className="Carlton.Base.Components.Test.NotificationBarComponentTests" name="NotificationBar_FadeOutEnabledParam_RendersCorrectly" />
    </UnitTest>
    <UnitTest name="Markup Test" storage="c:\users\nicho\source\repos\nickgalazzo\carlton.base\src\tests\carlton.base.components.test\bin\debug\net7.0\carlton.base.components.test.dll" id="285dd188-0677-95b9-bdc8-5f4be2504763">
      <Execution id="8060387b-1fb0-4d9c-8d19-7354d6d3a231" />
      <TestMethod codeBase="C:\Users\nicho\source\repos\NickGalazzo\Carlton.Base\src\Tests\Carlton.Base.Components.Test\bin\Debug\net7.0\Carlton.Base.Components.Test.dll" adapterTypeName="executor://xunit/VsTestRunner2/netcoreapp" className="Carlton.Base.Components.Test.CardComponentTests" name="Card_Markup_RendersCorrectly" />
    </UnitTest>
    <UnitTest name="ShowDisplayText Paramter Test(showDisplayText: False)" storage="c:\users\nicho\source\repos\nickgalazzo\carlton.base\src\tests\carlton.base.components.test\bin\debug\net7.0\carlton.base.components.test.dll" id="4f8bba3f-ea59-4891-a117-39ddd264c169">
      <Execution id="a63d3ec6-59d4-429a-82c9-c249311cc8d3" />
      <TestMethod codeBase="C:\Users\nicho\source\repos\NickGalazzo\Carlton.Base\src\Tests\Carlton.Base.Components.Test\bin\Debug\net7.0\Carlton.Base.Components.Test.dll" adapterTypeName="executor://xunit/VsTestRunner2/netcoreapp" className="Carlton.Base.Components.Test.MobileTabBarComponentTests" name="MobileTabBar_ShowDisplayTextParam_RendersCorrectly" />
    </UnitTest>
    <UnitTest name="Title Parameter Test(expectedTitle: &quot;Another Test Title&quot;)" storage="c:\users\nicho\source\repos\nickgalazzo\carlton.base\src\tests\carlton.base.components.test\bin\debug\net7.0\carlton.base.components.test.dll" id="4c797b3a-2efa-30be-bb00-1dc3fd87ea84">
      <Execution id="6578d71f-8ba6-48f6-b9c1-307dea73ab83" />
      <TestMethod codeBase="C:\Users\nicho\source\repos\NickGalazzo\Carlton.Base\src\Tests\Carlton.Base.Components.Test\bin\Debug\net7.0\Carlton.Base.Components.Test.dll" adapterTypeName="executor://xunit/VsTestRunner2/netcoreapp" className="Carlton.Base.Components.Test.SlideTabComponentTests" name="SlideTab_TitleParam_RendersCorrectly" />
    </UnitTest>
    <UnitTest name="OnPaginationChangedCallback Parameter Test(selectedPage: 1, selectedRowsPerPage: 5, expectedPage: 1)" storage="c:\users\nicho\source\repos\nickgalazzo\carlton.base\src\tests\carlton.base.components.test\bin\debug\net7.0\carlton.base.components.test.dll" id="1c0c0ede-94cf-1f31-cf90-2475a239bc38">
      <Execution id="4236ed75-9cb6-48e9-9925-19b886b715a1" />
      <TestMethod codeBase="C:\Users\nicho\source\repos\NickGalazzo\Carlton.Base\src\Tests\Carlton.Base.Components.Test\bin\Debug\net7.0\Carlton.Base.Components.Test.dll" adapterTypeName="executor://xunit/VsTestRunner2/netcoreapp" className="Carlton.Base.Components.Test.TablePaginationRowComponentTests" name="TablePaginationRow_OnPaginationChangedCallback_FiresEvent" />
    </UnitTest>
    <UnitTest name="ValueChangedCallback Parameter Test(index: 1)" storage="c:\users\nicho\source\repos\nickgalazzo\carlton.base\src\tests\carlton.base.components.test\bin\debug\net7.0\carlton.base.components.test.dll" id="920e4354-fec6-14c2-1380-06b61a0b9ea9">
      <Execution id="82572d55-7536-4e9f-99f3-0f0e440112a6" />
      <TestMethod codeBase="C:\Users\nicho\source\repos\NickGalazzo\Carlton.Base\src\Tests\Carlton.Base.Components.Test\bin\Debug\net7.0\Carlton.Base.Components.Test.dll" adapterTypeName="executor://xunit/VsTestRunner2/netcoreapp" className="Carlton.Base.Components.Test.SelectComponentTests" name="Select_ValueChangedCallbackParam_FiresCallback" />
    </UnitTest>
    <UnitTest name="Message Parameter Test(expectedMessage: &quot;Notification Message Test 1&quot;)" storage="c:\users\nicho\source\repos\nickgalazzo\carlton.base\src\tests\carlton.base.components.test\bin\debug\net7.0\carlton.base.components.test.dll" id="a5583b3d-3f91-3c4f-21d1-42bb4138e6f4">
      <Execution id="dad1ce24-b0da-4888-b18e-68f14f496869" />
      <TestMethod codeBase="C:\Users\nicho\source\repos\NickGalazzo\Carlton.Base\src\Tests\Carlton.Base.Components.Test\bin\Debug\net7.0\Carlton.Base.Components.Test.dll" adapterTypeName="executor://xunit/VsTestRunner2/netcoreapp" className="Carlton.Base.Components.Test.BaseNotificationComponentTests" name="BaseNotification_MessageParam_RendersCorrectly" />
    </UnitTest>
    <UnitTest name="Header Click Twice Test(columnIndex: 1, expectedColumnName: &quot;DisplayName&quot;)" storage="c:\users\nicho\source\repos\nickgalazzo\carlton.base\src\tests\carlton.base.components.test\bin\debug\net7.0\carlton.base.components.test.dll" id="15ed8627-678d-8bee-306e-690612574f77">
      <Execution id="5d0e3283-8f97-46ea-930b-ec879370598d" />
      <TestMethod codeBase="C:\Users\nicho\source\repos\NickGalazzo\Carlton.Base\src\Tests\Carlton.Base.Components.Test\bin\Debug\net7.0\Carlton.Base.Components.Test.dll" adapterTypeName="executor://xunit/VsTestRunner2/netcoreapp" className="Carlton.Base.Components.Test.TableHeaderComponentTests" name="TableHeader_ClickHeadersTwice_EventFires" />
    </UnitTest>
    <UnitTest name="Carlton.Base.Components.Test.DesktopTabBarComponentTests.DesktopTabBar_WithThreeTabs_RendersCorrectly" storage="c:\users\nicho\source\repos\nickgalazzo\carlton.base\src\tests\carlton.base.components.test\bin\debug\net7.0\carlton.base.components.test.dll" id="ff2833ad-55bf-08c7-90a9-0dcc4a199d2c">
      <Execution id="1c670b8b-4cf3-4998-933c-7e7ecd6cfec5" />
      <TestMethod codeBase="C:\Users\nicho\source\repos\NickGalazzo\Carlton.Base\src\Tests\Carlton.Base.Components.Test\bin\Debug\net7.0\Carlton.Base.Components.Test.dll" adapterTypeName="executor://xunit/VsTestRunner2/netcoreapp" className="Carlton.Base.Components.Test.DesktopTabBarComponentTests" name="DesktopTabBar_WithThreeTabs_RendersCorrectly" />
    </UnitTest>
    <UnitTest name="Content Parameter Test(expectedContent: &quot;&lt;button class=\&quot;test-content\&quot;&gt;Here is some test c&quot;...)" storage="c:\users\nicho\source\repos\nickgalazzo\carlton.base\src\tests\carlton.base.components.test\bin\debug\net7.0\carlton.base.components.test.dll" id="54eed8b1-a365-c9d4-a02c-5452ed1f485d">
      <Execution id="2b34d210-ae98-414d-838f-a1b4c3b55da9" />
      <TestMethod codeBase="C:\Users\nicho\source\repos\NickGalazzo\Carlton.Base\src\Tests\Carlton.Base.Components.Test\bin\Debug\net7.0\Carlton.Base.Components.Test.dll" adapterTypeName="executor://xunit/VsTestRunner2/netcoreapp" className="Carlton.Base.Components.Test.SlideTabComponentTests" name="SlideTab_ContentParam_RendersCorrectly" />
    </UnitTest>
    <UnitTest name="Default Active Tab, Render Test" storage="c:\users\nicho\source\repos\nickgalazzo\carlton.base\src\tests\carlton.base.components.test\bin\debug\net7.0\carlton.base.components.test.dll" id="69a8af49-3dfe-560f-907d-c6f19402dc4c">
      <Execution id="86853af8-2116-4aca-97d0-864260c0bdc0" />
      <TestMethod codeBase="C:\Users\nicho\source\repos\NickGalazzo\Carlton.Base\src\Tests\Carlton.Base.Components.Test\bin\Debug\net7.0\Carlton.Base.Components.Test.dll" adapterTypeName="executor://xunit/VsTestRunner2/netcoreapp" className="Carlton.Base.Components.Test.MobileTabBarComponentTests" name="MobileTabBar_DefaultActiveTab_RendersCorrectly" />
    </UnitTest>
    <UnitTest name="One Tab Test" storage="c:\users\nicho\source\repos\nickgalazzo\carlton.base\src\tests\carlton.base.components.test\bin\debug\net7.0\carlton.base.components.test.dll" id="8b53c199-c168-bbf7-eda1-d20e6041e2a6">
      <Execution id="91d6dffb-e0bd-445b-b7ae-ebc377e457ba" />
      <TestMethod codeBase="C:\Users\nicho\source\repos\NickGalazzo\Carlton.Base\src\Tests\Carlton.Base.Components.Test\bin\Debug\net7.0\Carlton.Base.Components.Test.dll" adapterTypeName="executor://xunit/VsTestRunner2/netcoreapp" className="Carlton.Base.Components.Test.MobileTabBarComponentTests" name="MobileTabBar_WithOneTab_RendersCorrectly" />
    </UnitTest>
    <UnitTest name="Group Click Event Test(groupIndex: 0, itemIndex: 1, expectedValue: 2)" storage="c:\users\nicho\source\repos\nickgalazzo\carlton.base\src\tests\carlton.base.components.test\bin\debug\net7.0\carlton.base.components.test.dll" id="7b453ea3-7024-aa7e-6d3c-770aa31365af">
      <Execution id="1a2286f7-5596-4d08-8a2f-2d60cc01fc64" />
      <TestMethod codeBase="C:\Users\nicho\source\repos\NickGalazzo\Carlton.Base\src\Tests\Carlton.Base.Components.Test\bin\Debug\net7.0\Carlton.Base.Components.Test.dll" adapterTypeName="executor://xunit/VsTestRunner2/netcoreapp" className="Carlton.Base.Components.Test.AccordionSelectGroupComponentTests" name="AccordionSelectGroup_ClickEvent_RendersCorrectly" />
    </UnitTest>
    <UnitTest name="Theme Parameter Test(theme: Green)" storage="c:\users\nicho\source\repos\nickgalazzo\carlton.base\src\tests\carlton.base.components.test\bin\debug\net7.0\carlton.base.components.test.dll" id="2dd119ab-590e-b66e-b5c2-d9a3d024a064">
      <Execution id="c5e2dcf2-ebdd-4f8a-9f12-ac9f194dcd9b" />
      <TestMethod codeBase="C:\Users\nicho\source\repos\NickGalazzo\Carlton.Base\src\Tests\Carlton.Base.Components.Test\bin\Debug\net7.0\Carlton.Base.Components.Test.dll" adapterTypeName="executor://xunit/VsTestRunner2/netcoreapp" className="Carlton.Base.Components.Test.CountCardComponentTests" name="CountCard_ThemeParam_RendersCorrectly" />
    </UnitTest>
    <UnitTest name="Header Click, CSS Descending Class Test(selectedIndex: 2)" storage="c:\users\nicho\source\repos\nickgalazzo\carlton.base\src\tests\carlton.base.components.test\bin\debug\net7.0\carlton.base.components.test.dll" id="ce09e5ad-ead2-a4f9-ac20-3523122167a5">
      <Execution id="837ccce4-37a2-4930-919e-94ecd6991575" />
      <TestMethod codeBase="C:\Users\nicho\source\repos\NickGalazzo\Carlton.Base\src\Tests\Carlton.Base.Components.Test\bin\Debug\net7.0\Carlton.Base.Components.Test.dll" adapterTypeName="executor://xunit/VsTestRunner2/netcoreapp" className="Carlton.Base.Components.Test.TableHeaderComponentTests" name="TableHeader_OnClick_DescendingClass_RendersCorrectly" />
    </UnitTest>
    <UnitTest name="Button Click Test" storage="c:\users\nicho\source\repos\nickgalazzo\carlton.base\src\tests\carlton.base.components.test\bin\debug\net7.0\carlton.base.components.test.dll" id="f89f4f57-eb97-de03-3e41-e90be449e3d8">
      <Execution id="79551aa1-a786-41ba-adce-c9be0bf874eb" />
      <TestMethod codeBase="C:\Users\nicho\source\repos\NickGalazzo\Carlton.Base\src\Tests\Carlton.Base.Components.Test\bin\Debug\net7.0\Carlton.Base.Components.Test.dll" adapterTypeName="executor://xunit/VsTestRunner2/netcoreapp" className="Carlton.Base.Components.Test.FloatingActionButtonComponentTests" name="FloatingActionButton_OnClick_RendersCorrectly" />
    </UnitTest>
    <UnitTest name="Content Parameter Test(expectedContent: &quot;&lt;div class=\&quot;test-content\&quot;&gt;Here is some test cont&quot;...)" storage="c:\users\nicho\source\repos\nickgalazzo\carlton.base\src\tests\carlton.base.components.test\bin\debug\net7.0\carlton.base.components.test.dll" id="efc4d7a7-1c02-52fb-6651-83720e62b6e4">
      <Execution id="1c745141-2566-4bf8-96d9-9f42b46702fe" />
      <TestMethod codeBase="C:\Users\nicho\source\repos\NickGalazzo\Carlton.Base\src\Tests\Carlton.Base.Components.Test\bin\Debug\net7.0\Carlton.Base.Components.Test.dll" adapterTypeName="executor://xunit/VsTestRunner2/netcoreapp" className="Carlton.Base.Components.Test.SlideTabComponentTests" name="SlideTab_ContentParam_RendersCorrectly" />
    </UnitTest>
    <UnitTest name="PaginationLabel Parameter Test(currentPage: 1, currentRowsPerPage: 10, expectedText: &quot;1-10 of 15&quot;)" storage="c:\users\nicho\source\repos\nickgalazzo\carlton.base\src\tests\carlton.base.components.test\bin\debug\net7.0\carlton.base.components.test.dll" id="f5ae9156-697c-b89e-f27a-a4bad46350cf">
      <Execution id="d4464b84-9d16-4944-b745-3fc70c70f28d" />
      <TestMethod codeBase="C:\Users\nicho\source\repos\NickGalazzo\Carlton.Base\src\Tests\Carlton.Base.Components.Test\bin\Debug\net7.0\Carlton.Base.Components.Test.dll" adapterTypeName="executor://xunit/VsTestRunner2/netcoreapp" className="Carlton.Base.Components.Test.TablePaginationRowComponentTests" name="TablePaginationRow_PaginationLabel_RendersCorrectly" />
    </UnitTest>
    <UnitTest name="OnMenuItemSelected Parameter Test(value: 1)" storage="c:\users\nicho\source\repos\nickgalazzo\carlton.base\src\tests\carlton.base.components.test\bin\debug\net7.0\carlton.base.components.test.dll" id="d8f0c920-c22a-d3bb-c6d9-8857d2f2f6e8">
      <Execution id="283ae1fe-a7d1-4ec0-8e2a-78c294c1aa76" />
      <TestMethod codeBase="C:\Users\nicho\source\repos\NickGalazzo\Carlton.Base\src\Tests\Carlton.Base.Components.Test\bin\Debug\net7.0\Carlton.Base.Components.Test.dll" adapterTypeName="executor://xunit/VsTestRunner2/netcoreapp" className="Carlton.Base.Components.Test.DropDownMenuElementComponentTests" name="DropDownMenuElement_OnMenuItemSelectedParam_RendersCorrectly" />
    </UnitTest>
    <UnitTest name="ItemsChangedCallback Parameter Test(currentPage: 2, optIndex: 1, expectedSkip: 10, expectedTake: 10)" storage="c:\users\nicho\source\repos\nickgalazzo\carlton.base\src\tests\carlton.base.components.test\bin\debug\net7.0\carlton.base.components.test.dll" id="c1fd8e65-8e01-0474-0fff-7d2af4135b46">
      <Execution id="f57bccfb-2202-4b83-8906-a3caa783f4db" />
      <TestMethod codeBase="C:\Users\nicho\source\repos\NickGalazzo\Carlton.Base\src\Tests\Carlton.Base.Components.Test\bin\Debug\net7.0\Carlton.Base.Components.Test.dll" adapterTypeName="executor://xunit/VsTestRunner2/netcoreapp" className="Carlton.Base.Components.Test.TableComponentTests" name="Table_ItemsChangedCallback_FiresEvent" />
    </UnitTest>
    <UnitTest name="Parent Active True, Render Test" storage="c:\users\nicho\source\repos\nickgalazzo\carlton.base\src\tests\carlton.base.components.test\bin\debug\net7.0\carlton.base.components.test.dll" id="58fcf6c5-7948-ccaf-aeab-2b9508acda13">
      <Execution id="755571a3-30a0-4130-8a13-fc14bbd31fac" />
      <TestMethod codeBase="C:\Users\nicho\source\repos\NickGalazzo\Carlton.Base\src\Tests\Carlton.Base.Components.Test\bin\Debug\net7.0\Carlton.Base.Components.Test.dll" adapterTypeName="executor://xunit/VsTestRunner2/netcoreapp" className="Carlton.Base.Components.Test.TabComponentTests" name="Tab_Parent_ActiveParam_True_RendersCorrectly" />
    </UnitTest>
  </TestDefinitions>
  <TestEntries>
    <TestEntry testId="ac3d64d6-59fc-428c-aae0-b62e3cf29162" executionId="e6827623-8c48-4f56-869f-77edd700a767" testListId="8c84fa94-04c1-424b-9868-57a2d4851a1d" />
    <TestEntry testId="2233ccff-1d94-df6b-afa2-1cb6b7d0296b" executionId="ec84fbc5-c5e7-45fe-be4c-8739bdd07de6" testListId="8c84fa94-04c1-424b-9868-57a2d4851a1d" />
    <TestEntry testId="d861b366-8b7a-507b-a4be-fa0acafd9d18" executionId="32d28fa1-2231-44cc-bd31-8459a8507631" testListId="8c84fa94-04c1-424b-9868-57a2d4851a1d" />
    <TestEntry testId="4c624072-3469-3d06-1b6a-9cf723873fdb" executionId="16c10113-213a-45af-8c8e-dc695833c46f" testListId="8c84fa94-04c1-424b-9868-57a2d4851a1d" />
    <TestEntry testId="4b6514f5-8258-f539-a400-bc0b147a93fc" executionId="a19e427b-4703-428b-920e-4214fa56990e" testListId="8c84fa94-04c1-424b-9868-57a2d4851a1d" />
    <TestEntry testId="285dd188-0677-95b9-bdc8-5f4be2504763" executionId="8060387b-1fb0-4d9c-8d19-7354d6d3a231" testListId="8c84fa94-04c1-424b-9868-57a2d4851a1d" />
    <TestEntry testId="090a8dd5-7432-938f-38c8-3e25de645fe6" executionId="a82706c2-41b9-4b69-9c35-2d8eafaebcbc" testListId="8c84fa94-04c1-424b-9868-57a2d4851a1d" />
    <TestEntry testId="2379e7a0-5ee9-5f99-6a52-0d712fc2e781" executionId="d3c04eb9-6646-449e-9f16-69ff9cb24ecf" testListId="8c84fa94-04c1-424b-9868-57a2d4851a1d" />
    <TestEntry testId="fcd25c10-c16d-6e3a-163b-5f53194e3189" executionId="0f71f0f0-5c15-4092-ab5f-02571a8c1245" testListId="8c84fa94-04c1-424b-9868-57a2d4851a1d" />
    <TestEntry testId="9c40f4b2-e395-94c9-2055-b3813cd48484" executionId="2d0cb07f-41d9-4c4f-8e44-471041ef0f9a" testListId="8c84fa94-04c1-424b-9868-57a2d4851a1d" />
    <TestEntry testId="af23e599-62ff-bbe1-7224-29d5ec4e87a0" executionId="207d88d4-8e99-4c79-8ea1-a41a3e982e08" testListId="8c84fa94-04c1-424b-9868-57a2d4851a1d" />
    <TestEntry testId="fc7b79c7-3523-04fd-60af-a22152a3cdb2" executionId="6001f880-28e5-4fda-9bd8-8410267d2b83" testListId="8c84fa94-04c1-424b-9868-57a2d4851a1d" />
    <TestEntry testId="01312f82-8178-605f-aae1-26970b526840" executionId="b0d4ec8d-316b-44db-9f7e-3606331f0724" testListId="8c84fa94-04c1-424b-9868-57a2d4851a1d" />
    <TestEntry testId="a41dcb24-b89d-3f22-c149-d98a0341724c" executionId="bcd33fec-690f-4c6a-b861-5cb651ab0bf6" testListId="8c84fa94-04c1-424b-9868-57a2d4851a1d" />
    <TestEntry testId="c8e77cac-6f32-7922-908e-be27d6adb862" executionId="f0de736e-cd34-4ed3-94ec-ad2c2a42da56" testListId="8c84fa94-04c1-424b-9868-57a2d4851a1d" />
    <TestEntry testId="62f820de-c617-6809-2846-c9e07a96b1bb" executionId="16b34eb2-58da-42b8-891b-720fb06fed26" testListId="8c84fa94-04c1-424b-9868-57a2d4851a1d" />
    <TestEntry testId="00925146-e6ae-6796-a2a6-310a670c5040" executionId="7e26cb9a-8230-4741-b621-6de9d59419b9" testListId="8c84fa94-04c1-424b-9868-57a2d4851a1d" />
    <TestEntry testId="9af5ba7b-1b74-a10f-e959-9d59535dc4af" executionId="0ec05ed7-2639-4ac8-858b-426fd182d72f" testListId="8c84fa94-04c1-424b-9868-57a2d4851a1d" />
    <TestEntry testId="3b7633ea-161f-2116-c52f-52e37a852c76" executionId="0fc3994b-4452-44d2-bcdb-492fca972306" testListId="8c84fa94-04c1-424b-9868-57a2d4851a1d" />
    <TestEntry testId="c1c9e98a-00be-5d46-2e89-b28b2ec9151b" executionId="c1ef994d-83b7-44df-9c29-40a9095533c9" testListId="8c84fa94-04c1-424b-9868-57a2d4851a1d" />
    <TestEntry testId="58fcf6c5-7948-ccaf-aeab-2b9508acda13" executionId="755571a3-30a0-4130-8a13-fc14bbd31fac" testListId="8c84fa94-04c1-424b-9868-57a2d4851a1d" />
    <TestEntry testId="1d3214d0-58ed-27fe-6283-c0167a9cb4ee" executionId="c49d8d69-aafb-40bf-9a1e-9bff614f5e97" testListId="8c84fa94-04c1-424b-9868-57a2d4851a1d" />
    <TestEntry testId="52d24878-db09-1723-cee6-5b4fd5d5342a" executionId="17a5f779-9f4c-4c75-9787-ccee6a7f0ce5" testListId="8c84fa94-04c1-424b-9868-57a2d4851a1d" />
    <TestEntry testId="a5583b3d-3f91-3c4f-21d1-42bb4138e6f4" executionId="dad1ce24-b0da-4888-b18e-68f14f496869" testListId="8c84fa94-04c1-424b-9868-57a2d4851a1d" />
    <TestEntry testId="920e4354-fec6-14c2-1380-06b61a0b9ea9" executionId="82572d55-7536-4e9f-99f3-0f0e440112a6" testListId="8c84fa94-04c1-424b-9868-57a2d4851a1d" />
    <TestEntry testId="d8c8392b-547d-6757-25b2-7211cb87e121" executionId="52297b8b-4a47-472d-b04a-f41299a641b6" testListId="8c84fa94-04c1-424b-9868-57a2d4851a1d" />
    <TestEntry testId="aa57a9f5-bc65-b287-a5c7-b36d21c6642f" executionId="81fe5688-3f26-4f75-b6b0-dd1fad3e8d40" testListId="8c84fa94-04c1-424b-9868-57a2d4851a1d" />
    <TestEntry testId="e7a23f8f-f15f-1845-f70b-de2f133d8416" executionId="a5e972f4-a12d-490d-b9ae-f4557976cd13" testListId="8c84fa94-04c1-424b-9868-57a2d4851a1d" />
    <TestEntry testId="82fdc03c-6a72-dde8-456a-eaf39698c697" executionId="0b1cfc2e-7e6f-45c4-9dde-c9a119940e8e" testListId="8c84fa94-04c1-424b-9868-57a2d4851a1d" />
    <TestEntry testId="4408a461-87db-3cee-31e3-ef22beacc86a" executionId="dd16c65a-633e-4061-b00f-1d1ffa36765f" testListId="8c84fa94-04c1-424b-9868-57a2d4851a1d" />
    <TestEntry testId="8604af9a-6283-f41c-5895-dcded0b19ca9" executionId="1bad9d90-ad3e-4128-8bc0-72f4add02d20" testListId="8c84fa94-04c1-424b-9868-57a2d4851a1d" />
    <TestEntry testId="e89c759a-07b6-738f-393f-29d4295989c6" executionId="20a120c7-88a0-433c-879b-e6365ce36fb9" testListId="8c84fa94-04c1-424b-9868-57a2d4851a1d" />
    <TestEntry testId="e5e3f589-0b7d-a06d-d06c-19426b0e1ca4" executionId="4716665e-2353-4638-9154-aff0917a0765" testListId="8c84fa94-04c1-424b-9868-57a2d4851a1d" />
    <TestEntry testId="a41dcb24-b89d-3f22-c149-d98a0341724c" executionId="d4e8e16e-9f2d-4c9b-9ccd-25373cdbc733" testListId="8c84fa94-04c1-424b-9868-57a2d4851a1d" />
    <TestEntry testId="067218af-67a2-68da-98aa-e9243dbda169" executionId="6233b622-c5cb-4c2e-b675-d480f615c834" testListId="8c84fa94-04c1-424b-9868-57a2d4851a1d" />
    <TestEntry testId="aac20a49-8396-283f-b646-be5402a974aa" executionId="ff98b711-f801-45e6-b9a5-560bae71a4a7" testListId="8c84fa94-04c1-424b-9868-57a2d4851a1d" />
    <TestEntry testId="e9efa1ee-ef5b-0467-85f1-461dd551b536" executionId="0357d481-5855-46cd-bc6f-3bf72ddec6b3" testListId="8c84fa94-04c1-424b-9868-57a2d4851a1d" />
    <TestEntry testId="6f8d796c-6ca4-169d-1cc8-af66825f8e0b" executionId="7542c394-fa34-4364-9cb1-a5dc30671b02" testListId="8c84fa94-04c1-424b-9868-57a2d4851a1d" />
    <TestEntry testId="801f7583-d760-3b33-e730-154e30024100" executionId="b4b3a913-d5e2-4d1a-be9e-a69ff22e9c89" testListId="8c84fa94-04c1-424b-9868-57a2d4851a1d" />
    <TestEntry testId="f53e06b6-7175-ade3-7410-8fb2fdd5371a" executionId="1a75effc-3cb1-4d02-8e1b-d292ede211bc" testListId="8c84fa94-04c1-424b-9868-57a2d4851a1d" />
    <TestEntry testId="842338a5-fce3-2697-103d-cee95acc7e69" executionId="38519539-ee5e-44db-9dae-694f94b556ee" testListId="8c84fa94-04c1-424b-9868-57a2d4851a1d" />
    <TestEntry testId="5c88af88-27e1-5531-551d-d096b081bbbb" executionId="6572667a-c2bd-4217-b8ec-747fcb91f3e1" testListId="8c84fa94-04c1-424b-9868-57a2d4851a1d" />
    <TestEntry testId="c4fb013e-c3fa-3f7e-a20f-093fae04a3ce" executionId="2c92531f-1c2b-46dc-9e02-300688e97bd0" testListId="8c84fa94-04c1-424b-9868-57a2d4851a1d" />
    <TestEntry testId="e3d58337-cca2-5278-f8eb-4611788d2b5a" executionId="8638a05f-4743-4ddd-b3a5-8122396f48f8" testListId="8c84fa94-04c1-424b-9868-57a2d4851a1d" />
    <TestEntry testId="925a0f7a-d69c-5d5e-e82e-3f410ec45cc2" executionId="dc0fb067-b0dc-4dd1-b832-9ddf1bdafc69" testListId="8c84fa94-04c1-424b-9868-57a2d4851a1d" />
    <TestEntry testId="6a55153b-39b5-d341-62f7-244509958fad" executionId="3bd5638a-2e9d-4c12-b7ed-97441fb77c4e" testListId="8c84fa94-04c1-424b-9868-57a2d4851a1d" />
    <TestEntry testId="9e655c7d-9475-0067-4c9a-5961a0e0aea6" executionId="e34e8177-8e1d-463e-ba24-22480064bf3f" testListId="8c84fa94-04c1-424b-9868-57a2d4851a1d" />
    <TestEntry testId="4f8bba3f-ea59-4891-a117-39ddd264c169" executionId="a63d3ec6-59d4-429a-82c9-c249311cc8d3" testListId="8c84fa94-04c1-424b-9868-57a2d4851a1d" />
    <TestEntry testId="65837e06-a6c7-53d1-fc95-f36b7233b4f8" executionId="30e294c1-b0a3-4c21-b90e-3239212f04f7" testListId="8c84fa94-04c1-424b-9868-57a2d4851a1d" />
    <TestEntry testId="88b02857-31c6-c6a5-e9ec-e82f8eaf3750" executionId="2231dc2b-0213-4fbd-ad40-14fc7f6df702" testListId="8c84fa94-04c1-424b-9868-57a2d4851a1d" />
    <TestEntry testId="4c0edeb2-cccc-45bf-c1ff-0ee97ac8aab7" executionId="590b88a6-40ac-4019-af95-2d62e7447b4b" testListId="8c84fa94-04c1-424b-9868-57a2d4851a1d" />
    <TestEntry testId="e9eb0071-7c11-ea6a-d23e-514dfad8a621" executionId="65bcf089-3a58-41c7-91e1-460a31b0708a" testListId="8c84fa94-04c1-424b-9868-57a2d4851a1d" />
    <TestEntry testId="b47fdb9b-41a3-4beb-8213-e51c7f90bfa2" executionId="d7ceb765-3494-4467-88de-abbc3fec235d" testListId="8c84fa94-04c1-424b-9868-57a2d4851a1d" />
    <TestEntry testId="a5f37b94-3456-a27f-6809-5d7bb156948a" executionId="d933d742-a689-44bd-9586-73731883851a" testListId="8c84fa94-04c1-424b-9868-57a2d4851a1d" />
    <TestEntry testId="4c624072-3469-3d06-1b6a-9cf723873fdb" executionId="a49bfa66-f705-4317-94c3-f5583f837628" testListId="8c84fa94-04c1-424b-9868-57a2d4851a1d" />
    <TestEntry testId="af23e599-62ff-bbe1-7224-29d5ec4e87a0" executionId="64b3ad05-5593-4303-8108-df8ff51ffc6a" testListId="8c84fa94-04c1-424b-9868-57a2d4851a1d" />
    <TestEntry testId="499a4bba-291d-374f-711c-1097a1a52e0f" executionId="2a2a6633-a0dd-4511-ad4c-81cda60609b7" testListId="8c84fa94-04c1-424b-9868-57a2d4851a1d" />
    <TestEntry testId="3f3f7bde-292c-12e4-5ac8-b27eaef55d68" executionId="d27dd9ec-7def-46a0-89ed-9136ada612bb" testListId="8c84fa94-04c1-424b-9868-57a2d4851a1d" />
    <TestEntry testId="ff2833ad-55bf-08c7-90a9-0dcc4a199d2c" executionId="1c670b8b-4cf3-4998-933c-7e7ecd6cfec5" testListId="8c84fa94-04c1-424b-9868-57a2d4851a1d" />
    <TestEntry testId="cfcd9d72-0e99-fe1a-9d32-327efc2e96dc" executionId="5dac426e-3188-4cfe-bde3-5c5df6602374" testListId="8c84fa94-04c1-424b-9868-57a2d4851a1d" />
    <TestEntry testId="35bf7ad8-b67e-b278-db91-44c6d96aa154" executionId="4b8ac7fc-24e5-45c6-8eee-c1d5d4319a41" testListId="8c84fa94-04c1-424b-9868-57a2d4851a1d" />
    <TestEntry testId="96dcda85-2436-d344-d080-d012760267de" executionId="67e458da-462d-425b-8b44-ad13224b2951" testListId="8c84fa94-04c1-424b-9868-57a2d4851a1d" />
    <TestEntry testId="4abc7ea4-adf7-cb95-e891-e2b782813e5f" executionId="37dabdfe-caa3-4a6b-97f9-aa48116e9f03" testListId="8c84fa94-04c1-424b-9868-57a2d4851a1d" />
    <TestEntry testId="07a792cc-4abe-5fd5-bf96-777500667402" executionId="6542903d-1da8-438a-8fb2-de9bc7d722bc" testListId="8c84fa94-04c1-424b-9868-57a2d4851a1d" />
    <TestEntry testId="9321447f-d766-9024-4984-1ceaf0b5819f" executionId="ded8a667-ba0a-4b2b-b012-9e4723519c35" testListId="8c84fa94-04c1-424b-9868-57a2d4851a1d" />
    <TestEntry testId="b2c7375c-ef0b-de75-a0bd-b6e7dea52a65" executionId="caae90cb-f938-4b87-8a76-d89d284dcfab" testListId="8c84fa94-04c1-424b-9868-57a2d4851a1d" />
    <TestEntry testId="f5ae9156-697c-b89e-f27a-a4bad46350cf" executionId="d4464b84-9d16-4944-b745-3fc70c70f28d" testListId="8c84fa94-04c1-424b-9868-57a2d4851a1d" />
    <TestEntry testId="b076ac6c-261b-164f-31f2-2b1cbc6f2155" executionId="4cea1fb2-41d6-4853-8869-11c995e29a0d" testListId="8c84fa94-04c1-424b-9868-57a2d4851a1d" />
    <TestEntry testId="e1b6bec7-160e-aa54-3156-206a80de3487" executionId="caf37dd2-2521-44ca-b550-f429bbe7a51d" testListId="8c84fa94-04c1-424b-9868-57a2d4851a1d" />
    <TestEntry testId="d880a4e2-5397-c2b9-229a-5b82b9fa1cdf" executionId="c4aa8070-aedf-4f98-ac63-cab5f54a8fb2" testListId="8c84fa94-04c1-424b-9868-57a2d4851a1d" />
    <TestEntry testId="d43bf906-3878-764e-857c-5c92b0d09825" executionId="38f06dc9-8a59-4239-a2d6-ea2ace3dc732" testListId="8c84fa94-04c1-424b-9868-57a2d4851a1d" />
    <TestEntry testId="ed45e4eb-b6ad-88dd-d7a4-f45adb748cda" executionId="2b9a736a-ff4a-4f22-ae75-240687fdd593" testListId="8c84fa94-04c1-424b-9868-57a2d4851a1d" />
    <TestEntry testId="ce09e5ad-ead2-a4f9-ac20-3523122167a5" executionId="837ccce4-37a2-4930-919e-94ecd6991575" testListId="8c84fa94-04c1-424b-9868-57a2d4851a1d" />
    <TestEntry testId="73754bc2-b000-9e2a-28d6-b696512a0fa5" executionId="06456ae7-09f5-4839-b9bc-8a6e000dec76" testListId="8c84fa94-04c1-424b-9868-57a2d4851a1d" />
    <TestEntry testId="1b5a6e10-6117-b35a-8490-31620c83610e" executionId="d3ded7d7-e3f8-4239-adf5-b258266b4482" testListId="8c84fa94-04c1-424b-9868-57a2d4851a1d" />
    <TestEntry testId="bbe27599-2aa3-47df-83f1-62c6f6c60de1" executionId="5d1736c7-4073-4427-b32b-6502cabea870" testListId="8c84fa94-04c1-424b-9868-57a2d4851a1d" />
    <TestEntry testId="66b8e62c-41e1-ac4c-e3ed-694c95834d4f" executionId="f6391516-83f8-4b11-9547-aacb25ea42b6" testListId="8c84fa94-04c1-424b-9868-57a2d4851a1d" />
    <TestEntry testId="bea3b166-3bab-7652-299c-ec207b224b47" executionId="94cd49b0-4c3e-4b3d-bdea-3794ffcc16ca" testListId="8c84fa94-04c1-424b-9868-57a2d4851a1d" />
    <TestEntry testId="0059705e-91ed-d5f7-24c7-ed5bee8a892f" executionId="5b1b0263-1dd6-4c05-9dbc-87163f80a359" testListId="8c84fa94-04c1-424b-9868-57a2d4851a1d" />
    <TestEntry testId="721c0a35-2fdd-0dac-ca44-4ff0d0a712e9" executionId="b914bfa8-a6f8-487a-b54b-cd6a4d339ad7" testListId="8c84fa94-04c1-424b-9868-57a2d4851a1d" />
    <TestEntry testId="0be2e34f-6619-8975-afab-64437187ca4d" executionId="bcbbf5f1-6025-4326-995f-cd3e88e73605" testListId="8c84fa94-04c1-424b-9868-57a2d4851a1d" />
    <TestEntry testId="a32d1ab1-d7c5-d068-d255-020c3716ee13" executionId="ceabbb96-ca21-4787-ab2e-b07e4e585615" testListId="8c84fa94-04c1-424b-9868-57a2d4851a1d" />
    <TestEntry testId="575a6c02-c985-735a-d70d-1061600e252c" executionId="e66f7002-cbe4-4a08-91c8-1724e680796f" testListId="8c84fa94-04c1-424b-9868-57a2d4851a1d" />
    <TestEntry testId="dd37b1b9-4c67-5b2f-d5d5-ea991ef86fd8" executionId="f11068dd-69b5-4dd4-b182-203175b210c5" testListId="8c84fa94-04c1-424b-9868-57a2d4851a1d" />
    <TestEntry testId="dd925c60-da53-25bf-1f76-c292f459c42a" executionId="771dba76-3d58-4749-ab39-70416c17d019" testListId="8c84fa94-04c1-424b-9868-57a2d4851a1d" />
    <TestEntry testId="911fda85-2a8a-0289-0e5d-1f27e32d0aa6" executionId="20e5fcf6-2772-4d84-9ee4-09d7b39911df" testListId="8c84fa94-04c1-424b-9868-57a2d4851a1d" />
    <TestEntry testId="53725233-af41-4972-32ac-000c684e2b98" executionId="b4d1b7a7-5df6-44ed-9753-c03e7f31bae0" testListId="8c84fa94-04c1-424b-9868-57a2d4851a1d" />
    <TestEntry testId="7162dc71-0713-ba09-c292-fa119bc36516" executionId="6c495a19-01d2-47ce-8a13-d363114577e6" testListId="8c84fa94-04c1-424b-9868-57a2d4851a1d" />
    <TestEntry testId="2ede1c93-1a23-c618-a45a-75a973ec060c" executionId="58c9df80-5372-4fe7-bbcd-2a7651b93238" testListId="8c84fa94-04c1-424b-9868-57a2d4851a1d" />
    <TestEntry testId="d8f0c920-c22a-d3bb-c6d9-8857d2f2f6e8" executionId="283ae1fe-a7d1-4ec0-8e2a-78c294c1aa76" testListId="8c84fa94-04c1-424b-9868-57a2d4851a1d" />
    <TestEntry testId="58f6c3ef-e1df-709f-c47d-bb8fe9deb7c8" executionId="205e237b-d899-491e-935a-cf03a10f85b7" testListId="8c84fa94-04c1-424b-9868-57a2d4851a1d" />
    <TestEntry testId="4dface37-f7d5-e179-cda3-11b6fc0ed259" executionId="9a947d06-92d4-4d47-afd1-a5694c679bc6" testListId="8c84fa94-04c1-424b-9868-57a2d4851a1d" />
    <TestEntry testId="0b97f27c-fe86-c1fc-4ad3-df5b339bb0c0" executionId="118e2c13-5db7-4a94-b0bc-5a5bf744a0fa" testListId="8c84fa94-04c1-424b-9868-57a2d4851a1d" />
    <TestEntry testId="55dfd735-8734-de35-834e-08dd21df3135" executionId="27413b50-4409-4eb3-852f-650651ba6503" testListId="8c84fa94-04c1-424b-9868-57a2d4851a1d" />
    <TestEntry testId="663d98db-4c1c-7d60-e8fc-b858868a8a67" executionId="d740dd73-c95f-4377-87e6-ba8a0e54eaa0" testListId="8c84fa94-04c1-424b-9868-57a2d4851a1d" />
    <TestEntry testId="dd6cf3e8-1aaf-8f04-58a5-b14cae718ff7" executionId="f6c42206-8892-4f97-b503-4596df8c4a24" testListId="8c84fa94-04c1-424b-9868-57a2d4851a1d" />
    <TestEntry testId="707e1374-0d9b-937d-a234-1835e7eaa177" executionId="68556d2f-f1aa-418c-8ae2-c1e324df34c8" testListId="8c84fa94-04c1-424b-9868-57a2d4851a1d" />
    <TestEntry testId="aa7e615a-7f15-9843-7c19-46e835d236eb" executionId="f0fa18c1-fa3b-41fe-8048-d3268aa33622" testListId="8c84fa94-04c1-424b-9868-57a2d4851a1d" />
    <TestEntry testId="2dd119ab-590e-b66e-b5c2-d9a3d024a064" executionId="c5e2dcf2-ebdd-4f8a-9f12-ac9f194dcd9b" testListId="8c84fa94-04c1-424b-9868-57a2d4851a1d" />
    <TestEntry testId="e0cddd5e-2a45-1288-289d-9ff1fd5e0351" executionId="67320c93-0866-4439-9081-ccdae6696a68" testListId="8c84fa94-04c1-424b-9868-57a2d4851a1d" />
    <TestEntry testId="ecc30bc4-46be-bc3d-f1cf-7cf78fe8f2ab" executionId="70151d4d-3087-4ca6-b0f9-2f595373309d" testListId="8c84fa94-04c1-424b-9868-57a2d4851a1d" />
    <TestEntry testId="5c88af88-27e1-5531-551d-d096b081bbbb" executionId="5419e218-89da-4e31-a9c5-8c78d778d8d4" testListId="8c84fa94-04c1-424b-9868-57a2d4851a1d" />
    <TestEntry testId="7878d288-15ad-26de-21f0-8826c4067c26" executionId="0ff72b60-4c7b-4d41-bc57-bcfca848ea0f" testListId="8c84fa94-04c1-424b-9868-57a2d4851a1d" />
    <TestEntry testId="dfe9ce7a-0bc1-eeb7-3cba-161664fa3ef5" executionId="1397fa59-1aa8-4471-aa3c-de69c829be95" testListId="8c84fa94-04c1-424b-9868-57a2d4851a1d" />
    <TestEntry testId="45878f2f-0e73-97ca-b181-7f95ac5a8418" executionId="2070420f-0a4e-4b24-adcd-bfaa7232ccf7" testListId="8c84fa94-04c1-424b-9868-57a2d4851a1d" />
    <TestEntry testId="41ef5a33-62e1-ee23-395b-9e241d1e28fc" executionId="580630d8-98de-4067-a8bf-7c6edc2f1f5b" testListId="8c84fa94-04c1-424b-9868-57a2d4851a1d" />
    <TestEntry testId="9c3c2473-256a-97a6-46f2-1e4c09162e41" executionId="9958744d-1ddb-4dcd-aeca-fdff73b74f02" testListId="8c84fa94-04c1-424b-9868-57a2d4851a1d" />
    <TestEntry testId="7183fcb2-96ea-e60f-6a0d-221a2ec30690" executionId="96455e67-8919-4477-8a82-bb077d08108c" testListId="8c84fa94-04c1-424b-9868-57a2d4851a1d" />
    <TestEntry testId="84b23f90-69f9-f433-d7fd-f1242ca93715" executionId="0e73082f-366b-46e3-b979-e90a7b3326a1" testListId="8c84fa94-04c1-424b-9868-57a2d4851a1d" />
    <TestEntry testId="03aa21a3-5e37-91dc-e5c6-7f98978fd03c" executionId="d2ea3f4e-8566-4d25-8303-2cd6cefd7536" testListId="8c84fa94-04c1-424b-9868-57a2d4851a1d" />
    <TestEntry testId="1aba4601-c380-c5da-070d-9d8a2cb4ed6d" executionId="790e68c7-d8b8-4817-8d37-ba8de11377c2" testListId="8c84fa94-04c1-424b-9868-57a2d4851a1d" />
    <TestEntry testId="0be2e34f-6619-8975-afab-64437187ca4d" executionId="18c9e712-dd08-4852-9223-88b2379855ca" testListId="8c84fa94-04c1-424b-9868-57a2d4851a1d" />
    <TestEntry testId="c5354939-c673-43ca-14be-2bd609b6c1da" executionId="80777a1b-f78b-420d-a7a0-c051a172b33b" testListId="8c84fa94-04c1-424b-9868-57a2d4851a1d" />
    <TestEntry testId="8f597377-bc86-3011-70c1-8f0f455f5181" executionId="39373e15-b6f9-4f57-8435-d3613625fe96" testListId="8c84fa94-04c1-424b-9868-57a2d4851a1d" />
    <TestEntry testId="0fb68c2a-bd7a-d55c-90e4-2e456030a380" executionId="26037414-8235-4d92-96c5-bb64018af5bb" testListId="8c84fa94-04c1-424b-9868-57a2d4851a1d" />
    <TestEntry testId="54eed8b1-a365-c9d4-a02c-5452ed1f485d" executionId="2b34d210-ae98-414d-838f-a1b4c3b55da9" testListId="8c84fa94-04c1-424b-9868-57a2d4851a1d" />
    <TestEntry testId="38f24bd1-c5d2-b046-3be4-29128b1c3535" executionId="99d592e9-6197-4a07-841a-fea3026e4838" testListId="8c84fa94-04c1-424b-9868-57a2d4851a1d" />
    <TestEntry testId="ea3f11fa-1b3e-de93-fdcb-d0070e98f88c" executionId="b9657867-66e4-48b7-8c73-8c0cb8c91b39" testListId="8c84fa94-04c1-424b-9868-57a2d4851a1d" />
    <TestEntry testId="ec6b482c-220d-b4e0-fe3f-b20b1be1b822" executionId="2aa6448b-88a3-47d3-902f-60350799f41f" testListId="8c84fa94-04c1-424b-9868-57a2d4851a1d" />
    <TestEntry testId="c4d4803f-3bc8-a1b9-2e2e-1d9bfb66d32e" executionId="ba76dc5c-0ab0-4592-b4da-a74001954865" testListId="8c84fa94-04c1-424b-9868-57a2d4851a1d" />
    <TestEntry testId="0419bf75-fe13-ba31-ce3d-95f4193a989f" executionId="f7d11005-2327-4dca-a8cc-b636731c8848" testListId="8c84fa94-04c1-424b-9868-57a2d4851a1d" />
    <TestEntry testId="57da913c-5bb2-4d04-fc29-2d9bd99b6d41" executionId="0490fce8-450a-45b1-9774-8dc9bf70c962" testListId="8c84fa94-04c1-424b-9868-57a2d4851a1d" />
    <TestEntry testId="7b453ea3-7024-aa7e-6d3c-770aa31365af" executionId="1a2286f7-5596-4d08-8a2f-2d60cc01fc64" testListId="8c84fa94-04c1-424b-9868-57a2d4851a1d" />
    <TestEntry testId="ff7c89f4-a1a2-0935-fb2c-5d4a46474c55" executionId="727f58df-96e2-421b-a2fd-bfddff427f4d" testListId="8c84fa94-04c1-424b-9868-57a2d4851a1d" />
    <TestEntry testId="1972b45b-ed98-2287-19fe-826d48d6295b" executionId="2904cc62-dbd9-4ee7-bcd0-dfc99a25dca7" testListId="8c84fa94-04c1-424b-9868-57a2d4851a1d" />
    <TestEntry testId="a2886431-9c55-db6f-26b5-a842c5946b9e" executionId="72301e10-8cde-407e-9720-5dcf4d7c13f5" testListId="8c84fa94-04c1-424b-9868-57a2d4851a1d" />
    <TestEntry testId="ea8df251-c950-3cc7-7913-16d1bb48ae44" executionId="f9113a2e-097c-4572-addb-f9dee0061f9a" testListId="8c84fa94-04c1-424b-9868-57a2d4851a1d" />
    <TestEntry testId="65cbf13a-03de-c808-9ecc-3063a87651fa" executionId="842cc1aa-2335-4cd1-b5fe-7123eb110aad" testListId="8c84fa94-04c1-424b-9868-57a2d4851a1d" />
    <TestEntry testId="6c84f820-8c77-3950-e7b5-4b415ef42446" executionId="0c55ee19-3672-40d4-949e-27ffa904dd31" testListId="8c84fa94-04c1-424b-9868-57a2d4851a1d" />
    <TestEntry testId="70fae74a-dc94-7381-efaa-28b4f51bb46e" executionId="4d2e4d48-192e-45e4-97db-a4e612fae2b9" testListId="8c84fa94-04c1-424b-9868-57a2d4851a1d" />
    <TestEntry testId="3e551b4b-b7c6-e1c4-c73d-ec6688824e8f" executionId="d73fa23c-010a-4e0b-9655-126ec7e05707" testListId="8c84fa94-04c1-424b-9868-57a2d4851a1d" />
    <TestEntry testId="4292ddf4-274b-19b7-255b-545fc6e6acb2" executionId="4ddce4ce-886d-46a7-9364-6a8f3cbc7e19" testListId="8c84fa94-04c1-424b-9868-57a2d4851a1d" />
    <TestEntry testId="71d1b203-03e0-a0bb-47e6-3b7b7064588a" executionId="b8769d5a-bf8d-4a83-a045-5ad1713c759f" testListId="8c84fa94-04c1-424b-9868-57a2d4851a1d" />
    <TestEntry testId="b32e12fa-2bf4-acc1-061b-74ff1b512708" executionId="ece062ba-b93c-46d9-9257-7003bbe1c334" testListId="8c84fa94-04c1-424b-9868-57a2d4851a1d" />
    <TestEntry testId="10597dda-a407-f9c8-7523-ceedcc006f63" executionId="d562786a-b7a7-4235-9dbc-0ec35cbad800" testListId="8c84fa94-04c1-424b-9868-57a2d4851a1d" />
    <TestEntry testId="fd513a31-56bd-5d39-eca2-0c4821ffb0ec" executionId="8a2b1abe-e971-4718-be7a-3a3290907add" testListId="8c84fa94-04c1-424b-9868-57a2d4851a1d" />
    <TestEntry testId="6fd5bb32-f1e4-ed32-b396-0c120007ecc3" executionId="bdfe3dd3-f731-453e-9463-b8208b39f764" testListId="8c84fa94-04c1-424b-9868-57a2d4851a1d" />
    <TestEntry testId="d5ebd779-0db5-d487-ac59-a2968e29cda7" executionId="a3bb94bc-caf9-4a2f-ad8e-f7e62654ce53" testListId="8c84fa94-04c1-424b-9868-57a2d4851a1d" />
    <TestEntry testId="2d168e72-b1c4-0b57-fd31-afcc70bd9911" executionId="8cfc229d-5761-4795-aacc-1c4a820262c8" testListId="8c84fa94-04c1-424b-9868-57a2d4851a1d" />
    <TestEntry testId="14a241c6-a958-4260-ba4e-654c705d25f8" executionId="2b64f76f-c8e9-45c8-9a13-63181defcdcc" testListId="8c84fa94-04c1-424b-9868-57a2d4851a1d" />
    <TestEntry testId="fd6e953f-5dd0-0abb-0784-55a54af88074" executionId="a579ef9f-e0dc-4714-a8a1-29c5d409b775" testListId="8c84fa94-04c1-424b-9868-57a2d4851a1d" />
    <TestEntry testId="6ee29016-8a57-9582-6b81-a21d757f27ac" executionId="c10ca015-5934-474b-8940-ff0505e5c3cf" testListId="8c84fa94-04c1-424b-9868-57a2d4851a1d" />
    <TestEntry testId="19699ab8-56b4-61b7-0754-1ac8ee2c3788" executionId="37a0f13b-d556-414c-b175-2bda7ca22039" testListId="8c84fa94-04c1-424b-9868-57a2d4851a1d" />
    <TestEntry testId="18569e55-01d3-2cbe-9a47-b7a6b6af48bd" executionId="b8852c4e-3b11-4416-8113-5f8bf80a58ec" testListId="8c84fa94-04c1-424b-9868-57a2d4851a1d" />
    <TestEntry testId="8a6fe78d-1950-ca2c-fcac-76683a017d7a" executionId="41298d30-0fcf-4191-88a1-dddafe901d2c" testListId="8c84fa94-04c1-424b-9868-57a2d4851a1d" />
    <TestEntry testId="6adfb11f-b707-1c16-4f78-f05186887b40" executionId="751bb1ca-19bb-4bce-bdd6-c6182695f4e2" testListId="8c84fa94-04c1-424b-9868-57a2d4851a1d" />
    <TestEntry testId="19699ab8-56b4-61b7-0754-1ac8ee2c3788" executionId="41487f7b-f406-4eac-9b25-f6d7e065a55f" testListId="8c84fa94-04c1-424b-9868-57a2d4851a1d" />
    <TestEntry testId="e0cddd5e-2a45-1288-289d-9ff1fd5e0351" executionId="e44c1ee4-81cc-4529-a57b-06d1bbbf2c88" testListId="8c84fa94-04c1-424b-9868-57a2d4851a1d" />
    <TestEntry testId="61e1b106-29d8-ebe9-5280-29055e086c8a" executionId="e2107e30-c19d-4910-a7c1-125fee276882" testListId="8c84fa94-04c1-424b-9868-57a2d4851a1d" />
    <TestEntry testId="e012fd6d-d5f7-c5d4-58d5-2f3f9b3d5de3" executionId="2a9b2b63-edff-4573-b7ec-36d0bb0b8e70" testListId="8c84fa94-04c1-424b-9868-57a2d4851a1d" />
    <TestEntry testId="4c797b3a-2efa-30be-bb00-1dc3fd87ea84" executionId="6578d71f-8ba6-48f6-b9c1-307dea73ab83" testListId="8c84fa94-04c1-424b-9868-57a2d4851a1d" />
    <TestEntry testId="fc7b79c7-3523-04fd-60af-a22152a3cdb2" executionId="23064db0-e9e1-426a-9fb1-25b9b040e6b8" testListId="8c84fa94-04c1-424b-9868-57a2d4851a1d" />
    <TestEntry testId="74b96a9d-dba2-ac4b-acb6-2e4a1c7bd4a9" executionId="31032cda-89b4-40fc-b8c1-a7148d8e3ea1" testListId="8c84fa94-04c1-424b-9868-57a2d4851a1d" />
    <TestEntry testId="414a0397-f54b-8531-79ed-4155a6e28bf0" executionId="044a306f-92a3-4170-ba57-03ca6dce4df1" testListId="8c84fa94-04c1-424b-9868-57a2d4851a1d" />
    <TestEntry testId="2ede1c93-1a23-c618-a45a-75a973ec060c" executionId="b19f0696-5ce7-444d-b92e-5a2852114802" testListId="8c84fa94-04c1-424b-9868-57a2d4851a1d" />
    <TestEntry testId="1edd2235-9ccb-5a7c-da3c-69852da57d43" executionId="3e2158be-8e4d-474a-b8a6-5776649ab701" testListId="8c84fa94-04c1-424b-9868-57a2d4851a1d" />
    <TestEntry testId="40f397c7-6770-78b5-44ee-bfd175e82413" executionId="1afe1977-0d47-4332-b1fa-6860964500bf" testListId="8c84fa94-04c1-424b-9868-57a2d4851a1d" />
    <TestEntry testId="d9479674-b723-212b-fc32-badb4502af7f" executionId="05258903-354c-4fbd-a8db-68d1a3af49f2" testListId="8c84fa94-04c1-424b-9868-57a2d4851a1d" />
    <TestEntry testId="5145f4af-fec7-c72d-871d-4e76b076e06c" executionId="f2d6f93b-14f2-496c-b56d-19e59044e380" testListId="8c84fa94-04c1-424b-9868-57a2d4851a1d" />
    <TestEntry testId="203ed372-9fa6-a5f4-352d-85cf0a8f907a" executionId="475b2282-5e27-4254-a87f-533c61fa3698" testListId="8c84fa94-04c1-424b-9868-57a2d4851a1d" />
    <TestEntry testId="f1d4fcef-c0b2-1a2b-4443-9a6196e09556" executionId="a13923cd-2247-48fd-9a2d-8b4b59be8c32" testListId="8c84fa94-04c1-424b-9868-57a2d4851a1d" />
    <TestEntry testId="c5977101-a367-5ad0-8a4d-4b7905bf170b" executionId="63c12639-822d-4a20-a6ea-3076139ddfb1" testListId="8c84fa94-04c1-424b-9868-57a2d4851a1d" />
    <TestEntry testId="eb6b2198-722f-088a-171f-b415baf59577" executionId="9817faa8-29a5-4023-9f06-94c7020c110b" testListId="8c84fa94-04c1-424b-9868-57a2d4851a1d" />
    <TestEntry testId="012e8c6f-7d14-d9e7-6248-1a51abfc0934" executionId="55cb9487-2efc-43de-9093-23c0e133e871" testListId="8c84fa94-04c1-424b-9868-57a2d4851a1d" />
    <TestEntry testId="226d3be9-5998-016f-4009-3b396d1b4e9d" executionId="ec7f7376-dea6-4866-b228-52dfdb4389cc" testListId="8c84fa94-04c1-424b-9868-57a2d4851a1d" />
    <TestEntry testId="6926cdea-c42f-d597-2f5a-a03f871c03af" executionId="60cba3bf-e147-48f5-a1ee-35914036d5b1" testListId="8c84fa94-04c1-424b-9868-57a2d4851a1d" />
    <TestEntry testId="298fe03e-249b-b13d-a269-1b389ef1a02e" executionId="6f8677e4-95b3-4f7a-894d-2a69b39d47ac" testListId="8c84fa94-04c1-424b-9868-57a2d4851a1d" />
    <TestEntry testId="015a8ef8-6c0a-305c-c135-1a20935b4ee3" executionId="14775948-70eb-4789-abf2-c2c9f37f493b" testListId="8c84fa94-04c1-424b-9868-57a2d4851a1d" />
    <TestEntry testId="d795c0a8-9a9f-f433-ed96-af7d3460b21c" executionId="3fc97fae-6543-4ce8-8cfa-cee80ac05fac" testListId="8c84fa94-04c1-424b-9868-57a2d4851a1d" />
    <TestEntry testId="5ae8450b-6671-8b60-6bf9-6010dc1e24d9" executionId="4f52d8b7-131b-47e9-8c74-7c0846297ace" testListId="8c84fa94-04c1-424b-9868-57a2d4851a1d" />
    <TestEntry testId="226ff44c-7eed-908a-393a-428e9c82527f" executionId="39e80a5c-3e98-4535-917e-89fed1b3b0e3" testListId="8c84fa94-04c1-424b-9868-57a2d4851a1d" />
    <TestEntry testId="7f0cfee7-83d2-7302-01d8-22231e7281e5" executionId="de0942cd-fc7f-41d2-9c0b-95faa9191a30" testListId="8c84fa94-04c1-424b-9868-57a2d4851a1d" />
    <TestEntry testId="dd897532-7f0f-72fe-4d53-800a9279ec29" executionId="a81ab0c9-a761-4117-a958-efb054cc6009" testListId="8c84fa94-04c1-424b-9868-57a2d4851a1d" />
    <TestEntry testId="e1ab8da4-8f35-20c5-5517-83d643bb829e" executionId="ce857c4b-d4e1-4e46-a420-693593d3596b" testListId="8c84fa94-04c1-424b-9868-57a2d4851a1d" />
    <TestEntry testId="8af30576-a2b6-df1c-49fa-2acbc5c464dc" executionId="790a5de6-9a39-4ba0-8071-1ab36c948195" testListId="8c84fa94-04c1-424b-9868-57a2d4851a1d" />
    <TestEntry testId="52a34d31-6d81-2e53-0b6b-87f2b9dedb35" executionId="f38197d2-7546-40aa-8ee5-df6aab3e3138" testListId="8c84fa94-04c1-424b-9868-57a2d4851a1d" />
    <TestEntry testId="f1a2ceb7-0522-0474-b149-8b5203dd2635" executionId="db9c5189-2a82-4c1f-b42e-dee374a477ee" testListId="8c84fa94-04c1-424b-9868-57a2d4851a1d" />
    <TestEntry testId="55fb0a26-9c99-4be0-982c-ede52667b895" executionId="18211c13-4d45-4e62-bbeb-592acdffe5cc" testListId="8c84fa94-04c1-424b-9868-57a2d4851a1d" />
    <TestEntry testId="07e3bbd6-7365-4e2d-bb09-fdfd715d2865" executionId="040d4839-329d-496c-8247-f5e1b68c064f" testListId="8c84fa94-04c1-424b-9868-57a2d4851a1d" />
    <TestEntry testId="e2777af6-89da-bcc7-1e5f-dbae0243e789" executionId="a6c5a34b-3267-48d8-8264-0bbe070cdff8" testListId="8c84fa94-04c1-424b-9868-57a2d4851a1d" />
    <TestEntry testId="fd513a31-56bd-5d39-eca2-0c4821ffb0ec" executionId="109998ef-f18a-463d-8852-c1d6688e50c5" testListId="8c84fa94-04c1-424b-9868-57a2d4851a1d" />
    <TestEntry testId="674e55d2-559b-2a72-32e8-b5e3b33d3bc0" executionId="b27fbb64-746c-40ac-a62c-91c7e454ed88" testListId="8c84fa94-04c1-424b-9868-57a2d4851a1d" />
    <TestEntry testId="c2d4182e-57b2-d0b4-b48e-a9dee12d38f7" executionId="8587c21c-bf23-44ad-a418-21adb1a0dbc9" testListId="8c84fa94-04c1-424b-9868-57a2d4851a1d" />
    <TestEntry testId="8164a338-b915-cb83-85f2-4104847fbb1a" executionId="08171b28-a4ae-4f6c-9bc3-e04701ede684" testListId="8c84fa94-04c1-424b-9868-57a2d4851a1d" />
    <TestEntry testId="0e3f6730-de0b-7a62-477b-e1da6a491a3d" executionId="277b1611-ccbc-4a9a-8384-810d8d0fa329" testListId="8c84fa94-04c1-424b-9868-57a2d4851a1d" />
    <TestEntry testId="694c5bd8-5ae5-4f19-c561-d0d00b109883" executionId="54cc4935-49f9-425b-b8f8-c0558f7ae796" testListId="8c84fa94-04c1-424b-9868-57a2d4851a1d" />
    <TestEntry testId="afc67675-4ede-eedc-88e8-752665cb23e0" executionId="7b3b6698-6fbf-4990-ac98-4568f686d60f" testListId="8c84fa94-04c1-424b-9868-57a2d4851a1d" />
    <TestEntry testId="4c624072-3469-3d06-1b6a-9cf723873fdb" executionId="2603aef7-dd25-4703-87de-3e5d90fc4770" testListId="8c84fa94-04c1-424b-9868-57a2d4851a1d" />
    <TestEntry testId="66b8e62c-41e1-ac4c-e3ed-694c95834d4f" executionId="dc35c84a-9320-475d-96c4-c093b44e4560" testListId="8c84fa94-04c1-424b-9868-57a2d4851a1d" />
    <TestEntry testId="6620d40e-d903-83db-0393-7ce4b6d7a8b9" executionId="20e33d34-154a-450b-aa14-28bf761182ce" testListId="8c84fa94-04c1-424b-9868-57a2d4851a1d" />
    <TestEntry testId="499a4bba-291d-374f-711c-1097a1a52e0f" executionId="8b2471bf-f90b-4acb-a2c2-22d2f2edb2ed" testListId="8c84fa94-04c1-424b-9868-57a2d4851a1d" />
    <TestEntry testId="d1f13926-f0e0-53c6-7c36-40094af4c358" executionId="8e8f3eaa-de90-405c-8dda-7852d9003f15" testListId="8c84fa94-04c1-424b-9868-57a2d4851a1d" />
    <TestEntry testId="07ef0f4a-874b-3393-6516-96d459f1f2b1" executionId="13f7ba59-4b4f-4129-aa55-08100f4f36ab" testListId="8c84fa94-04c1-424b-9868-57a2d4851a1d" />
    <TestEntry testId="4ead736c-1e06-7828-c8d6-26a8e046cf24" executionId="bfed9b38-5082-48b3-896e-f05d1e1212d8" testListId="8c84fa94-04c1-424b-9868-57a2d4851a1d" />
    <TestEntry testId="017dd787-7959-4118-62cf-60ee3ad1f244" executionId="998dc364-5d30-48a0-ae04-0af58de9a016" testListId="8c84fa94-04c1-424b-9868-57a2d4851a1d" />
    <TestEntry testId="bfc4c269-8ffa-0bf9-9acb-eb4e0e390e83" executionId="9a1f6af6-4ccd-46e8-82ff-c270c0299535" testListId="8c84fa94-04c1-424b-9868-57a2d4851a1d" />
    <TestEntry testId="0346a494-c9f4-094c-b758-2e44f1b83219" executionId="13edd3e9-f669-4240-9dbc-d266da5e6901" testListId="8c84fa94-04c1-424b-9868-57a2d4851a1d" />
    <TestEntry testId="36dc42a7-cee0-b1cc-d552-729ae37edab5" executionId="fe472e38-4a1f-4799-af68-3f5fbe69e233" testListId="8c84fa94-04c1-424b-9868-57a2d4851a1d" />
    <TestEntry testId="55fb0a26-9c99-4be0-982c-ede52667b895" executionId="0af41feb-767f-4ac7-9bd7-2ee3331cc724" testListId="8c84fa94-04c1-424b-9868-57a2d4851a1d" />
    <TestEntry testId="b4a22cc2-d8b9-fe51-d222-23927ecc5b03" executionId="4f53ae51-4453-4781-b174-daa8a44f7892" testListId="8c84fa94-04c1-424b-9868-57a2d4851a1d" />
    <TestEntry testId="17a39795-eace-ebc5-37db-b025bf49f2f8" executionId="9f3bc167-8e81-434e-bbfe-0750f9018564" testListId="8c84fa94-04c1-424b-9868-57a2d4851a1d" />
    <TestEntry testId="81f56538-53f4-307d-7a3b-029637d6a390" executionId="809b621a-c166-42fc-a567-b3bc3701a4f9" testListId="8c84fa94-04c1-424b-9868-57a2d4851a1d" />
    <TestEntry testId="f12aee75-fa53-4c05-9706-3be9762ccebf" executionId="e1da48e0-0524-4fed-8295-4997105990d9" testListId="8c84fa94-04c1-424b-9868-57a2d4851a1d" />
    <TestEntry testId="a41dcb24-b89d-3f22-c149-d98a0341724c" executionId="0e373d55-e191-47fa-ad56-2a2bb21f18ad" testListId="8c84fa94-04c1-424b-9868-57a2d4851a1d" />
    <TestEntry testId="91cab3e6-f6e6-ffd2-a883-2556c43bc8c0" executionId="28ecdb73-b6d9-4f96-8e43-6b4107eb1ac7" testListId="8c84fa94-04c1-424b-9868-57a2d4851a1d" />
    <TestEntry testId="684d119b-bf29-0359-d6c0-2d83b20138f4" executionId="2c26b2db-7407-428f-9aeb-8d39a523bd1a" testListId="8c84fa94-04c1-424b-9868-57a2d4851a1d" />
    <TestEntry testId="63790d28-d6ef-2c4e-d8fa-faa3cb95b277" executionId="477d5e7c-7b3e-40c6-872b-3d9b4014ee55" testListId="8c84fa94-04c1-424b-9868-57a2d4851a1d" />
    <TestEntry testId="cfdc707a-ae9b-f825-18a1-f453709bdde0" executionId="28a3e3b7-b0f1-4924-abc0-1709f4e9a6a4" testListId="8c84fa94-04c1-424b-9868-57a2d4851a1d" />
    <TestEntry testId="a0efe433-7d1f-0632-d7f1-eebd2a3138b2" executionId="1cab8ee1-0fcf-4d2b-a0ad-819d966d01aa" testListId="8c84fa94-04c1-424b-9868-57a2d4851a1d" />
    <TestEntry testId="e0cddd5e-2a45-1288-289d-9ff1fd5e0351" executionId="710b4662-e8c8-4af3-9cae-bcbe41451e74" testListId="8c84fa94-04c1-424b-9868-57a2d4851a1d" />
    <TestEntry testId="7ad3de30-3ed1-60e8-cd6f-96cecd09cd80" executionId="26a4eb3a-9062-4e47-9f60-f9ebe69f9f37" testListId="8c84fa94-04c1-424b-9868-57a2d4851a1d" />
    <TestEntry testId="1d780e53-4d1b-27c4-bd74-c65d8cf44778" executionId="bc55e97f-a232-4110-9970-f733dd7fb0fe" testListId="8c84fa94-04c1-424b-9868-57a2d4851a1d" />
    <TestEntry testId="04a5b1b1-3a10-f4f6-371a-04cf46ac4cb9" executionId="bb511b11-52a5-44b4-b214-d5fa66ddd126" testListId="8c84fa94-04c1-424b-9868-57a2d4851a1d" />
    <TestEntry testId="af848a1f-f111-f492-606c-888928ebb663" executionId="5f5bd90c-f1c0-4a6b-9a0d-59962eed32fa" testListId="8c84fa94-04c1-424b-9868-57a2d4851a1d" />
    <TestEntry testId="d795c0a8-9a9f-f433-ed96-af7d3460b21c" executionId="7fd5cad9-f254-4c1a-a1dd-87fde338ff70" testListId="8c84fa94-04c1-424b-9868-57a2d4851a1d" />
    <TestEntry testId="470612f3-9e40-7de7-9e4d-fde6f04f5483" executionId="66d7ed43-4ace-45e9-9d7a-3cbdc20566fb" testListId="8c84fa94-04c1-424b-9868-57a2d4851a1d" />
    <TestEntry testId="efc4d7a7-1c02-52fb-6651-83720e62b6e4" executionId="1c745141-2566-4bf8-96d9-9f42b46702fe" testListId="8c84fa94-04c1-424b-9868-57a2d4851a1d" />
    <TestEntry testId="486e9ba1-e753-20ca-0c09-62b671e1cc0c" executionId="345742bf-4d64-4984-a813-fdf329f5f799" testListId="8c84fa94-04c1-424b-9868-57a2d4851a1d" />
    <TestEntry testId="9e67d4f4-b484-92be-3e40-b0308bf16bd7" executionId="bbf72333-3aa0-4ee8-800b-361bcaf1b5c9" testListId="8c84fa94-04c1-424b-9868-57a2d4851a1d" />
    <TestEntry testId="c85d0da6-be6a-5a9a-569e-4867226fc3d6" executionId="b31e0d96-ad27-4a0c-ab5f-dae065466ac7" testListId="8c84fa94-04c1-424b-9868-57a2d4851a1d" />
    <TestEntry testId="7f6a9984-6418-1329-1ddd-ff46325f35f0" executionId="95c25a9e-dca9-453f-bfbc-fcef7ba0bd49" testListId="8c84fa94-04c1-424b-9868-57a2d4851a1d" />
    <TestEntry testId="499a4bba-291d-374f-711c-1097a1a52e0f" executionId="9648bb41-fd0e-4f37-9f55-41aedf85384a" testListId="8c84fa94-04c1-424b-9868-57a2d4851a1d" />
    <TestEntry testId="4c3c8efe-8bf5-8a38-a5a0-de9721f93478" executionId="cce187f5-eaea-40b7-ac79-78561dafd7fa" testListId="8c84fa94-04c1-424b-9868-57a2d4851a1d" />
    <TestEntry testId="17369e9f-e0bd-1c7b-7945-dea8f9bd2825" executionId="92276176-2fb6-404c-9524-9254171019b2" testListId="8c84fa94-04c1-424b-9868-57a2d4851a1d" />
    <TestEntry testId="571e52cc-9e6a-e23f-26e7-d7422fa96287" executionId="2db69c78-f73a-4965-b7fb-c3aa872ef746" testListId="8c84fa94-04c1-424b-9868-57a2d4851a1d" />
    <TestEntry testId="b71d196b-5d7d-7218-f948-d0c24d038ef9" executionId="08d045a6-d417-4eda-8f04-33e9da1f47b6" testListId="8c84fa94-04c1-424b-9868-57a2d4851a1d" />
    <TestEntry testId="8604c345-8857-b944-5bd1-a96a9a067ba4" executionId="93204165-b441-4689-9e10-17ba95936a37" testListId="8c84fa94-04c1-424b-9868-57a2d4851a1d" />
    <TestEntry testId="55fb0a26-9c99-4be0-982c-ede52667b895" executionId="8b30e7dc-2160-48d5-848d-6c7dea75f066" testListId="8c84fa94-04c1-424b-9868-57a2d4851a1d" />
    <TestEntry testId="fc7b79c7-3523-04fd-60af-a22152a3cdb2" executionId="ca248b5c-93ce-4fea-937f-1304e6139fdf" testListId="8c84fa94-04c1-424b-9868-57a2d4851a1d" />
    <TestEntry testId="abac6730-0dfa-768f-44d6-3d8c55284461" executionId="455c6530-ce7f-4f51-8cbe-1b746da61f28" testListId="8c84fa94-04c1-424b-9868-57a2d4851a1d" />
    <TestEntry testId="0e19d662-3eda-75d2-8b4e-f3c96f6d0a88" executionId="34d9de7e-d7d4-4a02-9612-7d21f70a350d" testListId="8c84fa94-04c1-424b-9868-57a2d4851a1d" />
    <TestEntry testId="171104a2-6a51-5fc9-7ed0-45112a1bc210" executionId="f64e145d-a899-408a-b2f0-17b303e2a911" testListId="8c84fa94-04c1-424b-9868-57a2d4851a1d" />
    <TestEntry testId="37edd2ee-f80c-098c-cce6-2592ce58d6a6" executionId="bb923560-9a36-4c90-b3b8-73c5f027fb32" testListId="8c84fa94-04c1-424b-9868-57a2d4851a1d" />
    <TestEntry testId="723957d6-8abc-9be3-77c2-e323767653a8" executionId="802f0b55-dc52-4e56-8241-0bb1ba0cbcf8" testListId="8c84fa94-04c1-424b-9868-57a2d4851a1d" />
    <TestEntry testId="8126e01a-cdcc-e7f3-dd05-3d0d1e78a7c8" executionId="caa1cb48-406e-4d25-a655-cbc0d201772a" testListId="8c84fa94-04c1-424b-9868-57a2d4851a1d" />
    <TestEntry testId="d795c0a8-9a9f-f433-ed96-af7d3460b21c" executionId="0fe434c2-a156-4b5d-8400-6788c091a4d9" testListId="8c84fa94-04c1-424b-9868-57a2d4851a1d" />
    <TestEntry testId="2ede1c93-1a23-c618-a45a-75a973ec060c" executionId="ad6ae3dd-b309-4da5-a9e9-8bc8dd33a898" testListId="8c84fa94-04c1-424b-9868-57a2d4851a1d" />
    <TestEntry testId="06c68ee5-4115-5846-7fc3-9d60a4e87d30" executionId="e2b65532-ab4c-468d-aa7a-848833cb89a3" testListId="8c84fa94-04c1-424b-9868-57a2d4851a1d" />
    <TestEntry testId="a0d5f268-093a-ce20-e2cc-9639f69015bc" executionId="374a5a93-2dea-4b2c-9044-06d94ccfb04c" testListId="8c84fa94-04c1-424b-9868-57a2d4851a1d" />
    <TestEntry testId="edcac07c-0187-8feb-c533-c6a6f3a28b60" executionId="34d2e535-434f-4794-b5a6-9829e0036d4e" testListId="8c84fa94-04c1-424b-9868-57a2d4851a1d" />
    <TestEntry testId="d1dda812-a522-3dfd-f226-01661877f3cd" executionId="699b2317-a39e-4163-b9da-2e78868373ed" testListId="8c84fa94-04c1-424b-9868-57a2d4851a1d" />
    <TestEntry testId="2eb286f0-704e-1041-cbe7-249a3f01188e" executionId="5975af43-4956-4e40-bd09-b1494f8dfc9c" testListId="8c84fa94-04c1-424b-9868-57a2d4851a1d" />
    <TestEntry testId="7cfa6867-ebb1-e0dd-508a-8497d7fa54a0" executionId="70cecad2-8e8f-449a-ad67-4dbcb08dac28" testListId="8c84fa94-04c1-424b-9868-57a2d4851a1d" />
    <TestEntry testId="2f1882f1-d6f3-7332-d3a2-9e3758b94b59" executionId="a69d1776-2a84-4392-8326-204c57fc2750" testListId="8c84fa94-04c1-424b-9868-57a2d4851a1d" />
    <TestEntry testId="11467e6d-1446-1c33-4c35-953b21f647c3" executionId="de9a9f6f-0a96-45d8-8201-366722acf834" testListId="8c84fa94-04c1-424b-9868-57a2d4851a1d" />
    <TestEntry testId="50865f7a-d1cf-32ac-c5cb-a183385e8eca" executionId="7a599694-ab11-4f3c-8da6-44ef4364c34f" testListId="8c84fa94-04c1-424b-9868-57a2d4851a1d" />
    <TestEntry testId="0be2e34f-6619-8975-afab-64437187ca4d" executionId="25116144-5f25-4d27-8166-cdeb240c8567" testListId="8c84fa94-04c1-424b-9868-57a2d4851a1d" />
    <TestEntry testId="b9366499-2fa9-2b74-777c-bd5ce9b81d50" executionId="902efc95-bedd-4b41-9e50-f9d99b982b52" testListId="8c84fa94-04c1-424b-9868-57a2d4851a1d" />
    <TestEntry testId="5edad639-7772-08f8-4106-625d4c43a8b3" executionId="15602e5a-157e-4401-bb14-e38eb0e8a4d2" testListId="8c84fa94-04c1-424b-9868-57a2d4851a1d" />
    <TestEntry testId="0da18184-c20f-d5ad-bc5e-22dc0f1cb3a7" executionId="04786ea4-550c-476b-b4fc-9ffda27bf6eb" testListId="8c84fa94-04c1-424b-9868-57a2d4851a1d" />
    <TestEntry testId="8b53c199-c168-bbf7-eda1-d20e6041e2a6" executionId="91d6dffb-e0bd-445b-b7ae-ebc377e457ba" testListId="8c84fa94-04c1-424b-9868-57a2d4851a1d" />
    <TestEntry testId="f8e87052-3c31-7772-0006-d96208939871" executionId="106b24be-c2c1-40d7-84c0-9e3c536610d6" testListId="8c84fa94-04c1-424b-9868-57a2d4851a1d" />
    <TestEntry testId="41b926d3-3d70-b9d0-fd5a-db49635794a4" executionId="0e0042cc-f6d3-4a46-a115-a13390c61a6e" testListId="8c84fa94-04c1-424b-9868-57a2d4851a1d" />
    <TestEntry testId="4fc3bf72-5878-f9f1-8f88-5cc276408beb" executionId="faefab65-3957-4d22-ba02-162afbf6b965" testListId="8c84fa94-04c1-424b-9868-57a2d4851a1d" />
    <TestEntry testId="691771b2-9881-2584-0382-8b2d381324cf" executionId="c533f711-eb12-4afd-a06f-c8693fb6eafd" testListId="8c84fa94-04c1-424b-9868-57a2d4851a1d" />
    <TestEntry testId="d6ebcc12-cfb0-53aa-98c4-6cc50d60c9db" executionId="d9ffb8b0-35c4-41e9-9a17-5ec9ca0123b6" testListId="8c84fa94-04c1-424b-9868-57a2d4851a1d" />
    <TestEntry testId="5770f1a8-6ef2-8f70-7afe-af85c0fe7780" executionId="f4989cee-a980-4062-84b2-89ee26a942a1" testListId="8c84fa94-04c1-424b-9868-57a2d4851a1d" />
    <TestEntry testId="10e3d357-1906-14db-33eb-5f09e282e5ed" executionId="8e6e3113-0a22-4be2-8d88-13d55c6dff00" testListId="8c84fa94-04c1-424b-9868-57a2d4851a1d" />
    <TestEntry testId="7f9ad7c1-2677-a538-72d9-c606ba0c8487" executionId="f369caa3-6f7e-479d-8c5c-65033219d21f" testListId="8c84fa94-04c1-424b-9868-57a2d4851a1d" />
    <TestEntry testId="d2c9aff5-47d5-b79a-c0eb-4e831caf7a21" executionId="277a4008-5798-46b8-baf9-007ca50f3780" testListId="8c84fa94-04c1-424b-9868-57a2d4851a1d" />
    <TestEntry testId="d18b6434-c864-afc2-ce16-b7274bf9826f" executionId="f6f7b62e-fab3-43dd-a666-dff49ce96675" testListId="8c84fa94-04c1-424b-9868-57a2d4851a1d" />
    <TestEntry testId="526c9bb8-1995-0684-2f22-aa3400de016f" executionId="3914e663-c6da-4600-a8eb-752b013c01b0" testListId="8c84fa94-04c1-424b-9868-57a2d4851a1d" />
    <TestEntry testId="69a8af49-3dfe-560f-907d-c6f19402dc4c" executionId="86853af8-2116-4aca-97d0-864260c0bdc0" testListId="8c84fa94-04c1-424b-9868-57a2d4851a1d" />
    <TestEntry testId="abec9a13-deaf-e930-46a3-bb5a190e831a" executionId="1448cdff-21e5-415e-9321-7fe6a5aec3de" testListId="8c84fa94-04c1-424b-9868-57a2d4851a1d" />
    <TestEntry testId="97987535-2968-7f77-7024-d278c34b0d82" executionId="dc10aee5-7730-44b3-b08e-522f45a8a7f4" testListId="8c84fa94-04c1-424b-9868-57a2d4851a1d" />
    <TestEntry testId="8bd8f64f-5b3a-ce8b-2a95-38deb100db6e" executionId="b45f6ec8-bcc5-4a07-8303-689c18bc68a8" testListId="8c84fa94-04c1-424b-9868-57a2d4851a1d" />
    <TestEntry testId="26c4603d-2ecb-30d4-f06b-7570582ea7ac" executionId="73e07ce8-7309-41d8-84ff-f1824b151c27" testListId="8c84fa94-04c1-424b-9868-57a2d4851a1d" />
    <TestEntry testId="14b71093-01d3-79b3-699f-161f58724b21" executionId="93bb3ce7-a909-47bf-b77c-0049f3b87974" testListId="8c84fa94-04c1-424b-9868-57a2d4851a1d" />
    <TestEntry testId="5c0ec28d-c5d9-3f0b-b666-ef73fc816bf9" executionId="dc8f77f4-21ae-4b0c-8111-24b0ff088d30" testListId="8c84fa94-04c1-424b-9868-57a2d4851a1d" />
    <TestEntry testId="c8c8c482-3662-3a70-a2ff-e4dbea2300e5" executionId="50fee8c6-c1ed-46f3-a7b4-5f581d8751e0" testListId="8c84fa94-04c1-424b-9868-57a2d4851a1d" />
    <TestEntry testId="1c0c0ede-94cf-1f31-cf90-2475a239bc38" executionId="4236ed75-9cb6-48e9-9925-19b886b715a1" testListId="8c84fa94-04c1-424b-9868-57a2d4851a1d" />
    <TestEntry testId="c1fd8e65-8e01-0474-0fff-7d2af4135b46" executionId="f57bccfb-2202-4b83-8906-a3caa783f4db" testListId="8c84fa94-04c1-424b-9868-57a2d4851a1d" />
    <TestEntry testId="9ead1186-c628-8ae9-fc32-0c702d45e94a" executionId="b0f0b387-bd47-4eaf-b753-8c244dbe08c4" testListId="8c84fa94-04c1-424b-9868-57a2d4851a1d" />
    <TestEntry testId="cb827e29-70c8-5330-47ce-9981d0ba2876" executionId="0ff04541-4953-43b8-9b08-bce722118a80" testListId="8c84fa94-04c1-424b-9868-57a2d4851a1d" />
    <TestEntry testId="177ef4bf-7531-a779-4b80-032e62efe340" executionId="bb4c7b94-a37e-439b-91c6-2339487721f1" testListId="8c84fa94-04c1-424b-9868-57a2d4851a1d" />
    <TestEntry testId="510b24b8-e7ed-d0e5-067c-54701224d287" executionId="94fe186d-c4b9-494d-b483-c83426f52091" testListId="8c84fa94-04c1-424b-9868-57a2d4851a1d" />
    <TestEntry testId="eb2000eb-be48-b645-012d-23b04fb855fa" executionId="8c29ace8-2b11-49da-ab9a-f40c8035ed9e" testListId="8c84fa94-04c1-424b-9868-57a2d4851a1d" />
    <TestEntry testId="28e45289-e885-7685-d25c-3d36aa53824f" executionId="8c6b5b98-ff81-4def-bf4a-07889a6ed42a" testListId="8c84fa94-04c1-424b-9868-57a2d4851a1d" />
    <TestEntry testId="1ff3aeae-7a63-fbe9-58e8-019dae187cfb" executionId="c7a7fcf2-d636-4b3b-86a3-58b8a2e4e0e0" testListId="8c84fa94-04c1-424b-9868-57a2d4851a1d" />
    <TestEntry testId="8ea35cbd-e8bd-57df-5fbe-822641e9e234" executionId="dccfe54d-8f36-4395-aba7-299300165e31" testListId="8c84fa94-04c1-424b-9868-57a2d4851a1d" />
    <TestEntry testId="99fe2d9f-2eb0-853a-b738-215cc0d01990" executionId="a22cb53f-2f25-421d-99e6-ee7fdfd9d9e0" testListId="8c84fa94-04c1-424b-9868-57a2d4851a1d" />
    <TestEntry testId="85b3cc95-910c-ccf8-fa6c-207ac76f89b7" executionId="c34de6bc-de41-42bd-abe2-c930994b52c1" testListId="8c84fa94-04c1-424b-9868-57a2d4851a1d" />
    <TestEntry testId="01cca043-7422-59f0-8edf-1a356304b220" executionId="4907ab3d-158f-47b0-87bc-44593fa5df45" testListId="8c84fa94-04c1-424b-9868-57a2d4851a1d" />
    <TestEntry testId="f8a4fdfd-2ee1-6ccb-9204-9fa723643148" executionId="3824c329-4b1b-43a5-803d-4335ba29e08a" testListId="8c84fa94-04c1-424b-9868-57a2d4851a1d" />
    <TestEntry testId="9b5468a2-4813-db67-ef8f-8ee6cb07a98d" executionId="ed8c975d-ac6f-4d5c-b3ad-cf5a753dd631" testListId="8c84fa94-04c1-424b-9868-57a2d4851a1d" />
    <TestEntry testId="66b8e62c-41e1-ac4c-e3ed-694c95834d4f" executionId="a65b3ee0-1a6d-4747-826b-cf396f2cda7a" testListId="8c84fa94-04c1-424b-9868-57a2d4851a1d" />
    <TestEntry testId="7017f552-29c1-e84c-7d16-ba9bc8601904" executionId="61241ddc-dbec-4a43-8b4c-d7fd7261c564" testListId="8c84fa94-04c1-424b-9868-57a2d4851a1d" />
    <TestEntry testId="1e71a163-7cc6-73ff-f5a1-2c06a14b2998" executionId="5e3fb1ee-641c-4edb-9786-7537c70728b0" testListId="8c84fa94-04c1-424b-9868-57a2d4851a1d" />
    <TestEntry testId="83c26dfc-7c9f-0e03-2375-8e3fadd5c926" executionId="d918e79a-7ec1-4616-85f5-1cc19e0aa648" testListId="8c84fa94-04c1-424b-9868-57a2d4851a1d" />
    <TestEntry testId="0afa6e93-21df-6485-679f-9075d24581f2" executionId="1951c11f-39f5-40b2-b231-65def4c5f811" testListId="8c84fa94-04c1-424b-9868-57a2d4851a1d" />
    <TestEntry testId="50c93238-4012-6df7-32db-f969a8a7c6b3" executionId="d01c0e71-4cf4-4175-a1e0-03a7ea3701aa" testListId="8c84fa94-04c1-424b-9868-57a2d4851a1d" />
    <TestEntry testId="aec7847b-f2dd-7f82-7106-a9f877eba7a8" executionId="a2749cd9-8440-44c7-a5be-c650199a82f0" testListId="8c84fa94-04c1-424b-9868-57a2d4851a1d" />
    <TestEntry testId="115a5448-e576-bd00-5099-010be9269ce1" executionId="eb058ad7-2aa9-4fbf-8fa2-df9558b885ad" testListId="8c84fa94-04c1-424b-9868-57a2d4851a1d" />
    <TestEntry testId="1bcd7891-9ead-1691-023a-1f3f8a8b4b07" executionId="6a669114-bce2-4bdb-bf5b-bfe4a6553805" testListId="8c84fa94-04c1-424b-9868-57a2d4851a1d" />
    <TestEntry testId="18569e55-01d3-2cbe-9a47-b7a6b6af48bd" executionId="0bb686f9-80d0-49f0-b391-ead368b0431f" testListId="8c84fa94-04c1-424b-9868-57a2d4851a1d" />
    <TestEntry testId="87459f94-70c7-009f-5808-19f809ff7867" executionId="bdaf9a48-795f-424e-a060-e67d0ad45e90" testListId="8c84fa94-04c1-424b-9868-57a2d4851a1d" />
    <TestEntry testId="27c9336c-a4d2-4e4d-c59e-e21a07c10051" executionId="fad0db10-4652-4d46-b4a2-21b860c32b81" testListId="8c84fa94-04c1-424b-9868-57a2d4851a1d" />
    <TestEntry testId="fd513a31-56bd-5d39-eca2-0c4821ffb0ec" executionId="ab06dd9d-93cb-4b2e-8f9d-633cbd03eb56" testListId="8c84fa94-04c1-424b-9868-57a2d4851a1d" />
    <TestEntry testId="af23e599-62ff-bbe1-7224-29d5ec4e87a0" executionId="ec1da664-f5f9-444a-9989-484bc23fe2fb" testListId="8c84fa94-04c1-424b-9868-57a2d4851a1d" />
    <TestEntry testId="2a24a99d-6f4a-eaa0-d642-ad299b4610a3" executionId="bd51c25e-5322-49d9-9293-e820b6e61196" testListId="8c84fa94-04c1-424b-9868-57a2d4851a1d" />
    <TestEntry testId="839fa1cf-1eeb-14aa-5afb-0b73ace77a29" executionId="55ba1f1e-810d-4ae7-b78b-0ac67217aa0c" testListId="8c84fa94-04c1-424b-9868-57a2d4851a1d" />
    <TestEntry testId="417482e4-dea2-eab8-b41a-116fcc91a67d" executionId="acd98242-96fe-46e2-b1bc-137ad819930d" testListId="8c84fa94-04c1-424b-9868-57a2d4851a1d" />
    <TestEntry testId="18569e55-01d3-2cbe-9a47-b7a6b6af48bd" executionId="88fcd64b-288b-43ec-a3bc-435320c90713" testListId="8c84fa94-04c1-424b-9868-57a2d4851a1d" />
    <TestEntry testId="b9da235f-445f-e555-2621-e29da2700ddb" executionId="a370a0ed-3180-4fc7-9230-21a7eb3e84fa" testListId="8c84fa94-04c1-424b-9868-57a2d4851a1d" />
    <TestEntry testId="6fc37820-e1bc-5001-7cd4-079f33d38a13" executionId="654a7cdf-a552-4ee6-84df-8ba0bc334491" testListId="8c84fa94-04c1-424b-9868-57a2d4851a1d" />
    <TestEntry testId="15ed8627-678d-8bee-306e-690612574f77" executionId="5d0e3283-8f97-46ea-930b-ec879370598d" testListId="8c84fa94-04c1-424b-9868-57a2d4851a1d" />
    <TestEntry testId="040ce82b-4387-06af-eec7-b1df3b7630c0" executionId="43b5a6ed-dfda-4f63-a64f-985b011c04d4" testListId="8c84fa94-04c1-424b-9868-57a2d4851a1d" />
    <TestEntry testId="a2fb627a-8896-3ed7-7259-cdb7853adfe6" executionId="cc965685-3fde-4efe-898a-89cbe62d7a30" testListId="8c84fa94-04c1-424b-9868-57a2d4851a1d" />
    <TestEntry testId="92f7b709-4d9c-9ab4-3896-cc6a818b2bb8" executionId="541ef1e1-5a00-4b66-8f8a-7c2f382cb417" testListId="8c84fa94-04c1-424b-9868-57a2d4851a1d" />
    <TestEntry testId="5c88af88-27e1-5531-551d-d096b081bbbb" executionId="2315b022-ac32-4ab0-bef6-8ba4e1d37831" testListId="8c84fa94-04c1-424b-9868-57a2d4851a1d" />
    <TestEntry testId="86dcb968-4ef1-cce6-3771-f83a548b7b9b" executionId="a6b5037e-3f8c-4f2f-b95b-c097a1883969" testListId="8c84fa94-04c1-424b-9868-57a2d4851a1d" />
    <TestEntry testId="6a9bea38-8fd5-7218-ba12-e6943c567071" executionId="db5fa78d-5f07-4fcd-b8aa-7f03b136729f" testListId="8c84fa94-04c1-424b-9868-57a2d4851a1d" />
    <TestEntry testId="732f3f80-7856-cc06-369f-c64790e08623" executionId="b090fad7-4843-4068-ade5-1c02ea8fbeb8" testListId="8c84fa94-04c1-424b-9868-57a2d4851a1d" />
    <TestEntry testId="e0fdcb3f-6425-8c09-96d8-e66744e0ac09" executionId="bc1add38-c98b-4d9f-abfa-3f3b08f0c3d7" testListId="8c84fa94-04c1-424b-9868-57a2d4851a1d" />
    <TestEntry testId="efd330db-dae5-4a51-bc85-a809a15f1466" executionId="a3f1ff44-150b-497c-b8c6-88c76b8fdac0" testListId="8c84fa94-04c1-424b-9868-57a2d4851a1d" />
    <TestEntry testId="57d71933-573e-2980-1c8e-daf760c7914e" executionId="f60c9e53-4411-4816-a757-9670da9edc6a" testListId="8c84fa94-04c1-424b-9868-57a2d4851a1d" />
    <TestEntry testId="fd3b8fec-8933-ec00-bc37-6da5b1876e88" executionId="cb1bb922-32ca-43a1-ab25-1577b0ebeab3" testListId="8c84fa94-04c1-424b-9868-57a2d4851a1d" />
    <TestEntry testId="8e78724c-63f5-ec91-5670-cd3a85e04fc8" executionId="32346103-cb9d-4a07-9206-d9f07287a57c" testListId="8c84fa94-04c1-424b-9868-57a2d4851a1d" />
    <TestEntry testId="9e8ae696-cd2e-28f9-ecb6-2f243725f7fb" executionId="99b5bbba-a4a6-4ee4-b7cd-a7d6240ed636" testListId="8c84fa94-04c1-424b-9868-57a2d4851a1d" />
    <TestEntry testId="fda40231-7dc9-df35-a4fe-7ec3807fa0c9" executionId="28371459-1bac-46b4-87c7-d71bcb34bcf0" testListId="8c84fa94-04c1-424b-9868-57a2d4851a1d" />
    <TestEntry testId="f89f4f57-eb97-de03-3e41-e90be449e3d8" executionId="79551aa1-a786-41ba-adce-c9be0bf874eb" testListId="8c84fa94-04c1-424b-9868-57a2d4851a1d" />
    <TestEntry testId="b46ed5e3-62a7-5d16-9331-11b730151130" executionId="20a94f8b-d983-46cb-b12d-e6f302adf938" testListId="8c84fa94-04c1-424b-9868-57a2d4851a1d" />
    <TestEntry testId="48670272-3dd1-1148-043b-fca5b5e47e53" executionId="3aef0807-6ed7-4c8e-9262-116ec4aaaa68" testListId="8c84fa94-04c1-424b-9868-57a2d4851a1d" />
    <TestEntry testId="a6e31a15-2ab4-d1b4-8fe0-f6f10e1ab1ac" executionId="18abe442-5531-45a3-806a-25b658dcaedf" testListId="8c84fa94-04c1-424b-9868-57a2d4851a1d" />
    <TestEntry testId="e9940cc3-2ba9-f6c1-ba65-5ffd51114364" executionId="74a3915e-7f06-496e-b126-632f5de096ee" testListId="8c84fa94-04c1-424b-9868-57a2d4851a1d" />
    <TestEntry testId="228c60cf-8687-f056-2056-b4e1f563875c" executionId="82b0db20-93fb-4f33-bcdd-ae5c8e606113" testListId="8c84fa94-04c1-424b-9868-57a2d4851a1d" />
    <TestEntry testId="a49a766e-c0a2-a4b7-2f15-d1dcccd58d2a" executionId="b53d7bcf-45c2-4e00-b60f-554a85516a99" testListId="8c84fa94-04c1-424b-9868-57a2d4851a1d" />
    <TestEntry testId="a090a5e2-b798-b442-05e1-15c76df7de32" executionId="50ffb469-343c-415d-9bf0-77658cace034" testListId="8c84fa94-04c1-424b-9868-57a2d4851a1d" />
    <TestEntry testId="6c359ed0-fe50-b1fc-9e35-70ec37981b43" executionId="0b426841-10d6-419e-be17-3f78132af2e0" testListId="8c84fa94-04c1-424b-9868-57a2d4851a1d" />
    <TestEntry testId="0c9c72b4-1b61-9132-5c94-274f763c3a1f" executionId="fad45434-bde9-4391-afed-ac7db732e40d" testListId="8c84fa94-04c1-424b-9868-57a2d4851a1d" />
    <TestEntry testId="013178ef-4151-7a51-327b-76cb79a76da0" executionId="b57f3624-2c77-423c-8b8c-a7c05e3fd51c" testListId="8c84fa94-04c1-424b-9868-57a2d4851a1d" />
    <TestEntry testId="8e5dfc12-0ccd-84c7-eae7-7f89e6b43788" executionId="997b6327-6c1c-4c8c-8d67-89e9aac7861d" testListId="8c84fa94-04c1-424b-9868-57a2d4851a1d" />
    <TestEntry testId="faf6ac33-173a-dc80-7734-8174ff344fb3" executionId="8c4e0fda-a76c-42b4-8cd7-1e9f7a17f714" testListId="8c84fa94-04c1-424b-9868-57a2d4851a1d" />
    <TestEntry testId="19699ab8-56b4-61b7-0754-1ac8ee2c3788" executionId="492f1bb6-15d0-4efd-8d76-a7d0951cda70" testListId="8c84fa94-04c1-424b-9868-57a2d4851a1d" />
    <TestEntry testId="69ace1c6-c612-557f-909a-e7c5ca3bad22" executionId="86cdf658-e9fc-41df-88b6-7b29e1abe7bf" testListId="8c84fa94-04c1-424b-9868-57a2d4851a1d" />
  </TestEntries>
  <TestLists>
    <TestList name="Results Not in a List" id="8c84fa94-04c1-424b-9868-57a2d4851a1d" />
    <TestList name="All Loaded Results" id="19431567-8539-422a-85d7-44ee4e166bda" />
  </TestLists>
  <ResultSummary outcome="Completed">
    <Counters total="335" executed="335" passed="335" failed="0" error="0" timeout="0" aborted="0" inconclusive="0" passedButRunAborted="0" notRunnable="0" notExecuted="0" disconnected="0" warning="0" completed="0" inProgress="0" pending="0" />
    <Output>
      <StdOut>[xUnit.net 00:00:00.00] xUnit.net VSTest Adapter v2.4.5+1caef2f33e (64-bit .NET 7.0.5)&#xD;
[xUnit.net 00:00:00.59]   Discovering: Carlton.Base.Components.Test&#xD;
[xUnit.net 00:00:00.72]   Discovered:  Carlton.Base.Components.Test&#xD;
[xUnit.net 00:00:00.73]   Starting:    Carlton.Base.Components.Test&#xD;
[xUnit.net 00:00:01.75]   Finished:    Carlton.Base.Components.Test&#xD;
</StdOut>
    </Output>
  </ResultSummary>
</TestRun>